[2018-07-09 00:24:13] trace  /app/index.php?i=1&uniacid=1&t=undefined&v=1.3&m=ewei_shopv2&from=wxapp&c=entry&a=wxapp&do=main&&state=we7sid-8c91a8e91c3decf3c734988c9d9a109f&sign=58c5ac5e7e9606e26bb031efbb9db8e1 pn=upload; op=order; orderid=10609; 
上传
[2018-07-09 00:32:45] trace  /app/index.php?i=1&uniacid=1&t=undefined&v=1.3&m=ewei_shopv2&from=wxapp&c=entry&a=wxapp&do=main&&state=we7sid-5533b1888a6431daa41f04564b12d866&sign=0171da44bcbaa4610c13af864516e3f7 pn=upload; op=order; orderid=10610; 
上传
[2018-07-09 00:40:12] trace  /app/index.php?i=1&uniacid=1&t=undefined&v=1.3&m=ewei_shopv2&from=wxapp&c=entry&a=wxapp&do=main&&state=we7sid-1677857d6c2cbaa8fae3a7cd73b4ac16&sign=3020b043abc7115dea3152258982f12b pn=upload; op=order; orderid=10611; 
上传
[2018-07-09 00:55:18] trace  /app/index.php?i=1&uniacid=1&t=undefined&v=1.3&m=ewei_shopv2&from=wxapp&c=entry&a=wxapp&do=main&&state=we7sid-2a846f006176a3e5ec9b89b671494cf6&sign=6cda494f7c2a7c80993105422c779d0d pn=upload; op=order; orderid=10612; 
上传
[2018-07-09 01:00:58] trace  /app/index.php?i=1&uniacid=1&t=undefined&v=1.3&m=ewei_shopv2&from=wxapp&c=entry&a=wxapp&do=main&&state=we7sid-96106ba7a8bc0e306a3a5ecdba973936&sign=0f0c2a7d06d0ac21fab1803e57364cfa pn=upload; op=order; orderid=10613; 
上传
[2018-07-09 02:02:10] trace  /app/index.php?i=1&uniacid=1&t=undefined&v=1.3&m=ewei_shopv2&from=wxapp&c=entry&a=wxapp&do=main&&state=we7sid-56b983c0da7d3a73fa7a9c87bbc982ba&sign=a61f476dfa2b09643eac0f3ee51ff345 pn=upload; op=author; orderid=10141; 
上传
[2018-07-09 02:07:22] trace  /app/index.php?i=1&uniacid=1&t=undefined&v=1.3&m=ewei_shopv2&from=wxapp&c=entry&a=wxapp&do=main&&state=we7sid-56b983c0da7d3a73fa7a9c87bbc982ba&sign=a61f476dfa2b09643eac0f3ee51ff345 pn=upload; op=author; orderid=10171; 
上传
[2018-07-09 02:17:53] trace  /app/index.php?i=1&uniacid=1&t=undefined&v=1.3&m=ewei_shopv2&from=wxapp&c=entry&a=wxapp&do=main&&state=we7sid-56b983c0da7d3a73fa7a9c87bbc982ba&sign=a61f476dfa2b09643eac0f3ee51ff345 pn=upload; op=author; orderid=10203; 
上传
[2018-07-09 02:28:18] trace  /app/index.php?i=1&uniacid=1&t=undefined&v=1.3&m=ewei_shopv2&from=wxapp&c=entry&a=wxapp&do=main&&state=we7sid-56b983c0da7d3a73fa7a9c87bbc982ba&sign=a61f476dfa2b09643eac0f3ee51ff345 pn=upload; op=author; orderid=10240; 
上传
[2018-07-09 02:51:31] trace  /app/index.php?i=1&uniacid=1&t=undefined&v=1.3&m=ewei_shopv2&from=wxapp&c=entry&a=wxapp&do=main&&state=we7sid-56b983c0da7d3a73fa7a9c87bbc982ba&sign=a61f476dfa2b09643eac0f3ee51ff345 pn=upload; op=author; orderid=10245; 
上传
[2018-07-09 03:22:46] trace  /app/index.php?i=1&uniacid=1&t=undefined&v=1.3&m=ewei_shopv2&from=wxapp&c=entry&a=wxapp&do=main&&state=we7sid-56b983c0da7d3a73fa7a9c87bbc982ba&sign=a61f476dfa2b09643eac0f3ee51ff345 pn=upload; op=author; orderid=10246; 
上传
[2018-07-09 03:31:24] trace  /app/index.php?i=1&uniacid=1&t=undefined&v=1.3&m=ewei_shopv2&from=wxapp&c=entry&a=wxapp&do=main&&state=we7sid-56b983c0da7d3a73fa7a9c87bbc982ba&sign=a61f476dfa2b09643eac0f3ee51ff345 pn=upload; op=author; orderid=10247; 
上传
[2018-07-09 03:39:39] trace  /app/index.php?i=1&uniacid=1&t=undefined&v=1.3&m=ewei_shopv2&from=wxapp&c=entry&a=wxapp&do=main&&state=we7sid-56b983c0da7d3a73fa7a9c87bbc982ba&sign=a61f476dfa2b09643eac0f3ee51ff345 pn=upload; op=author; orderid=10261; 
上传
[2018-07-09 03:45:48] trace  /app/index.php?i=1&uniacid=1&t=undefined&v=1.3&m=ewei_shopv2&from=wxapp&c=entry&a=wxapp&do=main&&state=we7sid-56b983c0da7d3a73fa7a9c87bbc982ba&sign=a61f476dfa2b09643eac0f3ee51ff345 pn=upload; op=author; orderid=10271; 
上传
[2018-07-09 03:50:56] trace  /app/index.php?i=1&uniacid=1&t=undefined&v=1.3&m=ewei_shopv2&from=wxapp&c=entry&a=wxapp&do=main&&state=we7sid-56b983c0da7d3a73fa7a9c87bbc982ba&sign=a61f476dfa2b09643eac0f3ee51ff345 pn=upload; op=author; orderid=10275; 
上传
[2018-07-09 03:56:20] trace  /app/index.php?i=1&uniacid=1&t=undefined&v=1.3&m=ewei_shopv2&from=wxapp&c=entry&a=wxapp&do=main&&state=we7sid-56b983c0da7d3a73fa7a9c87bbc982ba&sign=a61f476dfa2b09643eac0f3ee51ff345 pn=upload; op=author; orderid=10277; 
上传
[2018-07-09 04:02:30] trace  /app/index.php?i=1&uniacid=1&t=undefined&v=1.3&m=ewei_shopv2&from=wxapp&c=entry&a=wxapp&do=main&&state=we7sid-56b983c0da7d3a73fa7a9c87bbc982ba&sign=a61f476dfa2b09643eac0f3ee51ff345 pn=upload; op=author; orderid=10305; 
上传
[2018-07-09 04:20:57] trace  /app/index.php?i=1&uniacid=1&t=undefined&v=1.3&m=ewei_shopv2&from=wxapp&c=entry&a=wxapp&do=main&&state=we7sid-33632edf5a89168ef38631bf28f50bf4&sign=93b082406ffca1e8f032e2bf221a4c27 pn=upload; op=order; orderid=10614; 
上传
[2018-07-09 05:36:18] trace  /app/index.php?i=1&uniacid=1&t=undefined&v=1.3&m=ewei_shopv2&from=wxapp&c=entry&a=wxapp&do=main&&state=we7sid-2ec4e18fb40590b9a5a0e2f7af806719&sign=7404f52335eba6a7315626bc5e1020f1 pn=upload; op=order; orderid=10615; 
上传
[2018-07-09 07:41:31] trace  /app/index.php?i=1&uniacid=1&t=undefined&v=1.3&m=ewei_shopv2&from=wxapp&c=entry&a=wxapp&do=main&&state=we7sid-049e7146077a95f002862b8851dcda6c&sign=e9dbc310519cd227cd10e6eee078c48e pn=upload; op=order; orderid=10616; 
上传
[2018-07-09 07:58:54] trace  /app/index.php?i=1&uniacid=1&t=undefined&v=1.3&m=ewei_shopv2&from=wxapp&c=entry&a=wxapp&do=main&&state=we7sid-bfc7927536056a1da0c3437ebb7fea6f&sign=3d09e7b4a24a8dda653cf3dc7cbb5556 pn=upload; op=order; orderid=10617; 
上传
[2018-07-09 08:33:26] trace  /app/index.php?i=1&uniacid=1&t=undefined&v=1.3&m=ewei_shopv2&from=wxapp&c=entry&a=wxapp&do=main&&state=we7sid-7c33219b59ac7cde72c04f0baea030f4&sign=0d9c3c567b94b9788ac3a51fc119db69 pn=upload; op=order; orderid=10618; 
上传
[2018-07-09 08:48:45] trace  /app/index.php?i=1&uniacid=1&t=undefined&v=1.3&m=ewei_shopv2&from=wxapp&c=entry&a=wxapp&do=main&&state=we7sid-ffff540ef02a243e9abad30647ca0bba&sign=4ca63ab45956c7c7fcbb706459508940 pn=upload; op=order; orderid=10619; 
上传
[2018-07-09 09:04:24] trace  /app/index.php?i=1&uniacid=1&t=undefined&v=1.3&m=ewei_shopv2&from=wxapp&c=entry&a=wxapp&do=main&&state=we7sid-6b5b7f006c36ad706e19742a073dc25a&sign=3690665e70cdb244d98d53279e33f9ef pn=upload; op=order; orderid=10620; 
上传
[2018-07-09 09:14:33] trace  /app/index.php?i=1&uniacid=1&t=undefined&v=1.3&m=ewei_shopv2&from=wxapp&c=entry&a=wxapp&do=main&&state=we7sid-9d11cd74632a5267a7626369905ae8f8&sign=4f4003da5e9da47df7b523557f03d384 pn=upload; op=order; orderid=10621; 
上传
[2018-07-09 09:23:25] trace  /app/index.php?i=1&uniacid=1&t=undefined&v=1.3&m=ewei_shopv2&from=wxapp&c=entry&a=wxapp&do=main&&state=we7sid-769775d22f2e51be552ec7fe7f41d335&sign=71668ae4be4751a0f599b88fc4cb90c9 pn=upload; op=order; orderid=10622; 
上传
[2018-07-09 09:38:28] trace  /app/index.php?i=1&uniacid=1&t=undefined&v=1.3&m=ewei_shopv2&from=wxapp&c=entry&a=wxapp&do=main&&state=we7sid-49717fa3bd7a78680bb7c3d7f3f5df17&sign=eae29a8bae26743a4540ecb8f437a221 pn=upload; op=order; orderid=10623; 
上传
[2018-07-09 09:44:39] trace  /app/index.php?i=1&uniacid=1&t=undefined&v=1.3&m=ewei_shopv2&from=wxapp&c=entry&a=wxapp&do=main&&state=we7sid-1bd1c23bdce7ac374ec5195cc97ebc8f&sign=df020142e68bfa88ea1abf136f7fcd3e pn=upload; op=order; orderid=10624; 
上传
[2018-07-09 09:58:19] trace  /app/index.php?i=1&uniacid=1&t=undefined&v=1.3&m=ewei_shopv2&from=wxapp&c=entry&a=wxapp&do=main&&state=we7sid-ab1bf90c90da16fcd28fffc0c096e4fb&sign=1da2be8489dd8f7fa99276adb6dcb8db op=order; orderid=10625; pn=upload; 
上传
[2018-07-09 10:10:27] trace  /app/index.php?i=1&uniacid=1&t=undefined&v=1.3&m=ewei_shopv2&from=wxapp&c=entry&a=wxapp&do=main&&state=we7sid-a9c9fe745d45307542b7d379c537e70a&sign=c733ad0b5f239b4fdfad420e25a67555 pn=upload; op=order; orderid=10626; 
上传
[2018-07-09 10:11:38] trace  /app/index.php?i=1&uniacid=1&t=undefined&v=1.3&m=ewei_shopv2&from=wxapp&c=entry&a=wxapp&do=main&&state=we7sid-8f191538626ced22ad8b1c54532de87d&sign=6aa94a643a5e312430968e9440c1fec8 pn=upload; op=order; orderid=10627; 
上传
[2018-07-09 10:21:44] trace  /app/index.php?i=1&uniacid=1&t=undefined&v=1.3&m=ewei_shopv2&from=wxapp&c=entry&a=wxapp&do=main&&state=we7sid-f32dba4de2fa85373540f283c11a1c02&sign=925d352fc6c29c73bb1816c77871460a pn=upload; op=order; orderid=10628; 
上传
[2018-07-09 10:36:16] trace  /app/index.php?i=1&uniacid=1&t=undefined&v=1.3&m=ewei_shopv2&from=wxapp&c=entry&a=wxapp&do=main&&state=we7sid-e8e2ee50852f889f088b21cf57ac5f60&sign=0c687ee2acaff71b015d7b658c624e68 pn=upload; op=order; orderid=10629; 
上传
[2018-07-09 10:39:37] trace  /app/index.php?i=1&uniacid=1&t=undefined&v=1.3&m=ewei_shopv2&from=wxapp&c=entry&a=wxapp&do=main&&state=we7sid-dce7cc84fb413345f7124fc9af90ba49&sign=25949b484b8fa5972ef6160101218105 pn=upload; op=order; orderid=10630; 
上传
[2018-07-09 10:52:50] trace  /app/index.php?i=1&uniacid=1&t=undefined&v=1.3&m=ewei_shopv2&from=wxapp&c=entry&a=wxapp&do=main&&state=we7sid-f3cea71230cb5803fe3e05313e797b48&sign=fa65f205b8cb76d5712634fa0e1df882 pn=upload; op=order; orderid=10631; 
上传
[2018-07-09 11:06:22] trace  /app/index.php?i=1&uniacid=1&t=undefined&v=1.3&m=ewei_shopv2&from=wxapp&c=entry&a=wxapp&do=main&&state=we7sid-e11e2904584b9d9b529c3789bc9f8311&sign=ac1608c569816810c6797a712bf1c728 pn=upload; op=order; orderid=10632; 
上传
[2018-07-09 11:30:48] trace  /app/index.php?i=1&uniacid=1&t=undefined&v=1.3&m=ewei_shopv2&from=wxapp&c=entry&a=wxapp&do=main&&state=we7sid-1b25020c8f36bc2b17db283d9c6f896e&sign=a63ddf6838a5b821b8fc7a280cbcb020 pn=upload; op=order; orderid=10633; 
上传
[2018-07-09 11:30:57] trace  /app/index.php?i=1&uniacid=1&t=undefined&v=1.3&m=ewei_shopv2&from=wxapp&c=entry&a=wxapp&do=main&&state=we7sid-1b25020c8f36bc2b17db283d9c6f896e&sign=a63ddf6838a5b821b8fc7a280cbcb020 pn=upload; op=order; orderid=10634; 
上传
[2018-07-09 11:35:07] trace  /app/index.php?i=1&uniacid=1&t=undefined&v=1.3&m=ewei_shopv2&from=wxapp&c=entry&a=wxapp&do=main&&state=we7sid-d8f1732f4ebeac1b9fe8d164011c648d&sign=4f8ea236222e43671357318fad564956 pn=upload; op=order; orderid=10635; 
上传
[2018-07-09 11:39:52] trace  /app/index.php?i=1&uniacid=1&t=undefined&v=1.3&m=ewei_shopv2&from=wxapp&c=entry&a=wxapp&do=main&&state=we7sid-e23bea9d62f185ba18ed4a2e0578dee8&sign=e7dd40a949b51d8384148f110f1069a3 pn=upload; op=order; orderid=10636; 
上传
[2018-07-09 12:04:13] trace  /app/index.php?i=1&uniacid=1&t=undefined&v=1.3&m=ewei_shopv2&from=wxapp&c=entry&a=wxapp&do=main&&state=we7sid-a0f3b6e252218c3bbc53cfad50635982&sign=9d146a44836960f44968fc0641ba31c2 pn=upload; op=order; orderid=10637; 
上传
[2018-07-09 12:20:22] trace  /app/index.php?i=1&uniacid=1&t=undefined&v=1.3&m=ewei_shopv2&from=wxapp&c=entry&a=wxapp&do=main&&state=we7sid-7cf7b9c1c6a33514df380514208451fb&sign=cf9056ca059dc41a806d863baf2ca9e8 op=order; orderid=10638; pn=upload; 
上传
[2018-07-09 12:26:22] trace  /app/index.php?i=1&uniacid=1&t=undefined&v=1.3&m=ewei_shopv2&from=wxapp&c=entry&a=wxapp&do=main&&state=we7sid-861e73b2edd63e4be220478ed39d6483&sign=1536adcd06918c3f7f41c52467118999 pn=upload; op=order; orderid=10639; 
上传
[2018-07-09 12:30:13] trace  /app/index.php?i=1&uniacid=1&t=undefined&v=1.3&m=ewei_shopv2&from=wxapp&c=entry&a=wxapp&do=main&&state=we7sid-e269d8394f5d60a4ade70e9137524f9f&sign=d4d24d01418d004a362d897780cf46c3 op=order; orderid=10640; pn=upload; 
上传
[2018-07-09 12:39:00] trace  /app/index.php?i=1&uniacid=1&t=undefined&v=1.3&m=ewei_shopv2&from=wxapp&c=entry&a=wxapp&do=main&&state=we7sid-35e43a32fa6444e53da903eceee82420&sign=e831a1ddd348e6f4635a2dbe41344e02 op=order; orderid=10641; pn=upload; 
上传
[2018-07-09 12:55:54] trace  /app/index.php?i=1&uniacid=1&t=undefined&v=1.3&m=ewei_shopv2&from=wxapp&c=entry&a=wxapp&do=main&&state=we7sid-0eb7464749e0d76b450267eca6440acf&sign=2cf8e91da272df7c3134507a96bba773 pn=upload; op=order; orderid=10642; 
上传
[2018-07-09 12:57:09] trace  /app/index.php?i=1&uniacid=1&t=undefined&v=1.3&m=ewei_shopv2&from=wxapp&c=entry&a=wxapp&do=main&&state=we7sid-ae2ce47704d8d6fe623a29f713b4497a&sign=d311cba3db685a813a7c4990374c972f pn=upload; op=order; orderid=10643; 
上传
[2018-07-09 13:12:57] trace  /app/index.php?i=1&uniacid=1&t=undefined&v=1.3&m=ewei_shopv2&from=wxapp&c=entry&a=wxapp&do=main&&state=we7sid-df3dafdbb7a2fdcdbea3fa2a73d6d7be&sign=ef4c98df9bf8b20755a157ab2454bc18 pn=upload; op=order; orderid=10644; 
上传
[2018-07-09 13:14:19] trace  /app/index.php?i=1&uniacid=1&t=undefined&v=1.3&m=ewei_shopv2&from=wxapp&c=entry&a=wxapp&do=main&&state=we7sid-cda7bccc51a2ebbe6ecd7930ebe0f62a&sign=0cac9cbc29b3ba5135ab195c2cd03ccc pn=upload; op=order; orderid=10645; 
上传
[2018-07-09 13:18:51] trace  /app/index.php?i=1&uniacid=1&t=undefined&v=1.3&m=ewei_shopv2&from=wxapp&c=entry&a=wxapp&do=main&&state=we7sid-49477d2c1ec156416dd5eda701b61f54&sign=e676810f1ca294e3717fe9b9d91f1e2b pn=upload; op=order; orderid=10646; 
上传
[2018-07-09 13:18:54] trace  /app/index.php?i=1&uniacid=1&t=undefined&v=1.3&m=ewei_shopv2&from=wxapp&c=entry&a=wxapp&do=main&&state=we7sid-d0b80d89a4ec203983cc75b4a4bc75c9&sign=b45bc195a0c93ea45284dc14c6762a7d pn=upload; op=order; orderid=10647; 
上传
[2018-07-09 13:20:37] trace  /app/index.php?i=1&uniacid=1&t=undefined&v=1.3&m=ewei_shopv2&from=wxapp&c=entry&a=wxapp&do=main&&state=we7sid-57b9a9d6853ae193c35e42e855e07155&sign=0f3b60bd9bf02e6e60ee3a21f5d757db pn=upload; op=order; orderid=10648; 
上传
[2018-07-09 13:43:15] trace  /app/index.php?i=1&uniacid=1&t=undefined&v=1.3&m=ewei_shopv2&from=wxapp&c=entry&a=wxapp&do=main&&state=we7sid-0ae5f601429f59b6457d221e595e0419&sign=0c42f1b7907c82f4d68db755f04e8b06 op=order; pn=upload; orderid=10649; 
上传
[2018-07-09 13:57:10] trace  /app/index.php?i=1&uniacid=1&t=undefined&v=1.3&m=ewei_shopv2&from=wxapp&c=entry&a=wxapp&do=main&&state=we7sid-292f37515a931fe245aa382db922f1ff&sign=b83a31fdd59d43bad386363b228977ac pn=upload; op=order; orderid=10650; 
上传
[2018-07-09 14:04:08] trace  /app/index.php?i=1&uniacid=1&t=undefined&v=1.3&m=ewei_shopv2&from=wxapp&c=entry&a=wxapp&do=main&&state=we7sid-2ed630a8605804603defef2382f41e36&sign=8b2b8f4d97fa71a53ef77571f8693d44 pn=upload; op=order; orderid=10651; 
上传
[2018-07-09 14:08:24] trace  /app/index.php?i=1&uniacid=1&t=undefined&v=1.3&m=ewei_shopv2&from=wxapp&c=entry&a=wxapp&do=main&&state=we7sid-61a3bedcb89a1fc08bd5b32017a43e70&sign=148f3dc7466076177eb6edaf19898286 pn=upload; op=order; orderid=10652; 
上传
[2018-07-09 14:13:58] trace  /app/index.php?i=1&uniacid=1&t=undefined&v=1.3&m=ewei_shopv2&from=wxapp&c=entry&a=wxapp&do=main&&state=we7sid-56509fb78ac54decf37e3a080f1a99e7&sign=760dcfb55a893ed7bd5d166093cc4989 pn=upload; op=order; orderid=10653; 
上传
[2018-07-09 14:42:52] trace  /app/index.php?i=1&uniacid=1&t=undefined&v=1.3&m=ewei_shopv2&from=wxapp&c=entry&a=wxapp&do=main&&state=we7sid-4c0a9ec1610d0bbda41cec617950a3ac&sign=073897e55d2f01738306f7dc79a6943b pn=upload; op=order; orderid=10654; 
上传
[2018-07-09 14:53:02] trace  /app/index.php?i=1&uniacid=1&t=undefined&v=1.3&m=ewei_shopv2&from=wxapp&c=entry&a=wxapp&do=main&&state=we7sid-0e044a4c32621b844c64c19092ce1b7d&sign=ecad6ffd6a01c919411c6d4c2afba855 pn=upload; op=order; orderid=10655; 
上传
[2018-07-09 15:01:06] trace  /app/index.php?i=1&uniacid=1&t=undefined&v=1.3&m=ewei_shopv2&from=wxapp&c=entry&a=wxapp&do=main&&state=we7sid-b1ef34f461b708564a6821676f9ca461&sign=9c1503ecfa187c6601d6bfc29a89b846 pn=upload; op=order; orderid=10656; 
上传
[2018-07-09 15:10:01] trace  /app/index.php?i=1&uniacid=1&t=undefined&v=1.3&m=ewei_shopv2&from=wxapp&c=entry&a=wxapp&do=main&&state=we7sid-fca4b07cbb9361f2c8cffa11351eb2a3&sign=65a1e1bd1df68c5febc8dc95d1046c9a pn=upload; op=order; orderid=10657; 
上传
[2018-07-09 15:18:26] trace  /app/index.php?i=1&uniacid=1&t=undefined&v=1.3&m=ewei_shopv2&from=wxapp&c=entry&a=wxapp&do=main&&state=we7sid-7a40220e9fc983e334499d8ceda50c49&sign=eaf0b1115fae334f1727930a2830f76b op=order; orderid=10658; pn=upload; 
上传
[2018-07-09 15:25:10] trace  /app/index.php?i=1&uniacid=1&t=undefined&v=1.3&m=ewei_shopv2&from=wxapp&c=entry&a=wxapp&do=main&&state=we7sid-5b691dfa2892c9c6bd782bd116d270bd&sign=26f096a2bebc1e1fa1c265d7236f2908 op=order; orderid=10659; pn=upload; 
上传
[2018-07-09 15:37:37] trace  /app/index.php?i=1&uniacid=1&t=undefined&v=1.3&m=ewei_shopv2&from=wxapp&c=entry&a=wxapp&do=main&&state=we7sid-a078b038a0cab33e673ee68c24480710&sign=d123146366e73d96c5ae508f8f858a99 pn=upload; op=order; orderid=10660; 
上传
[2018-07-09 15:51:24] trace  /app/index.php?i=1&uniacid=1&t=undefined&v=1.3&m=ewei_shopv2&from=wxapp&c=entry&a=wxapp&do=main&&state=we7sid-969452fb9ba00452fae470d3ac14acd1&sign=001ca94126a6587acbad7151a604e588 pn=upload; op=order; orderid=10661; 
上传
[2018-07-09 16:03:38] trace  /app/index.php?i=1&uniacid=1&t=undefined&v=1.3&m=ewei_shopv2&from=wxapp&c=entry&a=wxapp&do=main&&state=we7sid-495d4fb1b9d42ce47380987cddc97bac&sign=e0ea5e6a51f677f8738bc9fead64a499 pn=upload; op=order; orderid=10662; 
上传
[2018-07-09 16:21:46] trace  /app/index.php?i=1&uniacid=1&t=undefined&v=1.3&m=ewei_shopv2&from=wxapp&c=entry&a=wxapp&do=main&&state=we7sid-36771f4c2bff97f33ac8e1003d4678e7&sign=ebe9443b515a2f58ddf0bb2e07b7b5e3 op=order; orderid=10663; pn=upload; 
上传
[2018-07-09 16:27:03] trace  /app/index.php?i=1&uniacid=1&t=undefined&v=1.3&m=ewei_shopv2&from=wxapp&c=entry&a=wxapp&do=main&&state=we7sid-8d3dc32f402ed5f5a2c67148a84b1512&sign=200db1b3e2f552722ff3cd2d62a5d2aa pn=upload; op=order; orderid=10664; 
上传
[2018-07-09 16:31:44] trace  /app/index.php?i=1&uniacid=1&t=undefined&v=1.3&m=ewei_shopv2&from=wxapp&c=entry&a=wxapp&do=main&&state=we7sid-febb828e77dde8eacda537ada1a4a1dc&sign=ba741b24146cb0078ce17f8bcf9c7797 pn=upload; op=order; orderid=10665; 
上传
[2018-07-09 16:31:51] trace  /app/index.php?i=1&uniacid=1&t=undefined&v=1.3&m=ewei_shopv2&from=wxapp&c=entry&a=wxapp&do=main&&state=we7sid-febb828e77dde8eacda537ada1a4a1dc&sign=ba741b24146cb0078ce17f8bcf9c7797 pn=upload; op=order; orderid=10666; 
上传
[2018-07-09 16:32:03] trace  /app/index.php?i=1&uniacid=1&t=undefined&v=1.3&m=ewei_shopv2&from=wxapp&c=entry&a=wxapp&do=main&&state=we7sid-febb828e77dde8eacda537ada1a4a1dc&sign=ba741b24146cb0078ce17f8bcf9c7797 pn=upload; op=order; orderid=10667; 
上传
[2018-07-09 16:40:24] trace  /app/index.php?i=1&uniacid=1&t=undefined&v=1.3&m=ewei_shopv2&from=wxapp&c=entry&a=wxapp&do=main&&state=we7sid-aaa4cbca5bd2cc344ebce7c2612ce380&sign=30bc72050506308d71efbc87923ba95e pn=upload; op=order; orderid=10668; 
上传
[2018-07-09 16:42:25] trace  /app/index.php?i=1&uniacid=1&t=undefined&v=1.3&m=ewei_shopv2&from=wxapp&c=entry&a=wxapp&do=main&&state=we7sid-efe1c14f546d8a61dcc72662f5f03578&sign=1986c2f01b961c8b2809c8007c0a7e77 op=order; orderid=10669; pn=upload; 
上传
[2018-07-09 16:48:14] trace  /app/index.php?i=1&uniacid=1&t=undefined&v=1.3&m=ewei_shopv2&from=wxapp&c=entry&a=wxapp&do=main&&state=we7sid-efe1c14f546d8a61dcc72662f5f03578&sign=1986c2f01b961c8b2809c8007c0a7e77 op=order; orderid=10670; pn=upload; 
上传
[2018-07-09 17:04:08] trace  /app/index.php?i=1&uniacid=1&t=undefined&v=1.3&m=ewei_shopv2&from=wxapp&c=entry&a=wxapp&do=main&&state=we7sid-e73f920167faf00b54446799c8cfabbe&sign=f5491058e03f2000cc98e1a228748dd8 pn=upload; op=order; orderid=10671; 
上传
[2018-07-09 17:05:16] trace  /app/index.php?i=1&uniacid=1&t=undefined&v=1.3&m=ewei_shopv2&from=wxapp&c=entry&a=wxapp&do=main&&state=we7sid-d07108617e6b121abf21a3471b00b198&sign=36dc6ab1b22b298f266e189a649dc01d pn=upload; op=order; orderid=10672; 
上传
[2018-07-09 17:05:18] trace  /app/index.php?i=1&uniacid=1&t=undefined&v=1.3&m=ewei_shopv2&from=wxapp&c=entry&a=wxapp&do=main&&state=we7sid-d07108617e6b121abf21a3471b00b198&sign=36dc6ab1b22b298f266e189a649dc01d pn=upload; op=order; orderid=10672; 
上传
[2018-07-09 17:06:58] trace  /app/index.php?i=1&uniacid=1&t=undefined&v=1.3&m=ewei_shopv2&from=wxapp&c=entry&a=wxapp&do=main&&state=we7sid-e65c147b1546049c848fd1d5242f8dea&sign=0033eee380569c3c79dbae842c6fe0ab pn=upload; op=order; orderid=10673; 
上传
[2018-07-09 17:45:39] trace  /app/index.php?i=1&uniacid=1&t=undefined&v=1.3&m=ewei_shopv2&from=wxapp&c=entry&a=wxapp&do=main&&state=we7sid-e745202fa85a2a303b3672e48cb71a66&sign=80f606473bb2d48e37ac1ab5505a9de3 pn=upload; op=order; orderid=10674; 
上传
[2018-07-09 17:52:39] trace  /app/index.php?i=1&uniacid=1&t=undefined&v=1.3&m=ewei_shopv2&from=wxapp&c=entry&a=wxapp&do=main&&state=we7sid-d07108617e6b121abf21a3471b00b198&sign=36dc6ab1b22b298f266e189a649dc01d pn=upload; op=order; orderid=10675; 
上传
[2018-07-09 17:55:32] trace  /app/index.php?i=1&uniacid=1&t=undefined&v=1.3&m=ewei_shopv2&from=wxapp&c=entry&a=wxapp&do=main&&state=we7sid-8c302d52aba334ac2c6a0463cfc920da&sign=a468badea37f2943fca1a0cd68bfaa7f pn=upload; op=order; orderid=10676; 
上传
[2018-07-09 17:57:35] trace  /app/index.php?i=1&uniacid=1&t=undefined&v=1.3&m=ewei_shopv2&from=wxapp&c=entry&a=wxapp&do=main&&state=we7sid-7eb1498d53caf4bc10a3ce094b7cd60f&sign=835bd475764fe1870b4476bf6e93f621 pn=upload; op=order; orderid=10677; 
上传
[2018-07-09 18:01:47] trace  /app/index.php?i=1&uniacid=1&t=undefined&v=1.3&m=ewei_shopv2&from=wxapp&c=entry&a=wxapp&do=main&&state=we7sid-c837b1ec02e22dcd7766c9eef095fd13&sign=f031a8d3fb304a2f43ec6e6567f43973 pn=upload; op=order; orderid=10678; 
上传
[2018-07-09 18:15:05] trace  /app/index.php?i=1&uniacid=1&t=undefined&v=1.3&m=ewei_shopv2&from=wxapp&c=entry&a=wxapp&do=main&&state=we7sid-f24eddfb4320d0f3716b4f1281d8276e&sign=ff3877c859da105cb4fd512dbc762490 pn=upload; op=order; orderid=10679; 
上传
[2018-07-09 18:15:15] trace  /app/index.php?i=1&uniacid=1&t=undefined&v=1.3&m=ewei_shopv2&from=wxapp&c=entry&a=wxapp&do=main&&state=we7sid-4342f8777fd5e68188b3d2e248810708&sign=ef70b4ab23c2488d83c438770f4f0b75 op=order; pn=upload; orderid=10680; 
上传
[2018-07-09 18:15:24] trace  /app/index.php?i=1&uniacid=1&t=undefined&v=1.3&m=ewei_shopv2&from=wxapp&c=entry&a=wxapp&do=main&&state=we7sid-51de4cd8dfd10647c1f2136129cff8f7&sign=efb2e899735496fdae4b50b234d80975 pn=upload; op=order; orderid=10681; 
上传
[2018-07-09 18:18:03] trace  /app/index.php?i=1&uniacid=1&t=undefined&v=1.3&m=ewei_shopv2&from=wxapp&c=entry&a=wxapp&do=main&&state=we7sid-3599b89327cda234d788769af97f807b&sign=63ad500c87219e6a6bcc78d22f72e8d9 pn=upload; op=order; orderid=10682; 
上传
[2018-07-09 18:28:28] trace  /app/index.php?i=1&uniacid=1&t=undefined&v=1.3&m=ewei_shopv2&from=wxapp&c=entry&a=wxapp&do=main&&state=we7sid-013a373bd5a26c1a68892469733d6913&sign=1274ca77870026d270c00b4f0be71ef7 pn=upload; op=order; orderid=10683; 
上传
[2018-07-09 18:31:37] trace  /app/index.php?i=1&uniacid=1&t=undefined&v=1.3&m=ewei_shopv2&from=wxapp&c=entry&a=wxapp&do=main&&state=we7sid-fb352acc499a878915444ba4416bd40c&sign=585f7e18cb3e212e06a7e958d5de3df3 pn=upload; op=order; orderid=10684; 
上传
[2018-07-09 18:33:36] trace  /app/index.php?i=1&uniacid=1&t=undefined&v=1.3&m=ewei_shopv2&from=wxapp&c=entry&a=wxapp&do=main&&state=we7sid-013a373bd5a26c1a68892469733d6913&sign=1274ca77870026d270c00b4f0be71ef7 pn=upload; op=order; orderid=10685; 
上传
[2018-07-09 18:42:00] trace  /app/index.php?i=1&uniacid=1&t=undefined&v=1.3&m=ewei_shopv2&from=wxapp&c=entry&a=wxapp&do=main&&state=we7sid-0c3092d719cce1237d59a5a34a033461&sign=f58ba0e01ac84f30678ee68156348806 pn=upload; op=order; orderid=10686; 
上传
[2018-07-09 18:52:32] trace  /app/index.php?i=1&uniacid=1&t=undefined&v=1.3&m=ewei_shopv2&from=wxapp&c=entry&a=wxapp&do=main&&state=we7sid-838fd01574e48bb1b1416b379bf6931f&sign=178984cda5d814fc3f427da98caa0a8c op=order; orderid=10687; pn=upload; 
上传
[2018-07-09 18:58:40] trace  /app/index.php?i=1&uniacid=1&t=undefined&v=1.3&m=ewei_shopv2&from=wxapp&c=entry&a=wxapp&do=main&&state=we7sid-3bcc3e757244bc56075d203f7fc1f4a0&sign=c3657f52a7293e479673ad98950595a3 pn=upload; op=order; orderid=10688; 
上传
[2018-07-09 18:59:14] trace  /app/index.php?i=1&uniacid=1&t=undefined&v=1.3&m=ewei_shopv2&from=wxapp&c=entry&a=wxapp&do=main&&state=we7sid-2a5ff808e43ba969e53edcd04e6ee625&sign=c77e2ea90d5f4781401eebfd81e0bd03 pn=upload; op=order; orderid=10689; 
上传
[2018-07-09 19:05:30] trace  /app/index.php?i=1&uniacid=1&t=undefined&v=1.3&m=ewei_shopv2&from=wxapp&c=entry&a=wxapp&do=main&&state=we7sid-07b25e1582821b829a190e397fd0b3a6&sign=dc9b7240c7c3eac455089cd3df09c80a pn=upload; op=order; orderid=10691; 
上传
[2018-07-09 19:05:31] trace  /app/index.php?i=1&uniacid=1&t=undefined&v=1.3&m=ewei_shopv2&from=wxapp&c=entry&a=wxapp&do=main&&state=we7sid-a00b316d4334808b1cf777d6442befa5&sign=f918d69e4dc33278073e8f0c0743ef57 pn=upload; op=order; orderid=10690; 
上传
[2018-07-09 19:10:25] trace  /app/index.php?i=1&uniacid=1&t=undefined&v=1.3&m=ewei_shopv2&from=wxapp&c=entry&a=wxapp&do=main&&state=we7sid-56dbc95cb7cae689255da19c019ac4a1&sign=3e142f80dd6cd199622b69dc87edb86b pn=upload; op=order; orderid=10692; 
上传
[2018-07-09 19:47:56] trace  /app/index.php?i=1&uniacid=1&t=undefined&v=1.3&m=ewei_shopv2&from=wxapp&c=entry&a=wxapp&do=main&&state=we7sid-311cb3a001eec687228cf20b99f06a5d&sign=0d0d4618071acfa4182924e034e48443 pn=upload; op=order; orderid=10693; 
上传
[2018-07-09 19:51:03] trace  /app/index.php?i=1&uniacid=1&t=undefined&v=1.3&m=ewei_shopv2&from=wxapp&c=entry&a=wxapp&do=main&&state=we7sid-368a52ce0fe034c30dcf5fa2bd016caa&sign=82efd6677d676b576d05ab517934ed34 pn=upload; op=order; orderid=10694; 
上传
[2018-07-09 19:51:42] trace  /app/index.php?i=1&uniacid=1&t=undefined&v=1.3&m=ewei_shopv2&from=wxapp&c=entry&a=wxapp&do=main&&state=we7sid-6aedd06eb259311fd69a7e77134e6350&sign=b462b4d1246bb0cede62d2db8298f7e2 pn=upload; op=order; orderid=10695; 
上传
[2018-07-09 20:04:08] trace  /app/index.php?i=1&uniacid=1&t=undefined&v=1.3&m=ewei_shopv2&from=wxapp&c=entry&a=wxapp&do=main&&state=we7sid-50bacec955c19d83c166bf70d491f751&sign=98fe980febf88781ea7b1b14c072a8de op=order; orderid=10696; pn=upload; 
上传
[2018-07-09 20:08:45] trace  /app/index.php?i=1&uniacid=1&t=undefined&v=1.3&m=ewei_shopv2&from=wxapp&c=entry&a=wxapp&do=main&&state=we7sid-b5aa9926d5a6d340055bb2bb4c4af87e&sign=051c74cc078aa1a67a67983d3c85df30 pn=upload; op=order; orderid=10697; 
上传
[2018-07-09 20:31:57] trace  /app/index.php?i=1&uniacid=1&t=undefined&v=1.3&m=ewei_shopv2&from=wxapp&c=entry&a=wxapp&do=main&&state=we7sid-687c1c6beb74a74ca88c300ad59ff146&sign=99d27af92043cdd60a1f2ea62630401b pn=upload; op=order; orderid=10698; 
上传
[2018-07-09 20:36:18] trace  /app/index.php?i=1&uniacid=1&t=undefined&v=1.3&m=ewei_shopv2&from=wxapp&c=entry&a=wxapp&do=main&&state=we7sid-08ff56c2a6ae679f3068f2802ca9ee1b&sign=dc280d38b3954fe2a1842c2487207695 pn=upload; op=order; orderid=10699; 
上传
[2018-07-09 20:38:28] trace  /app/index.php?i=1&uniacid=1&t=undefined&v=1.3&m=ewei_shopv2&from=wxapp&c=entry&a=wxapp&do=main&&state=we7sid-7c21ba06043705e99d5fb2ce884ff44f&sign=27f5c97c5196bcbfb816a3dc9493baa1 pn=upload; op=order; orderid=10700; 
上传
[2018-07-09 20:42:02] trace  /app/index.php?i=1&uniacid=1&t=undefined&v=1.3&m=ewei_shopv2&from=wxapp&c=entry&a=wxapp&do=main&&state=we7sid-b573e54e5d0460cf5554e43e4e3cef8f&sign=df795849d9622a8c8dd2b83d12222563 op=order; orderid=10701; pn=upload; 
上传
[2018-07-09 20:43:31] trace  /app/index.php?i=1&uniacid=1&t=undefined&v=1.3&m=ewei_shopv2&from=wxapp&c=entry&a=wxapp&do=main&&state=we7sid-50a99f05b7899a708861122d1ad33acd&sign=caeb3762d4a9a2bd548082e0be11d19d pn=upload; op=order; orderid=10702; 
上传
[2018-07-09 20:44:06] trace  /app/index.php?i=1&uniacid=1&t=undefined&v=1.3&m=ewei_shopv2&from=wxapp&c=entry&a=wxapp&do=main&&state=we7sid-f07e85371d67f52dc707ca0c4adcd3dd&sign=7195806578d77dd53f46c744ddd62202 pn=upload; op=order; orderid=10703; 
上传
[2018-07-09 20:44:41] trace  /app/index.php?i=1&uniacid=1&t=undefined&v=1.3&m=ewei_shopv2&from=wxapp&c=entry&a=wxapp&do=main&&state=we7sid-397dbad1dc8b0c46736795bcd1186e84&sign=e2c3da07266b07d901ecc81016751090 pn=upload; op=order; orderid=10704; 
上传
[2018-07-09 20:47:35] trace  /app/index.php?i=1&uniacid=1&t=undefined&v=1.3&m=ewei_shopv2&from=wxapp&c=entry&a=wxapp&do=main&&state=we7sid-e231438aa2f1317e5ec594c6927ba320&sign=b7eb6989d5646252e11c4d94a2d21af6 op=order; pn=upload; orderid=10705; 
上传
[2018-07-09 20:51:49] trace  /app/index.php?i=1&uniacid=1&t=undefined&v=1.3&m=ewei_shopv2&from=wxapp&c=entry&a=wxapp&do=main&&state=we7sid-a699aafb2e57babeab0a73161d02eadf&sign=a679799594c1f5ea6bd503991adec403 pn=upload; op=order; orderid=10706; 
上传
[2018-07-09 20:57:01] trace  /app/index.php?i=1&uniacid=1&t=undefined&v=1.3&m=ewei_shopv2&from=wxapp&c=entry&a=wxapp&do=main&&state=we7sid-8f941e32dd0e28bfa83ad7e07eebaa60&sign=041fa084ae8362492edd67f16626fb30 pn=upload; op=order; orderid=10707; 
上传
[2018-07-09 21:01:31] trace  /app/index.php?i=1&uniacid=1&t=undefined&v=1.3&m=ewei_shopv2&from=wxapp&c=entry&a=wxapp&do=main&&state=we7sid-03f3da7e114f532d2bca16d1a85829cf&sign=3b74fbacbfeba30552aa7988a316b4cd op=order; orderid=10708; pn=upload; 
上传
[2018-07-09 21:01:32] trace  /app/index.php?i=1&uniacid=1&t=undefined&v=1.3&m=ewei_shopv2&from=wxapp&c=entry&a=wxapp&do=main&&state=we7sid-03f3da7e114f532d2bca16d1a85829cf&sign=3b74fbacbfeba30552aa7988a316b4cd op=order; orderid=10708; pn=upload; 
上传
[2018-07-09 21:01:32] trace  /app/index.php?i=1&uniacid=1&t=undefined&v=1.3&m=ewei_shopv2&from=wxapp&c=entry&a=wxapp&do=main&&state=we7sid-03f3da7e114f532d2bca16d1a85829cf&sign=3b74fbacbfeba30552aa7988a316b4cd op=order; orderid=10708; pn=upload; 
上传
[2018-07-09 21:03:38] trace  /app/index.php?i=1&uniacid=1&t=undefined&v=1.3&m=ewei_shopv2&from=wxapp&c=entry&a=wxapp&do=main&&state=we7sid-8f941e32dd0e28bfa83ad7e07eebaa60&sign=041fa084ae8362492edd67f16626fb30 pn=upload; op=order; orderid=10709; 
上传
[2018-07-09 21:05:05] trace  /app/index.php?i=1&uniacid=1&t=undefined&v=1.3&m=ewei_shopv2&from=wxapp&c=entry&a=wxapp&do=main&&state=we7sid-03f3da7e114f532d2bca16d1a85829cf&sign=3b74fbacbfeba30552aa7988a316b4cd op=order; orderid=10710; pn=upload; 
上传
[2018-07-09 21:05:05] trace  /app/index.php?i=1&uniacid=1&t=undefined&v=1.3&m=ewei_shopv2&from=wxapp&c=entry&a=wxapp&do=main&&state=we7sid-03f3da7e114f532d2bca16d1a85829cf&sign=3b74fbacbfeba30552aa7988a316b4cd op=order; orderid=10710; pn=upload; 
上传
[2018-07-09 21:05:06] trace  /app/index.php?i=1&uniacid=1&t=undefined&v=1.3&m=ewei_shopv2&from=wxapp&c=entry&a=wxapp&do=main&&state=we7sid-03f3da7e114f532d2bca16d1a85829cf&sign=3b74fbacbfeba30552aa7988a316b4cd op=order; orderid=10710; pn=upload; 
上传
[2018-07-09 21:07:45] trace  /app/index.php?i=1&uniacid=1&t=undefined&v=1.3&m=ewei_shopv2&from=wxapp&c=entry&a=wxapp&do=main&&state=we7sid-03f3da7e114f532d2bca16d1a85829cf&sign=3b74fbacbfeba30552aa7988a316b4cd op=order; orderid=10711; pn=upload; 
上传
[2018-07-09 21:07:46] trace  /app/index.php?i=1&uniacid=1&t=undefined&v=1.3&m=ewei_shopv2&from=wxapp&c=entry&a=wxapp&do=main&&state=we7sid-03f3da7e114f532d2bca16d1a85829cf&sign=3b74fbacbfeba30552aa7988a316b4cd op=order; orderid=10711; pn=upload; 
上传
[2018-07-09 21:07:47] trace  /app/index.php?i=1&uniacid=1&t=undefined&v=1.3&m=ewei_shopv2&from=wxapp&c=entry&a=wxapp&do=main&&state=we7sid-03f3da7e114f532d2bca16d1a85829cf&sign=3b74fbacbfeba30552aa7988a316b4cd op=order; orderid=10711; pn=upload; 
上传
[2018-07-09 21:12:15] trace  /app/index.php?i=1&uniacid=1&t=undefined&v=1.3&m=ewei_shopv2&from=wxapp&c=entry&a=wxapp&do=main&&state=we7sid-777fdce7971900c4707a3d27f0cd4746&sign=6e26ba5f415d57f19e687044eb92f423 pn=upload; op=order; orderid=10712; 
上传
[2018-07-09 21:20:15] trace  /app/index.php?i=1&uniacid=1&t=undefined&v=1.3&m=ewei_shopv2&from=wxapp&c=entry&a=wxapp&do=main&&state=we7sid-faed5d80387d3f80ff4c6fb96d031e9a&sign=8b8e1e7dab0cb205b2c66a3b77f4188e pn=upload; op=order; orderid=10713; 
上传
[2018-07-09 21:20:34] trace  /app/index.php?i=1&uniacid=1&t=undefined&v=1.3&m=ewei_shopv2&from=wxapp&c=entry&a=wxapp&do=main&&state=we7sid-f21c7d0bd73ee820050757eb61385cf6&sign=09c40e861c7ca9658f29e1ec15e065c2 op=order; orderid=10714; pn=upload; 
上传
[2018-07-09 21:28:11] trace  /app/index.php?i=1&uniacid=1&t=undefined&v=1.3&m=ewei_shopv2&from=wxapp&c=entry&a=wxapp&do=main&&state=we7sid-d7883faaf9bd0ec17627264bfa233f45&sign=9c0859335eeb6442b30ef2ec82b9626d pn=upload; op=order; orderid=10715; 
上传
[2018-07-09 21:38:50] trace  /app/index.php?i=1&uniacid=1&t=undefined&v=1.3&m=ewei_shopv2&from=wxapp&c=entry&a=wxapp&do=main&&state=we7sid-6d8a70492ef133226db75086a5f195a0&sign=1fe035cc5e96724d79b98cf911532fc3 pn=upload; op=order; orderid=10716; 
上传
[2018-07-09 21:44:00] trace  /app/index.php?i=1&uniacid=1&t=undefined&v=1.3&m=ewei_shopv2&from=wxapp&c=entry&a=wxapp&do=main&&state=we7sid-6d8a70492ef133226db75086a5f195a0&sign=1fe035cc5e96724d79b98cf911532fc3 pn=upload; op=order; orderid=10717; 
上传
[2018-07-09 21:44:14] trace  /app/index.php?i=1&uniacid=1&t=undefined&v=1.3&m=ewei_shopv2&from=wxapp&c=entry&a=wxapp&do=main&&state=we7sid-6d8a70492ef133226db75086a5f195a0&sign=1fe035cc5e96724d79b98cf911532fc3 pn=upload; op=order; orderid=10718; 
上传
[2018-07-09 21:45:56] trace  /app/index.php?i=1&uniacid=1&t=undefined&v=1.3&m=ewei_shopv2&from=wxapp&c=entry&a=wxapp&do=main&&state=we7sid-6d8a70492ef133226db75086a5f195a0&sign=1fe035cc5e96724d79b98cf911532fc3 pn=upload; op=order; orderid=10719; 
上传
[2018-07-09 21:48:15] trace  /app/index.php?i=1&uniacid=1&t=undefined&v=1.3&m=ewei_shopv2&from=wxapp&c=entry&a=wxapp&do=main&&state=we7sid-6d8a70492ef133226db75086a5f195a0&sign=1fe035cc5e96724d79b98cf911532fc3 pn=upload; op=order; orderid=10720; 
上传
[2018-07-09 21:50:01] trace  /app/index.php?i=1&uniacid=1&t=undefined&v=1.3&m=ewei_shopv2&from=wxapp&c=entry&a=wxapp&do=main&&state=we7sid-3fbded346b3d9128195bdf315ea405a1&sign=85ea78a3108db0546ecc1e8fcecdfda8 pn=upload; op=order; orderid=10721; 
上传
[2018-07-09 21:57:39] trace  /app/index.php?i=1&uniacid=1&t=undefined&v=1.3&m=ewei_shopv2&from=wxapp&c=entry&a=wxapp&do=main&&state=we7sid-526a98cb6a433a989a3e51a073fdabb0&sign=77ee397dc725530bb92e724b513bb04d pn=upload; op=order; orderid=10722; 
上传
[2018-07-09 21:58:43] trace  /app/index.php?i=1&uniacid=1&t=undefined&v=1.3&m=ewei_shopv2&from=wxapp&c=entry&a=wxapp&do=main&&state=we7sid-a4cb7ee4ba1b43a9a181b07cb587ff26&sign=e569a9e75fb825470ef82dad203dc608 pn=upload; op=order; orderid=10723; 
上传
[2018-07-09 21:59:30] trace  /app/index.php?i=1&uniacid=1&t=undefined&v=1.3&m=ewei_shopv2&from=wxapp&c=entry&a=wxapp&do=main&&state=we7sid-a4cb7ee4ba1b43a9a181b07cb587ff26&sign=e569a9e75fb825470ef82dad203dc608 pn=upload; op=order; orderid=10724; 
上传
[2018-07-09 22:09:34] trace  /app/index.php?i=1&uniacid=1&t=undefined&v=1.3&m=ewei_shopv2&from=wxapp&c=entry&a=wxapp&do=main&&state=we7sid-86ebec7d795f97db8d682013ba05ff1e&sign=4d322966c703f62ba1fc9c4621c91b6b pn=upload; op=order; orderid=10725; 
上传
[2018-07-09 22:11:04] trace  /app/index.php?i=1&uniacid=1&t=undefined&v=1.3&m=ewei_shopv2&from=wxapp&c=entry&a=wxapp&do=main&&state=we7sid-671d084c55809ac29eedec182fa2b12f&sign=469434305235b3b479f9b63ff6183550 pn=upload; op=order; orderid=10726; 
上传
[2018-07-09 22:19:47] trace  /app/index.php?i=1&uniacid=1&t=undefined&v=1.3&m=ewei_shopv2&from=wxapp&c=entry&a=wxapp&do=main&&state=we7sid-68086cbda6892fce8e9bef489e7883ab&sign=e25bd0e9960b56add3028db40c0ce95b pn=upload; op=order; orderid=10727; 
上传
[2018-07-09 22:19:58] trace  /app/index.php?i=1&uniacid=1&t=undefined&v=1.3&m=ewei_shopv2&from=wxapp&c=entry&a=wxapp&do=main&&state=we7sid-7e06af074ab73559dbdb6c7974523607&sign=44c40428b94bf96ca3fddd66c035212f pn=upload; op=order; orderid=10728; 
上传
[2018-07-09 22:20:23] trace  /app/index.php?i=1&uniacid=1&t=undefined&v=1.3&m=ewei_shopv2&from=wxapp&c=entry&a=wxapp&do=main&&state=we7sid-038e3c66276025b624971e7d653d0a18&sign=7b924ad9a5be50ca230bb6e396d5d83c pn=upload; op=order; orderid=10730; 
上传
[2018-07-09 22:20:23] trace  /app/index.php?i=1&uniacid=1&t=undefined&v=1.3&m=ewei_shopv2&from=wxapp&c=entry&a=wxapp&do=main&&state=we7sid-038e3c66276025b624971e7d653d0a18&sign=7b924ad9a5be50ca230bb6e396d5d83c pn=upload; op=order; orderid=10729; 
上传
[2018-07-09 22:26:05] trace  /app/index.php?i=1&uniacid=1&t=undefined&v=1.3&m=ewei_shopv2&from=wxapp&c=entry&a=wxapp&do=main&&state=we7sid-5984ba287819b093063c24cfe3135faa&sign=f65330d35e8c0aa730b201d7565f7329 pn=upload; op=order; orderid=10731; 
上传
[2018-07-09 22:32:53] trace  /app/index.php?i=1&uniacid=1&t=undefined&v=1.3&m=ewei_shopv2&from=wxapp&c=entry&a=wxapp&do=main&&state=we7sid-e4505d25bc7b4304f43436c591aa3e69&sign=dfe3bfe6eab8feb65c9038e2b88258ab pn=upload; op=order; orderid=10732; 
上传
[2018-07-09 22:33:24] trace  /app/index.php?i=1&uniacid=1&t=undefined&v=1.3&m=ewei_shopv2&from=wxapp&c=entry&a=wxapp&do=main&&state=we7sid-232cc0eeccdbcb6133084e6abbf72643&sign=e3d6845204d3b50e7a16683e34ba2dae pn=upload; op=order; orderid=10733; 
上传
[2018-07-09 22:38:22] trace  /app/index.php?i=1&uniacid=1&t=undefined&v=1.3&m=ewei_shopv2&from=wxapp&c=entry&a=wxapp&do=main&&state=we7sid-41338798e82d5827411b002ed1c0400c&sign=6b35e1b5cb95438e96ede0aa437e9080 pn=upload; op=order; orderid=10734; 
上传
[2018-07-09 22:40:29] trace  /app/index.php?i=1&uniacid=1&t=undefined&v=1.3&m=ewei_shopv2&from=wxapp&c=entry&a=wxapp&do=main&&state=we7sid-41338798e82d5827411b002ed1c0400c&sign=6b35e1b5cb95438e96ede0aa437e9080 pn=upload; op=order; orderid=10735; 
上传
[2018-07-09 22:40:37] trace  /app/index.php?i=1&uniacid=1&t=undefined&v=1.3&m=ewei_shopv2&from=wxapp&c=entry&a=wxapp&do=main&&state=we7sid-ab97334912a829bf458a0e202e26f2af&sign=60db55f31e69402b451a0710a99d4722 pn=upload; op=order; orderid=10736; 
上传
[2018-07-09 23:12:56] trace  /app/index.php?i=1&uniacid=1&t=undefined&v=1.3&m=ewei_shopv2&from=wxapp&c=entry&a=wxapp&do=main&&state=we7sid-fee4eca370b8ceb5c3f6828c9a8eb60e&sign=b16a2e650af21bfc82dbbadf0d213554 pn=upload; op=order; orderid=10737; 
上传
[2018-07-09 23:25:35] trace  /app/index.php?i=1&uniacid=1&t=undefined&v=1.3&m=ewei_shopv2&from=wxapp&c=entry&a=wxapp&do=main&&state=we7sid-4a8d3b8172c57308bb0a7e6a3354bc6c&sign=e49e9895be020ba3e09597996a84fd40 pn=upload; op=order; orderid=10739; 
上传
[2018-07-09 23:32:21] trace  /app/index.php?i=1&uniacid=1&t=undefined&v=1.3&m=ewei_shopv2&from=wxapp&c=entry&a=wxapp&do=main&&state=we7sid-e95ac6f8fda15645a94cea7d7b6913fa&sign=bdef37eb789203aa2e58b3012ab7d9df pn=upload; op=order; orderid=10740; 
上传
[2018-07-09 23:50:24] trace  /app/index.php?i=1&uniacid=1&t=undefined&v=1.3&m=ewei_shopv2&from=wxapp&c=entry&a=wxapp&do=main&&state=we7sid-a61ec17b552818394cd0c526169aedee&sign=25787d19bc0bac52717043dc473e7c76 pn=upload; op=order; orderid=10741; 
上传
[2018-07-09 23:54:56] trace  /app/index.php?i=1&uniacid=1&t=undefined&v=1.3&m=ewei_shopv2&from=wxapp&c=entry&a=wxapp&do=main&&state=we7sid-0acddc70b4300fd29af45383bcbfd6f4&sign=5c437b1940bf0e0c313e280132caf133 pn=upload; op=order; orderid=10742; 
上传
