[2018-06-17 00:05:52] trace  /app/index.php?i=1&uniacid=1&t=undefined&v=1.3&m=ewei_shopv2&from=wxapp&c=entry&a=wxapp&do=main&&state=we7sid-8a136b5d90a69af2b35111febb65f04d&sign=378e78ee212f5e99b719f3377563b498 pn=upload; op=order; orderid=7990; 
上传
[2018-06-17 00:07:28] trace  /app/index.php?i=1&uniacid=1&t=undefined&v=1.3&m=ewei_shopv2&from=wxapp&c=entry&a=wxapp&do=main&&state=we7sid-a249c0bf0b1d5772ca72397a84cbec0a&sign=99a8db45f83f73a617cdcca8dd624329 pn=upload; op=order; orderid=7991; 
上传
[2018-06-17 00:08:45] trace  /app/index.php?i=1&uniacid=1&t=undefined&v=1.3&m=ewei_shopv2&from=wxapp&c=entry&a=wxapp&do=main&&state=we7sid-a249c0bf0b1d5772ca72397a84cbec0a&sign=99a8db45f83f73a617cdcca8dd624329 pn=upload; op=order; orderid=7992; 
上传
[2018-06-17 00:13:15] trace  /app/index.php?i=1&uniacid=1&t=undefined&v=1.3&m=ewei_shopv2&from=wxapp&c=entry&a=wxapp&do=main&&state=we7sid-85d8ce5fbd5cc190394f0b4f253baa38&sign=43d8543b91ff1f1a321dbbc625d86319 pn=upload; op=order; orderid=7993; 
上传
[2018-06-17 00:22:43] trace  /app/index.php?i=1&uniacid=1&t=undefined&v=1.3&m=ewei_shopv2&from=wxapp&c=entry&a=wxapp&do=main&&state=we7sid-586a23a964d740088d85015e5bd39408&sign=50924d87401dfed57f40d8ddd50cc17a op=order; pn=upload; orderid=7994; 
上传
[2018-06-17 00:39:00] trace  /app/index.php?i=1&uniacid=1&t=undefined&v=1.3&m=ewei_shopv2&from=wxapp&c=entry&a=wxapp&do=main&&state=we7sid-9be6f599a98136873bc84daa032d56a0&sign=eb66572f7be54ee8de659de7fc078a17 op=order; orderid=7995; pn=upload; 
上传
[2018-06-17 00:45:06] trace  /app/index.php?i=1&uniacid=1&t=undefined&v=1.3&m=ewei_shopv2&from=wxapp&c=entry&a=wxapp&do=main&&state=we7sid-532f4aff2117c2d02d4ea4d9b245b722&sign=7d21571404f3ed7876a3fcb6fcf691b0 pn=upload; op=order; orderid=7996; 
上传
[2018-06-17 01:57:11] trace  /app/index.php?i=1&uniacid=1&t=undefined&v=1.3&m=ewei_shopv2&from=wxapp&c=entry&a=wxapp&do=main&&state=we7sid-f97b8c6f779a63ed722ca46d6be94469&sign=602b45320951fc3615f2620ab9e615e0 pn=upload; op=order; orderid=7997; 
上传
[2018-06-17 02:10:46] trace  /app/index.php?i=1&uniacid=1&t=undefined&v=1.3&m=ewei_shopv2&from=wxapp&c=entry&a=wxapp&do=main&&state=we7sid-af7fff3bb5610704f85462061cab8dbf&sign=ed1c1bb1ea8afa28dab3d59ca1ec4440 pn=upload; op=order; orderid=7998; 
上传
[2018-06-17 03:13:38] trace  /app/index.php?i=1&uniacid=1&t=undefined&v=1.3&m=ewei_shopv2&from=wxapp&c=entry&a=wxapp&do=main&&state=we7sid-940d74b628b2b2bed8e140156f342a2b&sign=7541bf394bae5f9623126c71431d78b9 op=order; pn=upload; orderid=7999; 
上传
[2018-06-17 05:55:13] trace  /app/index.php?i=1&uniacid=1&t=undefined&v=1.3&m=ewei_shopv2&from=wxapp&c=entry&a=wxapp&do=main&&state=we7sid-fa275a9cd0432d55dae03790cd54c3f5&sign=61cb30d6cb7160b0793d2d3be01704bb pn=upload; op=order; orderid=8000; 
上传
[2018-06-17 06:17:13] trace  /app/index.php?i=1&uniacid=1&t=undefined&v=1.3&m=ewei_shopv2&from=wxapp&c=entry&a=wxapp&do=main&&state=we7sid-8ad2898ae9a8d4df84b5894e17f0d5d3&sign=44753b52eb8df96784e0b46c04682f6b op=order; orderid=8001; pn=upload; 
上传
[2018-06-17 07:20:20] trace  /app/index.php?i=1&uniacid=1&t=undefined&v=1.3&m=ewei_shopv2&from=wxapp&c=entry&a=wxapp&do=main&&state=we7sid-7c66714e6306733a52094cbca5d92ebb&sign=08932749d407bf47baea9094949ed6b0 pn=upload; op=order; orderid=8002; 
上传
[2018-06-17 07:38:58] trace  /app/index.php?i=1&uniacid=1&t=undefined&v=1.3&m=ewei_shopv2&from=wxapp&c=entry&a=wxapp&do=main&&state=we7sid-2af8a407c40143a8d5ccd7eb13898962&sign=09de7bb7d8ee3033747022a6432462c0 pn=upload; op=order; orderid=8003; 
上传
[2018-06-17 07:42:36] trace  /app/index.php?i=1&uniacid=1&t=undefined&v=1.3&m=ewei_shopv2&from=wxapp&c=entry&a=wxapp&do=main&&state=we7sid-8c294705cee583eac844ae4331ae2e5a&sign=7f5137d2eac5343be8f3e0fd0a3fcd0b pn=upload; op=order; orderid=8004; 
上传
[2018-06-17 07:56:31] trace  /app/index.php?i=1&uniacid=1&t=undefined&v=1.3&m=ewei_shopv2&from=wxapp&c=entry&a=wxapp&do=main&&state=we7sid-4d3646c846ba09ed22f43db7f9c67aa4&sign=d8e67ec0431d426011c2719c88a53d28 pn=upload; op=order; orderid=8005; 
上传
[2018-06-17 08:03:49] trace  /app/index.php?i=1&uniacid=1&t=undefined&v=1.3&m=ewei_shopv2&from=wxapp&c=entry&a=wxapp&do=main&&state=we7sid-c0a0ca6454e0f02fa69ba6d38de01872&sign=f8cd30850ef7e84e922ab2fba5c23a14 pn=upload; op=order; orderid=8006; 
上传
[2018-06-17 08:17:04] trace  /app/index.php?i=1&uniacid=1&t=undefined&v=1.3&m=ewei_shopv2&from=wxapp&c=entry&a=wxapp&do=main&&state=we7sid-7c34293f9b9a21a84c27f3be218fcf5b&sign=ad3c0db94ca5873b30a6e200da79b379 op=order; pn=upload; orderid=8007; 
上传
[2018-06-17 08:35:14] trace  /app/index.php?i=1&uniacid=1&t=undefined&v=1.3&m=ewei_shopv2&from=wxapp&c=entry&a=wxapp&do=main&&state=we7sid-535cc6b670d465b12266a67f5e3ce0ce&sign=b823e060c38c4ba38746236c8954a5b3 pn=upload; op=order; orderid=8008; 
上传
[2018-06-17 08:47:38] trace  /app/index.php?i=1&uniacid=1&t=undefined&v=1.1&m=ewei_shopv2&from=wxapp&c=entry&a=wxapp&do=main&&state=we7sid-90539dcf8c3ce29c61c90798b883ebf2&sign=459c734c5acdb02e956b64e1b65e0c06 pn=upload; op=order; orderid=8009; 
上传
[2018-06-17 08:55:29] trace  /app/index.php?i=1&uniacid=1&t=undefined&v=1.3&m=ewei_shopv2&from=wxapp&c=entry&a=wxapp&do=main&&state=we7sid-535cc6b670d465b12266a67f5e3ce0ce&sign=b823e060c38c4ba38746236c8954a5b3 pn=upload; op=order; orderid=8010; 
上传
[2018-06-17 08:58:40] trace  /app/index.php?i=1&uniacid=1&t=undefined&v=1.3&m=ewei_shopv2&from=wxapp&c=entry&a=wxapp&do=main&&state=we7sid-6d2276e62288829d1f84bd8f1b037841&sign=6a04218365486e81214e1ab7119f9fe1 pn=upload; op=order; orderid=8011; 
上传
[2018-06-17 08:58:40] trace  /app/index.php?i=1&uniacid=1&t=undefined&v=1.3&m=ewei_shopv2&from=wxapp&c=entry&a=wxapp&do=main&&state=we7sid-6d2276e62288829d1f84bd8f1b037841&sign=6a04218365486e81214e1ab7119f9fe1 pn=upload; op=order; orderid=8011; 
上传
[2018-06-17 08:58:40] trace  /app/index.php?i=1&uniacid=1&t=undefined&v=1.3&m=ewei_shopv2&from=wxapp&c=entry&a=wxapp&do=main&&state=we7sid-6d2276e62288829d1f84bd8f1b037841&sign=6a04218365486e81214e1ab7119f9fe1 pn=upload; op=order; orderid=8011; 
上传
[2018-06-17 09:13:58] trace  /app/index.php?i=1&uniacid=1&t=undefined&v=1.3&m=ewei_shopv2&from=wxapp&c=entry&a=wxapp&do=main&&state=we7sid-cf800810faa3b93924b7a89e7cb708e2&sign=7d13df30f8db472f17f414995dcb8142 pn=upload; op=order; orderid=8012; 
上传
[2018-06-17 09:23:29] trace  /app/index.php?i=1&uniacid=1&t=undefined&v=1.3&m=ewei_shopv2&from=wxapp&c=entry&a=wxapp&do=main&&state=we7sid-d54d01c302d70625b06464332f691bfd&sign=c540a4b96ceaf0f9c47672656e2bb3e6 pn=upload; op=order; orderid=8013; 
上传
[2018-06-17 09:35:50] trace  /app/index.php?i=1&uniacid=1&t=undefined&v=1.3&m=ewei_shopv2&from=wxapp&c=entry&a=wxapp&do=main&&state=we7sid-369aad30257acb9f01276ae04cb52faa&sign=9b22d54e3e4ae97b65e2d963179e7048 pn=upload; op=order; orderid=8014; 
上传
[2018-06-17 09:49:28] trace  /app/index.php?i=1&uniacid=1&t=undefined&v=1.3&m=ewei_shopv2&from=wxapp&c=entry&a=wxapp&do=main&&sign=91bfabf0379ae201a60ce4f98aa8180a pn=upload; op=order; orderid=8015; 
上传
[2018-06-17 09:52:42] trace  /app/index.php?i=1&uniacid=1&t=undefined&v=1.3&m=ewei_shopv2&from=wxapp&c=entry&a=wxapp&do=main&&state=we7sid-af582dcfa407455aacd0a51f73c3dfe1&sign=0cd5b707290d882d5d219a3ed244915e pn=upload; op=order; orderid=8016; 
上传
[2018-06-17 10:02:28] trace  /app/index.php?i=1&uniacid=1&t=undefined&v=1.3&m=ewei_shopv2&from=wxapp&c=entry&a=wxapp&do=main&&state=we7sid-11b6578bdfea8c25e287972f594c0a1f&sign=0867613ba0ece33460fac860fba019e9 pn=upload; op=order; orderid=8017; 
上传
[2018-06-17 10:13:25] trace  /app/index.php?i=1&uniacid=1&t=undefined&v=1.3&m=ewei_shopv2&from=wxapp&c=entry&a=wxapp&do=main&&state=we7sid-dc154afe91aecaf3ba27b91de5289e42&sign=55b3330e2b1a13405bb6ee2aec002ec4 pn=upload; op=order; orderid=8018; 
上传
[2018-06-17 10:44:02] trace  /app/index.php?i=1&uniacid=1&t=undefined&v=1.3&m=ewei_shopv2&from=wxapp&c=entry&a=wxapp&do=main&&state=we7sid-e3416743d7b374f2cbcc2018ecb533bf&sign=d98045ae4aba55933ff54537a3d2bde2 pn=upload; op=order; orderid=8019; 
上传
[2018-06-17 10:45:20] trace  /app/index.php?i=1&uniacid=1&t=undefined&v=1.3&m=ewei_shopv2&from=wxapp&c=entry&a=wxapp&do=main&&state=we7sid-f1ebd87b5bfbf9cf48e1e7c8d75c2e7e&sign=34d36fbdf02a047ac01694bf2f2b655d pn=upload; op=order; orderid=8020; 
上传
[2018-06-17 10:45:21] trace  /app/index.php?i=1&uniacid=1&t=undefined&v=1.3&m=ewei_shopv2&from=wxapp&c=entry&a=wxapp&do=main&&state=we7sid-b7bb82b20ee4f7a12012bd2b5c7a8777&sign=e2457533864b6b6bab59130b2d5f9fa7 pn=upload; op=order; orderid=8021; 
上传
[2018-06-17 10:53:27] trace  /app/index.php?i=1&uniacid=1&t=undefined&v=1.3&m=ewei_shopv2&from=wxapp&c=entry&a=wxapp&do=main&&state=we7sid-aa305811127906fda24d72c464fbe508&sign=6c47959e3e21830e3e24158439cf1c40 pn=upload; op=order; orderid=8022; 
上传
[2018-06-17 10:55:06] trace  /app/index.php?i=1&uniacid=1&t=undefined&v=1.3&m=ewei_shopv2&from=wxapp&c=entry&a=wxapp&do=main&&state=we7sid-90e7cba66f71e6644440efb8809d9285&sign=13944de421e43f47a92e816c32e4cbb3 pn=upload; op=order; orderid=8023; 
上传
[2018-06-17 10:56:37] trace  /app/index.php?i=1&uniacid=1&t=undefined&v=1.3&m=ewei_shopv2&from=wxapp&c=entry&a=wxapp&do=main&&state=we7sid-d3471b2e29b3c6c27365db0c658674f5&sign=9e7cffa245f1ed989b4509112d0a4994 pn=upload; op=order; orderid=8024; 
上传
[2018-06-17 10:58:23] trace  /app/index.php?i=1&uniacid=1&t=undefined&v=1.3&m=ewei_shopv2&from=wxapp&c=entry&a=wxapp&do=main&&state=we7sid-d1bc741590dd1afe5a6337ed4c97e263&sign=d736e6d3a4dc87fba5082b911141f69c pn=upload; op=order; orderid=8025; 
上传
[2018-06-17 10:58:51] trace  /app/index.php?i=1&uniacid=1&t=undefined&v=1.3&m=ewei_shopv2&from=wxapp&c=entry&a=wxapp&do=main&&state=we7sid-737fb2a3ad4e78b8847b44e762018430&sign=6665aed728de0afdda28acb34ed889a0 pn=upload; op=order; orderid=8026; 
上传
[2018-06-17 10:58:56] trace  /app/index.php?i=1&uniacid=1&t=undefined&v=1.3&m=ewei_shopv2&from=wxapp&c=entry&a=wxapp&do=main&&state=we7sid-a775282d6ec65d29bef6a782041a57f0&sign=e7a2ea5bfb58ccd40a7c7843d2c307d9 pn=upload; op=order; orderid=8027; 
上传
[2018-06-17 11:00:31] trace  /app/index.php?i=1&uniacid=1&t=undefined&v=1.3&m=ewei_shopv2&from=wxapp&c=entry&a=wxapp&do=main&&state=we7sid-f23d5aae818bf71a6f758314303d39e9&sign=b2c651279a517c7755bd0030fead056b pn=upload; op=order; orderid=8028; 
上传
[2018-06-17 11:02:59] trace  /app/index.php?i=1&uniacid=1&t=undefined&v=1.3&m=ewei_shopv2&from=wxapp&c=entry&a=wxapp&do=main&&state=we7sid-08dc5c03f0ed468f414307f59f639ce9&sign=712997a10d93bf04c7cfa158cf432481 pn=upload; op=order; orderid=8029; 
上传
[2018-06-17 11:03:04] trace  /app/index.php?i=1&uniacid=1&t=undefined&v=1.3&m=ewei_shopv2&from=wxapp&c=entry&a=wxapp&do=main&&state=we7sid-08dc5c03f0ed468f414307f59f639ce9&sign=712997a10d93bf04c7cfa158cf432481 pn=upload; op=order; orderid=8030; 
上传
[2018-06-17 11:03:52] trace  /app/index.php?i=1&uniacid=1&t=undefined&v=1.3&m=ewei_shopv2&from=wxapp&c=entry&a=wxapp&do=main&&state=we7sid-682137c8b898b89ffd7fb4b89a9ec82e&sign=cd5193b6579482f46504ef1fb2da4521 pn=upload; op=order; orderid=8031; 
上传
[2018-06-17 11:04:37] trace  /app/index.php?i=1&uniacid=1&t=undefined&v=1.3&m=ewei_shopv2&from=wxapp&c=entry&a=wxapp&do=main&&state=we7sid-01cad1ada7701d19c8d902ec31490be5&sign=5957ec9248b81ee7a776cd84468100d1 pn=upload; op=order; orderid=8032; 
上传
[2018-06-17 11:05:04] trace  /app/index.php?i=1&uniacid=1&t=undefined&v=1.3&m=ewei_shopv2&from=wxapp&c=entry&a=wxapp&do=main&&state=we7sid-0051958b6cc44eb8f98412ab093d2932&sign=ec0c1b23c90a6dffa42dbbcc840df410 pn=upload; op=order; orderid=8033; 
上传
[2018-06-17 11:06:37] trace  /app/index.php?i=1&uniacid=1&t=undefined&v=1.3&m=ewei_shopv2&from=wxapp&c=entry&a=wxapp&do=main&&state=we7sid-5954447c6831d234b8ff92e1eb51e042&sign=be01302212844e566bbd891f1634e4ee pn=upload; op=order; orderid=8034; 
上传
[2018-06-17 11:07:02] trace  /app/index.php?i=1&uniacid=1&t=undefined&v=1.3&m=ewei_shopv2&from=wxapp&c=entry&a=wxapp&do=main&&state=we7sid-a2700e1ff7a8d9cd2fae65995a446e1e&sign=c072529dd604f416c35c259bd7af89e5 pn=upload; op=order; orderid=8035; 
上传
[2018-06-17 11:07:12] trace  /app/index.php?i=1&uniacid=1&t=undefined&v=1.3&m=ewei_shopv2&from=wxapp&c=entry&a=wxapp&do=main&&state=we7sid-a2700e1ff7a8d9cd2fae65995a446e1e&sign=c072529dd604f416c35c259bd7af89e5 pn=upload; op=order; orderid=8036; 
上传
[2018-06-17 11:09:05] trace  /app/index.php?i=1&uniacid=1&t=undefined&v=1.3&m=ewei_shopv2&from=wxapp&c=entry&a=wxapp&do=main&&state=we7sid-4cce88012492e58496565712b21ddc2d&sign=06691505f8f00c62699c0fc5b7fede6b pn=upload; op=order; orderid=8037; 
上传
[2018-06-17 11:10:36] trace  /app/index.php?i=1&uniacid=1&t=undefined&v=1.3&m=ewei_shopv2&from=wxapp&c=entry&a=wxapp&do=main&&state=we7sid-0035e5f6cc2aeb6e68b8b58fa95fe392&sign=4da802e2af64f30a54c824c24c1637d5 pn=upload; op=order; orderid=8038; 
上传
[2018-06-17 11:15:30] trace  /app/index.php?i=1&uniacid=1&t=undefined&v=1.3&m=ewei_shopv2&from=wxapp&c=entry&a=wxapp&do=main&&state=we7sid-ebe32252327f3c075e103ad386938ea6&sign=e429d32ac3bdd952427c71a058a56c56 pn=upload; op=order; orderid=8039; 
上传
[2018-06-17 11:15:50] trace  /app/index.php?i=1&uniacid=1&t=undefined&v=1.3&m=ewei_shopv2&from=wxapp&c=entry&a=wxapp&do=main&&state=we7sid-d7d0c8ad6d1afc670e7420f0bc5bcae9&sign=9accd0469b366b6829119456ac2375f9 pn=upload; op=order; orderid=8040; 
上传
[2018-06-17 11:18:36] trace  /app/index.php?i=1&uniacid=1&t=undefined&v=1.3&m=ewei_shopv2&from=wxapp&c=entry&a=wxapp&do=main&&state=we7sid-94cf56b12c233e7f6360ccbe939a14cc&sign=be0c8d7d514f193e0a82ef55a888b6ba op=order; orderid=8041; pn=upload; 
上传
[2018-06-17 11:18:48] trace  /app/index.php?i=1&uniacid=1&t=undefined&v=1.3&m=ewei_shopv2&from=wxapp&c=entry&a=wxapp&do=main&&state=we7sid-94cf56b12c233e7f6360ccbe939a14cc&sign=be0c8d7d514f193e0a82ef55a888b6ba op=order; orderid=8042; pn=upload; 
上传
[2018-06-17 11:21:04] trace  /app/index.php?i=1&uniacid=1&t=undefined&v=1.3&m=ewei_shopv2&from=wxapp&c=entry&a=wxapp&do=main&&state=we7sid-aa6bf456e37db28d0d3eb589e8d55f05&sign=5ecea929d911ed30adc49ce84da39538 pn=upload; op=order; orderid=8043; 
上传
[2018-06-17 11:21:13] trace  /app/index.php?i=1&uniacid=1&t=undefined&v=1.3&m=ewei_shopv2&from=wxapp&c=entry&a=wxapp&do=main&&state=we7sid-6cf5807ff9d5e821e9dc4e437f2b78cc&sign=245e9612c04260d57331c87ea9eb5d69 pn=upload; op=order; orderid=8044; 
上传
[2018-06-17 11:22:48] trace  /app/index.php?i=1&uniacid=1&t=undefined&v=1.3&m=ewei_shopv2&from=wxapp&c=entry&a=wxapp&do=main&&state=we7sid-aa6bf456e37db28d0d3eb589e8d55f05&sign=5ecea929d911ed30adc49ce84da39538 pn=upload; op=order; orderid=8045; 
上传
[2018-06-17 11:23:39] trace  /app/index.php?i=1&uniacid=1&t=undefined&v=1.3&m=ewei_shopv2&from=wxapp&c=entry&a=wxapp&do=main&&state=we7sid-6a5c887613fc406afe2f21aead6f1689&sign=04f1c4c6b9e63fb8f5b1d9f12bba3487 pn=upload; op=order; orderid=8046; 
上传
[2018-06-17 11:24:48] trace  /app/index.php?i=1&uniacid=1&t=undefined&v=1.3&m=ewei_shopv2&from=wxapp&c=entry&a=wxapp&do=main&&state=we7sid-d400df79ef6517fb633441ccd91ac20c&sign=9172fd9a82db998dc36a68565af952d6 pn=upload; op=order; orderid=8047; 
上传
[2018-06-17 11:30:35] trace  /app/index.php?i=1&uniacid=1&t=undefined&v=1.3&m=ewei_shopv2&from=wxapp&c=entry&a=wxapp&do=main&&state=we7sid-9603fca910c5ee7605cecab89efc3a80&sign=5f9403d2dd39c153140233e1c0595552 pn=upload; op=order; orderid=8048; 
上传
[2018-06-17 11:32:29] trace  /app/index.php?i=1&uniacid=1&t=undefined&v=1.3&m=ewei_shopv2&from=wxapp&c=entry&a=wxapp&do=main&&state=we7sid-99ff456b67f06a43e948479dc1c6b8cc&sign=4525a506d621ba95e1803dcf7ba4e082 pn=upload; op=order; orderid=8049; 
上传
[2018-06-17 11:33:05] trace  /app/index.php?i=1&uniacid=1&t=undefined&v=1.3&m=ewei_shopv2&from=wxapp&c=entry&a=wxapp&do=main&&state=we7sid-bfcc50ab7477abdf4eacad7b93d47bfc&sign=6a28f42ebe01e04487b76016067fb0ee pn=upload; op=order; orderid=8050; 
上传
[2018-06-17 11:37:00] trace  /app/index.php?i=1&uniacid=1&t=undefined&v=1.3&m=ewei_shopv2&from=wxapp&c=entry&a=wxapp&do=main&&state=we7sid-60dba523bfdb671fc7b0bad61fb10b81&sign=46fb8b633d09fd44c74883f5431f6c2b pn=upload; op=order; orderid=8051; 
上传
[2018-06-17 11:50:39] trace  /app/index.php?i=1&uniacid=1&t=undefined&v=1.3&m=ewei_shopv2&from=wxapp&c=entry&a=wxapp&do=main&&state=we7sid-5f52a0e60fe516afb3614af6ec84c7c2&sign=fdfd53c286f723e5a07dd6be8136d336 pn=upload; op=order; orderid=8052; 
上传
[2018-06-17 11:53:16] trace  /app/index.php?i=1&uniacid=1&t=undefined&v=1.3&m=ewei_shopv2&from=wxapp&c=entry&a=wxapp&do=main&&state=we7sid-33d16857c9191358c08a609ddbdd3ab3&sign=f0d11a901400ff1c8736eb09aba6e03a pn=upload; op=order; orderid=8053; 
上传
[2018-06-17 11:54:50] trace  /app/index.php?i=1&uniacid=1&t=undefined&v=1.3&m=ewei_shopv2&from=wxapp&c=entry&a=wxapp&do=main&&state=we7sid-5f52a0e60fe516afb3614af6ec84c7c2&sign=fdfd53c286f723e5a07dd6be8136d336 pn=upload; op=order; orderid=8054; 
上传
[2018-06-17 11:55:08] trace  /app/index.php?i=1&uniacid=1&t=undefined&v=1.3&m=ewei_shopv2&from=wxapp&c=entry&a=wxapp&do=main&&state=we7sid-5f52a0e60fe516afb3614af6ec84c7c2&sign=fdfd53c286f723e5a07dd6be8136d336 pn=upload; op=order; orderid=8055; 
上传
[2018-06-17 11:55:50] trace  /app/index.php?i=1&uniacid=1&t=undefined&v=1.3&m=ewei_shopv2&from=wxapp&c=entry&a=wxapp&do=main&&state=we7sid-8b8fcf9ac95555e2c4431c4768bbb0fd&sign=a9feee1413a41a438589d83d428b88ce pn=upload; op=order; orderid=8056; 
上传
[2018-06-17 11:58:51] trace  /app/index.php?i=1&uniacid=1&t=undefined&v=1.3&m=ewei_shopv2&from=wxapp&c=entry&a=wxapp&do=main&&state=we7sid-d26ffa99d553f08b59dc41320161a54e&sign=bc162d0c7f2af25a5c177190866180ff pn=upload; op=order; orderid=8057; 
上传
[2018-06-17 12:20:52] trace  /app/index.php?i=1&uniacid=1&t=undefined&v=1.3&m=ewei_shopv2&from=wxapp&c=entry&a=wxapp&do=main&&state=we7sid-67dec8b4b96484355873f8c0c740fb19&sign=a4d1addef86f23015035f2ae029fc77d pn=upload; op=order; orderid=8058; 
上传
[2018-06-17 12:20:53] trace  /app/index.php?i=1&uniacid=1&t=undefined&v=1.3&m=ewei_shopv2&from=wxapp&c=entry&a=wxapp&do=main&&state=we7sid-67dec8b4b96484355873f8c0c740fb19&sign=a4d1addef86f23015035f2ae029fc77d pn=upload; op=order; orderid=8059; 
上传
[2018-06-17 12:22:13] trace  /app/index.php?i=1&uniacid=1&t=undefined&v=1.3&m=ewei_shopv2&from=wxapp&c=entry&a=wxapp&do=main&&state=we7sid-67dec8b4b96484355873f8c0c740fb19&sign=a4d1addef86f23015035f2ae029fc77d pn=upload; op=order; orderid=8060; 
上传
[2018-06-17 12:24:34] trace  /app/index.php?i=1&uniacid=1&t=undefined&v=1.3&m=ewei_shopv2&from=wxapp&c=entry&a=wxapp&do=main&&state=we7sid-124bf25932f50c073c4480cfc7deb4ed&sign=0a23433d432c7c36c2b2cdbe119c5eb4 pn=upload; op=order; orderid=8061; 
上传
[2018-06-17 12:25:59] trace  /app/index.php?i=1&uniacid=1&t=undefined&v=1.3&m=ewei_shopv2&from=wxapp&c=entry&a=wxapp&do=main&&state=we7sid-124bf25932f50c073c4480cfc7deb4ed&sign=0a23433d432c7c36c2b2cdbe119c5eb4 pn=upload; op=order; orderid=8062; 
上传
[2018-06-17 12:27:28] trace  /app/index.php?i=1&uniacid=1&t=undefined&v=1.3&m=ewei_shopv2&from=wxapp&c=entry&a=wxapp&do=main&&state=we7sid-6e3a4df2d1e9f2ba9858dfcdfef8644f&sign=3fe96edde06104d4875fe00aff9354dc pn=upload; op=order; orderid=8063; 
上传
[2018-06-17 12:34:21] trace  /app/index.php?i=1&uniacid=1&t=undefined&v=1.3&m=ewei_shopv2&from=wxapp&c=entry&a=wxapp&do=main&&state=we7sid-124bf25932f50c073c4480cfc7deb4ed&sign=0a23433d432c7c36c2b2cdbe119c5eb4 pn=upload; op=order; orderid=8064; 
上传
[2018-06-17 12:38:23] trace  /app/index.php?i=1&uniacid=1&t=undefined&v=1.3&m=ewei_shopv2&from=wxapp&c=entry&a=wxapp&do=main&&state=we7sid-48e9835fd617aea1427a0103882fd127&sign=cf099f018fcab3a5a28e66381fe20488 pn=upload; op=order; orderid=8065; 
上传
[2018-06-17 12:38:32] trace  /app/index.php?i=1&uniacid=1&t=undefined&v=1.3&m=ewei_shopv2&from=wxapp&c=entry&a=wxapp&do=main&&state=we7sid-c516c4c80e68ea8338b54c7185575101&sign=be67eeebe9984bdf6633309c07584c07 op=order; orderid=8066; pn=upload; 
上传
[2018-06-17 12:46:42] trace  /app/index.php?i=1&uniacid=1&t=undefined&v=1.3&m=ewei_shopv2&from=wxapp&c=entry&a=wxapp&do=main&&state=we7sid-7be21d45a4f68147a5456d40eda9d3a3&sign=6220ef5565f9e404d32ea9686522fa3f pn=upload; op=order; orderid=8067; 
上传
[2018-06-17 12:49:42] trace  /app/index.php?i=1&uniacid=1&t=undefined&v=1.3&m=ewei_shopv2&from=wxapp&c=entry&a=wxapp&do=main&&state=we7sid-33c76b631d58c6fcfaef364ce719b69f&sign=a9b4445ebde29931098b71fb1c14653a pn=upload; op=order; orderid=8068; 
上传
[2018-06-17 12:50:52] trace  /app/index.php?i=1&uniacid=1&t=undefined&v=1.3&m=ewei_shopv2&from=wxapp&c=entry&a=wxapp&do=main&&state=we7sid-33c76b631d58c6fcfaef364ce719b69f&sign=a9b4445ebde29931098b71fb1c14653a pn=upload; op=order; orderid=8069; 
上传
[2018-06-17 12:51:51] trace  /app/index.php?i=1&uniacid=1&t=undefined&v=1.3&m=ewei_shopv2&from=wxapp&c=entry&a=wxapp&do=main&&state=we7sid-33c76b631d58c6fcfaef364ce719b69f&sign=a9b4445ebde29931098b71fb1c14653a pn=upload; op=order; orderid=8070; 
上传
[2018-06-17 13:04:44] trace  /app/index.php?i=1&uniacid=1&t=undefined&v=1.3&m=ewei_shopv2&from=wxapp&c=entry&a=wxapp&do=main&&state=we7sid-d3b06e35e42620bdeef2c4d218f63e24&sign=6b7d5c7ca7519cf8ef5acb4fd11712af pn=upload; op=order; orderid=8071; 
上传
[2018-06-17 13:12:48] trace  /app/index.php?i=1&uniacid=1&t=undefined&v=1.3&m=ewei_shopv2&from=wxapp&c=entry&a=wxapp&do=main&&state=we7sid-a9bc224e0f3125f24ea293c30304432a&sign=d215248ab66662fe3f50db8ef2eeb0bf pn=upload; op=order; orderid=8072; 
上传
[2018-06-17 13:26:11] trace  /app/index.php?i=1&uniacid=1&t=undefined&v=1.3&m=ewei_shopv2&from=wxapp&c=entry&a=wxapp&do=main&&state=we7sid-f452ed81a5b75f4695a434cb966931c6&sign=e475bc875861cdaeb61b1fb65be9cd13 pn=upload; op=order; orderid=8073; 
上传
[2018-06-17 13:29:34] trace  /app/index.php?i=1&uniacid=1&t=undefined&v=1.3&m=ewei_shopv2&from=wxapp&c=entry&a=wxapp&do=main&&state=we7sid-680f564f9e4d551662e3148dbc358b08&sign=a7b7b7495fa0b72e86adf41fc5c63e12 pn=upload; op=order; orderid=8074; 
上传
[2018-06-17 13:36:06] trace  /app/index.php?i=1&uniacid=1&t=undefined&v=1.3&m=ewei_shopv2&from=wxapp&c=entry&a=wxapp&do=main&&state=we7sid-a383b8c0a811791d7f5e2ed4d08b4755&sign=7c2975b58ec93f15e6dc15b96f67aff7 pn=upload; op=order; orderid=8075; 
上传
[2018-06-17 13:40:29] trace  /app/index.php?i=1&uniacid=1&t=undefined&v=1.3&m=ewei_shopv2&from=wxapp&c=entry&a=wxapp&do=main&&state=we7sid-131fafebfefa00ed3219ca143a67b2a5&sign=85e339c3a3fd875596ea5a87858c32e9 pn=upload; op=order; orderid=8076; 
上传
[2018-06-17 13:40:30] trace  /app/index.php?i=1&uniacid=1&t=undefined&v=1.3&m=ewei_shopv2&from=wxapp&c=entry&a=wxapp&do=main&&state=we7sid-131fafebfefa00ed3219ca143a67b2a5&sign=85e339c3a3fd875596ea5a87858c32e9 pn=upload; op=order; orderid=8076; 
上传
[2018-06-17 13:55:44] trace  /app/index.php?i=1&uniacid=1&t=undefined&v=1.3&m=ewei_shopv2&from=wxapp&c=entry&a=wxapp&do=main&&state=we7sid-0620c826b828a4aa191c14aaf57bf41d&sign=895ab342ca1be4a43e529efc782e6fd6 op=order; orderid=8077; pn=upload; 
上传
[2018-06-17 14:06:29] trace  /app/index.php?i=1&uniacid=1&t=undefined&v=1.3&m=ewei_shopv2&from=wxapp&c=entry&a=wxapp&do=main&&state=we7sid-be2c4a99dc6378397a9cbde4855ddb69&sign=dc4d7545402b4d2a119312f2c7a737d4 pn=upload; op=order; orderid=8078; 
上传
[2018-06-17 14:13:02] trace  /app/index.php?i=1&uniacid=1&t=undefined&v=1.3&m=ewei_shopv2&from=wxapp&c=entry&a=wxapp&do=main&&state=we7sid-9a7d2920ac45cab579994a074b11d0bc&sign=6d6233467222dde22ddd9e611db46d02 pn=upload; op=order; orderid=8079; 
上传
[2018-06-17 14:15:38] trace  /app/index.php?i=1&uniacid=1&t=undefined&v=1.3&m=ewei_shopv2&from=wxapp&c=entry&a=wxapp&do=main&&state=we7sid-9d30998bf95c0a416a009bc623db2415&sign=b064e35ade4f8194fec841becda33aab pn=upload; op=order; orderid=8080; 
上传
[2018-06-17 14:28:46] trace  /app/index.php?i=1&uniacid=1&t=undefined&v=1.3&m=ewei_shopv2&from=wxapp&c=entry&a=wxapp&do=main&&state=we7sid-bb09995962b6ac817b52f262c4794edd&sign=a84d82124ceb87ffc787bec180191950 pn=upload; op=order; orderid=8081; 
上传
[2018-06-17 14:36:04] trace  /app/index.php?i=1&uniacid=1&t=undefined&v=1.3&m=ewei_shopv2&from=wxapp&c=entry&a=wxapp&do=main&&state=we7sid-b6a0d037cd3e2532a92c215d94bb36d5&sign=09e40883d0cc2103778a2ea0994be684 op=order; orderid=8082; pn=upload; 
上传
[2018-06-17 14:37:23] trace  /app/index.php?i=1&uniacid=1&t=undefined&v=1.3&m=ewei_shopv2&from=wxapp&c=entry&a=wxapp&do=main&&state=we7sid-4aca9119c868b904d5b7cbcf7b529b73&sign=95b41beea943af8f082f6688357b8668 pn=upload; op=order; orderid=8083; 
上传
[2018-06-17 14:39:52] trace  /app/index.php?i=1&uniacid=1&t=undefined&v=1.3&m=ewei_shopv2&from=wxapp&c=entry&a=wxapp&do=main&&state=we7sid-d36de3827dc6fab565f92f4ae3151e32&sign=5d83c58c5da4b37f1213ca0d3f574e19 pn=upload; op=order; orderid=8084; 
上传
[2018-06-17 14:45:43] trace  /app/index.php?i=1&uniacid=1&t=undefined&v=1.3&m=ewei_shopv2&from=wxapp&c=entry&a=wxapp&do=main&&state=we7sid-117290853665c93ab4e65ac4cde758ff&sign=3811fbdd31d9150aed891ad218dbb83f op=order; orderid=8085; pn=upload; 
上传
[2018-06-17 14:46:38] trace  /app/index.php?i=1&uniacid=1&t=undefined&v=1.3&m=ewei_shopv2&from=wxapp&c=entry&a=wxapp&do=main&&state=we7sid-bb09995962b6ac817b52f262c4794edd&sign=a84d82124ceb87ffc787bec180191950 pn=upload; op=order; orderid=8086; 
上传
[2018-06-17 14:49:34] trace  /app/index.php?i=1&uniacid=1&t=undefined&v=1.3&m=ewei_shopv2&from=wxapp&c=entry&a=wxapp&do=main&&state=we7sid-2c4d497de4992dec34e98472a7585dbd&sign=c4f1981375344af710fc57d15cfb1fec pn=upload; op=order; orderid=8087; 
上传
[2018-06-17 14:53:09] trace  /app/index.php?i=1&uniacid=1&t=undefined&v=1.3&m=ewei_shopv2&from=wxapp&c=entry&a=wxapp&do=main&&state=we7sid-ab7d56f4014d0b93279cb045354a81fa&sign=bef86f65eef391347756dc68eb541e0d pn=upload; op=order; orderid=8088; 
上传
[2018-06-17 14:57:12] trace  /app/index.php?i=1&uniacid=1&t=undefined&v=1.3&m=ewei_shopv2&from=wxapp&c=entry&a=wxapp&do=main&&state=we7sid-c389986619eb6dc7b114b5eab04903cf&sign=e7a8e2ca5bf5c32fe5252cbfe7b5e855 pn=upload; op=order; orderid=8089; 
上传
[2018-06-17 15:07:42] trace  /app/index.php?i=1&uniacid=1&t=undefined&v=1.3&m=ewei_shopv2&from=wxapp&c=entry&a=wxapp&do=main&&state=we7sid-beb9a12184b3eb3fe1a7c6da86ce4610&sign=48b33b6b080d1d6c69003dba08fd1a91 pn=upload; op=order; orderid=8090; 
上传
[2018-06-17 15:08:11] trace  /app/index.php?i=1&uniacid=1&t=undefined&v=1.3&m=ewei_shopv2&from=wxapp&c=entry&a=wxapp&do=main&&state=we7sid-c780a865e7df1994cd2cf42fb4eea90b&sign=51b9e57b5bc28f0cd5f96112bc3dc13f pn=upload; op=order; orderid=8091; 
上传
[2018-06-17 15:14:44] trace  /app/index.php?i=1&uniacid=1&t=undefined&v=1.3&m=ewei_shopv2&from=wxapp&c=entry&a=wxapp&do=main&&state=we7sid-816becbec962ec1e45f34454116dc22e&sign=ec4baee9341b10943f9c5eb3a81b979f pn=upload; op=order; orderid=8092; 
上传
[2018-06-17 15:54:17] trace  /app/index.php?i=1&uniacid=1&t=undefined&v=1.3&m=ewei_shopv2&from=wxapp&c=entry&a=wxapp&do=main&&state=we7sid-2420d514f413cd9eaa65235a83414b5f&sign=67dbf3e1ee30e0a995f26a4c330c5d83 pn=upload; op=order; orderid=8093; 
上传
[2018-06-17 15:59:25] trace  /app/index.php?i=1&uniacid=1&t=undefined&v=1.3&m=ewei_shopv2&from=wxapp&c=entry&a=wxapp&do=main&&state=we7sid-dd762308ca68d8b9b415191b5b337c41&sign=e97e00f29a93745dacd24e2fe095e3a9 pn=upload; op=order; orderid=8094; 
上传
[2018-06-17 15:59:44] trace  /app/index.php?i=1&uniacid=1&t=undefined&v=1.3&m=ewei_shopv2&from=wxapp&c=entry&a=wxapp&do=main&&state=we7sid-dd762308ca68d8b9b415191b5b337c41&sign=e97e00f29a93745dacd24e2fe095e3a9 pn=upload; op=order; orderid=8095; 
上传
[2018-06-17 16:25:26] trace  /app/index.php?i=1&uniacid=1&t=undefined&v=1.3&m=ewei_shopv2&from=wxapp&c=entry&a=wxapp&do=main&&state=we7sid-0f4211b12df97035d4f77b2a1d57b5fe&sign=076869b09d2d75dc260e0c65090986e1 pn=upload; op=order; orderid=8096; 
上传
[2018-06-17 16:27:43] trace  /app/index.php?i=1&uniacid=1&t=undefined&v=1.3&m=ewei_shopv2&from=wxapp&c=entry&a=wxapp&do=main&&state=we7sid-34c0dd1636c44370f4e76c2f796313e3&sign=532249ddff3ee799c4e220f70f8bffaa pn=upload; op=order; orderid=8097; 
上传
[2018-06-17 16:28:42] trace  /app/index.php?i=1&uniacid=1&t=undefined&v=1.3&m=ewei_shopv2&from=wxapp&c=entry&a=wxapp&do=main&&state=we7sid-34c0dd1636c44370f4e76c2f796313e3&sign=532249ddff3ee799c4e220f70f8bffaa pn=upload; op=order; orderid=8098; 
上传
[2018-06-17 16:29:00] trace  /app/index.php?i=1&uniacid=1&t=undefined&v=1.3&m=ewei_shopv2&from=wxapp&c=entry&a=wxapp&do=main&&state=we7sid-eb746dc849b04c139695e96c6c576bb3&sign=fb38863827727d42fe499b365ac2041c op=order; orderid=8099; pn=upload; 
上传
[2018-06-17 16:29:45] trace  /app/index.php?i=1&uniacid=1&t=undefined&v=1.3&m=ewei_shopv2&from=wxapp&c=entry&a=wxapp&do=main&&state=we7sid-4ae7ec6159b0a1a507f47ec0f8514f62&sign=f072ed076cb0e049842e69219765e758 pn=upload; op=order; orderid=8100; 
上传
[2018-06-17 16:37:28] trace  /app/index.php?i=1&uniacid=1&t=undefined&v=1.3&m=ewei_shopv2&from=wxapp&c=entry&a=wxapp&do=main&&state=we7sid-eb746dc849b04c139695e96c6c576bb3&sign=fb38863827727d42fe499b365ac2041c op=order; orderid=8101; pn=upload; 
上传
[2018-06-17 16:54:57] trace  /app/index.php?i=1&uniacid=1&t=undefined&v=1.3&m=ewei_shopv2&from=wxapp&c=entry&a=wxapp&do=main&&state=we7sid-21f5165311b11a944e8a86f9af479cf7&sign=10abbcdc89cc4ea588b7d8828c4d80f6 pn=upload; op=order; orderid=8102; 
上传
[2018-06-17 17:00:42] trace  /app/index.php?i=1&uniacid=1&t=undefined&v=1.3&m=ewei_shopv2&from=wxapp&c=entry&a=wxapp&do=main&&state=we7sid-690fbf309ad84561e7724a1d151d5020&sign=b924f428c7adef5304f9ce6901c972fb pn=upload; op=order; orderid=8103; 
上传
[2018-06-17 17:02:03] trace  /app/index.php?i=1&uniacid=1&t=undefined&v=1.3&m=ewei_shopv2&from=wxapp&c=entry&a=wxapp&do=main&&state=we7sid-690fbf309ad84561e7724a1d151d5020&sign=b924f428c7adef5304f9ce6901c972fb pn=upload; op=order; orderid=8104; 
上传
[2018-06-17 17:04:36] trace  /app/index.php?i=1&uniacid=1&t=undefined&v=1.3&m=ewei_shopv2&from=wxapp&c=entry&a=wxapp&do=main&&state=we7sid-690fbf309ad84561e7724a1d151d5020&sign=b924f428c7adef5304f9ce6901c972fb pn=upload; op=order; orderid=8105; 
上传
[2018-06-17 17:10:31] trace  /app/index.php?i=1&uniacid=1&t=undefined&v=1.3&m=ewei_shopv2&from=wxapp&c=entry&a=wxapp&do=main&&state=we7sid-814068645b776bc34801784f9a7466de&sign=6ce352ad20c8bdc4cd7699579c91bfa9 op=order; pn=upload; orderid=8106; 
上传
[2018-06-17 17:26:59] trace  /app/index.php?i=1&uniacid=1&t=undefined&v=1.3&m=ewei_shopv2&from=wxapp&c=entry&a=wxapp&do=main&&state=we7sid-ed65d7ae973ab3f309f06b2705908e93&sign=7866da90f2d1fbce6bd9d20b0920b021 op=order; pn=upload; orderid=8107; 
上传
[2018-06-17 17:29:12] trace  /app/index.php?i=1&uniacid=1&t=undefined&v=1.3&m=ewei_shopv2&from=wxapp&c=entry&a=wxapp&do=main&&state=we7sid-ed65d7ae973ab3f309f06b2705908e93&sign=7866da90f2d1fbce6bd9d20b0920b021 op=order; pn=upload; orderid=8108; 
上传
[2018-06-17 17:40:32] trace  /app/index.php?i=1&uniacid=1&t=undefined&v=1.3&m=ewei_shopv2&from=wxapp&c=entry&a=wxapp&do=main&&state=we7sid-ceb976c5ca25220322662e3f639d6a38&sign=e18daf867d3c51303f1c5e5f160dcf5b pn=upload; op=order; orderid=8109; 
上传
[2018-06-17 17:50:22] trace  /app/index.php?i=1&uniacid=1&t=undefined&v=1.3&m=ewei_shopv2&from=wxapp&c=entry&a=wxapp&do=main&&state=we7sid-064d469312e3963d97b0fac509f12369&sign=1915d4cf7fd4fabffcf7aaf7910c8d9f pn=upload; op=order; orderid=8110; 
上传
[2018-06-17 17:52:09] trace  /app/index.php?i=1&uniacid=1&t=undefined&v=1.3&m=ewei_shopv2&from=wxapp&c=entry&a=wxapp&do=main&&state=we7sid-064d469312e3963d97b0fac509f12369&sign=1915d4cf7fd4fabffcf7aaf7910c8d9f pn=upload; op=order; orderid=8111; 
上传
[2018-06-17 17:58:04] trace  /app/index.php?i=1&uniacid=1&t=undefined&v=1.3&m=ewei_shopv2&from=wxapp&c=entry&a=wxapp&do=main&&state=we7sid-b2f08ef0cf41f621a2d04fe74c9a285c&sign=0c2c7f5543df8a7441c4736bbc6abfa6 op=order; orderid=8112; pn=upload; 
上传
[2018-06-17 18:00:11] trace  /app/index.php?i=1&uniacid=1&t=undefined&v=1.3&m=ewei_shopv2&from=wxapp&c=entry&a=wxapp&do=main&&state=we7sid-cb76630e2d3d8a0d6f25561ba579418d&sign=d8650c4c636a8189d0a44f11e4cbb39b pn=upload; op=order; orderid=8113; 
上传
[2018-06-17 18:02:17] trace  /app/index.php?i=1&uniacid=1&t=undefined&v=1.3&m=ewei_shopv2&from=wxapp&c=entry&a=wxapp&do=main&&state=we7sid-cb76630e2d3d8a0d6f25561ba579418d&sign=d8650c4c636a8189d0a44f11e4cbb39b pn=upload; op=order; orderid=8114; 
上传
[2018-06-17 18:25:45] trace  /app/index.php?i=1&uniacid=1&t=undefined&v=1.3&m=ewei_shopv2&from=wxapp&c=entry&a=wxapp&do=main&&state=we7sid-6c0f194e339c15097a51082f995264e3&sign=57718d20ce65bc73a0d38bccbfdeb83b pn=upload; op=order; orderid=8115; 
上传
[2018-06-17 18:26:15] trace  /app/index.php?i=1&uniacid=1&t=undefined&v=1.3&m=ewei_shopv2&from=wxapp&c=entry&a=wxapp&do=main&&state=we7sid-6c0f194e339c15097a51082f995264e3&sign=57718d20ce65bc73a0d38bccbfdeb83b pn=upload; op=order; orderid=8116; 
上传
[2018-06-17 18:29:44] trace  /app/index.php?i=1&uniacid=1&t=undefined&v=1.3&m=ewei_shopv2&from=wxapp&c=entry&a=wxapp&do=main&&state=we7sid-463b96454ba8e8f92e7024fb68fc9937&sign=2c77439600d5cab899442c4b5916281d pn=upload; op=order; orderid=8117; 
上传
[2018-06-17 18:30:22] trace  /app/index.php?i=1&uniacid=1&t=undefined&v=1.3&m=ewei_shopv2&from=wxapp&c=entry&a=wxapp&do=main&&state=we7sid-463b96454ba8e8f92e7024fb68fc9937&sign=2c77439600d5cab899442c4b5916281d pn=upload; op=order; orderid=8118; 
上传
[2018-06-17 18:33:06] trace  /app/index.php?i=1&uniacid=1&t=undefined&v=1.3&m=ewei_shopv2&from=wxapp&c=entry&a=wxapp&do=main&&state=we7sid-ec970d5f8e997e35a94eaf6ba7c6713b&sign=52f9c4fa9d1476e812bcef7b87e73ee8 pn=upload; op=order; orderid=8119; 
上传
[2018-06-17 18:34:16] trace  /app/index.php?i=1&uniacid=1&t=undefined&v=1.3&m=ewei_shopv2&from=wxapp&c=entry&a=wxapp&do=main&&state=we7sid-064d469312e3963d97b0fac509f12369&sign=1915d4cf7fd4fabffcf7aaf7910c8d9f pn=upload; op=order; orderid=8120; 
上传
[2018-06-17 19:03:19] trace  /app/index.php?i=1&uniacid=1&t=undefined&v=1.3&m=ewei_shopv2&from=wxapp&c=entry&a=wxapp&do=main&&state=we7sid-9ddb17df5fb4fdc8469ff7471d65aae8&sign=b7ed4a4781e46325b5a8594dab7effc1 pn=upload; op=order; orderid=8121; 
上传
[2018-06-17 19:30:47] trace  /app/index.php?i=1&uniacid=1&t=undefined&v=1.3&m=ewei_shopv2&from=wxapp&c=entry&a=wxapp&do=main&&state=we7sid-322213f6e40660d28b038e93c075e676&sign=859bd4a4004bbbb5436b4dab681d5b7c pn=upload; op=order; orderid=8122; 
上传
[2018-06-17 19:33:07] trace  /app/index.php?i=1&uniacid=1&t=undefined&v=1.3&m=ewei_shopv2&from=wxapp&c=entry&a=wxapp&do=main&&state=we7sid-cd68cd87d7ad10aa22bb5bab224f4c9a&sign=358a76de59230ba8a2f94aae59e465e2 pn=upload; op=order; orderid=8123; 
上传
[2018-06-17 19:41:01] trace  /app/index.php?i=1&uniacid=1&t=undefined&v=1.3&m=ewei_shopv2&from=wxapp&c=entry&a=wxapp&do=main&&state=we7sid-70e17a9fcfaf4170aa6a9b48659bf26d&sign=ed89c12663ea13ebe30eab8bb19d8e5b pn=upload; op=order; orderid=8124; 
上传
[2018-06-17 19:41:47] trace  /app/index.php?i=1&uniacid=1&t=undefined&v=1.3&m=ewei_shopv2&from=wxapp&c=entry&a=wxapp&do=main&&state=we7sid-34b04ec0c82318a4ea7aa80e6dd15058&sign=228a220f52685b4b23af965367de68cb pn=upload; op=order; orderid=8125; 
上传
[2018-06-17 20:04:55] trace  /app/index.php?i=1&uniacid=1&t=undefined&v=1.3&m=ewei_shopv2&from=wxapp&c=entry&a=wxapp&do=main&&state=we7sid-ab401116996770df276a0ef7cd5241d0&sign=e93651ecbbf9992429987350da3abfcb pn=upload; op=order; orderid=8126; 
上传
[2018-06-17 20:13:26] trace  /app/index.php?i=1&uniacid=1&t=undefined&v=1.3&m=ewei_shopv2&from=wxapp&c=entry&a=wxapp&do=main&&state=we7sid-cb652997bb9df77c9e6d8444be846602&sign=bb707f6ef284337cfaa6239285dac4a9 pn=upload; op=order; orderid=8127; 
上传
[2018-06-17 20:27:26] trace  /app/index.php?i=1&uniacid=1&t=undefined&v=1.3&m=ewei_shopv2&from=wxapp&c=entry&a=wxapp&do=main&&state=we7sid-fae4c2e9bc3fee4b42aea633322195fb&sign=653a353111a04889293de8528dbdf551 pn=upload; op=order; orderid=8128; 
上传
[2018-06-17 20:28:38] trace  /app/index.php?i=1&uniacid=1&t=undefined&v=1.3&m=ewei_shopv2&from=wxapp&c=entry&a=wxapp&do=main&&state=we7sid-f55f97bd77bb30f2de54962a504db916&sign=341daf24de3422b2b2de42275a3b973c pn=upload; op=order; orderid=8129; 
上传
[2018-06-17 20:32:55] trace  /app/index.php?i=1&uniacid=1&t=undefined&v=1.3&m=ewei_shopv2&from=wxapp&c=entry&a=wxapp&do=main&&state=we7sid-56cb912a9a066169dbc6b58c74c75746&sign=e39b16f2906172fac4f4c768d394ca26 pn=upload; op=order; orderid=8130; 
上传
[2018-06-17 20:41:39] trace  /app/index.php?i=1&uniacid=1&t=undefined&v=1.3&m=ewei_shopv2&from=wxapp&c=entry&a=wxapp&do=main&&state=we7sid-268a519872f9abad88130e8e753fea66&sign=fb46d3e1020f603e2b58e24fdf7dae8a pn=upload; op=order; orderid=8131; 
上传
[2018-06-17 20:41:39] trace  /app/index.php?i=1&uniacid=1&t=undefined&v=1.3&m=ewei_shopv2&from=wxapp&c=entry&a=wxapp&do=main&&state=we7sid-268a519872f9abad88130e8e753fea66&sign=fb46d3e1020f603e2b58e24fdf7dae8a pn=upload; op=order; orderid=8131; 
上传
[2018-06-17 20:49:23] trace  /app/index.php?i=1&uniacid=1&t=undefined&v=1.3&m=ewei_shopv2&from=wxapp&c=entry&a=wxapp&do=main&&state=we7sid-79b201189e9e878b8513ad20ff0385a1&sign=c4ff1518c2a66d45ea564e4cf4384d66 pn=upload; op=order; orderid=8132; 
上传
[2018-06-17 20:57:29] trace  /app/index.php?i=1&uniacid=1&t=undefined&v=1.3&m=ewei_shopv2&from=wxapp&c=entry&a=wxapp&do=main&&state=we7sid-ce9e6eacb099ddc4cc03f902182378c7&sign=8197af7406ff288b6ce8d617b917341e pn=upload; op=order; orderid=8133; 
上传
[2018-06-17 21:05:09] trace  /app/index.php?i=1&uniacid=1&t=undefined&v=1.3&m=ewei_shopv2&from=wxapp&c=entry&a=wxapp&do=main&&state=we7sid-f45b52cee4e6e112748b76b723678354&sign=4c29b7250bf8edf95bda585ee0e137f0 pn=upload; op=order; orderid=8134; 
上传
[2018-06-17 21:17:47] trace  /app/index.php?i=1&uniacid=1&t=undefined&v=1.3&m=ewei_shopv2&from=wxapp&c=entry&a=wxapp&do=main&&state=we7sid-e437d0ff2a8d11fba03e333f55e18b45&sign=68878c07650222da860232a0efeed5c4 pn=upload; op=order; orderid=8135; 
上传
[2018-06-17 21:38:35] trace  /app/index.php?i=1&uniacid=1&t=undefined&v=1.3&m=ewei_shopv2&from=wxapp&c=entry&a=wxapp&do=main&&state=we7sid-eb29c7cdb8c18be9fc86b4da9a36c9bc&sign=b4125a4cb1c41b4b26bbc9c9fb347c62 pn=upload; op=order; orderid=8136; 
上传
[2018-06-17 21:40:02] trace  /app/index.php?i=1&uniacid=1&t=undefined&v=1.3&m=ewei_shopv2&from=wxapp&c=entry&a=wxapp&do=main&&state=we7sid-83c3b2c39868429d0059cbd43080aae2&sign=5d9b720a710ea22cc521423f3c4b3140 pn=upload; op=order; orderid=8137; 
上传
[2018-06-17 21:47:03] trace  /app/index.php?i=1&uniacid=1&t=undefined&v=1.3&m=ewei_shopv2&from=wxapp&c=entry&a=wxapp&do=main&&state=we7sid-8a2ebe3128b07313b00972869ceecf45&sign=7aaae78d6e9ea8fd47ef67d5469894e6 pn=upload; op=order; orderid=8138; 
上传
[2018-06-17 22:00:27] trace  /app/index.php?i=1&uniacid=1&t=undefined&v=1.3&m=ewei_shopv2&from=wxapp&c=entry&a=wxapp&do=main&&state=we7sid-604c74b0585bd5c42af2d4522461d099&sign=fc8a4a311cd4305e95acf6230a114615 pn=upload; op=order; orderid=8139; 
上传
[2018-06-17 22:19:04] trace  /app/index.php?i=1&uniacid=1&t=undefined&v=1.3&m=ewei_shopv2&from=wxapp&c=entry&a=wxapp&do=main&&state=we7sid-6d19674c6a7e257d4c85f75e86fcc920&sign=27b3d35ed8713a033cf6b682e6fadea6 pn=upload; op=order; orderid=8140; 
上传
[2018-06-17 22:22:46] trace  /app/index.php?i=1&uniacid=1&t=undefined&v=1.3&m=ewei_shopv2&from=wxapp&c=entry&a=wxapp&do=main&&state=we7sid-e9ce7747e4fe576302e5938aea9119a0&sign=e3b1a9ea8869af91fae5916635c3610c pn=upload; op=order; orderid=8141; 
上传
[2018-06-17 22:25:59] trace  /app/index.php?i=1&uniacid=1&t=undefined&v=1.3&m=ewei_shopv2&from=wxapp&c=entry&a=wxapp&do=main&&state=we7sid-6b3b27603c984fc73e37d645a1e42d21&sign=8adfba351ffb56ef0d0cbf47173e4f78 pn=upload; op=order; orderid=8142; 
上传
[2018-06-17 22:32:48] trace  /app/index.php?i=1&uniacid=1&t=undefined&v=1.3&m=ewei_shopv2&from=wxapp&c=entry&a=wxapp&do=main&&state=we7sid-57f1a77b8de7a9544ca7e22423a72b01&sign=992153a352e49a9225751e4f39d9d2d9 op=order; orderid=8143; pn=upload; 
上传
[2018-06-17 22:54:41] trace  /app/index.php?i=1&uniacid=1&t=undefined&v=1.3&m=ewei_shopv2&from=wxapp&c=entry&a=wxapp&do=main&&state=we7sid-40d9eeea6aeac88b6044d2a2b1a2808c&sign=083b86545d35eb861b488f0c6716171e pn=upload; op=order; orderid=8144; 
上传
[2018-06-17 22:54:52] trace  /app/index.php?i=1&uniacid=1&t=undefined&v=1.3&m=ewei_shopv2&from=wxapp&c=entry&a=wxapp&do=main&&state=we7sid-3278b6478abbd1f1dac79acf5620d4f9&sign=bd0e97d06e2a98d9b41ee78162422540 pn=upload; op=order; orderid=8145; 
上传
[2018-06-17 22:56:28] trace  /app/index.php?i=1&uniacid=1&t=undefined&v=1.3&m=ewei_shopv2&from=wxapp&c=entry&a=wxapp&do=main&&state=we7sid-6d4b7b003f0ba49c61411220869578a3&sign=cdd3f111cdb2ef88c54146aed4f87e12 pn=upload; op=order; orderid=8146; 
上传
[2018-06-17 23:02:39] trace  /app/index.php?i=1&uniacid=1&t=undefined&v=1.3&m=ewei_shopv2&from=wxapp&c=entry&a=wxapp&do=main&&state=we7sid-d1dd8448beab1fdaf23376948331708b&sign=d260c7d7e02542f675fd47bfec854114 pn=upload; op=order; orderid=8147; 
上传
[2018-06-17 23:02:53] trace  /app/index.php?i=1&uniacid=1&t=undefined&v=1.3&m=ewei_shopv2&from=wxapp&c=entry&a=wxapp&do=main&&state=we7sid-d1dd8448beab1fdaf23376948331708b&sign=d260c7d7e02542f675fd47bfec854114 pn=upload; op=order; orderid=8148; 
上传
[2018-06-17 23:17:51] trace  /app/index.php?i=1&uniacid=1&t=undefined&v=1.3&m=ewei_shopv2&from=wxapp&c=entry&a=wxapp&do=main&&state=we7sid-4339e753e86239c280a0ce5e3fa8faf8&sign=bf7414213be084a8b9f96688a805559e pn=upload; op=order; orderid=8149; 
上传
[2018-06-17 23:23:53] trace  /app/index.php?i=1&uniacid=1&t=undefined&v=1.3&m=ewei_shopv2&from=wxapp&c=entry&a=wxapp&do=main&&state=we7sid-62925b60264ddacb54a6c67a740a411a&sign=582226d66f11a5b4e736466231cb152a op=order; orderid=8150; pn=upload; 
上传
[2018-06-17 23:25:59] trace  /app/index.php?i=1&uniacid=1&t=undefined&v=1.3&m=ewei_shopv2&from=wxapp&c=entry&a=wxapp&do=main&&state=we7sid-0c29131fdce97aad38a30f739c01a68e&sign=117fffe8f02d2a4643f05eda6cca192a pn=upload; op=order; orderid=8151; 
上传
[2018-06-17 23:26:12] trace  /app/index.php?i=1&uniacid=1&t=undefined&v=1.3&m=ewei_shopv2&from=wxapp&c=entry&a=wxapp&do=main&&state=we7sid-6db6676be69a9fc296d23ee2c1bb2eac&sign=d5f60f74667d7f401aa3352954977041 pn=upload; op=order; orderid=8152; 
上传
[2018-06-17 23:37:35] trace  /app/index.php?i=1&uniacid=1&t=undefined&v=1.3&m=ewei_shopv2&from=wxapp&c=entry&a=wxapp&do=main&&state=we7sid-b28395e0f9cd19165a7057aa0ed9f609&sign=02f130e0d3fa6bf15c3ca9354d658031 pn=upload; op=order; orderid=8153; 
上传
[2018-06-17 23:43:11] trace  /app/index.php?i=1&uniacid=1&t=undefined&v=1.3&m=ewei_shopv2&from=wxapp&c=entry&a=wxapp&do=main&&state=we7sid-6337ada9fda392013866450a65fdeef5&sign=c622ef036ee1b5a2cb23e413e1cd5e31 pn=upload; op=order; orderid=8154; 
上传
[2018-06-17 23:43:30] trace  /app/index.php?i=1&uniacid=1&t=undefined&v=1.3&m=ewei_shopv2&from=wxapp&c=entry&a=wxapp&do=main&&state=we7sid-6337ada9fda392013866450a65fdeef5&sign=c622ef036ee1b5a2cb23e413e1cd5e31 pn=upload; op=order; orderid=8155; 
上传
[2018-06-17 23:57:21] trace  /app/index.php?i=1&uniacid=1&t=undefined&v=1.3&m=ewei_shopv2&from=wxapp&c=entry&a=wxapp&do=main&&state=we7sid-7f7cfff8db8a4ea2a0fe9a1219f84bec&sign=4a0ef14a3b986c7dc154035f3dafeaaf pn=upload; op=order; orderid=8156; 
上传
