[2018-06-18 00:02:44] trace  /app/index.php?i=1&uniacid=1&t=undefined&v=1.3&m=ewei_shopv2&from=wxapp&c=entry&a=wxapp&do=main&&state=we7sid-0e2aa8ee232ac2e7b01f8d7046f7fa51&sign=573e70facd6166acac5b9790c3bbcaa1 op=order; orderid=8157; pn=upload; 
上传
[2018-06-18 00:03:49] trace  /app/index.php?i=1&uniacid=1&t=undefined&v=1.3&m=ewei_shopv2&from=wxapp&c=entry&a=wxapp&do=main&&state=we7sid-cfd314e963cc92608f52aa726f72e5ea&sign=1b7fdb2e1c1e168f02f72b533737f0e1 pn=upload; op=author; orderid=7620; 
上传
[2018-06-18 00:05:14] trace  /app/index.php?i=1&uniacid=1&t=undefined&v=1.3&m=ewei_shopv2&from=wxapp&c=entry&a=wxapp&do=main&&state=we7sid-0e2aa8ee232ac2e7b01f8d7046f7fa51&sign=573e70facd6166acac5b9790c3bbcaa1 op=order; orderid=8158; pn=upload; 
上传
[2018-06-18 00:05:32] trace  /app/index.php?i=1&uniacid=1&t=undefined&v=1.3&m=ewei_shopv2&from=wxapp&c=entry&a=wxapp&do=main&&state=we7sid-0e2aa8ee232ac2e7b01f8d7046f7fa51&sign=573e70facd6166acac5b9790c3bbcaa1 op=order; orderid=8159; pn=upload; 
上传
[2018-06-18 00:06:11] trace  /app/index.php?i=1&uniacid=1&t=undefined&v=1.3&m=ewei_shopv2&from=wxapp&c=entry&a=wxapp&do=main&&state=we7sid-6337ada9fda392013866450a65fdeef5&sign=c622ef036ee1b5a2cb23e413e1cd5e31 pn=upload; op=order; orderid=8160; 
上传
[2018-06-18 00:08:52] trace  /app/index.php?i=1&uniacid=1&t=undefined&v=1.3&m=ewei_shopv2&from=wxapp&c=entry&a=wxapp&do=main&&state=we7sid-6337ada9fda392013866450a65fdeef5&sign=c622ef036ee1b5a2cb23e413e1cd5e31 pn=upload; op=order; orderid=8161; 
上传
[2018-06-18 00:09:16] trace  /app/index.php?i=1&uniacid=1&t=undefined&v=1.3&m=ewei_shopv2&from=wxapp&c=entry&a=wxapp&do=main&&state=we7sid-ffac4dcb7c122b57150ac4f69e180199&sign=c68fc96a651869f2e94fb9e00eb14820 pn=upload; op=order; orderid=8162; 
上传
[2018-06-18 00:09:31] trace  /app/index.php?i=1&uniacid=1&t=undefined&v=1.3&m=ewei_shopv2&from=wxapp&c=entry&a=wxapp&do=main&&state=we7sid-cfd314e963cc92608f52aa726f72e5ea&sign=1b7fdb2e1c1e168f02f72b533737f0e1 pn=upload; op=author; orderid=7622; 
上传
[2018-06-18 00:11:32] trace  /app/index.php?i=1&uniacid=1&t=undefined&v=1.3&m=ewei_shopv2&from=wxapp&c=entry&a=wxapp&do=main&&state=we7sid-ffac4dcb7c122b57150ac4f69e180199&sign=c68fc96a651869f2e94fb9e00eb14820 pn=upload; op=order; orderid=8163; 
上传
[2018-06-18 00:11:44] trace  /app/index.php?i=1&uniacid=1&t=undefined&v=1.3&m=ewei_shopv2&from=wxapp&c=entry&a=wxapp&do=main&&state=we7sid-ffac4dcb7c122b57150ac4f69e180199&sign=c68fc96a651869f2e94fb9e00eb14820 pn=upload; op=order; orderid=8164; 
上传
[2018-06-18 00:12:41] trace  /app/index.php?i=1&uniacid=1&t=undefined&v=1.3&m=ewei_shopv2&from=wxapp&c=entry&a=wxapp&do=main&&state=we7sid-ffac4dcb7c122b57150ac4f69e180199&sign=c68fc96a651869f2e94fb9e00eb14820 pn=upload; op=order; orderid=8165; 
上传
[2018-06-18 00:13:07] trace  /app/index.php?i=1&uniacid=1&t=undefined&v=1.3&m=ewei_shopv2&from=wxapp&c=entry&a=wxapp&do=main&&state=we7sid-81a9acd4a23e74be01d4ac5cb583ef60&sign=a75fa05e9256e911210a70777ed0dc3d pn=upload; op=order; orderid=8166; 
上传
[2018-06-18 00:17:08] trace  /app/index.php?i=1&uniacid=1&t=undefined&v=1.3&m=ewei_shopv2&from=wxapp&c=entry&a=wxapp&do=main&&state=we7sid-cfd314e963cc92608f52aa726f72e5ea&sign=1b7fdb2e1c1e168f02f72b533737f0e1 pn=upload; op=author; orderid=7655; 
上传
[2018-06-18 00:24:19] trace  /app/index.php?i=1&uniacid=1&t=undefined&v=1.3&m=ewei_shopv2&from=wxapp&c=entry&a=wxapp&do=main&&state=we7sid-cfd314e963cc92608f52aa726f72e5ea&sign=1b7fdb2e1c1e168f02f72b533737f0e1 pn=upload; op=author; orderid=7694; 
上传
[2018-06-18 00:27:22] trace  /app/index.php?i=1&uniacid=1&t=undefined&v=1.3&m=ewei_shopv2&from=wxapp&c=entry&a=wxapp&do=main&&state=we7sid-c2b12b572fc542154db9f669c8eb0583&sign=af6eb6d826296be827d87a23656f97ab pn=upload; op=order; orderid=8167; 
上传
[2018-06-18 00:28:34] trace  /app/index.php?i=1&uniacid=1&t=undefined&v=1.3&m=ewei_shopv2&from=wxapp&c=entry&a=wxapp&do=main&&state=we7sid-c2b12b572fc542154db9f669c8eb0583&sign=af6eb6d826296be827d87a23656f97ab pn=upload; op=order; orderid=8168; 
上传
[2018-06-18 00:32:01] trace  /app/index.php?i=1&uniacid=1&t=undefined&v=1.3&m=ewei_shopv2&from=wxapp&c=entry&a=wxapp&do=main&&state=we7sid-cfd314e963cc92608f52aa726f72e5ea&sign=1b7fdb2e1c1e168f02f72b533737f0e1 pn=upload; op=author; orderid=7704; 
上传
[2018-06-18 00:44:55] trace  /app/index.php?i=1&uniacid=1&t=undefined&v=1.3&m=ewei_shopv2&from=wxapp&c=entry&a=wxapp&do=main&&state=we7sid-617a0284955ff74da30bf4133d0820ea&sign=a42d341c222fd939e175e2c5d79c9dd1 pn=upload; op=order; orderid=8169; 
上传
[2018-06-18 00:54:50] trace  /app/index.php?i=1&uniacid=1&t=undefined&v=1.3&m=ewei_shopv2&from=wxapp&c=entry&a=wxapp&do=main&&state=we7sid-1afacaa9c9326bbb95e6dd3ef5b41701&sign=55f8b6d5ea0c889914fbb92aa6cb2efd pn=upload; op=order; orderid=8170; 
上传
[2018-06-18 00:59:12] trace  /app/index.php?i=1&uniacid=1&t=undefined&v=1.3&m=ewei_shopv2&from=wxapp&c=entry&a=wxapp&do=main&&state=we7sid-cfd314e963cc92608f52aa726f72e5ea&sign=1b7fdb2e1c1e168f02f72b533737f0e1 pn=upload; op=author; orderid=7707; 
上传
[2018-06-18 01:07:41] trace  /app/index.php?i=1&uniacid=1&t=undefined&v=1.3&m=ewei_shopv2&from=wxapp&c=entry&a=wxapp&do=main&&state=we7sid-cfd314e963cc92608f52aa726f72e5ea&sign=1b7fdb2e1c1e168f02f72b533737f0e1 pn=upload; op=author; orderid=7717; 
上传
[2018-06-18 01:19:18] trace  /app/index.php?i=1&uniacid=1&t=undefined&v=1.3&m=ewei_shopv2&from=wxapp&c=entry&a=wxapp&do=main&&state=we7sid-cfd314e963cc92608f52aa726f72e5ea&sign=1b7fdb2e1c1e168f02f72b533737f0e1 pn=upload; op=author; orderid=7721; 
上传
[2018-06-18 01:32:22] trace  /app/index.php?i=1&uniacid=1&t=undefined&v=1.3&m=ewei_shopv2&from=wxapp&c=entry&a=wxapp&do=main&&state=we7sid-cfd314e963cc92608f52aa726f72e5ea&sign=1b7fdb2e1c1e168f02f72b533737f0e1 pn=upload; op=author; orderid=7727; 
上传
[2018-06-18 01:44:28] trace  /app/index.php?i=1&uniacid=1&t=undefined&v=1.3&m=ewei_shopv2&from=wxapp&c=entry&a=wxapp&do=main&&state=we7sid-cfd314e963cc92608f52aa726f72e5ea&sign=1b7fdb2e1c1e168f02f72b533737f0e1 pn=upload; op=author; orderid=7745; 
上传
[2018-06-18 01:53:49] trace  /app/index.php?i=1&uniacid=1&t=undefined&v=1.3&m=ewei_shopv2&from=wxapp&c=entry&a=wxapp&do=main&&state=we7sid-cfd314e963cc92608f52aa726f72e5ea&sign=1b7fdb2e1c1e168f02f72b533737f0e1 pn=upload; op=author; orderid=7756; 
上传
[2018-06-18 01:54:51] trace  /app/index.php?i=1&uniacid=1&t=undefined&v=1.3&m=ewei_shopv2&from=wxapp&c=entry&a=wxapp&do=main&&state=we7sid-70f105708fe6aa3266d4fb73c0e4bbc6&sign=5148b02fe0d7a82eb5edb4e3b3366b0c pn=upload; op=order; orderid=8171; 
上传
[2018-06-18 03:56:57] trace  /app/index.php?i=1&uniacid=1&t=undefined&v=1.3&m=ewei_shopv2&from=wxapp&c=entry&a=wxapp&do=main&&state=we7sid-c7a962728f48b7a119b761f9da10f518&sign=cb6c6ff01ddfefae32325b9d921031b0 pn=upload; op=author; orderid=7776; 
上传
[2018-06-18 06:12:33] trace  /app/index.php?i=1&uniacid=1&t=undefined&v=1.3&m=ewei_shopv2&from=wxapp&c=entry&a=wxapp&do=main&&state=we7sid-281b66beb2d9b44441080616de979729&sign=3d1a9a98769295fe1d5966a6db1227ef pn=upload; op=order; orderid=8172; 
上传
[2018-06-18 06:44:44] trace  /app/index.php?i=1&uniacid=1&t=undefined&v=1.3&m=ewei_shopv2&from=wxapp&c=entry&a=wxapp&do=main&&state=we7sid-2d50a8e5afac068f31aed18d0e20e95b&sign=324ef67a871fd371c4683facf9380b2d pn=upload; op=order; orderid=8173; 
上传
[2018-06-18 07:01:12] trace  /app/index.php?i=1&uniacid=1&t=undefined&v=1.3&m=ewei_shopv2&from=wxapp&c=entry&a=wxapp&do=main&&state=we7sid-573a27df106f757d0287496b2c0ddfe4&sign=aeb6d90f2034294713c4fa25fda618e4 pn=upload; op=order; orderid=8174; 
上传
[2018-06-18 07:13:51] trace  /app/index.php?i=1&uniacid=1&t=undefined&v=1.3&m=ewei_shopv2&from=wxapp&c=entry&a=wxapp&do=main&&state=we7sid-2b452731b801308a04bf52ddc628547e&sign=efc9ac0799bfceba64a890cea48e4c78 pn=upload; op=order; orderid=8175; 
上传
[2018-06-18 07:45:44] trace  /app/index.php?i=1&uniacid=1&t=undefined&v=1.3&m=ewei_shopv2&from=wxapp&c=entry&a=wxapp&do=main&&state=we7sid-8af194ab5967ee53421e6b342221fdcd&sign=494d87c7d666bdcadd45069ebe8d4b71 pn=upload; op=order; orderid=8176; 
上传
[2018-06-18 08:01:28] trace  /app/index.php?i=1&uniacid=1&t=undefined&v=1.3&m=ewei_shopv2&from=wxapp&c=entry&a=wxapp&do=main&&state=we7sid-e514942686d50ce3d9a4045178b55698&sign=c8b16d99d392368ce276495b3a3357ab pn=upload; op=order; orderid=8177; 
上传
[2018-06-18 08:01:30] trace  /app/index.php?i=1&uniacid=1&t=undefined&v=1.3&m=ewei_shopv2&from=wxapp&c=entry&a=wxapp&do=main&&state=we7sid-19e0a4b334d4ef130fdf05c3d7ff8837&sign=a462262ed2cda29d2060bc3271a43e40 pn=upload; op=order; orderid=8178; 
上传
[2018-06-18 08:01:36] trace  /app/index.php?i=1&uniacid=1&t=undefined&v=1.3&m=ewei_shopv2&from=wxapp&c=entry&a=wxapp&do=main&&state=we7sid-e680eb3448acb5bb7ade3142b1800e87&sign=8b12e4b29f442587b5f0dc6861542b71 pn=upload; op=order; orderid=8179; 
上传
[2018-06-18 08:10:44] trace  /app/index.php?i=1&uniacid=1&t=undefined&v=1.3&m=ewei_shopv2&from=wxapp&c=entry&a=wxapp&do=main&&state=we7sid-95e0f8981d05e894d6ac3714cc108d55&sign=3b043992e808e963bfe4d82ba2260ce0 op=order; orderid=8180; pn=upload; 
上传
[2018-06-18 08:11:36] trace  /app/index.php?i=1&uniacid=1&t=undefined&v=1.3&m=ewei_shopv2&from=wxapp&c=entry&a=wxapp&do=main&&state=we7sid-95e0f8981d05e894d6ac3714cc108d55&sign=3b043992e808e963bfe4d82ba2260ce0 op=order; orderid=8181; pn=upload; 
上传
[2018-06-18 08:30:39] trace  /app/index.php?i=1&uniacid=1&t=undefined&v=1.3&m=ewei_shopv2&from=wxapp&c=entry&a=wxapp&do=main&&state=we7sid-03a1feda4702d0000e2df9a7b80fb980&sign=05b175ea5eb355f24451530f78c89504 pn=upload; op=order; orderid=8182; 
上传
[2018-06-18 09:24:53] trace  /app/index.php?i=1&uniacid=1&t=undefined&v=1.3&m=ewei_shopv2&from=wxapp&c=entry&a=wxapp&do=main&&state=we7sid-ee0bb23c62a909bfc6ec556e596bda37&sign=2bdfcdf19e60f40eaaeb56c7ecfe3b1b pn=upload; op=order; orderid=8183; 
上传
[2018-06-18 09:30:22] trace  /app/index.php?i=1&uniacid=1&t=undefined&v=1.3&m=ewei_shopv2&from=wxapp&c=entry&a=wxapp&do=main&&state=we7sid-b558686817d5d539324fb3c47a021c69&sign=650c6b4f2e4723b303c332abd6354aeb op=order; orderid=8184; pn=upload; 
上传
[2018-06-18 09:37:23] trace  /app/index.php?i=1&uniacid=1&t=undefined&v=1.3&m=ewei_shopv2&from=wxapp&c=entry&a=wxapp&do=main&&state=we7sid-4cdd7bee6da3f3b539522d163c711eac&sign=934ee5c0b2272cdc9459a37debc6ee81 pn=upload; op=order; orderid=8185; 
上传
[2018-06-18 09:37:23] trace  /app/index.php?i=1&uniacid=1&t=undefined&v=1.3&m=ewei_shopv2&from=wxapp&c=entry&a=wxapp&do=main&&state=we7sid-4cdd7bee6da3f3b539522d163c711eac&sign=934ee5c0b2272cdc9459a37debc6ee81 pn=upload; op=order; orderid=8185; 
上传
[2018-06-18 09:58:00] trace  /app/index.php?i=1&uniacid=1&t=undefined&v=1.3&m=ewei_shopv2&from=wxapp&c=entry&a=wxapp&do=main&&state=we7sid-24ccbc5639b34ff62996b050f822f740&sign=2fcdd84b29c5219b66cc7f7c65ac1bbb pn=upload; op=order; orderid=8186; 
上传
[2018-06-18 10:06:40] trace  /app/index.php?i=1&uniacid=1&t=undefined&v=1.3&m=ewei_shopv2&from=wxapp&c=entry&a=wxapp&do=main&&state=we7sid-24ccbc5639b34ff62996b050f822f740&sign=2fcdd84b29c5219b66cc7f7c65ac1bbb pn=upload; op=order; orderid=8187; 
上传
[2018-06-18 10:06:44] trace  /app/index.php?i=1&uniacid=1&t=undefined&v=1.3&m=ewei_shopv2&from=wxapp&c=entry&a=wxapp&do=main&&state=we7sid-24ccbc5639b34ff62996b050f822f740&sign=2fcdd84b29c5219b66cc7f7c65ac1bbb pn=upload; op=order; orderid=8188; 
上传
[2018-06-18 10:08:38] trace  /app/index.php?i=1&uniacid=1&t=undefined&v=1.3&m=ewei_shopv2&from=wxapp&c=entry&a=wxapp&do=main&&state=we7sid-ff28f6eafd277dbdbc1aa1c56f6ee52e&sign=836e7ea28d35c238387c6275de330169 pn=upload; op=order; orderid=8189; 
上传
[2018-06-18 10:10:57] trace  /app/index.php?i=1&uniacid=1&t=undefined&v=1.3&m=ewei_shopv2&from=wxapp&c=entry&a=wxapp&do=main&&state=we7sid-61a5adc98d5ba220dc6c6e48b3d71420&sign=c655fc34d8224fc6a1b81ddec1df7998 pn=upload; op=order; orderid=8190; 
上传
[2018-06-18 10:12:35] trace  /app/index.php?i=1&uniacid=1&t=undefined&v=1.3&m=ewei_shopv2&from=wxapp&c=entry&a=wxapp&do=main&&state=we7sid-a65810f01724fe151473b04ab70197cc&sign=95b5efeb89626ba168544c36ebc02ede pn=upload; op=order; orderid=8191; 
上传
[2018-06-18 10:33:44] trace  /app/index.php?i=1&uniacid=1&t=undefined&v=1.3&m=ewei_shopv2&from=wxapp&c=entry&a=wxapp&do=main&&state=we7sid-798bebc68f581f3027b426c5c202db1f&sign=25abe8f01c86a80d747865e2d74d20da pn=upload; op=order; orderid=8192; 
上传
[2018-06-18 11:01:12] trace  /app/index.php?i=1&uniacid=1&t=undefined&v=1.3&m=ewei_shopv2&from=wxapp&c=entry&a=wxapp&do=main&&state=we7sid-c033adef4c116a6a65f401e9dca54ea8&sign=e36a72ca1a86b2bbbca3d2c81ed1526c op=order; pn=upload; orderid=8193; 
上传
[2018-06-18 11:09:46] trace  /app/index.php?i=1&uniacid=1&t=undefined&v=1.3&m=ewei_shopv2&from=wxapp&c=entry&a=wxapp&do=main&&state=we7sid-1127e000273b930e1166ca776cff0cb0&sign=47881b1019f92987d5814883376537f4 pn=upload; op=order; orderid=8194; 
上传
[2018-06-18 11:10:33] trace  /app/index.php?i=1&uniacid=1&t=undefined&v=1.3&m=ewei_shopv2&from=wxapp&c=entry&a=wxapp&do=main&&state=we7sid-73f0d08e154997dea13bdd9c4807f92d&sign=e2a4dea6c99143329ce001e966df6458 pn=upload; op=order; orderid=8195; 
上传
[2018-06-18 11:11:13] trace  /app/index.php?i=1&uniacid=1&t=undefined&v=1.3&m=ewei_shopv2&from=wxapp&c=entry&a=wxapp&do=main&&state=we7sid-d7e7946698a2ffd73cc7e9c21c621059&sign=2c4d1fdd4101e9aa048bbdba8a0eca9f pn=upload; op=order; orderid=8196; 
上传
[2018-06-18 11:28:55] trace  /app/index.php?i=1&uniacid=1&t=undefined&v=1.3&m=ewei_shopv2&from=wxapp&c=entry&a=wxapp&do=main&&state=we7sid-5630cfae419a21e1310c4e59ca43f754&sign=3116c0189683d431ab975057f5fc4b75 op=order; pn=upload; orderid=8197; 
上传
[2018-06-18 11:31:45] trace  /app/index.php?i=1&uniacid=1&t=undefined&v=1.3&m=ewei_shopv2&from=wxapp&c=entry&a=wxapp&do=main&&state=we7sid-1e7f23419a5c818b45ff62a8f5ebc8b9&sign=cc333fe9cf02d0dcae5288c33fc41a87 pn=upload; op=order; orderid=8198; 
上传
[2018-06-18 11:42:16] trace  /app/index.php?i=1&uniacid=1&t=undefined&v=1.3&m=ewei_shopv2&from=wxapp&c=entry&a=wxapp&do=main&&state=we7sid-38915926f2737d35926603e63ffafb4f&sign=38a8950204ad355193c3e591016a6a5c pn=upload; op=order; orderid=8199; 
上传
[2018-06-18 11:50:30] trace  /app/index.php?i=1&uniacid=1&t=undefined&v=1.3&m=ewei_shopv2&from=wxapp&c=entry&a=wxapp&do=main&&state=we7sid-4f32e09ff1a5850d15850bc185f4fe0c&sign=2a7aa3b6afc0a5e8f9ac05880e689e2d pn=upload; op=order; orderid=8200; 
上传
[2018-06-18 12:03:04] trace  /app/index.php?i=1&uniacid=1&t=undefined&v=1.3&m=ewei_shopv2&from=wxapp&c=entry&a=wxapp&do=main&&state=we7sid-a44faec1c5faadebb3ce2e4386561ea4&sign=6635047ca79fa602ef48921ea18b852f pn=upload; op=order; orderid=8201; 
上传
[2018-06-18 12:10:23] trace  /app/index.php?i=1&uniacid=1&t=undefined&v=1.3&m=ewei_shopv2&from=wxapp&c=entry&a=wxapp&do=main&&state=we7sid-7e455696b9f224ee3e6c0fd67ac387e2&sign=6ea9afcb77f39233cecc6e9429f780d3 pn=upload; op=order; orderid=8202; 
上传
[2018-06-18 12:30:18] trace  /app/index.php?i=1&uniacid=1&t=undefined&v=1.3&m=ewei_shopv2&from=wxapp&c=entry&a=wxapp&do=main&&state=we7sid-39dd0aa5af3f6357d9980d5ed1264e69&sign=e02b4fdaca73d0ba249736f87fd0e0e4 pn=upload; op=order; orderid=8203; 
上传
[2018-06-18 12:38:35] trace  /app/index.php?i=1&uniacid=1&t=undefined&v=1.3&m=ewei_shopv2&from=wxapp&c=entry&a=wxapp&do=main&&state=we7sid-7f2b7901d61796383c13223f2d32a743&sign=692977e67e52a7ad96740b9a4ddc5ab0 pn=upload; op=order; orderid=8204; 
上传
[2018-06-18 12:48:54] trace  /app/index.php?i=1&uniacid=1&t=undefined&v=1.3&m=ewei_shopv2&from=wxapp&c=entry&a=wxapp&do=main&&state=we7sid-7601489c8f7f7cbac1a0b1b2b639d765&sign=c961fe4e5bdbec30971cc498cbcda281 pn=upload; op=order; orderid=8205; 
上传
[2018-06-18 12:52:31] trace  /app/index.php?i=1&uniacid=1&t=undefined&v=1.3&m=ewei_shopv2&from=wxapp&c=entry&a=wxapp&do=main&&state=we7sid-861e584e412e7c6ce05c8dad412187de&sign=eba6564e08ef2381a109dec99c96dc5a pn=upload; op=order; orderid=8206; 
上传
[2018-06-18 13:00:06] trace  /app/index.php?i=1&uniacid=1&t=undefined&v=1.3&m=ewei_shopv2&from=wxapp&c=entry&a=wxapp&do=main&&state=we7sid-7243c004c1a13a70f84f78b68f495676&sign=1d234deca0024173a0d4b3e64d4e9a25 pn=upload; op=order; orderid=8207; 
上传
[2018-06-18 13:08:58] trace  /app/index.php?i=1&uniacid=1&t=undefined&v=1.3&m=ewei_shopv2&from=wxapp&c=entry&a=wxapp&do=main&&state=we7sid-cfebbc3603aa55fe75ee0a5889c05e8c&sign=176da94cced48ef4488135efbb460285 pn=upload; op=order; orderid=8208; 
上传
[2018-06-18 13:13:05] trace  /app/index.php?i=1&uniacid=1&t=undefined&v=1.3&m=ewei_shopv2&from=wxapp&c=entry&a=wxapp&do=main&&state=we7sid-a134a5712f0dbbae71f3680c1a391caa&sign=f9efe3b35a2525786e06f9f5b6b4b216 pn=upload; op=order; orderid=8209; 
上传
[2018-06-18 13:17:09] trace  /app/index.php?i=1&uniacid=1&t=undefined&v=1.3&m=ewei_shopv2&from=wxapp&c=entry&a=wxapp&do=main&&state=we7sid-dbd729da0cb1cb09b4ebc851e2eb3889&sign=bece04d852483e504bb588df31b7d816 pn=upload; op=order; orderid=8210; 
上传
[2018-06-18 13:51:04] trace  /app/index.php?i=1&uniacid=1&t=undefined&v=1.3&m=ewei_shopv2&from=wxapp&c=entry&a=wxapp&do=main&&state=we7sid-87c771de1aebf1047b9e90ff6ebbd849&sign=4ad741e225a61fec29b0b3a13791a3c1 pn=upload; op=order; orderid=8211; 
上传
[2018-06-18 13:59:37] trace  /app/index.php?i=1&uniacid=1&t=undefined&v=1.3&m=ewei_shopv2&from=wxapp&c=entry&a=wxapp&do=main&&state=we7sid-3ffccd4c9b7e40308aca992a21205bd7&sign=4477c365114ab1a0d7ecd67268e87164 pn=upload; op=order; orderid=8212; 
上传
[2018-06-18 14:07:52] trace  /app/index.php?i=1&uniacid=1&t=undefined&v=1.3&m=ewei_shopv2&from=wxapp&c=entry&a=wxapp&do=main&&state=we7sid-2a1cce1ac3ec14f96afe1ffc7bfc87c9&sign=93063774bec534d0c161a1f01082a2d4 op=order; pn=upload; orderid=8213; 
上传
[2018-06-18 14:10:22] trace  /app/index.php?i=1&uniacid=1&t=undefined&v=1.3&m=ewei_shopv2&from=wxapp&c=entry&a=wxapp&do=main&&state=we7sid-2a1cce1ac3ec14f96afe1ffc7bfc87c9&sign=93063774bec534d0c161a1f01082a2d4 op=order; pn=upload; orderid=8214; 
上传
[2018-06-18 14:22:36] trace  /app/index.php?i=1&uniacid=1&t=undefined&v=1.3&m=ewei_shopv2&from=wxapp&c=entry&a=wxapp&do=main&&state=we7sid-bc67159951a5e1c67c3c5aabc3f835b4&sign=414eed873dd251fac63bd0f070ed7678 pn=upload; op=order; orderid=8215; 
上传
[2018-06-18 14:35:42] trace  /app/index.php?i=1&uniacid=1&t=undefined&v=1.3&m=ewei_shopv2&from=wxapp&c=entry&a=wxapp&do=main&&state=we7sid-47bf1ede44231886a2fcdfbe7036c278&sign=b94f47f1f2dd0fc0d1d9dfc73ff49897 pn=upload; op=order; orderid=8216; 
上传
[2018-06-18 14:39:44] trace  /app/index.php?i=1&uniacid=1&t=undefined&v=1.3&m=ewei_shopv2&from=wxapp&c=entry&a=wxapp&do=main&&state=we7sid-a36f551073b7d5d80e17aa1006637607&sign=6434ff2032dcc60b6a75bcd8f4341e22 pn=upload; op=order; orderid=8217; 
上传
[2018-06-18 15:00:39] trace  /app/index.php?i=1&uniacid=1&t=undefined&v=1.3&m=ewei_shopv2&from=wxapp&c=entry&a=wxapp&do=main&&state=we7sid-24397998f16a9ef04b52fb1cc56d15ba&sign=9cee075e5260258abd4affb38c850808 pn=upload; op=order; orderid=8218; 
上传
[2018-06-18 15:08:20] trace  /app/index.php?i=1&uniacid=1&t=undefined&v=1.3&m=ewei_shopv2&from=wxapp&c=entry&a=wxapp&do=main&&state=we7sid-56ea8cdf465f8b61db440f35247b5751&sign=d8c2b6e8bb7cfd7460ff6855466a1876 pn=upload; op=order; orderid=8219; 
上传
[2018-06-18 15:09:38] trace  /app/index.php?i=1&uniacid=1&t=undefined&v=1.3&m=ewei_shopv2&from=wxapp&c=entry&a=wxapp&do=main&&state=we7sid-56ea8cdf465f8b61db440f35247b5751&sign=d8c2b6e8bb7cfd7460ff6855466a1876 pn=upload; op=order; orderid=8220; 
上传
[2018-06-18 15:09:47] trace  /app/index.php?i=1&uniacid=1&t=undefined&v=1.3&m=ewei_shopv2&from=wxapp&c=entry&a=wxapp&do=main&&state=we7sid-56ea8cdf465f8b61db440f35247b5751&sign=d8c2b6e8bb7cfd7460ff6855466a1876 pn=upload; op=order; orderid=8221; 
上传
[2018-06-18 15:14:06] trace  /app/index.php?i=1&uniacid=1&t=undefined&v=1.3&m=ewei_shopv2&from=wxapp&c=entry&a=wxapp&do=main&&state=we7sid-d757f04e460497319ec569d9aba23922&sign=20c776c8de9e171f7530d5f728360166 pn=upload; op=order; orderid=8222; 
上传
[2018-06-18 16:19:36] trace  /app/index.php?i=1&uniacid=1&t=undefined&v=1.3&m=ewei_shopv2&from=wxapp&c=entry&a=wxapp&do=main&&state=we7sid-bf92f06af36a87b559573c00d24815a8&sign=21c27bf6d2ffcf79fd7a7e687c7b020c pn=upload; op=author; orderid=7817; 
上传
[2018-06-18 16:25:21] trace  /app/index.php?i=1&uniacid=1&t=undefined&v=1.3&m=ewei_shopv2&from=wxapp&c=entry&a=wxapp&do=main&&state=we7sid-a55188cddd4476788e80b667680705f0&sign=d8c1006250653e23ef6af507cd420f23 op=order; orderid=8223; pn=upload; 
上传
[2018-06-18 16:44:28] trace  /app/index.php?i=1&uniacid=1&t=undefined&v=1.3&m=ewei_shopv2&from=wxapp&c=entry&a=wxapp&do=main&&state=we7sid-faf8100bdebf5ab62e9bec03877ac6a0&sign=8f8e0dc27d596264a2bcd562decf5b90 pn=upload; op=order; orderid=8224; 
上传
[2018-06-18 16:59:51] trace  /app/index.php?i=1&uniacid=1&t=undefined&v=1.3&m=ewei_shopv2&from=wxapp&c=entry&a=wxapp&do=main&&state=we7sid-51d4543a061c4d60884d62feeead1836&sign=7be73efefc72866d28f9bbdc16ad671a pn=upload; op=order; orderid=8225; 
上传
[2018-06-18 17:02:05] trace  /app/index.php?i=1&uniacid=1&t=undefined&v=1.3&m=ewei_shopv2&from=wxapp&c=entry&a=wxapp&do=main&&state=we7sid-57d05646ff80201e9e75369a6114ad8d&sign=c6ced68f43539a959086d366c592433d pn=upload; op=order; orderid=8226; 
上传
[2018-06-18 17:02:19] trace  /app/index.php?i=1&uniacid=1&t=undefined&v=1.3&m=ewei_shopv2&from=wxapp&c=entry&a=wxapp&do=main&&state=we7sid-57d05646ff80201e9e75369a6114ad8d&sign=c6ced68f43539a959086d366c592433d pn=upload; op=order; orderid=8227; 
上传
[2018-06-18 17:26:51] trace  /app/index.php?i=1&uniacid=1&t=undefined&v=1.3&m=ewei_shopv2&from=wxapp&c=entry&a=wxapp&do=main&&state=we7sid-5991eae9b2db3928dd07ce31ce6713b3&sign=0ff0cc8cf46fcb6e0d1f9e4571273835 pn=upload; op=author; orderid=7820; 
上传
[2018-06-18 17:44:41] trace  /app/index.php?i=1&uniacid=1&t=undefined&v=1.3&m=ewei_shopv2&from=wxapp&c=entry&a=wxapp&do=main&&state=we7sid-6053dc2d1f4bde9e94291141e1258ece&sign=e10df2552dffe5fbe5448b795dfb566f pn=upload; op=order; orderid=8229; 
上传
[2018-06-18 17:48:10] trace  /app/index.php?i=1&uniacid=1&t=undefined&v=1.3&m=ewei_shopv2&from=wxapp&c=entry&a=wxapp&do=main&&state=we7sid-5991eae9b2db3928dd07ce31ce6713b3&sign=0ff0cc8cf46fcb6e0d1f9e4571273835 pn=upload; op=author; orderid=7821; 
上传
[2018-06-18 17:50:28] trace  /app/index.php?i=1&uniacid=1&t=undefined&v=1.3&m=ewei_shopv2&from=wxapp&c=entry&a=wxapp&do=main&&state=we7sid-74024f113b733bf03a51459c81197b75&sign=cb48f12743ff2f97721a374f4a791e15 pn=upload; op=order; orderid=8230; 
上传
[2018-06-18 17:53:53] trace  /app/index.php?i=1&uniacid=1&t=undefined&v=1.3&m=ewei_shopv2&from=wxapp&c=entry&a=wxapp&do=main&&state=we7sid-e98460f6c2ebcdcd02828461a3898307&sign=7c9aa6c251429e790ab3f9bba054fcb2 pn=upload; op=order; orderid=8231; 
上传
[2018-06-18 18:02:11] trace  /app/index.php?i=1&uniacid=1&t=undefined&v=1.3&m=ewei_shopv2&from=wxapp&c=entry&a=wxapp&do=main&&state=we7sid-b217f985cdbdfc7b34267fa9fe91c063&sign=82b64eb32e744f8cd38c78be111ea870 pn=upload; op=order; orderid=8232; 
上传
[2018-06-18 18:03:00] trace  /app/index.php?i=1&uniacid=1&t=undefined&v=1.3&m=ewei_shopv2&from=wxapp&c=entry&a=wxapp&do=main&&state=we7sid-b4e06ed5334bc5c28ea37278031624f1&sign=1af20095e3befecd46cf5a229222437d pn=upload; op=order; orderid=8233; 
上传
[2018-06-18 18:06:34] trace  /app/index.php?i=1&uniacid=1&t=undefined&v=1.3&m=ewei_shopv2&from=wxapp&c=entry&a=wxapp&do=main&&state=we7sid-5991eae9b2db3928dd07ce31ce6713b3&sign=0ff0cc8cf46fcb6e0d1f9e4571273835 pn=upload; op=author; orderid=7832; 
上传
[2018-06-18 18:09:12] trace  /app/index.php?i=1&uniacid=1&t=undefined&v=1.3&m=ewei_shopv2&from=wxapp&c=entry&a=wxapp&do=main&&state=we7sid-670511b60a77badbd1e77d3930ac1e01&sign=4bb0d392d2ebacc6dc7674788d62822f pn=upload; op=order; orderid=8234; 
上传
[2018-06-18 18:09:43] trace  /app/index.php?i=1&uniacid=1&t=undefined&v=1.3&m=ewei_shopv2&from=wxapp&c=entry&a=wxapp&do=main&&state=we7sid-670511b60a77badbd1e77d3930ac1e01&sign=4bb0d392d2ebacc6dc7674788d62822f pn=upload; op=order; orderid=8235; 
上传
[2018-06-18 18:13:33] trace  /app/index.php?i=1&uniacid=1&t=undefined&v=1.3&m=ewei_shopv2&from=wxapp&c=entry&a=wxapp&do=main&&state=we7sid-5991eae9b2db3928dd07ce31ce6713b3&sign=0ff0cc8cf46fcb6e0d1f9e4571273835 pn=upload; op=author; orderid=7867; 
上传
[2018-06-18 18:20:36] trace  /app/index.php?i=1&uniacid=1&t=undefined&v=1.3&m=ewei_shopv2&from=wxapp&c=entry&a=wxapp&do=main&&state=we7sid-5991eae9b2db3928dd07ce31ce6713b3&sign=0ff0cc8cf46fcb6e0d1f9e4571273835 pn=upload; op=author; orderid=7883; 
上传
[2018-06-18 18:22:48] trace  /app/index.php?i=1&uniacid=1&t=undefined&v=1.3&m=ewei_shopv2&from=wxapp&c=entry&a=wxapp&do=main&&state=we7sid-2a81d6d9d3d65ca875312918fb08b91f&sign=77864d19e1d02437d6badffc52ec171d pn=upload; op=order; orderid=8236; 
上传
[2018-06-18 18:23:00] trace  /app/index.php?i=1&uniacid=1&t=undefined&v=1.3&m=ewei_shopv2&from=wxapp&c=entry&a=wxapp&do=main&&state=we7sid-4a41295b3024069e9dc03698a2019e1c&sign=97463aa843b630a2bbb0be3e7ad78d44 pn=upload; op=order; orderid=8237; 
上传
[2018-06-18 18:27:33] trace  /app/index.php?i=1&uniacid=1&t=undefined&v=1.3&m=ewei_shopv2&from=wxapp&c=entry&a=wxapp&do=main&&state=we7sid-5991eae9b2db3928dd07ce31ce6713b3&sign=0ff0cc8cf46fcb6e0d1f9e4571273835 pn=upload; op=author; orderid=7884; 
上传
[2018-06-18 18:34:20] trace  /app/index.php?i=1&uniacid=1&t=undefined&v=1.3&m=ewei_shopv2&from=wxapp&c=entry&a=wxapp&do=main&&state=we7sid-5991eae9b2db3928dd07ce31ce6713b3&sign=0ff0cc8cf46fcb6e0d1f9e4571273835 pn=upload; op=author; orderid=7921; 
上传
[2018-06-18 18:36:27] trace  /app/index.php?i=1&uniacid=1&t=undefined&v=1.3&m=ewei_shopv2&from=wxapp&c=entry&a=wxapp&do=main&&state=we7sid-89a5c615e13cb0a99d37383e7db72b63&sign=f84f952866e40ca4d8f02aa30cffd7cb op=order; orderid=8238; pn=upload; 
上传
[2018-06-18 18:41:41] trace  /app/index.php?i=1&uniacid=1&t=undefined&v=1.3&m=ewei_shopv2&from=wxapp&c=entry&a=wxapp&do=main&&state=we7sid-5991eae9b2db3928dd07ce31ce6713b3&sign=0ff0cc8cf46fcb6e0d1f9e4571273835 pn=upload; op=author; orderid=7968; 
上传
[2018-06-18 18:59:37] trace  /app/index.php?i=1&uniacid=1&t=undefined&v=1.3&m=ewei_shopv2&from=wxapp&c=entry&a=wxapp&do=main&&state=we7sid-5991eae9b2db3928dd07ce31ce6713b3&sign=0ff0cc8cf46fcb6e0d1f9e4571273835 pn=upload; op=author; orderid=7984; 
上传
[2018-06-18 19:03:23] trace  /app/index.php?i=1&uniacid=1&t=undefined&v=1.3&m=ewei_shopv2&from=wxapp&c=entry&a=wxapp&do=main&&state=we7sid-c33b77edc225281038c49b31f49d2971&sign=732a8fd7a11891509e966e01f9608945 pn=upload; op=order; orderid=8239; 
上传
[2018-06-18 19:06:13] trace  /app/index.php?i=1&uniacid=1&t=undefined&v=1.3&m=ewei_shopv2&from=wxapp&c=entry&a=wxapp&do=main&&state=we7sid-5991eae9b2db3928dd07ce31ce6713b3&sign=0ff0cc8cf46fcb6e0d1f9e4571273835 pn=upload; op=author; orderid=8066; 
上传
[2018-06-18 19:11:21] trace  /app/index.php?i=1&uniacid=1&t=undefined&v=1.3&m=ewei_shopv2&from=wxapp&c=entry&a=wxapp&do=main&&state=we7sid-340a82b6f461de3ce5e68b26b7bffbec&sign=81f45c1ddab310fe52277b464e693453 pn=upload; op=order; orderid=8240; 
上传
[2018-06-18 19:20:06] trace  /app/index.php?i=1&uniacid=1&t=undefined&v=1.3&m=ewei_shopv2&from=wxapp&c=entry&a=wxapp&do=main&&state=we7sid-3e9a1eda47821b1ef19547dd29050bcc&sign=7133854c052e666600135f6351e6bebc pn=upload; op=order; orderid=8241; 
上传
[2018-06-18 19:22:09] trace  /app/index.php?i=1&uniacid=1&t=undefined&v=1.3&m=ewei_shopv2&from=wxapp&c=entry&a=wxapp&do=main&&state=we7sid-c8903d35b434efa74697abdd37192d4a&sign=b8ca60de1ac3cf9edcbed7483da76fe4 pn=upload; op=order; orderid=8242; 
上传
[2018-06-18 19:25:11] trace  /app/index.php?i=1&uniacid=1&t=undefined&v=1.3&m=ewei_shopv2&from=wxapp&c=entry&a=wxapp&do=main&&state=we7sid-0866349d2874acd6b65d732f5aa827c0&sign=f1650ea8241447d3f267815c6f405cb4 op=order; pn=upload; orderid=8243; 
上传
[2018-06-18 19:27:10] trace  /app/index.php?i=1&uniacid=1&t=undefined&v=1.3&m=ewei_shopv2&from=wxapp&c=entry&a=wxapp&do=main&&state=we7sid-5991eae9b2db3928dd07ce31ce6713b3&sign=0ff0cc8cf46fcb6e0d1f9e4571273835 pn=upload; op=author; orderid=8088; 
上传
[2018-06-18 19:31:14] trace  /app/index.php?i=1&uniacid=1&t=undefined&v=1.3&m=ewei_shopv2&from=wxapp&c=entry&a=wxapp&do=main&&state=we7sid-2674b12b83aa53d54fe7e17e42a51594&sign=88f87f19d9267f76ffb70695b3fb099f pn=upload; op=order; orderid=8244; 
上传
[2018-06-18 19:37:44] trace  /app/index.php?i=1&uniacid=1&t=undefined&v=1.3&m=ewei_shopv2&from=wxapp&c=entry&a=wxapp&do=main&&state=we7sid-5991eae9b2db3928dd07ce31ce6713b3&sign=0ff0cc8cf46fcb6e0d1f9e4571273835 pn=upload; op=author; orderid=8105; 
上传
[2018-06-18 19:45:17] trace  /app/index.php?i=1&uniacid=1&t=undefined&v=1.3&m=ewei_shopv2&from=wxapp&c=entry&a=wxapp&do=main&&state=we7sid-51c41bead5db9234be03d2ccd3a3dfa8&sign=92af283da1dec4abba556dede19b143c pn=upload; op=order; orderid=8245; 
上传
[2018-06-18 19:47:32] trace  /app/index.php?i=1&uniacid=1&t=undefined&v=1.3&m=ewei_shopv2&from=wxapp&c=entry&a=wxapp&do=main&&state=we7sid-5991eae9b2db3928dd07ce31ce6713b3&sign=0ff0cc8cf46fcb6e0d1f9e4571273835 pn=upload; op=author; orderid=8112; 
上传
[2018-06-18 19:53:18] trace  /app/index.php?i=1&uniacid=1&t=undefined&v=1.3&m=ewei_shopv2&from=wxapp&c=entry&a=wxapp&do=main&&state=we7sid-5991eae9b2db3928dd07ce31ce6713b3&sign=0ff0cc8cf46fcb6e0d1f9e4571273835 pn=upload; op=author; orderid=8136; 
上传
[2018-06-18 20:19:29] trace  /app/index.php?i=1&uniacid=1&t=undefined&v=1.3&m=ewei_shopv2&from=wxapp&c=entry&a=wxapp&do=main&&state=we7sid-b86a27822b27945957d4c84f5f6509c5&sign=87cf6cf50879ab9b7653c9ac0b1d7310 pn=upload; op=order; orderid=8246; 
上传
[2018-06-18 20:19:35] trace  /app/index.php?i=1&uniacid=1&t=undefined&v=1.3&m=ewei_shopv2&from=wxapp&c=entry&a=wxapp&do=main&&state=we7sid-b86a27822b27945957d4c84f5f6509c5&sign=87cf6cf50879ab9b7653c9ac0b1d7310 pn=upload; op=order; orderid=8247; 
上传
[2018-06-18 20:22:27] trace  /app/index.php?i=1&uniacid=1&t=undefined&v=1.3&m=ewei_shopv2&from=wxapp&c=entry&a=wxapp&do=main&&state=we7sid-64f824a5bfab4f1b14b68ae4c5c1019e&sign=d73771d4cb5caf7cd8cdda5039f8b58b op=order; orderid=8248; pn=upload; 
上传
[2018-06-18 20:26:23] trace  /app/index.php?i=1&uniacid=1&t=undefined&v=1.3&m=ewei_shopv2&from=wxapp&c=entry&a=wxapp&do=main&&state=we7sid-e7c3bbbdf62dd75c9be7f82bbf0216da&sign=de01b3ccffd31e85591b51bda023490c pn=upload; op=order; orderid=8249; 
上传
[2018-06-18 20:29:20] trace  /app/index.php?i=1&uniacid=1&t=undefined&v=1.3&m=ewei_shopv2&from=wxapp&c=entry&a=wxapp&do=main&&state=we7sid-6eca6db2bded982dfa1907b4a8975536&sign=b8d43678acdc0c48195beda775c14b75 pn=upload; op=order; orderid=8250; 
上传
[2018-06-18 20:29:28] trace  /app/index.php?i=1&uniacid=1&t=undefined&v=1.3&m=ewei_shopv2&from=wxapp&c=entry&a=wxapp&do=main&&state=we7sid-6eca6db2bded982dfa1907b4a8975536&sign=b8d43678acdc0c48195beda775c14b75 pn=upload; op=order; orderid=8251; 
上传
[2018-06-18 20:38:53] trace  /app/index.php?i=1&uniacid=1&t=undefined&v=1.3&m=ewei_shopv2&from=wxapp&c=entry&a=wxapp&do=main&&state=we7sid-9eef5ec0b322ca0d74c8ad29e4fef83d&sign=8340b497733250237c2876ea4ea044bf pn=upload; op=order; orderid=8252; 
上传
[2018-06-18 20:48:58] trace  /app/index.php?i=1&uniacid=1&t=undefined&v=1.3&m=ewei_shopv2&from=wxapp&c=entry&a=wxapp&do=main&&state=we7sid-ef7a57cb3adb7529a0080dd342b5b058&sign=b75cefef1cdcc8b8ff467933e720f603 op=order; orderid=8253; pn=upload; 
上传
[2018-06-18 20:53:32] trace  /app/index.php?i=1&uniacid=1&t=undefined&v=1.3&m=ewei_shopv2&from=wxapp&c=entry&a=wxapp&do=main&&state=we7sid-d95134e16760cc212308c7b1344bada1&sign=134b60cd048b0826b963e5af9acf0776 pn=upload; op=order; orderid=8254; 
上传
[2018-06-18 21:17:19] trace  /app/index.php?i=1&uniacid=1&t=undefined&v=1.3&m=ewei_shopv2&from=wxapp&c=entry&a=wxapp&do=main&&state=we7sid-d698891ce431ed44cc14923a5cddaefe&sign=3531270de062def00c00d10b92809809 pn=upload; op=order; orderid=8255; 
上传
[2018-06-18 21:17:21] trace  /app/index.php?i=1&uniacid=1&t=undefined&v=1.3&m=ewei_shopv2&from=wxapp&c=entry&a=wxapp&do=main&&state=we7sid-02ac2313af6a7332f8d5ea08c2c2a717&sign=64949b6f1b19b4f023bc8fda886fb044 pn=upload; op=order; orderid=8256; 
上传
[2018-06-18 21:36:49] trace  /app/index.php?i=1&uniacid=1&t=undefined&v=1.3&m=ewei_shopv2&from=wxapp&c=entry&a=wxapp&do=main&&state=we7sid-3f1ba36d3ae47318bf2d6a0251cc445e&sign=b411027524a9b1c4592c82516b71b64a pn=upload; op=order; orderid=8257; 
上传
[2018-06-18 21:55:21] trace  /app/index.php?i=1&uniacid=1&t=undefined&v=1.3&m=ewei_shopv2&from=wxapp&c=entry&a=wxapp&do=main&&state=we7sid-092f4a4138d22e8cf5216d78fb39673f&sign=be5e1e4e76f4719d124bae8606fa75e7 pn=upload; op=order; orderid=8259; 
上传
[2018-06-18 22:03:46] trace  /app/index.php?i=1&uniacid=1&t=undefined&v=1.3&m=ewei_shopv2&from=wxapp&c=entry&a=wxapp&do=main&&state=we7sid-fd79120d2672d02230f3bfb54a5813ec&sign=6220098f4b2b13053f1d70cb1a8c41b8 pn=upload; op=order; orderid=8260; 
上传
[2018-06-18 22:08:30] trace  /app/index.php?i=1&uniacid=1&t=undefined&v=1.3&m=ewei_shopv2&from=wxapp&c=entry&a=wxapp&do=main&&state=we7sid-8c5dfc494b81738cdb4885e417080c2c&sign=12eeae0fb0a607ad1accb1b5d14754e3 pn=upload; op=order; orderid=8261; 
上传
[2018-06-18 22:13:24] trace  /app/index.php?i=1&uniacid=1&t=undefined&v=1.3&m=ewei_shopv2&from=wxapp&c=entry&a=wxapp&do=main&&state=we7sid-eb58527277bd6fbf279d82df7c17c9e5&sign=8dd39720810d9e45a2cff81d2164eda6 pn=upload; op=order; orderid=8262; 
上传
[2018-06-18 22:19:55] trace  /app/index.php?i=1&uniacid=1&t=undefined&v=1.3&m=ewei_shopv2&from=wxapp&c=entry&a=wxapp&do=main&&state=we7sid-242057f5d5b46357e64d3e678176586b&sign=0286394c902ffa44dce4219b40dc80af op=order; orderid=8263; pn=upload; 
上传
[2018-06-18 22:19:58] trace  /app/index.php?i=1&uniacid=1&t=undefined&v=1.3&m=ewei_shopv2&from=wxapp&c=entry&a=wxapp&do=main&&state=we7sid-4c56db8e5e630931718a8bc333f916fd&sign=26e95aec525a629dbec21acbe0786065 pn=upload; op=order; orderid=8264; 
上传
[2018-06-18 22:25:16] trace  /app/index.php?i=1&uniacid=1&t=undefined&v=1.3&m=ewei_shopv2&from=wxapp&c=entry&a=wxapp&do=main&&state=we7sid-9734080ccb3d81cd3246cded75f39079&sign=476d8f096f8caf0ced54ce3883013bc2 pn=upload; op=order; orderid=8265; 
上传
[2018-06-18 22:34:59] trace  /app/index.php?i=1&uniacid=1&t=undefined&v=1.3&m=ewei_shopv2&from=wxapp&c=entry&a=wxapp&do=main&&state=we7sid-97221377682b17f842de03c92c743816&sign=8dedd98913a03d5870c4fe4651c9e682 pn=upload; op=order; orderid=8266; 
上传
[2018-06-18 22:57:03] trace  /app/index.php?i=1&uniacid=1&t=undefined&v=1.3&m=ewei_shopv2&from=wxapp&c=entry&a=wxapp&do=main&&state=we7sid-ce19e74fddfc0f8efb7deef6a62d40ae&sign=3c7ce6f881f626f70e6a3dc8433b4b62 pn=upload; op=order; orderid=8267; 
上传
[2018-06-18 23:04:37] trace  /app/index.php?i=1&uniacid=1&t=undefined&v=1.3&m=ewei_shopv2&from=wxapp&c=entry&a=wxapp&do=main&&state=we7sid-119d576a42ad31083f817c0eea56fba1&sign=1ad44d255d3c399eec4047d0300815e5 pn=upload; op=order; orderid=8268; 
上传
[2018-06-18 23:30:26] trace  /app/index.php?i=1&uniacid=1&t=undefined&v=1.3&m=ewei_shopv2&from=wxapp&c=entry&a=wxapp&do=main&&state=we7sid-9b42d8c990fca9e698a4805ddb801f45&sign=ed5ff61bb2f58ade4c4672388a89d070 pn=upload; op=order; orderid=8269; 
上传
[2018-06-18 23:40:51] trace  /app/index.php?i=1&uniacid=1&t=undefined&v=1.3&m=ewei_shopv2&from=wxapp&c=entry&a=wxapp&do=main&&state=we7sid-7c86d5d190ccde4b60792b6d35619021&sign=3c8fe7149765bcc57646a398621bc3ce pn=upload; op=order; orderid=8270; 
上传
[2018-06-18 23:44:46] trace  /app/index.php?i=1&uniacid=1&t=undefined&v=1.3&m=ewei_shopv2&from=wxapp&c=entry&a=wxapp&do=main&&state=we7sid-767b23c81df0cebc425b0a777bbe92b3&sign=9ffaa90898b656473b561bf040e5f4e1 pn=upload; op=order; orderid=8271; 
上传
[2018-06-18 23:45:04] trace  /app/index.php?i=1&uniacid=1&t=undefined&v=1.3&m=ewei_shopv2&from=wxapp&c=entry&a=wxapp&do=main&&state=we7sid-767b23c81df0cebc425b0a777bbe92b3&sign=9ffaa90898b656473b561bf040e5f4e1 pn=upload; op=order; orderid=8272; 
上传
[2018-06-18 23:56:46] trace  /app/index.php?i=1&uniacid=1&t=undefined&v=1.3&m=ewei_shopv2&from=wxapp&c=entry&a=wxapp&do=main&&state=we7sid-2fe5d50ef702eeb5f91129b6a78d3fed&sign=6243fb5c5fcc6571782e8793615ca768 pn=upload; op=order; orderid=8273; 
上传
