[2018-06-11 00:02:41] trace  /app/index.php?i=1&uniacid=1&t=undefined&v=1.1&m=ewei_shopv2&from=wxapp&c=entry&a=wxapp&do=main&&state=we7sid-437bb188da79af12570432caadb7d59e&sign=c428ba8ec7d14e70be24629b8245c9e4 pn=upload; op=order; orderid=7380; 
上传
[2018-06-11 00:16:44] trace  /app/index.php?i=1&uniacid=1&t=undefined&v=1.1&m=ewei_shopv2&from=wxapp&c=entry&a=wxapp&do=main&&state=we7sid-75214849598385d0709e29864cb21ae1&sign=05f9067f27ffb7b2d81bd41132b68709 pn=upload; op=order; orderid=7381; 
上传
[2018-06-11 01:24:00] trace  /app/index.php?i=1&uniacid=1&t=undefined&v=1.1&m=ewei_shopv2&from=wxapp&c=entry&a=wxapp&do=main&&state=we7sid-afac7f5b738bd09f23ea70376bb95f92&sign=2543e3ac8aec3f383c36520d73a43206 pn=upload; op=order; orderid=7382; 
上传
[2018-06-11 01:29:41] trace  /app/index.php?i=1&uniacid=1&t=undefined&v=1.1&m=ewei_shopv2&from=wxapp&c=entry&a=wxapp&do=main&&state=we7sid-bee7baee75db8ba5b13bb5b92ef569fd&sign=8cac574bc528b7313c6720fa0c931392 pn=upload; op=order; orderid=7383; 
上传
[2018-06-11 03:25:54] trace  /app/index.php?i=1&uniacid=1&t=undefined&v=1.1&m=ewei_shopv2&from=wxapp&c=entry&a=wxapp&do=main&&state=we7sid-0ce78d488566e7036b1ec00c9cf45f6d&sign=4fcd663ec6acfd0fe72134c596315b07 pn=upload; op=order; orderid=7384; 
上传
[2018-06-11 05:10:11] trace  /app/index.php?i=1&uniacid=1&t=undefined&v=1.1&m=ewei_shopv2&from=wxapp&c=entry&a=wxapp&do=main&&state=we7sid-792426acc241274e8b8a44959bf5c591&sign=eecb0b858e7679b3076636906fdd98f7 pn=upload; op=order; orderid=7385; 
上传
[2018-06-11 06:38:13] trace  /app/index.php?i=1&uniacid=1&t=undefined&v=1.1&m=ewei_shopv2&from=wxapp&c=entry&a=wxapp&do=main&&state=we7sid-0b42e661471fcbc60906ea1c7f0826f3&sign=a4deca9238c57d22fe1f3ec4ecf09683 pn=upload; op=order; orderid=7386; 
上传
[2018-06-11 07:51:15] trace  /app/index.php?i=1&uniacid=1&t=undefined&v=1.1&m=ewei_shopv2&from=wxapp&c=entry&a=wxapp&do=main&&state=we7sid-6c2756f5268f88b8afa11499d3315623&sign=7837917f2aa65df42287d8b5c70297ef pn=upload; op=order; orderid=7387; 
上传
[2018-06-11 08:07:36] trace  /app/index.php?i=1&uniacid=1&t=undefined&v=1.1&m=ewei_shopv2&from=wxapp&c=entry&a=wxapp&do=main&&state=we7sid-b091eeda9675cbeacffc2e17dfc695bc&sign=cf81529db9a008261c4d9df56598885d pn=upload; op=order; orderid=7388; 
上传
[2018-06-11 08:26:38] trace  /app/index.php?i=1&uniacid=1&t=undefined&v=1.1&m=ewei_shopv2&from=wxapp&c=entry&a=wxapp&do=main&&state=we7sid-8b94f4b6471510caafefca6bf4c52b96&sign=5ed69b7d12229e9dc289c192c0d36a40 pn=upload; op=order; orderid=7389; 
上传
[2018-06-11 09:27:10] trace  /app/index.php?i=1&uniacid=1&t=undefined&v=1.1&m=ewei_shopv2&from=wxapp&c=entry&a=wxapp&do=main&&state=we7sid-d72abe396c42769970aa6e3a1f4ae373&sign=1121b16476850552cfeccef9f731b2c5 pn=upload; op=order; orderid=7390; 
上传
[2018-06-11 09:34:24] trace  /app/index.php?i=1&uniacid=1&t=undefined&v=1.1&m=ewei_shopv2&from=wxapp&c=entry&a=wxapp&do=main&&state=we7sid-fa82579f6726a4a8754c7d67a37e817c&sign=b2a0f3095cddd910e11324a89bb05a27 pn=upload; op=order; orderid=7391; 
上传
[2018-06-11 10:06:37] trace  /app/index.php?i=1&uniacid=1&t=undefined&v=1.1&m=ewei_shopv2&from=wxapp&c=entry&a=wxapp&do=main&&state=we7sid-e111c5282639e3284cbfbe73f32094cb&sign=ecf7721dd0bfb701aab3b93c57478e45 pn=upload; op=order; orderid=7392; 
上传
[2018-06-11 11:03:45] trace  /app/index.php?i=1&uniacid=1&t=undefined&v=1.1&m=ewei_shopv2&from=wxapp&c=entry&a=wxapp&do=main&&state=we7sid-2c3f6d5179449561d399b85e3784e6f9&sign=2103a1550487fd2279614ac1a4f42ad7 pn=upload; op=order; orderid=7393; 
上传
[2018-06-11 11:04:14] trace  /app/index.php?i=1&uniacid=1&t=undefined&v=1.1&m=ewei_shopv2&from=wxapp&c=entry&a=wxapp&do=main&&state=we7sid-2e8ec32b946b5addc9dddaf8a6ada468&sign=1b2fea1700eb10e193d412a12eb98bbd pn=upload; op=order; orderid=7394; 
上传
[2018-06-11 11:41:18] trace  /app/index.php?i=1&uniacid=1&t=undefined&v=1.1&m=ewei_shopv2&from=wxapp&c=entry&a=wxapp&do=main&&state=we7sid-1e84226fd8405fff327d38329386b5c4&sign=1f314eb8249c56297330c8cdf3a34a05 pn=upload; op=order; orderid=7395; 
上传
[2018-06-11 11:57:12] trace  /app/index.php?i=1&uniacid=1&t=undefined&v=1.1&m=ewei_shopv2&from=wxapp&c=entry&a=wxapp&do=main&&state=we7sid-d2825828661e25fe873cd1174a355927&sign=24c57288140fb688135ef7dd75ccc32e pn=upload; op=order; orderid=7396; 
上传
[2018-06-11 12:10:15] trace  /app/index.php?i=1&uniacid=1&t=undefined&v=1.1&m=ewei_shopv2&from=wxapp&c=entry&a=wxapp&do=main&&state=we7sid-2f640fc0d344419bec3c0561151031d3&sign=996be59e869148baba15efba64c956f3 op=order; pn=upload; orderid=7397; 
上传
[2018-06-11 12:10:44] trace  /app/index.php?i=1&uniacid=1&t=undefined&v=1.1&m=ewei_shopv2&from=wxapp&c=entry&a=wxapp&do=main&&state=we7sid-3c92260e5461605b8bd190ea26844adc&sign=19da4ff4fe2f4b8d907cc1617d751cf4 op=order; pn=upload; orderid=7398; 
上传
[2018-06-11 12:34:15] trace  /app/index.php?i=1&uniacid=1&t=undefined&v=1.1&m=ewei_shopv2&from=wxapp&c=entry&a=wxapp&do=main&&state=we7sid-a3c06fad9bc854d9a39ef178ff069a03&sign=4de4aa63798505d86a4db3695af4da6f pn=upload; op=order; orderid=7399; 
上传
[2018-06-11 12:42:26] trace  /app/index.php?i=1&uniacid=1&t=undefined&v=1.1&m=ewei_shopv2&from=wxapp&c=entry&a=wxapp&do=main&&state=we7sid-782c389706a64c3918a737ecffcac6b1&sign=b29a85c736d341a72d92d1323cff1b73 pn=upload; op=order; orderid=7400; 
上传
[2018-06-11 12:42:26] trace  /app/index.php?i=1&uniacid=1&t=undefined&v=1.1&m=ewei_shopv2&from=wxapp&c=entry&a=wxapp&do=main&&state=we7sid-782c389706a64c3918a737ecffcac6b1&sign=b29a85c736d341a72d92d1323cff1b73 pn=upload; op=order; orderid=7401; 
上传
[2018-06-11 12:45:34] trace  /app/index.php?i=1&uniacid=1&t=undefined&v=1.1&m=ewei_shopv2&from=wxapp&c=entry&a=wxapp&do=main&&state=we7sid-bfac03eb6a055ec857459da3b3739a40&sign=c8e62f57e6e34341b514ca200a0e418a pn=upload; op=order; orderid=7402; 
上传
[2018-06-11 12:48:30] trace  /app/index.php?i=1&uniacid=1&t=undefined&v=1.1&m=ewei_shopv2&from=wxapp&c=entry&a=wxapp&do=main&&state=we7sid-542e6928102451a55390dbe7f80af9c0&sign=48df66fa729b7e9f04f9886b7d1b3e72 pn=upload; op=order; orderid=7403; 
上传
[2018-06-11 12:53:42] trace  /app/index.php?i=1&uniacid=1&t=undefined&v=1.1&m=ewei_shopv2&from=wxapp&c=entry&a=wxapp&do=main&&state=we7sid-cce8b354303d8aca5923f73c2a273abf&sign=7ae3df9fa78c5b8b1a435095293a75f2 op=order; orderid=7404; pn=upload; 
上传
[2018-06-11 13:24:27] trace  /app/index.php?i=1&uniacid=1&t=undefined&v=1.1&m=ewei_shopv2&from=wxapp&c=entry&a=wxapp&do=main&&state=we7sid-54f4edb67a3aed0e74c8bc8ab2c6f4a4&sign=7df471ce849c723b61756ea82733ef59 pn=upload; op=order; orderid=7405; 
上传
[2018-06-11 13:33:30] trace  /app/index.php?i=1&uniacid=1&t=undefined&v=1.1&m=ewei_shopv2&from=wxapp&c=entry&a=wxapp&do=main&&state=we7sid-b16550d1308ba1970ddc89c19886bc82&sign=4b1b7818535ec697eb8a9939c7cc4fd4 pn=upload; op=order; orderid=7406; 
上传
[2018-06-11 13:34:46] trace  /app/index.php?i=1&uniacid=1&t=undefined&v=1.1&m=ewei_shopv2&from=wxapp&c=entry&a=wxapp&do=main&&state=we7sid-daeffdca777393935ae9af45aa362fe9&sign=34e7329def0f4e50a9788e8bb02f476b pn=upload; op=order; orderid=7407; 
上传
[2018-06-11 13:36:34] trace  /app/index.php?i=1&uniacid=1&t=undefined&v=1.1&m=ewei_shopv2&from=wxapp&c=entry&a=wxapp&do=main&&state=we7sid-8e5718e00b4411e0b2bb9979b1b97183&sign=43cacb02d37bf29248902eb2dd137182 op=order; orderid=7408; pn=upload; 
上传
[2018-06-11 13:38:59] trace  /app/index.php?i=1&uniacid=1&t=undefined&v=1.1&m=ewei_shopv2&from=wxapp&c=entry&a=wxapp&do=main&&state=we7sid-6b21fdeb3b4a8cfe8942518422418be5&sign=fc16b000e9bc7cc49cfbde6376df6a5a pn=upload; op=order; orderid=7409; 
上传
[2018-06-11 13:54:47] trace  /app/index.php?i=1&uniacid=1&t=undefined&v=1.1&m=ewei_shopv2&from=wxapp&c=entry&a=wxapp&do=main&&state=we7sid-5c02b99f5736be1fb6244904bd84ab7d&sign=54891c705b2c82b96bf878da5b733989 pn=upload; op=order; orderid=7410; 
上传
[2018-06-11 14:03:05] trace  /app/index.php?i=1&uniacid=1&t=undefined&v=1.1&m=ewei_shopv2&from=wxapp&c=entry&a=wxapp&do=main&&state=we7sid-3cea4667e0935838f3fb598e08145dd3&sign=44c63fe4e15ac033ad3615cec5830282 pn=upload; op=order; orderid=7411; 
上传
[2018-06-11 14:05:17] trace  /app/index.php?i=1&uniacid=1&t=undefined&v=1.1&m=ewei_shopv2&from=wxapp&c=entry&a=wxapp&do=main&&state=we7sid-3cea4667e0935838f3fb598e08145dd3&sign=44c63fe4e15ac033ad3615cec5830282 pn=upload; op=order; orderid=7412; 
上传
[2018-06-11 14:11:29] trace  /app/index.php?i=1&uniacid=1&t=undefined&v=1.1&m=ewei_shopv2&from=wxapp&c=entry&a=wxapp&do=main&&state=we7sid-3cea4667e0935838f3fb598e08145dd3&sign=44c63fe4e15ac033ad3615cec5830282 pn=upload; op=order; orderid=7413; 
上传
[2018-06-11 14:18:18] trace  /app/index.php?i=1&uniacid=1&t=undefined&v=1.1&m=ewei_shopv2&from=wxapp&c=entry&a=wxapp&do=main&&state=we7sid-3cea4667e0935838f3fb598e08145dd3&sign=44c63fe4e15ac033ad3615cec5830282 pn=upload; op=order; orderid=7414; 
上传
[2018-06-11 14:34:16] trace  /app/index.php?i=1&uniacid=1&t=undefined&v=1.1&m=ewei_shopv2&from=wxapp&c=entry&a=wxapp&do=main&&state=we7sid-bff0a6e147d84e775367a76014505dcc&sign=57b40d344b89a7c1b1a36c058c29e564 pn=upload; op=order; orderid=7415; 
上传
[2018-06-11 14:40:27] trace  /app/index.php?i=1&uniacid=1&t=undefined&v=1.1&m=ewei_shopv2&from=wxapp&c=entry&a=wxapp&do=main&&state=we7sid-d0a52f9973dc5d4541a27c11ba570b67&sign=c321b8199f83eb967b5a695083ccae64 pn=upload; op=order; orderid=7416; 
上传
[2018-06-11 14:46:43] trace  /app/index.php?i=1&uniacid=1&t=undefined&v=1.1&m=ewei_shopv2&from=wxapp&c=entry&a=wxapp&do=main&&state=we7sid-9cac631b7c9f2a86d12456706b4ce32a&sign=87ac510b05413538a61c5ae9d452f356 pn=upload; op=order; orderid=7417; 
上传
[2018-06-11 15:38:02] trace  /app/index.php?i=1&uniacid=1&t=undefined&v=1.1&m=ewei_shopv2&from=wxapp&c=entry&a=wxapp&do=main&&state=we7sid-c617b19e4933364278895f6de32ad2df&sign=9ec5b413b36337d8474bfd9995b0f22d pn=upload; op=order; orderid=7418; 
上传
[2018-06-11 15:43:27] trace  /app/index.php?i=1&uniacid=1&t=undefined&v=1.1&m=ewei_shopv2&from=wxapp&c=entry&a=wxapp&do=main&&state=we7sid-1fd549701e4db09f16e5559d1b02508a&sign=1158eacc7a66ca9651382f227a7e0c6f op=order; orderid=7419; pn=upload; 
上传
[2018-06-11 15:43:33] trace  /app/index.php?i=1&uniacid=1&t=undefined&v=1.1&m=ewei_shopv2&from=wxapp&c=entry&a=wxapp&do=main&&state=we7sid-6c9dd97562fb022dbc1b56315d9c67e2&sign=814aff4029a02605dff424cc58c55711 pn=upload; op=order; orderid=7420; 
上传
[2018-06-11 15:44:18] trace  /app/index.php?i=1&uniacid=1&t=undefined&v=1.1&m=ewei_shopv2&from=wxapp&c=entry&a=wxapp&do=main&&state=we7sid-1fd549701e4db09f16e5559d1b02508a&sign=1158eacc7a66ca9651382f227a7e0c6f op=order; orderid=7421; pn=upload; 
上传
[2018-06-11 15:57:21] trace  /app/index.php?i=1&uniacid=1&t=undefined&v=1.1&m=ewei_shopv2&from=wxapp&c=entry&a=wxapp&do=main&&state=we7sid-2f519122daa7cd91f5edf79e3cd5ec04&sign=60e851f042621eb7abf73d696e2eb403 pn=upload; op=order; orderid=7422; 
上传
[2018-06-11 15:59:54] trace  /app/index.php?i=1&uniacid=1&t=undefined&v=1.1&m=ewei_shopv2&from=wxapp&c=entry&a=wxapp&do=main&&state=we7sid-06df7c19dd0ac9b2f7efb168b35be28c&sign=d1a91f877f020583642d1c77ee255221 pn=upload; op=order; orderid=7423; 
上传
[2018-06-11 16:05:42] trace  /app/index.php?i=1&uniacid=1&t=undefined&v=1.1&m=ewei_shopv2&from=wxapp&c=entry&a=wxapp&do=main&&state=we7sid-416f4830bc9ca40ab2acaaec2636c4b3&sign=0d82732782f579e91209d392f711a574 pn=upload; op=order; orderid=7424; 
上传
[2018-06-11 16:07:06] trace  /app/index.php?i=1&uniacid=1&t=undefined&v=1.1&m=ewei_shopv2&from=wxapp&c=entry&a=wxapp&do=main&&state=we7sid-c0f9c173f657a753f63d28b0e122bdb2&sign=a92a8fcccba85fa9734750e27072a884 pn=upload; op=order; orderid=7425; 
上传
[2018-06-11 16:27:56] trace  /app/index.php?i=1&uniacid=1&t=undefined&v=1.1&m=ewei_shopv2&from=wxapp&c=entry&a=wxapp&do=main&&state=we7sid-32f68db63e1c81529151027058ffdabe&sign=1919cea79cb48031af32d06e6861bbb7 pn=upload; op=order; orderid=7426; 
上传
[2018-06-11 16:37:57] trace  /app/index.php?i=1&uniacid=1&t=undefined&v=1.1&m=ewei_shopv2&from=wxapp&c=entry&a=wxapp&do=main&&state=we7sid-94b73a55cb01a1d32e40e13b6db32e01&sign=06ed667a8a3ceef734586213bc0b6d08 pn=upload; op=order; orderid=7427; 
上传
[2018-06-11 17:06:24] trace  /app/index.php?i=1&uniacid=1&t=undefined&v=1.1&m=ewei_shopv2&from=wxapp&c=entry&a=wxapp&do=main&&state=we7sid-b050a8b19d1108ae33b4f1100d2365eb&sign=6edc333cea205bb8994152f5561d26c0 pn=upload; op=order; orderid=7428; 
上传
[2018-06-11 17:12:07] trace  /app/index.php?i=1&uniacid=1&t=undefined&v=1.1&m=ewei_shopv2&from=wxapp&c=entry&a=wxapp&do=main&&state=we7sid-e9ca149cfc715eff0147f1c860f7e123&sign=90aa212f53ab1ac2ff8a70ffc6c10eb8 pn=upload; op=order; orderid=7429; 
上传
[2018-06-11 17:21:28] trace  /app/index.php?i=1&uniacid=1&t=undefined&v=1.1&m=ewei_shopv2&from=wxapp&c=entry&a=wxapp&do=main&&state=we7sid-4787cc744045b9f42b67373d1febf0de&sign=e2563dcd4277f27fed373ea60bcaae2a pn=upload; op=order; orderid=7430; 
上传
[2018-06-11 17:23:45] trace  /app/index.php?i=1&uniacid=1&t=undefined&v=1.1&m=ewei_shopv2&from=wxapp&c=entry&a=wxapp&do=main&&state=we7sid-9426897ced53eae4c5a2c81cbe780570&sign=3bd8b3c01a0638e0055653e1b0f28835 pn=upload; op=order; orderid=7431; 
上传
[2018-06-11 17:26:46] trace  /app/index.php?i=1&uniacid=1&t=undefined&v=1.1&m=ewei_shopv2&from=wxapp&c=entry&a=wxapp&do=main&&state=we7sid-625762520e94111bb75bd2f7593ff423&sign=c7a8f30206a173d130a06402516ce5c0 pn=upload; op=order; orderid=7432; 
上传
[2018-06-11 17:32:26] trace  /app/index.php?i=1&uniacid=1&t=undefined&v=1.1&m=ewei_shopv2&from=wxapp&c=entry&a=wxapp&do=main&&state=we7sid-f7c87a4da1a107b86d9dde0d3c350772&sign=8e45d16a23f6fb826948089cb2b241af pn=upload; op=order; orderid=7433; 
上传
[2018-06-11 17:33:10] trace  /app/index.php?i=1&uniacid=1&t=undefined&v=1.1&m=ewei_shopv2&from=wxapp&c=entry&a=wxapp&do=main&&state=we7sid-0c2f97811554615f341258f4e0f942d9&sign=066fe6f622af2d3cd0166d9763708976 pn=upload; op=order; orderid=7434; 
上传
[2018-06-11 17:36:35] trace  /app/index.php?i=1&uniacid=1&t=undefined&v=1.1&m=ewei_shopv2&from=wxapp&c=entry&a=wxapp&do=main&&state=we7sid-f5a792ef516dbf02822dc74152c623ae&sign=b2ed8aef75203b2a923d82fa6b36a57d op=order; orderid=7435; pn=upload; 
上传
[2018-06-11 17:41:11] trace  /app/index.php?i=1&uniacid=1&t=undefined&v=1.1&m=ewei_shopv2&from=wxapp&c=entry&a=wxapp&do=main&&state=we7sid-cb387616f88afca5ba26f75705b76ae1&sign=bd0bf54fd80f0704ea326d9ec72259e3 op=order; pn=upload; orderid=7436; 
上传
[2018-06-11 17:41:20] trace  /app/index.php?i=1&uniacid=1&t=undefined&v=1.1&m=ewei_shopv2&from=wxapp&c=entry&a=wxapp&do=main&&state=we7sid-f7c87a4da1a107b86d9dde0d3c350772&sign=8e45d16a23f6fb826948089cb2b241af pn=upload; op=order; orderid=7437; 
上传
[2018-06-11 17:42:10] trace  /app/index.php?i=1&uniacid=1&t=undefined&v=1.1&m=ewei_shopv2&from=wxapp&c=entry&a=wxapp&do=main&&state=we7sid-0c2f97811554615f341258f4e0f942d9&sign=066fe6f622af2d3cd0166d9763708976 pn=upload; op=order; orderid=7438; 
上传
[2018-06-11 18:06:21] trace  /app/index.php?i=1&uniacid=1&t=undefined&v=1.1&m=ewei_shopv2&from=wxapp&c=entry&a=wxapp&do=main&&state=we7sid-de0054d34fdeec5196e260d089d69e15&sign=cdd20ab0c5756b621639afa1e6bd6b85 pn=upload; op=order; orderid=7439; 
上传
[2018-06-11 18:15:37] trace  /app/index.php?i=1&uniacid=1&t=undefined&v=1.1&m=ewei_shopv2&from=wxapp&c=entry&a=wxapp&do=main&&state=we7sid-5b9404922543844a46aa000ccfe23d35&sign=5f17d51d6005a4b03721b7635c6bf1e6 pn=upload; op=order; orderid=7440; 
上传
[2018-06-11 18:15:58] trace  /app/index.php?i=1&uniacid=1&t=undefined&v=1.1&m=ewei_shopv2&from=wxapp&c=entry&a=wxapp&do=main&&state=we7sid-5b9404922543844a46aa000ccfe23d35&sign=5f17d51d6005a4b03721b7635c6bf1e6 pn=upload; op=order; orderid=7441; 
上传
[2018-06-11 18:16:21] trace  /app/index.php?i=1&uniacid=1&t=undefined&v=1.1&m=ewei_shopv2&from=wxapp&c=entry&a=wxapp&do=main&&state=we7sid-9cde4d4f9edf430f3eea3a3743842b57&sign=cd38e953da97e05d6394bdbdcf23837a pn=upload; op=order; orderid=7442; 
上传
[2018-06-11 18:17:51] trace  /app/index.php?i=1&uniacid=1&t=undefined&v=1.1&m=ewei_shopv2&from=wxapp&c=entry&a=wxapp&do=main&&state=we7sid-5b9404922543844a46aa000ccfe23d35&sign=5f17d51d6005a4b03721b7635c6bf1e6 pn=upload; op=order; orderid=7443; 
上传
[2018-06-11 18:21:18] trace  /app/index.php?i=1&uniacid=1&t=undefined&v=1.1&m=ewei_shopv2&from=wxapp&c=entry&a=wxapp&do=main&&state=we7sid-5b9404922543844a46aa000ccfe23d35&sign=5f17d51d6005a4b03721b7635c6bf1e6 pn=upload; op=order; orderid=7444; 
上传
[2018-06-11 18:22:41] trace  /app/index.php?i=1&uniacid=1&t=undefined&v=1.1&m=ewei_shopv2&from=wxapp&c=entry&a=wxapp&do=main&&state=we7sid-5b9404922543844a46aa000ccfe23d35&sign=5f17d51d6005a4b03721b7635c6bf1e6 pn=upload; op=order; orderid=7445; 
上传
[2018-06-11 18:33:20] trace  /app/index.php?i=1&uniacid=1&t=undefined&v=1.1&m=ewei_shopv2&from=wxapp&c=entry&a=wxapp&do=main&&state=we7sid-b337b9c65e2774ad568f41bf682aa0bf&sign=171932280d8d4f5f68d8102ee633c96b pn=upload; op=order; orderid=7446; 
上传
[2018-06-11 19:00:10] trace  /app/index.php?i=1&uniacid=1&t=undefined&v=1.1&m=ewei_shopv2&from=wxapp&c=entry&a=wxapp&do=main&&state=we7sid-db46dfbc580566e2d6d5d4de8e696fce&sign=3d071a1b21600ba23c0198126979d14d pn=upload; op=order; orderid=7447; 
上传
[2018-06-11 19:03:12] trace  /app/index.php?i=1&uniacid=1&t=undefined&v=1.1&m=ewei_shopv2&from=wxapp&c=entry&a=wxapp&do=main&&state=we7sid-d678008b198cc60a358c852d76c3cc76&sign=a8d37a6cbcd2d3d5dc9a3b451faf5bf1 pn=upload; op=author; orderid=7092; 
上传
[2018-06-11 19:15:19] trace  /app/index.php?i=1&uniacid=1&t=undefined&v=1.1&m=ewei_shopv2&from=wxapp&c=entry&a=wxapp&do=main&&state=we7sid-d678008b198cc60a358c852d76c3cc76&sign=a8d37a6cbcd2d3d5dc9a3b451faf5bf1 pn=upload; op=author; orderid=7112; 
上传
[2018-06-11 19:16:20] trace  /app/index.php?i=1&uniacid=1&t=undefined&v=1.1&m=ewei_shopv2&from=wxapp&c=entry&a=wxapp&do=main&&state=we7sid-d0fee66495bcf75f2b556552c5a61c88&sign=4a81f5c7a1904ad02d754b81b22a3ab5 pn=upload; op=order; orderid=7448; 
上传
[2018-06-11 19:17:15] trace  /app/index.php?i=1&uniacid=1&t=undefined&v=1.1&m=ewei_shopv2&from=wxapp&c=entry&a=wxapp&do=main&&state=we7sid-ff1101eb11d7c55f20b6ecdac7e99810&sign=e0e32f92647a9e0f14379bb13f587b61 pn=upload; op=order; orderid=7449; 
上传
[2018-06-11 19:22:08] trace  /app/index.php?i=1&uniacid=1&t=undefined&v=1.1&m=ewei_shopv2&from=wxapp&c=entry&a=wxapp&do=main&&state=we7sid-b3100d8f1f56537990a156ed89000cb4&sign=90415dbc86dc690fc5e30c3590b6fbe0 pn=upload; op=order; orderid=7450; 
上传
[2018-06-11 19:24:58] trace  /app/index.php?i=1&uniacid=1&t=undefined&v=1.1&m=ewei_shopv2&from=wxapp&c=entry&a=wxapp&do=main&&state=we7sid-98a66151016dfde2e867dbd2caf87faa&sign=8d88a1abfaae092e40176aac7d6085f9 pn=upload; op=order; orderid=7451; 
上传
[2018-06-11 19:25:15] trace  /app/index.php?i=1&uniacid=1&t=undefined&v=1.1&m=ewei_shopv2&from=wxapp&c=entry&a=wxapp&do=main&&state=we7sid-98a66151016dfde2e867dbd2caf87faa&sign=8d88a1abfaae092e40176aac7d6085f9 pn=upload; op=order; orderid=7452; 
上传
[2018-06-11 19:25:40] trace  /app/index.php?i=1&uniacid=1&t=undefined&v=1.1&m=ewei_shopv2&from=wxapp&c=entry&a=wxapp&do=main&&state=we7sid-0560511b3b6ab6f8100e6a5f18449b5c&sign=0802020fe38563b03d1434d5b002e34a pn=upload; op=order; orderid=7453; 
上传
[2018-06-11 19:26:18] trace  /app/index.php?i=1&uniacid=1&t=undefined&v=1.1&m=ewei_shopv2&from=wxapp&c=entry&a=wxapp&do=main&&state=we7sid-69becf8603b4e7521eec01bb58134b82&sign=74b51de4f4ceeb10d06947a8537100ff pn=upload; op=order; orderid=7454; 
上传
[2018-06-11 19:28:00] trace  /app/index.php?i=1&uniacid=1&t=undefined&v=1.1&m=ewei_shopv2&from=wxapp&c=entry&a=wxapp&do=main&&state=we7sid-d678008b198cc60a358c852d76c3cc76&sign=a8d37a6cbcd2d3d5dc9a3b451faf5bf1 pn=upload; op=author; orderid=7130; 
上传
[2018-06-11 19:30:14] trace  /app/index.php?i=1&uniacid=1&t=undefined&v=1.1&m=ewei_shopv2&from=wxapp&c=entry&a=wxapp&do=main&&state=we7sid-600ee1f84ff179401a056df90fccf4d5&sign=41a3d6ea16c0963f0f9549619197ccc8 pn=upload; op=order; orderid=7455; 
上传
[2018-06-11 19:30:17] trace  /app/index.php?i=1&uniacid=1&t=undefined&v=1.1&m=ewei_shopv2&from=wxapp&c=entry&a=wxapp&do=main&&state=we7sid-e2d7fae2c79e6041f3c3b9c77ce4b13b&sign=26840edd53f68e5771da00a30d109a00 pn=upload; op=order; orderid=7456; 
上传
[2018-06-11 19:32:34] trace  /app/index.php?i=1&uniacid=1&t=undefined&v=1.1&m=ewei_shopv2&from=wxapp&c=entry&a=wxapp&do=main&&state=we7sid-69becf8603b4e7521eec01bb58134b82&sign=74b51de4f4ceeb10d06947a8537100ff pn=upload; op=order; orderid=7457; 
上传
[2018-06-11 19:36:31] trace  /app/index.php?i=1&uniacid=1&t=undefined&v=1.1&m=ewei_shopv2&from=wxapp&c=entry&a=wxapp&do=main&&state=we7sid-edc8b73fda8e119e70680ac0d45a2e93&sign=4fd41d9f3eccf3bd145b9df0a505f534 pn=upload; op=order; orderid=7458; 
上传
[2018-06-11 19:37:24] trace  /app/index.php?i=1&uniacid=1&t=undefined&v=1.1&m=ewei_shopv2&from=wxapp&c=entry&a=wxapp&do=main&&state=we7sid-d678008b198cc60a358c852d76c3cc76&sign=a8d37a6cbcd2d3d5dc9a3b451faf5bf1 pn=upload; op=author; orderid=7146; 
上传
[2018-06-11 19:39:23] trace  /app/index.php?i=1&uniacid=1&t=undefined&v=1.1&m=ewei_shopv2&from=wxapp&c=entry&a=wxapp&do=main&&state=we7sid-ce149f024a025929f172d59e40479524&sign=8eabfe26e0d0d3208c0b2bf4a71a2e64 pn=upload; op=order; orderid=7459; 
上传
[2018-06-11 19:42:14] trace  /app/index.php?i=1&uniacid=1&t=undefined&v=1.1&m=ewei_shopv2&from=wxapp&c=entry&a=wxapp&do=main&&state=we7sid-d678008b198cc60a358c852d76c3cc76&sign=a8d37a6cbcd2d3d5dc9a3b451faf5bf1 pn=upload; op=author; orderid=7164; 
上传
[2018-06-11 19:50:25] trace  /app/index.php?i=1&uniacid=1&t=undefined&v=1.1&m=ewei_shopv2&from=wxapp&c=entry&a=wxapp&do=main&&state=we7sid-d678008b198cc60a358c852d76c3cc76&sign=a8d37a6cbcd2d3d5dc9a3b451faf5bf1 pn=upload; op=author; orderid=7192; 
上传
[2018-06-11 20:42:52] trace  /app/index.php?i=1&uniacid=1&t=undefined&v=1.1&m=ewei_shopv2&from=wxapp&c=entry&a=wxapp&do=main&&state=we7sid-8fb8aef952e2d85491954c910975873c&sign=b910935ce61b146b3873478c6150610b pn=upload; op=order; orderid=7460; 
上传
[2018-06-11 20:50:02] trace  /app/index.php?i=1&uniacid=1&t=undefined&v=1.1&m=ewei_shopv2&from=wxapp&c=entry&a=wxapp&do=main&&state=we7sid-3630888494c5344c171665e745110be9&sign=14ea91d2b67651ef61318aac7c3e2cc7 pn=upload; op=order; orderid=7461; 
上传
[2018-06-11 21:07:24] trace  /app/index.php?i=1&uniacid=1&t=undefined&v=1.1&m=ewei_shopv2&from=wxapp&c=entry&a=wxapp&do=main&&state=we7sid-8b49030a8aebcf856b40e27dc1e1c34d&sign=0bfc8cb3c5e05734f63c209207f32dda pn=upload; op=order; orderid=7462; 
上传
[2018-06-11 21:09:22] trace  /app/index.php?i=1&uniacid=1&t=undefined&v=1.1&m=ewei_shopv2&from=wxapp&c=entry&a=wxapp&do=main&&state=we7sid-3d818eaf8876499f92f5da700658d178&sign=7f3b66f28a41da5e930f8d41920c0f44 pn=upload; op=order; orderid=7463; 
上传
[2018-06-11 21:09:57] trace  /app/index.php?i=1&uniacid=1&t=undefined&v=1.1&m=ewei_shopv2&from=wxapp&c=entry&a=wxapp&do=main&&state=we7sid-3d818eaf8876499f92f5da700658d178&sign=7f3b66f28a41da5e930f8d41920c0f44 pn=upload; op=order; orderid=7464; 
上传
[2018-06-11 21:20:41] trace  /app/index.php?i=1&uniacid=1&t=undefined&v=1.1&m=ewei_shopv2&from=wxapp&c=entry&a=wxapp&do=main&&state=we7sid-20f472d90fa3a37c43297b029a478e97&sign=a463daa76d600cd1abfd9550d69cd900 pn=upload; op=order; orderid=7465; 
上传
[2018-06-11 21:29:51] trace  /app/index.php?i=1&uniacid=1&t=undefined&v=1.1&m=ewei_shopv2&from=wxapp&c=entry&a=wxapp&do=main&&state=we7sid-74e2435c62a5f4042f617800540b590b&sign=245083b86a607cc7d411a2a91f897922 pn=upload; op=order; orderid=7466; 
上传
[2018-06-11 21:39:04] trace  /app/index.php?i=1&uniacid=1&t=undefined&v=1.1&m=ewei_shopv2&from=wxapp&c=entry&a=wxapp&do=main&&state=we7sid-82df26c096d2657f7fa0085a918bb3c6&sign=dc9e84656ff82a4ea3175f5119d9bf31 pn=upload; op=order; orderid=7467; 
上传
[2018-06-11 21:40:19] trace  /app/index.php?i=1&uniacid=1&t=undefined&v=1.1&m=ewei_shopv2&from=wxapp&c=entry&a=wxapp&do=main&&state=we7sid-82df26c096d2657f7fa0085a918bb3c6&sign=dc9e84656ff82a4ea3175f5119d9bf31 pn=upload; op=order; orderid=7468; 
上传
[2018-06-11 21:55:20] trace  /app/index.php?i=1&uniacid=1&t=undefined&v=1.1&m=ewei_shopv2&from=wxapp&c=entry&a=wxapp&do=main&&state=we7sid-7fbef22cce6e6ba12c39681572a7462f&sign=121733ae89a4a9a4cf04155c1382d89c pn=upload; op=order; orderid=7469; 
上传
[2018-06-11 22:08:38] trace  /app/index.php?i=1&uniacid=1&t=undefined&v=1.1&m=ewei_shopv2&from=wxapp&c=entry&a=wxapp&do=main&&state=we7sid-692c0b84f3662f66fac6a1d7aaa1ab3a&sign=81af834825a9a0be8dca1ffa41a281d1 pn=upload; op=order; orderid=7470; 
上传
[2018-06-11 22:12:34] trace  /app/index.php?i=1&uniacid=1&t=undefined&v=1.1&m=ewei_shopv2&from=wxapp&c=entry&a=wxapp&do=main&&state=we7sid-0731b9458341b5a92c062f59e5fb4a33&sign=7b437592b32691d5140e99ecdd8916e1 pn=upload; op=order; orderid=7471; 
上传
[2018-06-11 22:13:42] trace  /app/index.php?i=1&uniacid=1&t=undefined&v=1.1&m=ewei_shopv2&from=wxapp&c=entry&a=wxapp&do=main&&state=we7sid-9d5754cd0b06d6454c8f24fc2aed33bc&sign=985cddfb0b98ffff3381990c9692302d pn=upload; op=order; orderid=7472; 
上传
[2018-06-11 22:39:16] trace  /app/index.php?i=1&uniacid=1&t=undefined&v=1.1&m=ewei_shopv2&from=wxapp&c=entry&a=wxapp&do=main&&state=we7sid-1566dde497d494f6e7bafd233f47e833&sign=75749dbe385377df2a534dcfa82d9aab pn=upload; op=order; orderid=7473; 
上传
[2018-06-11 22:55:04] trace  /app/index.php?i=1&uniacid=1&t=undefined&v=1.1&m=ewei_shopv2&from=wxapp&c=entry&a=wxapp&do=main&&state=we7sid-381dc2b3d1ac0506c5ab846824d1dfdc&sign=494c1975ae1f629cfce33eab269ee40d pn=upload; op=order; orderid=7474; 
上传
[2018-06-11 22:57:16] trace  /app/index.php?i=1&uniacid=1&t=undefined&v=1.1&m=ewei_shopv2&from=wxapp&c=entry&a=wxapp&do=main&&state=we7sid-464d134b6c02fa52a1e2ab5d8a233105&sign=706ee931263cbceb1400ebe2fd7a6c7c pn=upload; op=order; orderid=7475; 
上传
[2018-06-11 23:10:38] trace  /app/index.php?i=1&uniacid=1&t=undefined&v=1.1&m=ewei_shopv2&from=wxapp&c=entry&a=wxapp&do=main&&state=we7sid-2aeccdf5c3bb90a1339e45c6be6e43a9&sign=8bed73838fa3c539c7e68d96b16467d8 pn=upload; op=order; orderid=7476; 
上传
[2018-06-11 23:13:06] trace  /app/index.php?i=1&uniacid=1&t=undefined&v=1.1&m=ewei_shopv2&from=wxapp&c=entry&a=wxapp&do=main&&state=we7sid-30ba4a61f92e6a79a7003b909573de60&sign=ca299af407c08d94c9fc36287687839a pn=upload; op=order; orderid=7477; 
上传
[2018-06-11 23:23:16] trace  /app/index.php?i=1&uniacid=1&t=undefined&v=1.1&m=ewei_shopv2&from=wxapp&c=entry&a=wxapp&do=main&&state=we7sid-de0eb15b63814c2defcd3428133dc435&sign=b22e916030e43faf850c4c50de2affdc pn=upload; op=order; orderid=7478; 
上传
[2018-06-11 23:38:40] trace  /app/index.php?i=1&uniacid=1&t=undefined&v=1.1&m=ewei_shopv2&from=wxapp&c=entry&a=wxapp&do=main&&state=we7sid-837ad7b40304bdb06e4b704c96dc919c&sign=9e9d95e2607e4b957428bb4fed6b1319 pn=upload; op=order; orderid=7479; 
上传
[2018-06-11 23:43:14] trace  /app/index.php?i=1&uniacid=1&t=undefined&v=1.1&m=ewei_shopv2&from=wxapp&c=entry&a=wxapp&do=main&&state=we7sid-288beb56ce78851b3f23222e7f1ca909&sign=ad13fb2f51f49d891f82bd5d93a46f28 pn=upload; op=order; orderid=7480; 
上传
[2018-06-11 23:48:12] trace  /app/index.php?i=1&uniacid=1&t=undefined&v=1.1&m=ewei_shopv2&from=wxapp&c=entry&a=wxapp&do=main&&state=we7sid-ef15496703faa63986670af44fb47b8c&sign=5e883f9572ef5248bda3b2cd4d950608 pn=upload; op=order; orderid=7481; 
上传
[2018-06-11 23:49:56] trace  /app/index.php?i=1&uniacid=1&t=undefined&v=1.1&m=ewei_shopv2&from=wxapp&c=entry&a=wxapp&do=main&&state=we7sid-288beb56ce78851b3f23222e7f1ca909&sign=ad13fb2f51f49d891f82bd5d93a46f28 pn=upload; op=order; orderid=7482; 
上传
[2018-06-11 23:52:11] trace  /app/index.php?i=1&uniacid=1&t=undefined&v=1.1&m=ewei_shopv2&from=wxapp&c=entry&a=wxapp&do=main&&state=we7sid-df0b439d22012deaeeba09009a2ae2b4&sign=28b494bf2d6f7868a9351de75885fda6 pn=upload; op=order; orderid=7483; 
上传
