[2018-08-12 00:28:29] trace  /app/index.php?i=1&uniacid=1&t=undefined&v=1.3&m=ewei_shopv2&from=wxapp&c=entry&a=wxapp&do=main&&state=we7sid-c59816ea04eb62486f62ee8fe2b7bb3a&sign=ceace1eb8a93938eef4dd1fd1f4aa969 pn=upload; op=order; orderid=14210; 
上传
[2018-08-12 00:29:30] trace  /app/index.php?i=1&uniacid=1&t=undefined&v=1.3&m=ewei_shopv2&from=wxapp&c=entry&a=wxapp&do=main&&state=we7sid-c59816ea04eb62486f62ee8fe2b7bb3a&sign=ceace1eb8a93938eef4dd1fd1f4aa969 pn=upload; op=order; orderid=14211; 
上传
[2018-08-12 00:56:21] trace  /app/index.php?i=1&uniacid=1&t=undefined&v=1.3&m=ewei_shopv2&from=wxapp&c=entry&a=wxapp&do=main&&state=we7sid-c8977a64d58092c0c9d5154dc3184e45&sign=b71cfecbba649d4ad13d3ede87b36883 pn=upload; op=order; orderid=14212; 
上传
[2018-08-12 00:57:25] trace  /app/index.php?i=1&uniacid=1&t=undefined&v=1.3&m=ewei_shopv2&from=wxapp&c=entry&a=wxapp&do=main&&state=we7sid-c8977a64d58092c0c9d5154dc3184e45&sign=b71cfecbba649d4ad13d3ede87b36883 pn=upload; op=order; orderid=14213; 
上传
[2018-08-12 01:20:33] trace  /app/index.php?i=1&uniacid=1&t=undefined&v=1.3&m=ewei_shopv2&from=wxapp&c=entry&a=wxapp&do=main&&state=we7sid-6cf522ed75e0dc1aed284f5cab464fd8&sign=1f135eb7bfbfccbe032e3bdde1c31033 pn=upload; op=order; orderid=14214; 
上传
[2018-08-12 01:22:29] trace  /app/index.php?i=1&uniacid=1&t=undefined&v=1.3&m=ewei_shopv2&from=wxapp&c=entry&a=wxapp&do=main&&state=we7sid-a28b44465b8e89c4725da28be53976ad&sign=c126958d26acf4c0006b2de91779938b op=order; orderid=14215; pn=upload; 
上传
[2018-08-12 01:31:44] trace  /app/index.php?i=1&uniacid=1&t=undefined&v=1.3&m=ewei_shopv2&from=wxapp&c=entry&a=wxapp&do=main&&state=we7sid-0bf9826bda93ef6ea4f4544065a18ca7&sign=02a4cf80bae386d52d0c37c2bc1874e4 op=order; orderid=14216; pn=upload; 
上传
[2018-08-12 01:38:24] trace  /app/index.php?i=1&uniacid=1&t=undefined&v=1.3&m=ewei_shopv2&from=wxapp&c=entry&a=wxapp&do=main&&state=we7sid-ef2411b1565fb726a628ea99a1b208a2&sign=7b5c367309e43b38e9ebe372e4cf1b98 pn=upload; op=order; orderid=14217; 
上传
[2018-08-12 01:41:48] trace  /app/index.php?i=1&uniacid=1&t=undefined&v=1.3&m=ewei_shopv2&from=wxapp&c=entry&a=wxapp&do=main&&state=we7sid-7ced56a525a5ac3d8461b724856adfa0&sign=272b7673e36d911d8ce56668b780bb07 pn=upload; op=order; orderid=14218; 
上传
[2018-08-12 01:42:49] trace  /app/index.php?i=1&uniacid=1&t=undefined&v=1.3&m=ewei_shopv2&from=wxapp&c=entry&a=wxapp&do=main&&state=we7sid-2789cd6c3a7bb51059c0cb638956806f&sign=b45df4a69d42ffe315ce98945654600b pn=upload; op=order; orderid=14219; 
上传
[2018-08-12 01:43:38] trace  /app/index.php?i=1&uniacid=1&t=undefined&v=1.3&m=ewei_shopv2&from=wxapp&c=entry&a=wxapp&do=main&&state=we7sid-2789cd6c3a7bb51059c0cb638956806f&sign=b45df4a69d42ffe315ce98945654600b pn=upload; op=order; orderid=14220; 
上传
[2018-08-12 01:43:59] trace  /app/index.php?i=1&uniacid=1&t=undefined&v=1.3&m=ewei_shopv2&from=wxapp&c=entry&a=wxapp&do=main&&state=we7sid-2789cd6c3a7bb51059c0cb638956806f&sign=b45df4a69d42ffe315ce98945654600b pn=upload; op=order; orderid=14221; 
上传
[2018-08-12 05:35:13] trace  /app/index.php?i=1&uniacid=1&t=undefined&v=1.3&m=ewei_shopv2&from=wxapp&c=entry&a=wxapp&do=main&&state=we7sid-548fc175c8e99c777db5df9f1b43c8c7&sign=9d49b727f4caedc7a6a3e85fdb7c0168 pn=upload; op=order; orderid=14222; 
上传
[2018-08-12 06:18:28] trace  /app/index.php?i=1&uniacid=1&t=undefined&v=1.3&m=ewei_shopv2&from=wxapp&c=entry&a=wxapp&do=main&&state=we7sid-18384a15e28c32208a3127afebf2fbba&sign=decb2223d8f6886aa677ab962ed19671 pn=upload; op=order; orderid=14223; 
上传
[2018-08-12 07:13:58] trace  /app/index.php?i=1&uniacid=1&t=undefined&v=1.3&m=ewei_shopv2&from=wxapp&c=entry&a=wxapp&do=main&&state=we7sid-a4f6a614818b20496632ea9e4f167478&sign=f69730183eb0a97f3900a32fff347685 op=order; orderid=14224; pn=upload; 
上传
[2018-08-12 07:28:13] trace  /app/index.php?i=1&uniacid=1&t=undefined&v=1.3&m=ewei_shopv2&from=wxapp&c=entry&a=wxapp&do=main&&state=we7sid-f682cb44155e321e5ea86591601c120d&sign=aac9ff67623ac2cfdb494eb550094568 pn=upload; op=order; orderid=14228; 
上传
[2018-08-12 07:37:35] trace  /app/index.php?i=1&uniacid=1&t=undefined&v=1.3&m=ewei_shopv2&from=wxapp&c=entry&a=wxapp&do=main&&state=we7sid-5e3f3dadb0f1aaf637e308cc7d6a7519&sign=0c82d0178fce1a33d15fd19faa984a4a pn=upload; op=order; orderid=14229; 
上传
[2018-08-12 08:33:41] trace  /app/index.php?i=1&uniacid=1&t=undefined&v=1.3&m=ewei_shopv2&from=wxapp&c=entry&a=wxapp&do=main&&state=we7sid-87c9c6f70a0a8ed0ec8bab918f77a505&sign=d4f553d8f0ef2ea7de528438bb4ae2e1 pn=upload; op=order; orderid=14230; 
上传
[2018-08-12 08:38:02] trace  /app/index.php?i=1&uniacid=1&t=undefined&v=1.3&m=ewei_shopv2&from=wxapp&c=entry&a=wxapp&do=main&&state=we7sid-411a48df763dc9e581ab89d3e4da6bd0&sign=839baa96eb281edf4531af1c71b3ca35 pn=upload; op=order; orderid=14231; 
上传
[2018-08-12 08:55:31] trace  /app/index.php?i=1&uniacid=1&t=undefined&v=1.3&m=ewei_shopv2&from=wxapp&c=entry&a=wxapp&do=main&&state=we7sid-19377f1775c238dedcdc9a845e0abae2&sign=eedb9bd987b7a9c2d6bfd23829b99bf8 pn=upload; op=order; orderid=14232; 
上传
[2018-08-12 08:56:27] trace  /app/index.php?i=1&uniacid=1&t=undefined&v=1.3&m=ewei_shopv2&from=wxapp&c=entry&a=wxapp&do=main&&state=we7sid-14fff9d51dfb8c6856f75cdaadc8ff13&sign=52677f0dd3bd6ba4243895e142c63341 pn=upload; op=order; orderid=14233; 
上传
[2018-08-12 08:58:17] trace  /app/index.php?i=1&uniacid=1&t=undefined&v=1.3&m=ewei_shopv2&from=wxapp&c=entry&a=wxapp&do=main&&state=we7sid-479fbbab319f668847ac872a031552ef&sign=6b8f662f24c8b49aae70ca69a7589bd3 pn=upload; op=order; orderid=14234; 
上传
[2018-08-12 09:32:06] trace  /app/index.php?i=1&uniacid=1&t=undefined&v=1.3&m=ewei_shopv2&from=wxapp&c=entry&a=wxapp&do=main&&state=we7sid-3321158bea8ea9dcce4fae9f3574d40c&sign=563d72ebc5cfbff5604f468f491d5714 pn=upload; op=order; orderid=14235; 
上传
[2018-08-12 09:32:34] trace  /app/index.php?i=1&uniacid=1&t=undefined&v=1.3&m=ewei_shopv2&from=wxapp&c=entry&a=wxapp&do=main&&state=we7sid-70be7fa2a95cd87cbb8c4d799db76bae&sign=5c00bd9659e6b0fc0fb0886789de6d78 pn=upload; op=order; orderid=14236; 
上传
[2018-08-12 09:33:06] trace  /app/index.php?i=1&uniacid=1&t=undefined&v=1.3&m=ewei_shopv2&from=wxapp&c=entry&a=wxapp&do=main&&state=we7sid-121e344a7435b6f5da83688ea294997f&sign=a2cb110e2eaff2f7c8196d6823b9cde0 pn=upload; op=order; orderid=14237; 
上传
[2018-08-12 09:38:44] trace  /app/index.php?i=1&uniacid=1&t=undefined&v=1.3&m=ewei_shopv2&from=wxapp&c=entry&a=wxapp&do=main&&state=we7sid-f87e354adc5fb9639a97749a3a1c8b19&sign=0d5c5aa585386cd9bc11288d71c1faf0 op=order; orderid=14238; pn=upload; 
上传
[2018-08-12 09:41:44] trace  /app/index.php?i=1&uniacid=1&t=undefined&v=1.3&m=ewei_shopv2&from=wxapp&c=entry&a=wxapp&do=main&&state=we7sid-5276e5e1c262400c223a52b51fbc51da&sign=f9fca0f2de61bd64e1ae821a47008c09 pn=upload; op=order; orderid=14239; 
上传
[2018-08-12 09:45:14] trace  /app/index.php?i=1&uniacid=1&t=undefined&v=1.3&m=ewei_shopv2&from=wxapp&c=entry&a=wxapp&do=main&&state=we7sid-587fd690323eeb1b6b277aabc54d8e11&sign=815e4a574425d6bba140be8219a4f1fe pn=upload; op=order; orderid=14240; 
上传
[2018-08-12 09:45:15] trace  /app/index.php?i=1&uniacid=1&t=undefined&v=1.3&m=ewei_shopv2&from=wxapp&c=entry&a=wxapp&do=main&&state=we7sid-587fd690323eeb1b6b277aabc54d8e11&sign=815e4a574425d6bba140be8219a4f1fe pn=upload; op=order; orderid=14241; 
上传
[2018-08-12 09:51:57] trace  /app/index.php?i=1&uniacid=1&t=undefined&v=1.3&m=ewei_shopv2&from=wxapp&c=entry&a=wxapp&do=main&&state=we7sid-5ffb2bad1cc525e31dd32bffe4659e9b&sign=02385f0f6e9284d590d4cd04cf0238fb pn=upload; op=order; orderid=14242; 
上传
[2018-08-12 09:58:00] trace  /app/index.php?i=1&uniacid=1&t=undefined&v=1.3&m=ewei_shopv2&from=wxapp&c=entry&a=wxapp&do=main&&state=we7sid-5ffb2bad1cc525e31dd32bffe4659e9b&sign=02385f0f6e9284d590d4cd04cf0238fb pn=upload; op=order; orderid=14243; 
上传
[2018-08-12 09:59:18] trace  /app/index.php?i=1&uniacid=1&t=undefined&v=1.3&m=ewei_shopv2&from=wxapp&c=entry&a=wxapp&do=main&&state=we7sid-40544191ba6289bc5533aa31c1d03339&sign=967f9e12af2cd410c2fe8ae5504cee39 pn=upload; op=order; orderid=14244; 
上传
[2018-08-12 10:01:45] trace  /app/index.php?i=1&uniacid=1&t=undefined&v=1.3&m=ewei_shopv2&from=wxapp&c=entry&a=wxapp&do=main&&state=we7sid-c11c662c6e4fa69b8b4c81985c92e450&sign=65a67b3991c79c1126835bf42773f937 op=order; orderid=14245; pn=upload; 
上传
[2018-08-12 10:01:52] trace  /app/index.php?i=1&uniacid=1&t=undefined&v=1.3&m=ewei_shopv2&from=wxapp&c=entry&a=wxapp&do=main&&state=we7sid-71f5155b038e6184e5322b5e4083c8ad&sign=e1a1e0746f09fbf544754f937e6dbeed pn=upload; op=order; orderid=14246; 
上传
[2018-08-12 10:11:49] trace  /app/index.php?i=1&uniacid=1&t=undefined&v=1.3&m=ewei_shopv2&from=wxapp&c=entry&a=wxapp&do=main&&state=we7sid-5ffb2bad1cc525e31dd32bffe4659e9b&sign=02385f0f6e9284d590d4cd04cf0238fb pn=upload; op=order; orderid=14247; 
上传
[2018-08-12 10:11:50] trace  /app/index.php?i=1&uniacid=1&t=undefined&v=1.3&m=ewei_shopv2&from=wxapp&c=entry&a=wxapp&do=main&&state=we7sid-5ffb2bad1cc525e31dd32bffe4659e9b&sign=02385f0f6e9284d590d4cd04cf0238fb pn=upload; op=order; orderid=14247; 
上传
[2018-08-12 10:14:05] trace  /app/index.php?i=1&uniacid=1&t=undefined&v=1.3&m=ewei_shopv2&from=wxapp&c=entry&a=wxapp&do=main&&state=we7sid-5ffb2bad1cc525e31dd32bffe4659e9b&sign=02385f0f6e9284d590d4cd04cf0238fb pn=upload; op=order; orderid=14248; 
上传
[2018-08-12 10:14:09] trace  /app/index.php?i=1&uniacid=1&t=undefined&v=1.3&m=ewei_shopv2&from=wxapp&c=entry&a=wxapp&do=main&&state=we7sid-5ffb2bad1cc525e31dd32bffe4659e9b&sign=02385f0f6e9284d590d4cd04cf0238fb pn=upload; op=order; orderid=14248; 
上传
[2018-08-12 10:15:36] trace  /app/index.php?i=1&uniacid=1&t=undefined&v=1.3&m=ewei_shopv2&from=wxapp&c=entry&a=wxapp&do=main&&state=we7sid-80813fcc8820122eda429c4c8c2f2e7c&sign=82798e85b87d301e5c9cb0e615a5c10b op=order; orderid=14249; pn=upload; 
上传
[2018-08-12 10:19:36] trace  /app/index.php?i=1&uniacid=1&t=undefined&v=1.3&m=ewei_shopv2&from=wxapp&c=entry&a=wxapp&do=main&&state=we7sid-a0fa2bad31aa3995bd21504c86165e03&sign=0e1e3aee3f1227d1725c40c7c197c382 pn=upload; op=order; orderid=14250; 
上传
[2018-08-12 10:23:28] trace  /app/index.php?i=1&uniacid=1&t=undefined&v=1.3&m=ewei_shopv2&from=wxapp&c=entry&a=wxapp&do=main&&state=we7sid-924e85f2d8c16c41ee3ec53a525ce8b3&sign=e20a79d3460a2ab1d3d4618212966ef1 pn=upload; op=order; orderid=14251; 
上传
[2018-08-12 10:28:39] trace  /app/index.php?i=1&uniacid=1&t=undefined&v=1.3&m=ewei_shopv2&from=wxapp&c=entry&a=wxapp&do=main&&state=we7sid-995a61613a4854eb0b08c9da4782ab7f&sign=b515bb33749563d6d386500ff0db2295 pn=upload; op=order; orderid=14252; 
上传
[2018-08-12 10:29:34] trace  /app/index.php?i=1&uniacid=1&t=undefined&v=1.3&m=ewei_shopv2&from=wxapp&c=entry&a=wxapp&do=main&&state=we7sid-a23aef37b593c35a0d959c1bbe57a478&sign=e5fee32a4eb940feee8bd5c110070480 pn=upload; op=order; orderid=14253; 
上传
[2018-08-12 10:30:19] trace  /app/index.php?i=1&uniacid=1&t=undefined&v=1.3&m=ewei_shopv2&from=wxapp&c=entry&a=wxapp&do=main&&state=we7sid-d612274597f0872e30b673b333a41c36&sign=44120ac6f00363d60426a92ffa8da0f8 op=order; orderid=14254; pn=upload; 
上传
[2018-08-12 10:33:21] trace  /app/index.php?i=1&uniacid=1&t=undefined&v=1.3&m=ewei_shopv2&from=wxapp&c=entry&a=wxapp&do=main&&state=we7sid-836ea547810e34f51f57ee5d8566146b&sign=6e3a8969587d41c28521309c646471f8 op=order; pn=upload; orderid=14255; 
上传
[2018-08-12 10:38:19] trace  /app/index.php?i=1&uniacid=1&t=undefined&v=1.3&m=ewei_shopv2&from=wxapp&c=entry&a=wxapp&do=main&&state=we7sid-a384ee22961a4a431145f25b3d4abe43&sign=7b2e71b8888392cb4f8e0e38a783192c pn=upload; op=order; orderid=14256; 
上传
[2018-08-12 10:39:22] trace  /app/index.php?i=1&uniacid=1&t=undefined&v=1.3&m=ewei_shopv2&from=wxapp&c=entry&a=wxapp&do=main&&state=we7sid-aa4683135a34622da96833230c072404&sign=19d99b99e26576f6de976726c270581b pn=upload; op=order; orderid=14257; 
上传
[2018-08-12 10:49:04] trace  /app/index.php?i=1&uniacid=1&t=undefined&v=1.3&m=ewei_shopv2&from=wxapp&c=entry&a=wxapp&do=main&&state=we7sid-6698d898121dcb0f605ac55acb8a6dee&sign=cdabd2ca5a48f879e7881ddc454a35b0 pn=upload; op=order; orderid=14258; 
上传
[2018-08-12 10:49:56] trace  /app/index.php?i=1&uniacid=1&t=undefined&v=1.3&m=ewei_shopv2&from=wxapp&c=entry&a=wxapp&do=main&&state=we7sid-5d7e9a4785d84aeae2286bfbc6954565&sign=2885699b8a57cc1b3e327e3a64e26d66 pn=upload; op=order; orderid=14259; 
上传
[2018-08-12 11:00:30] trace  /app/index.php?i=1&uniacid=1&t=undefined&v=1.3&m=ewei_shopv2&from=wxapp&c=entry&a=wxapp&do=main&&state=we7sid-5e11df256e75ee5c75147c7ebfa77932&sign=0e73d86c872ba8604b21b35230533414 pn=upload; op=order; orderid=14260; 
上传
[2018-08-12 11:06:11] trace  /app/index.php?i=1&uniacid=1&t=undefined&v=1.3&m=ewei_shopv2&from=wxapp&c=entry&a=wxapp&do=main&&state=we7sid-ef8841e9651501fd3e8001ee5f652e7b&sign=29a9e8e5c4de6b1e9a150732857a276d op=order; orderid=14262; pn=upload; 
上传
[2018-08-12 11:06:11] trace  /app/index.php?i=1&uniacid=1&t=undefined&v=1.3&m=ewei_shopv2&from=wxapp&c=entry&a=wxapp&do=main&&state=we7sid-ef8841e9651501fd3e8001ee5f652e7b&sign=29a9e8e5c4de6b1e9a150732857a276d op=order; orderid=14262; pn=upload; 
上传
[2018-08-12 11:06:18] trace  /app/index.php?i=1&uniacid=1&t=undefined&v=1.3&m=ewei_shopv2&from=wxapp&c=entry&a=wxapp&do=main&&state=we7sid-880f66c07ba6286df995385342005136&sign=2034151acc38b1e908a7ce1f6dead432 op=order; orderid=14261; pn=upload; 
上传
[2018-08-12 11:10:35] trace  /app/index.php?i=1&uniacid=1&t=undefined&v=1.3&m=ewei_shopv2&from=wxapp&c=entry&a=wxapp&do=main&&state=we7sid-c60e28737d83d5ce074b614827ecd475&sign=7b3c49cdd8dc1b0f00f68c24769dd91e op=order; orderid=14263; pn=upload; 
上传
[2018-08-12 11:13:57] trace  /app/index.php?i=1&uniacid=1&t=undefined&v=1.3&m=ewei_shopv2&from=wxapp&c=entry&a=wxapp&do=main&&state=we7sid-7754f1524934f7781238495069686cbc&sign=e0fa5b8683f150765608126dc1449834 pn=upload; op=order; orderid=14264; 
上传
[2018-08-12 11:16:04] trace  /app/index.php?i=1&uniacid=1&t=undefined&v=1.3&m=ewei_shopv2&from=wxapp&c=entry&a=wxapp&do=main&&state=we7sid-520578add9520a08c87f5ebdd9a6d2e1&sign=acf9894387a1cea5cca521947477c848 pn=upload; op=order; orderid=14265; 
上传
[2018-08-12 11:32:47] trace  /app/index.php?i=1&uniacid=1&t=undefined&v=1.3&m=ewei_shopv2&from=wxapp&c=entry&a=wxapp&do=main&&state=we7sid-21f81d661cf4dab4e3327cc91c71d50a&sign=a202d08f51a5ae5b3cd92cb0585c55c1 pn=upload; op=order; orderid=14266; 
上传
[2018-08-12 11:34:09] trace  /app/index.php?i=1&uniacid=1&t=undefined&v=1.3&m=ewei_shopv2&from=wxapp&c=entry&a=wxapp&do=main&&state=we7sid-25d2ff9d0e75936b35c0a162577affef&sign=a33342bcabf325ad64dc9236bb74c4e8 pn=upload; op=order; orderid=14267; 
上传
[2018-08-12 11:37:34] trace  /app/index.php?i=1&uniacid=1&t=undefined&v=1.3&m=ewei_shopv2&from=wxapp&c=entry&a=wxapp&do=main&&state=we7sid-f92812bf5aa6de9349e36029295bdaef&sign=a5f65152ad2a8b93036ff5f8a01bec80 pn=upload; op=order; orderid=14268; 
上传
[2018-08-12 11:38:33] trace  /app/index.php?i=1&uniacid=1&t=undefined&v=1.3&m=ewei_shopv2&from=wxapp&c=entry&a=wxapp&do=main&&state=we7sid-f92812bf5aa6de9349e36029295bdaef&sign=a5f65152ad2a8b93036ff5f8a01bec80 pn=upload; op=order; orderid=14269; 
上传
[2018-08-12 11:46:29] trace  /app/index.php?i=1&uniacid=1&t=undefined&v=1.3&m=ewei_shopv2&from=wxapp&c=entry&a=wxapp&do=main&&state=we7sid-f63991815a0697ecfbcf520958c07c60&sign=539a33fcb0c2f1685885ed4c982371b8 op=order; orderid=14270; pn=upload; 
上传
[2018-08-12 11:46:49] trace  /app/index.php?i=1&uniacid=1&t=undefined&v=1.3&m=ewei_shopv2&from=wxapp&c=entry&a=wxapp&do=main&&state=we7sid-f63991815a0697ecfbcf520958c07c60&sign=539a33fcb0c2f1685885ed4c982371b8 op=order; orderid=14271; pn=upload; 
上传
[2018-08-12 11:49:21] trace  /app/index.php?i=1&uniacid=1&t=undefined&v=1.3&m=ewei_shopv2&from=wxapp&c=entry&a=wxapp&do=main&&state=we7sid-4981c2ae6ee523d309235f5139e3f963&sign=196832184e9c7aba802027e2cf33b026 op=order; orderid=14272; pn=upload; 
上传
[2018-08-12 11:56:26] trace  /app/index.php?i=1&uniacid=1&t=undefined&v=1.3&m=ewei_shopv2&from=wxapp&c=entry&a=wxapp&do=main&&state=we7sid-335e5f58cdeb2a1ae130a1426d2cc7da&sign=eea19a0cd0b4af585e73a6445394ab5a pn=upload; op=order; orderid=14273; 
上传
[2018-08-12 11:58:24] trace  /app/index.php?i=1&uniacid=1&t=undefined&v=1.3&m=ewei_shopv2&from=wxapp&c=entry&a=wxapp&do=main&&state=we7sid-922f810cdb7207ca2aeb10693a0c4a09&sign=ba2b857e46f87ece5b14855f06fefdf0 pn=upload; op=order; orderid=14274; 
上传
[2018-08-12 11:58:40] trace  /app/index.php?i=1&uniacid=1&t=undefined&v=1.3&m=ewei_shopv2&from=wxapp&c=entry&a=wxapp&do=main&&state=we7sid-ebd382cace9e3ec5ffd345da3b0579d0&sign=342b6b43385479d530e5a4472d7851eb pn=upload; op=order; orderid=14275; 
上传
[2018-08-12 12:05:15] trace  /app/index.php?i=1&uniacid=1&t=undefined&v=1.3&m=ewei_shopv2&from=wxapp&c=entry&a=wxapp&do=main&&state=we7sid-6f5b1eed39692df9b23566b2fa4e1742&sign=b7f24c2e815c143af93f8cc6e8baa3e5 op=order; orderid=14276; pn=upload; 
上传
[2018-08-12 12:09:54] trace  /app/index.php?i=1&uniacid=1&t=undefined&v=1.3&m=ewei_shopv2&from=wxapp&c=entry&a=wxapp&do=main&&state=we7sid-d45faae2493c471f208d30dfb3b11717&sign=09307a92b1f3ab5c18833df0955e1026 pn=upload; op=order; orderid=14277; 
上传
[2018-08-12 12:10:04] trace  /app/index.php?i=1&uniacid=1&t=undefined&v=1.3&m=ewei_shopv2&from=wxapp&c=entry&a=wxapp&do=main&&state=we7sid-e39b86c74d0ed6cf684ac47952734bf5&sign=9f4baebedf3ba3b65a5c61b02aa714ea pn=upload; op=order; orderid=14278; 
上传
[2018-08-12 12:12:09] trace  /app/index.php?i=1&uniacid=1&t=undefined&v=1.3&m=ewei_shopv2&from=wxapp&c=entry&a=wxapp&do=main&&state=we7sid-08933579c24a49d800b6acb22bf3febe&sign=7b67e60565c3462b2509b36531d57f19 pn=upload; op=order; orderid=14279; 
上传
[2018-08-12 12:12:35] trace  /app/index.php?i=1&uniacid=1&t=undefined&v=1.3&m=ewei_shopv2&from=wxapp&c=entry&a=wxapp&do=main&&state=we7sid-63410f2ca77d17d73939adc1c852d083&sign=2b10be35febcd0b74f00296eb14431bc pn=upload; op=order; orderid=14280; 
上传
[2018-08-12 12:19:11] trace  /app/index.php?i=1&uniacid=1&t=undefined&v=1.3&m=ewei_shopv2&from=wxapp&c=entry&a=wxapp&do=main&&state=we7sid-7df2d1fe0a36cc774e9fc8cfc829e55a&sign=97f0f9308632aea5e9ae763327e623e6 op=order; orderid=14281; pn=upload; 
上传
[2018-08-12 12:19:11] trace  /app/index.php?i=1&uniacid=1&t=undefined&v=1.3&m=ewei_shopv2&from=wxapp&c=entry&a=wxapp&do=main&&state=we7sid-7df2d1fe0a36cc774e9fc8cfc829e55a&sign=97f0f9308632aea5e9ae763327e623e6 op=order; orderid=14281; pn=upload; 
上传
[2018-08-12 12:22:54] trace  /app/index.php?i=1&uniacid=1&t=undefined&v=1.3&m=ewei_shopv2&from=wxapp&c=entry&a=wxapp&do=main&&state=we7sid-d772065e90bc97d4c0e38826a1eba648&sign=e033fc52f21c3ff8ca6a7b8fc4a31979 pn=upload; op=order; orderid=14282; 
上传
[2018-08-12 12:31:42] trace  /app/index.php?i=1&uniacid=1&t=undefined&v=1.3&m=ewei_shopv2&from=wxapp&c=entry&a=wxapp&do=main&&state=we7sid-b3ee1acdab473bfef0baf49d8db11944&sign=41792f83ef4e4426812d3f1d3e3e2eff pn=upload; op=order; orderid=14283; 
上传
[2018-08-12 12:33:09] trace  /app/index.php?i=1&uniacid=1&t=undefined&v=1.3&m=ewei_shopv2&from=wxapp&c=entry&a=wxapp&do=main&&state=we7sid-33c4c3ec0c42caf4b896ed483239f7ae&sign=d2d11c109dd88b84d7991f976aa1a623 pn=upload; op=order; orderid=14284; 
上传
[2018-08-12 12:34:33] trace  /app/index.php?i=1&uniacid=1&t=undefined&v=1.3&m=ewei_shopv2&from=wxapp&c=entry&a=wxapp&do=main&&state=we7sid-fe8309b20d76b836b93684a56cc654b8&sign=75c60a06d7a11f5e3606716505633673 op=order; orderid=14285; pn=upload; 
上传
[2018-08-12 12:37:01] trace  /app/index.php?i=1&uniacid=1&t=undefined&v=1.3&m=ewei_shopv2&from=wxapp&c=entry&a=wxapp&do=main&&state=we7sid-33c4c3ec0c42caf4b896ed483239f7ae&sign=d2d11c109dd88b84d7991f976aa1a623 pn=upload; op=order; orderid=14286; 
上传
[2018-08-12 12:37:44] trace  /app/index.php?i=1&uniacid=1&t=undefined&v=1.3&m=ewei_shopv2&from=wxapp&c=entry&a=wxapp&do=main&&state=we7sid-33c4c3ec0c42caf4b896ed483239f7ae&sign=d2d11c109dd88b84d7991f976aa1a623 pn=upload; op=order; orderid=14287; 
上传
[2018-08-12 12:38:25] trace  /app/index.php?i=1&uniacid=1&t=undefined&v=1.3&m=ewei_shopv2&from=wxapp&c=entry&a=wxapp&do=main&&state=we7sid-8bdf8aed9ba61cedcdc80936651ed810&sign=18c346472058006a75c98098eca7cebc pn=upload; op=order; orderid=14288; 
上传
[2018-08-12 12:43:32] trace  /app/index.php?i=1&uniacid=1&t=undefined&v=1.3&m=ewei_shopv2&from=wxapp&c=entry&a=wxapp&do=main&&state=we7sid-7ac4a3055c2a1672574d8c6967201be3&sign=255f46dee0a0970b2a3d80e575effc62 pn=upload; op=order; orderid=14289; 
上传
[2018-08-12 12:48:19] trace  /app/index.php?i=1&uniacid=1&t=undefined&v=1.3&m=ewei_shopv2&from=wxapp&c=entry&a=wxapp&do=main&&state=we7sid-fb90d0ac8c57ae8a1f7506805635e5d7&sign=c637ae08ed03617dbb8922f26a4b0dfa pn=upload; op=order; orderid=14290; 
上传
[2018-08-12 12:50:27] trace  /app/index.php?i=1&uniacid=1&t=undefined&v=1.3&m=ewei_shopv2&from=wxapp&c=entry&a=wxapp&do=main&&state=we7sid-f73fe1973e2186aff0515ea21fb10af5&sign=fc661cb8c10c6a1efde91f19da5b155a pn=upload; op=order; orderid=14291; 
上传
[2018-08-12 12:58:21] trace  /app/index.php?i=1&uniacid=1&t=undefined&v=1.3&m=ewei_shopv2&from=wxapp&c=entry&a=wxapp&do=main&&state=we7sid-40600e25b7f1e5ad033a53c58b66ab2f&sign=2b99f37097f836e8f0d48a340a066bf8 pn=upload; op=order; orderid=14292; 
上传
[2018-08-12 13:18:00] trace  /app/index.php?i=1&uniacid=1&t=undefined&v=1.3&m=ewei_shopv2&from=wxapp&c=entry&a=wxapp&do=main&&state=we7sid-eaf1c79f5c9609605a0e2428dfa0b477&sign=738a6ff69e295affd4bd89b05f0abc5f pn=upload; op=order; orderid=14293; 
上传
[2018-08-12 13:18:27] trace  /app/index.php?i=1&uniacid=1&t=undefined&v=1.3&m=ewei_shopv2&from=wxapp&c=entry&a=wxapp&do=main&&state=we7sid-53122767ca94a30f176ef805ccabe3c2&sign=135c64b0da462e5d881fb9ae47a3d434 pn=upload; op=order; orderid=14294; 
上传
[2018-08-12 13:21:06] trace  /app/index.php?i=1&uniacid=1&t=undefined&v=1.3&m=ewei_shopv2&from=wxapp&c=entry&a=wxapp&do=main&&state=we7sid-aca8fc15898353c35ec4c942d532c736&sign=91df9effb17f1e7e6a00c942b25d3032 pn=upload; op=order; orderid=14295; 
上传
[2018-08-12 13:25:30] trace  /app/index.php?i=1&uniacid=1&t=undefined&v=1.3&m=ewei_shopv2&from=wxapp&c=entry&a=wxapp&do=main&&state=we7sid-8bec3489cba3d2d3341d8721376b502c&sign=3d819d5da7bc2d2da11af34c5e36a69f pn=upload; op=order; orderid=14296; 
上传
[2018-08-12 13:41:32] trace  /app/index.php?i=1&uniacid=1&t=undefined&v=1.3&m=ewei_shopv2&from=wxapp&c=entry&a=wxapp&do=main&&state=we7sid-0ce3e8a0cb64c758531f8d6846488322&sign=7d1f5051bfc98941de6cbfb1a431ef73 pn=upload; op=order; orderid=14297; 
上传
[2018-08-12 13:42:24] trace  /app/index.php?i=1&uniacid=1&t=undefined&v=1.3&m=ewei_shopv2&from=wxapp&c=entry&a=wxapp&do=main&&state=we7sid-368fdd6172e3d3eb77e4f34c024b22e5&sign=066e5e068bb643d0f4e674cb19c708ae pn=upload; op=order; orderid=14298; 
上传
[2018-08-12 13:45:12] trace  /app/index.php?i=1&uniacid=1&t=undefined&v=1.3&m=ewei_shopv2&from=wxapp&c=entry&a=wxapp&do=main&&state=we7sid-976ac2140719861d698c4438a49d7d38&sign=3a37807503effac53d84da87c4528f04 pn=upload; op=order; orderid=14299; 
上传
[2018-08-12 13:46:32] trace  /app/index.php?i=1&uniacid=1&t=undefined&v=1.3&m=ewei_shopv2&from=wxapp&c=entry&a=wxapp&do=main&&state=we7sid-3729f0b8b1a861aa46f79bd9303f6b55&sign=d7e5fa91915c61c1f5ea670f82a80b07 pn=upload; op=order; orderid=14300; 
上传
[2018-08-12 13:48:19] trace  /app/index.php?i=1&uniacid=1&t=undefined&v=1.3&m=ewei_shopv2&from=wxapp&c=entry&a=wxapp&do=main&&state=we7sid-44086026593497a485fd69d8c3113358&sign=c4e9644fb5a94cdf0164a90709c3574c pn=upload; op=order; orderid=14301; 
上传
[2018-08-12 13:58:27] trace  /app/index.php?i=1&uniacid=1&t=undefined&v=1.3&m=ewei_shopv2&from=wxapp&c=entry&a=wxapp&do=main&&state=we7sid-5bd7603508f1e09a16663cee3d1cb137&sign=d3df4a642b07ca859c052653b6cc18f0 pn=upload; op=order; orderid=14302; 
上传
[2018-08-12 14:07:04] trace  /app/index.php?i=1&uniacid=1&t=undefined&v=1.3&m=ewei_shopv2&from=wxapp&c=entry&a=wxapp&do=main&&state=we7sid-4bb61b45799f2c83a61567d4d6a1b0e9&sign=1e3de98e0bb5f350ac7dc63283664c2b pn=upload; op=order; orderid=14303; 
上传
[2018-08-12 14:11:25] trace  /app/index.php?i=1&uniacid=1&t=undefined&v=1.3&m=ewei_shopv2&from=wxapp&c=entry&a=wxapp&do=main&&state=we7sid-d364bf232c31dbc9591e17634b2163b5&sign=cf920be985a0e5c2a73b50fe9d8427f2 pn=upload; op=order; orderid=14304; 
上传
[2018-08-12 14:13:25] trace  /app/index.php?i=1&uniacid=1&t=undefined&v=1.3&m=ewei_shopv2&from=wxapp&c=entry&a=wxapp&do=main&&state=we7sid-897f2daa575d983bc0fffe3b23953ff0&sign=4be712a8e1a406f610b6473586b2e74d pn=upload; op=order; orderid=14305; 
上传
[2018-08-12 14:13:29] trace  /app/index.php?i=1&uniacid=1&t=undefined&v=1.3&m=ewei_shopv2&from=wxapp&c=entry&a=wxapp&do=main&&state=we7sid-d364bf232c31dbc9591e17634b2163b5&sign=cf920be985a0e5c2a73b50fe9d8427f2 pn=upload; op=order; orderid=14306; 
上传
[2018-08-12 14:21:58] trace  /app/index.php?i=1&uniacid=1&t=undefined&v=1.3&m=ewei_shopv2&from=wxapp&c=entry&a=wxapp&do=main&&state=we7sid-6b3eac5661926d4063a7df1abb918ca3&sign=d8dd35897f2a66856a78bb4d71fe3b10 pn=upload; op=order; orderid=14307; 
上传
[2018-08-12 14:23:49] trace  /app/index.php?i=1&uniacid=1&t=undefined&v=1.3&m=ewei_shopv2&from=wxapp&c=entry&a=wxapp&do=main&&state=we7sid-b415cb1d5459c0f3c552b61ae4226f42&sign=d94660be13073ec0514f3836d9f515b2 pn=upload; op=order; orderid=14308; 
上传
[2018-08-12 14:47:59] trace  /app/index.php?i=1&uniacid=1&t=undefined&v=1.3&m=ewei_shopv2&from=wxapp&c=entry&a=wxapp&do=main&&state=we7sid-476a4576d25b7cd259f1988989bcf9ca&sign=668bd57206ba2b8487cc9ad8846e47a4 pn=upload; op=order; orderid=14309; 
上传
[2018-08-12 14:48:09] trace  /app/index.php?i=1&uniacid=1&t=undefined&v=1.3&m=ewei_shopv2&from=wxapp&c=entry&a=wxapp&do=main&&state=we7sid-476a4576d25b7cd259f1988989bcf9ca&sign=668bd57206ba2b8487cc9ad8846e47a4 pn=upload; op=order; orderid=14310; 
上传
[2018-08-12 14:50:02] trace  /app/index.php?i=1&uniacid=1&t=undefined&v=1.3&m=ewei_shopv2&from=wxapp&c=entry&a=wxapp&do=main&&state=we7sid-101b82027dd634be91675dcf12723352&sign=c02c32c573dc8d9c82bbdc77e3ce4f92 op=order; orderid=14311; pn=upload; 
上传
[2018-08-12 14:52:16] trace  /app/index.php?i=1&uniacid=1&t=undefined&v=1.3&m=ewei_shopv2&from=wxapp&c=entry&a=wxapp&do=main&&state=we7sid-539d81ff9e3c4eeee6c362956b3d44c9&sign=8dc37baf6154c04e7bfe5e32e6090963 pn=upload; op=order; orderid=14312; 
上传
[2018-08-12 14:52:46] trace  /app/index.php?i=1&uniacid=1&t=undefined&v=1.3&m=ewei_shopv2&from=wxapp&c=entry&a=wxapp&do=main&&state=we7sid-bd5536adb36ae478bb693fa147b92b86&sign=b0bba1fb5e79bb64204298ea9cd5acec pn=upload; op=order; orderid=14313; 
上传
[2018-08-12 14:52:46] trace  /app/index.php?i=1&uniacid=1&t=undefined&v=1.3&m=ewei_shopv2&from=wxapp&c=entry&a=wxapp&do=main&&state=we7sid-bd5536adb36ae478bb693fa147b92b86&sign=b0bba1fb5e79bb64204298ea9cd5acec pn=upload; op=order; orderid=14313; 
上传
[2018-08-12 14:55:29] trace  /app/index.php?i=1&uniacid=1&t=undefined&v=1.3&m=ewei_shopv2&from=wxapp&c=entry&a=wxapp&do=main&&state=we7sid-be2fc87c2e7dff758568d2f02de4ccb2&sign=7353b461e2767ced8b7f18de4c4a2eea pn=upload; op=order; orderid=14314; 
上传
[2018-08-12 14:56:43] trace  /app/index.php?i=1&uniacid=1&t=undefined&v=1.3&m=ewei_shopv2&from=wxapp&c=entry&a=wxapp&do=main&&state=we7sid-b88de610f31707aa7314f677f14b5fff&sign=0a740fdd6ba40ac44624c6f019a43a84 pn=upload; op=order; orderid=14315; 
上传
[2018-08-12 14:57:13] trace  /app/index.php?i=1&uniacid=1&t=undefined&v=1.3&m=ewei_shopv2&from=wxapp&c=entry&a=wxapp&do=main&&state=we7sid-b88de610f31707aa7314f677f14b5fff&sign=0a740fdd6ba40ac44624c6f019a43a84 pn=upload; op=order; orderid=14316; 
上传
[2018-08-12 14:59:36] trace  /app/index.php?i=1&uniacid=1&t=undefined&v=1.3&m=ewei_shopv2&from=wxapp&c=entry&a=wxapp&do=main&&state=we7sid-56c2f4e4a20581b9fdaa617f1863aebe&sign=4b0a8271aff6df1fe581f3e22b7c34b4 pn=upload; op=order; orderid=14317; 
上传
[2018-08-12 14:59:54] trace  /app/index.php?i=1&uniacid=1&t=undefined&v=1.3&m=ewei_shopv2&from=wxapp&c=entry&a=wxapp&do=main&&state=we7sid-56c2f4e4a20581b9fdaa617f1863aebe&sign=4b0a8271aff6df1fe581f3e22b7c34b4 pn=upload; op=order; orderid=14318; 
上传
[2018-08-12 15:01:05] trace  /app/index.php?i=1&uniacid=1&t=undefined&v=1.3&m=ewei_shopv2&from=wxapp&c=entry&a=wxapp&do=main&&state=we7sid-169d48946b7575f47072143fb276e4fe&sign=ce1cff4d5df7b2c3bbdbe8dfbb1b9b67 op=order; orderid=14319; pn=upload; 
上传
[2018-08-12 15:03:01] trace  /app/index.php?i=1&uniacid=1&t=undefined&v=1.3&m=ewei_shopv2&from=wxapp&c=entry&a=wxapp&do=main&&state=we7sid-6236c93f2d7898df27c62db88c3fb992&sign=4453f703a4ca100c21a1d4e5c2eb8a19 pn=upload; op=order; orderid=14320; 
上传
[2018-08-12 15:13:53] trace  /app/index.php?i=1&uniacid=1&t=undefined&v=1.3&m=ewei_shopv2&from=wxapp&c=entry&a=wxapp&do=main&&state=we7sid-0686b7de7ef0e128b3e140b367e08127&sign=0b2d27988b8012d9626a19d5da48bba5 pn=upload; op=order; orderid=14321; 
上传
[2018-08-12 15:13:53] trace  /app/index.php?i=1&uniacid=1&t=undefined&v=1.3&m=ewei_shopv2&from=wxapp&c=entry&a=wxapp&do=main&&state=we7sid-0686b7de7ef0e128b3e140b367e08127&sign=0b2d27988b8012d9626a19d5da48bba5 pn=upload; op=order; orderid=14321; 
上传
[2018-08-12 15:18:13] trace  /app/index.php?i=1&uniacid=1&t=undefined&v=1.3&m=ewei_shopv2&from=wxapp&c=entry&a=wxapp&do=main&&state=we7sid-faa71835163b28ab077ca5719d04aee0&sign=e09a1d8348e0f443aaa6dbc38b109f46 pn=upload; op=order; orderid=14322; 
上传
[2018-08-12 15:22:30] trace  /app/index.php?i=1&uniacid=1&t=undefined&v=1.3&m=ewei_shopv2&from=wxapp&c=entry&a=wxapp&do=main&&state=we7sid-e850720649d4b556bada2b887fc03e5a&sign=f60e4d22f9fdbaacb0811cbffde9f10b pn=upload; op=order; orderid=14323; 
上传
[2018-08-12 15:28:17] trace  /app/index.php?i=1&uniacid=1&t=undefined&v=1.3&m=ewei_shopv2&from=wxapp&c=entry&a=wxapp&do=main&&state=we7sid-01a29e9dbc40a84d74bbc40dc25c5971&sign=994c2f184356595c49988a4b7e6ba03a pn=upload; op=order; orderid=14324; 
上传
[2018-08-12 15:28:18] trace  /app/index.php?i=1&uniacid=1&t=undefined&v=1.3&m=ewei_shopv2&from=wxapp&c=entry&a=wxapp&do=main&&state=we7sid-01a29e9dbc40a84d74bbc40dc25c5971&sign=994c2f184356595c49988a4b7e6ba03a pn=upload; op=order; orderid=14324; 
上传
[2018-08-12 15:31:16] trace  /app/index.php?i=1&uniacid=1&t=undefined&v=1.3&m=ewei_shopv2&from=wxapp&c=entry&a=wxapp&do=main&&state=we7sid-83fbd7ca1b14d4481d70d0d9c26b4bd7&sign=67c173f17c32ad078c485f91dd57841c pn=upload; op=order; orderid=14325; 
上传
[2018-08-12 15:36:26] trace  /app/index.php?i=1&uniacid=1&t=undefined&v=1.3&m=ewei_shopv2&from=wxapp&c=entry&a=wxapp&do=main&&state=we7sid-531dc3086ac2a3045e527af92dd48e38&sign=98be0580ed5779474d4dad6be17028f0 op=order; orderid=14326; pn=upload; 
上传
[2018-08-12 15:49:30] trace  /app/index.php?i=1&uniacid=1&t=undefined&v=1.3&m=ewei_shopv2&from=wxapp&c=entry&a=wxapp&do=main&&state=we7sid-212b8cb57ed6fca41a5851d8eb95d2ee&sign=71e861260dfaa8ba06b8e7e817fe9b54 pn=upload; op=order; orderid=14327; 
上传
[2018-08-12 16:07:36] trace  /app/index.php?i=1&uniacid=1&t=undefined&v=1.3&m=ewei_shopv2&from=wxapp&c=entry&a=wxapp&do=main&&state=we7sid-69c84dc22d318d45244ad38f85847cda&sign=214926ca07ff7a7bdc9871bafe30ccf4 pn=upload; op=order; orderid=14328; 
上传
[2018-08-12 16:24:16] trace  /app/index.php?i=1&uniacid=1&t=undefined&v=1.3&m=ewei_shopv2&from=wxapp&c=entry&a=wxapp&do=main&&state=we7sid-fb4915f1762becb31f9d96331ab61ef2&sign=e02a43721e3300300f58dcfa2b12e778 op=order; orderid=14329; pn=upload; 
上传
[2018-08-12 17:12:09] trace  /app/index.php?i=1&uniacid=1&t=undefined&v=1.3&m=ewei_shopv2&from=wxapp&c=entry&a=wxapp&do=main&&state=we7sid-ecfa2ef801c194ceaa7be6dd88563c5a&sign=73b8d3d51d10f7d7cbe7fb4aedb8dd45 pn=upload; op=order; orderid=14330; 
上传
[2018-08-12 17:20:55] trace  /app/index.php?i=1&uniacid=1&t=undefined&v=1.3&m=ewei_shopv2&from=wxapp&c=entry&a=wxapp&do=main&&state=we7sid-a8f85406566b7db53d04ca14a9349a69&sign=c1fa99188ff68bc852b484265c9d783f pn=upload; op=order; orderid=14331; 
上传
[2018-08-12 17:21:40] trace  /app/index.php?i=1&uniacid=1&t=undefined&v=1.3&m=ewei_shopv2&from=wxapp&c=entry&a=wxapp&do=main&&state=we7sid-a8f85406566b7db53d04ca14a9349a69&sign=c1fa99188ff68bc852b484265c9d783f pn=upload; op=order; orderid=14332; 
上传
[2018-08-12 17:21:58] trace  /app/index.php?i=1&uniacid=1&t=undefined&v=1.3&m=ewei_shopv2&from=wxapp&c=entry&a=wxapp&do=main&&state=we7sid-d43f1b028e665e558e2f66b07c9321ab&sign=e2375401c21080b6bdc17dea2db1ac2a pn=upload; op=order; orderid=14333; 
上传
[2018-08-12 17:33:44] trace  /app/index.php?i=1&uniacid=1&t=undefined&v=1.3&m=ewei_shopv2&from=wxapp&c=entry&a=wxapp&do=main&&state=we7sid-eb980502bdbb4fb8444417469b44dfea&sign=b5a5017767631c0ad190cd6a6526b6bb pn=upload; op=order; orderid=14334; 
上传
[2018-08-12 17:34:59] trace  /app/index.php?i=1&uniacid=1&t=undefined&v=1.3&m=ewei_shopv2&from=wxapp&c=entry&a=wxapp&do=main&&state=we7sid-1ea22feb164e3fdc2fbb2a73a1b384c1&sign=06e990697941b2a4bc6fdf68c1ccd0fa pn=upload; op=order; orderid=14335; 
上传
[2018-08-12 17:35:56] trace  /app/index.php?i=1&uniacid=1&t=undefined&v=1.3&m=ewei_shopv2&from=wxapp&c=entry&a=wxapp&do=main&&state=we7sid-0e65c93be32f5202d7022620cf07b195&sign=c8d8549cf53deac608cc085f37d0daa6 pn=upload; op=order; orderid=14336; 
上传
[2018-08-12 17:36:33] trace  /app/index.php?i=1&uniacid=1&t=undefined&v=1.3&m=ewei_shopv2&from=wxapp&c=entry&a=wxapp&do=main&&state=we7sid-78d8a4d578a49e171156f70c4efb845d&sign=eda35cf2fafa21f5b95eeaf18cde8228 pn=upload; op=order; orderid=14337; 
上传
[2018-08-12 17:37:30] trace  /app/index.php?i=1&uniacid=1&t=undefined&v=1.3&m=ewei_shopv2&from=wxapp&c=entry&a=wxapp&do=main&&state=we7sid-9cb8232cd5f61dba4b80894e23130ab8&sign=bed0603706a4f91a2c56212609c97831 pn=upload; op=order; orderid=14338; 
上传
[2018-08-12 17:41:23] trace  /app/index.php?i=1&uniacid=1&t=undefined&v=1.3&m=ewei_shopv2&from=wxapp&c=entry&a=wxapp&do=main&&state=we7sid-589ed73987b6ca1ba5dabe421499fb37&sign=e998ff85a7fbf3baded595943d3f1539 op=order; orderid=14339; pn=upload; 
上传
[2018-08-12 17:41:34] trace  /app/index.php?i=1&uniacid=1&t=undefined&v=1.3&m=ewei_shopv2&from=wxapp&c=entry&a=wxapp&do=main&&state=we7sid-a35a7f30fb91729095726ed5a1c74fc4&sign=43047fb32fb2ac6a5f5c910781d0d472 pn=upload; op=order; orderid=14340; 
上传
[2018-08-12 17:53:20] trace  /app/index.php?i=1&uniacid=1&t=undefined&v=1.3&m=ewei_shopv2&from=wxapp&c=entry&a=wxapp&do=main&&state=we7sid-9e30f3d77bf0504063127b1a700df62f&sign=a8d1e5da3516c347f7e7c4ee49102411 pn=upload; op=order; orderid=14341; 
上传
[2018-08-12 17:59:35] trace  /app/index.php?i=1&uniacid=1&t=undefined&v=1.3&m=ewei_shopv2&from=wxapp&c=entry&a=wxapp&do=main&&state=we7sid-eb9077cc667a571798988760a3c1b721&sign=98d55b5a1695b38f5993ff581619e8fa pn=upload; op=order; orderid=14342; 
上传
[2018-08-12 18:06:49] trace  /app/index.php?i=1&uniacid=1&t=undefined&v=1.3&m=ewei_shopv2&from=wxapp&c=entry&a=wxapp&do=main&&state=we7sid-981e7b1fb013132bcf00f608c48f23f8&sign=b6b3009ab364e636085afb5973a91be3 op=order; orderid=14343; pn=upload; 
上传
[2018-08-12 18:15:28] trace  /app/index.php?i=1&uniacid=1&t=undefined&v=1.3&m=ewei_shopv2&from=wxapp&c=entry&a=wxapp&do=main&&state=we7sid-0bc5b47ca86199bbab90c91f694a618b&sign=445e05a443ae8b953011a675b1056b0f pn=upload; op=order; orderid=14344; 
上传
[2018-08-12 18:19:47] trace  /app/index.php?i=1&uniacid=1&t=undefined&v=1.3&m=ewei_shopv2&from=wxapp&c=entry&a=wxapp&do=main&&state=we7sid-dd6d749d257790b9ff956a16bf7bb7c0&sign=15e5617ae216c12d861b7d6197df04c2 pn=upload; op=order; orderid=14345; 
上传
[2018-08-12 18:48:10] trace  /app/index.php?i=1&uniacid=1&t=undefined&v=1.3&m=ewei_shopv2&from=wxapp&c=entry&a=wxapp&do=main&&state=we7sid-923cb99ebfa56dbf2555b2a3336a031d&sign=e8aa84ed44c4ebe4e33fb78bb58f1834 pn=upload; op=order; orderid=14346; 
上传
[2018-08-12 18:59:04] trace  /app/index.php?i=1&uniacid=1&t=undefined&v=1.3&m=ewei_shopv2&from=wxapp&c=entry&a=wxapp&do=main&&state=we7sid-874a4e1ce2df71d4a52ba63a03a9c722&sign=07865954045b287c3ceb5603f5f9a462 pn=upload; op=order; orderid=14347; 
上传
[2018-08-12 18:59:31] trace  /app/index.php?i=1&uniacid=1&t=undefined&v=1.3&m=ewei_shopv2&from=wxapp&c=entry&a=wxapp&do=main&&state=we7sid-f1193958b81ff9d63730c5db9d2082d1&sign=1cf99f060d2c9dcc8d84b19ca895e3bf pn=upload; op=order; orderid=14348; 
上传
[2018-08-12 19:02:52] trace  /app/index.php?i=1&uniacid=1&t=undefined&v=1.3&m=ewei_shopv2&from=wxapp&c=entry&a=wxapp&do=main&&state=we7sid-010b47d69181116a6161a58da34a36d5&sign=05d9efc1ceb69f4dedfd51fd44816a6a pn=upload; op=order; orderid=14349; 
上传
[2018-08-12 19:07:47] trace  /app/index.php?i=1&uniacid=1&t=undefined&v=1.3&m=ewei_shopv2&from=wxapp&c=entry&a=wxapp&do=main&&state=we7sid-ece12f8c743d23130185e3368a73ba7e&sign=e602049d4e58964fcfa1fc3a30ed4c9d op=order; orderid=14350; pn=upload; 
上传
[2018-08-12 19:11:40] trace  /app/index.php?i=1&uniacid=1&t=undefined&v=1.3&m=ewei_shopv2&from=wxapp&c=entry&a=wxapp&do=main&&state=we7sid-ece12f8c743d23130185e3368a73ba7e&sign=e602049d4e58964fcfa1fc3a30ed4c9d op=order; orderid=14351; pn=upload; 
上传
[2018-08-12 19:14:39] trace  /app/index.php?i=1&uniacid=1&t=undefined&v=1.3&m=ewei_shopv2&from=wxapp&c=entry&a=wxapp&do=main&&state=we7sid-3edde7ecc399e75bb4eb5e2b5503a58f&sign=1a97ec08d46f41be920ccf229608068b pn=upload; op=order; orderid=14352; 
上传
[2018-08-12 19:15:55] trace  /app/index.php?i=1&uniacid=1&t=undefined&v=1.3&m=ewei_shopv2&from=wxapp&c=entry&a=wxapp&do=main&&state=we7sid-8e528b7de8ac55ca95d75154c27553f1&sign=d160fec95f74db2462d1f237efd748aa pn=upload; op=order; orderid=14353; 
上传
[2018-08-12 19:23:50] trace  /app/index.php?i=1&uniacid=1&t=undefined&v=1.3&m=ewei_shopv2&from=wxapp&c=entry&a=wxapp&do=main&&state=we7sid-a7e5c2e2d71ac805a3deb87f862e59ab&sign=f7824bff76b56edc717562c5dbbeb7a8 pn=upload; op=order; orderid=14354; 
上传
[2018-08-12 19:25:10] trace  /app/index.php?i=1&uniacid=1&t=undefined&v=1.3&m=ewei_shopv2&from=wxapp&c=entry&a=wxapp&do=main&&state=we7sid-a7e5c2e2d71ac805a3deb87f862e59ab&sign=f7824bff76b56edc717562c5dbbeb7a8 pn=upload; op=order; orderid=14355; 
上传
[2018-08-12 19:33:47] trace  /app/index.php?i=1&uniacid=1&t=undefined&v=1.3&m=ewei_shopv2&from=wxapp&c=entry&a=wxapp&do=main&&state=we7sid-5d3df5dacb348f9afb9888c765a16479&sign=48f601d16a8a6e6fde57d80cbac6a31c pn=upload; op=order; orderid=14356; 
上传
[2018-08-12 19:54:50] trace  /app/index.php?i=1&uniacid=1&t=undefined&v=1.3&m=ewei_shopv2&from=wxapp&c=entry&a=wxapp&do=main&&state=we7sid-78973e486af485b8597258d9845c828d&sign=d0f9721c16e46e89a222bbfcda520e0e pn=upload; op=order; orderid=14357; 
上传
[2018-08-12 19:58:47] trace  /app/index.php?i=1&uniacid=1&t=undefined&v=1.3&m=ewei_shopv2&from=wxapp&c=entry&a=wxapp&do=main&&state=we7sid-49bf1e8bd7a08b6a96fb1f298deb23c3&sign=1cc3128ede38b40b71e976a6fc176074 pn=upload; op=order; orderid=14358; 
上传
[2018-08-12 20:08:08] trace  /app/index.php?i=1&uniacid=1&t=undefined&v=1.3&m=ewei_shopv2&from=wxapp&c=entry&a=wxapp&do=main&&state=we7sid-8c3ad8bcf2abb0f0b3213eed99e8fb80&sign=657837acbb9000f1b663730b607d7058 pn=upload; op=order; orderid=14359; 
上传
[2018-08-12 20:21:42] trace  /app/index.php?i=1&uniacid=1&t=undefined&v=1.3&m=ewei_shopv2&from=wxapp&c=entry&a=wxapp&do=main&&state=we7sid-ef0220f2f8a840acef571e961b3dd0b2&sign=5d31c5243d942bbeeccb9a5c7f9dbd50 op=order; orderid=14360; pn=upload; 
上传
[2018-08-12 20:22:30] trace  /app/index.php?i=1&uniacid=1&t=undefined&v=1.3&m=ewei_shopv2&from=wxapp&c=entry&a=wxapp&do=main&&state=we7sid-d2a2758777f02a8ab6514a787ca10c5b&sign=483eec0a996c2b1eae179b95b0eb9bca pn=upload; op=order; orderid=14361; 
上传
[2018-08-12 20:27:22] trace  /app/index.php?i=1&uniacid=1&t=undefined&v=1.3&m=ewei_shopv2&from=wxapp&c=entry&a=wxapp&do=main&&state=we7sid-140e040e67ecd640c3c2b962a5c4e714&sign=85cca4526fa303d8678c9c6514f30af2 pn=upload; op=order; orderid=14362; 
上传
[2018-08-12 20:49:49] trace  /app/index.php?i=1&uniacid=1&t=undefined&v=1.3&m=ewei_shopv2&from=wxapp&c=entry&a=wxapp&do=main&&state=we7sid-0b6135004e8794e8175acb0be845bbed&sign=b748229c8ef1178e72c38278c910cc01 pn=upload; op=order; orderid=14363; 
上传
[2018-08-12 21:01:36] trace  /app/index.php?i=1&uniacid=1&t=undefined&v=1.3&m=ewei_shopv2&from=wxapp&c=entry&a=wxapp&do=main&&state=we7sid-4143ea78aa486b7258e9eec551c1f998&sign=cf22aa7fdbf02a577ae55a60ad0d165d pn=upload; op=order; orderid=14364; 
上传
[2018-08-12 21:15:03] trace  /app/index.php?i=1&uniacid=1&t=undefined&v=1.3&m=ewei_shopv2&from=wxapp&c=entry&a=wxapp&do=main&&state=we7sid-cdd81386161488556590ad77229911dd&sign=4aecfa873704d60f4a98552d45a4f343 op=order; orderid=14365; pn=upload; 
上传
[2018-08-12 21:15:11] trace  /app/index.php?i=1&uniacid=1&t=undefined&v=1.3&m=ewei_shopv2&from=wxapp&c=entry&a=wxapp&do=main&&state=we7sid-a74064704316345f10394b5b2a0666f3&sign=7eb1fb3aff0568f9758756f7cba7acc5 pn=upload; op=order; orderid=14366; 
上传
[2018-08-12 21:19:16] trace  /app/index.php?i=1&uniacid=1&t=undefined&v=1.3&m=ewei_shopv2&from=wxapp&c=entry&a=wxapp&do=main&&state=we7sid-09e7a404e1e97ddf30e2eefab68deb87&sign=230af0de15188637cbd085a241ca4175 op=order; orderid=14367; pn=upload; 
上传
[2018-08-12 21:27:57] trace  /app/index.php?i=1&uniacid=1&t=undefined&v=1.3&m=ewei_shopv2&from=wxapp&c=entry&a=wxapp&do=main&&state=we7sid-cdd81386161488556590ad77229911dd&sign=4aecfa873704d60f4a98552d45a4f343 op=order; orderid=14368; pn=upload; 
上传
[2018-08-12 21:28:11] trace  /app/index.php?i=1&uniacid=1&t=undefined&v=1.3&m=ewei_shopv2&from=wxapp&c=entry&a=wxapp&do=main&&state=we7sid-56f43e78f403c55f19f6eb605dee074e&sign=bfbe0e4e2f79cf193390eb213659e09f pn=upload; op=order; orderid=14369; 
上传
[2018-08-12 21:28:11] trace  /app/index.php?i=1&uniacid=1&t=undefined&v=1.3&m=ewei_shopv2&from=wxapp&c=entry&a=wxapp&do=main&&state=we7sid-56f43e78f403c55f19f6eb605dee074e&sign=bfbe0e4e2f79cf193390eb213659e09f pn=upload; op=order; orderid=14369; 
上传
[2018-08-12 21:35:07] trace  /app/index.php?i=1&uniacid=1&t=undefined&v=1.3&m=ewei_shopv2&from=wxapp&c=entry&a=wxapp&do=main&&state=we7sid-9e8178759562ff445d273a69301a3b7e&sign=0eef17eb28d5a1ff5c1906609ac694ef op=order; orderid=14370; pn=upload; 
上传
[2018-08-12 21:45:51] trace  /app/index.php?i=1&uniacid=1&t=undefined&v=1.3&m=ewei_shopv2&from=wxapp&c=entry&a=wxapp&do=main&&state=we7sid-6007afa9e84768018715b03fbc0e184b&sign=e089fa4fd13be6825bfa9649158ff0eb op=order; orderid=14371; pn=upload; 
上传
[2018-08-12 21:46:02] trace  /app/index.php?i=1&uniacid=1&t=undefined&v=1.3&m=ewei_shopv2&from=wxapp&c=entry&a=wxapp&do=main&&state=we7sid-6007afa9e84768018715b03fbc0e184b&sign=e089fa4fd13be6825bfa9649158ff0eb op=order; orderid=14372; pn=upload; 
上传
[2018-08-12 21:51:04] trace  /app/index.php?i=1&uniacid=1&t=undefined&v=1.3&m=ewei_shopv2&from=wxapp&c=entry&a=wxapp&do=main&&state=we7sid-0a06f9d749ef7e8b2551fff96b97ee90&sign=3c84595576b04e76eb2ab8fcd5e15a74 op=order; orderid=14373; pn=upload; 
上传
[2018-08-12 21:52:54] trace  /app/index.php?i=1&uniacid=1&t=undefined&v=1.3&m=ewei_shopv2&from=wxapp&c=entry&a=wxapp&do=main&&state=we7sid-6007afa9e84768018715b03fbc0e184b&sign=e089fa4fd13be6825bfa9649158ff0eb op=order; orderid=14374; pn=upload; 
上传
[2018-08-12 21:53:38] trace  /app/index.php?i=1&uniacid=1&t=undefined&v=1.3&m=ewei_shopv2&from=wxapp&c=entry&a=wxapp&do=main&&state=we7sid-6007afa9e84768018715b03fbc0e184b&sign=e089fa4fd13be6825bfa9649158ff0eb op=order; orderid=14375; pn=upload; 
上传
[2018-08-12 21:57:22] trace  /app/index.php?i=1&uniacid=1&t=undefined&v=1.3&m=ewei_shopv2&from=wxapp&c=entry&a=wxapp&do=main&&state=we7sid-68fe7528385399e38c7781e4f085f387&sign=69759c614c8b72d773269428ef9c5c39 op=order; orderid=14376; pn=upload; 
上传
[2018-08-12 22:10:08] trace  /app/index.php?i=1&uniacid=1&t=undefined&v=1.3&m=ewei_shopv2&from=wxapp&c=entry&a=wxapp&do=main&&state=we7sid-e1b2cfa110f3dd70c7a59b0b7543d8ee&sign=c54ec8a80a7ab91cf8bb93b4a09605aa pn=upload; op=order; orderid=14377; 
上传
[2018-08-12 22:11:02] trace  /app/index.php?i=1&uniacid=1&t=undefined&v=1.3&m=ewei_shopv2&from=wxapp&c=entry&a=wxapp&do=main&&state=we7sid-0a06f9d749ef7e8b2551fff96b97ee90&sign=3c84595576b04e76eb2ab8fcd5e15a74 op=order; orderid=14378; pn=upload; 
上传
[2018-08-12 22:16:20] trace  /app/index.php?i=1&uniacid=1&t=undefined&v=1.3&m=ewei_shopv2&from=wxapp&c=entry&a=wxapp&do=main&&state=we7sid-3dbd6b55373a4b4b3f0775261617eda2&sign=cfb4899af16fa3d335462bfb2e19b115 pn=upload; op=order; orderid=14379; 
上传
[2018-08-12 22:26:14] trace  /app/index.php?i=1&uniacid=1&t=undefined&v=1.3&m=ewei_shopv2&from=wxapp&c=entry&a=wxapp&do=main&&state=we7sid-a262f45d2c6e5270a932f6c036e5caf3&sign=09fc7ca45d588f390085db2da1c6ae87 pn=upload; op=order; orderid=14380; 
上传
[2018-08-12 22:29:01] trace  /app/index.php?i=1&uniacid=1&t=undefined&v=1.3&m=ewei_shopv2&from=wxapp&c=entry&a=wxapp&do=main&&state=we7sid-245c7c1fe33cf4ae342c3d9e6b896e75&sign=5d2308d1d9a6db583d33f3b81d388eb9 pn=upload; op=order; orderid=14381; 
上传
[2018-08-12 22:38:53] trace  /app/index.php?i=1&uniacid=1&t=undefined&v=1.3&m=ewei_shopv2&from=wxapp&c=entry&a=wxapp&do=main&&state=we7sid-ac58c10148eb6b51a7df77845701bb9e&sign=cd48e4dd82bbf763b6f6ebab3b884d8c pn=upload; op=order; orderid=14382; 
上传
[2018-08-12 22:51:21] trace  /app/index.php?i=1&uniacid=1&t=undefined&v=1.3&m=ewei_shopv2&from=wxapp&c=entry&a=wxapp&do=main&&state=we7sid-22327240a1498a9f987a4c114556e40b&sign=ac60c4a985f5ee9925a1141b429a8389 pn=upload; op=order; orderid=14383; 
上传
[2018-08-12 23:00:25] trace  /app/index.php?i=1&uniacid=1&t=undefined&v=1.3&m=ewei_shopv2&from=wxapp&c=entry&a=wxapp&do=main&&state=we7sid-a575a30de6fe5a4afe384bbc07d45cbe&sign=ffcbbe97fcea1758d91280ec1b459e98 pn=upload; op=order; orderid=14384; 
上传
[2018-08-12 23:00:46] trace  /app/index.php?i=1&uniacid=1&t=undefined&v=1.3&m=ewei_shopv2&from=wxapp&c=entry&a=wxapp&do=main&&state=we7sid-a108c98edde812e5ba829d23dbbb7479&sign=6d382d6e3565761aaa2148599cab1979 pn=upload; op=order; orderid=14385; 
上传
[2018-08-12 23:29:21] trace  /app/index.php?i=1&uniacid=1&t=undefined&v=1.3&m=ewei_shopv2&from=wxapp&c=entry&a=wxapp&do=main&&state=we7sid-764bb536f4022e87870449e7d8132a0e&sign=c1805345f4d54b102048806642aed25e op=order; orderid=14386; pn=upload; 
上传
[2018-08-12 23:29:53] trace  /app/index.php?i=1&uniacid=1&t=undefined&v=1.3&m=ewei_shopv2&from=wxapp&c=entry&a=wxapp&do=main&&state=we7sid-c5b6b1c9e5b25b1a94a3c62b41cedcbe&sign=ec97c46def2f07d4957723721e0e5452 op=order; orderid=14387; pn=upload; 
上传
[2018-08-12 23:55:21] trace  /app/index.php?i=1&uniacid=1&t=undefined&v=1.3&m=ewei_shopv2&from=wxapp&c=entry&a=wxapp&do=main&&state=we7sid-3b154e2045a87c8d14fa29cad5ea3fd3&sign=1ef257c550366f1b77302415ff9c7e0b op=order; orderid=14388; pn=upload; 
上传
[2018-08-12 23:55:21] trace  /app/index.php?i=1&uniacid=1&t=undefined&v=1.3&m=ewei_shopv2&from=wxapp&c=entry&a=wxapp&do=main&&state=we7sid-3b154e2045a87c8d14fa29cad5ea3fd3&sign=1ef257c550366f1b77302415ff9c7e0b op=order; orderid=14388; pn=upload; 
上传
[2018-08-12 23:58:13] trace  /app/index.php?i=1&uniacid=1&t=undefined&v=1.3&m=ewei_shopv2&from=wxapp&c=entry&a=wxapp&do=main&&state=we7sid-97b685bd897668bda032f20f459890fa&sign=0bb5296ca2c6560d52238ea9a9de941b pn=upload; op=order; orderid=14389; 
上传
[2018-08-12 23:58:42] trace  /app/index.php?i=1&uniacid=1&t=undefined&v=1.3&m=ewei_shopv2&from=wxapp&c=entry&a=wxapp&do=main&&state=we7sid-e17d1fc82434164e7b73d157011b0dbe&sign=d212f00b824d032b6c4c92d016a749df pn=upload; op=order; orderid=14390; 
上传
