[2018-06-04 00:05:16] trace  /app/index.php?i=1&uniacid=1&t=undefined&v=1.3&m=ewei_shopv2&from=wxapp&c=entry&a=wxapp&do=main&&state=we7sid-20bc1b244bf2cc890059e19a70c24c45&sign=053d516efe883e64bb40cebb6071151e pn=upload; op=order; orderid=6610; 
上传
[2018-06-04 00:06:48] trace  /app/index.php?i=1&uniacid=1&t=undefined&v=1.3&m=ewei_shopv2&from=wxapp&c=entry&a=wxapp&do=main&&state=we7sid-20bc1b244bf2cc890059e19a70c24c45&sign=053d516efe883e64bb40cebb6071151e pn=upload; op=order; orderid=6611; 
上传
[2018-06-04 00:15:20] trace  /app/index.php?i=1&uniacid=1&t=undefined&v=1.3&m=ewei_shopv2&from=wxapp&c=entry&a=wxapp&do=main&&state=we7sid-6ca4c78aad48885c4d958097289292b6&sign=8642a924441e7915f232b50b61fff2a3 op=order; orderid=6612; pn=upload; 
上传
[2018-06-04 00:15:58] trace  /app/index.php?i=1&uniacid=1&t=undefined&v=1.3&m=ewei_shopv2&from=wxapp&c=entry&a=wxapp&do=main&&state=we7sid-6ca4c78aad48885c4d958097289292b6&sign=8642a924441e7915f232b50b61fff2a3 op=order; orderid=6613; pn=upload; 
上传
[2018-06-04 00:26:20] trace  /app/index.php?i=1&uniacid=1&t=undefined&v=1.3&m=ewei_shopv2&from=wxapp&c=entry&a=wxapp&do=main&&state=we7sid-bb112efcc6f9fda09322c51c8528e990&sign=79c801e576ab9dc4500b8fb3875ff714 op=order; orderid=6614; pn=upload; 
上传
[2018-06-04 00:37:56] trace  /app/index.php?i=1&uniacid=1&t=undefined&v=1.3&m=ewei_shopv2&from=wxapp&c=entry&a=wxapp&do=main&&state=we7sid-83e2c79145e99ca5cc04ff8b891f303a&sign=36adbc16e79ca73aee37d5733dfa368a pn=upload; op=order; orderid=6615; 
上传
[2018-06-04 00:43:06] trace  /app/index.php?i=1&uniacid=1&t=undefined&v=1.3&m=ewei_shopv2&from=wxapp&c=entry&a=wxapp&do=main&&state=we7sid-3399b945644a7a58dd1ef43d3f7a2655&sign=21d4e0992c53a1b6fec19809b7b6182b pn=upload; op=order; orderid=6616; 
上传
[2018-06-04 01:03:22] trace  /app/index.php?i=1&uniacid=1&t=undefined&v=1.3&m=ewei_shopv2&from=wxapp&c=entry&a=wxapp&do=main&&state=we7sid-d094bf7bb44d4acc5ecef7b1e2e7fb2c&sign=6c008c5fd4cfa0c8373bcb191ad0d77c pn=upload; op=order; orderid=6617; 
上传
[2018-06-04 01:28:44] trace  /app/index.php?i=1&uniacid=1&t=undefined&v=1.3&m=ewei_shopv2&from=wxapp&c=entry&a=wxapp&do=main&&state=we7sid-54955c40a422ae939f5538799145c3c2&sign=2d60ee39d71fb0f8019b32b37f4cd9ba pn=upload; op=order; orderid=6618; 
上传
[2018-06-04 03:28:42] trace  /app/index.php?i=1&uniacid=1&t=undefined&v=1.3&m=ewei_shopv2&from=wxapp&c=entry&a=wxapp&do=main&&state=we7sid-37653e793e6013728d931f1e93e75999&sign=0bb32e8faa8832611b2b3154e22ecef4 pn=upload; op=order; orderid=6619; 
上传
[2018-06-04 05:34:12] trace  /app/index.php?i=1&uniacid=1&t=undefined&v=1.3&m=ewei_shopv2&from=wxapp&c=entry&a=wxapp&do=main&&state=we7sid-c53825504bd35c2932486015381ce1b7&sign=a86609f9b027a1edfe59ebd629c743e3 pn=upload; op=order; orderid=6620; 
上传
[2018-06-04 06:28:27] trace  /app/index.php?i=1&uniacid=1&t=undefined&v=1.3&m=ewei_shopv2&from=wxapp&c=entry&a=wxapp&do=main&&state=we7sid-c8a43fee401ebb679ea9844039bf7210&sign=2bbc7fa8e0710ae39426b186e4454a7a pn=upload; op=order; orderid=6621; 
上传
[2018-06-04 06:56:49] trace  /app/index.php?i=1&uniacid=1&t=undefined&v=1.3&m=ewei_shopv2&from=wxapp&c=entry&a=wxapp&do=main&&state=we7sid-66a5ca20b96ed3da0343b0ea0074965f&sign=c62b55162302cc4e9d5fed1fa6bbb643 pn=upload; op=order; orderid=6622; 
上传
[2018-06-04 06:58:59] trace  /app/index.php?i=1&uniacid=1&t=undefined&v=1.3&m=ewei_shopv2&from=wxapp&c=entry&a=wxapp&do=main&&state=we7sid-ebc15bf8e7cb3a0903dc78a3c432fed9&sign=2a37902b31a0d891d2a44e2d36487a3f pn=upload; op=order; orderid=6623; 
上传
[2018-06-04 07:10:42] trace  /app/index.php?i=1&uniacid=1&t=undefined&v=1.3&m=ewei_shopv2&from=wxapp&c=entry&a=wxapp&do=main&&state=we7sid-0fb7af57ad24b471b866126d716c4186&sign=e177d332c1d8b6dc9ca23cb1de26de62 pn=upload; op=order; orderid=6624; 
上传
[2018-06-04 08:13:12] trace  /app/index.php?i=1&uniacid=1&t=undefined&v=1.3&m=ewei_shopv2&from=wxapp&c=entry&a=wxapp&do=main&&state=we7sid-1024bb6f4623145d6c9f8798403c5be2&sign=024411af78479254563d822886fc4b12 pn=upload; op=order; orderid=6625; 
上传
[2018-06-04 08:21:12] trace  /app/index.php?i=1&uniacid=1&t=undefined&v=1.3&m=ewei_shopv2&from=wxapp&c=entry&a=wxapp&do=main&&state=we7sid-3b39522ff6fd93414a624855d443780d&sign=270497fbb7444c226413b65c8b00f743 pn=upload; op=order; orderid=6626; 
上传
[2018-06-04 09:30:53] trace  /app/index.php?i=1&uniacid=1&t=undefined&v=1.3&m=ewei_shopv2&from=wxapp&c=entry&a=wxapp&do=main&&state=we7sid-76385086325a1e564a5cf10c60b154d1&sign=897ef3f78ed96b80421bfa7a39b10f8a pn=upload; op=order; orderid=6628; 
上传
[2018-06-04 09:31:19] trace  /app/index.php?i=1&uniacid=1&t=undefined&v=1.3&m=ewei_shopv2&from=wxapp&c=entry&a=wxapp&do=main&&state=we7sid-f0c70992ee2a210597eeaafca67a23c5&sign=4942a10586f37ee6a787f28e517c7096 pn=upload; op=order; orderid=6629; 
上传
[2018-06-04 10:11:37] trace  /app/index.php?i=1&uniacid=1&t=undefined&v=1.3&m=ewei_shopv2&from=wxapp&c=entry&a=wxapp&do=main&&state=we7sid-7659bedb2a197505bec2557d11104996&sign=2b11652b31b3d883ab50ebe8bafd2434 pn=upload; op=order; orderid=6630; 
上传
[2018-06-04 10:45:57] trace  /app/index.php?i=1&uniacid=1&t=undefined&v=1.3&m=ewei_shopv2&from=wxapp&c=entry&a=wxapp&do=main&&state=we7sid-a6af80d32a3a3590b01044063cd63c46&sign=8e6654e483a36dcce2dd13349f3b5843 op=order; orderid=6631; pn=upload; 
上传
[2018-06-04 11:23:18] trace  /app/index.php?i=1&uniacid=1&t=undefined&v=1.3&m=ewei_shopv2&from=wxapp&c=entry&a=wxapp&do=main&&state=we7sid-bfe065c1b0c10f50a8d3ed0abff3a601&sign=ba489a41e4aa63a117af14360efd527b pn=upload; op=order; orderid=6632; 
上传
[2018-06-04 11:41:20] trace  /app/index.php?i=1&uniacid=1&t=undefined&v=1.1&m=ewei_shopv2&from=wxapp&c=entry&a=wxapp&do=main&&state=we7sid-2e3862eaf64fcdba61c9be988157177c&sign=041aca9b5256e7469e67b6352496fe4f pn=upload; op=order; orderid=6633; 
上传
[2018-06-04 11:54:42] trace  /app/index.php?i=1&uniacid=1&t=undefined&v=1.3&m=ewei_shopv2&from=wxapp&c=entry&a=wxapp&do=main&&state=we7sid-cf49c6e423d413ccaab7d2c8150ac46a&sign=7bcbd688f367393d17709edee14a25d2 pn=upload; op=order; orderid=6634; 
上传
[2018-06-04 12:13:58] trace  /app/index.php?i=1&uniacid=1&t=undefined&v=1.3&m=ewei_shopv2&from=wxapp&c=entry&a=wxapp&do=main&&state=we7sid-19209c752de5fb9ce68727e4e41e6da1&sign=d2846fe20d426634a95f955cf56a2a88 pn=upload; op=order; orderid=6635; 
上传
[2018-06-04 12:14:12] trace  /app/index.php?i=1&uniacid=1&t=undefined&v=1.3&m=ewei_shopv2&from=wxapp&c=entry&a=wxapp&do=main&&state=we7sid-19209c752de5fb9ce68727e4e41e6da1&sign=d2846fe20d426634a95f955cf56a2a88 pn=upload; op=order; orderid=6636; 
上传
[2018-06-04 12:26:27] trace  /app/index.php?i=1&uniacid=1&t=undefined&v=1.3&m=ewei_shopv2&from=wxapp&c=entry&a=wxapp&do=main&&state=we7sid-5ce6553510bac5d069c67dcff6e60d74&sign=4015ca048d3db9c5070d709e055b2860 pn=upload; op=order; orderid=6637; 
上传
[2018-06-04 12:26:49] trace  /app/index.php?i=1&uniacid=1&t=undefined&v=1.3&m=ewei_shopv2&from=wxapp&c=entry&a=wxapp&do=main&&state=we7sid-5ce6553510bac5d069c67dcff6e60d74&sign=4015ca048d3db9c5070d709e055b2860 pn=upload; op=order; orderid=6638; 
上传
[2018-06-04 12:30:02] trace  /app/index.php?i=1&uniacid=1&t=undefined&v=1.3&m=ewei_shopv2&from=wxapp&c=entry&a=wxapp&do=main&&state=we7sid-265be0deb18867f9c944bc5dc8abccc2&sign=f2b4594fb1f4f8a55003b2a8542074e5 pn=upload; op=order; orderid=6639; 
上传
[2018-06-04 12:35:40] trace  /app/index.php?i=1&uniacid=1&t=undefined&v=1.3&m=ewei_shopv2&from=wxapp&c=entry&a=wxapp&do=main&&state=we7sid-bd997b491044aafdd51ef14e1b5abf31&sign=c22576175b60c463acf7105757791ae9 pn=upload; op=order; orderid=6640; 
上传
[2018-06-04 12:41:26] trace  /app/index.php?i=1&uniacid=1&t=undefined&v=1.3&m=ewei_shopv2&from=wxapp&c=entry&a=wxapp&do=main&&state=we7sid-e769335b8cfdf1bb6791f42edc9a2ee5&sign=58e15e2fb7d545a6b22bb3a30a07ae70 pn=upload; op=order; orderid=6641; 
上传
[2018-06-04 13:26:08] trace  /app/index.php?i=1&uniacid=1&t=undefined&v=1.3&m=ewei_shopv2&from=wxapp&c=entry&a=wxapp&do=main&&state=we7sid-0850bd51fb231a603754a79321efa095&sign=2f45944b6ba7365df356cb66122b9d57 op=order; orderid=6642; pn=upload; 
上传
[2018-06-04 13:38:19] trace  /app/index.php?i=1&uniacid=1&t=undefined&v=1.3&m=ewei_shopv2&from=wxapp&c=entry&a=wxapp&do=main&&state=we7sid-bbbdb64c8ba3a4764dc7bc2924da581c&sign=414501b3b8374846fd7baefc384c88b4 pn=upload; op=order; orderid=6643; 
上传
[2018-06-04 13:39:09] trace  /app/index.php?i=1&uniacid=1&t=undefined&v=1.3&m=ewei_shopv2&from=wxapp&c=entry&a=wxapp&do=main&&state=we7sid-976b6a2e38c61b5b6dae0731fda7efad&sign=d8e41eeb54ac632abf31a35f7e1cc3cd pn=upload; op=order; orderid=6644; 
上传
[2018-06-04 13:46:12] trace  /app/index.php?i=1&uniacid=1&t=undefined&v=1.3&m=ewei_shopv2&from=wxapp&c=entry&a=wxapp&do=main&&state=we7sid-aa767e45e2e06ae3a205622dda67940a&sign=3d9c20d9043e39bd3ec74e287733654e pn=upload; op=order; orderid=6645; 
上传
[2018-06-04 13:51:03] trace  /app/index.php?i=1&uniacid=1&t=undefined&v=1.3&m=ewei_shopv2&from=wxapp&c=entry&a=wxapp&do=main&&state=we7sid-aa767e45e2e06ae3a205622dda67940a&sign=3d9c20d9043e39bd3ec74e287733654e pn=upload; op=order; orderid=6646; 
上传
[2018-06-04 13:54:31] trace  /app/index.php?i=1&uniacid=1&t=undefined&v=1.3&m=ewei_shopv2&from=wxapp&c=entry&a=wxapp&do=main&&state=we7sid-a36f0a479c2c1cb49b2c92f87f2589ae&sign=30366f7c5d3d6622fbc913b5a7cacad6 pn=upload; op=order; orderid=6647; 
上传
[2018-06-04 14:04:18] trace  /app/index.php?i=1&uniacid=1&t=undefined&v=1.3&m=ewei_shopv2&from=wxapp&c=entry&a=wxapp&do=main&&state=we7sid-f5339c129425a614df9b55b549dac35a&sign=a263193fdf5fe7882cc5049ace6db37e pn=upload; op=order; orderid=6648; 
上传
[2018-06-04 14:23:22] trace  /app/index.php?i=1&uniacid=1&t=undefined&v=1.3&m=ewei_shopv2&from=wxapp&c=entry&a=wxapp&do=main&&state=we7sid-10b604e431e07d3b9891bbdd1c013122&sign=53077ce0c285125d79ac351c1e10fba7 pn=upload; op=order; orderid=6649; 
上传
[2018-06-04 14:44:51] trace  /app/index.php?i=1&uniacid=1&t=undefined&v=1.3&m=ewei_shopv2&from=wxapp&c=entry&a=wxapp&do=main&&state=we7sid-ff3abaf7ba0b404ad890330cc338220b&sign=fcb6f58e1110068e93f895efede3b391 pn=upload; op=order; orderid=6651; 
上传
[2018-06-04 15:03:32] trace  /app/index.php?i=1&uniacid=1&t=undefined&v=1.3&m=ewei_shopv2&from=wxapp&c=entry&a=wxapp&do=main&&state=we7sid-51f17b3e69a8aed0cf2146bd26b4d34f&sign=2b7371d08ddca9c5733a14fc8692d37a pn=upload; op=order; orderid=6652; 
上传
[2018-06-04 15:14:47] trace  /app/index.php?i=1&uniacid=1&t=undefined&v=1.3&m=ewei_shopv2&from=wxapp&c=entry&a=wxapp&do=main&&state=we7sid-9f9dec349e3626cb88fe344ff02b8525&sign=3b39c3eeb8e8859dc2c8c77d8f023047 pn=upload; op=order; orderid=6653; 
上传
[2018-06-04 15:27:39] trace  /app/index.php?i=1&uniacid=1&t=undefined&v=1.3&m=ewei_shopv2&from=wxapp&c=entry&a=wxapp&do=main&&state=we7sid-b0f10dcb279396b99bb15bd275a8235e&sign=62e4723dd2e4e394901f650212b3a5e5 pn=upload; op=order; orderid=6654; 
上传
[2018-06-04 15:29:22] trace  /app/index.php?i=1&uniacid=1&t=undefined&v=1.3&m=ewei_shopv2&from=wxapp&c=entry&a=wxapp&do=main&&state=we7sid-b7c4bb74db73ee419c7a94b38ca3f26e&sign=03b2ca6b5c7bfc4acbf1cf7bbfb045c6 pn=upload; op=order; orderid=6655; 
上传
[2018-06-04 15:30:03] trace  /app/index.php?i=1&uniacid=1&t=undefined&v=1.3&m=ewei_shopv2&from=wxapp&c=entry&a=wxapp&do=main&&state=we7sid-3e0d7ed0c7902d6feb433d9a217e5221&sign=4d3398a0b421978670070a02faea7c18 pn=upload; op=order; orderid=6656; 
上传
[2018-06-04 15:40:26] trace  /app/index.php?i=1&uniacid=1&t=undefined&v=1.3&m=ewei_shopv2&from=wxapp&c=entry&a=wxapp&do=main&&state=we7sid-5aebcdd17959c83ca6d888ca01deb2b4&sign=611a3af28d7015dcc3ad0f6b175eb6f1 pn=upload; op=order; orderid=6657; 
上传
[2018-06-04 15:40:33] trace  /app/index.php?i=1&uniacid=1&t=undefined&v=1.3&m=ewei_shopv2&from=wxapp&c=entry&a=wxapp&do=main&&state=we7sid-5aebcdd17959c83ca6d888ca01deb2b4&sign=611a3af28d7015dcc3ad0f6b175eb6f1 pn=upload; op=order; orderid=6658; 
上传
[2018-06-04 15:41:18] trace  /app/index.php?i=1&uniacid=1&t=undefined&v=1.3&m=ewei_shopv2&from=wxapp&c=entry&a=wxapp&do=main&&state=we7sid-9b5795408aec454e64c817017949d978&sign=45f5186db749516f0066fc863843984e op=order; orderid=6659; pn=upload; 
上传
[2018-06-04 16:05:46] trace  /app/index.php?i=1&uniacid=1&t=undefined&v=1.3&m=ewei_shopv2&from=wxapp&c=entry&a=wxapp&do=main&&state=we7sid-6d19e6f99e9e3aed85e029d7edeffc49&sign=5ce74915cd207f085ebae3f47f6ba8d4 pn=upload; op=order; orderid=6660; 
上传
[2018-06-04 16:46:00] trace  /app/index.php?i=1&uniacid=1&t=undefined&v=1.3&m=ewei_shopv2&from=wxapp&c=entry&a=wxapp&do=main&&state=we7sid-a4943be4c4ad550340a2f5297ed8e13f&sign=76302cd17d7c39252cc4fc7c908fa0ee pn=upload; op=order; orderid=6661; 
上传
[2018-06-04 17:21:09] trace  /app/index.php?i=1&uniacid=1&t=undefined&v=1.3&m=ewei_shopv2&from=wxapp&c=entry&a=wxapp&do=main&&state=we7sid-7fbebc08991c075b58078441bb557662&sign=88ddcd8fef2851cf049d5f974aa72c96 pn=upload; op=order; orderid=6662; 
上传
[2018-06-04 17:24:55] trace  /app/index.php?i=1&uniacid=1&t=undefined&v=1.3&m=ewei_shopv2&from=wxapp&c=entry&a=wxapp&do=main&&state=we7sid-f3c8609e7964b4bef76d636f3e97d208&sign=4b06ea7a9941e4cd8c511536bba29a11 pn=upload; op=order; orderid=6663; 
上传
[2018-06-04 17:39:56] trace  /app/index.php?i=1&uniacid=1&t=undefined&v=1.3&m=ewei_shopv2&from=wxapp&c=entry&a=wxapp&do=main&&state=we7sid-6918120f8547138a5c7ed0af4478d162&sign=3a0922be81af78d66b907257f379c55b pn=upload; op=order; orderid=6664; 
上传
[2018-06-04 17:49:20] trace  /app/index.php?i=1&uniacid=1&t=undefined&v=1.3&m=ewei_shopv2&from=wxapp&c=entry&a=wxapp&do=main&&state=we7sid-190b642577fbc6028875de73cb3f90be&sign=ddc759765b1954d49153b1d1500ab4ec op=order; orderid=6665; pn=upload; 
上传
[2018-06-04 17:56:18] trace  /app/index.php?i=1&uniacid=1&t=undefined&v=1.3&m=ewei_shopv2&from=wxapp&c=entry&a=wxapp&do=main&&state=we7sid-9056799889d980da53c57ffeed4cfb39&sign=aab6853baf2ad4e0dd82362c586ef067 pn=upload; op=order; orderid=6666; 
上传
[2018-06-04 18:12:46] trace  /app/index.php?i=1&uniacid=1&t=undefined&v=1.3&m=ewei_shopv2&from=wxapp&c=entry&a=wxapp&do=main&&state=we7sid-b88d04b5706778885ba74b8f233fff0c&sign=4b21c454713cf894eaf8e4da48fbfb01 pn=upload; op=order; orderid=6667; 
上传
[2018-06-04 18:19:36] trace  /app/index.php?i=1&uniacid=1&t=undefined&v=1.3&m=ewei_shopv2&from=wxapp&c=entry&a=wxapp&do=main&&state=we7sid-d1dff580b718953e2e882d94e7df3b22&sign=ad54d33fe26ef0417002e8e00d0acd00 pn=upload; op=order; orderid=6668; 
上传
[2018-06-04 18:34:30] trace  /app/index.php?i=1&uniacid=1&t=undefined&v=1.3&m=ewei_shopv2&from=wxapp&c=entry&a=wxapp&do=main&&state=we7sid-f3c8609e7964b4bef76d636f3e97d208&sign=4b06ea7a9941e4cd8c511536bba29a11 pn=upload; op=order; orderid=6669; 
上传
[2018-06-04 18:37:09] trace  /app/index.php?i=1&uniacid=1&t=undefined&v=1.3&m=ewei_shopv2&from=wxapp&c=entry&a=wxapp&do=main&&state=we7sid-2cbf4070c8f72f05697306f8bc649847&sign=3acb5c0e3203319d7334bf115c50a1fa pn=upload; op=order; orderid=6670; 
上传
[2018-06-04 18:48:12] trace  /app/index.php?i=1&uniacid=1&t=undefined&v=1.3&m=ewei_shopv2&from=wxapp&c=entry&a=wxapp&do=main&&state=we7sid-0cae7314d0347325097d4de12ec5b904&sign=756bd13cd63cae3df965d019d6bb4a92 pn=upload; op=order; orderid=6671; 
上传
[2018-06-04 19:19:48] trace  /app/index.php?i=1&uniacid=1&t=undefined&v=1.3&m=ewei_shopv2&from=wxapp&c=entry&a=wxapp&do=main&&state=we7sid-b1740cfd65463b1a7398e0f745aec26d&sign=697132b36aba3b3339809e94a3970666 pn=upload; op=order; orderid=6672; 
上传
[2018-06-04 19:30:22] trace  /app/index.php?i=1&uniacid=1&t=undefined&v=1.3&m=ewei_shopv2&from=wxapp&c=entry&a=wxapp&do=main&&state=we7sid-e4cde8004bdc0f4ad06fedcee952257b&sign=89cf42cdd2d7d2cb88b82ef93cd3e914 pn=upload; op=order; orderid=6673; 
上传
[2018-06-04 19:44:15] trace  /app/index.php?i=1&uniacid=1&t=undefined&v=1.3&m=ewei_shopv2&from=wxapp&c=entry&a=wxapp&do=main&&state=we7sid-b1740cfd65463b1a7398e0f745aec26d&sign=697132b36aba3b3339809e94a3970666 pn=upload; op=order; orderid=6674; 
上传
[2018-06-04 19:51:48] trace  /app/index.php?i=1&uniacid=1&t=undefined&v=1.3&m=ewei_shopv2&from=wxapp&c=entry&a=wxapp&do=main&&state=we7sid-97ffb601bd64678374a35ef279ac7822&sign=83fc92b9fbce9f781fbcc11d829c0d5b pn=upload; op=order; orderid=6675; 
上传
[2018-06-04 19:54:13] trace  /app/index.php?i=1&uniacid=1&t=undefined&v=1.3&m=ewei_shopv2&from=wxapp&c=entry&a=wxapp&do=main&&state=we7sid-c331480a9ecd25860d488cef8b193d02&sign=455b273f5ab551473080c1e7eb35d81b pn=upload; op=order; orderid=6676; 
上传
[2018-06-04 19:55:07] trace  /app/index.php?i=1&uniacid=1&t=undefined&v=1.3&m=ewei_shopv2&from=wxapp&c=entry&a=wxapp&do=main&&state=we7sid-c8718a1e6ea0b4c14ad7984458c99a83&sign=6bfc84b6e87793290a8881c56364967f pn=upload; op=order; orderid=6677; 
上传
[2018-06-04 20:01:02] trace  /app/index.php?i=1&uniacid=1&t=undefined&v=1.3&m=ewei_shopv2&from=wxapp&c=entry&a=wxapp&do=main&&state=we7sid-3c2055932e8f9d960352fe183e946271&sign=ad5c545d235e37fa51c65431d3a62552 pn=upload; op=order; orderid=6678; 
上传
[2018-06-04 20:07:47] trace  /app/index.php?i=1&uniacid=1&t=undefined&v=1.3&m=ewei_shopv2&from=wxapp&c=entry&a=wxapp&do=main&&state=we7sid-9d02fe800c312608408c3ba6dedfae8b&sign=12bcb11bac7af1f7bf4f0b4160f168d2 pn=upload; op=order; orderid=6679; 
上传
[2018-06-04 20:12:45] trace  /app/index.php?i=1&uniacid=1&t=undefined&v=1.3&m=ewei_shopv2&from=wxapp&c=entry&a=wxapp&do=main&&state=we7sid-843b7e9a484a0047cfce20d06c6d9677&sign=a8ac6c675a8c940b5b72aa68d5e24a2f pn=upload; op=order; orderid=6680; 
上传
[2018-06-04 20:16:02] trace  /app/index.php?i=1&uniacid=1&t=undefined&v=1.3&m=ewei_shopv2&from=wxapp&c=entry&a=wxapp&do=main&&state=we7sid-c7c4a372e49915f777be4cb4b5b5ca6d&sign=bac1e79e61b221be1b512d9fd13607d4 op=order; orderid=6681; pn=upload; 
上传
[2018-06-04 20:16:58] trace  /app/index.php?i=1&uniacid=1&t=undefined&v=1.3&m=ewei_shopv2&from=wxapp&c=entry&a=wxapp&do=main&&state=we7sid-cdc792dff838488268b475a4750f636c&sign=481256a85b1258a510b8a6ec55976e21 pn=upload; op=order; orderid=6682; 
上传
[2018-06-04 20:39:34] trace  /app/index.php?i=1&uniacid=1&t=undefined&v=1.3&m=ewei_shopv2&from=wxapp&c=entry&a=wxapp&do=main&&state=we7sid-ec248070ef68984a0869b852b8be536a&sign=f3b8f6c6f1da0dc720e3749c952ea01e op=order; pn=upload; orderid=6683; 
上传
[2018-06-04 20:40:59] trace  /app/index.php?i=1&uniacid=1&t=undefined&v=1.3&m=ewei_shopv2&from=wxapp&c=entry&a=wxapp&do=main&&state=we7sid-86e31e8764db920669c89104ce874155&sign=7fe68a7abfbc59568852ca609554e11b pn=upload; op=order; orderid=6684; 
上传
[2018-06-04 20:41:58] trace  /app/index.php?i=1&uniacid=1&t=undefined&v=1.3&m=ewei_shopv2&from=wxapp&c=entry&a=wxapp&do=main&&state=we7sid-c58fda0205761e83f0a39bcff2855cf0&sign=4fcc0995e8d997803dbf6eaab00c5a29 pn=upload; op=order; orderid=6685; 
上传
[2018-06-04 20:54:11] trace  /app/index.php?i=1&uniacid=1&t=undefined&v=1.3&m=ewei_shopv2&from=wxapp&c=entry&a=wxapp&do=main&&state=we7sid-4a745b6d92ef9fdb9b5d4e70da574850&sign=089b2391fa5ff1aa5c6cfda06983539a pn=upload; op=order; orderid=6686; 
上传
[2018-06-04 20:55:30] trace  /app/index.php?i=1&uniacid=1&t=undefined&v=1.3&m=ewei_shopv2&from=wxapp&c=entry&a=wxapp&do=main&&state=we7sid-3692bf6e9d717eb42fc63660e59c73b1&sign=1ba02de347a4c5dd02d035ef80485d0d pn=upload; op=order; orderid=6687; 
上传
[2018-06-04 20:55:30] trace  /app/index.php?i=1&uniacid=1&t=undefined&v=1.3&m=ewei_shopv2&from=wxapp&c=entry&a=wxapp&do=main&&state=we7sid-3692bf6e9d717eb42fc63660e59c73b1&sign=1ba02de347a4c5dd02d035ef80485d0d pn=upload; op=order; orderid=6687; 
上传
[2018-06-04 20:56:38] trace  /app/index.php?i=1&uniacid=1&t=undefined&v=1.3&m=ewei_shopv2&from=wxapp&c=entry&a=wxapp&do=main&&state=we7sid-3692bf6e9d717eb42fc63660e59c73b1&sign=1ba02de347a4c5dd02d035ef80485d0d pn=upload; op=order; orderid=6688; 
上传
[2018-06-04 21:01:34] trace  /app/index.php?i=1&uniacid=1&t=undefined&v=1.3&m=ewei_shopv2&from=wxapp&c=entry&a=wxapp&do=main&&state=we7sid-f5c5468a578146f590d9c9c118bb6b6a&sign=edf1038dd38f6012beefe037d1e4e6aa pn=upload; op=order; orderid=6689; 
上传
[2018-06-04 21:21:10] trace  /app/index.php?i=1&uniacid=1&t=undefined&v=1.3&m=ewei_shopv2&from=wxapp&c=entry&a=wxapp&do=main&&state=we7sid-0f1b3eb281a0ecafb2a82c452b5fc89d&sign=bf511fd6c4b2ecf8ba422df24dc3fcaf op=order; orderid=6690; pn=upload; 
上传
[2018-06-04 21:25:28] trace  /app/index.php?i=1&uniacid=1&t=undefined&v=1.3&m=ewei_shopv2&from=wxapp&c=entry&a=wxapp&do=main&&state=we7sid-36b46e89de8b2ea32a55bae480508580&sign=10309eea0a80604164f4ac61181eb312 op=order; pn=upload; orderid=6691; 
上传
[2018-06-04 21:30:01] trace  /app/index.php?i=1&uniacid=1&t=undefined&v=1.3&m=ewei_shopv2&from=wxapp&c=entry&a=wxapp&do=main&&state=we7sid-f4e9a8dea24cc1edaace55e67f20bd31&sign=b36ee326e5bd08e8531560651cebb1ba pn=upload; op=order; orderid=6692; 
上传
[2018-06-04 21:36:32] trace  /app/index.php?i=1&uniacid=1&t=undefined&v=1.3&m=ewei_shopv2&from=wxapp&c=entry&a=wxapp&do=main&&state=we7sid-104d7d1798f07a00a0bda1cb3107c5f4&sign=a8d06a4e0122e41476a49e6d4d045079 op=order; orderid=6693; pn=upload; 
上传
[2018-06-04 21:45:12] trace  /app/index.php?i=1&uniacid=1&t=undefined&v=1.3&m=ewei_shopv2&from=wxapp&c=entry&a=wxapp&do=main&&state=we7sid-bcfbbe23248c4a5f101cd6fde29c5c8f&sign=b1dc7c6d61b4e43d7f9966a80230f88c pn=upload; op=author; orderid=6186; 
上传
[2018-06-04 21:51:08] trace  /app/index.php?i=1&uniacid=1&t=undefined&v=1.3&m=ewei_shopv2&from=wxapp&c=entry&a=wxapp&do=main&&state=we7sid-bcfbbe23248c4a5f101cd6fde29c5c8f&sign=b1dc7c6d61b4e43d7f9966a80230f88c pn=upload; op=author; orderid=6294; 
上传
[2018-06-04 21:51:29] trace  /app/index.php?i=1&uniacid=1&t=undefined&v=1.3&m=ewei_shopv2&from=wxapp&c=entry&a=wxapp&do=main&&state=we7sid-c048b961981079eaa3e6a48248afa52f&sign=9bb18ea4caa4b1fa65bdcf164abce338 pn=upload; op=order; orderid=6694; 
上传
[2018-06-04 22:02:43] trace  /app/index.php?i=1&uniacid=1&t=undefined&v=1.3&m=ewei_shopv2&from=wxapp&c=entry&a=wxapp&do=main&&state=we7sid-bcfbbe23248c4a5f101cd6fde29c5c8f&sign=b1dc7c6d61b4e43d7f9966a80230f88c pn=upload; op=author; orderid=6297; 
上传
[2018-06-04 22:10:06] trace  /app/index.php?i=1&uniacid=1&t=undefined&v=1.3&m=ewei_shopv2&from=wxapp&c=entry&a=wxapp&do=main&&state=we7sid-c387e947b1a912039c66b19fcc655ee4&sign=0539b10f082f6ae34be7251eef1ca1d6 pn=upload; op=order; orderid=6695; 
上传
[2018-06-04 22:12:01] trace  /app/index.php?i=1&uniacid=1&t=undefined&v=1.3&m=ewei_shopv2&from=wxapp&c=entry&a=wxapp&do=main&&state=we7sid-bcfbbe23248c4a5f101cd6fde29c5c8f&sign=b1dc7c6d61b4e43d7f9966a80230f88c pn=upload; op=author; orderid=6300; 
上传
[2018-06-04 22:22:28] trace  /app/index.php?i=1&uniacid=1&t=undefined&v=1.3&m=ewei_shopv2&from=wxapp&c=entry&a=wxapp&do=main&&state=we7sid-b6b7cc079093f379a98c45b562059ddc&sign=77c618837caee8cfa8249b35376841be pn=upload; op=order; orderid=6697; 
上传
[2018-06-04 22:22:28] trace  /app/index.php?i=1&uniacid=1&t=undefined&v=1.3&m=ewei_shopv2&from=wxapp&c=entry&a=wxapp&do=main&&state=we7sid-b6b7cc079093f379a98c45b562059ddc&sign=77c618837caee8cfa8249b35376841be pn=upload; op=order; orderid=6697; 
上传
[2018-06-04 22:27:06] trace  /app/index.php?i=1&uniacid=1&t=undefined&v=1.3&m=ewei_shopv2&from=wxapp&c=entry&a=wxapp&do=main&&state=we7sid-bcfbbe23248c4a5f101cd6fde29c5c8f&sign=b1dc7c6d61b4e43d7f9966a80230f88c pn=upload; op=author; orderid=6327; 
上传
[2018-06-04 22:32:27] trace  /app/index.php?i=1&uniacid=1&t=undefined&v=1.3&m=ewei_shopv2&from=wxapp&c=entry&a=wxapp&do=main&&state=we7sid-6d2d19f2aeb7806c56ada1e989b6fc0c&sign=abb6f9b29c8f6604e61317c8d6f55025 pn=upload; op=order; orderid=6698; 
上传
[2018-06-04 22:45:54] trace  /app/index.php?i=1&uniacid=1&t=undefined&v=1.3&m=ewei_shopv2&from=wxapp&c=entry&a=wxapp&do=main&&state=we7sid-b1ecce857fd4d23d73b689266f650b30&sign=ca324a252a77ae30f4eb531055b9a7b2 pn=upload; op=order; orderid=6699; 
上传
[2018-06-04 23:02:56] trace  /app/index.php?i=1&uniacid=1&t=undefined&v=1.3&m=ewei_shopv2&from=wxapp&c=entry&a=wxapp&do=main&&state=we7sid-b21460daaec2a9ef1abb569f2d0b651f&sign=6cabafec3817f2d0bb7768b58d7a210b pn=upload; op=order; orderid=6700; 
上传
[2018-06-04 23:07:49] trace  /app/index.php?i=1&uniacid=1&t=undefined&v=1.3&m=ewei_shopv2&from=wxapp&c=entry&a=wxapp&do=main&&state=we7sid-b21460daaec2a9ef1abb569f2d0b651f&sign=6cabafec3817f2d0bb7768b58d7a210b pn=upload; op=order; orderid=6701; 
上传
[2018-06-04 23:07:53] trace  /app/index.php?i=1&uniacid=1&t=undefined&v=1.3&m=ewei_shopv2&from=wxapp&c=entry&a=wxapp&do=main&&state=we7sid-b21460daaec2a9ef1abb569f2d0b651f&sign=6cabafec3817f2d0bb7768b58d7a210b pn=upload; op=order; orderid=6702; 
上传
[2018-06-04 23:17:00] trace  /app/index.php?i=1&uniacid=1&t=undefined&v=1.3&m=ewei_shopv2&from=wxapp&c=entry&a=wxapp&do=main&&state=we7sid-230d083a8ba663431fdcf7d8ab21ced9&sign=aaf24cf807650c798aafbcd029ce1097 op=order; orderid=6703; pn=upload; 
上传
[2018-06-04 23:18:54] trace  /app/index.php?i=1&uniacid=1&t=undefined&v=1.3&m=ewei_shopv2&from=wxapp&c=entry&a=wxapp&do=main&&state=we7sid-230d083a8ba663431fdcf7d8ab21ced9&sign=aaf24cf807650c798aafbcd029ce1097 op=order; orderid=6704; pn=upload; 
上传
[2018-06-04 23:26:14] trace  /app/index.php?i=1&uniacid=1&t=undefined&v=1.3&m=ewei_shopv2&from=wxapp&c=entry&a=wxapp&do=main&&state=we7sid-19d203939fb6209a0530a920e6e966f2&sign=bdcdd9c4f49e80240d42cef171bcaaa8 pn=upload; op=order; orderid=6705; 
上传
[2018-06-04 23:27:17] trace  /app/index.php?i=1&uniacid=1&t=undefined&v=1.3&m=ewei_shopv2&from=wxapp&c=entry&a=wxapp&do=main&&state=we7sid-97a05e61b35fa86a4d37ab1b28e9104b&sign=01a5727d365ca45cf6a323085575bd94 pn=upload; op=order; orderid=6706; 
上传
[2018-06-04 23:27:25] trace  /app/index.php?i=1&uniacid=1&t=undefined&v=1.3&m=ewei_shopv2&from=wxapp&c=entry&a=wxapp&do=main&&state=we7sid-389624ea7f436b1fe673e8c29b38c111&sign=1305b9ad21209a4424ff1d628d3f4eec pn=upload; op=order; orderid=6707; 
上传
[2018-06-04 23:56:19] trace  /app/index.php?i=1&uniacid=1&t=undefined&v=1.3&m=ewei_shopv2&from=wxapp&c=entry&a=wxapp&do=main&&state=we7sid-1f78ac6ea842def9bbd25228d0293c02&sign=572f5b059daf27aafbbaec16b1c2e3f6 pn=upload; op=order; orderid=6708; 
上传
