[2018-07-12 00:11:49] trace  /app/index.php?i=1&uniacid=1&t=undefined&v=1.3&m=ewei_shopv2&from=wxapp&c=entry&a=wxapp&do=main&&state=we7sid-e28671761a23e085b5fcb3583b5d2b14&sign=f1f68010a3f53b2c636c8a7ab915e136 pn=upload; op=order; orderid=10961; 
上传
[2018-07-12 00:33:46] trace  /app/index.php?i=1&uniacid=1&t=undefined&v=1.3&m=ewei_shopv2&from=wxapp&c=entry&a=wxapp&do=main&&state=we7sid-fe2f85d4e96e0c691cb048df548cefa2&sign=b6d56479d75fc4561dec439b4c06f6c5 op=order; orderid=10962; pn=upload; 
上传
[2018-07-12 00:41:00] trace  /app/index.php?i=1&uniacid=1&t=undefined&v=1.3&m=ewei_shopv2&from=wxapp&c=entry&a=wxapp&do=main&&state=we7sid-d5af1e1bcc448c5db004b765f7fc311b&sign=deb435fbe6ed6928fac450fe988f986e pn=upload; op=order; orderid=10963; 
上传
[2018-07-12 00:44:23] trace  /app/index.php?i=1&uniacid=1&t=undefined&v=1.3&m=ewei_shopv2&from=wxapp&c=entry&a=wxapp&do=main&&state=we7sid-c8eb5453a089c1cd91b9d955ad250913&sign=e9f5b6b605b899e550f697132a6066d0 pn=upload; op=order; orderid=10964; 
上传
[2018-07-12 00:52:21] trace  /app/index.php?i=1&uniacid=1&t=undefined&v=1.3&m=ewei_shopv2&from=wxapp&c=entry&a=wxapp&do=main&&state=we7sid-7221dd72ce6eb52319a18367b01f227b&sign=97be42cd7c4afa6906f27d6d76ff30dd op=order; orderid=10965; pn=upload; 
上传
[2018-07-12 01:38:53] trace  /app/index.php?i=1&uniacid=1&t=undefined&v=1.3&m=ewei_shopv2&from=wxapp&c=entry&a=wxapp&do=main&&state=we7sid-ac3a50c0439e2f3eb0f6dd889b65a5d9&sign=2de57b1fc8f90e3f0b76a427fa6dca11 pn=upload; op=author; orderid=10830; 
上传
[2018-07-12 01:45:00] trace  /app/index.php?i=1&uniacid=1&t=undefined&v=1.3&m=ewei_shopv2&from=wxapp&c=entry&a=wxapp&do=main&&state=we7sid-ac3a50c0439e2f3eb0f6dd889b65a5d9&sign=2de57b1fc8f90e3f0b76a427fa6dca11 pn=upload; op=author; orderid=10850; 
上传
[2018-07-12 01:50:13] trace  /app/index.php?i=1&uniacid=1&t=undefined&v=1.3&m=ewei_shopv2&from=wxapp&c=entry&a=wxapp&do=main&&state=we7sid-ac3a50c0439e2f3eb0f6dd889b65a5d9&sign=2de57b1fc8f90e3f0b76a427fa6dca11 pn=upload; op=author; orderid=10855; 
上传
[2018-07-12 01:57:36] trace  /app/index.php?i=1&uniacid=1&t=undefined&v=1.3&m=ewei_shopv2&from=wxapp&c=entry&a=wxapp&do=main&&state=we7sid-ac3a50c0439e2f3eb0f6dd889b65a5d9&sign=2de57b1fc8f90e3f0b76a427fa6dca11 pn=upload; op=author; orderid=10904; 
上传
[2018-07-12 02:02:53] trace  /app/index.php?i=1&uniacid=1&t=undefined&v=1.3&m=ewei_shopv2&from=wxapp&c=entry&a=wxapp&do=main&&state=we7sid-ac3a50c0439e2f3eb0f6dd889b65a5d9&sign=2de57b1fc8f90e3f0b76a427fa6dca11 pn=upload; op=author; orderid=10911; 
上传
[2018-07-12 04:46:14] trace  /app/index.php?i=1&uniacid=1&t=undefined&v=1.3&m=ewei_shopv2&from=wxapp&c=entry&a=wxapp&do=main&&state=we7sid-8baf210ac144c63e36daa7b9b0064bc0&sign=7d870019b598a0d962043a5822f3bfce pn=upload; op=order; orderid=10966; 
上传
[2018-07-12 05:30:38] trace  /app/index.php?i=1&uniacid=1&t=undefined&v=1.3&m=ewei_shopv2&from=wxapp&c=entry&a=wxapp&do=main&&state=we7sid-6d7ff9082d4b849c84682a628914cfb5&sign=c1eb94c07e7dd20f54c49246f6d66c27 pn=upload; op=order; orderid=10967; 
上传
[2018-07-12 07:24:24] trace  /app/index.php?i=1&uniacid=1&t=undefined&v=1.3&m=ewei_shopv2&from=wxapp&c=entry&a=wxapp&do=main&&state=we7sid-e467ae61e4f6bfe29cbc8dd28fe03aab&sign=58ac0203e738cd83d9e7c0872f8428da pn=upload; op=order; orderid=10968; 
上传
[2018-07-12 07:41:52] trace  /app/index.php?i=1&uniacid=1&t=undefined&v=1.3&m=ewei_shopv2&from=wxapp&c=entry&a=wxapp&do=main&&state=we7sid-4d1655f10a26b65b76fdf7abae987f02&sign=d7836bac2e1d20591d28bcaa6eabdaac pn=upload; op=order; orderid=10969; 
上传
[2018-07-12 08:03:32] trace  /app/index.php?i=1&uniacid=1&t=undefined&v=1.3&m=ewei_shopv2&from=wxapp&c=entry&a=wxapp&do=main&&state=we7sid-18f2b315ea9d253a11ce5d9137bda285&sign=64782447b22f068be79ba07263004527 pn=upload; op=order; orderid=10970; 
上传
[2018-07-12 08:04:47] trace  /app/index.php?i=1&uniacid=1&t=undefined&v=1.3&m=ewei_shopv2&from=wxapp&c=entry&a=wxapp&do=main&&state=we7sid-783f20506aef163ca4b97373e1d28654&sign=76b1721f64be5e7c7b36d49bb2569c26 pn=upload; op=order; orderid=10971; 
上传
[2018-07-12 08:07:30] trace  /app/index.php?i=1&uniacid=1&t=undefined&v=1.3&m=ewei_shopv2&from=wxapp&c=entry&a=wxapp&do=main&&state=we7sid-18f2b315ea9d253a11ce5d9137bda285&sign=64782447b22f068be79ba07263004527 pn=upload; op=order; orderid=10972; 
上传
[2018-07-12 08:07:45] trace  /app/index.php?i=1&uniacid=1&t=undefined&v=1.3&m=ewei_shopv2&from=wxapp&c=entry&a=wxapp&do=main&&state=we7sid-6c6dbb7f2fb8cb8d804cdc66f91b27aa&sign=4c203bcebf2bfeff0ac0eb70df5d4080 pn=upload; op=order; orderid=10973; 
上传
[2018-07-12 08:08:27] trace  /app/index.php?i=1&uniacid=1&t=undefined&v=1.3&m=ewei_shopv2&from=wxapp&c=entry&a=wxapp&do=main&&state=we7sid-096c8708ec5d24b972e95bafac7f1e5f&sign=ddbe68e52713c8721f39e9829b78a373 pn=upload; op=order; orderid=10974; 
上传
[2018-07-12 08:08:39] trace  /app/index.php?i=1&uniacid=1&t=undefined&v=1.3&m=ewei_shopv2&from=wxapp&c=entry&a=wxapp&do=main&&state=we7sid-096c8708ec5d24b972e95bafac7f1e5f&sign=ddbe68e52713c8721f39e9829b78a373 pn=upload; op=order; orderid=10975; 
上传
[2018-07-12 08:08:41] trace  /app/index.php?i=1&uniacid=1&t=undefined&v=1.3&m=ewei_shopv2&from=wxapp&c=entry&a=wxapp&do=main&&state=we7sid-687f46b7321761b1a3daecb71507feb8&sign=af3cf1a8cefd0cdbaa18f09e45b63a1e pn=upload; op=order; orderid=10976; 
上传
[2018-07-12 08:15:02] trace  /app/index.php?i=1&uniacid=1&t=undefined&v=1.3&m=ewei_shopv2&from=wxapp&c=entry&a=wxapp&do=main&&state=we7sid-e08f4180e9184767987783bacc45b198&sign=c625ac429a30c73b3d280745f1a72ef5 pn=upload; op=order; orderid=10977; 
上传
[2018-07-12 08:23:38] trace  /app/index.php?i=1&uniacid=1&t=undefined&v=1.3&m=ewei_shopv2&from=wxapp&c=entry&a=wxapp&do=main&&state=we7sid-f83c1e80bbb17393f98e488d762afd12&sign=247d58043aff2420fb1b9d9aeab3d267 pn=upload; op=order; orderid=10978; 
上传
[2018-07-12 08:33:08] trace  /app/index.php?i=1&uniacid=1&t=undefined&v=1.3&m=ewei_shopv2&from=wxapp&c=entry&a=wxapp&do=main&&state=we7sid-ff56d09f55a05122b58c9a0c780500fd&sign=f2879fee9d9c549f7101c0022c1eacff op=order; orderid=10979; pn=upload; 
上传
[2018-07-12 08:34:34] trace  /app/index.php?i=1&uniacid=1&t=undefined&v=1.3&m=ewei_shopv2&from=wxapp&c=entry&a=wxapp&do=main&&state=we7sid-a1ac1bfb1c816363ff5b58524c3d2594&sign=f55fde458d7a811c56cb87c3e2a3d252 pn=upload; op=order; orderid=10980; 
上传
[2018-07-12 08:34:39] trace  /app/index.php?i=1&uniacid=1&t=undefined&v=1.3&m=ewei_shopv2&from=wxapp&c=entry&a=wxapp&do=main&&state=we7sid-a1ac1bfb1c816363ff5b58524c3d2594&sign=f55fde458d7a811c56cb87c3e2a3d252 pn=upload; op=order; orderid=10981; 
上传
[2018-07-12 08:36:42] trace  /app/index.php?i=1&uniacid=1&t=undefined&v=1.3&m=ewei_shopv2&from=wxapp&c=entry&a=wxapp&do=main&&state=we7sid-8621753774e144977494a3418407852a&sign=b86fa5af2716c216d2502425f7ca116e pn=upload; op=order; orderid=10982; 
上传
[2018-07-12 08:38:42] trace  /app/index.php?i=1&uniacid=1&t=undefined&v=1.3&m=ewei_shopv2&from=wxapp&c=entry&a=wxapp&do=main&&state=we7sid-99662981788d367b2bc44f5652bd4a10&sign=2d98fb4a0cfe6e0711bc66773a00f6fa pn=upload; op=order; orderid=10983; 
上传
[2018-07-12 08:41:32] trace  /app/index.php?i=1&uniacid=1&t=undefined&v=1.3&m=ewei_shopv2&from=wxapp&c=entry&a=wxapp&do=main&&state=we7sid-5e1308c8a01018f91b1c1c11996ec30a&sign=e2620173cd15308c57bb54af8ae915fc pn=upload; op=order; orderid=10984; 
上传
[2018-07-12 08:41:33] trace  /app/index.php?i=1&uniacid=1&t=undefined&v=1.3&m=ewei_shopv2&from=wxapp&c=entry&a=wxapp&do=main&&state=we7sid-5e1308c8a01018f91b1c1c11996ec30a&sign=e2620173cd15308c57bb54af8ae915fc pn=upload; op=order; orderid=10984; 
上传
[2018-07-12 08:53:06] trace  /app/index.php?i=1&uniacid=1&t=undefined&v=1.3&m=ewei_shopv2&from=wxapp&c=entry&a=wxapp&do=main&&state=we7sid-0d423851b49ad67d0a9283d23459d797&sign=797832fb7084de652642d262111ab3f1 pn=upload; op=order; orderid=10985; 
上传
[2018-07-12 09:04:41] trace  /app/index.php?i=1&uniacid=1&t=undefined&v=1.3&m=ewei_shopv2&from=wxapp&c=entry&a=wxapp&do=main&&state=we7sid-1b88cb703b3fe8395fbdf4bb9deadba6&sign=2d3b26c839fb897b85b2ecb21f96e0a3 pn=upload; op=order; orderid=10986; 
上传
[2018-07-12 09:13:21] trace  /app/index.php?i=1&uniacid=1&t=undefined&v=1.3&m=ewei_shopv2&from=wxapp&c=entry&a=wxapp&do=main&&state=we7sid-096c8708ec5d24b972e95bafac7f1e5f&sign=ddbe68e52713c8721f39e9829b78a373 pn=upload; op=order; orderid=10987; 
上传
[2018-07-12 09:14:38] trace  /app/index.php?i=1&uniacid=1&t=undefined&v=1.3&m=ewei_shopv2&from=wxapp&c=entry&a=wxapp&do=main&&state=we7sid-45d82c1e718c24f5c7d10d48f0198590&sign=03e6d2141bf66057ea779341592cec42 pn=upload; op=order; orderid=10988; 
上传
[2018-07-12 09:32:10] trace  /app/index.php?i=1&uniacid=1&t=undefined&v=1.3&m=ewei_shopv2&from=wxapp&c=entry&a=wxapp&do=main&&state=we7sid-95c5beafcd965e4c5be5f343b94eacd1&sign=8291a4f311a7ed5a281cae032b1740de pn=upload; op=order; orderid=10990; 
上传
[2018-07-12 09:36:18] trace  /app/index.php?i=1&uniacid=1&t=undefined&v=1.3&m=ewei_shopv2&from=wxapp&c=entry&a=wxapp&do=main&&state=we7sid-f057e9e1bf6cf6c627583b30b7a1e116&sign=4a9e453bff4607415e941678c54ade4f pn=upload; op=order; orderid=10991; 
上传
[2018-07-12 09:48:47] trace  /app/index.php?i=1&uniacid=1&t=undefined&v=1.3&m=ewei_shopv2&from=wxapp&c=entry&a=wxapp&do=main&&state=we7sid-8bbeeab2de4f5dba11199896b4664f5e&sign=8efa7cc3443c0519da79ee95a3783cfe pn=upload; op=order; orderid=10992; 
上传
[2018-07-12 09:49:18] trace  /app/index.php?i=1&uniacid=1&t=undefined&v=1.3&m=ewei_shopv2&from=wxapp&c=entry&a=wxapp&do=main&&state=we7sid-a91dde597ab133b849ee05c3b6d09daf&sign=c58a22d9b75e7d7155d7f634a4a78c36 pn=upload; op=order; orderid=10993; 
上传
[2018-07-12 10:07:46] trace  /app/index.php?i=1&uniacid=1&t=undefined&v=1.3&m=ewei_shopv2&from=wxapp&c=entry&a=wxapp&do=main&&state=we7sid-9d3b161f471c749a01bc47edd38a57bb&sign=ad03a9ea3535a5e867c555de43e5da03 pn=upload; op=order; orderid=10994; 
上传
[2018-07-12 10:08:16] trace  /app/index.php?i=1&uniacid=1&t=undefined&v=1.3&m=ewei_shopv2&from=wxapp&c=entry&a=wxapp&do=main&&state=we7sid-9d3b161f471c749a01bc47edd38a57bb&sign=ad03a9ea3535a5e867c555de43e5da03 pn=upload; op=order; orderid=10995; 
上传
[2018-07-12 10:24:29] trace  /app/index.php?i=1&uniacid=1&t=undefined&v=1.3&m=ewei_shopv2&from=wxapp&c=entry&a=wxapp&do=main&&state=we7sid-8664469fb53f1067ea9544cd5af94823&sign=29e37a32af264089db9acb9e2a22c1cb pn=upload; op=order; orderid=10996; 
上传
[2018-07-12 10:25:31] trace  /app/index.php?i=1&uniacid=1&t=undefined&v=1.3&m=ewei_shopv2&from=wxapp&c=entry&a=wxapp&do=main&&state=we7sid-8664469fb53f1067ea9544cd5af94823&sign=29e37a32af264089db9acb9e2a22c1cb pn=upload; op=order; orderid=10997; 
上传
[2018-07-12 10:34:15] trace  /app/index.php?i=1&uniacid=1&t=undefined&v=1.3&m=ewei_shopv2&from=wxapp&c=entry&a=wxapp&do=main&&state=we7sid-4808f53ceb4486f2507613bdb24bff2e&sign=423f3598aaa3c93595144d7c0b7c038c pn=upload; op=order; orderid=10998; 
上传
[2018-07-12 10:34:24] trace  /app/index.php?i=1&uniacid=1&t=undefined&v=1.3&m=ewei_shopv2&from=wxapp&c=entry&a=wxapp&do=main&&state=we7sid-612dab4a5a62f44affdfa9d01319f3fb&sign=46a8d796a08f7f25418bde6e8dd3d57b pn=upload; op=order; orderid=10999; 
上传
[2018-07-12 10:36:52] trace  /app/index.php?i=1&uniacid=1&t=undefined&v=1.3&m=ewei_shopv2&from=wxapp&c=entry&a=wxapp&do=main&&state=we7sid-4a9761ab5a987b2166534fda029d76fd&sign=757250a1cc8b85a64f7abac1b635ee22 pn=upload; op=order; orderid=11000; 
上传
[2018-07-12 10:40:03] trace  /app/index.php?i=1&uniacid=1&t=undefined&v=1.3&m=ewei_shopv2&from=wxapp&c=entry&a=wxapp&do=main&&state=we7sid-31e8b8a4cefa9096d9c2b961c3e8ecf6&sign=d247de98eb08831fd88ebe1a231fec86 pn=upload; op=order; orderid=11001; 
上传
[2018-07-12 10:41:31] trace  /app/index.php?i=1&uniacid=1&t=undefined&v=1.3&m=ewei_shopv2&from=wxapp&c=entry&a=wxapp&do=main&&state=we7sid-3e25bbb993656f1148c9968c5564e68f&sign=c1368b196e9ce97a4351925b00df56fc pn=upload; op=order; orderid=11002; 
上传
[2018-07-12 10:48:46] trace  /app/index.php?i=1&uniacid=1&t=undefined&v=1.3&m=ewei_shopv2&from=wxapp&c=entry&a=wxapp&do=main&&state=we7sid-403515a8274a38e1c3a7e9c32b76e5b9&sign=95968280ba0b481d6c93a33d63e41589 pn=upload; op=order; orderid=11003; 
上传
[2018-07-12 10:48:48] trace  /app/index.php?i=1&uniacid=1&t=undefined&v=1.3&m=ewei_shopv2&from=wxapp&c=entry&a=wxapp&do=main&&state=we7sid-403515a8274a38e1c3a7e9c32b76e5b9&sign=95968280ba0b481d6c93a33d63e41589 pn=upload; op=order; orderid=11003; 
上传
[2018-07-12 10:48:49] trace  /app/index.php?i=1&uniacid=1&t=undefined&v=1.3&m=ewei_shopv2&from=wxapp&c=entry&a=wxapp&do=main&&state=we7sid-403515a8274a38e1c3a7e9c32b76e5b9&sign=95968280ba0b481d6c93a33d63e41589 pn=upload; op=order; orderid=11003; 
上传
[2018-07-12 10:48:51] trace  /app/index.php?i=1&uniacid=1&t=undefined&v=1.3&m=ewei_shopv2&from=wxapp&c=entry&a=wxapp&do=main&&state=we7sid-403515a8274a38e1c3a7e9c32b76e5b9&sign=95968280ba0b481d6c93a33d63e41589 pn=upload; op=order; orderid=11003; 
上传
[2018-07-12 10:48:52] trace  /app/index.php?i=1&uniacid=1&t=undefined&v=1.3&m=ewei_shopv2&from=wxapp&c=entry&a=wxapp&do=main&&state=we7sid-403515a8274a38e1c3a7e9c32b76e5b9&sign=95968280ba0b481d6c93a33d63e41589 pn=upload; op=order; orderid=11003; 
上传
[2018-07-12 10:48:53] trace  /app/index.php?i=1&uniacid=1&t=undefined&v=1.3&m=ewei_shopv2&from=wxapp&c=entry&a=wxapp&do=main&&state=we7sid-403515a8274a38e1c3a7e9c32b76e5b9&sign=95968280ba0b481d6c93a33d63e41589 pn=upload; op=order; orderid=11003; 
上传
[2018-07-12 11:05:43] trace  /app/index.php?i=1&uniacid=1&t=undefined&v=1.3&m=ewei_shopv2&from=wxapp&c=entry&a=wxapp&do=main&&state=we7sid-06908dc645cd8ffb9c4ef880956f528a&sign=191f8cdb4024b806dec509b6e0eb76a6 op=order; pn=upload; orderid=11004; 
上传
[2018-07-12 11:09:14] trace  /app/index.php?i=1&uniacid=1&t=undefined&v=1.3&m=ewei_shopv2&from=wxapp&c=entry&a=wxapp&do=main&&state=we7sid-8d951749c447ff2acd3d7116afafef49&sign=904f9fcef7fe0975481c73fb86c809bd pn=upload; op=order; orderid=11005; 
上传
[2018-07-12 11:09:52] trace  /app/index.php?i=1&uniacid=1&t=undefined&v=1.3&m=ewei_shopv2&from=wxapp&c=entry&a=wxapp&do=main&&state=we7sid-8d951749c447ff2acd3d7116afafef49&sign=904f9fcef7fe0975481c73fb86c809bd pn=upload; op=order; orderid=11006; 
上传
[2018-07-12 11:14:21] trace  /app/index.php?i=1&uniacid=1&t=undefined&v=1.3&m=ewei_shopv2&from=wxapp&c=entry&a=wxapp&do=main&&state=we7sid-f69969bd166285320b973a8c66af2b57&sign=4d04497e35aedcfcfeb4c24696a05f31 pn=upload; op=order; orderid=11007; 
上传
[2018-07-12 11:18:33] trace  /app/index.php?i=1&uniacid=1&t=undefined&v=1.3&m=ewei_shopv2&from=wxapp&c=entry&a=wxapp&do=main&&state=we7sid-b23865d402449e5e203c90b983fc904c&sign=af6dc0564b544901c098095439a89fe9 pn=upload; op=order; orderid=11008; 
上传
[2018-07-12 11:20:06] trace  /app/index.php?i=1&uniacid=1&t=undefined&v=1.3&m=ewei_shopv2&from=wxapp&c=entry&a=wxapp&do=main&&state=we7sid-7238fc92de2cb5031781a9caf7e75d74&sign=0fe3ae094dfb08c3721c51f47636fb50 pn=upload; op=order; orderid=11009; 
上传
[2018-07-12 11:31:11] trace  /app/index.php?i=1&uniacid=1&t=undefined&v=1.3&m=ewei_shopv2&from=wxapp&c=entry&a=wxapp&do=main&&state=we7sid-d9329c1a4044b6c830dfb0576bcd7b03&sign=664f295429e044be7c5523cd7f3d024e pn=upload; op=order; orderid=11010; 
上传
[2018-07-12 11:32:25] trace  /app/index.php?i=1&uniacid=1&t=undefined&v=1.3&m=ewei_shopv2&from=wxapp&c=entry&a=wxapp&do=main&&state=we7sid-2c876aa36d50f6b69d7ad3d77041802f&sign=e2c5d695ca66220a860e81fef6f97b16 op=order; pn=upload; orderid=11011; 
上传
[2018-07-12 11:38:23] trace  /app/index.php?i=1&uniacid=1&t=undefined&v=1.3&m=ewei_shopv2&from=wxapp&c=entry&a=wxapp&do=main&&state=we7sid-790b48360a0f2596842967d6e697cb49&sign=890dd421d6d6126805080b8f5b29e3c6 pn=upload; op=order; orderid=11012; 
上传
[2018-07-12 11:51:46] trace  /app/index.php?i=1&uniacid=1&t=undefined&v=1.3&m=ewei_shopv2&from=wxapp&c=entry&a=wxapp&do=main&&state=we7sid-52a62bef3193115fedba2c3ab6f04b38&sign=5a01cec13b7a967b41fda1f9a3e25466 pn=upload; op=order; orderid=11013; 
上传
[2018-07-12 11:58:45] trace  /app/index.php?i=1&uniacid=1&t=undefined&v=1.3&m=ewei_shopv2&from=wxapp&c=entry&a=wxapp&do=main&&state=we7sid-06e5ef08d97f494e2d107fbe77e35deb&sign=6eab81dd16ce28f4ac04f6c38f1f78f5 pn=upload; op=order; orderid=11014; 
上传
[2018-07-12 12:30:38] trace  /app/index.php?i=1&uniacid=1&t=undefined&v=1.3&m=ewei_shopv2&from=wxapp&c=entry&a=wxapp&do=main&&state=we7sid-c80a69943220283f5c40ae83956b80b8&sign=6e6956830e3cf14ceb0c7759d33dfde5 pn=upload; op=order; orderid=11015; 
上传
[2018-07-12 12:32:13] trace  /app/index.php?i=1&uniacid=1&t=undefined&v=1.3&m=ewei_shopv2&from=wxapp&c=entry&a=wxapp&do=main&&state=we7sid-039320e3427ffa3208acf6b0cb26b7a2&sign=20435dec7b58c403e7de9a88d7005863 pn=upload; op=order; orderid=11016; 
上传
[2018-07-12 12:44:35] trace  /app/index.php?i=1&uniacid=1&t=undefined&v=1.3&m=ewei_shopv2&from=wxapp&c=entry&a=wxapp&do=main&&state=we7sid-8980a321ce5daf9f8e053465f4adc067&sign=254b99de0fbc7fceb7df7b6f646ec985 pn=upload; op=order; orderid=11017; 
上传
[2018-07-12 13:03:51] trace  /app/index.php?i=1&uniacid=1&t=undefined&v=1.3&m=ewei_shopv2&from=wxapp&c=entry&a=wxapp&do=main&&state=we7sid-29f1413cbe94ec54a688589c1773cf1e&sign=386f2b71670f983d0f20b2c65f180bba pn=upload; op=order; orderid=11018; 
上传
[2018-07-12 13:09:19] trace  /app/index.php?i=1&uniacid=1&t=undefined&v=1.3&m=ewei_shopv2&from=wxapp&c=entry&a=wxapp&do=main&&state=we7sid-b749abc996b979555963a74562191386&sign=70af3b41f21e1299529c16bc513f190f pn=upload; op=order; orderid=11019; 
上传
[2018-07-12 13:13:56] trace  /app/index.php?i=1&uniacid=1&t=undefined&v=1.3&m=ewei_shopv2&from=wxapp&c=entry&a=wxapp&do=main&&state=we7sid-758e568618222f356189e365c4c70d88&sign=9ee5d7ee73b8ec66ca77cd2067c828e6 pn=upload; op=order; orderid=11020; 
上传
[2018-07-12 13:15:17] trace  /app/index.php?i=1&uniacid=1&t=undefined&v=1.3&m=ewei_shopv2&from=wxapp&c=entry&a=wxapp&do=main&&state=we7sid-dac4a9f7d2e4c084b7983a1708188587&sign=2d9692c03fe5d8155e80adcde9d814bf pn=upload; op=order; orderid=11021; 
上传
[2018-07-12 13:21:17] trace  /app/index.php?i=1&uniacid=1&t=undefined&v=1.3&m=ewei_shopv2&from=wxapp&c=entry&a=wxapp&do=main&&state=we7sid-f31318c5c26cf58dbc7de9745a609335&sign=fb2c330c308d8c6514b1ab7f2452a20f pn=upload; op=order; orderid=11022; 
上传
[2018-07-12 13:40:47] trace  /app/index.php?i=1&uniacid=1&t=undefined&v=1.3&m=ewei_shopv2&from=wxapp&c=entry&a=wxapp&do=main&&state=we7sid-c408640fe4586c5278090201ffdf067c&sign=ec8cc103123163dbfcfe8f9a9eff2e01 pn=upload; op=order; orderid=11023; 
上传
[2018-07-12 13:41:35] trace  /app/index.php?i=1&uniacid=1&t=undefined&v=1.3&m=ewei_shopv2&from=wxapp&c=entry&a=wxapp&do=main&&state=we7sid-c408640fe4586c5278090201ffdf067c&sign=ec8cc103123163dbfcfe8f9a9eff2e01 pn=upload; op=order; orderid=11024; 
上传
[2018-07-12 13:42:47] trace  /app/index.php?i=1&uniacid=1&t=undefined&v=1.3&m=ewei_shopv2&from=wxapp&c=entry&a=wxapp&do=main&&state=we7sid-95037bf3314952851b5100e944394ad1&sign=026925db8f03a6224ca612d63386a1be pn=upload; op=order; orderid=11025; 
上传
[2018-07-12 13:46:41] trace  /app/index.php?i=1&uniacid=1&t=undefined&v=1.3&m=ewei_shopv2&from=wxapp&c=entry&a=wxapp&do=main&&state=we7sid-90dafc30ce13fb912a72a40d402aa482&sign=c39eedd02199d61b3ee71282b3815bcf pn=upload; op=order; orderid=11026; 
上传
[2018-07-12 13:53:00] trace  /app/index.php?i=1&uniacid=1&t=undefined&v=1.3&m=ewei_shopv2&from=wxapp&c=entry&a=wxapp&do=main&&state=we7sid-8f6fe252bbdb87ca12203b7f868f060a&sign=1841a9961856eae288e0b7cd064b89cf pn=upload; op=order; orderid=11027; 
上传
[2018-07-12 13:53:00] trace  /app/index.php?i=1&uniacid=1&t=undefined&v=1.3&m=ewei_shopv2&from=wxapp&c=entry&a=wxapp&do=main&&state=we7sid-8f6fe252bbdb87ca12203b7f868f060a&sign=1841a9961856eae288e0b7cd064b89cf pn=upload; op=order; orderid=11027; 
上传
[2018-07-12 13:53:00] trace  /app/index.php?i=1&uniacid=1&t=undefined&v=1.3&m=ewei_shopv2&from=wxapp&c=entry&a=wxapp&do=main&&state=we7sid-8f6fe252bbdb87ca12203b7f868f060a&sign=1841a9961856eae288e0b7cd064b89cf pn=upload; op=order; orderid=11027; 
上传
[2018-07-12 13:55:59] trace  /app/index.php?i=1&uniacid=1&t=undefined&v=1.3&m=ewei_shopv2&from=wxapp&c=entry&a=wxapp&do=main&&state=we7sid-116362869dc547ebedff7b9b8ff8b038&sign=17e65d50fe071d14a1500b0e9ada7b3c pn=upload; op=order; orderid=11028; 
上传
[2018-07-12 14:05:16] trace  /app/index.php?i=1&uniacid=1&t=undefined&v=1.3&m=ewei_shopv2&from=wxapp&c=entry&a=wxapp&do=main&&state=we7sid-1f4dc7163698e644662c92ed6abab498&sign=3d6adb4d47029c0eb05186ba9efc74e4 pn=upload; op=order; orderid=11029; 
上传
[2018-07-12 14:05:37] trace  /app/index.php?i=1&uniacid=1&t=undefined&v=1.3&m=ewei_shopv2&from=wxapp&c=entry&a=wxapp&do=main&&state=we7sid-e075d5cfddc616cab6d6b40c092a288a&sign=3afb1a9794b8f146be5afaedbb53f5bc pn=upload; op=order; orderid=11030; 
上传
[2018-07-12 14:14:57] trace  /app/index.php?i=1&uniacid=1&t=undefined&v=1.3&m=ewei_shopv2&from=wxapp&c=entry&a=wxapp&do=main&&state=we7sid-f792c4ae9d920aad4b7af143045b504e&sign=ad3944bdc4fea7a002d40f934eff9190 pn=upload; op=order; orderid=11031; 
上传
[2018-07-12 14:47:55] trace  /app/index.php?i=1&uniacid=1&t=undefined&v=1.3&m=ewei_shopv2&from=wxapp&c=entry&a=wxapp&do=main&&state=we7sid-8b0627a946431387b2bd5988847466df&sign=bdbc37f89f11526a237ab6cf9080f180 pn=upload; op=order; orderid=11032; 
上传
[2018-07-12 14:49:35] trace  /app/index.php?i=1&uniacid=1&t=undefined&v=1.3&m=ewei_shopv2&from=wxapp&c=entry&a=wxapp&do=main&&state=we7sid-a9e9d2371ab8381e5be4034978b63b7b&sign=9cd88f7e250414f99b0ce9cfb2cb2354 pn=upload; op=order; orderid=11033; 
上传
[2018-07-12 14:53:00] trace  /app/index.php?i=1&uniacid=1&t=undefined&v=1.3&m=ewei_shopv2&from=wxapp&c=entry&a=wxapp&do=main&&state=we7sid-83d2aa74f626e92d79a8050dccf3bf7d&sign=f1277dd504fb3fdfe1d9c2282565b5e0 pn=upload; op=order; orderid=11034; 
上传
[2018-07-12 14:53:00] trace  /app/index.php?i=1&uniacid=1&t=undefined&v=1.3&m=ewei_shopv2&from=wxapp&c=entry&a=wxapp&do=main&&state=we7sid-83d2aa74f626e92d79a8050dccf3bf7d&sign=f1277dd504fb3fdfe1d9c2282565b5e0 pn=upload; op=order; orderid=11035; 
上传
[2018-07-12 14:54:52] trace  /app/index.php?i=1&uniacid=1&t=undefined&v=1.3&m=ewei_shopv2&from=wxapp&c=entry&a=wxapp&do=main&&state=we7sid-83d2aa74f626e92d79a8050dccf3bf7d&sign=f1277dd504fb3fdfe1d9c2282565b5e0 pn=upload; op=order; orderid=11036; 
上传
[2018-07-12 15:32:06] trace  /app/index.php?i=1&uniacid=1&t=undefined&v=1.3&m=ewei_shopv2&from=wxapp&c=entry&a=wxapp&do=main&&state=we7sid-3b6dbb0dae10723b579a9a5ba351700a&sign=5f2590a5b9edbe03c7f31528edc1fbd7 pn=upload; op=order; orderid=11037; 
上传
[2018-07-12 15:48:48] trace  /app/index.php?i=1&uniacid=1&t=undefined&v=1.3&m=ewei_shopv2&from=wxapp&c=entry&a=wxapp&do=main&&state=we7sid-911f9015e94cdc514eaf972ed22bfb6b&sign=40d0262c72c2fc640deb3eba9f1fc664 pn=upload; op=order; orderid=11038; 
上传
[2018-07-12 15:54:13] trace  /app/index.php?i=1&uniacid=1&t=undefined&v=1.3&m=ewei_shopv2&from=wxapp&c=entry&a=wxapp&do=main&&state=we7sid-328796bce75aebf513c9f04a39c428bc&sign=823cc2c4a2bc38df49102ff3e423d2a1 pn=upload; op=order; orderid=11039; 
上传
[2018-07-12 15:54:36] trace  /app/index.php?i=1&uniacid=1&t=undefined&v=1.3&m=ewei_shopv2&from=wxapp&c=entry&a=wxapp&do=main&&state=we7sid-0b7e51ad30b6a95c11e96b48bf5196e4&sign=150ce8b01cb34c31d3ea7f448c75e105 pn=upload; op=order; orderid=11040; 
上传
[2018-07-12 15:58:38] trace  /app/index.php?i=1&uniacid=1&t=undefined&v=1.3&m=ewei_shopv2&from=wxapp&c=entry&a=wxapp&do=main&&state=we7sid-75466122697216909d039c4fca3d2839&sign=fa7d683826661fe06b40195f47c9650a pn=upload; op=order; orderid=11041; 
上传
[2018-07-12 15:59:42] trace  /app/index.php?i=1&uniacid=1&t=undefined&v=1.3&m=ewei_shopv2&from=wxapp&c=entry&a=wxapp&do=main&&state=we7sid-75466122697216909d039c4fca3d2839&sign=fa7d683826661fe06b40195f47c9650a pn=upload; op=order; orderid=11042; 
上传
[2018-07-12 16:01:11] trace  /app/index.php?i=1&uniacid=1&t=undefined&v=1.3&m=ewei_shopv2&from=wxapp&c=entry&a=wxapp&do=main&&state=we7sid-f86392f7ca405cbe95a92490bea417a1&sign=9eda5f272d8b4f24ec4615b17c1bba36 pn=upload; op=order; orderid=11043; 
上传
[2018-07-12 16:04:11] trace  /app/index.php?i=1&uniacid=1&t=undefined&v=1.3&m=ewei_shopv2&from=wxapp&c=entry&a=wxapp&do=main&&state=we7sid-03ca878be238a088cca5e2e270c586c4&sign=8d3dbedb0c2f2d8d08af85ce336ca6f1 pn=upload; op=order; orderid=11044; 
上传
[2018-07-12 16:07:46] trace  /app/index.php?i=1&uniacid=1&t=undefined&v=1.3&m=ewei_shopv2&from=wxapp&c=entry&a=wxapp&do=main&&state=we7sid-f7ced0f40fb86d71c9a4a3c7e4a92c0d&sign=772509218fbc451c510e5ca154e920fb pn=upload; op=order; orderid=11045; 
上传
[2018-07-12 16:10:57] trace  /app/index.php?i=1&uniacid=1&t=undefined&v=1.3&m=ewei_shopv2&from=wxapp&c=entry&a=wxapp&do=main&&state=we7sid-f7ced0f40fb86d71c9a4a3c7e4a92c0d&sign=772509218fbc451c510e5ca154e920fb pn=upload; op=order; orderid=11047; 
上传
[2018-07-12 16:11:18] trace  /app/index.php?i=1&uniacid=1&t=undefined&v=1.3&m=ewei_shopv2&from=wxapp&c=entry&a=wxapp&do=main&&state=we7sid-4d1f051d03fe73768ef874cdb5957d56&sign=c8a22f981b0931ee6e2cd9b599dfc9ca pn=upload; op=order; orderid=11046; 
上传
[2018-07-12 16:13:43] trace  /app/index.php?i=1&uniacid=1&t=undefined&v=1.3&m=ewei_shopv2&from=wxapp&c=entry&a=wxapp&do=main&&state=we7sid-f7ced0f40fb86d71c9a4a3c7e4a92c0d&sign=772509218fbc451c510e5ca154e920fb pn=upload; op=order; orderid=11048; 
上传
[2018-07-12 16:18:52] trace  /app/index.php?i=1&uniacid=1&t=undefined&v=1.3&m=ewei_shopv2&from=wxapp&c=entry&a=wxapp&do=main&&state=we7sid-249a4be8d4fb20b1de50603646fc5b18&sign=701625c1c06f9037fa0ea10a2c7e0797 pn=upload; op=order; orderid=11049; 
上传
[2018-07-12 16:24:56] trace  /app/index.php?i=1&uniacid=1&t=undefined&v=1.3&m=ewei_shopv2&from=wxapp&c=entry&a=wxapp&do=main&&state=we7sid-4c722475f8bbaf2240d74683ac4c7127&sign=9e6f989fea2f7665a0e2cc17123db265 pn=upload; op=order; orderid=11050; 
上传
[2018-07-12 16:59:35] trace  /app/index.php?i=1&uniacid=1&t=undefined&v=1.3&m=ewei_shopv2&from=wxapp&c=entry&a=wxapp&do=main&&state=we7sid-9844a434488786c323239fcc97e0160e&sign=a2a66d11fa3659d72f3d601f7de0465b pn=upload; op=order; orderid=11051; 
上传
[2018-07-12 17:20:34] trace  /app/index.php?i=1&uniacid=1&t=undefined&v=1.3&m=ewei_shopv2&from=wxapp&c=entry&a=wxapp&do=main&&state=we7sid-c6a96e64dd0f55900f4f254266243a4b&sign=e7883c9db0b5071b43a02f6428226e1d pn=upload; op=order; orderid=11052; 
上传
[2018-07-12 17:31:42] trace  /app/index.php?i=1&uniacid=1&t=undefined&v=1.3&m=ewei_shopv2&from=wxapp&c=entry&a=wxapp&do=main&&state=we7sid-100d0755d416fcf03ebb696c362bc1cd&sign=c0a62c45ce96be1d9e4444c951ce44f6 pn=upload; op=order; orderid=11053; 
上传
[2018-07-12 17:37:12] trace  /app/index.php?i=1&uniacid=1&t=undefined&v=1.3&m=ewei_shopv2&from=wxapp&c=entry&a=wxapp&do=main&&state=we7sid-a1f7e9fd309f0477ed3726e85d751c00&sign=5855bd700d52ae8caf3eff04ebf61bca pn=upload; op=order; orderid=11054; 
上传
[2018-07-12 17:37:52] trace  /app/index.php?i=1&uniacid=1&t=undefined&v=1.3&m=ewei_shopv2&from=wxapp&c=entry&a=wxapp&do=main&&state=we7sid-6358b61f93fe7844c87270def24ec00f&sign=952a8566aa9f2907223c286abe75bfbe op=order; pn=upload; orderid=11055; 
上传
[2018-07-12 18:01:29] trace  /app/index.php?i=1&uniacid=1&t=undefined&v=1.3&m=ewei_shopv2&from=wxapp&c=entry&a=wxapp&do=main&&state=we7sid-dccd6ed93b008ad371d67bba91bf8c26&sign=3eccc9f22b752ac25f8f08812190c77a pn=upload; op=order; orderid=11056; 
上传
[2018-07-12 18:06:07] trace  /app/index.php?i=1&uniacid=1&t=undefined&v=1.3&m=ewei_shopv2&from=wxapp&c=entry&a=wxapp&do=main&&state=we7sid-1bba08085cb28879ac224907bcbaf260&sign=27c64d377dffbcfd256183c3ba53fac4 pn=upload; op=order; orderid=11057; 
上传
[2018-07-12 18:15:34] trace  /app/index.php?i=1&uniacid=1&t=undefined&v=1.3&m=ewei_shopv2&from=wxapp&c=entry&a=wxapp&do=main&&state=we7sid-7c7e6bd8aea329b8775e34e8055f8ab0&sign=6918cd2a5ed02de32093fb939c25edae op=order; orderid=11058; pn=upload; 
上传
[2018-07-12 18:21:42] trace  /app/index.php?i=1&uniacid=1&t=undefined&v=1.3&m=ewei_shopv2&from=wxapp&c=entry&a=wxapp&do=main&&state=we7sid-5b7bc627bd19c076aa9f109779155b51&sign=4318661b4f797ed2052865098975fef0 pn=upload; op=order; orderid=11059; 
上传
[2018-07-12 18:58:39] trace  /app/index.php?i=1&uniacid=1&t=undefined&v=1.3&m=ewei_shopv2&from=wxapp&c=entry&a=wxapp&do=main&&state=we7sid-0ab78052547d658a8d27925c5c5ccbe9&sign=5376d4e3c1b4cde7f540a2d369d125cb pn=upload; op=order; orderid=11060; 
上传
[2018-07-12 19:03:34] trace  /app/index.php?i=1&uniacid=1&t=undefined&v=1.3&m=ewei_shopv2&from=wxapp&c=entry&a=wxapp&do=main&&state=we7sid-5593dc81f664f39bfdc952e57fa50ad1&sign=7e65a0b4cbab437db3bd61a204864c11 pn=upload; op=order; orderid=11061; 
上传
[2018-07-12 19:17:42] trace  /app/index.php?i=1&uniacid=1&t=undefined&v=1.3&m=ewei_shopv2&from=wxapp&c=entry&a=wxapp&do=main&&state=we7sid-727018714f0e99eb551fb3bb454d9150&sign=f2017b7fd851c01563932b07bb554d62 pn=upload; op=order; orderid=11062; 
上传
[2018-07-12 19:17:47] trace  /app/index.php?i=1&uniacid=1&t=undefined&v=1.3&m=ewei_shopv2&from=wxapp&c=entry&a=wxapp&do=main&&state=we7sid-727018714f0e99eb551fb3bb454d9150&sign=f2017b7fd851c01563932b07bb554d62 pn=upload; op=order; orderid=11063; 
上传
[2018-07-12 19:22:10] trace  /app/index.php?i=1&uniacid=1&t=undefined&v=1.3&m=ewei_shopv2&from=wxapp&c=entry&a=wxapp&do=main&&state=we7sid-73defaeafc55a147ef0e8d1cdf6a4aec&sign=9e39264ecfb351d2cc6cbe63d7fa993c pn=upload; op=order; orderid=11064; 
上传
[2018-07-12 19:33:14] trace  /app/index.php?i=1&uniacid=1&t=undefined&v=1.3&m=ewei_shopv2&from=wxapp&c=entry&a=wxapp&do=main&&state=we7sid-cf09acdc0e690a7117f371535aaf11ba&sign=d445a90b11f2b8cacb2191914d1ace4f pn=upload; op=order; orderid=11065; 
上传
[2018-07-12 19:46:13] trace  /app/index.php?i=1&uniacid=1&t=undefined&v=1.3&m=ewei_shopv2&from=wxapp&c=entry&a=wxapp&do=main&&state=we7sid-46c78bf623334f28e68315abe2a0c5d4&sign=2e1c5053cf08f921592f4c1af22e5b9c pn=upload; op=order; orderid=11066; 
上传
[2018-07-12 19:55:29] trace  /app/index.php?i=1&uniacid=1&t=undefined&v=1.3&m=ewei_shopv2&from=wxapp&c=entry&a=wxapp&do=main&&state=we7sid-187c1c270bbbfd3197aea27dd4de5488&sign=d3f886ecd73b733d8ee50d687553c44e pn=upload; op=order; orderid=11067; 
上传
[2018-07-12 19:57:48] trace  /app/index.php?i=1&uniacid=1&t=undefined&v=1.3&m=ewei_shopv2&from=wxapp&c=entry&a=wxapp&do=main&&state=we7sid-b746c9979dad824853041e0bc7a144ae&sign=cb9ba014ba61645edc46c2eb54f20486 op=order; orderid=11068; pn=upload; 
上传
[2018-07-12 20:05:08] trace  /app/index.php?i=1&uniacid=1&t=undefined&v=1.3&m=ewei_shopv2&from=wxapp&c=entry&a=wxapp&do=main&&state=we7sid-9c582aa133d8e2c487ba30fed358b1b6&sign=27ea4b1b646f0a9c94d998d4d22c6d5c pn=upload; op=order; orderid=11069; 
上传
[2018-07-12 20:07:51] trace  /app/index.php?i=1&uniacid=1&t=undefined&v=1.3&m=ewei_shopv2&from=wxapp&c=entry&a=wxapp&do=main&&state=we7sid-e8078093db8bdb231e00e6f174019860&sign=4370776768edb0bd9a1cb567b1b7f6a9 pn=upload; op=order; orderid=11070; 
上传
[2018-07-12 20:16:25] trace  /app/index.php?i=1&uniacid=1&t=undefined&v=1.3&m=ewei_shopv2&from=wxapp&c=entry&a=wxapp&do=main&&state=we7sid-ce7d8f22a7e728580c80d0d3caa2fdf1&sign=dda01c2cf9361e75ed4745a5020ee292 pn=upload; op=order; orderid=11071; 
上传
[2018-07-12 20:18:39] trace  /app/index.php?i=1&uniacid=1&t=undefined&v=1.3&m=ewei_shopv2&from=wxapp&c=entry&a=wxapp&do=main&&state=we7sid-9545ab9c54610513a69aea1e663d9b81&sign=befcce1645afb9921ea0f85ae315f639 pn=upload; op=order; orderid=11072; 
上传
[2018-07-12 20:20:36] trace  /app/index.php?i=1&uniacid=1&t=undefined&v=1.3&m=ewei_shopv2&from=wxapp&c=entry&a=wxapp&do=main&&state=we7sid-3a50430626e2c69c549ec2e944cfc258&sign=68692418ffd8e82e155668683d8ae405 pn=upload; op=order; orderid=11073; 
上传
[2018-07-12 20:20:36] trace  /app/index.php?i=1&uniacid=1&t=undefined&v=1.3&m=ewei_shopv2&from=wxapp&c=entry&a=wxapp&do=main&&state=we7sid-3a50430626e2c69c549ec2e944cfc258&sign=68692418ffd8e82e155668683d8ae405 pn=upload; op=order; orderid=11073; 
上传
[2018-07-12 20:22:01] trace  /app/index.php?i=1&uniacid=1&t=undefined&v=1.3&m=ewei_shopv2&from=wxapp&c=entry&a=wxapp&do=main&&state=we7sid-3a50430626e2c69c549ec2e944cfc258&sign=68692418ffd8e82e155668683d8ae405 pn=upload; op=order; orderid=11074; 
上传
[2018-07-12 20:29:56] trace  /app/index.php?i=1&uniacid=1&t=undefined&v=1.3&m=ewei_shopv2&from=wxapp&c=entry&a=wxapp&do=main&&state=we7sid-669ba37a75218312f30158c8feb88a59&sign=599d735389f3c2f6f934874e0737455f pn=upload; op=order; orderid=11075; 
上传
[2018-07-12 20:30:00] trace  /app/index.php?i=1&uniacid=1&t=undefined&v=1.3&m=ewei_shopv2&from=wxapp&c=entry&a=wxapp&do=main&&state=we7sid-6f611e556bbf0f80e0a2500e5a407d03&sign=9b440395b596a5b7d8ce3aa927e0f8d3 pn=upload; op=order; orderid=11076; 
上传
[2018-07-12 20:32:34] trace  /app/index.php?i=1&uniacid=1&t=undefined&v=1.3&m=ewei_shopv2&from=wxapp&c=entry&a=wxapp&do=main&&state=we7sid-7de8c0d08133bdb06d89e8c5a37108a6&sign=fc278b8f6a2b51371dac62a1b8ede4db pn=upload; op=order; orderid=11077; 
上传
[2018-07-12 20:42:01] trace  /app/index.php?i=1&uniacid=1&t=undefined&v=1.3&m=ewei_shopv2&from=wxapp&c=entry&a=wxapp&do=main&&state=we7sid-69cc11e4fcec2e5a1a9151cfb877e1b6&sign=bff61a41409c7c792c7d25ff54ae540a pn=upload; op=order; orderid=11078; 
上传
[2018-07-12 20:42:42] trace  /app/index.php?i=1&uniacid=1&t=undefined&v=1.3&m=ewei_shopv2&from=wxapp&c=entry&a=wxapp&do=main&&state=we7sid-69cc11e4fcec2e5a1a9151cfb877e1b6&sign=bff61a41409c7c792c7d25ff54ae540a pn=upload; op=order; orderid=11079; 
上传
[2018-07-12 20:42:52] trace  /app/index.php?i=1&uniacid=1&t=undefined&v=1.3&m=ewei_shopv2&from=wxapp&c=entry&a=wxapp&do=main&&state=we7sid-69cc11e4fcec2e5a1a9151cfb877e1b6&sign=bff61a41409c7c792c7d25ff54ae540a pn=upload; op=order; orderid=11080; 
上传
[2018-07-12 20:44:52] trace  /app/index.php?i=1&uniacid=1&t=undefined&v=1.3&m=ewei_shopv2&from=wxapp&c=entry&a=wxapp&do=main&&state=we7sid-69cc11e4fcec2e5a1a9151cfb877e1b6&sign=bff61a41409c7c792c7d25ff54ae540a pn=upload; op=order; orderid=11081; 
上传
[2018-07-12 20:49:05] trace  /app/index.php?i=1&uniacid=1&t=undefined&v=1.3&m=ewei_shopv2&from=wxapp&c=entry&a=wxapp&do=main&&state=we7sid-66227c066e61f28bb403af3fb8841169&sign=caaaa9cdcd887cebdc5bb63c377407e0 pn=upload; op=order; orderid=11082; 
上传
[2018-07-12 21:07:30] trace  /app/index.php?i=1&uniacid=1&t=undefined&v=1.3&m=ewei_shopv2&from=wxapp&c=entry&a=wxapp&do=main&&state=we7sid-c1a4093f1cebabc455e2809b8dfe5fed&sign=be9a8113669db9102811681b8cf7f467 pn=upload; op=order; orderid=11083; 
上传
[2018-07-12 21:13:16] trace  /app/index.php?i=1&uniacid=1&t=undefined&v=1.3&m=ewei_shopv2&from=wxapp&c=entry&a=wxapp&do=main&&state=we7sid-17e539489ec84461b2172935aaeba5cb&sign=35ee902c4ccba4827fc5ea4d71693f7b pn=upload; op=order; orderid=11084; 
上传
[2018-07-12 21:17:06] trace  /app/index.php?i=1&uniacid=1&t=undefined&v=1.3&m=ewei_shopv2&from=wxapp&c=entry&a=wxapp&do=main&&state=we7sid-a5fec9ef5015684c08f843e8e81bab70&sign=bf3b2d38723f75f9e8697830d636face pn=upload; op=order; orderid=11085; 
上传
[2018-07-12 21:17:13] trace  /app/index.php?i=1&uniacid=1&t=undefined&v=1.3&m=ewei_shopv2&from=wxapp&c=entry&a=wxapp&do=main&&state=we7sid-184962c714f7401a86c4b28fba40d0e7&sign=5d147c4db1231ca2a9ecb5df38e65414 op=order; orderid=11086; pn=upload; 
上传
[2018-07-12 21:28:38] trace  /app/index.php?i=1&uniacid=1&t=undefined&v=1.3&m=ewei_shopv2&from=wxapp&c=entry&a=wxapp&do=main&&state=we7sid-b4ab2f151a1a2999bac777c8c9b7a558&sign=9e4f69f1b33417a2c52d4f0f510e9299 pn=upload; op=order; orderid=11087; 
上传
[2018-07-12 22:01:06] trace  /app/index.php?i=1&uniacid=1&t=undefined&v=1.3&m=ewei_shopv2&from=wxapp&c=entry&a=wxapp&do=main&&state=we7sid-e59c00264f2a650c8c6c9005c85db680&sign=106cc397b571b01dba24a29cafec2a89 pn=upload; op=order; orderid=11088; 
上传
[2018-07-12 22:23:18] trace  /app/index.php?i=1&uniacid=1&t=undefined&v=1.3&m=ewei_shopv2&from=wxapp&c=entry&a=wxapp&do=main&&state=we7sid-32f359094dd94d6dc1dec07e1e51c559&sign=f8ff1de1d18254510da946c1b32cb96f pn=upload; op=order; orderid=11089; 
上传
[2018-07-12 22:45:01] trace  /app/index.php?i=1&uniacid=1&t=undefined&v=1.3&m=ewei_shopv2&from=wxapp&c=entry&a=wxapp&do=main&&state=we7sid-3e9a04830d54aa543c7409c74d00031e&sign=54e7f58a376d1044a96f06a44a1145d4 pn=upload; op=order; orderid=11090; 
上传
[2018-07-12 23:13:46] trace  /app/index.php?i=1&uniacid=1&t=undefined&v=1.3&m=ewei_shopv2&from=wxapp&c=entry&a=wxapp&do=main&&state=we7sid-61280620832884c2eddae65224cff0ab&sign=bc1aebc0d42c9fe2d9a3a9d5252747ff pn=upload; op=order; orderid=11091; 
上传
[2018-07-12 23:43:15] trace  /app/index.php?i=1&uniacid=1&t=undefined&v=1.3&m=ewei_shopv2&from=wxapp&c=entry&a=wxapp&do=main&&state=we7sid-a0582b70f154e9674f8790a85ee7d87e&sign=02e34a0a8b481c596ee51728bd115c34 pn=upload; op=order; orderid=11092; 
上传
[2018-07-12 23:47:08] trace  /app/index.php?i=1&uniacid=1&t=undefined&v=1.3&m=ewei_shopv2&from=wxapp&c=entry&a=wxapp&do=main&&state=we7sid-d938a8d5b1a2afd6456d35fef81a7ff9&sign=feaca162f7526d9d7de12a0057d6cd86 pn=upload; op=order; orderid=11093; 
上传
