[2018-07-19 00:26:06] trace  /app/index.php?i=1&uniacid=1&t=undefined&v=1.3&m=ewei_shopv2&from=wxapp&c=entry&a=wxapp&do=main&&state=we7sid-83b61de86081abf2ca4146ba9e7608ec&sign=7ab8346d3138b400484c963d5da270a4 pn=upload; op=order; orderid=11924; 
上传
[2018-07-19 01:18:14] trace  /app/index.php?i=1&uniacid=1&t=undefined&v=1.3&m=ewei_shopv2&from=wxapp&c=entry&a=wxapp&do=main&&state=we7sid-3fef6eb4642b025858cc4a0cd6a0d538&sign=0c4bec8f250dd49ad85d8ee7cec120ee pn=upload; op=order; orderid=11925; 
上传
[2018-07-19 02:24:16] trace  /app/index.php?i=1&uniacid=1&t=undefined&v=1.3&m=ewei_shopv2&from=wxapp&c=entry&a=wxapp&do=main&&state=we7sid-f7ceda6c7a7ba1549ab0b2983a6847ce&sign=db48cf4e91888bec658ed21fe9eb00de op=order; orderid=11926; pn=upload; 
上传
[2018-07-19 02:24:25] trace  /app/index.php?i=1&uniacid=1&t=undefined&v=1.3&m=ewei_shopv2&from=wxapp&c=entry&a=wxapp&do=main&&state=we7sid-f7ceda6c7a7ba1549ab0b2983a6847ce&sign=db48cf4e91888bec658ed21fe9eb00de op=order; orderid=11927; pn=upload; 
上传
[2018-07-19 07:43:02] trace  /app/index.php?i=1&uniacid=1&t=undefined&v=1.3&m=ewei_shopv2&from=wxapp&c=entry&a=wxapp&do=main&&state=we7sid-64c80ed35aa1353877cef7490abc0a09&sign=2634efabd78149a83e86b3c4c8a7b331 op=order; orderid=11928; pn=upload; 
上传
[2018-07-19 07:45:55] trace  /app/index.php?i=1&uniacid=1&t=undefined&v=1.3&m=ewei_shopv2&from=wxapp&c=entry&a=wxapp&do=main&&state=we7sid-bc8b1421453b96f5e39721ac88116703&sign=cc0d6f9bcfb4f5b0af447f56bff952d6 pn=upload; op=order; orderid=11929; 
上传
[2018-07-19 07:47:51] trace  /app/index.php?i=1&uniacid=1&t=undefined&v=1.3&m=ewei_shopv2&from=wxapp&c=entry&a=wxapp&do=main&&state=we7sid-bc8b1421453b96f5e39721ac88116703&sign=cc0d6f9bcfb4f5b0af447f56bff952d6 pn=upload; op=order; orderid=11930; 
上传
[2018-07-19 07:47:52] trace  /app/index.php?i=1&uniacid=1&t=undefined&v=1.3&m=ewei_shopv2&from=wxapp&c=entry&a=wxapp&do=main&&state=we7sid-bc8b1421453b96f5e39721ac88116703&sign=cc0d6f9bcfb4f5b0af447f56bff952d6 pn=upload; op=order; orderid=11930; 
上传
[2018-07-19 07:47:54] trace  /app/index.php?i=1&uniacid=1&t=undefined&v=1.3&m=ewei_shopv2&from=wxapp&c=entry&a=wxapp&do=main&&state=we7sid-bc8b1421453b96f5e39721ac88116703&sign=cc0d6f9bcfb4f5b0af447f56bff952d6 pn=upload; op=order; orderid=11930; 
上传
[2018-07-19 07:48:00] trace  /app/index.php?i=1&uniacid=1&t=undefined&v=1.3&m=ewei_shopv2&from=wxapp&c=entry&a=wxapp&do=main&&state=we7sid-bc8b1421453b96f5e39721ac88116703&sign=cc0d6f9bcfb4f5b0af447f56bff952d6 pn=upload; op=order; orderid=11931; 
上传
[2018-07-19 07:48:01] trace  /app/index.php?i=1&uniacid=1&t=undefined&v=1.3&m=ewei_shopv2&from=wxapp&c=entry&a=wxapp&do=main&&state=we7sid-bc8b1421453b96f5e39721ac88116703&sign=cc0d6f9bcfb4f5b0af447f56bff952d6 pn=upload; op=order; orderid=11931; 
上传
[2018-07-19 07:48:03] trace  /app/index.php?i=1&uniacid=1&t=undefined&v=1.3&m=ewei_shopv2&from=wxapp&c=entry&a=wxapp&do=main&&state=we7sid-bc8b1421453b96f5e39721ac88116703&sign=cc0d6f9bcfb4f5b0af447f56bff952d6 pn=upload; op=order; orderid=11931; 
上传
[2018-07-19 07:48:25] trace  /app/index.php?i=1&uniacid=1&t=undefined&v=1.3&m=ewei_shopv2&from=wxapp&c=entry&a=wxapp&do=main&&state=we7sid-bc8b1421453b96f5e39721ac88116703&sign=cc0d6f9bcfb4f5b0af447f56bff952d6 pn=upload; op=order; orderid=11932; 
上传
[2018-07-19 08:03:36] trace  /app/index.php?i=1&uniacid=1&t=undefined&v=1.3&m=ewei_shopv2&from=wxapp&c=entry&a=wxapp&do=main&&state=we7sid-5413c0d0d8fd07a5a5000d60a5b6139f&sign=3aea30d47104000c2b3b325de4a09f1c pn=upload; op=order; orderid=11933; 
上传
[2018-07-19 08:46:13] trace  /app/index.php?i=1&uniacid=1&t=undefined&v=1.3&m=ewei_shopv2&from=wxapp&c=entry&a=wxapp&do=main&&state=we7sid-16f9a7e5e907388109266e86dc597876&sign=f7174dcd8bddd90819d7c2aa5f75e552 pn=upload; op=order; orderid=11934; 
上传
[2018-07-19 08:48:12] trace  /app/index.php?i=1&uniacid=1&t=undefined&v=1.3&m=ewei_shopv2&from=wxapp&c=entry&a=wxapp&do=main&&state=we7sid-50864eacc379a51764e50d7d51bc69e7&sign=74f363e0149d7a6a3985e61bf9a58507 pn=upload; op=order; orderid=11935; 
上传
[2018-07-19 09:10:13] trace  /app/index.php?i=1&uniacid=1&t=undefined&v=1.3&m=ewei_shopv2&from=wxapp&c=entry&a=wxapp&do=main&&state=we7sid-9aebfd9e1292ee20d3593cec60273613&sign=18621fee2814bda822672b58554361ca pn=upload; op=order; orderid=11936; 
上传
[2018-07-19 09:16:51] trace  /app/index.php?i=1&uniacid=1&t=undefined&v=1.3&m=ewei_shopv2&from=wxapp&c=entry&a=wxapp&do=main&&state=we7sid-35ff9a3c43925a99e8a69a983dc98c56&sign=478d967a9327de4bcabe25836d241666 pn=upload; op=order; orderid=11937; 
上传
[2018-07-19 09:17:54] trace  /app/index.php?i=1&uniacid=1&t=undefined&v=1.3&m=ewei_shopv2&from=wxapp&c=entry&a=wxapp&do=main&&state=we7sid-3db9fdbbc682381f64ab9585277af390&sign=56ed8625ca2d2f1a9691978bb41a5ac2 pn=upload; op=order; orderid=11938; 
上传
[2018-07-19 09:32:59] trace  /app/index.php?i=1&uniacid=1&t=undefined&v=1.3&m=ewei_shopv2&from=wxapp&c=entry&a=wxapp&do=main&&state=we7sid-584b7dc90723e4a4f75120cb671ba799&sign=a51838c4dc589c8ceaa03701436ac806 pn=upload; op=order; orderid=11939; 
上传
[2018-07-19 10:08:45] trace  /app/index.php?i=1&uniacid=1&t=undefined&v=1.3&m=ewei_shopv2&from=wxapp&c=entry&a=wxapp&do=main&&state=we7sid-b5f787db0b65bc2a74a3383cca2af131&sign=9f8cb5514ccc17863385fbd018c802d2 pn=upload; op=order; orderid=11940; 
上传
[2018-07-19 10:14:36] trace  /app/index.php?i=1&uniacid=1&t=undefined&v=1.3&m=ewei_shopv2&from=wxapp&c=entry&a=wxapp&do=main&&state=we7sid-e412250445a84cab8f18ea3907f05f0a&sign=2f6fd82de799651628c4a3d17c5d4742 pn=upload; op=order; orderid=11941; 
上传
[2018-07-19 10:30:52] trace  /app/index.php?i=1&uniacid=1&t=undefined&v=1.3&m=ewei_shopv2&from=wxapp&c=entry&a=wxapp&do=main&&state=we7sid-27aa664f9ffc0d9b4cc5d3463243eb55&sign=8c390cad8179a6f9aede8c4059b3e12f pn=upload; op=order; orderid=11942; 
上传
[2018-07-19 10:30:53] trace  /app/index.php?i=1&uniacid=1&t=undefined&v=1.3&m=ewei_shopv2&from=wxapp&c=entry&a=wxapp&do=main&&state=we7sid-df6fe80e98ce52cdca56359b0bf375a1&sign=7e214ed3f1aac06a09a06d3da4412487 pn=upload; op=order; orderid=11943; 
上传
[2018-07-19 10:31:17] trace  /app/index.php?i=1&uniacid=1&t=undefined&v=1.3&m=ewei_shopv2&from=wxapp&c=entry&a=wxapp&do=main&&state=we7sid-874d2c25003ecddb57139d1355ab1269&sign=dbfccff8279e0091f650602d144e1f43 pn=upload; op=order; orderid=11944; 
上传
[2018-07-19 10:33:19] trace  /app/index.php?i=1&uniacid=1&t=undefined&v=1.3&m=ewei_shopv2&from=wxapp&c=entry&a=wxapp&do=main&&state=we7sid-88ed448e156930f3b97ca88041f4a1b0&sign=eeb38b2905dd4ce38ad03500f10c78b4 pn=upload; op=order; orderid=11945; 
上传
[2018-07-19 10:34:44] trace  /app/index.php?i=1&uniacid=1&t=undefined&v=1.3&m=ewei_shopv2&from=wxapp&c=entry&a=wxapp&do=main&&state=we7sid-874d2c25003ecddb57139d1355ab1269&sign=dbfccff8279e0091f650602d144e1f43 pn=upload; op=order; orderid=11946; 
上传
[2018-07-19 10:43:39] trace  /app/index.php?i=1&uniacid=1&t=undefined&v=1.3&m=ewei_shopv2&from=wxapp&c=entry&a=wxapp&do=main&&state=we7sid-0539c0015bf504a0b03d1e8c896e094b&sign=41b7e8d64a70e8ec6c997e79d31ed236 pn=upload; op=order; orderid=11947; 
上传
[2018-07-19 11:12:03] trace  /app/index.php?i=1&uniacid=1&t=undefined&v=1.3&m=ewei_shopv2&from=wxapp&c=entry&a=wxapp&do=main&&state=we7sid-e95df822cdabfaf1d7ec976843078561&sign=e74ed538d18430fde71e77f56281e0fd pn=upload; op=order; orderid=11948; 
上传
[2018-07-19 11:22:20] trace  /app/index.php?i=1&uniacid=1&t=undefined&v=1.3&m=ewei_shopv2&from=wxapp&c=entry&a=wxapp&do=main&&state=we7sid-1feb02a03aab508acd7945c835df34f7&sign=d3487a3628462e2ca8295036b8085b1b pn=upload; op=order; orderid=11949; 
上传
[2018-07-19 11:25:59] trace  /app/index.php?i=1&uniacid=1&t=undefined&v=1.3&m=ewei_shopv2&from=wxapp&c=entry&a=wxapp&do=main&&state=we7sid-f1bcbc4e726389b7dc0e9c9ea3618809&sign=eefdf1c5aed8260e66cabf301c056b92 pn=upload; op=order; orderid=11950; 
上传
[2018-07-19 11:33:57] trace  /app/index.php?i=1&uniacid=1&t=undefined&v=1.3&m=ewei_shopv2&from=wxapp&c=entry&a=wxapp&do=main&&state=we7sid-4c455cd1fec761e90c3b34d85d68e02a&sign=a2ebc7196d6b26068ee4b1de7bcfb5e2 pn=upload; op=order; orderid=11951; 
上传
[2018-07-19 11:38:50] trace  /app/index.php?i=1&uniacid=1&t=undefined&v=1.3&m=ewei_shopv2&from=wxapp&c=entry&a=wxapp&do=main&&state=we7sid-9c45717bb56e2213d997970c80ec9008&sign=f0eb82a11f669d424b89df96fe212e7a pn=upload; op=order; orderid=11952; 
上传
[2018-07-19 11:45:12] trace  /app/index.php?i=1&uniacid=1&t=undefined&v=1.3&m=ewei_shopv2&from=wxapp&c=entry&a=wxapp&do=main&&state=we7sid-523768429a1a4df0aff385dc8a1c7ccc&sign=ceb61ccbcafbb03b92ad4093e0c792d3 pn=upload; op=order; orderid=11953; 
上传
[2018-07-19 11:53:48] trace  /app/index.php?i=1&uniacid=1&t=undefined&v=1.3&m=ewei_shopv2&from=wxapp&c=entry&a=wxapp&do=main&&state=we7sid-9963d1bd868ac644352d0e02dfb885f8&sign=4a2ea5e0df199ae4fce0fe29af1b4a8b pn=upload; op=order; orderid=11954; 
上传
[2018-07-19 11:58:16] trace  /app/index.php?i=1&uniacid=1&t=undefined&v=1.3&m=ewei_shopv2&from=wxapp&c=entry&a=wxapp&do=main&&state=we7sid-5fa6de68906abdcb164f1f019c16d7a3&sign=5b656550c1b058e8d5f6e531f65b5c35 pn=upload; op=order; orderid=11955; 
上传
[2018-07-19 12:03:49] trace  /app/index.php?i=1&uniacid=1&t=undefined&v=1.3&m=ewei_shopv2&from=wxapp&c=entry&a=wxapp&do=main&&state=we7sid-e223657386783a09c6aa0d4d04a9b6d1&sign=b3bfc3dc792f6610b5ed1d5312001a47 op=order; orderid=11956; pn=upload; 
上传
[2018-07-19 12:09:26] trace  /app/index.php?i=1&uniacid=1&t=undefined&v=1.3&m=ewei_shopv2&from=wxapp&c=entry&a=wxapp&do=main&&state=we7sid-1a98190307cba8973d0461f78c6a5696&sign=0fb799a52cf241c993ea183cf6c91347 pn=upload; op=order; orderid=11957; 
上传
[2018-07-19 12:19:18] trace  /app/index.php?i=1&uniacid=1&t=undefined&v=1.3&m=ewei_shopv2&from=wxapp&c=entry&a=wxapp&do=main&&state=we7sid-b879b3d3d17b1ee2083b08449d3eed2f&sign=4eb3dac5b286860035f97ac2309938f6 pn=upload; op=order; orderid=11958; 
上传
[2018-07-19 12:28:54] trace  /app/index.php?i=1&uniacid=1&t=undefined&v=1.3&m=ewei_shopv2&from=wxapp&c=entry&a=wxapp&do=main&&state=we7sid-2e7b278b028bc605882d0bcba9b2612a&sign=6e10019604b754043ae9a9bc907c6cf9 pn=upload; op=order; orderid=11959; 
上传
[2018-07-19 12:28:56] trace  /app/index.php?i=1&uniacid=1&t=undefined&v=1.3&m=ewei_shopv2&from=wxapp&c=entry&a=wxapp&do=main&&state=we7sid-2e7b278b028bc605882d0bcba9b2612a&sign=6e10019604b754043ae9a9bc907c6cf9 pn=upload; op=order; orderid=11960; 
上传
[2018-07-19 12:32:21] trace  /app/index.php?i=1&uniacid=1&t=undefined&v=1.3&m=ewei_shopv2&from=wxapp&c=entry&a=wxapp&do=main&&state=we7sid-dc14e0142afe7693942f91b9aa09a763&sign=54328a8013606c0628fb932644b41f78 pn=upload; op=order; orderid=11961; 
上传
[2018-07-19 12:46:46] trace  /app/index.php?i=1&uniacid=1&t=undefined&v=1.3&m=ewei_shopv2&from=wxapp&c=entry&a=wxapp&do=main&&state=we7sid-65d100b0a27a0d5ac97cd568faa3b7c8&sign=9e4bab8b38c9310ee9c4a0aeb3b7ab87 pn=upload; op=order; orderid=11962; 
上传
[2018-07-19 12:54:35] trace  /app/index.php?i=1&uniacid=1&t=undefined&v=1.3&m=ewei_shopv2&from=wxapp&c=entry&a=wxapp&do=main&&state=we7sid-037b2c796bcabf75a3b11b8d28f3c403&sign=2d067f35775714d4fbc97953e4263fbe pn=upload; op=order; orderid=11963; 
上传
[2018-07-19 13:04:26] trace  /app/index.php?i=1&uniacid=1&t=undefined&v=1.3&m=ewei_shopv2&from=wxapp&c=entry&a=wxapp&do=main&&state=we7sid-029b4c461244c89972edb2f17e573019&sign=81db6d10ef4a7103b7d4736940be8ae0 pn=upload; op=order; orderid=11964; 
上传
[2018-07-19 13:18:17] trace  /app/index.php?i=1&uniacid=1&t=undefined&v=1.3&m=ewei_shopv2&from=wxapp&c=entry&a=wxapp&do=main&&state=we7sid-acd02beb33d2d0d77702ad88fdbdea2d&sign=3e6cec7bb03819d7e9eeed7f299d0f50 pn=upload; op=order; orderid=11965; 
上传
[2018-07-19 13:20:45] trace  /app/index.php?i=1&uniacid=1&t=undefined&v=1.3&m=ewei_shopv2&from=wxapp&c=entry&a=wxapp&do=main&&state=we7sid-1ee519f197806500c15c300ae2005bf2&sign=52ef1394f78c7f91cc224767cf121be7 pn=upload; op=order; orderid=11966; 
上传
[2018-07-19 13:28:34] trace  /app/index.php?i=1&uniacid=1&t=undefined&v=1.3&m=ewei_shopv2&from=wxapp&c=entry&a=wxapp&do=main&&state=we7sid-d055cb3e33bb460327918adb38a4ccaf&sign=4d027b438afeb48ec8d698b13ad72220 pn=upload; op=order; orderid=11967; 
上传
[2018-07-19 13:29:48] trace  /app/index.php?i=1&uniacid=1&t=undefined&v=1.3&m=ewei_shopv2&from=wxapp&c=entry&a=wxapp&do=main&&state=we7sid-df68169538453f3e1f173b44e4c1381c&sign=c8ee9432edcf06da858e3cdc5ea6d8f7 pn=upload; op=order; orderid=11968; 
上传
[2018-07-19 13:33:01] trace  /app/index.php?i=1&uniacid=1&t=undefined&v=1.3&m=ewei_shopv2&from=wxapp&c=entry&a=wxapp&do=main&&state=we7sid-302440c86ec1b692212b20ed9f0085f7&sign=f5f7947e94d030377a3f738558b92119 pn=upload; op=order; orderid=11969; 
上传
[2018-07-19 13:48:49] trace  /app/index.php?i=1&uniacid=1&t=undefined&v=1.3&m=ewei_shopv2&from=wxapp&c=entry&a=wxapp&do=main&&state=we7sid-3f5bdde8795c0a8cc30cac231ae1cee9&sign=d53523eb8ec15276f2fbe22b0c03f866 pn=upload; op=order; orderid=11970; 
上传
[2018-07-19 13:48:50] trace  /app/index.php?i=1&uniacid=1&t=undefined&v=1.3&m=ewei_shopv2&from=wxapp&c=entry&a=wxapp&do=main&&state=we7sid-3f5bdde8795c0a8cc30cac231ae1cee9&sign=d53523eb8ec15276f2fbe22b0c03f866 pn=upload; op=order; orderid=11971; 
上传
[2018-07-19 14:05:05] trace  /app/index.php?i=1&uniacid=1&t=undefined&v=1.3&m=ewei_shopv2&from=wxapp&c=entry&a=wxapp&do=main&&state=we7sid-ef090039cb778ee58408fba9db7231ef&sign=eedd6e52d7bdd7fcd875b466ce9b16a2 pn=upload; op=order; orderid=11972; 
上传
[2018-07-19 14:06:03] trace  /app/index.php?i=1&uniacid=1&t=undefined&v=1.3&m=ewei_shopv2&from=wxapp&c=entry&a=wxapp&do=main&&state=we7sid-645c0b5d391d41a20fbd16826b3fce98&sign=132bec18c3fe7b59cbf120dd31a0bbf5 pn=upload; op=order; orderid=11973; 
上传
[2018-07-19 14:12:18] trace  /app/index.php?i=1&uniacid=1&t=undefined&v=1.3&m=ewei_shopv2&from=wxapp&c=entry&a=wxapp&do=main&&state=we7sid-3fbbc7c140f413f7b2a610223072fe0c&sign=7495dd6ae7fa5af3d0bf01643334675a op=order; orderid=11974; pn=upload; 
上传
[2018-07-19 14:12:30] trace  /app/index.php?i=1&uniacid=1&t=undefined&v=1.3&m=ewei_shopv2&from=wxapp&c=entry&a=wxapp&do=main&&state=we7sid-3fbbc7c140f413f7b2a610223072fe0c&sign=7495dd6ae7fa5af3d0bf01643334675a op=order; orderid=11975; pn=upload; 
上传
[2018-07-19 14:33:00] trace  /app/index.php?i=1&uniacid=1&t=undefined&v=1.3&m=ewei_shopv2&from=wxapp&c=entry&a=wxapp&do=main&&state=we7sid-d0baeaa2b918197b24983e497b030c5b&sign=f279fba5dea6e2103574efbda14d1b2e pn=upload; op=order; orderid=11976; 
上传
[2018-07-19 14:36:38] trace  /app/index.php?i=1&uniacid=1&t=undefined&v=1.3&m=ewei_shopv2&from=wxapp&c=entry&a=wxapp&do=main&&state=we7sid-f10c0ad5acab0500a10746f330ae91d5&sign=2fe805165c071d7327a601eb78476e23 pn=upload; op=order; orderid=11977; 
上传
[2018-07-19 14:43:15] trace  /app/index.php?i=1&uniacid=1&t=undefined&v=1.3&m=ewei_shopv2&from=wxapp&c=entry&a=wxapp&do=main&&state=we7sid-ec549295b3222462aab589af0a688004&sign=458489bca008dfd962528819d7249bfa pn=upload; op=order; orderid=11978; 
上传
[2018-07-19 14:48:21] trace  /app/index.php?i=1&uniacid=1&t=undefined&v=1.3&m=ewei_shopv2&from=wxapp&c=entry&a=wxapp&do=main&&state=we7sid-fcc40c4f10ee92b6ebe484d1db48bf72&sign=dfab1371588ec23e1e69877704e0885f pn=upload; op=order; orderid=11979; 
上传
[2018-07-19 15:19:30] trace  /app/index.php?i=1&uniacid=1&t=undefined&v=1.3&m=ewei_shopv2&from=wxapp&c=entry&a=wxapp&do=main&&state=we7sid-54e3417490c8d4e5af5ad92e83347ee4&sign=946b13d0b6c1c9b91ce62db347500e79 pn=upload; op=order; orderid=11980; 
上传
[2018-07-19 15:49:58] trace  /app/index.php?i=1&uniacid=1&t=undefined&v=1.3&m=ewei_shopv2&from=wxapp&c=entry&a=wxapp&do=main&&state=we7sid-27036dee16f8946bbe5679671a36d5ca&sign=9f9651c38bcfe401744f8081c8d1a69c pn=upload; op=order; orderid=11981; 
上传
[2018-07-19 15:53:30] trace  /app/index.php?i=1&uniacid=1&t=undefined&v=1.3&m=ewei_shopv2&from=wxapp&c=entry&a=wxapp&do=main&&state=we7sid-27036dee16f8946bbe5679671a36d5ca&sign=9f9651c38bcfe401744f8081c8d1a69c pn=upload; op=order; orderid=11982; 
上传
[2018-07-19 15:57:42] trace  /app/index.php?i=1&uniacid=1&t=undefined&v=1.3&m=ewei_shopv2&from=wxapp&c=entry&a=wxapp&do=main&&state=we7sid-6f34c9309385ce80ce7e5ebf713cf96d&sign=e36729567871c472a7e7c337af8e35ef pn=upload; op=order; orderid=11983; 
上传
[2018-07-19 16:05:37] trace  /app/index.php?i=1&uniacid=1&t=undefined&v=1.3&m=ewei_shopv2&from=wxapp&c=entry&a=wxapp&do=main&&state=we7sid-bc0361a18f7601b210f09ae9e8e347fb&sign=024f797faf5cc1a70ce4b3ad7cf23eb9 pn=upload; op=order; orderid=11984; 
上传
[2018-07-19 16:09:51] trace  /app/index.php?i=1&uniacid=1&t=undefined&v=1.3&m=ewei_shopv2&from=wxapp&c=entry&a=wxapp&do=main&&state=we7sid-6d0d1db338279311475d1f85c7d9d0e3&sign=b4f0704b1f5c65091d92724e51b7153a op=order; pn=upload; orderid=11985; 
上传
[2018-07-19 16:12:27] trace  /app/index.php?i=1&uniacid=1&t=undefined&v=1.3&m=ewei_shopv2&from=wxapp&c=entry&a=wxapp&do=main&&state=we7sid-a882fc155342b9d3eeb3606c488e73b2&sign=7f4875fc06a89ae51b601ae0ecb6dbf4 pn=upload; op=order; orderid=11986; 
上传
[2018-07-19 16:46:29] trace  /app/index.php?i=1&uniacid=1&t=undefined&v=1.3&m=ewei_shopv2&from=wxapp&c=entry&a=wxapp&do=main&&state=we7sid-1b9c7b287c79e1ef2ed1324167b2bc4b&sign=b1d94acc6eaf4c2a9f6d5cbfafd78e4e pn=upload; op=order; orderid=11987; 
上传
[2018-07-19 16:54:00] trace  /app/index.php?i=1&uniacid=1&t=undefined&v=1.3&m=ewei_shopv2&from=wxapp&c=entry&a=wxapp&do=main&&state=we7sid-932f6e2278d7f1dc271a6a951c4c8aec&sign=bdc2c2621de00642f1781ff04842be80 pn=upload; op=order; orderid=11988; 
上传
[2018-07-19 17:15:23] trace  /app/index.php?i=1&uniacid=1&t=undefined&v=1.3&m=ewei_shopv2&from=wxapp&c=entry&a=wxapp&do=main&&state=we7sid-59217aa359a4497e928ae31ea53739f0&sign=cec045f0c5cfd9ea364d270d22684589 pn=upload; op=order; orderid=11989; 
上传
[2018-07-19 17:19:43] trace  /app/index.php?i=1&uniacid=1&t=undefined&v=1.3&m=ewei_shopv2&from=wxapp&c=entry&a=wxapp&do=main&&state=we7sid-d928b7552d1e8ed2158b5b59e859cdb2&sign=5c336bd2b18c282e89e7e030d2a577fd op=order; orderid=11990; pn=upload; 
上传
[2018-07-19 17:32:05] trace  /app/index.php?i=1&uniacid=1&t=undefined&v=1.3&m=ewei_shopv2&from=wxapp&c=entry&a=wxapp&do=main&&state=we7sid-0d49a0c536033d4e310029e3536c4a18&sign=3efa5ea6752d6411cb353fdb392bcde2 pn=upload; op=order; orderid=11991; 
上传
[2018-07-19 17:43:21] trace  /app/index.php?i=1&uniacid=1&t=undefined&v=1.3&m=ewei_shopv2&from=wxapp&c=entry&a=wxapp&do=main&&state=we7sid-d928b7552d1e8ed2158b5b59e859cdb2&sign=5c336bd2b18c282e89e7e030d2a577fd op=order; orderid=11992; pn=upload; 
上传
[2018-07-19 17:47:57] trace  /app/index.php?i=1&uniacid=1&t=undefined&v=1.3&m=ewei_shopv2&from=wxapp&c=entry&a=wxapp&do=main&&state=we7sid-bf9f154da4819b14e07fed4360479438&sign=133be95f0383c5a563f8f54dc6f127cf pn=upload; op=order; orderid=11993; 
上传
[2018-07-19 17:48:28] trace  /app/index.php?i=1&uniacid=1&t=undefined&v=1.3&m=ewei_shopv2&from=wxapp&c=entry&a=wxapp&do=main&&state=we7sid-6a434615aa721a7b0d10b7bac3721708&sign=d36b92b569f708362543080ab541c659 pn=upload; op=order; orderid=11994; 
上传
[2018-07-19 17:54:57] trace  /app/index.php?i=1&uniacid=1&t=undefined&v=1.3&m=ewei_shopv2&from=wxapp&c=entry&a=wxapp&do=main&&state=we7sid-11ef023dd324942e54b9cd344733d783&sign=234b5404bab1a726d48e94f2e290763a pn=upload; op=order; orderid=11995; 
上传
[2018-07-19 18:05:42] trace  /app/index.php?i=1&uniacid=1&t=undefined&v=1.3&m=ewei_shopv2&from=wxapp&c=entry&a=wxapp&do=main&&state=we7sid-ba09ed511c84c55e98800816988755cc&sign=7420c3365a0e0f6eb4434288b5e73d4b pn=upload; op=order; orderid=11996; 
上传
[2018-07-19 18:13:14] trace  /app/index.php?i=1&uniacid=1&t=undefined&v=1.3&m=ewei_shopv2&from=wxapp&c=entry&a=wxapp&do=main&&state=we7sid-32787486fe7351aed7d0b0388e7124c8&sign=4705defc32aa78188fb4f056d4907237 pn=upload; op=order; orderid=11997; 
上传
[2018-07-19 18:16:37] trace  /app/index.php?i=1&uniacid=1&t=undefined&v=1.3&m=ewei_shopv2&from=wxapp&c=entry&a=wxapp&do=main&&state=we7sid-edf67a32e77a2a70746affb28666e153&sign=07c42d86848cb6fd1d0635a47ef70533 pn=upload; op=order; orderid=11998; 
上传
[2018-07-19 18:16:49] trace  /app/index.php?i=1&uniacid=1&t=undefined&v=1.3&m=ewei_shopv2&from=wxapp&c=entry&a=wxapp&do=main&&state=we7sid-13d40fe0be196236c58891c4038665e9&sign=aaf8552ecd6550bf2366fd93d0cc3892 pn=upload; op=order; orderid=11999; 
上传
[2018-07-19 18:17:06] trace  /app/index.php?i=1&uniacid=1&t=undefined&v=1.3&m=ewei_shopv2&from=wxapp&c=entry&a=wxapp&do=main&&state=we7sid-11061655a97aad660f94efc97c05eaf0&sign=549694d4731c13109f6a797310649093 pn=upload; op=order; orderid=12000; 
上传
[2018-07-19 18:17:12] trace  /app/index.php?i=1&uniacid=1&t=undefined&v=1.3&m=ewei_shopv2&from=wxapp&c=entry&a=wxapp&do=main&&state=we7sid-11061655a97aad660f94efc97c05eaf0&sign=549694d4731c13109f6a797310649093 pn=upload; op=order; orderid=12001; 
上传
[2018-07-19 18:17:53] trace  /app/index.php?i=1&uniacid=1&t=undefined&v=1.3&m=ewei_shopv2&from=wxapp&c=entry&a=wxapp&do=main&&state=we7sid-edf67a32e77a2a70746affb28666e153&sign=07c42d86848cb6fd1d0635a47ef70533 pn=upload; op=order; orderid=12002; 
上传
[2018-07-19 18:30:28] trace  /app/index.php?i=1&uniacid=1&t=undefined&v=1.3&m=ewei_shopv2&from=wxapp&c=entry&a=wxapp&do=main&&state=we7sid-6e86c6b16bd65101608974cc503977d8&sign=9d4f48a217d540142b877dde5eb47749 pn=upload; op=order; orderid=12003; 
上传
[2018-07-19 18:31:09] trace  /app/index.php?i=1&uniacid=1&t=undefined&v=1.3&m=ewei_shopv2&from=wxapp&c=entry&a=wxapp&do=main&&state=we7sid-6e86c6b16bd65101608974cc503977d8&sign=9d4f48a217d540142b877dde5eb47749 pn=upload; op=order; orderid=12004; 
上传
[2018-07-19 18:37:15] trace  /app/index.php?i=1&uniacid=1&t=undefined&v=1.3&m=ewei_shopv2&from=wxapp&c=entry&a=wxapp&do=main&&state=we7sid-f98d8fda544325f2b07cadf71a898377&sign=2ec13c3a4b4f0ffbe07a370adc538ab5 pn=upload; op=order; orderid=12005; 
上传
[2018-07-19 18:54:40] trace  /app/index.php?i=1&uniacid=1&t=undefined&v=1.3&m=ewei_shopv2&from=wxapp&c=entry&a=wxapp&do=main&&state=we7sid-00b4f0cdf96f7757506eb418a90501f8&sign=0b0fbdbe1ab1895d508740a2bb69b049 pn=upload; op=order; orderid=12006; 
上传
[2018-07-19 19:00:27] trace  /app/index.php?i=1&uniacid=1&t=undefined&v=1.3&m=ewei_shopv2&from=wxapp&c=entry&a=wxapp&do=main&&state=we7sid-aaf2f2e4d2ea656337cf0e453121d6a0&sign=c715ade7362ff23c032462e3380f7896 pn=upload; op=order; orderid=12007; 
上传
[2018-07-19 19:11:42] trace  /app/index.php?i=1&uniacid=1&t=undefined&v=1.3&m=ewei_shopv2&from=wxapp&c=entry&a=wxapp&do=main&&state=we7sid-c40e5da9687da722141e8678589d1451&sign=f628f2871f0d54f813538384102166d7 op=order; pn=upload; orderid=12008; 
上传
[2018-07-19 19:24:48] trace  /app/index.php?i=1&uniacid=1&t=undefined&v=1.3&m=ewei_shopv2&from=wxapp&c=entry&a=wxapp&do=main&&state=we7sid-7883d5c2e629d7f9c7d545464b6ee2a7&sign=15c0ac58f08f0d94075fcd3388b0288f pn=upload; op=order; orderid=12009; 
上传
[2018-07-19 19:29:42] trace  /app/index.php?i=1&uniacid=1&t=undefined&v=1.3&m=ewei_shopv2&from=wxapp&c=entry&a=wxapp&do=main&&state=we7sid-23a99ec86e71a6ec4aa6ff73eb3d7900&sign=0371309bcd38122a123910e07456162c op=order; orderid=12010; pn=upload; 
上传
[2018-07-19 19:35:41] trace  /app/index.php?i=1&uniacid=1&t=undefined&v=1.3&m=ewei_shopv2&from=wxapp&c=entry&a=wxapp&do=main&&state=we7sid-5c0eff820c8a5254d135c50d6b30cc46&sign=26b47c2dcc12fc870128e4b90dd307a3 pn=upload; op=order; orderid=12011; 
上传
[2018-07-19 19:39:03] trace  /app/index.php?i=1&uniacid=1&t=undefined&v=1.3&m=ewei_shopv2&from=wxapp&c=entry&a=wxapp&do=main&&state=we7sid-cd62e4095012545b9cc627bdd0add00b&sign=3b95cc4cfca640223183e693c4d2bf4f pn=upload; op=order; orderid=12012; 
上传
[2018-07-19 19:50:23] trace  /app/index.php?i=1&uniacid=1&t=undefined&v=1.3&m=ewei_shopv2&from=wxapp&c=entry&a=wxapp&do=main&&state=we7sid-f876ed7ded29dc0255065ad8e98f53a7&sign=2896127bd5e0c98b4c0f1d1d5fb490e6 pn=upload; op=order; orderid=12013; 
上传
[2018-07-19 19:56:08] trace  /app/index.php?i=1&uniacid=1&t=undefined&v=1.3&m=ewei_shopv2&from=wxapp&c=entry&a=wxapp&do=main&&state=we7sid-293c521cd9338294392a6189bedba6da&sign=3c401b85e577ac4843dd45c49217cfad op=order; orderid=12014; pn=upload; 
上传
[2018-07-19 20:01:34] trace  /app/index.php?i=1&uniacid=1&t=undefined&v=1.3&m=ewei_shopv2&from=wxapp&c=entry&a=wxapp&do=main&&state=we7sid-1181a5d856cdd45b96d8a827f9d2cc4b&sign=9c7219cfd6e1a1f84009dabcbd113a1b pn=upload; op=order; orderid=12015; 
上传
[2018-07-19 20:15:52] trace  /app/index.php?i=1&uniacid=1&t=undefined&v=1.3&m=ewei_shopv2&from=wxapp&c=entry&a=wxapp&do=main&&state=we7sid-299f2f4051b6600bfaf70573821e04ec&sign=9d9e9edcec00a4a0e5b56b7c60fb53d5 pn=upload; op=order; orderid=12016; 
上传
[2018-07-19 21:03:38] trace  /app/index.php?i=1&uniacid=1&t=undefined&v=1.3&m=ewei_shopv2&from=wxapp&c=entry&a=wxapp&do=main&&state=we7sid-f3948850c3bd7fcd12bfa17433961be6&sign=b44ffd6296c2a8630dfab73f16c5202e pn=upload; op=order; orderid=12017; 
上传
[2018-07-19 21:04:01] trace  /app/index.php?i=1&uniacid=1&t=undefined&v=1.3&m=ewei_shopv2&from=wxapp&c=entry&a=wxapp&do=main&&state=we7sid-1fe1177d8f861dd017f552695b02b11b&sign=2279dc8055530bbded175184297b6bae op=order; orderid=12018; pn=upload; 
上传
[2018-07-19 21:06:06] trace  /app/index.php?i=1&uniacid=1&t=undefined&v=1.3&m=ewei_shopv2&from=wxapp&c=entry&a=wxapp&do=main&&state=we7sid-b4179d0cb7dc8f3796b5f29dd9ab6ce3&sign=00a158275bc824c8c5e817d810f00200 pn=upload; op=order; orderid=12019; 
上传
[2018-07-19 21:08:19] trace  /app/index.php?i=1&uniacid=1&t=undefined&v=1.3&m=ewei_shopv2&from=wxapp&c=entry&a=wxapp&do=main&&state=we7sid-e71321217e7072f0ed0dab175e2f0d50&sign=75d98f26727a395268e75b52589aca3c pn=upload; op=order; orderid=12020; 
上传
[2018-07-19 21:15:15] trace  /app/index.php?i=1&uniacid=1&t=undefined&v=1.3&m=ewei_shopv2&from=wxapp&c=entry&a=wxapp&do=main&&state=we7sid-f8122bc03837238db3f237c3393aa163&sign=10a9a9d82d41410025d01edfbfabb53d pn=upload; op=order; orderid=12021; 
上传
[2018-07-19 21:38:19] trace  /app/index.php?i=1&uniacid=1&t=undefined&v=1.3&m=ewei_shopv2&from=wxapp&c=entry&a=wxapp&do=main&&state=we7sid-14f44bb4fe1d9aa824fdf190f67f3227&sign=1e88ec15e4a08910b15b2322519df93c op=order; orderid=12022; pn=upload; 
上传
[2018-07-19 21:55:07] trace  /app/index.php?i=1&uniacid=1&t=undefined&v=1.3&m=ewei_shopv2&from=wxapp&c=entry&a=wxapp&do=main&&state=we7sid-b65f35b24093ccbf02507ba41c81014e&sign=1602a04c0197bd4fa01533ce00ca409c op=order; pn=upload; orderid=12024; 
上传
[2018-07-19 21:55:08] trace  /app/index.php?i=1&uniacid=1&t=undefined&v=1.3&m=ewei_shopv2&from=wxapp&c=entry&a=wxapp&do=main&&state=we7sid-b65f35b24093ccbf02507ba41c81014e&sign=1602a04c0197bd4fa01533ce00ca409c op=order; pn=upload; orderid=12023; 
上传
[2018-07-19 21:57:45] trace  /app/index.php?i=1&uniacid=1&t=undefined&v=1.3&m=ewei_shopv2&from=wxapp&c=entry&a=wxapp&do=main&&state=we7sid-b65f35b24093ccbf02507ba41c81014e&sign=1602a04c0197bd4fa01533ce00ca409c op=order; pn=upload; orderid=12025; 
上传
[2018-07-19 21:58:34] trace  /app/index.php?i=1&uniacid=1&t=undefined&v=1.3&m=ewei_shopv2&from=wxapp&c=entry&a=wxapp&do=main&&state=we7sid-9948aea338181dda59c638e06776f9dd&sign=89c491d7ad330e6cbfa3674b1773e526 pn=upload; op=order; orderid=12026; 
上传
[2018-07-19 21:59:40] trace  /app/index.php?i=1&uniacid=1&t=undefined&v=1.3&m=ewei_shopv2&from=wxapp&c=entry&a=wxapp&do=main&&state=we7sid-416ba96c9fb9f556042c78e3b1237615&sign=04a4f5e38ca86e867b8009bdb4e3bf56 pn=upload; op=order; orderid=12027; 
上传
[2018-07-19 22:08:56] trace  /app/index.php?i=1&uniacid=1&t=undefined&v=1.3&m=ewei_shopv2&from=wxapp&c=entry&a=wxapp&do=main&&state=we7sid-f72dc027b361bd021847e06be34d41d5&sign=8c7427b768112fa9c51706a35f7932f7 pn=upload; op=order; orderid=12028; 
上传
[2018-07-19 22:09:37] trace  /app/index.php?i=1&uniacid=1&t=undefined&v=1.3&m=ewei_shopv2&from=wxapp&c=entry&a=wxapp&do=main&&state=we7sid-f72dc027b361bd021847e06be34d41d5&sign=8c7427b768112fa9c51706a35f7932f7 pn=upload; op=order; orderid=12029; 
上传
[2018-07-19 22:14:14] trace  /app/index.php?i=1&uniacid=1&t=undefined&v=1.3&m=ewei_shopv2&from=wxapp&c=entry&a=wxapp&do=main&&state=we7sid-3fada081934f1af98220556dcb07f56d&sign=5c1592ceef6d24d27829c5a746363837 op=order; orderid=12030; pn=upload; 
上传
[2018-07-19 22:17:08] trace  /app/index.php?i=1&uniacid=1&t=undefined&v=1.3&m=ewei_shopv2&from=wxapp&c=entry&a=wxapp&do=main&&state=we7sid-bdce0aea23f39e5e9ebd1ef699cfd3ca&sign=12b3688ce5c8693b4daa59e163e21461 pn=upload; op=order; orderid=12031; 
上传
[2018-07-19 22:17:31] trace  /app/index.php?i=1&uniacid=1&t=undefined&v=1.3&m=ewei_shopv2&from=wxapp&c=entry&a=wxapp&do=main&&state=we7sid-83d39db84ddc68a14ecad0edd17ed793&sign=b0be562ef8a6907361ca656784b12227 pn=upload; op=order; orderid=12032; 
上传
[2018-07-19 22:19:27] trace  /app/index.php?i=1&uniacid=1&t=undefined&v=1.3&m=ewei_shopv2&from=wxapp&c=entry&a=wxapp&do=main&&state=we7sid-542c5d0f56af69edcca8d00e5ac7218c&sign=6741cc55bf62588fe9bc770b9c0c1bf5 op=order; orderid=12033; pn=upload; 
上传
[2018-07-19 22:21:11] trace  /app/index.php?i=1&uniacid=1&t=undefined&v=1.3&m=ewei_shopv2&from=wxapp&c=entry&a=wxapp&do=main&&state=we7sid-6b243ad37c72b2db510ce7b2cbf4bfd4&sign=3ddef46ae7a77704b91ffd9934a1b83b pn=upload; op=order; orderid=12034; 
上传
[2018-07-19 22:21:14] trace  /app/index.php?i=1&uniacid=1&t=undefined&v=1.3&m=ewei_shopv2&from=wxapp&c=entry&a=wxapp&do=main&&state=we7sid-83d39db84ddc68a14ecad0edd17ed793&sign=b0be562ef8a6907361ca656784b12227 pn=upload; op=order; orderid=12035; 
上传
[2018-07-19 22:22:23] trace  /app/index.php?i=1&uniacid=1&t=undefined&v=1.3&m=ewei_shopv2&from=wxapp&c=entry&a=wxapp&do=main&&state=we7sid-83d39db84ddc68a14ecad0edd17ed793&sign=b0be562ef8a6907361ca656784b12227 pn=upload; op=order; orderid=12036; 
上传
[2018-07-19 22:31:38] trace  /app/index.php?i=1&uniacid=1&t=undefined&v=1.3&m=ewei_shopv2&from=wxapp&c=entry&a=wxapp&do=main&&state=we7sid-8580459dbc4e18116fda46ceaf290eec&sign=650c0f549e517f7f0d7e6ba3d75fe7b1 pn=upload; op=order; orderid=12037; 
上传
[2018-07-19 22:34:49] trace  /app/index.php?i=1&uniacid=1&t=undefined&v=1.3&m=ewei_shopv2&from=wxapp&c=entry&a=wxapp&do=main&&state=we7sid-6debc2f209b32dccc6c61187458fe305&sign=ed0c539554e47980cfffdc8963e0b96c pn=upload; op=order; orderid=12038; 
上传
[2018-07-19 22:35:28] trace  /app/index.php?i=1&uniacid=1&t=undefined&v=1.3&m=ewei_shopv2&from=wxapp&c=entry&a=wxapp&do=main&&state=we7sid-cf148e2d36529399ec617fa77fa8d698&sign=200c1d218bbdead420899865ef12c65a pn=upload; op=order; orderid=12039; 
上传
[2018-07-19 23:01:00] trace  /app/index.php?i=1&uniacid=1&t=undefined&v=1.3&m=ewei_shopv2&from=wxapp&c=entry&a=wxapp&do=main&&state=we7sid-27a48384aa2bb0a5e3bc6ad0bc389ec7&sign=a08efb18a867e4fec0c62378df31c37a pn=upload; op=author; orderid=11547; 
上传
[2018-07-19 23:07:49] trace  /app/index.php?i=1&uniacid=1&t=undefined&v=1.3&m=ewei_shopv2&from=wxapp&c=entry&a=wxapp&do=main&&state=we7sid-27a48384aa2bb0a5e3bc6ad0bc389ec7&sign=a08efb18a867e4fec0c62378df31c37a pn=upload; op=author; orderid=11599; 
上传
[2018-07-19 23:14:12] trace  /app/index.php?i=1&uniacid=1&t=undefined&v=1.3&m=ewei_shopv2&from=wxapp&c=entry&a=wxapp&do=main&&state=we7sid-8a28370e4ea946e6c5871ffe2512fa25&sign=e0653c260326a81dd60caa75fa436c3b pn=upload; op=order; orderid=12040; 
上传
[2018-07-19 23:26:53] trace  /app/index.php?i=1&uniacid=1&t=undefined&v=1.3&m=ewei_shopv2&from=wxapp&c=entry&a=wxapp&do=main&&state=we7sid-cc2aab5896e1260c40d0e7a6c322b985&sign=55b6b5f2379152a445ea554197f9ab91 pn=upload; op=order; orderid=12041; 
上传
[2018-07-19 23:29:40] trace  /app/index.php?i=1&uniacid=1&t=undefined&v=1.3&m=ewei_shopv2&from=wxapp&c=entry&a=wxapp&do=main&&state=we7sid-27a48384aa2bb0a5e3bc6ad0bc389ec7&sign=a08efb18a867e4fec0c62378df31c37a pn=upload; op=author; orderid=11640; 
上传
[2018-07-19 23:33:42] trace  /app/index.php?i=1&uniacid=1&t=undefined&v=1.3&m=ewei_shopv2&from=wxapp&c=entry&a=wxapp&do=main&&state=we7sid-45c7d9e9eee4cb033a83444b9ce54106&sign=4d9343ae75c366f7a1ab299f1e9f8aba pn=upload; op=order; orderid=12042; 
上传
[2018-07-19 23:37:24] trace  /app/index.php?i=1&uniacid=1&t=undefined&v=1.3&m=ewei_shopv2&from=wxapp&c=entry&a=wxapp&do=main&&state=we7sid-27a48384aa2bb0a5e3bc6ad0bc389ec7&sign=a08efb18a867e4fec0c62378df31c37a pn=upload; op=author; orderid=11660; 
上传
[2018-07-19 23:45:11] trace  /app/index.php?i=1&uniacid=1&t=undefined&v=1.3&m=ewei_shopv2&from=wxapp&c=entry&a=wxapp&do=main&&state=we7sid-27a48384aa2bb0a5e3bc6ad0bc389ec7&sign=a08efb18a867e4fec0c62378df31c37a pn=upload; op=author; orderid=11743; 
上传
[2018-07-19 23:54:02] trace  /app/index.php?i=1&uniacid=1&t=undefined&v=1.3&m=ewei_shopv2&from=wxapp&c=entry&a=wxapp&do=main&&state=we7sid-27a48384aa2bb0a5e3bc6ad0bc389ec7&sign=a08efb18a867e4fec0c62378df31c37a pn=upload; op=author; orderid=11759; 
上传
