[2018-08-15 00:04:17] trace  /app/index.php?i=1&uniacid=1&t=undefined&v=1.3&m=ewei_shopv2&from=wxapp&c=entry&a=wxapp&do=main&&state=we7sid-6ab9e3f8ca65b478fe616424dd7e8b97&sign=65ab6e2438339b614640bb421c26d617 pn=upload; op=author; orderid=13953; 
上传
[2018-08-15 00:13:51] trace  /app/index.php?i=1&uniacid=1&t=undefined&v=1.3&m=ewei_shopv2&from=wxapp&c=entry&a=wxapp&do=main&&state=we7sid-6ab9e3f8ca65b478fe616424dd7e8b97&sign=65ab6e2438339b614640bb421c26d617 pn=upload; op=author; orderid=14126; 
上传
[2018-08-15 00:17:19] trace  /app/index.php?i=1&uniacid=1&t=undefined&v=1.3&m=ewei_shopv2&from=wxapp&c=entry&a=wxapp&do=main&&state=we7sid-3589489805dcf648f9f1c4bda569bc08&sign=914030e107e87ac4e6d17bc3ac386c2d pn=upload; op=order; orderid=14653; 
上传
[2018-08-15 00:20:59] trace  /app/index.php?i=1&uniacid=1&t=undefined&v=1.3&m=ewei_shopv2&from=wxapp&c=entry&a=wxapp&do=main&&state=we7sid-6ab9e3f8ca65b478fe616424dd7e8b97&sign=65ab6e2438339b614640bb421c26d617 pn=upload; op=author; orderid=14254; 
上传
[2018-08-15 00:27:29] trace  /app/index.php?i=1&uniacid=1&t=undefined&v=1.3&m=ewei_shopv2&from=wxapp&c=entry&a=wxapp&do=main&&state=we7sid-6ab9e3f8ca65b478fe616424dd7e8b97&sign=65ab6e2438339b614640bb421c26d617 pn=upload; op=author; orderid=14277; 
上传
[2018-08-15 00:33:17] trace  /app/index.php?i=1&uniacid=1&t=undefined&v=1.3&m=ewei_shopv2&from=wxapp&c=entry&a=wxapp&do=main&&state=we7sid-6ab9e3f8ca65b478fe616424dd7e8b97&sign=65ab6e2438339b614640bb421c26d617 pn=upload; op=author; orderid=14320; 
上传
[2018-08-15 00:35:56] trace  /app/index.php?i=1&uniacid=1&t=undefined&v=1.3&m=ewei_shopv2&from=wxapp&c=entry&a=wxapp&do=main&&state=we7sid-d84949ebf428c42fdabbaccb61ab5f5b&sign=f80ae9000775b98595b8aeea94196b9a pn=upload; op=order; orderid=14654; 
上传
[2018-08-15 00:47:56] trace  /app/index.php?i=1&uniacid=1&t=undefined&v=1.3&m=ewei_shopv2&from=wxapp&c=entry&a=wxapp&do=main&&state=we7sid-1a608f5833dda5977b2636c84fc52b67&sign=84cf9e84a3a88a8bacee7ef89ee64b3e pn=upload; op=order; orderid=14655; 
上传
[2018-08-15 01:10:20] trace  /app/index.php?i=1&uniacid=1&t=undefined&v=1.3&m=ewei_shopv2&from=wxapp&c=entry&a=wxapp&do=main&&state=we7sid-a1324c0078517380a26d36fe20c617d7&sign=fd49581f1f0ae59d7d75c27c8832ad4c pn=upload; op=order; orderid=14656; 
上传
[2018-08-15 01:18:53] trace  /app/index.php?i=1&uniacid=1&t=undefined&v=1.3&m=ewei_shopv2&from=wxapp&c=entry&a=wxapp&do=main&&state=we7sid-a10a53b9a6fc249b528dd406d97032a1&sign=559d056fa7bf430173e3b61adb0392d7 op=order; orderid=14657; pn=upload; 
上传
[2018-08-15 01:20:12] trace  /app/index.php?i=1&uniacid=1&t=undefined&v=1.3&m=ewei_shopv2&from=wxapp&c=entry&a=wxapp&do=main&&state=we7sid-a10a53b9a6fc249b528dd406d97032a1&sign=559d056fa7bf430173e3b61adb0392d7 op=order; orderid=14658; pn=upload; 
上传
[2018-08-15 01:22:08] trace  /app/index.php?i=1&uniacid=1&t=undefined&v=1.3&m=ewei_shopv2&from=wxapp&c=entry&a=wxapp&do=main&&state=we7sid-a10a53b9a6fc249b528dd406d97032a1&sign=559d056fa7bf430173e3b61adb0392d7 op=order; orderid=14659; pn=upload; 
上传
[2018-08-15 01:24:41] trace  /app/index.php?i=1&uniacid=1&t=undefined&v=1.3&m=ewei_shopv2&from=wxapp&c=entry&a=wxapp&do=main&&state=we7sid-a10a53b9a6fc249b528dd406d97032a1&sign=559d056fa7bf430173e3b61adb0392d7 op=order; orderid=14660; pn=upload; 
上传
[2018-08-15 01:41:28] trace  /app/index.php?i=1&uniacid=1&t=undefined&v=1.3&m=ewei_shopv2&from=wxapp&c=entry&a=wxapp&do=main&&state=we7sid-fcbc914b12b7ca17c20bbbb44bc698cd&sign=a9320bb31b8820fe163e6b6909e963ce pn=upload; op=order; orderid=14661; 
上传
[2018-08-15 01:41:56] trace  /app/index.php?i=1&uniacid=1&t=undefined&v=1.3&m=ewei_shopv2&from=wxapp&c=entry&a=wxapp&do=main&&state=we7sid-fa6eb73de3a772fb749111719d1c58a9&sign=60f9ca8ba2cd5aea735c2dac10e3180c pn=upload; op=order; orderid=14662; 
上传
[2018-08-15 02:00:54] trace  /app/index.php?i=1&uniacid=1&t=undefined&v=1.3&m=ewei_shopv2&from=wxapp&c=entry&a=wxapp&do=main&&state=we7sid-a97f37a64a90ec5cb98ec124e75f1eaa&sign=0507f5ce8b82c6273565b90c173ab65a pn=upload; op=order; orderid=14663; 
上传
[2018-08-15 04:53:11] trace  /app/index.php?i=1&uniacid=1&t=undefined&v=1.3&m=ewei_shopv2&from=wxapp&c=entry&a=wxapp&do=main&&state=we7sid-842e4a1317dba7a8bb8bce19ad3f14cf&sign=de9bdffc96cdcba8de0c3aea7496681b op=order; orderid=14664; pn=upload; 
上传
[2018-08-15 04:53:23] trace  /app/index.php?i=1&uniacid=1&t=undefined&v=1.3&m=ewei_shopv2&from=wxapp&c=entry&a=wxapp&do=main&&state=we7sid-842e4a1317dba7a8bb8bce19ad3f14cf&sign=de9bdffc96cdcba8de0c3aea7496681b op=order; orderid=14665; pn=upload; 
上传
[2018-08-15 04:53:30] trace  /app/index.php?i=1&uniacid=1&t=undefined&v=1.3&m=ewei_shopv2&from=wxapp&c=entry&a=wxapp&do=main&&state=we7sid-842e4a1317dba7a8bb8bce19ad3f14cf&sign=de9bdffc96cdcba8de0c3aea7496681b op=order; orderid=14666; pn=upload; 
上传
[2018-08-15 06:44:11] trace  /app/index.php?i=1&uniacid=1&t=undefined&v=1.3&m=ewei_shopv2&from=wxapp&c=entry&a=wxapp&do=main&&state=we7sid-0a41c1b8d24b622cdd51e488d9520450&sign=f8995fe7893ae9bdc375f747e9c47da3 op=order; orderid=14667; pn=upload; 
上传
[2018-08-15 08:00:32] trace  /app/index.php?i=1&uniacid=1&t=undefined&v=1.3&m=ewei_shopv2&from=wxapp&c=entry&a=wxapp&do=main&&state=we7sid-317b176fa74e7b298479cacc45425258&sign=cab052a01959c4e35eb7a55afc948ed6 pn=upload; op=order; orderid=14668; 
上传
[2018-08-15 08:39:55] trace  /app/index.php?i=1&uniacid=1&t=undefined&v=1.3&m=ewei_shopv2&from=wxapp&c=entry&a=wxapp&do=main&&state=we7sid-dcf4b181cf2e3aa862ea37f2ef01abb0&sign=236f336d7470ba8a1b0040bb89d721c7 pn=upload; op=order; orderid=14669; 
上传
[2018-08-15 09:01:59] trace  /app/index.php?i=1&uniacid=1&t=undefined&v=1.3&m=ewei_shopv2&from=wxapp&c=entry&a=wxapp&do=main&&state=we7sid-9113fe4607409d42506617692155becd&sign=ee30451ed81f61f66c4a91b3a82a93d0 pn=upload; op=order; orderid=14670; 
上传
[2018-08-15 09:09:18] trace  /app/index.php?i=1&uniacid=1&t=undefined&v=1.3&m=ewei_shopv2&from=wxapp&c=entry&a=wxapp&do=main&&state=we7sid-5575f63e353a715a73d6ca92b12d8aa5&sign=4488e9141726da8c7386ab9e17b97884 pn=upload; op=order; orderid=14671; 
上传
[2018-08-15 09:18:24] trace  /app/index.php?i=1&uniacid=1&t=undefined&v=1.3&m=ewei_shopv2&from=wxapp&c=entry&a=wxapp&do=main&&state=we7sid-57cfb5d42398bf2d9965162f406b35a8&sign=45ecb2d579d64f297315534fb7be6806 pn=upload; op=order; orderid=14672; 
上传
[2018-08-15 09:26:40] trace  /app/index.php?i=1&uniacid=1&t=undefined&v=1.3&m=ewei_shopv2&from=wxapp&c=entry&a=wxapp&do=main&&state=we7sid-a40185f3fbee547e44e32871f0c5a391&sign=857103552df1e2398ee1b70898fd2af9 pn=upload; op=order; orderid=14673; 
上传
[2018-08-15 09:34:06] trace  /app/index.php?i=1&uniacid=1&t=undefined&v=1.3&m=ewei_shopv2&from=wxapp&c=entry&a=wxapp&do=main&&state=we7sid-9e8ad3df9521da8b5c27d163e7c7f05f&sign=70302926fa7d3d270618e8c9d20edec9 pn=upload; op=order; orderid=14674; 
上传
[2018-08-15 09:59:12] trace  /app/index.php?i=1&uniacid=1&t=undefined&v=1.3&m=ewei_shopv2&from=wxapp&c=entry&a=wxapp&do=main&&state=we7sid-8af2cd57c3722dc8e6995ec493d4f4c3&sign=aa8e9302d1bce6865ba58070b8021c5a pn=upload; op=order; orderid=14675; 
上传
[2018-08-15 10:26:49] trace  /app/index.php?i=1&uniacid=1&t=undefined&v=1.3&m=ewei_shopv2&from=wxapp&c=entry&a=wxapp&do=main&&state=we7sid-4f598f22be77f2c5019733eebc001819&sign=c1769e2c3278ee5fe7b857eb03717d8e pn=upload; op=order; orderid=14676; 
上传
[2018-08-15 10:43:15] trace  /app/index.php?i=1&uniacid=1&t=undefined&v=1.3&m=ewei_shopv2&from=wxapp&c=entry&a=wxapp&do=main&&state=we7sid-fff2b81730851e6abdf9b6512810b304&sign=7f8dfd345d4a20f7ecd12e77144f3863 pn=upload; op=order; orderid=14677; 
上传
[2018-08-15 10:45:40] trace  /app/index.php?i=1&uniacid=1&t=undefined&v=1.3&m=ewei_shopv2&from=wxapp&c=entry&a=wxapp&do=main&&state=we7sid-eb50b28da22c57e9253aa1e80c1bce7f&sign=1a044406e00eddf318a632e8b53d7917 op=order; orderid=14678; pn=upload; 
上传
[2018-08-15 10:56:28] trace  /app/index.php?i=1&uniacid=1&t=undefined&v=1.3&m=ewei_shopv2&from=wxapp&c=entry&a=wxapp&do=main&&state=we7sid-7276b5471d99ea2c1e026aeac9d72dbf&sign=1416dc81c913889a547200b771ac6b1c pn=upload; op=order; orderid=14679; 
上传
[2018-08-15 10:57:23] trace  /app/index.php?i=1&uniacid=1&t=undefined&v=1.3&m=ewei_shopv2&from=wxapp&c=entry&a=wxapp&do=main&&state=we7sid-7276b5471d99ea2c1e026aeac9d72dbf&sign=1416dc81c913889a547200b771ac6b1c pn=upload; op=order; orderid=14680; 
上传
[2018-08-15 10:57:32] trace  /app/index.php?i=1&uniacid=1&t=undefined&v=1.3&m=ewei_shopv2&from=wxapp&c=entry&a=wxapp&do=main&&state=we7sid-cd8f9d43c15d64f164248099e30c816b&sign=305123bd2c569a7727e7792a05fb2efb pn=upload; op=order; orderid=14681; 
上传
[2018-08-15 11:01:05] trace  /app/index.php?i=1&uniacid=1&t=undefined&v=1.3&m=ewei_shopv2&from=wxapp&c=entry&a=wxapp&do=main&&state=we7sid-16432136eea63949245fe1a63fec3a22&sign=2639df0b4d5231f5d3cde58ba3ee7fc3 pn=upload; op=order; orderid=14682; 
上传
[2018-08-15 11:15:19] trace  /app/index.php?i=1&uniacid=1&t=undefined&v=1.3&m=ewei_shopv2&from=wxapp&c=entry&a=wxapp&do=main&&state=we7sid-5ccdb4753ce92cfabdd6f96cb69a80e7&sign=1bfd22e5b97ea66dd9eb4da3d9dd84aa pn=upload; op=order; orderid=14683; 
上传
[2018-08-15 11:22:00] trace  /app/index.php?i=1&uniacid=1&t=undefined&v=1.3&m=ewei_shopv2&from=wxapp&c=entry&a=wxapp&do=main&&state=we7sid-0502dcf8d1ae22adb677fd1a886e7dea&sign=9e93612b007f46c5b8733f2445124ba5 pn=upload; op=order; orderid=14684; 
上传
[2018-08-15 11:32:28] trace  /app/index.php?i=1&uniacid=1&t=undefined&v=1.3&m=ewei_shopv2&from=wxapp&c=entry&a=wxapp&do=main&&state=we7sid-63376b9447a0cbb5d51d7a6a403a7885&sign=62b71e72aa22255e5dda650f072f2bbc pn=upload; op=order; orderid=14685; 
上传
[2018-08-15 11:45:05] trace  /app/index.php?i=1&uniacid=1&t=undefined&v=1.3&m=ewei_shopv2&from=wxapp&c=entry&a=wxapp&do=main&&state=we7sid-93e2fbb1fcd3f5aeab7e32496039770b&sign=428a2a02e4668265fbbfced728a5c29d pn=upload; op=order; orderid=14686; 
上传
[2018-08-15 11:49:21] trace  /app/index.php?i=1&uniacid=1&t=undefined&v=1.3&m=ewei_shopv2&from=wxapp&c=entry&a=wxapp&do=main&&state=we7sid-50d237c0756843c44a6733f7cdbe351e&sign=ff80adae6809103c7debf2e487ddc50c pn=upload; op=order; orderid=14687; 
上传
[2018-08-15 12:15:23] trace  /app/index.php?i=1&uniacid=1&t=undefined&v=1.3&m=ewei_shopv2&from=wxapp&c=entry&a=wxapp&do=main&&state=we7sid-3bf206252e048eefba20547efe1f1825&sign=31ea11504af63f97470f43b4c6697438 op=order; pn=upload; orderid=14688; 
上传
[2018-08-15 12:21:13] trace  /app/index.php?i=1&uniacid=1&t=undefined&v=1.3&m=ewei_shopv2&from=wxapp&c=entry&a=wxapp&do=main&&state=we7sid-e33b2da5bf36497aa78bcea5fcf1cb60&sign=368f334f546bb7b3cc469c476b73c36d pn=upload; op=order; orderid=14689; 
上传
[2018-08-15 12:22:32] trace  /app/index.php?i=1&uniacid=1&t=undefined&v=1.3&m=ewei_shopv2&from=wxapp&c=entry&a=wxapp&do=main&&state=we7sid-46988f6aadd0825ad52050ab2a3fd3fc&sign=caa012f52c90635615f75b8e32f84d86 pn=upload; op=order; orderid=14690; 
上传
[2018-08-15 12:23:53] trace  /app/index.php?i=1&uniacid=1&t=undefined&v=1.3&m=ewei_shopv2&from=wxapp&c=entry&a=wxapp&do=main&&state=we7sid-de7f7a5eef89b188acffce6bc5b0300d&sign=79267ca4b47aa5bb0e252cfd124d302a op=order; orderid=14691; pn=upload; 
上传
[2018-08-15 12:26:18] trace  /app/index.php?i=1&uniacid=1&t=undefined&v=1.3&m=ewei_shopv2&from=wxapp&c=entry&a=wxapp&do=main&&state=we7sid-e33b2da5bf36497aa78bcea5fcf1cb60&sign=368f334f546bb7b3cc469c476b73c36d pn=upload; op=order; orderid=14692; 
上传
[2018-08-15 12:30:08] trace  /app/index.php?i=1&uniacid=1&t=undefined&v=1.3&m=ewei_shopv2&from=wxapp&c=entry&a=wxapp&do=main&&state=we7sid-3691534215458a873994404ed29e130c&sign=3989b2dbd68d53f7e5c603ec1c1d124b pn=upload; op=order; orderid=14693; 
上传
[2018-08-15 12:31:44] trace  /app/index.php?i=1&uniacid=1&t=undefined&v=1.3&m=ewei_shopv2&from=wxapp&c=entry&a=wxapp&do=main&&state=we7sid-32444073f83d4cb2c236dabccc0aac73&sign=f058c03dcb08013abaff306af78ccc7f pn=upload; op=order; orderid=14694; 
上传
[2018-08-15 12:33:50] trace  /app/index.php?i=1&uniacid=1&t=undefined&v=1.3&m=ewei_shopv2&from=wxapp&c=entry&a=wxapp&do=main&&state=we7sid-4a71e2c9564675dd77849d0114850df6&sign=de9e7f3b9346ec9bb790fb8e381a55fc pn=upload; op=order; orderid=14695; 
上传
[2018-08-15 12:36:07] trace  /app/index.php?i=1&uniacid=1&t=undefined&v=1.3&m=ewei_shopv2&from=wxapp&c=entry&a=wxapp&do=main&&state=we7sid-75d060da2b7fb9b5fffc22042ec64424&sign=b4eb9b7388fdcdcdfe5639ba4a014cfe pn=upload; op=order; orderid=14696; 
上传
[2018-08-15 12:57:55] trace  /app/index.php?i=1&uniacid=1&t=undefined&v=1.3&m=ewei_shopv2&from=wxapp&c=entry&a=wxapp&do=main&&state=we7sid-32444073f83d4cb2c236dabccc0aac73&sign=f058c03dcb08013abaff306af78ccc7f pn=upload; op=order; orderid=14697; 
上传
[2018-08-15 13:14:30] trace  /app/index.php?i=1&uniacid=1&t=undefined&v=1.3&m=ewei_shopv2&from=wxapp&c=entry&a=wxapp&do=main&&state=we7sid-16c1d8447875be179a9b419ccfdf0d0d&sign=2702845d8276af09bc84f19be62eb549 pn=upload; op=order; orderid=14698; 
上传
[2018-08-15 13:14:30] trace  /app/index.php?i=1&uniacid=1&t=undefined&v=1.3&m=ewei_shopv2&from=wxapp&c=entry&a=wxapp&do=main&&state=we7sid-16c1d8447875be179a9b419ccfdf0d0d&sign=2702845d8276af09bc84f19be62eb549 pn=upload; op=order; orderid=14698; 
上传
[2018-08-15 13:31:32] trace  /app/index.php?i=1&uniacid=1&t=undefined&v=1.3&m=ewei_shopv2&from=wxapp&c=entry&a=wxapp&do=main&&state=we7sid-22516536258b6a501baea0b9e1df203c&sign=33ddc0e7ea543f024ee15bf8ef72a146 pn=upload; op=order; orderid=14699; 
上传
[2018-08-15 13:33:58] trace  /app/index.php?i=1&uniacid=1&t=undefined&v=1.3&m=ewei_shopv2&from=wxapp&c=entry&a=wxapp&do=main&&state=we7sid-ee3577c2a191640ed2ccd435776e5556&sign=89d2116734b31a9dea173394688612b9 pn=upload; op=order; orderid=14700; 
上传
[2018-08-15 13:34:56] trace  /app/index.php?i=1&uniacid=1&t=undefined&v=1.3&m=ewei_shopv2&from=wxapp&c=entry&a=wxapp&do=main&&state=we7sid-08f505298402aef2982b6bff42c0643e&sign=f70fcb697462631fa9f5e021aa0a1c59 pn=upload; op=order; orderid=14701; 
上传
[2018-08-15 13:49:04] trace  /app/index.php?i=1&uniacid=1&t=undefined&v=1.3&m=ewei_shopv2&from=wxapp&c=entry&a=wxapp&do=main&&state=we7sid-1beddf0e2292d05ecebaa4fcb75e76d9&sign=5654a06b10f985044f564f0db5149171 pn=upload; op=order; orderid=14702; 
上传
[2018-08-15 14:06:16] trace  /app/index.php?i=1&uniacid=1&t=undefined&v=1.3&m=ewei_shopv2&from=wxapp&c=entry&a=wxapp&do=main&&state=we7sid-fb455ce4610124044b01bb0b93b845c3&sign=d8893668029942f528dc1cfcbf721da8 pn=upload; op=order; orderid=14703; 
上传
[2018-08-15 14:26:27] trace  /app/index.php?i=1&uniacid=1&t=undefined&v=1.3&m=ewei_shopv2&from=wxapp&c=entry&a=wxapp&do=main&&state=we7sid-a50cdf7c2f6ca69e4d75c2cacb84853d&sign=0746b2bb56229c815e30ea442a3eb7ae pn=upload; op=order; orderid=14704; 
上传
[2018-08-15 14:29:43] trace  /app/index.php?i=1&uniacid=1&t=undefined&v=1.3&m=ewei_shopv2&from=wxapp&c=entry&a=wxapp&do=main&&state=we7sid-0b8544573369f9940e484d93a886716d&sign=118ad5dca88e3e455d06b62dc20b1baa op=order; orderid=14705; pn=upload; 
上传
[2018-08-15 14:38:19] trace  /app/index.php?i=1&uniacid=1&t=undefined&v=1.3&m=ewei_shopv2&from=wxapp&c=entry&a=wxapp&do=main&&state=we7sid-d6df35c1a70dd5235ebbb0e6ce1c12a7&sign=20e7bbe58fc4787f94ba839afae77608 pn=upload; op=order; orderid=14706; 
上传
[2018-08-15 14:46:38] trace  /app/index.php?i=1&uniacid=1&t=undefined&v=1.3&m=ewei_shopv2&from=wxapp&c=entry&a=wxapp&do=main&&state=we7sid-ff93f335b8ec729f481bb810833f7f7e&sign=220952abd0e8caa5b60e29ed61126f17 op=order; orderid=14707; pn=upload; 
上传
[2018-08-15 14:57:56] trace  /app/index.php?i=1&uniacid=1&t=undefined&v=1.3&m=ewei_shopv2&from=wxapp&c=entry&a=wxapp&do=main&&state=we7sid-597457f6bd75f2750b3a9ca1fd7428b2&sign=bae9578e8eeb3322c99bbbbd0ef7e16a pn=upload; op=order; orderid=14708; 
上传
[2018-08-15 15:05:48] trace  /app/index.php?i=1&uniacid=1&t=undefined&v=1.3&m=ewei_shopv2&from=wxapp&c=entry&a=wxapp&do=main&&state=we7sid-7a5e5b909f11feddbc01890d6537517e&sign=9dce4949311e869747402e1cc632e41d pn=upload; op=order; orderid=14709; 
上传
[2018-08-15 15:14:16] trace  /app/index.php?i=1&uniacid=1&t=undefined&v=1.3&m=ewei_shopv2&from=wxapp&c=entry&a=wxapp&do=main&&state=we7sid-0d40de6331579031a36c6946fbedf6d3&sign=25d5959bf3d1725f1bf921bc1f7bfb62 op=order; orderid=14710; pn=upload; 
上传
[2018-08-15 15:36:06] trace  /app/index.php?i=1&uniacid=1&t=undefined&v=1.3&m=ewei_shopv2&from=wxapp&c=entry&a=wxapp&do=main&&state=we7sid-52610edac834edcc3ac69ca60607bccf&sign=283176b81f7d4a856f99fc618d03c46b pn=upload; op=order; orderid=14711; 
上传
[2018-08-15 15:49:41] trace  /app/index.php?i=1&uniacid=1&t=undefined&v=1.3&m=ewei_shopv2&from=wxapp&c=entry&a=wxapp&do=main&&state=we7sid-59f9060f72e833365541a66e1e93d954&sign=894f8a288e59db0fba7a7b3903902af8 pn=upload; op=order; orderid=14712; 
上传
[2018-08-15 15:50:31] trace  /app/index.php?i=1&uniacid=1&t=undefined&v=1.3&m=ewei_shopv2&from=wxapp&c=entry&a=wxapp&do=main&&state=we7sid-5515a7f805cc7759b16ef8be60fbba9b&sign=07c23185975fd5b2a94b2c8363c51cf7 pn=upload; op=order; orderid=14713; 
上传
[2018-08-15 15:51:37] trace  /app/index.php?i=1&uniacid=1&t=undefined&v=1.3&m=ewei_shopv2&from=wxapp&c=entry&a=wxapp&do=main&&state=we7sid-20eb26ab92666bfecba556f0a1668720&sign=a603d8d9b1a175aeaeb5f672ed002481 pn=upload; op=order; orderid=14714; 
上传
[2018-08-15 15:52:20] trace  /app/index.php?i=1&uniacid=1&t=undefined&v=1.3&m=ewei_shopv2&from=wxapp&c=entry&a=wxapp&do=main&&state=we7sid-7221ccf51af0f12faee2e72c9f4872ea&sign=e2b035f1e13cd9fe23eed6c247657a90 pn=upload; op=order; orderid=14715; 
上传
[2018-08-15 15:53:50] trace  /app/index.php?i=1&uniacid=1&t=undefined&v=1.3&m=ewei_shopv2&from=wxapp&c=entry&a=wxapp&do=main&&state=we7sid-b882004e6bea0b75e8e78c61fce6ed39&sign=313fc78bf9795f667c3e513b7c77bf80 pn=upload; op=order; orderid=14716; 
上传
[2018-08-15 16:25:14] trace  /app/index.php?i=1&uniacid=1&t=undefined&v=1.3&m=ewei_shopv2&from=wxapp&c=entry&a=wxapp&do=main&&state=we7sid-c50c267c3048539fd153f196894e8bd5&sign=1902ae46e1bd700c40e15b1da2f521da pn=upload; op=order; orderid=14717; 
上传
[2018-08-15 16:45:33] trace  /app/index.php?i=1&uniacid=1&t=undefined&v=1.3&m=ewei_shopv2&from=wxapp&c=entry&a=wxapp&do=main&&state=we7sid-8d757fdf8a11d4e40e7a4943e0e1fbf4&sign=569599828fc32a5286dc477781be30c3 pn=upload; op=order; orderid=14718; 
上传
[2018-08-15 16:48:17] trace  /app/index.php?i=1&uniacid=1&t=undefined&v=1.3&m=ewei_shopv2&from=wxapp&c=entry&a=wxapp&do=main&&state=we7sid-18426350ea3b9733c8932716fa939584&sign=98e59248373d428aed96b9d679d45ec8 op=order; orderid=14719; pn=upload; 
上传
[2018-08-15 17:07:01] trace  /app/index.php?i=1&uniacid=1&t=undefined&v=1.3&m=ewei_shopv2&from=wxapp&c=entry&a=wxapp&do=main&&state=we7sid-4afe36fd944fcc74e7303cb9dc888fdc&sign=96cb2ac4db5cc5cbdbae9644764e551d pn=upload; op=order; orderid=14720; 
上传
[2018-08-15 17:12:13] trace  /app/index.php?i=1&uniacid=1&t=undefined&v=1.3&m=ewei_shopv2&from=wxapp&c=entry&a=wxapp&do=main&&state=we7sid-78a87bb9e569aa0fd6702daacf4730fb&sign=6f1c33ebeb6170292509a3f488d0651e pn=upload; op=order; orderid=14721; 
上传
[2018-08-15 17:19:32] trace  /app/index.php?i=1&uniacid=1&t=undefined&v=1.3&m=ewei_shopv2&from=wxapp&c=entry&a=wxapp&do=main&&state=we7sid-f59ce95df99388ca97c007715675300e&sign=ffcba424a080b581c4f9bc50ada429d4 pn=upload; op=order; orderid=14722; 
上传
[2018-08-15 17:31:12] trace  /app/index.php?i=1&uniacid=1&t=undefined&v=1.3&m=ewei_shopv2&from=wxapp&c=entry&a=wxapp&do=main&&state=we7sid-23bba3239e657e550412662726eddf82&sign=e1b2f2cec56f4ceeb73a23d2de7e04ef pn=upload; op=order; orderid=14723; 
上传
[2018-08-15 17:33:01] trace  /app/index.php?i=1&uniacid=1&t=undefined&v=1.3&m=ewei_shopv2&from=wxapp&c=entry&a=wxapp&do=main&&state=we7sid-a8bcc13b6ab93a1ab73970b1e5ceafd0&sign=55ad43dc49358e4bfc7435f7f084cc23 pn=upload; op=order; orderid=14724; 
上传
[2018-08-15 17:54:49] trace  /app/index.php?i=1&uniacid=1&t=undefined&v=1.3&m=ewei_shopv2&from=wxapp&c=entry&a=wxapp&do=main&&state=we7sid-d8d5d7caccb2f0c8cce80ca2ac8a0de5&sign=186fbd2d7ba70c13144e41bf60dd3b0e pn=upload; op=order; orderid=14725; 
上传
[2018-08-15 18:01:06] trace  /app/index.php?i=1&uniacid=1&t=undefined&v=1.3&m=ewei_shopv2&from=wxapp&c=entry&a=wxapp&do=main&&state=we7sid-f2d0ff1f1baffb6b117c83e65f287b6b&sign=989d9b942ebbc1eb6f56ea96359ab1ed pn=upload; op=order; orderid=14726; 
上传
[2018-08-15 18:08:31] trace  /app/index.php?i=1&uniacid=1&t=undefined&v=1.3&m=ewei_shopv2&from=wxapp&c=entry&a=wxapp&do=main&&state=we7sid-bfa3e8b2c0e4f4ce3d12785e3bbbc9a2&sign=5637889b70538b5d8754c46b932fe335 pn=upload; op=order; orderid=14727; 
上传
[2018-08-15 18:15:25] trace  /app/index.php?i=1&uniacid=1&t=undefined&v=1.3&m=ewei_shopv2&from=wxapp&c=entry&a=wxapp&do=main&&state=we7sid-61b9392edb9b9c42f9a27b21929a4734&sign=eb0b57f2d39f7d4fa87022fbd1d36ab7 pn=upload; op=order; orderid=14728; 
上传
[2018-08-15 18:16:07] trace  /app/index.php?i=1&uniacid=1&t=undefined&v=1.3&m=ewei_shopv2&from=wxapp&c=entry&a=wxapp&do=main&&state=we7sid-61b9392edb9b9c42f9a27b21929a4734&sign=eb0b57f2d39f7d4fa87022fbd1d36ab7 pn=upload; op=order; orderid=14729; 
上传
[2018-08-15 19:13:19] trace  /app/index.php?i=1&uniacid=1&t=undefined&v=1.3&m=ewei_shopv2&from=wxapp&c=entry&a=wxapp&do=main&&state=we7sid-7f7898a210ebc9ae1a87f97c6e01cc6b&sign=458835436cfa04d7b061d4bd28ce9800 op=order; pn=upload; orderid=14730; 
上传
[2018-08-15 19:20:13] trace  /app/index.php?i=1&uniacid=1&t=undefined&v=1.3&m=ewei_shopv2&from=wxapp&c=entry&a=wxapp&do=main&&state=we7sid-3b37f27add1560658a06958e8228df9b&sign=1ab2ee20c48057a46b5a3319f6baec2d pn=upload; op=order; orderid=14731; 
上传
[2018-08-15 19:25:08] trace  /app/index.php?i=1&uniacid=1&t=undefined&v=1.3&m=ewei_shopv2&from=wxapp&c=entry&a=wxapp&do=main&&state=we7sid-14229d7bd868b18763bf5f0ab569bf1e&sign=efe1604357008d4bb2a76ede8aad8e51 pn=upload; op=order; orderid=14732; 
上传
[2018-08-15 20:16:39] trace  /app/index.php?i=1&uniacid=1&t=undefined&v=1.3&m=ewei_shopv2&from=wxapp&c=entry&a=wxapp&do=main&&state=we7sid-94f085b3f5efec2e9623c2715264f46f&sign=47c14bf4ed9b72cae70d542f7437001c pn=upload; op=order; orderid=14733; 
上传
[2018-08-15 20:17:00] trace  /app/index.php?i=1&uniacid=1&t=undefined&v=1.3&m=ewei_shopv2&from=wxapp&c=entry&a=wxapp&do=main&&state=we7sid-3d18eeb98f771d87104f25c167c95978&sign=b42b93be527f7783c88f6c556333c857 pn=upload; op=order; orderid=14734; 
上传
[2018-08-15 20:24:21] trace  /app/index.php?i=1&uniacid=1&t=undefined&v=1.3&m=ewei_shopv2&from=wxapp&c=entry&a=wxapp&do=main&&state=we7sid-ce97a780c17300c73be677d9aae5c870&sign=4b75deeb424e64446f0cf0d5795bf5db pn=upload; op=order; orderid=14735; 
上传
[2018-08-15 20:27:21] trace  /app/index.php?i=1&uniacid=1&t=undefined&v=1.3&m=ewei_shopv2&from=wxapp&c=entry&a=wxapp&do=main&&state=we7sid-ea324527db5053c11ede5b48a896d64e&sign=39fc367e68eff1d911305131b0e1c7fa pn=upload; op=order; orderid=14736; 
上传
[2018-08-15 20:31:54] trace  /app/index.php?i=1&uniacid=1&t=undefined&v=1.3&m=ewei_shopv2&from=wxapp&c=entry&a=wxapp&do=main&&state=we7sid-349dae3661ecc041fea9d874aebeccfd&sign=01f380dc0274121f0f86579c88cc124a pn=upload; op=order; orderid=14737; 
上传
[2018-08-15 20:34:24] trace  /app/index.php?i=1&uniacid=1&t=undefined&v=1.3&m=ewei_shopv2&from=wxapp&c=entry&a=wxapp&do=main&&state=we7sid-2e73a134595a70dfb6c56ab96d11434b&sign=9097747e0f68906f1900c14b3e5b9fba op=order; pn=upload; orderid=14738; 
上传
[2018-08-15 20:47:53] trace  /app/index.php?i=1&uniacid=1&t=undefined&v=1.3&m=ewei_shopv2&from=wxapp&c=entry&a=wxapp&do=main&&state=we7sid-3aa41ffa0e2d8a5ebabf7788a92dcd31&sign=a57e945801bd35c4ec14643b77d1bf83 pn=upload; op=order; orderid=14739; 
上传
[2018-08-15 21:03:42] trace  /app/index.php?i=1&uniacid=1&t=undefined&v=1.3&m=ewei_shopv2&from=wxapp&c=entry&a=wxapp&do=main&&state=we7sid-ea324527db5053c11ede5b48a896d64e&sign=39fc367e68eff1d911305131b0e1c7fa pn=upload; op=order; orderid=14740; 
上传
[2018-08-15 21:17:17] trace  /app/index.php?i=1&uniacid=1&t=undefined&v=1.3&m=ewei_shopv2&from=wxapp&c=entry&a=wxapp&do=main&&state=we7sid-3039069fd2023662304c86ccc0f9d46e&sign=f539ea353c3c8f1e0d323a8dd2ab03c8 pn=upload; op=order; orderid=14743; 
上传
[2018-08-15 21:22:29] trace  /app/index.php?i=1&uniacid=1&t=undefined&v=1.3&m=ewei_shopv2&from=wxapp&c=entry&a=wxapp&do=main&&state=we7sid-d63fa949a834edc3e79856ce6ca0584b&sign=285b07199372139a5ef1b703b3bc088b pn=upload; op=order; orderid=14744; 
上传
[2018-08-15 21:24:01] trace  /app/index.php?i=1&uniacid=1&t=undefined&v=1.3&m=ewei_shopv2&from=wxapp&c=entry&a=wxapp&do=main&&state=we7sid-24d71789e6b838d26bcec4d4594f7ac9&sign=9c1a7b549c78e79bf7ab99fa34f8c1da pn=upload; op=order; orderid=14745; 
上传
[2018-08-15 21:25:06] trace  /app/index.php?i=1&uniacid=1&t=undefined&v=1.3&m=ewei_shopv2&from=wxapp&c=entry&a=wxapp&do=main&&state=we7sid-3039069fd2023662304c86ccc0f9d46e&sign=f539ea353c3c8f1e0d323a8dd2ab03c8 pn=upload; op=order; orderid=14746; 
上传
[2018-08-15 21:25:30] trace  /app/index.php?i=1&uniacid=1&t=undefined&v=1.3&m=ewei_shopv2&from=wxapp&c=entry&a=wxapp&do=main&&state=we7sid-3039069fd2023662304c86ccc0f9d46e&sign=f539ea353c3c8f1e0d323a8dd2ab03c8 pn=upload; op=order; orderid=14747; 
上传
[2018-08-15 21:54:42] trace  /app/index.php?i=1&uniacid=1&t=undefined&v=1.3&m=ewei_shopv2&from=wxapp&c=entry&a=wxapp&do=main&&state=we7sid-4df1af71c3b1d3d16935f5af313af932&sign=ada28c8d1c419a9e2b23a1926f977f9d pn=upload; op=order; orderid=14748; 
上传
[2018-08-15 22:06:00] trace  /app/index.php?i=1&uniacid=1&t=undefined&v=1.3&m=ewei_shopv2&from=wxapp&c=entry&a=wxapp&do=main&&state=we7sid-705c5ff5096e5438713aef0dc4589ea7&sign=47eed99edcf60649dd6803186c76aa62 pn=upload; op=order; orderid=14749; 
上传
[2018-08-15 22:12:46] trace  /app/index.php?i=1&uniacid=1&t=undefined&v=1.3&m=ewei_shopv2&from=wxapp&c=entry&a=wxapp&do=main&&state=we7sid-ed88710214d60ed33c9cc9adc696e12e&sign=acfdc8247d83ba32954f45aa8de20cd0 pn=upload; op=order; orderid=14750; 
上传
[2018-08-15 22:20:16] trace  /app/index.php?i=1&uniacid=1&t=undefined&v=1.3&m=ewei_shopv2&from=wxapp&c=entry&a=wxapp&do=main&&state=we7sid-7354e2ddc2beb442d7f30dc95b847a43&sign=6763b87991d3df61d6843408d21d7b0c pn=upload; op=order; orderid=14751; 
上传
[2018-08-15 22:28:24] trace  /app/index.php?i=1&uniacid=1&t=undefined&v=1.3&m=ewei_shopv2&from=wxapp&c=entry&a=wxapp&do=main&&state=we7sid-8a0415056dd49a66ed65a4c0983c2f0b&sign=00eb593007098421dbd333bf0dbef2ac pn=upload; op=order; orderid=14752; 
上传
[2018-08-15 22:46:19] trace  /app/index.php?i=1&uniacid=1&t=undefined&v=1.3&m=ewei_shopv2&from=wxapp&c=entry&a=wxapp&do=main&&state=we7sid-30a98528382c1fabf3f93ba421c3df4e&sign=68003e2b13218dc6d2017fadedfbcf42 op=order; orderid=14753; pn=upload; 
上传
[2018-08-15 22:54:02] trace  /app/index.php?i=1&uniacid=1&t=undefined&v=1.3&m=ewei_shopv2&from=wxapp&c=entry&a=wxapp&do=main&&state=we7sid-78e6e4b9542261d16189eabc15c6c02d&sign=e3a2282b3ba3b5bac59cb21595d0dc7c op=order; orderid=14754; pn=upload; 
上传
[2018-08-15 23:09:27] trace  /app/index.php?i=1&uniacid=1&t=undefined&v=1.3&m=ewei_shopv2&from=wxapp&c=entry&a=wxapp&do=main&&state=we7sid-58714c00abde458128d92b47e4c4edc8&sign=39f79ae22b65e6ab8e664312ede156e3 pn=upload; op=order; orderid=14755; 
上传
[2018-08-15 23:16:41] trace  /app/index.php?i=1&uniacid=1&t=undefined&v=1.3&m=ewei_shopv2&from=wxapp&c=entry&a=wxapp&do=main&&state=we7sid-40fec0105937f267c6e7f181e7c2c21f&sign=4ddc3d16166b9f406304055f515699e8 pn=upload; op=order; orderid=14756; 
上传
[2018-08-15 23:16:48] trace  /app/index.php?i=1&uniacid=1&t=undefined&v=1.3&m=ewei_shopv2&from=wxapp&c=entry&a=wxapp&do=main&&state=we7sid-40fec0105937f267c6e7f181e7c2c21f&sign=4ddc3d16166b9f406304055f515699e8 pn=upload; op=order; orderid=14757; 
上传
[2018-08-15 23:42:29] trace  /app/index.php?i=1&uniacid=1&t=undefined&v=1.3&m=ewei_shopv2&from=wxapp&c=entry&a=wxapp&do=main&&state=we7sid-7688c533c3bb3001250922c1bbad3b4e&sign=d8eec76a6d56aff798cb4bf04fad12e7 pn=upload; op=order; orderid=14758; 
上传
[2018-08-15 23:45:36] trace  /app/index.php?i=1&uniacid=1&t=undefined&v=1.3&m=ewei_shopv2&from=wxapp&c=entry&a=wxapp&do=main&&state=we7sid-7688c533c3bb3001250922c1bbad3b4e&sign=d8eec76a6d56aff798cb4bf04fad12e7 pn=upload; op=order; orderid=14759; 
上传
[2018-08-15 23:53:50] trace  /app/index.php?i=1&uniacid=1&t=undefined&v=1.3&m=ewei_shopv2&from=wxapp&c=entry&a=wxapp&do=main&&state=we7sid-7688c533c3bb3001250922c1bbad3b4e&sign=d8eec76a6d56aff798cb4bf04fad12e7 pn=upload; op=order; orderid=14760; 
上传
[2018-08-15 23:56:51] trace  /app/index.php?i=1&uniacid=1&t=undefined&v=1.3&m=ewei_shopv2&from=wxapp&c=entry&a=wxapp&do=main&&state=we7sid-87eedc0e2c0c3aeb4ae7aa6bf29c1d07&sign=17028c4a28a00b7dbba7cd92ff8a263c pn=upload; op=order; orderid=14761; 
上传
