[2018-09-09 00:31:44] trace  /app/index.php?i=1&uniacid=1&t=undefined&v=1.3&m=ewei_shopv2&from=wxapp&c=entry&a=wxapp&do=main&&state=we7sid-931e01b5682f8d1fb0678436971c01c7&sign=c5579a7ad84ca462d4bd536fffa3c9b2 pn=upload; op=order; orderid=16774; 
上传
[2018-09-09 00:33:02] trace  /app/index.php?i=1&uniacid=1&t=undefined&v=1.3&m=ewei_shopv2&from=wxapp&c=entry&a=wxapp&do=main&&state=we7sid-94041805c355c31c6a0da9c54d7b10a7&sign=c19ee3b19f6a7cb9c476a5df5b55c0f6 pn=upload; op=order; orderid=16775; 
上传
[2018-09-09 01:40:25] trace  /app/index.php?i=1&uniacid=1&t=undefined&v=1.3&m=ewei_shopv2&from=wxapp&c=entry&a=wxapp&do=main&&state=we7sid-6e7bd6e31df9ad979b462b4904d8cbbb&sign=6377e109f3850126c180c495a47137bf pn=upload; op=order; orderid=16776; 
上传
[2018-09-09 03:52:05] trace  /app/index.php?i=1&uniacid=1&t=undefined&v=1.3&m=ewei_shopv2&from=wxapp&c=entry&a=wxapp&do=main&&state=we7sid-5b472e5834205cdc79f2f3f3ea180fec&sign=3eb30467e3068861933a955e92b8396c pn=upload; op=order; orderid=16777; 
上传
[2018-09-09 06:59:04] trace  /app/index.php?i=1&uniacid=1&t=undefined&v=1.3&m=ewei_shopv2&from=wxapp&c=entry&a=wxapp&do=main&&state=we7sid-dec79834149649e323add97be7bee399&sign=242c8887da146f98b0eae07ff4fa334d op=order; pn=upload; orderid=16778; 
上传
[2018-09-09 07:12:35] trace  /app/index.php?i=1&uniacid=1&t=undefined&v=1.3&m=ewei_shopv2&from=wxapp&c=entry&a=wxapp&do=main&&state=we7sid-ea0c3b7c54a7f872e4364b6809cde382&sign=809bdcb55f52c06ab2d840de524cff70 pn=upload; op=order; orderid=16779; 
上传
[2018-09-09 08:38:47] trace  /app/index.php?i=1&uniacid=1&t=undefined&v=1.3&m=ewei_shopv2&from=wxapp&c=entry&a=wxapp&do=main&&state=we7sid-685bdfc970000cb62698106ce6ff5246&sign=92ce5cdfc91483ebf0c6e4c4476634aa pn=upload; op=order; orderid=16780; 
上传
[2018-09-09 08:52:28] trace  /app/index.php?i=1&uniacid=1&t=undefined&v=1.3&m=ewei_shopv2&from=wxapp&c=entry&a=wxapp&do=main&&state=we7sid-e8e0afc2b0acd9a6c5fbb04619536b94&sign=33506b718a6112dba511f135526d371a pn=upload; op=order; orderid=16781; 
上传
[2018-09-09 09:21:52] trace  /app/index.php?i=1&uniacid=1&t=undefined&v=1.3&m=ewei_shopv2&from=wxapp&c=entry&a=wxapp&do=main&&state=we7sid-c5be2bedc3bf5a2fe6a992ef423d5fb8&sign=43d3fb92cb3a2792d508cbbfd4689f23 pn=upload; op=order; orderid=16782; 
上传
[2018-09-09 10:42:27] trace  /app/index.php?i=1&uniacid=1&t=undefined&v=1.3&m=ewei_shopv2&from=wxapp&c=entry&a=wxapp&do=main&&state=we7sid-dbdef35a53524ea8fbac56fd38d762ea&sign=5842190454dd17cf08c8ed2d8f1b71cb pn=upload; op=order; orderid=16783; 
上传
[2018-09-09 10:56:31] trace  /app/index.php?i=1&uniacid=1&t=undefined&v=1.3&m=ewei_shopv2&from=wxapp&c=entry&a=wxapp&do=main&&state=we7sid-04d564d19793a1726595ea81e31b9568&sign=528476e1fc244a293f37fe88aa9adb3a op=order; orderid=16784; pn=upload; 
上传
[2018-09-09 11:12:35] trace  /app/index.php?i=1&uniacid=1&t=undefined&v=1.3&m=ewei_shopv2&from=wxapp&c=entry&a=wxapp&do=main&&state=we7sid-2410273f2ed742b495d903111ac252da&sign=a49c418bf0b5f771ada9797ce2fcf78b pn=upload; op=order; orderid=16785; 
上传
[2018-09-09 11:20:52] trace  /app/index.php?i=1&uniacid=1&t=undefined&v=1.3&m=ewei_shopv2&from=wxapp&c=entry&a=wxapp&do=main&&state=we7sid-c60a62bac6c877ebfd1bbf47f5d27856&sign=b99a1e30fc40e574fa03f62977f7e11c pn=upload; op=order; orderid=16786; 
上传
[2018-09-09 12:03:29] trace  /app/index.php?i=1&uniacid=1&t=undefined&v=1.3&m=ewei_shopv2&from=wxapp&c=entry&a=wxapp&do=main&&state=we7sid-785c63cd726e817e7799bddb42d94efd&sign=165064792cf39d07c9c02552063f4f48 pn=upload; op=order; orderid=16788; 
上传
[2018-09-09 12:08:28] trace  /app/index.php?i=1&uniacid=1&t=undefined&v=1.3&m=ewei_shopv2&from=wxapp&c=entry&a=wxapp&do=main&&state=we7sid-9eeb6c0a693f8a74f88fbfebc835b68f&sign=3983e013a27be5da468c682e08b6f212 pn=upload; op=order; orderid=16789; 
上传
[2018-09-09 12:15:19] trace  /app/index.php?i=1&uniacid=1&t=undefined&v=1.3&m=ewei_shopv2&from=wxapp&c=entry&a=wxapp&do=main&&state=we7sid-785c63cd726e817e7799bddb42d94efd&sign=165064792cf39d07c9c02552063f4f48 pn=upload; op=order; orderid=16790; 
上传
[2018-09-09 13:13:48] trace  /app/index.php?i=1&uniacid=1&t=undefined&v=1.3&m=ewei_shopv2&from=wxapp&c=entry&a=wxapp&do=main&&state=we7sid-91acc7ac299707156538f78a953ecda6&sign=72bb7db5d39bfb2af679eb24ead4826d pn=upload; op=order; orderid=16791; 
上传
[2018-09-09 13:30:07] trace  /app/index.php?i=1&uniacid=1&t=undefined&v=1.3&m=ewei_shopv2&from=wxapp&c=entry&a=wxapp&do=main&&state=we7sid-a90a13b25e85e130470bd8ababa35eab&sign=c258b174097a712eddd76b634e1f340a pn=upload; op=order; orderid=16792; 
上传
[2018-09-09 13:31:02] trace  /app/index.php?i=1&uniacid=1&t=undefined&v=1.3&m=ewei_shopv2&from=wxapp&c=entry&a=wxapp&do=main&&state=we7sid-4fdc6fd877dac20015f30823b7d8de68&sign=556a7da7cd9e8f81d73be4e55a85cc07 op=order; pn=upload; orderid=16793; 
上传
[2018-09-09 13:38:07] trace  /app/index.php?i=1&uniacid=1&t=undefined&v=1.3&m=ewei_shopv2&from=wxapp&c=entry&a=wxapp&do=main&&state=we7sid-a876ae7b4f6a5c8d92cdff576b7e6aa5&sign=f039cd5afa92921571190a6df16cd5c8 pn=upload; op=order; orderid=16794; 
上传
[2018-09-09 13:42:23] trace  /app/index.php?i=1&uniacid=1&t=undefined&v=1.3&m=ewei_shopv2&from=wxapp&c=entry&a=wxapp&do=main&&state=we7sid-c86c44bebe401851eadf1c6f6ccde55b&sign=fe007f85cb4a1a9192571747faa22bf0 pn=upload; op=order; orderid=16795; 
上传
[2018-09-09 13:42:48] trace  /app/index.php?i=1&uniacid=1&t=undefined&v=1.3&m=ewei_shopv2&from=wxapp&c=entry&a=wxapp&do=main&&state=we7sid-6d70c2a4e99f0e7bb6b9b89f87e3500f&sign=f0754f07f67d09054370580f52366d36 pn=upload; op=order; orderid=16796; 
上传
[2018-09-09 13:42:55] trace  /app/index.php?i=1&uniacid=1&t=undefined&v=1.3&m=ewei_shopv2&from=wxapp&c=entry&a=wxapp&do=main&&state=we7sid-6d70c2a4e99f0e7bb6b9b89f87e3500f&sign=f0754f07f67d09054370580f52366d36 pn=upload; op=order; orderid=16797; 
上传
[2018-09-09 13:44:47] trace  /app/index.php?i=1&uniacid=1&t=undefined&v=1.3&m=ewei_shopv2&from=wxapp&c=entry&a=wxapp&do=main&&state=we7sid-a876ae7b4f6a5c8d92cdff576b7e6aa5&sign=f039cd5afa92921571190a6df16cd5c8 pn=upload; op=order; orderid=16798; 
上传
[2018-09-09 13:49:38] trace  /app/index.php?i=1&uniacid=1&t=undefined&v=1.3&m=ewei_shopv2&from=wxapp&c=entry&a=wxapp&do=main&&state=we7sid-881fef97b5399b524b492b6e08953e32&sign=6b7c9642e254d7328830823d263dfa46 pn=upload; op=order; orderid=16799; 
上传
[2018-09-09 13:54:36] trace  /app/index.php?i=1&uniacid=1&t=undefined&v=1.3&m=ewei_shopv2&from=wxapp&c=entry&a=wxapp&do=main&&state=we7sid-c1a3274b7a79c71911d5e345a20e3c2b&sign=d47a353fba9fbb93b015ae5ba30e2f56 pn=upload; op=order; orderid=16800; 
上传
[2018-09-09 13:57:35] trace  /app/index.php?i=1&uniacid=1&t=undefined&v=1.3&m=ewei_shopv2&from=wxapp&c=entry&a=wxapp&do=main&&state=we7sid-c82aefe46c8304a1b4a99b943c6c2d40&sign=b90d14084a4b9822e778e80914415125 pn=upload; op=order; orderid=16801; 
上传
[2018-09-09 14:08:19] trace  /app/index.php?i=1&uniacid=1&t=undefined&v=1.3&m=ewei_shopv2&from=wxapp&c=entry&a=wxapp&do=main&&state=we7sid-353a1d934f15ee87b01c3e1184bb031c&sign=9c38fa74c4e5f9b1b87b27f5f8fffd16 pn=upload; op=order; orderid=16802; 
上传
[2018-09-09 14:43:33] trace  /app/index.php?i=1&uniacid=1&t=undefined&v=1.3&m=ewei_shopv2&from=wxapp&c=entry&a=wxapp&do=main&&state=we7sid-1d97a436f8eba4a050d2dd206d89fba6&sign=fa3fe2e2562f11b15a9e591fc916104c pn=upload; op=order; orderid=16803; 
上传
[2018-09-09 14:47:03] trace  /app/index.php?i=1&uniacid=1&t=undefined&v=1.3&m=ewei_shopv2&from=wxapp&c=entry&a=wxapp&do=main&&state=we7sid-c9f3666f3940852d8f15dff6b77b9dd6&sign=ea57d0c256ca6ce8eaf780849cdf7225 pn=upload; op=order; orderid=16804; 
上传
[2018-09-09 14:54:08] trace  /app/index.php?i=1&uniacid=1&t=undefined&v=1.3&m=ewei_shopv2&from=wxapp&c=entry&a=wxapp&do=main&&state=we7sid-a2715b34b54931e70dc3bd47874ae350&sign=d1b368597fab14d84c6c6afea80247df pn=upload; op=order; orderid=16805; 
上传
[2018-09-09 15:03:47] trace  /app/index.php?i=1&uniacid=1&t=undefined&v=1.3&m=ewei_shopv2&from=wxapp&c=entry&a=wxapp&do=main&&state=we7sid-4ea9bb3c7d59a9ae600628945b0f89fd&sign=80d1439c64d2d2027e5bc780f8783b4a op=order; pn=upload; orderid=16806; 
上传
[2018-09-09 15:20:17] trace  /app/index.php?i=1&uniacid=1&t=undefined&v=1.3&m=ewei_shopv2&from=wxapp&c=entry&a=wxapp&do=main&&state=we7sid-da3295486949830a782f5cac020a59ba&sign=a06fbab6c0665b3e61e6316997b53398 pn=upload; op=order; orderid=16807; 
上传
[2018-09-09 15:21:33] trace  /app/index.php?i=1&uniacid=1&t=undefined&v=1.3&m=ewei_shopv2&from=wxapp&c=entry&a=wxapp&do=main&&state=we7sid-c7227bf09929069874c94a77ac8e5517&sign=0b06d192ff0702b7befeeb77da9da405 pn=upload; op=order; orderid=16808; 
上传
[2018-09-09 15:32:46] trace  /app/index.php?i=1&uniacid=1&t=undefined&v=1.3&m=ewei_shopv2&from=wxapp&c=entry&a=wxapp&do=main&&state=we7sid-a1c264a0a80905cb0bd1be8737171eda&sign=37adf61fdf9fa4088f891d53d4fc84b9 op=order; orderid=16809; pn=upload; 
上传
[2018-09-09 15:46:15] trace  /app/index.php?i=1&uniacid=1&t=undefined&v=1.3&m=ewei_shopv2&from=wxapp&c=entry&a=wxapp&do=main&&state=we7sid-20f8d69b712918d244c315def1301384&sign=393af32adc27bd2390ad95646a740a63 pn=upload; op=order; orderid=16810; 
上传
[2018-09-09 16:21:59] trace  /app/index.php?i=1&uniacid=1&t=undefined&v=1.3&m=ewei_shopv2&from=wxapp&c=entry&a=wxapp&do=main&&state=we7sid-c5a3be44fa858777305e4b59ee6ab480&sign=995fcd602e88ed055afb16e7e8bf56e0 pn=upload; op=order; orderid=16811; 
上传
[2018-09-09 16:42:34] trace  /app/index.php?i=1&uniacid=1&t=undefined&v=1.3&m=ewei_shopv2&from=wxapp&c=entry&a=wxapp&do=main&&state=we7sid-87388d8e7b11c60156f07a0cb1b45ac7&sign=3e817e9986e372689c7f32cfe5d6b271 pn=upload; op=order; orderid=16812; 
上传
[2018-09-09 16:55:14] trace  /app/index.php?i=1&uniacid=1&t=undefined&v=1.3&m=ewei_shopv2&from=wxapp&c=entry&a=wxapp&do=main&&state=we7sid-6b3a147c31fdae9946aa42fe70669378&sign=98774d36590a8e0267c5245fc85397e2 pn=upload; op=order; orderid=16813; 
上传
[2018-09-09 16:55:36] trace  /app/index.php?i=1&uniacid=1&t=undefined&v=1.3&m=ewei_shopv2&from=wxapp&c=entry&a=wxapp&do=main&&state=we7sid-6b3a147c31fdae9946aa42fe70669378&sign=98774d36590a8e0267c5245fc85397e2 pn=upload; op=order; orderid=16814; 
上传
[2018-09-09 17:47:27] trace  /app/index.php?i=1&uniacid=1&t=undefined&v=1.3&m=ewei_shopv2&from=wxapp&c=entry&a=wxapp&do=main&&state=we7sid-0ffebda7d9545b016d8df1de4ffc3b0a&sign=1a219bad794a2795b5af2eca05cd0482 pn=upload; op=order; orderid=16815; 
上传
[2018-09-09 17:47:54] trace  /app/index.php?i=1&uniacid=1&t=undefined&v=1.3&m=ewei_shopv2&from=wxapp&c=entry&a=wxapp&do=main&&state=we7sid-0ffebda7d9545b016d8df1de4ffc3b0a&sign=1a219bad794a2795b5af2eca05cd0482 pn=upload; op=order; orderid=16816; 
上传
[2018-09-09 17:48:41] trace  /app/index.php?i=1&uniacid=1&t=undefined&v=1.3&m=ewei_shopv2&from=wxapp&c=entry&a=wxapp&do=main&&state=we7sid-e7b003b3a3f6ce78fd0b4a8afe14fcc9&sign=891cfc833453aeaa32427fe32f2e5008 pn=upload; op=order; orderid=16817; 
上传
[2018-09-09 17:55:10] trace  /app/index.php?i=1&uniacid=1&t=undefined&v=1.3&m=ewei_shopv2&from=wxapp&c=entry&a=wxapp&do=main&&state=we7sid-0c6861e9f64a7444f40b227468069e86&sign=dea6c4b31bdd19dbd426e660fcad53bc pn=upload; op=order; orderid=16818; 
上传
[2018-09-09 18:05:27] trace  /app/index.php?i=1&uniacid=1&t=undefined&v=1.3&m=ewei_shopv2&from=wxapp&c=entry&a=wxapp&do=main&&state=we7sid-3f0d1c76227114451a1d0844c95e2539&sign=7b180dabf90814670035b722e0b13e2c pn=upload; op=order; orderid=16819; 
上传
[2018-09-09 18:43:24] trace  /app/index.php?i=1&uniacid=1&t=undefined&v=1.3&m=ewei_shopv2&from=wxapp&c=entry&a=wxapp&do=main&&state=we7sid-468d6bdfa810f74f896197a313cf1448&sign=d5aeb6b594abac24d5b75791e4966cdf pn=upload; op=order; orderid=16820; 
上传
[2018-09-09 18:59:47] trace  /app/index.php?i=1&uniacid=1&t=undefined&v=1.3&m=ewei_shopv2&from=wxapp&c=entry&a=wxapp&do=main&&state=we7sid-9867ddc760ac7a69a75ae98d6bcb8d70&sign=d83633f75191b9786102bd085f928fce op=order; orderid=16821; pn=upload; 
上传
[2018-09-09 19:00:18] trace  /app/index.php?i=1&uniacid=1&t=undefined&v=1.3&m=ewei_shopv2&from=wxapp&c=entry&a=wxapp&do=main&&state=we7sid-501e3447a64ad2d597d9942e7fefdfbe&sign=b185b0cf223593a49cfa97e2d154e9dd pn=upload; op=order; orderid=16822; 
上传
[2018-09-09 19:10:19] trace  /app/index.php?i=1&uniacid=1&t=undefined&v=1.3&m=ewei_shopv2&from=wxapp&c=entry&a=wxapp&do=main&&state=we7sid-9b6058258296ae282e6610dfb0b242ce&sign=4724e7b298746a7d8e121612cf12fc60 op=order; orderid=16823; pn=upload; 
上传
[2018-09-09 19:28:07] trace  /app/index.php?i=1&uniacid=1&t=undefined&v=1.3&m=ewei_shopv2&from=wxapp&c=entry&a=wxapp&do=main&&state=we7sid-07059317bbb51510475168983ea83195&sign=25b8467812378580ddc9c0ff3c6e374b pn=upload; op=order; orderid=16824; 
上传
[2018-09-09 19:53:25] trace  /app/index.php?i=1&uniacid=1&t=undefined&v=1.3&m=ewei_shopv2&from=wxapp&c=entry&a=wxapp&do=main&&state=we7sid-1a13254fe0c17aa28ad25e425a536acd&sign=a711ffe65948939a57ee0aeb53baace8 pn=upload; op=order; orderid=16825; 
上传
[2018-09-09 19:59:39] trace  /app/index.php?i=1&uniacid=1&t=undefined&v=1.3&m=ewei_shopv2&from=wxapp&c=entry&a=wxapp&do=main&&state=we7sid-6f27409bd566b7102a511c388c3e73f0&sign=0e2bf33cad7daf85ce6ccf0b7504e64c pn=upload; op=order; orderid=16826; 
上传
[2018-09-09 20:00:50] trace  /app/index.php?i=1&uniacid=1&t=undefined&v=1.3&m=ewei_shopv2&from=wxapp&c=entry&a=wxapp&do=main&&state=we7sid-059285996ebec6a48264b5922e0e490d&sign=486231fe53eca1c0d552083e10077cb2 pn=upload; op=order; orderid=16827; 
上传
[2018-09-09 20:35:24] trace  /app/index.php?i=1&uniacid=1&t=undefined&v=1.3&m=ewei_shopv2&from=wxapp&c=entry&a=wxapp&do=main&&state=we7sid-271ce770c2e3beb0e1b8aea1f798d61e&sign=358939efd7b1aba2bc936cd0a2f7a56c pn=upload; op=order; orderid=16828; 
上传
[2018-09-09 20:48:26] trace  /app/index.php?i=1&uniacid=1&t=undefined&v=1.3&m=ewei_shopv2&from=wxapp&c=entry&a=wxapp&do=main&&state=we7sid-9cf740486d68cc9c5bab0f52370fed41&sign=f8991bf7a4b3a7c55d9f896a813e9602 pn=upload; op=order; orderid=16829; 
上传
[2018-09-09 20:55:43] trace  /app/index.php?i=1&uniacid=1&t=undefined&v=1.3&m=ewei_shopv2&from=wxapp&c=entry&a=wxapp&do=main&&state=we7sid-9cf740486d68cc9c5bab0f52370fed41&sign=f8991bf7a4b3a7c55d9f896a813e9602 pn=upload; op=order; orderid=16830; 
上传
[2018-09-09 20:58:20] trace  /app/index.php?i=1&uniacid=1&t=undefined&v=1.3&m=ewei_shopv2&from=wxapp&c=entry&a=wxapp&do=main&&state=we7sid-9cf740486d68cc9c5bab0f52370fed41&sign=f8991bf7a4b3a7c55d9f896a813e9602 pn=upload; op=order; orderid=16831; 
上传
[2018-09-09 21:06:14] trace  /app/index.php?i=1&uniacid=1&t=undefined&v=1.3&m=ewei_shopv2&from=wxapp&c=entry&a=wxapp&do=main&&state=we7sid-c5fb77fce8f14dc6e9bcb93b096bfc9a&sign=19ee9127106eb9771990aadbe85069f7 pn=upload; op=order; orderid=16832; 
上传
[2018-09-09 21:24:38] trace  /app/index.php?i=1&uniacid=1&t=undefined&v=1.3&m=ewei_shopv2&from=wxapp&c=entry&a=wxapp&do=main&&state=we7sid-a345c22f27470a7ec07307c8c411bb4a&sign=b9b46cda736b948474016c2f62fa9ac0 pn=upload; op=author; orderid=16419; 
上传
[2018-09-09 21:28:07] trace  /app/index.php?i=1&uniacid=1&t=undefined&v=1.3&m=ewei_shopv2&from=wxapp&c=entry&a=wxapp&do=main&&state=we7sid-8d0aa93299aa7cb96a856a41b3a87e35&sign=7156deb81c6b186c2195dc5961ef4936 pn=upload; op=order; orderid=16833; 
上传
[2018-09-09 21:29:52] trace  /app/index.php?i=1&uniacid=1&t=undefined&v=1.3&m=ewei_shopv2&from=wxapp&c=entry&a=wxapp&do=main&&state=we7sid-a345c22f27470a7ec07307c8c411bb4a&sign=b9b46cda736b948474016c2f62fa9ac0 pn=upload; op=author; orderid=16421; 
上传
[2018-09-09 21:34:49] trace  /app/index.php?i=1&uniacid=1&t=undefined&v=1.3&m=ewei_shopv2&from=wxapp&c=entry&a=wxapp&do=main&&state=we7sid-eb7e025e9679b01ac7ba284f1dc8d2ae&sign=036917cd17f65d011b3697d74504fe73 op=order; orderid=16834; pn=upload; 
上传
[2018-09-09 21:35:14] trace  /app/index.php?i=1&uniacid=1&t=undefined&v=1.3&m=ewei_shopv2&from=wxapp&c=entry&a=wxapp&do=main&&state=we7sid-a345c22f27470a7ec07307c8c411bb4a&sign=b9b46cda736b948474016c2f62fa9ac0 pn=upload; op=author; orderid=16443; 
上传
[2018-09-09 21:40:59] trace  /app/index.php?i=1&uniacid=1&t=undefined&v=1.3&m=ewei_shopv2&from=wxapp&c=entry&a=wxapp&do=main&&state=we7sid-a345c22f27470a7ec07307c8c411bb4a&sign=b9b46cda736b948474016c2f62fa9ac0 pn=upload; op=author; orderid=16447; 
上传
[2018-09-09 21:45:46] trace  /app/index.php?i=1&uniacid=1&t=undefined&v=1.3&m=ewei_shopv2&from=wxapp&c=entry&a=wxapp&do=main&&state=we7sid-a345c22f27470a7ec07307c8c411bb4a&sign=b9b46cda736b948474016c2f62fa9ac0 pn=upload; op=author; orderid=16456; 
上传
[2018-09-09 21:57:51] trace  /app/index.php?i=1&uniacid=1&t=undefined&v=1.3&m=ewei_shopv2&from=wxapp&c=entry&a=wxapp&do=main&&state=we7sid-9fcb39465919b67f03cbdb5df4f47f31&sign=025a4aa5bb152d5a8ed7730650237649 pn=upload; op=order; orderid=16835; 
上传
[2018-09-09 22:02:07] trace  /app/index.php?i=1&uniacid=1&t=undefined&v=1.3&m=ewei_shopv2&from=wxapp&c=entry&a=wxapp&do=main&&state=we7sid-1b35770cab8b89722a94ac70d0f51310&sign=31af8f0db606896d029ba0a8d516d511 pn=upload; op=order; orderid=16836; 
上传
[2018-09-09 22:03:59] trace  /app/index.php?i=1&uniacid=1&t=undefined&v=1.3&m=ewei_shopv2&from=wxapp&c=entry&a=wxapp&do=main&&state=we7sid-551efddf5182abc2e4eb15200cbfde42&sign=f8f8e5840249ad90333cd3f8e9ca9af7 pn=upload; op=order; orderid=16837; 
上传
[2018-09-09 22:05:45] trace  /app/index.php?i=1&uniacid=1&t=undefined&v=1.3&m=ewei_shopv2&from=wxapp&c=entry&a=wxapp&do=main&&state=we7sid-a345c22f27470a7ec07307c8c411bb4a&sign=b9b46cda736b948474016c2f62fa9ac0 pn=upload; op=author; orderid=16463; 
上传
[2018-09-09 22:09:39] trace  /app/index.php?i=1&uniacid=1&t=undefined&v=1.3&m=ewei_shopv2&from=wxapp&c=entry&a=wxapp&do=main&&state=we7sid-b8cf779781bb2d5ab41e2bac01cfa92d&sign=b7f543b3e7e75e718fc027334344c647 pn=upload; op=order; orderid=16838; 
上传
[2018-09-09 22:13:45] trace  /app/index.php?i=1&uniacid=1&t=undefined&v=1.3&m=ewei_shopv2&from=wxapp&c=entry&a=wxapp&do=main&&state=we7sid-a345c22f27470a7ec07307c8c411bb4a&sign=b9b46cda736b948474016c2f62fa9ac0 pn=upload; op=author; orderid=16502; 
上传
[2018-09-09 22:19:26] trace  /app/index.php?i=1&uniacid=1&t=undefined&v=1.3&m=ewei_shopv2&from=wxapp&c=entry&a=wxapp&do=main&&state=we7sid-a345c22f27470a7ec07307c8c411bb4a&sign=b9b46cda736b948474016c2f62fa9ac0 pn=upload; op=author; orderid=16507; 
上传
[2018-09-09 22:27:36] trace  /app/index.php?i=1&uniacid=1&t=undefined&v=1.3&m=ewei_shopv2&from=wxapp&c=entry&a=wxapp&do=main&&state=we7sid-a345c22f27470a7ec07307c8c411bb4a&sign=b9b46cda736b948474016c2f62fa9ac0 pn=upload; op=author; orderid=16511; 
上传
[2018-09-09 22:31:23] trace  /app/index.php?i=1&uniacid=1&t=undefined&v=1.3&m=ewei_shopv2&from=wxapp&c=entry&a=wxapp&do=main&&state=we7sid-a345c22f27470a7ec07307c8c411bb4a&sign=b9b46cda736b948474016c2f62fa9ac0 pn=upload; op=author; orderid=16517; 
上传
[2018-09-09 22:36:39] trace  /app/index.php?i=1&uniacid=1&t=undefined&v=1.3&m=ewei_shopv2&from=wxapp&c=entry&a=wxapp&do=main&&state=we7sid-a345c22f27470a7ec07307c8c411bb4a&sign=b9b46cda736b948474016c2f62fa9ac0 pn=upload; op=author; orderid=16531; 
上传
[2018-09-09 23:35:29] trace  /app/index.php?i=1&uniacid=1&t=undefined&v=1.3&m=ewei_shopv2&from=wxapp&c=entry&a=wxapp&do=main&&state=we7sid-a4e9a5566cab3cf641eca1cf67873624&sign=e9c902844acc9229eb4849d65fbfb4f3 pn=upload; op=order; orderid=16839; 
上传
