[2018-06-05 00:37:00] trace  /app/index.php?i=1&uniacid=1&t=undefined&v=1.3&m=ewei_shopv2&from=wxapp&c=entry&a=wxapp&do=main&&state=we7sid-b534eea06998b99d632f53e0c9f70e97&sign=bbc668d090636ee84e3e1a0ef934c659 pn=upload; op=order; orderid=6709; 
上传
[2018-06-05 00:54:28] trace  /app/index.php?i=1&uniacid=1&t=undefined&v=1.3&m=ewei_shopv2&from=wxapp&c=entry&a=wxapp&do=main&&state=we7sid-3997d3b0ae474221de1352bf9bfc3f0f&sign=d00bb7a07225ab7d9c090784bdce1d03 op=order; orderid=6710; pn=upload; 
上传
[2018-06-05 01:02:11] trace  /app/index.php?i=1&uniacid=1&t=undefined&v=1.3&m=ewei_shopv2&from=wxapp&c=entry&a=wxapp&do=main&&state=we7sid-59da2452bfe3f5ff2d0b1a8a58b4f9a3&sign=37a7b6c804f1873c821ccba08547a2f5 pn=upload; op=author; orderid=6328; 
上传
[2018-06-05 01:09:27] trace  /app/index.php?i=1&uniacid=1&t=undefined&v=1.3&m=ewei_shopv2&from=wxapp&c=entry&a=wxapp&do=main&&state=we7sid-26c2f826815faa9e287369dafd452550&sign=7b77d6448be64da31f458e2fa99444e6 pn=upload; op=order; orderid=6711; 
上传
[2018-06-05 01:10:34] trace  /app/index.php?i=1&uniacid=1&t=undefined&v=1.3&m=ewei_shopv2&from=wxapp&c=entry&a=wxapp&do=main&&state=we7sid-59da2452bfe3f5ff2d0b1a8a58b4f9a3&sign=37a7b6c804f1873c821ccba08547a2f5 pn=upload; op=author; orderid=6406; 
上传
[2018-06-05 01:20:45] trace  /app/index.php?i=1&uniacid=1&t=undefined&v=1.3&m=ewei_shopv2&from=wxapp&c=entry&a=wxapp&do=main&&state=we7sid-59da2452bfe3f5ff2d0b1a8a58b4f9a3&sign=37a7b6c804f1873c821ccba08547a2f5 pn=upload; op=author; orderid=6425; 
上传
[2018-06-05 01:23:38] trace  /app/index.php?i=1&uniacid=1&t=undefined&v=1.3&m=ewei_shopv2&from=wxapp&c=entry&a=wxapp&do=main&&state=we7sid-ae0097fe73f1576503f34c8a5b61a7ff&sign=2c1efe98e9eea64799be5459848e07d1 pn=upload; op=order; orderid=6712; 
上传
[2018-06-05 01:26:37] trace  /app/index.php?i=1&uniacid=1&t=undefined&v=1.3&m=ewei_shopv2&from=wxapp&c=entry&a=wxapp&do=main&&state=we7sid-59da2452bfe3f5ff2d0b1a8a58b4f9a3&sign=37a7b6c804f1873c821ccba08547a2f5 pn=upload; op=author; orderid=6426; 
上传
[2018-06-05 01:37:21] trace  /app/index.php?i=1&uniacid=1&t=undefined&v=1.3&m=ewei_shopv2&from=wxapp&c=entry&a=wxapp&do=main&&state=we7sid-59da2452bfe3f5ff2d0b1a8a58b4f9a3&sign=37a7b6c804f1873c821ccba08547a2f5 pn=upload; op=author; orderid=6462; 
上传
[2018-06-05 01:45:35] trace  /app/index.php?i=1&uniacid=1&t=undefined&v=1.3&m=ewei_shopv2&from=wxapp&c=entry&a=wxapp&do=main&&state=we7sid-59da2452bfe3f5ff2d0b1a8a58b4f9a3&sign=37a7b6c804f1873c821ccba08547a2f5 pn=upload; op=author; orderid=6589; 
上传
[2018-06-05 01:51:50] trace  /app/index.php?i=1&uniacid=1&t=undefined&v=1.3&m=ewei_shopv2&from=wxapp&c=entry&a=wxapp&do=main&&state=we7sid-59da2452bfe3f5ff2d0b1a8a58b4f9a3&sign=37a7b6c804f1873c821ccba08547a2f5 pn=upload; op=author; orderid=6593; 
上传
[2018-06-05 01:56:45] trace  /app/index.php?i=1&uniacid=1&t=undefined&v=1.3&m=ewei_shopv2&from=wxapp&c=entry&a=wxapp&do=main&&state=we7sid-7ff7b084d45802f4403def3cbc915337&sign=af8679258e0c99a9bf03f062c4f5dac0 pn=upload; op=order; orderid=6713; 
上传
[2018-06-05 01:58:59] trace  /app/index.php?i=1&uniacid=1&t=undefined&v=1.3&m=ewei_shopv2&from=wxapp&c=entry&a=wxapp&do=main&&state=we7sid-5f28655a346bc1084a8e2a585d5d325f&sign=1824bf3faba9059babc461de1765c1bb pn=upload; op=order; orderid=6714; 
上传
[2018-06-05 02:07:22] trace  /app/index.php?i=1&uniacid=1&t=undefined&v=1.3&m=ewei_shopv2&from=wxapp&c=entry&a=wxapp&do=main&&state=we7sid-016ca66ab44619c4cfc0f336f9cd3f1b&sign=9fa62eb6c636e16c05f6d7aa6ee99548 pn=upload; op=order; orderid=6715; 
上传
[2018-06-05 02:14:53] trace  /app/index.php?i=1&uniacid=1&t=undefined&v=1.3&m=ewei_shopv2&from=wxapp&c=entry&a=wxapp&do=main&&state=we7sid-d4c92de21823db53b9d5f1970846d835&sign=d02abe073a8e028294715f49a4c178bc pn=upload; op=order; orderid=6716; 
上传
[2018-06-05 02:30:19] trace  /app/index.php?i=1&uniacid=1&t=undefined&v=1.3&m=ewei_shopv2&from=wxapp&c=entry&a=wxapp&do=main&&state=we7sid-273be77fb371e19e2d6f142fcb7c8344&sign=ef56faab8271009d82500999505e2993 pn=upload; op=order; orderid=6717; 
上传
[2018-06-05 06:52:38] trace  /app/index.php?i=1&uniacid=1&t=undefined&v=1.3&m=ewei_shopv2&from=wxapp&c=entry&a=wxapp&do=main&&state=we7sid-8d8333edd6d30a8183721ef727a4ee3b&sign=aecbf2d6cf14af91ec5051b643ecf903 pn=upload; op=order; orderid=6718; 
上传
[2018-06-05 06:56:45] trace  /app/index.php?i=1&uniacid=1&t=undefined&v=1.3&m=ewei_shopv2&from=wxapp&c=entry&a=wxapp&do=main&&state=we7sid-3ea135b3c29591c3beaeffe808a4f918&sign=2c74c9a3d433aee733bfddbf1518d33f pn=upload; op=order; orderid=6719; 
上传
[2018-06-05 08:26:44] trace  /app/index.php?i=1&uniacid=1&t=undefined&v=1.3&m=ewei_shopv2&from=wxapp&c=entry&a=wxapp&do=main&&state=we7sid-5d86310e11f39f76c8e4e492f65befec&sign=0ca6a4ab5836720c155be7a50bb90a6c pn=upload; op=order; orderid=6720; 
上传
[2018-06-05 08:47:35] trace  /app/index.php?i=1&uniacid=1&t=undefined&v=1.3&m=ewei_shopv2&from=wxapp&c=entry&a=wxapp&do=main&&state=we7sid-b2aeb8b3c5e6a13cf5ca2ceacb452af3&sign=b87047c82df2f3238d930a4864ef55e0 pn=upload; op=order; orderid=6721; 
上传
[2018-06-05 09:01:31] trace  /app/index.php?i=1&uniacid=1&t=undefined&v=1.3&m=ewei_shopv2&from=wxapp&c=entry&a=wxapp&do=main&&state=we7sid-bbd0f90a2ca521579e9ac786d6279eab&sign=f60514d75ca3b0a665fd10a6a4169c73 pn=upload; op=order; orderid=6722; 
上传
[2018-06-05 09:33:50] trace  /app/index.php?i=1&uniacid=1&t=undefined&v=1.3&m=ewei_shopv2&from=wxapp&c=entry&a=wxapp&do=main&&state=we7sid-bce7f3dc7bb16743dedd7db6250f0550&sign=f2a6197c33a2486418dd75218c42c72a pn=upload; op=order; orderid=6723; 
上传
[2018-06-05 09:44:23] trace  /app/index.php?i=1&uniacid=1&t=undefined&v=1.3&m=ewei_shopv2&from=wxapp&c=entry&a=wxapp&do=main&&state=we7sid-ebf6e4fb64e80da938de542dfd734e48&sign=851404f397d5c9a570966f4d20ec78b3 op=order; orderid=6724; pn=upload; 
上传
[2018-06-05 09:48:42] trace  /app/index.php?i=1&uniacid=1&t=undefined&v=1.3&m=ewei_shopv2&from=wxapp&c=entry&a=wxapp&do=main&&state=we7sid-ebf6e4fb64e80da938de542dfd734e48&sign=851404f397d5c9a570966f4d20ec78b3 op=order; orderid=6725; pn=upload; 
上传
[2018-06-05 09:54:02] trace  /app/index.php?i=1&uniacid=1&t=undefined&v=1.3&m=ewei_shopv2&from=wxapp&c=entry&a=wxapp&do=main&&state=we7sid-c364746c5eaed2228bbff51168483d6e&sign=d635c9a5f6dd808a7fdc1a1ab7bfbc3b pn=upload; op=order; orderid=6726; 
上传
[2018-06-05 10:01:16] trace  /app/index.php?i=1&uniacid=1&t=undefined&v=1.3&m=ewei_shopv2&from=wxapp&c=entry&a=wxapp&do=main&&state=we7sid-4f3f6058224f8b40619751acc91bd914&sign=5931d57bc09359baf49ef520cff6a0c4 pn=upload; op=order; orderid=6727; 
上传
[2018-06-05 10:12:25] trace  /app/index.php?i=1&uniacid=1&t=undefined&v=1.3&m=ewei_shopv2&from=wxapp&c=entry&a=wxapp&do=main&&state=we7sid-e0f85faab5b016fdc9bc556d98a714fe&sign=7dd53f7d283fd6c7321347ba10799858 pn=upload; op=order; orderid=6728; 
上传
[2018-06-05 10:13:45] trace  /app/index.php?i=1&uniacid=1&t=undefined&v=1.3&m=ewei_shopv2&from=wxapp&c=entry&a=wxapp&do=main&&state=we7sid-1e077341a4c6c2a2c999745a89ba7841&sign=2296e1a14d570b854a7e3a9cb0bb1ee2 pn=upload; op=order; orderid=6729; 
上传
[2018-06-05 10:21:31] trace  /app/index.php?i=1&uniacid=1&t=undefined&v=1.3&m=ewei_shopv2&from=wxapp&c=entry&a=wxapp&do=main&&state=we7sid-a05f288280c27d70d23e2ae2478a7c41&sign=4a15a2c81db67e35d89881cfc23130d7 pn=upload; op=order; orderid=6730; 
上传
[2018-06-05 10:25:27] trace  /app/index.php?i=1&uniacid=1&t=undefined&v=1.3&m=ewei_shopv2&from=wxapp&c=entry&a=wxapp&do=main&&state=we7sid-2eac95437b02fd2238213d028828a4bd&sign=638eeb2f726055e63e47c049e88dcce5 pn=upload; op=order; orderid=6731; 
上传
[2018-06-05 10:35:22] trace  /app/index.php?i=1&uniacid=1&t=undefined&v=1.3&m=ewei_shopv2&from=wxapp&c=entry&a=wxapp&do=main&&state=we7sid-93b98d2d8d4057fb08eaf09981abd81d&sign=6f5c38b4749522476719e2e670e1c4de pn=upload; op=order; orderid=6732; 
上传
[2018-06-05 10:52:41] trace  /app/index.php?i=1&uniacid=1&t=undefined&v=1.3&m=ewei_shopv2&from=wxapp&c=entry&a=wxapp&do=main&&state=we7sid-3544a8b8a4de7f8937409f4d5f6797c8&sign=d29ce84f61dedc35b8b4b9ec8c254123 pn=upload; op=order; orderid=6733; 
上传
[2018-06-05 11:23:42] trace  /app/index.php?i=1&uniacid=1&t=undefined&v=1.3&m=ewei_shopv2&from=wxapp&c=entry&a=wxapp&do=main&&state=we7sid-5251744c4d8238cf5568352f07ca989a&sign=4e12ea91562ef6c4d188970fbe5d600c op=order; orderid=6734; pn=upload; 
上传
[2018-06-05 12:11:02] trace  /app/index.php?i=1&uniacid=1&t=undefined&v=1.3&m=ewei_shopv2&from=wxapp&c=entry&a=wxapp&do=main&&state=we7sid-0fbbd8fa48a657f8b480daf43718558f&sign=bae2dafa6dbab02ac1e2dc9a308d0afb pn=upload; op=order; orderid=6735; 
上传
[2018-06-05 12:14:53] trace  /app/index.php?i=1&uniacid=1&t=undefined&v=1.3&m=ewei_shopv2&from=wxapp&c=entry&a=wxapp&do=main&&state=we7sid-e2695bcf786020f63fac16fd97445b8c&sign=db7eeb0645c8afc0c36f7d1295a706c7 pn=upload; op=order; orderid=6736; 
上传
[2018-06-05 12:28:56] trace  /app/index.php?i=1&uniacid=1&t=undefined&v=1.3&m=ewei_shopv2&from=wxapp&c=entry&a=wxapp&do=main&&state=we7sid-c5cb6ab2e1f242428a7a7de4340e2cac&sign=845cac262ce77c48b5c62a6831b9c035 pn=upload; op=order; orderid=6737; 
上传
[2018-06-05 12:31:56] trace  /app/index.php?i=1&uniacid=1&t=undefined&v=1.3&m=ewei_shopv2&from=wxapp&c=entry&a=wxapp&do=main&&state=we7sid-c5cb6ab2e1f242428a7a7de4340e2cac&sign=845cac262ce77c48b5c62a6831b9c035 pn=upload; op=order; orderid=6738; 
上传
[2018-06-05 12:45:16] trace  /app/index.php?i=1&uniacid=1&t=undefined&v=1.3&m=ewei_shopv2&from=wxapp&c=entry&a=wxapp&do=main&&state=we7sid-1f3fb0d49e490486dfac251d7a03b9fa&sign=2180568bf2753c068434d19b78208f6f pn=upload; op=order; orderid=6739; 
上传
[2018-06-05 12:47:46] trace  /app/index.php?i=1&uniacid=1&t=undefined&v=1.3&m=ewei_shopv2&from=wxapp&c=entry&a=wxapp&do=main&&state=we7sid-31d202822f628e62ae15b23d4cb5d3e6&sign=0fb07f0e7ddf53d018a7d0739aed7ddd pn=upload; op=order; orderid=6740; 
上传
[2018-06-05 12:51:49] trace  /app/index.php?i=1&uniacid=1&t=undefined&v=1.3&m=ewei_shopv2&from=wxapp&c=entry&a=wxapp&do=main&&state=we7sid-87636b77d9a48fb0ea1f932a368634c6&sign=04cec4b3e625db2c9b34f8301a7b427c pn=upload; op=order; orderid=6741; 
上传
[2018-06-05 12:54:34] trace  /app/index.php?i=1&uniacid=1&t=undefined&v=1.3&m=ewei_shopv2&from=wxapp&c=entry&a=wxapp&do=main&&state=we7sid-13bff0417f95705ff58f45a683d5bf2b&sign=27b322a24b38cf33bfd96617b5325bcf pn=upload; op=order; orderid=6742; 
上传
[2018-06-05 13:10:13] trace  /app/index.php?i=1&uniacid=1&t=undefined&v=1.3&m=ewei_shopv2&from=wxapp&c=entry&a=wxapp&do=main&&state=we7sid-2eee203233f20d2f7e91df2c42bbc505&sign=a582baf845c59364ac40c26a5e121100 pn=upload; op=order; orderid=6743; 
上传
[2018-06-05 13:10:26] trace  /app/index.php?i=1&uniacid=1&t=undefined&v=1.3&m=ewei_shopv2&from=wxapp&c=entry&a=wxapp&do=main&&state=we7sid-a739db8d6b72fd86835e920beb4bb83c&sign=e0dac556278ad4d6ea0e1aa52f44636f pn=upload; op=order; orderid=6744; 
上传
[2018-06-05 13:24:23] trace  /app/index.php?i=1&uniacid=1&t=undefined&v=1.3&m=ewei_shopv2&from=wxapp&c=entry&a=wxapp&do=main&&state=we7sid-33da0836d27d9e2c23a162e605b5c1b2&sign=2a2a05394953c5f705dee91440f56d0c op=order; orderid=6745; pn=upload; 
上传
[2018-06-05 13:28:23] trace  /app/index.php?i=1&uniacid=1&t=undefined&v=1.3&m=ewei_shopv2&from=wxapp&c=entry&a=wxapp&do=main&&state=we7sid-96d08326acaff3d1acac4a87ad4e6cdc&sign=519436ce22d7298f130e59cd95cbe27b pn=upload; op=order; orderid=6746; 
上传
[2018-06-05 13:39:37] trace  /app/index.php?i=1&uniacid=1&t=undefined&v=1.3&m=ewei_shopv2&from=wxapp&c=entry&a=wxapp&do=main&&state=we7sid-6c30ef42cb8dee6860f92807a76ea656&sign=3e8ba58ad98ee2172022057ebaf52355 pn=upload; op=order; orderid=6747; 
上传
[2018-06-05 13:43:44] trace  /app/index.php?i=1&uniacid=1&t=undefined&v=1.3&m=ewei_shopv2&from=wxapp&c=entry&a=wxapp&do=main&&state=we7sid-bf9d0112f134bbc405d78755d85ff64a&sign=64cf5668050620847467df8ef3fdd721 pn=upload; op=order; orderid=6748; 
上传
[2018-06-05 14:08:01] trace  /app/index.php?i=1&uniacid=1&t=undefined&v=1.3&m=ewei_shopv2&from=wxapp&c=entry&a=wxapp&do=main&&state=we7sid-96ea36197fa93ec7832c69b42e742c88&sign=3ce9cc069a8712bc4f224363f1139574 pn=upload; op=order; orderid=6749; 
上传
[2018-06-05 14:08:42] trace  /app/index.php?i=1&uniacid=1&t=undefined&v=1.3&m=ewei_shopv2&from=wxapp&c=entry&a=wxapp&do=main&&state=we7sid-d83f81f1590f93ce52fb1561a9e8e35c&sign=8b301b38055807efa8c66b84dc9ada61 pn=upload; op=order; orderid=6750; 
上传
[2018-06-05 14:09:12] trace  /app/index.php?i=1&uniacid=1&t=undefined&v=1.3&m=ewei_shopv2&from=wxapp&c=entry&a=wxapp&do=main&&state=we7sid-d83f81f1590f93ce52fb1561a9e8e35c&sign=8b301b38055807efa8c66b84dc9ada61 pn=upload; op=order; orderid=6751; 
上传
[2018-06-05 14:35:01] trace  /app/index.php?i=1&uniacid=1&t=undefined&v=1.3&m=ewei_shopv2&from=wxapp&c=entry&a=wxapp&do=main&&state=we7sid-08c6fc456343dd8298a171d944fd0857&sign=ae19e9a70e9f777acd170b7bd864fd8b pn=upload; op=order; orderid=6752; 
上传
[2018-06-05 14:48:00] trace  /app/index.php?i=1&uniacid=1&t=undefined&v=1.3&m=ewei_shopv2&from=wxapp&c=entry&a=wxapp&do=main&&state=we7sid-7ee76195e92b90b5422e896ba5559542&sign=91c236f9cccb82b95ee9a84188568fea op=order; orderid=6753; pn=upload; 
上传
[2018-06-05 15:04:51] trace  /app/index.php?i=1&uniacid=1&t=undefined&v=1.3&m=ewei_shopv2&from=wxapp&c=entry&a=wxapp&do=main&&state=we7sid-506f868618605b1f88f1e2380e112b4c&sign=0b050cb57239889fa302cdb894fe4f2b pn=upload; op=order; orderid=6754; 
上传
[2018-06-05 15:05:14] trace  /app/index.php?i=1&uniacid=1&t=undefined&v=1.3&m=ewei_shopv2&from=wxapp&c=entry&a=wxapp&do=main&&state=we7sid-506f868618605b1f88f1e2380e112b4c&sign=0b050cb57239889fa302cdb894fe4f2b pn=upload; op=order; orderid=6755; 
上传
[2018-06-05 15:09:19] trace  /app/index.php?i=1&uniacid=1&t=undefined&v=1.3&m=ewei_shopv2&from=wxapp&c=entry&a=wxapp&do=main&&state=we7sid-42bee2364f6d8d56d58aaf5f1ccbf557&sign=6a2e495d8993b9dedd652dd08b215e99 pn=upload; op=order; orderid=6756; 
上传
[2018-06-05 15:18:52] trace  /app/index.php?i=1&uniacid=1&t=undefined&v=1.3&m=ewei_shopv2&from=wxapp&c=entry&a=wxapp&do=main&&state=we7sid-4c85897c51ec7787d1430ed98bb8f0bf&sign=23e82cf4615ce2537a461b009825064a pn=upload; op=order; orderid=6757; 
上传
[2018-06-05 15:28:47] trace  /app/index.php?i=1&uniacid=1&t=undefined&v=1.3&m=ewei_shopv2&from=wxapp&c=entry&a=wxapp&do=main&&state=we7sid-f01863b93a58467ed0553f56e9aab7b8&sign=83e6737eac5c54bd95f250ddc2f064aa pn=upload; op=order; orderid=6758; 
上传
[2018-06-05 15:38:15] trace  /app/index.php?i=1&uniacid=1&t=undefined&v=1.3&m=ewei_shopv2&from=wxapp&c=entry&a=wxapp&do=main&&state=we7sid-d50b1c6db858d91ec1ccc14f2d1a185b&sign=51f01dcef2a57fea063310f1fb330874 pn=upload; op=order; orderid=6759; 
上传
[2018-06-05 15:41:31] trace  /app/index.php?i=1&uniacid=1&t=undefined&v=1.3&m=ewei_shopv2&from=wxapp&c=entry&a=wxapp&do=main&&state=we7sid-9c954f7ce73347f751d97fce50a4ecae&sign=55d4c8b6c72d470abc78ab14f68e8e7b pn=upload; op=order; orderid=6760; 
上传
[2018-06-05 15:50:23] trace  /app/index.php?i=1&uniacid=1&t=undefined&v=1.3&m=ewei_shopv2&from=wxapp&c=entry&a=wxapp&do=main&&state=we7sid-b937c9572cac7607f3b39d4d94454c7f&sign=c0576b2d6ca62a267441020ede98a917 pn=upload; op=order; orderid=6761; 
上传
[2018-06-05 16:02:39] trace  /app/index.php?i=1&uniacid=1&t=undefined&v=1.3&m=ewei_shopv2&from=wxapp&c=entry&a=wxapp&do=main&&state=we7sid-7611fb442aa25586fb09f0f48e21dfb4&sign=9b9687826a08ad35ac737afd89670289 pn=upload; op=order; orderid=6762; 
上传
[2018-06-05 16:02:57] trace  /app/index.php?i=1&uniacid=1&t=undefined&v=1.3&m=ewei_shopv2&from=wxapp&c=entry&a=wxapp&do=main&&state=we7sid-3fa9f47d39368c39de97513b2e0038bd&sign=e928459f7b8d4b7632767c55f493da86 op=order; orderid=6763; pn=upload; 
上传
[2018-06-05 16:09:23] trace  /app/index.php?i=1&uniacid=1&t=undefined&v=1.3&m=ewei_shopv2&from=wxapp&c=entry&a=wxapp&do=main&&state=we7sid-4bb71aeeba37e189ce75be68596cf50b&sign=f07a8a2bef04492dee72e2cf5cc74208 op=order; orderid=6764; pn=upload; 
上传
[2018-06-05 16:10:07] trace  /app/index.php?i=1&uniacid=1&t=undefined&v=1.3&m=ewei_shopv2&from=wxapp&c=entry&a=wxapp&do=main&&state=we7sid-1d7895499258622e43bbc22296a4e9be&sign=e5963ed906c28ccf92c83abd0a00edec pn=upload; op=order; orderid=6765; 
上传
[2018-06-05 16:12:05] trace  /app/index.php?i=1&uniacid=1&t=undefined&v=1.3&m=ewei_shopv2&from=wxapp&c=entry&a=wxapp&do=main&&state=we7sid-4bb71aeeba37e189ce75be68596cf50b&sign=f07a8a2bef04492dee72e2cf5cc74208 op=order; orderid=6766; pn=upload; 
上传
[2018-06-05 16:13:25] trace  /app/index.php?i=1&uniacid=1&t=undefined&v=1.3&m=ewei_shopv2&from=wxapp&c=entry&a=wxapp&do=main&&state=we7sid-4bb71aeeba37e189ce75be68596cf50b&sign=f07a8a2bef04492dee72e2cf5cc74208 op=order; orderid=6767; pn=upload; 
上传
[2018-06-05 16:17:10] trace  /app/index.php?i=1&uniacid=1&t=undefined&v=1.3&m=ewei_shopv2&from=wxapp&c=entry&a=wxapp&do=main&&state=we7sid-e9ca052890ca73befe926cc9128fac6b&sign=b828dc82aaa77f4e014cb45cb4269561 pn=upload; op=order; orderid=6768; 
上传
[2018-06-05 16:18:15] trace  /app/index.php?i=1&uniacid=1&t=undefined&v=1.3&m=ewei_shopv2&from=wxapp&c=entry&a=wxapp&do=main&&state=we7sid-f3851015ed74bf65cf6e2206d94f215b&sign=4759552933e95566befdf6b8f4762657 pn=upload; op=order; orderid=6769; 
上传
[2018-06-05 16:21:58] trace  /app/index.php?i=1&uniacid=1&t=undefined&v=1.3&m=ewei_shopv2&from=wxapp&c=entry&a=wxapp&do=main&&state=we7sid-4c774e9cabe554059110908347abba17&sign=89a60c52c0710b7fbabd016e6aeaa1dd op=order; orderid=6770; pn=upload; 
上传
[2018-06-05 16:24:05] trace  /app/index.php?i=1&uniacid=1&t=undefined&v=1.3&m=ewei_shopv2&from=wxapp&c=entry&a=wxapp&do=main&&state=we7sid-9d17a21718274b5888ac1238846bb59a&sign=92535c279f42ebc9c09463cd627ce1b9 pn=upload; op=order; orderid=6771; 
上传
[2018-06-05 16:51:32] trace  /app/index.php?i=1&uniacid=1&t=undefined&v=1.3&m=ewei_shopv2&from=wxapp&c=entry&a=wxapp&do=main&&state=we7sid-e0ee8c4d5c8a17901406e2d04d7db457&sign=6af0db4fbada0fd9e4dd974b903b734d pn=upload; op=order; orderid=6772; 
上传
[2018-06-05 16:56:15] trace  /app/index.php?i=1&uniacid=1&t=undefined&v=1.3&m=ewei_shopv2&from=wxapp&c=entry&a=wxapp&do=main&&state=we7sid-e4064ec53395499bc36d83428f630b0f&sign=97872f2e72d551bfbcbeb86f28a6b3e3 pn=upload; op=order; orderid=6773; 
上传
[2018-06-05 17:04:58] trace  /app/index.php?i=1&uniacid=1&t=undefined&v=1.3&m=ewei_shopv2&from=wxapp&c=entry&a=wxapp&do=main&&state=we7sid-03e68e15d565ef6422a115162d1d78d3&sign=d89847c25863ad0e514c381e0f330f02 pn=upload; op=order; orderid=6774; 
上传
[2018-06-05 17:20:39] trace  /app/index.php?i=1&uniacid=1&t=undefined&v=1.3&m=ewei_shopv2&from=wxapp&c=entry&a=wxapp&do=main&&state=we7sid-205bf24b7a971cc42e48e7ed71b72ae9&sign=c04e93fde586cce5f6bde86b9345b590 pn=upload; op=order; orderid=6775; 
上传
[2018-06-05 17:28:04] trace  /app/index.php?i=1&uniacid=1&t=undefined&v=1.3&m=ewei_shopv2&from=wxapp&c=entry&a=wxapp&do=main&&state=we7sid-e9ca052890ca73befe926cc9128fac6b&sign=b828dc82aaa77f4e014cb45cb4269561 pn=upload; op=order; orderid=6776; 
上传
[2018-06-05 17:28:25] trace  /app/index.php?i=1&uniacid=1&t=undefined&v=1.3&m=ewei_shopv2&from=wxapp&c=entry&a=wxapp&do=main&&state=we7sid-e9ca052890ca73befe926cc9128fac6b&sign=b828dc82aaa77f4e014cb45cb4269561 pn=upload; op=order; orderid=6777; 
上传
[2018-06-05 17:36:58] trace  /app/index.php?i=1&uniacid=1&t=undefined&v=1.3&m=ewei_shopv2&from=wxapp&c=entry&a=wxapp&do=main&&state=we7sid-5c634320198c3c4b4f9b55b0929f28aa&sign=9edde75e6db68e10f024f54c5522141e pn=upload; op=order; orderid=6778; 
上传
[2018-06-05 18:00:28] trace  /app/index.php?i=1&uniacid=1&t=undefined&v=1.3&m=ewei_shopv2&from=wxapp&c=entry&a=wxapp&do=main&&state=we7sid-83ee09328d496a0bdb92489f25199cd6&sign=81a3b3652366f964d1a7d3da5d54c9fe op=order; pn=upload; orderid=6779; 
上传
[2018-06-05 18:20:08] trace  /app/index.php?i=1&uniacid=1&t=undefined&v=1.3&m=ewei_shopv2&from=wxapp&c=entry&a=wxapp&do=main&&state=we7sid-8dfb0fc2062703f5128de9d5f4be364f&sign=e87422757399126ea938b162159988e6 pn=upload; op=order; orderid=6780; 
上传
[2018-06-05 18:32:00] trace  /app/index.php?i=1&uniacid=1&t=undefined&v=1.3&m=ewei_shopv2&from=wxapp&c=entry&a=wxapp&do=main&&state=we7sid-e3019b46d49d6e9e0c786a9805ba226c&sign=103dd07a078cca53cfd9763645dededd pn=upload; op=order; orderid=6781; 
上传
[2018-06-05 18:37:31] trace  /app/index.php?i=1&uniacid=1&t=undefined&v=1.3&m=ewei_shopv2&from=wxapp&c=entry&a=wxapp&do=main&&state=we7sid-05e1e2b0bbc8296a1de30ec4a6ebe9f9&sign=0ae8a207d65c6f1c84cb499dba699299 pn=upload; op=order; orderid=6782; 
上传
[2018-06-05 18:40:42] trace  /app/index.php?i=1&uniacid=1&t=undefined&v=1.3&m=ewei_shopv2&from=wxapp&c=entry&a=wxapp&do=main&&state=we7sid-f1ec64bfd3ac892eb8f7a1b9c22e2508&sign=54ab600162d27559f67f4189c610abe4 pn=upload; op=order; orderid=6783; 
上传
[2018-06-05 18:47:52] trace  /app/index.php?i=1&uniacid=1&t=undefined&v=1.3&m=ewei_shopv2&from=wxapp&c=entry&a=wxapp&do=main&&state=we7sid-78e8f5904c5ecbe3c2b6071f0774fd35&sign=82489e868cd6a88e23a44de209297ac7 pn=upload; op=order; orderid=6784; 
上传
[2018-06-05 18:50:49] trace  /app/index.php?i=1&uniacid=1&t=undefined&v=1.3&m=ewei_shopv2&from=wxapp&c=entry&a=wxapp&do=main&&state=we7sid-b56b1cf23f17b082d9ec9968ce1eadeb&sign=3f6e11fe432c1585a8bc55cffdac29f2 pn=upload; op=order; orderid=6785; 
上传
[2018-06-05 18:54:37] trace  /app/index.php?i=1&uniacid=1&t=undefined&v=1.3&m=ewei_shopv2&from=wxapp&c=entry&a=wxapp&do=main&&state=we7sid-aeb10915bf3142e0886dee619fbff01b&sign=8a1936e62a2b438d61187bb974f2980b pn=upload; op=order; orderid=6786; 
上传
[2018-06-05 18:54:47] trace  /app/index.php?i=1&uniacid=1&t=undefined&v=1.3&m=ewei_shopv2&from=wxapp&c=entry&a=wxapp&do=main&&state=we7sid-35012731f37219d0bc5e94c6cadcddd9&sign=c9cf7fdb8d2fa1c4c3e99c491266b1a8 pn=upload; op=order; orderid=6787; 
上传
[2018-06-05 19:01:58] trace  /app/index.php?i=1&uniacid=1&t=undefined&v=1.3&m=ewei_shopv2&from=wxapp&c=entry&a=wxapp&do=main&&state=we7sid-9119493f48c60e4eeaf5ccb7f7e6cb28&sign=aef154e68a0eb0a91c7dcf41c704d15e pn=upload; op=order; orderid=6788; 
上传
[2018-06-05 19:18:04] trace  /app/index.php?i=1&uniacid=1&t=undefined&v=1.3&m=ewei_shopv2&from=wxapp&c=entry&a=wxapp&do=main&&state=we7sid-9afd096ade6965b0f243153802b5dc0e&sign=da4c523644652065846254e85e1649c6 pn=upload; op=order; orderid=6789; 
上传
[2018-06-05 20:10:19] trace  /app/index.php?i=1&uniacid=1&t=undefined&v=1.3&m=ewei_shopv2&from=wxapp&c=entry&a=wxapp&do=main&&state=we7sid-df51a3fff8e0ec7a18ac0b501f56272f&sign=75933f47baf6acf2140874ffbe3b21a7 pn=upload; op=order; orderid=6790; 
上传
[2018-06-05 20:28:56] trace  /app/index.php?i=1&uniacid=1&t=undefined&v=1.3&m=ewei_shopv2&from=wxapp&c=entry&a=wxapp&do=main&&state=we7sid-29595a36a24b03148ee1729346b94d01&sign=ae9c12e6654cad550ce2e49f83a65e34 pn=upload; op=order; orderid=6791; 
上传
[2018-06-05 20:28:56] trace  /app/index.php?i=1&uniacid=1&t=undefined&v=1.3&m=ewei_shopv2&from=wxapp&c=entry&a=wxapp&do=main&&state=we7sid-29595a36a24b03148ee1729346b94d01&sign=ae9c12e6654cad550ce2e49f83a65e34 pn=upload; op=order; orderid=6792; 
上传
[2018-06-05 20:50:20] trace  /app/index.php?i=1&uniacid=1&t=undefined&v=1.3&m=ewei_shopv2&from=wxapp&c=entry&a=wxapp&do=main&&state=we7sid-3dcdacc35054b87d84f1d71ccdc94d22&sign=362ddae292809a662f89cdf855123767 pn=upload; op=order; orderid=6794; 
上传
[2018-06-05 20:56:37] trace  /app/index.php?i=1&uniacid=1&t=undefined&v=1.3&m=ewei_shopv2&from=wxapp&c=entry&a=wxapp&do=main&&state=we7sid-38af12b50e36ab09f15acb0a7b9ec2f3&sign=d136b1b0bff0eb2796cbfa754215f613 pn=upload; op=order; orderid=6795; 
上传
[2018-06-05 21:01:50] trace  /app/index.php?i=1&uniacid=1&t=undefined&v=1.3&m=ewei_shopv2&from=wxapp&c=entry&a=wxapp&do=main&&state=we7sid-84dc4aa06991d927a1ad8b2fa2fc32a4&sign=1e2fd573adbfbac288e7bd2ac538d4d7 pn=upload; op=order; orderid=6796; 
上传
[2018-06-05 21:07:55] trace  /app/index.php?i=1&uniacid=1&t=undefined&v=1.3&m=ewei_shopv2&from=wxapp&c=entry&a=wxapp&do=main&&state=we7sid-17c63592a0d342c1cc22331dd99d41ef&sign=da8c2fefaf8ddbb1fff79b3ae7da442e pn=upload; op=order; orderid=6797; 
上传
[2018-06-05 21:08:02] trace  /app/index.php?i=1&uniacid=1&t=undefined&v=1.3&m=ewei_shopv2&from=wxapp&c=entry&a=wxapp&do=main&&state=we7sid-17c63592a0d342c1cc22331dd99d41ef&sign=da8c2fefaf8ddbb1fff79b3ae7da442e pn=upload; op=order; orderid=6798; 
上传
[2018-06-05 21:22:24] trace  /app/index.php?i=1&uniacid=1&t=undefined&v=1.3&m=ewei_shopv2&from=wxapp&c=entry&a=wxapp&do=main&&state=we7sid-9af8f939b9e1a3e135da72a7634ea127&sign=6d3ca76a4aab1ad37e27bb59b36ebf15 pn=upload; op=order; orderid=6799; 
上传
[2018-06-05 21:32:00] trace  /app/index.php?i=1&uniacid=1&t=undefined&v=1.3&m=ewei_shopv2&from=wxapp&c=entry&a=wxapp&do=main&&state=we7sid-0ed2c5370de4c4870844371ec05065cb&sign=036973dc0ebc5504fab863f0efaf5f3f pn=upload; op=order; orderid=6801; 
上传
[2018-06-05 21:32:18] trace  /app/index.php?i=1&uniacid=1&t=undefined&v=1.3&m=ewei_shopv2&from=wxapp&c=entry&a=wxapp&do=main&&state=we7sid-0ed2c5370de4c4870844371ec05065cb&sign=036973dc0ebc5504fab863f0efaf5f3f pn=upload; op=order; orderid=6802; 
上传
[2018-06-05 21:32:37] trace  /app/index.php?i=1&uniacid=1&t=undefined&v=1.3&m=ewei_shopv2&from=wxapp&c=entry&a=wxapp&do=main&&state=we7sid-0ed2c5370de4c4870844371ec05065cb&sign=036973dc0ebc5504fab863f0efaf5f3f pn=upload; op=order; orderid=6803; 
上传
[2018-06-05 22:18:20] trace  /app/index.php?i=1&uniacid=1&t=undefined&v=1.3&m=ewei_shopv2&from=wxapp&c=entry&a=wxapp&do=main&&state=we7sid-a974c42bae88e43990d698792088102b&sign=04d887455eeb753d7eb123bfb9e1e911 pn=upload; op=order; orderid=6804; 
上传
[2018-06-05 22:32:10] trace  /app/index.php?i=1&uniacid=1&t=undefined&v=1.3&m=ewei_shopv2&from=wxapp&c=entry&a=wxapp&do=main&&state=we7sid-8b70d94a198583a7d23ecfb6855e0388&sign=a18d4967c582d0f20cda864ab39b171f pn=upload; op=order; orderid=6805; 
上传
[2018-06-05 22:39:48] trace  /app/index.php?i=1&uniacid=1&t=undefined&v=1.3&m=ewei_shopv2&from=wxapp&c=entry&a=wxapp&do=main&&state=we7sid-41dea21b07652d346ae44522f7033f93&sign=06f7eae361a4aa62a3c3433c40b5327f pn=upload; op=order; orderid=6806; 
上传
[2018-06-05 22:52:49] trace  /app/index.php?i=1&uniacid=1&t=undefined&v=1.3&m=ewei_shopv2&from=wxapp&c=entry&a=wxapp&do=main&&state=we7sid-fe32423a8a05b5dcad41aaac674855c7&sign=8a5d1b0a7201b60a4fdb342d6f37cbcb pn=upload; op=order; orderid=6807; 
上传
[2018-06-05 22:57:51] trace  /app/index.php?i=1&uniacid=1&t=undefined&v=1.3&m=ewei_shopv2&from=wxapp&c=entry&a=wxapp&do=main&&state=we7sid-25ae3b0e439236d651dd5ba3e0876d54&sign=8039b674b97d33351669b2a1917b2607 pn=upload; op=order; orderid=6808; 
上传
[2018-06-05 23:12:55] trace  /app/index.php?i=1&uniacid=1&t=undefined&v=1.3&m=ewei_shopv2&from=wxapp&c=entry&a=wxapp&do=main&&state=we7sid-41dea21b07652d346ae44522f7033f93&sign=06f7eae361a4aa62a3c3433c40b5327f pn=upload; op=order; orderid=6809; 
上传
[2018-06-05 23:19:49] trace  /app/index.php?i=1&uniacid=1&t=undefined&v=1.3&m=ewei_shopv2&from=wxapp&c=entry&a=wxapp&do=main&&state=we7sid-f6093f5107fb8ecba3b97720f8362bc8&sign=39571de815b2ed6ae302f8bcc83e4d33 pn=upload; op=order; orderid=6810; 
上传
[2018-06-05 23:28:08] trace  /app/index.php?i=1&uniacid=1&t=undefined&v=1.3&m=ewei_shopv2&from=wxapp&c=entry&a=wxapp&do=main&&state=we7sid-b8ab7935d2bc39a5ff4709a02a089252&sign=745543964f9a408b4aa3467421d68ed2 pn=upload; op=order; orderid=6811; 
上传
[2018-06-05 23:33:28] trace  /app/index.php?i=1&uniacid=1&t=undefined&v=1.3&m=ewei_shopv2&from=wxapp&c=entry&a=wxapp&do=main&&state=we7sid-6b89b6f551ed4a331adb651775a107ad&sign=8207c3df66edefb800654678baf284af pn=upload; op=order; orderid=6812; 
上传
[2018-06-05 23:53:46] trace  /app/index.php?i=1&uniacid=1&t=undefined&v=1.3&m=ewei_shopv2&from=wxapp&c=entry&a=wxapp&do=main&&state=we7sid-90530c54b1abe557de330b2b25f22f06&sign=7a1280382fb002698383784c17b6a0f6 op=order; orderid=6813; pn=upload; 
上传
[2018-06-05 23:54:32] trace  /app/index.php?i=1&uniacid=1&t=undefined&v=1.3&m=ewei_shopv2&from=wxapp&c=entry&a=wxapp&do=main&&state=we7sid-48db1cdb421b2a39259fdbf10a218c19&sign=11ce41da9f305dac516484b49b715b39 pn=upload; op=order; orderid=6814; 
上传
[2018-06-05 23:58:54] trace  /app/index.php?i=1&uniacid=1&t=undefined&v=1.3&m=ewei_shopv2&from=wxapp&c=entry&a=wxapp&do=main&&state=we7sid-48db1cdb421b2a39259fdbf10a218c19&sign=11ce41da9f305dac516484b49b715b39 pn=upload; op=order; orderid=6815; 
上传
