[2019-01-13 00:24:25] trace  /app/index.php?i=1&uniacid=1&t=undefined&v=1.3&m=ewei_shopv2&from=wxapp&c=entry&a=wxapp&do=main&&state=we7sid-7f8636bfb7b1b4f7bf8cfda0a3d935f8&sign=31c4773898d5d6e10208d316b892ba66 pn=upload; op=order; orderid=24986; 
上传
[2019-01-13 00:25:52] trace  /app/index.php?i=1&uniacid=1&t=undefined&v=1.3&m=ewei_shopv2&from=wxapp&c=entry&a=wxapp&do=main&&state=we7sid-e23218db65a4835e9045cb8697be6a0a&sign=17daf7cff4f6513bb7e7c19d2e970f43 pn=upload; op=order; orderid=24987; 
上传
[2019-01-13 00:30:02] trace  /app/index.php?i=1&uniacid=1&t=undefined&v=1.3&m=ewei_shopv2&from=wxapp&c=entry&a=wxapp&do=main&&state=we7sid-6ccf710b33bd763f018aad78fad782e1&sign=0ae85046d17654de0c8c7d3cfff6822e pn=upload; op=order; orderid=24988; 
上传
[2019-01-13 00:49:49] trace  /app/index.php?i=1&uniacid=1&t=undefined&v=1.3&m=ewei_shopv2&from=wxapp&c=entry&a=wxapp&do=main&&state=we7sid-e5d39e07aa702927031baba6c564e168&sign=119f6ac20d19b85ab9c6b2e66d9b166e pn=upload; op=order; orderid=24989; 
上传
[2019-01-13 01:08:13] trace  /app/index.php?i=1&uniacid=1&t=undefined&v=1.3&m=ewei_shopv2&from=wxapp&c=entry&a=wxapp&do=main&&state=we7sid-d3ed25a804fa783738a94246a125ebe8&sign=4471a13b7829e780b9654362e107a8b2 pn=upload; op=order; orderid=24990; 
上传
[2019-01-13 04:38:34] trace  /app/index.php?i=1&uniacid=1&t=undefined&v=1.3&m=ewei_shopv2&from=wxapp&c=entry&a=wxapp&do=main&&state=we7sid-6ec58b17f2492966983c3efaecbd8fa8&sign=1d7ea2e974e81cf9f38a34ae2e0923c8 pn=upload; op=order; orderid=24991; 
上传
[2019-01-13 07:07:34] trace  /app/index.php?i=1&uniacid=1&t=undefined&v=1.3&m=ewei_shopv2&from=wxapp&c=entry&a=wxapp&do=main&&state=we7sid-f67efe2ed4a06a3bdb9e275ce106785f&sign=a2bfbc47a0579cbbf4c98114789d8bc0 op=order; orderid=24992; pn=upload; 
上传
[2019-01-13 07:07:43] trace  /app/index.php?i=1&uniacid=1&t=undefined&v=1.3&m=ewei_shopv2&from=wxapp&c=entry&a=wxapp&do=main&&state=we7sid-f67efe2ed4a06a3bdb9e275ce106785f&sign=a2bfbc47a0579cbbf4c98114789d8bc0 op=order; orderid=24993; pn=upload; 
上传
[2019-01-13 08:24:59] trace  /app/index.php?i=1&uniacid=1&t=undefined&v=1.3&m=ewei_shopv2&from=wxapp&c=entry&a=wxapp&do=main&&state=we7sid-0730278ec429df251c70376505054b1e&sign=48e318d624f040106128d9c3eb03c51c op=order; orderid=24994; pn=upload; 
上传
[2019-01-13 08:38:08] trace  /app/index.php?i=1&uniacid=1&t=undefined&v=1.3&m=ewei_shopv2&from=wxapp&c=entry&a=wxapp&do=main&&state=we7sid-18c535423c30c09f888c8665a160ef41&sign=777ee4129a4120f5c912e50352b65386 pn=upload; op=order; orderid=24995; 
上传
[2019-01-13 08:44:43] trace  /app/index.php?i=1&uniacid=1&t=undefined&v=1.3&m=ewei_shopv2&from=wxapp&c=entry&a=wxapp&do=main&&state=we7sid-e0682207f78a4b87b2a921bde39f9c0d&sign=ba465cc356d1cbab34c4dbeb8b0d853a pn=upload; op=order; orderid=24996; 
上传
[2019-01-13 08:50:59] trace  /app/index.php?i=1&uniacid=1&t=undefined&v=1.3&m=ewei_shopv2&from=wxapp&c=entry&a=wxapp&do=main&&state=we7sid-662dc5643061be7606b3b23844c69428&sign=3d3897f0add5a04d5fa74250f4bfe592 pn=upload; op=order; orderid=24997; 
上传
[2019-01-13 08:58:31] trace  /app/index.php?i=1&uniacid=1&t=undefined&v=1.3&m=ewei_shopv2&from=wxapp&c=entry&a=wxapp&do=main&&state=we7sid-237decedd59ab63579eab26c7084b584&sign=e0b2db39cf17fa8a673c9d610e0d5b43 op=order; orderid=24998; pn=upload; 
上传
[2019-01-13 09:03:33] trace  /app/index.php?i=1&uniacid=1&t=undefined&v=1.3&m=ewei_shopv2&from=wxapp&c=entry&a=wxapp&do=main&&state=we7sid-237decedd59ab63579eab26c7084b584&sign=e0b2db39cf17fa8a673c9d610e0d5b43 op=order; orderid=24999; pn=upload; 
上传
[2019-01-13 09:18:40] trace  /app/index.php?i=1&uniacid=1&t=undefined&v=1.3&m=ewei_shopv2&from=wxapp&c=entry&a=wxapp&do=main&&state=we7sid-f56eebef64cff61b33e41ab0c6a2d58f&sign=981f142585518f1a3855292074d69a65 pn=upload; op=order; orderid=25000; 
上传
[2019-01-13 09:18:50] trace  /app/index.php?i=1&uniacid=1&t=undefined&v=1.3&m=ewei_shopv2&from=wxapp&c=entry&a=wxapp&do=main&&state=we7sid-65ea49abd69ab97fb7cfd66376e49d78&sign=a90aebc9c505394a86a0d3282af823bd pn=upload; op=order; orderid=25001; 
上传
[2019-01-13 10:13:54] trace  /app/index.php?i=1&uniacid=1&t=undefined&v=1.3&m=ewei_shopv2&from=wxapp&c=entry&a=wxapp&do=main&&state=we7sid-b1f6b2c3b546f8e4b2cb0cb0717d5f5f&sign=6ed22105b1c20b6f8f05b2d8e276c106 op=order; orderid=25002; pn=upload; 
上传
[2019-01-13 10:19:01] trace  /app/index.php?i=1&uniacid=1&t=undefined&v=1.3&m=ewei_shopv2&from=wxapp&c=entry&a=wxapp&do=main&&state=we7sid-b1f6b2c3b546f8e4b2cb0cb0717d5f5f&sign=6ed22105b1c20b6f8f05b2d8e276c106 op=order; orderid=25003; pn=upload; 
上传
[2019-01-13 10:21:27] trace  /app/index.php?i=1&uniacid=1&t=undefined&v=1.3&m=ewei_shopv2&from=wxapp&c=entry&a=wxapp&do=main&&state=we7sid-05629e12a7fc328f96fcb79644997477&sign=7320a523589f83226ff40b2f25285eb8 op=order; orderid=25004; pn=upload; 
上传
[2019-01-13 10:39:18] trace  /app/index.php?i=1&uniacid=1&t=undefined&v=1.3&m=ewei_shopv2&from=wxapp&c=entry&a=wxapp&do=main&&state=we7sid-757b6905a823eab132727f6689906a52&sign=22c3551c0c45465888a3c229aa9059c0 pn=upload; op=order; orderid=25005; 
上传
[2019-01-13 11:09:49] trace  /app/index.php?i=1&uniacid=1&t=undefined&v=1.3&m=ewei_shopv2&from=wxapp&c=entry&a=wxapp&do=main&&state=we7sid-f60e3ed469c8a0358a0863fcc2cd2a41&sign=be14c82916c76732909214fd98264d33 pn=upload; op=order; orderid=25006; 
上传
[2019-01-13 11:09:58] trace  /app/index.php?i=1&uniacid=1&t=undefined&v=1.3&m=ewei_shopv2&from=wxapp&c=entry&a=wxapp&do=main&&state=we7sid-f60e3ed469c8a0358a0863fcc2cd2a41&sign=be14c82916c76732909214fd98264d33 pn=upload; op=order; orderid=25007; 
上传
[2019-01-13 11:57:22] trace  /app/index.php?i=1&uniacid=1&t=undefined&v=1.3&m=ewei_shopv2&from=wxapp&c=entry&a=wxapp&do=main&&state=we7sid-f26b98857f6febfb3aed9125451cb234&sign=8f2a532af5c4e68992657270e9ca19bd pn=upload; op=order; orderid=25008; 
上传
[2019-01-13 12:03:02] trace  /app/index.php?i=1&uniacid=1&t=undefined&v=1.3&m=ewei_shopv2&from=wxapp&c=entry&a=wxapp&do=main&&state=we7sid-4612b1667e6177c36def515566ab954c&sign=9b853c13903096137ccdc8ba39d668b5 op=order; orderid=25009; pn=upload; 
上传
[2019-01-13 12:59:35] trace  /app/index.php?i=1&uniacid=1&t=undefined&v=1.3&m=ewei_shopv2&from=wxapp&c=entry&a=wxapp&do=main&&state=we7sid-767a3b6619afbfb74d4d384b793a92c4&sign=adb4070f25ac23dd60f655fcb7dbdae6 pn=upload; op=order; orderid=25010; 
上传
[2019-01-13 13:09:13] trace  /app/index.php?i=1&uniacid=1&t=undefined&v=1.3&m=ewei_shopv2&from=wxapp&c=entry&a=wxapp&do=main&&state=we7sid-a67900d573a2bf21f9623b59f8055a64&sign=2a3ccde723aa36669f99ceb1b0c309fb pn=upload; op=author; orderid=24480; 
上传
[2019-01-13 13:10:34] trace  /app/index.php?i=1&uniacid=1&t=undefined&v=1.3&m=ewei_shopv2&from=wxapp&c=entry&a=wxapp&do=main&&state=we7sid-224f7bc5e7e18054cee3a258c6b2f94b&sign=6d043f75371de2dfbc631c9bb33a1b9e op=order; orderid=25011; pn=upload; 
上传
[2019-01-13 13:11:07] trace  /app/index.php?i=1&uniacid=1&t=undefined&v=1.3&m=ewei_shopv2&from=wxapp&c=entry&a=wxapp&do=main&&state=we7sid-224f7bc5e7e18054cee3a258c6b2f94b&sign=6d043f75371de2dfbc631c9bb33a1b9e op=order; orderid=25012; pn=upload; 
上传
[2019-01-13 13:16:14] trace  /app/index.php?i=1&uniacid=1&t=undefined&v=1.3&m=ewei_shopv2&from=wxapp&c=entry&a=wxapp&do=main&&state=we7sid-a67900d573a2bf21f9623b59f8055a64&sign=2a3ccde723aa36669f99ceb1b0c309fb pn=upload; op=author; orderid=24506; 
上传
[2019-01-13 13:21:34] trace  /app/index.php?i=1&uniacid=1&t=undefined&v=1.3&m=ewei_shopv2&from=wxapp&c=entry&a=wxapp&do=main&&state=we7sid-f01094c21fd625eb1433a853c8ec73a9&sign=8f255d55c4bc19daa7a05c0b7c4f0612 pn=upload; op=order; orderid=25013; 
上传
[2019-01-13 13:23:25] trace  /app/index.php?i=1&uniacid=1&t=undefined&v=1.3&m=ewei_shopv2&from=wxapp&c=entry&a=wxapp&do=main&&state=we7sid-a67900d573a2bf21f9623b59f8055a64&sign=2a3ccde723aa36669f99ceb1b0c309fb pn=upload; op=author; orderid=24570; 
上传
[2019-01-13 13:28:58] trace  /app/index.php?i=1&uniacid=1&t=undefined&v=1.3&m=ewei_shopv2&from=wxapp&c=entry&a=wxapp&do=main&&state=we7sid-a67900d573a2bf21f9623b59f8055a64&sign=2a3ccde723aa36669f99ceb1b0c309fb pn=upload; op=author; orderid=24594; 
上传
[2019-01-13 13:37:44] trace  /app/index.php?i=1&uniacid=1&t=undefined&v=1.3&m=ewei_shopv2&from=wxapp&c=entry&a=wxapp&do=main&&state=we7sid-fd58a7998002d6726b1256e2d6215598&sign=ded698a90ee7b450d5cd582f7dacaedc op=order; orderid=25014; pn=upload; 
上传
[2019-01-13 13:46:21] trace  /app/index.php?i=1&uniacid=1&t=undefined&v=1.3&m=ewei_shopv2&from=wxapp&c=entry&a=wxapp&do=main&&state=we7sid-556d4fab37833ea6be0785dd4cd6f8b6&sign=9e374fa01fe66d54151fa450dd31a47b pn=upload; op=order; orderid=25015; 
上传
[2019-01-13 13:46:31] trace  /app/index.php?i=1&uniacid=1&t=undefined&v=1.3&m=ewei_shopv2&from=wxapp&c=entry&a=wxapp&do=main&&state=we7sid-556d4fab37833ea6be0785dd4cd6f8b6&sign=9e374fa01fe66d54151fa450dd31a47b pn=upload; op=order; orderid=25016; 
上传
[2019-01-13 13:46:35] trace  /app/index.php?i=1&uniacid=1&t=undefined&v=1.3&m=ewei_shopv2&from=wxapp&c=entry&a=wxapp&do=main&&state=we7sid-556d4fab37833ea6be0785dd4cd6f8b6&sign=9e374fa01fe66d54151fa450dd31a47b pn=upload; op=order; orderid=25017; 
上传
[2019-01-13 13:46:39] trace  /app/index.php?i=1&uniacid=1&t=undefined&v=1.3&m=ewei_shopv2&from=wxapp&c=entry&a=wxapp&do=main&&state=we7sid-3e592ce08e6e06e6de5da0a27d07acd8&sign=4e1916dbad8db697d2da6c0472e4a96b op=order; orderid=25018; pn=upload; 
上传
[2019-01-13 13:46:45] trace  /app/index.php?i=1&uniacid=1&t=undefined&v=1.3&m=ewei_shopv2&from=wxapp&c=entry&a=wxapp&do=main&&state=we7sid-556d4fab37833ea6be0785dd4cd6f8b6&sign=9e374fa01fe66d54151fa450dd31a47b pn=upload; op=order; orderid=25019; 
上传
[2019-01-13 13:50:06] trace  /app/index.php?i=1&uniacid=1&t=undefined&v=1.3&m=ewei_shopv2&from=wxapp&c=entry&a=wxapp&do=main&&state=we7sid-fbf18176be3878bf78c8b2b6a286ccd9&sign=18846ff083f6d4136a5206e27c51d8b2 pn=upload; op=order; orderid=25020; 
上传
[2019-01-13 13:51:20] trace  /app/index.php?i=1&uniacid=1&t=undefined&v=1.3&m=ewei_shopv2&from=wxapp&c=entry&a=wxapp&do=main&&state=we7sid-fbf18176be3878bf78c8b2b6a286ccd9&sign=18846ff083f6d4136a5206e27c51d8b2 pn=upload; op=order; orderid=25021; 
上传
[2019-01-13 14:05:48] trace  /app/index.php?i=1&uniacid=1&t=undefined&v=1.3&m=ewei_shopv2&from=wxapp&c=entry&a=wxapp&do=main&&state=we7sid-44f3f7273e73aa50a390210a2e75198c&sign=9e10b24425fbb7b8ecae42b3146db77a op=order; pn=upload; orderid=25022; 
上传
[2019-01-13 14:45:24] trace  /app/index.php?i=1&uniacid=1&t=undefined&v=1.3&m=ewei_shopv2&from=wxapp&c=entry&a=wxapp&do=main&&state=we7sid-7d431a605e2f87ea0141f8fdb35c8524&sign=831cba9d6f1127d24c15384e33f6c24e pn=upload; op=order; orderid=25023; 
上传
[2019-01-13 14:49:05] trace  /app/index.php?i=1&uniacid=1&t=undefined&v=1.3&m=ewei_shopv2&from=wxapp&c=entry&a=wxapp&do=main&&state=we7sid-924256f95bdc7d80b40bad6c31c9b1aa&sign=75a82defada4d58fd3041e237ce4574f pn=upload; op=order; orderid=25024; 
上传
[2019-01-13 15:06:27] trace  /app/index.php?i=1&uniacid=1&t=undefined&v=1.3&m=ewei_shopv2&from=wxapp&c=entry&a=wxapp&do=main&&state=we7sid-12bcdc6fe58299f3f44a86381852080c&sign=56afd015d3027cb369ef35b516f5a1d1 pn=upload; op=author; orderid=24639; 
上传
[2019-01-13 15:12:20] trace  /app/index.php?i=1&uniacid=1&t=undefined&v=1.3&m=ewei_shopv2&from=wxapp&c=entry&a=wxapp&do=main&&state=we7sid-12bcdc6fe58299f3f44a86381852080c&sign=56afd015d3027cb369ef35b516f5a1d1 pn=upload; op=author; orderid=24646; 
上传
[2019-01-13 15:15:01] trace  /app/index.php?i=1&uniacid=1&t=undefined&v=1.3&m=ewei_shopv2&from=wxapp&c=entry&a=wxapp&do=main&&state=we7sid-4c1f7d0202114fac33f96b14daacd841&sign=bdb23cd156bec6b994b5910fca78cdd4 pn=upload; op=order; orderid=25025; 
上传
[2019-01-13 15:32:20] trace  /app/index.php?i=1&uniacid=1&t=undefined&v=1.3&m=ewei_shopv2&from=wxapp&c=entry&a=wxapp&do=main&&state=we7sid-8d018672cb5e5474979cadc06065c18a&sign=e73355c77aefcdcbe3d52d72d6e124d2 pn=upload; op=order; orderid=25026; 
上传
[2019-01-13 15:34:13] trace  /app/index.php?i=1&uniacid=1&t=undefined&v=1.3&m=ewei_shopv2&from=wxapp&c=entry&a=wxapp&do=main&&state=we7sid-12bcdc6fe58299f3f44a86381852080c&sign=56afd015d3027cb369ef35b516f5a1d1 pn=upload; op=author; orderid=24653; 
上传
[2019-01-13 15:39:06] trace  /app/index.php?i=1&uniacid=1&t=undefined&v=1.3&m=ewei_shopv2&from=wxapp&c=entry&a=wxapp&do=main&&state=we7sid-12bcdc6fe58299f3f44a86381852080c&sign=56afd015d3027cb369ef35b516f5a1d1 pn=upload; op=author; orderid=24661; 
上传
[2019-01-13 15:49:53] trace  /app/index.php?i=1&uniacid=1&t=undefined&v=1.3&m=ewei_shopv2&from=wxapp&c=entry&a=wxapp&do=main&&state=we7sid-2798e6569751f688e4be7c483ad4db91&sign=252d66d4c3144a518b32c6fc4e157419 pn=upload; op=order; orderid=25027; 
上传
[2019-01-13 15:54:53] trace  /app/index.php?i=1&uniacid=1&t=undefined&v=1.3&m=ewei_shopv2&from=wxapp&c=entry&a=wxapp&do=main&&state=we7sid-2798e6569751f688e4be7c483ad4db91&sign=252d66d4c3144a518b32c6fc4e157419 pn=upload; op=order; orderid=25028; 
上传
[2019-01-13 15:54:54] trace  /app/index.php?i=1&uniacid=1&t=undefined&v=1.3&m=ewei_shopv2&from=wxapp&c=entry&a=wxapp&do=main&&state=we7sid-2798e6569751f688e4be7c483ad4db91&sign=252d66d4c3144a518b32c6fc4e157419 pn=upload; op=order; orderid=25028; 
上传
[2019-01-13 16:24:50] trace  /app/index.php?i=1&uniacid=1&t=undefined&v=1.3&m=ewei_shopv2&from=wxapp&c=entry&a=wxapp&do=main&&state=we7sid-ece3bc54e3baf5bd1fd549c2a92f2ae4&sign=87647ed8f4e70af872d8dff6a0d5ccc9 pn=upload; op=order; orderid=25029; 
上传
[2019-01-13 16:25:14] trace  /app/index.php?i=1&uniacid=1&t=undefined&v=1.3&m=ewei_shopv2&from=wxapp&c=entry&a=wxapp&do=main&&state=we7sid-9ad4e45c1a8e2033b03e3ec1099796ad&sign=eb32e983b925f0eeb52dfbd08171e3ab pn=upload; op=order; orderid=25030; 
上传
[2019-01-13 16:34:16] trace  /app/index.php?i=1&uniacid=1&t=undefined&v=1.3&m=ewei_shopv2&from=wxapp&c=entry&a=wxapp&do=main&&state=we7sid-7a397439550969090a06a69fef7d2986&sign=1065e5836f314fe0f2abd4266ad31828 pn=upload; op=order; orderid=25031; 
上传
[2019-01-13 16:52:04] trace  /app/index.php?i=1&uniacid=1&t=undefined&v=1.3&m=ewei_shopv2&from=wxapp&c=entry&a=wxapp&do=main&&state=we7sid-eab62bab3bfc3e2dcf203667e6fc580a&sign=cb9d86db16f17d1b35d54e8202bdbe5b op=order; orderid=25032; pn=upload; 
上传
[2019-01-13 17:00:02] trace  /app/index.php?i=1&uniacid=1&t=undefined&v=1.3&m=ewei_shopv2&from=wxapp&c=entry&a=wxapp&do=main&&state=we7sid-da2b3c901266dfd285ef398de9f18b4d&sign=e7700bc6fb0265d947c0657f7afd337a pn=upload; op=order; orderid=25033; 
上传
[2019-01-13 17:26:59] trace  /app/index.php?i=1&uniacid=1&t=undefined&v=1.3&m=ewei_shopv2&from=wxapp&c=entry&a=wxapp&do=main&&state=we7sid-e47af3f13b19e42b9e97f7bc838d3ed1&sign=d4aa9174f21adb713a092695a3973608 pn=upload; op=order; orderid=25034; 
上传
[2019-01-13 17:54:15] trace  /app/index.php?i=1&uniacid=1&t=undefined&v=1.3&m=ewei_shopv2&from=wxapp&c=entry&a=wxapp&do=main&&state=we7sid-1cb26e83414485dbb0316882aa411b3d&sign=f33e472834e7454a5bbba5e98a70f20d pn=upload; op=order; orderid=25035; 
上传
[2019-01-13 18:03:02] trace  /app/index.php?i=1&uniacid=1&t=undefined&v=1.3&m=ewei_shopv2&from=wxapp&c=entry&a=wxapp&do=main&&state=we7sid-691ebc177bd3fe6f22082bb168515f7b&sign=103f33733773726cb7f4f83fe49726f5 pn=upload; op=order; orderid=25036; 
上传
[2019-01-13 18:09:59] trace  /app/index.php?i=1&uniacid=1&t=undefined&v=1.3&m=ewei_shopv2&from=wxapp&c=entry&a=wxapp&do=main&&state=we7sid-d5278cbf0142c289e72a9d79cd0a0020&sign=3b3c666554fec5a633b3885d63ac76c1 pn=upload; op=order; orderid=25037; 
上传
[2019-01-13 18:11:50] trace  /app/index.php?i=1&uniacid=1&t=undefined&v=1.3&m=ewei_shopv2&from=wxapp&c=entry&a=wxapp&do=main&&state=we7sid-d5278cbf0142c289e72a9d79cd0a0020&sign=3b3c666554fec5a633b3885d63ac76c1 pn=upload; op=order; orderid=25038; 
上传
[2019-01-13 18:18:41] trace  /app/index.php?i=1&uniacid=1&t=undefined&v=1.3&m=ewei_shopv2&from=wxapp&c=entry&a=wxapp&do=main&&state=we7sid-01dbda4ff55eaa132474687e330c55e2&sign=07b1dcc31bd0acd1e0cb444df38ed746 pn=upload; op=order; orderid=25039; 
上传
[2019-01-13 18:33:12] trace  /app/index.php?i=1&uniacid=1&t=undefined&v=1.3&m=ewei_shopv2&from=wxapp&c=entry&a=wxapp&do=main&&state=we7sid-c7f9b10cffa8970eee7a8bf883555521&sign=5531e38d2a4b7ebce6a19da814c2c226 pn=upload; op=order; orderid=25040; 
上传
[2019-01-13 18:33:13] trace  /app/index.php?i=1&uniacid=1&t=undefined&v=1.3&m=ewei_shopv2&from=wxapp&c=entry&a=wxapp&do=main&&state=we7sid-c7f9b10cffa8970eee7a8bf883555521&sign=5531e38d2a4b7ebce6a19da814c2c226 pn=upload; op=order; orderid=25040; 
上传
[2019-01-13 18:33:15] trace  /app/index.php?i=1&uniacid=1&t=undefined&v=1.3&m=ewei_shopv2&from=wxapp&c=entry&a=wxapp&do=main&&state=we7sid-c7f9b10cffa8970eee7a8bf883555521&sign=5531e38d2a4b7ebce6a19da814c2c226 pn=upload; op=order; orderid=25040; 
上传
[2019-01-13 18:33:21] trace  /app/index.php?i=1&uniacid=1&t=undefined&v=1.3&m=ewei_shopv2&from=wxapp&c=entry&a=wxapp&do=main&&state=we7sid-c7f9b10cffa8970eee7a8bf883555521&sign=5531e38d2a4b7ebce6a19da814c2c226 pn=upload; op=order; orderid=25041; 
上传
[2019-01-13 18:33:22] trace  /app/index.php?i=1&uniacid=1&t=undefined&v=1.3&m=ewei_shopv2&from=wxapp&c=entry&a=wxapp&do=main&&state=we7sid-c7f9b10cffa8970eee7a8bf883555521&sign=5531e38d2a4b7ebce6a19da814c2c226 pn=upload; op=order; orderid=25041; 
上传
[2019-01-13 18:33:22] trace  /app/index.php?i=1&uniacid=1&t=undefined&v=1.3&m=ewei_shopv2&from=wxapp&c=entry&a=wxapp&do=main&&state=we7sid-c7f9b10cffa8970eee7a8bf883555521&sign=5531e38d2a4b7ebce6a19da814c2c226 pn=upload; op=order; orderid=25041; 
上传
[2019-01-13 19:08:05] trace  /app/index.php?i=1&uniacid=1&t=undefined&v=1.3&m=ewei_shopv2&from=wxapp&c=entry&a=wxapp&do=main&&state=we7sid-74b38531845da4a779eb270db804d747&sign=6733eaa9f350716ff6f4121371fd2f5a op=order; orderid=25042; pn=upload; 
上传
[2019-01-13 19:08:11] trace  /app/index.php?i=1&uniacid=1&t=undefined&v=1.3&m=ewei_shopv2&from=wxapp&c=entry&a=wxapp&do=main&&state=we7sid-74b38531845da4a779eb270db804d747&sign=6733eaa9f350716ff6f4121371fd2f5a op=order; orderid=25043; pn=upload; 
上传
[2019-01-13 19:15:07] trace  /app/index.php?i=1&uniacid=1&t=undefined&v=1.3&m=ewei_shopv2&from=wxapp&c=entry&a=wxapp&do=main&&state=we7sid-7d4c17b7418500bcb85d88f98be961f4&sign=63c8c034261df2cb9ce8447db63db2fb pn=upload; op=order; orderid=25044; 
上传
[2019-01-13 19:44:07] trace  /app/index.php?i=1&uniacid=1&t=undefined&v=1.3&m=ewei_shopv2&from=wxapp&c=entry&a=wxapp&do=main&&state=we7sid-829a0e21739d8998d6fbf6e827980c81&sign=e3ecab65c416485c87bf357424425061 pn=upload; op=order; orderid=25045; 
上传
[2019-01-13 19:51:33] trace  /app/index.php?i=1&uniacid=1&t=undefined&v=1.3&m=ewei_shopv2&from=wxapp&c=entry&a=wxapp&do=main&&state=we7sid-0a8ee6f0a372408ea0fa41766b09694e&sign=bbd235323fa07041bf63a33524f9cd3e op=order; orderid=25046; pn=upload; 
上传
[2019-01-13 19:51:47] trace  /app/index.php?i=1&uniacid=1&t=undefined&v=1.3&m=ewei_shopv2&from=wxapp&c=entry&a=wxapp&do=main&&state=we7sid-0a8ee6f0a372408ea0fa41766b09694e&sign=bbd235323fa07041bf63a33524f9cd3e op=order; orderid=25047; pn=upload; 
上传
[2019-01-13 20:37:26] trace  /app/index.php?i=1&uniacid=1&t=undefined&v=1.3&m=ewei_shopv2&from=wxapp&c=entry&a=wxapp&do=main&&state=we7sid-fe96464b8f94d13ed636606495c1f698&sign=971456f77329c1de40583d3fd2190564 pn=upload; op=order; orderid=25048; 
上传
[2019-01-13 20:40:52] trace  /app/index.php?i=1&uniacid=1&t=undefined&v=1.3&m=ewei_shopv2&from=wxapp&c=entry&a=wxapp&do=main&&state=we7sid-6720b7444557f8e639926d20670fa3f9&sign=cb6262f12caf3a16b1f84ab60ce2f8d8 pn=upload; op=order; orderid=25049; 
上传
[2019-01-13 20:47:05] trace  /app/index.php?i=1&uniacid=1&t=undefined&v=1.3&m=ewei_shopv2&from=wxapp&c=entry&a=wxapp&do=main&&state=we7sid-ec9ad12374e916529377c0f4cf84e996&sign=8e3b11bb437c17ef988a2c1d7f2aeff8 op=order; orderid=25050; pn=upload; 
上传
[2019-01-13 20:55:46] trace  /app/index.php?i=1&uniacid=1&t=undefined&v=1.3&m=ewei_shopv2&from=wxapp&c=entry&a=wxapp&do=main&&state=we7sid-ec9ad12374e916529377c0f4cf84e996&sign=8e3b11bb437c17ef988a2c1d7f2aeff8 op=order; orderid=25051; pn=upload; 
上传
[2019-01-13 20:59:43] trace  /app/index.php?i=1&uniacid=1&t=undefined&v=1.3&m=ewei_shopv2&from=wxapp&c=entry&a=wxapp&do=main&&state=we7sid-8f9000c71da394ec400dc17f0b2c69f3&sign=7a3ec7096568a3191f2eff67caf494e5 pn=upload; op=order; orderid=25053; 
上传
[2019-01-13 20:59:43] trace  /app/index.php?i=1&uniacid=1&t=undefined&v=1.3&m=ewei_shopv2&from=wxapp&c=entry&a=wxapp&do=main&&state=we7sid-8f9000c71da394ec400dc17f0b2c69f3&sign=7a3ec7096568a3191f2eff67caf494e5 pn=upload; op=order; orderid=25052; 
上传
[2019-01-13 21:04:46] trace  /app/index.php?i=1&uniacid=1&t=undefined&v=1.3&m=ewei_shopv2&from=wxapp&c=entry&a=wxapp&do=main&&state=we7sid-b75d130ef471ace86c278e73db637e8b&sign=a4e738fbeef1a6e7904420e412793252 pn=upload; op=order; orderid=25054; 
上传
[2019-01-13 21:13:19] trace  /app/index.php?i=1&uniacid=1&t=undefined&v=1.3&m=ewei_shopv2&from=wxapp&c=entry&a=wxapp&do=main&&state=we7sid-a821b3c48ece275583d0d08f7cba2577&sign=0ad005320f5294d4cf00ccd36181926a op=order; orderid=25055; pn=upload; 
上传
[2019-01-13 21:42:08] trace  /app/index.php?i=1&uniacid=1&t=undefined&v=1.3&m=ewei_shopv2&from=wxapp&c=entry&a=wxapp&do=main&&state=we7sid-2897caee7f6ab5ed5e9c9d88932978e2&sign=8c2b7633d76e9499f52ac872bffa124e op=order; orderid=25056; pn=upload; 
上传
[2019-01-13 21:43:13] trace  /app/index.php?i=1&uniacid=1&t=undefined&v=1.3&m=ewei_shopv2&from=wxapp&c=entry&a=wxapp&do=main&&state=we7sid-2897caee7f6ab5ed5e9c9d88932978e2&sign=8c2b7633d76e9499f52ac872bffa124e op=order; orderid=25057; pn=upload; 
上传
[2019-01-13 21:43:13] trace  /app/index.php?i=1&uniacid=1&t=undefined&v=1.3&m=ewei_shopv2&from=wxapp&c=entry&a=wxapp&do=main&&state=we7sid-2897caee7f6ab5ed5e9c9d88932978e2&sign=8c2b7633d76e9499f52ac872bffa124e op=order; orderid=25057; pn=upload; 
上传
[2019-01-13 21:43:37] trace  /app/index.php?i=1&uniacid=1&t=undefined&v=1.3&m=ewei_shopv2&from=wxapp&c=entry&a=wxapp&do=main&&state=we7sid-2897caee7f6ab5ed5e9c9d88932978e2&sign=8c2b7633d76e9499f52ac872bffa124e op=order; orderid=25058; pn=upload; 
上传
[2019-01-13 21:43:37] trace  /app/index.php?i=1&uniacid=1&t=undefined&v=1.3&m=ewei_shopv2&from=wxapp&c=entry&a=wxapp&do=main&&state=we7sid-2897caee7f6ab5ed5e9c9d88932978e2&sign=8c2b7633d76e9499f52ac872bffa124e op=order; orderid=25058; pn=upload; 
上传
[2019-01-13 21:44:11] trace  /app/index.php?i=1&uniacid=1&t=undefined&v=1.3&m=ewei_shopv2&from=wxapp&c=entry&a=wxapp&do=main&&state=we7sid-2897caee7f6ab5ed5e9c9d88932978e2&sign=8c2b7633d76e9499f52ac872bffa124e op=order; orderid=25059; pn=upload; 
上传
[2019-01-13 21:45:20] trace  /app/index.php?i=1&uniacid=1&t=undefined&v=1.3&m=ewei_shopv2&from=wxapp&c=entry&a=wxapp&do=main&&state=we7sid-2897caee7f6ab5ed5e9c9d88932978e2&sign=8c2b7633d76e9499f52ac872bffa124e op=order; orderid=25060; pn=upload; 
上传
[2019-01-13 21:45:20] trace  /app/index.php?i=1&uniacid=1&t=undefined&v=1.3&m=ewei_shopv2&from=wxapp&c=entry&a=wxapp&do=main&&state=we7sid-2897caee7f6ab5ed5e9c9d88932978e2&sign=8c2b7633d76e9499f52ac872bffa124e op=order; orderid=25060; pn=upload; 
上传
[2019-01-13 21:47:46] trace  /app/index.php?i=1&uniacid=1&t=undefined&v=1.3&m=ewei_shopv2&from=wxapp&c=entry&a=wxapp&do=main&&state=we7sid-2897caee7f6ab5ed5e9c9d88932978e2&sign=8c2b7633d76e9499f52ac872bffa124e op=order; orderid=25061; pn=upload; 
上传
[2019-01-13 21:53:43] trace  /app/index.php?i=1&uniacid=1&t=undefined&v=1.3&m=ewei_shopv2&from=wxapp&c=entry&a=wxapp&do=main&&state=we7sid-51e4ee29fb5a1ad1ca467c305eeff244&sign=cf11d696a294525d5adbc33255965b4d op=order; orderid=25062; pn=upload; 
上传
[2019-01-13 21:58:50] trace  /app/index.php?i=1&uniacid=1&t=undefined&v=1.3&m=ewei_shopv2&from=wxapp&c=entry&a=wxapp&do=main&&state=we7sid-bb535999e1f02ca390eb58b105c9332d&sign=7d0d688c041cc4290b6557b587cfaa38 pn=upload; op=order; orderid=25063; 
上传
[2019-01-13 22:02:41] trace  /app/index.php?i=1&uniacid=1&t=undefined&v=1.3&m=ewei_shopv2&from=wxapp&c=entry&a=wxapp&do=main&&state=we7sid-4832d547889971e79783e628de0068e7&sign=ce505bce9414cb6057268906bb5d364f pn=upload; op=order; orderid=25064; 
上传
[2019-01-13 22:03:10] trace  /app/index.php?i=1&uniacid=1&t=undefined&v=1.3&m=ewei_shopv2&from=wxapp&c=entry&a=wxapp&do=main&&state=we7sid-044203aeda6fc0229c2959836ef5d734&sign=18d99589ac6e5dc5d8e25b36319c0c3d pn=upload; op=order; orderid=25065; 
上传
[2019-01-13 22:07:08] trace  /app/index.php?i=1&uniacid=1&t=undefined&v=1.3&m=ewei_shopv2&from=wxapp&c=entry&a=wxapp&do=main&&state=we7sid-11deb10877282a652c3d90f375fc832c&sign=a20c445dbe1d1be97df586f321d39486 op=order; orderid=25066; pn=upload; 
上传
[2019-01-13 22:44:06] trace  /app/index.php?i=1&uniacid=1&t=undefined&v=1.3&m=ewei_shopv2&from=wxapp&c=entry&a=wxapp&do=main&&state=we7sid-8e31df8be49bf423348859dff0210530&sign=51cc59c9f689e6fe9e37ae016ea37085 pn=upload; op=order; orderid=25067; 
上传
[2019-01-13 22:51:25] trace  /app/index.php?i=1&uniacid=1&t=undefined&v=1.3&m=ewei_shopv2&from=wxapp&c=entry&a=wxapp&do=main&&state=we7sid-426592a7155bbf902875a4ec98b1dd1a&sign=98365c37c738edf3f34858ae538ac133 op=order; orderid=25068; pn=upload; 
上传
[2019-01-13 22:59:15] trace  /app/index.php?i=1&uniacid=1&t=undefined&v=1.3&m=ewei_shopv2&from=wxapp&c=entry&a=wxapp&do=main&&state=we7sid-59bbb80e6f21287de4e01116a82c2a71&sign=efab223f0e1c6f4528c72a5c94d0ec68 pn=upload; op=order; orderid=25069; 
上传
[2019-01-13 23:06:39] trace  /app/index.php?i=1&uniacid=1&t=undefined&v=1.3&m=ewei_shopv2&from=wxapp&c=entry&a=wxapp&do=main&&state=we7sid-43d958e6cc1ba24cf86bf6adfc255e62&sign=ea4dec34e76d18681a4790c1e1915510 op=order; orderid=25070; pn=upload; 
上传
[2019-01-13 23:21:52] trace  /app/index.php?i=1&uniacid=1&t=undefined&v=1.3&m=ewei_shopv2&from=wxapp&c=entry&a=wxapp&do=main&&state=we7sid-ee360371cb81edbeba9e9f3aec81cad9&sign=42a0fef9903771939f3245e3e1e92495 pn=upload; op=order; orderid=25071; 
上传
[2019-01-13 23:54:54] trace  /app/index.php?i=1&uniacid=1&t=undefined&v=1.3&m=ewei_shopv2&from=wxapp&c=entry&a=wxapp&do=main&&state=we7sid-8a0e23076e7aec79cc765ab8b98e54c8&sign=b43794519fec43b138d93edf2a57aab5 pn=upload; op=order; orderid=25072; 
上传
