[2018-09-02 01:16:44] trace  /app/index.php?i=1&uniacid=1&t=undefined&v=1.3&m=ewei_shopv2&from=wxapp&c=entry&a=wxapp&do=main&&state=we7sid-af7e52e4e0662d0c34e99e3f3bcced0c&sign=55854ed33ac4c04a783c73952669177a pn=upload; op=order; orderid=16311; 
上传
[2018-09-02 01:17:13] trace  /app/index.php?i=1&uniacid=1&t=undefined&v=1.3&m=ewei_shopv2&from=wxapp&c=entry&a=wxapp&do=main&&state=we7sid-af7e52e4e0662d0c34e99e3f3bcced0c&sign=55854ed33ac4c04a783c73952669177a pn=upload; op=order; orderid=16312; 
上传
[2018-09-02 05:55:45] trace  /app/index.php?i=1&uniacid=1&t=undefined&v=1.3&m=ewei_shopv2&from=wxapp&c=entry&a=wxapp&do=main&&state=we7sid-04a14f687ff184b87261f7203847c513&sign=54125ea667a0f1a65adf60a0f967bd60 pn=upload; op=order; orderid=16313; 
上传
[2018-09-02 06:02:06] trace  /app/index.php?i=1&uniacid=1&t=undefined&v=1.3&m=ewei_shopv2&from=wxapp&c=entry&a=wxapp&do=main&&state=we7sid-0a271c16353bed7955cde1fa501a107d&sign=e148f03c244439a432c1a64b4c93c629 pn=upload; op=order; orderid=16314; 
上传
[2018-09-02 07:38:46] trace  /app/index.php?i=1&uniacid=1&t=undefined&v=1.3&m=ewei_shopv2&from=wxapp&c=entry&a=wxapp&do=main&&state=we7sid-166c1016323c88abdd2a84a0ac441d84&sign=6f84b4f33217c4a552abb46864b9fe94 pn=upload; op=order; orderid=16315; 
上传
[2018-09-02 08:09:40] trace  /app/index.php?i=1&uniacid=1&t=undefined&v=1.3&m=ewei_shopv2&from=wxapp&c=entry&a=wxapp&do=main&&state=we7sid-d75fccc51b6805767b7826aadd70d2ee&sign=d8b9e8134a0e939ba3cdbc566cbb2dd7 pn=upload; op=order; orderid=16316; 
上传
[2018-09-02 08:24:19] trace  /app/index.php?i=1&uniacid=1&t=undefined&v=1.3&m=ewei_shopv2&from=wxapp&c=entry&a=wxapp&do=main&&state=we7sid-89b7cd8772d38935c4e8eef86f0c6520&sign=0b6d1d54b3014ada25c32d7e6acbe529 pn=upload; op=order; orderid=16317; 
上传
[2018-09-02 08:30:16] trace  /app/index.php?i=1&uniacid=1&t=undefined&v=1.3&m=ewei_shopv2&from=wxapp&c=entry&a=wxapp&do=main&&state=we7sid-3c28d13d7b7750ef49edaebbeaf1630d&sign=9163344ab36c3cd45f896c35901a46e8 op=order; pn=upload; orderid=16318; 
上传
[2018-09-02 09:08:10] trace  /app/index.php?i=1&uniacid=1&t=undefined&v=1.3&m=ewei_shopv2&from=wxapp&c=entry&a=wxapp&do=main&&state=we7sid-8175369456f5cccf929aa0ea365deed9&sign=dc09f4b2775af1d9c75193d14c1557ca op=order; orderid=16319; pn=upload; 
上传
[2018-09-02 09:16:58] trace  /app/index.php?i=1&uniacid=1&t=undefined&v=1.3&m=ewei_shopv2&from=wxapp&c=entry&a=wxapp&do=main&&state=we7sid-dd3b1fc8f7866d037ae384e577645cb4&sign=d4a1bf7b4d51102004a430af41fe2124 pn=upload; op=order; orderid=16320; 
上传
[2018-09-02 09:56:38] trace  /app/index.php?i=1&uniacid=1&t=undefined&v=1.3&m=ewei_shopv2&from=wxapp&c=entry&a=wxapp&do=main&&state=we7sid-23ec00b3a8a36ae2509f5d1cbbfac930&sign=43d6008ebec193fc13d5796f9bd061c9 pn=upload; op=order; orderid=16321; 
上传
[2018-09-02 09:57:52] trace  /app/index.php?i=1&uniacid=1&t=undefined&v=1.3&m=ewei_shopv2&from=wxapp&c=entry&a=wxapp&do=main&&state=we7sid-fc73e8324ac51610302ee041db18e324&sign=a902bbab7531108e3d9b050958f68d1e pn=upload; op=order; orderid=16322; 
上传
[2018-09-02 10:11:32] trace  /app/index.php?i=1&uniacid=1&t=undefined&v=1.3&m=ewei_shopv2&from=wxapp&c=entry&a=wxapp&do=main&&state=we7sid-c4249f3b2ee6ca03e07b4bc7aca1ab4b&sign=543c6d82de77fd4a113d7c4a09f4c719 pn=upload; op=order; orderid=16323; 
上传
[2018-09-02 10:14:42] trace  /app/index.php?i=1&uniacid=1&t=undefined&v=1.3&m=ewei_shopv2&from=wxapp&c=entry&a=wxapp&do=main&&state=we7sid-233d74c057438e3aa7cc9b3e2ba92338&sign=63e097cb7b8ffd9bea9af94b02ff1289 pn=upload; op=order; orderid=16324; 
上传
[2018-09-02 10:18:19] trace  /app/index.php?i=1&uniacid=1&t=undefined&v=1.3&m=ewei_shopv2&from=wxapp&c=entry&a=wxapp&do=main&&state=we7sid-c1e6c5968ebfeb11f899f9c384dc268a&sign=42bd15919ae78e6eefaf3339b1bbb4c2 pn=upload; op=order; orderid=16325; 
上传
[2018-09-02 10:18:37] trace  /app/index.php?i=1&uniacid=1&t=undefined&v=1.3&m=ewei_shopv2&from=wxapp&c=entry&a=wxapp&do=main&&state=we7sid-3b0b63830df15dc1464fefa2895a0810&sign=64bdc490455e8fc715ff5a40cdfefcae pn=upload; op=order; orderid=16326; 
上传
[2018-09-02 10:35:36] trace  /app/index.php?i=1&uniacid=1&t=undefined&v=1.3&m=ewei_shopv2&from=wxapp&c=entry&a=wxapp&do=main&&state=we7sid-71e17a4c1e0a0d737b29de491e6aca3b&sign=449974cebfd658cb44b85a615d0812ca pn=upload; op=order; orderid=16327; 
上传
[2018-09-02 10:47:17] trace  /app/index.php?i=1&uniacid=1&t=undefined&v=1.3&m=ewei_shopv2&from=wxapp&c=entry&a=wxapp&do=main&&state=we7sid-b160dd15510d1c31fbfaac73ce276438&sign=87cd248b32bd7884ffc03515e425cf3c pn=upload; op=order; orderid=16328; 
上传
[2018-09-02 10:49:24] trace  /app/index.php?i=1&uniacid=1&t=undefined&v=1.3&m=ewei_shopv2&from=wxapp&c=entry&a=wxapp&do=main&&state=we7sid-82ff44dac3227a0f228043be50989c16&sign=c064f4a88a619bdc232707ddcb7d1a71 pn=upload; op=order; orderid=16329; 
上传
[2018-09-02 10:53:34] trace  /app/index.php?i=1&uniacid=1&t=undefined&v=1.3&m=ewei_shopv2&from=wxapp&c=entry&a=wxapp&do=main&&state=we7sid-863d0acbab4b45a48c8ea0b600902802&sign=ed5207c2d6d686bfb94ed6771d63dd5e op=order; orderid=16330; pn=upload; 
上传
[2018-09-02 11:01:20] trace  /app/index.php?i=1&uniacid=1&t=undefined&v=1.3&m=ewei_shopv2&from=wxapp&c=entry&a=wxapp&do=main&&state=we7sid-aa2b45d8e03b8ae47514e3acebfe48b1&sign=28fe4c5d1389b1c4d7e28c7d8079a393 pn=upload; op=order; orderid=16331; 
上传
[2018-09-02 11:10:15] trace  /app/index.php?i=1&uniacid=1&t=undefined&v=1.3&m=ewei_shopv2&from=wxapp&c=entry&a=wxapp&do=main&&state=we7sid-28b45d142eb48f25cb8ffb75368b32b1&sign=6bb84897b9ebb5f7faa607052668154f op=order; orderid=16332; pn=upload; 
上传
[2018-09-02 11:12:31] trace  /app/index.php?i=1&uniacid=1&t=undefined&v=1.3&m=ewei_shopv2&from=wxapp&c=entry&a=wxapp&do=main&&state=we7sid-6b47331d6d109f580396c47630bd22d4&sign=d048d760f91be00ed854d17a70257237 pn=upload; op=order; orderid=16333; 
上传
[2018-09-02 11:17:24] trace  /app/index.php?i=1&uniacid=1&t=undefined&v=1.3&m=ewei_shopv2&from=wxapp&c=entry&a=wxapp&do=main&&state=we7sid-006e64bf73226f509cc84c8b4bf5f382&sign=8d236404dbcd7106d125c300c35475c3 pn=upload; op=order; orderid=16334; 
上传
[2018-09-02 11:24:00] trace  /app/index.php?i=1&uniacid=1&t=undefined&v=1.3&m=ewei_shopv2&from=wxapp&c=entry&a=wxapp&do=main&&state=we7sid-4635a73c54825b90a469eedda695abd0&sign=6474b6570818876a2e1bd4a1a5712108 pn=upload; op=order; orderid=16335; 
上传
[2018-09-02 11:26:08] trace  /app/index.php?i=1&uniacid=1&t=undefined&v=1.3&m=ewei_shopv2&from=wxapp&c=entry&a=wxapp&do=main&&state=we7sid-eaa15c30bf3bb2242baa9222aa015700&sign=72dc06d8ca3c7ff84aa811c54ceddefe pn=upload; op=order; orderid=16336; 
上传
[2018-09-02 11:27:05] trace  /app/index.php?i=1&uniacid=1&t=undefined&v=1.3&m=ewei_shopv2&from=wxapp&c=entry&a=wxapp&do=main&&state=we7sid-7e452c60814eb05af51b5328392e1555&sign=53d7ccfc98b8b4e1bf8e3619cbf08aed pn=upload; op=order; orderid=16337; 
上传
[2018-09-02 11:30:16] trace  /app/index.php?i=1&uniacid=1&t=undefined&v=1.3&m=ewei_shopv2&from=wxapp&c=entry&a=wxapp&do=main&&state=we7sid-29aaa42b29f5c6535218459c40c6b85c&sign=3ad6588e708e3e5a13c5ee016d4931cc pn=upload; op=order; orderid=16338; 
上传
[2018-09-02 11:31:16] trace  /app/index.php?i=1&uniacid=1&t=undefined&v=1.3&m=ewei_shopv2&from=wxapp&c=entry&a=wxapp&do=main&&state=we7sid-29aaa42b29f5c6535218459c40c6b85c&sign=3ad6588e708e3e5a13c5ee016d4931cc pn=upload; op=order; orderid=16339; 
上传
[2018-09-02 11:38:27] trace  /app/index.php?i=1&uniacid=1&t=undefined&v=1.3&m=ewei_shopv2&from=wxapp&c=entry&a=wxapp&do=main&&state=we7sid-28a8fa85a7ff45f9d4eefc72e47e107a&sign=434b37c280a165ef6afeb3ed99b6ae20 pn=upload; op=order; orderid=16340; 
上传
[2018-09-02 11:55:38] trace  /app/index.php?i=1&uniacid=1&t=undefined&v=1.3&m=ewei_shopv2&from=wxapp&c=entry&a=wxapp&do=main&&state=we7sid-14b72462715fcc6396e130ce1ec11dd3&sign=1087f281abb72955c03fcaa5e67c4f3d pn=upload; op=order; orderid=16341; 
上传
[2018-09-02 12:05:07] trace  /app/index.php?i=1&uniacid=1&t=undefined&v=1.3&m=ewei_shopv2&from=wxapp&c=entry&a=wxapp&do=main&&state=we7sid-4ac9869a867dddd2532262af7baf62c3&sign=1c394fdae3ad5c300d420911b3a97381 pn=upload; op=order; orderid=16342; 
上传
[2018-09-02 12:10:20] trace  /app/index.php?i=1&uniacid=1&t=undefined&v=1.3&m=ewei_shopv2&from=wxapp&c=entry&a=wxapp&do=main&&state=we7sid-5a370825b57c9b697d253674c968daa4&sign=c8f731d915294296296c3eef17bacfb5 op=order; orderid=16343; pn=upload; 
上传
[2018-09-02 12:18:10] trace  /app/index.php?i=1&uniacid=1&t=undefined&v=1.3&m=ewei_shopv2&from=wxapp&c=entry&a=wxapp&do=main&&state=we7sid-cc4d69ff196216bc808f243e0869a6c1&sign=e2a214f63cd50e1482c76544808e5a09 pn=upload; op=order; orderid=16344; 
上传
[2018-09-02 13:01:46] trace  /app/index.php?i=1&uniacid=1&t=undefined&v=1.3&m=ewei_shopv2&from=wxapp&c=entry&a=wxapp&do=main&&state=we7sid-3eec2ae13fbf37cdec663526fc823e50&sign=89365cdce5220c0293e73cb0369da130 pn=upload; op=order; orderid=16345; 
上传
[2018-09-02 13:02:29] trace  /app/index.php?i=1&uniacid=1&t=undefined&v=1.3&m=ewei_shopv2&from=wxapp&c=entry&a=wxapp&do=main&&state=we7sid-a431da3955825b3c4aa950e29f595f94&sign=bd99ad2b74ee3b8042faee2a6c5885e5 pn=upload; op=order; orderid=16346; 
上传
[2018-09-02 13:02:33] trace  /app/index.php?i=1&uniacid=1&t=undefined&v=1.3&m=ewei_shopv2&from=wxapp&c=entry&a=wxapp&do=main&&state=we7sid-d297f2cd0809350f06dc5d3be2055532&sign=8a97c519383a18534de4258f00025bfc pn=upload; op=order; orderid=16347; 
上传
[2018-09-02 13:02:36] trace  /app/index.php?i=1&uniacid=1&t=undefined&v=1.3&m=ewei_shopv2&from=wxapp&c=entry&a=wxapp&do=main&&state=we7sid-c1dbb04bebf5b9e541cda1de188fcce5&sign=ddc6348f39c4105c7f51c5ce95691622 pn=upload; op=order; orderid=16348; 
上传
[2018-09-02 13:08:01] trace  /app/index.php?i=1&uniacid=1&t=undefined&v=1.3&m=ewei_shopv2&from=wxapp&c=entry&a=wxapp&do=main&&state=we7sid-4ebd852975cbdc38ca576aeb562a59c6&sign=d6edca790386320acb63a451e06d9183 pn=upload; op=order; orderid=16349; 
上传
[2018-09-02 13:08:02] trace  /app/index.php?i=1&uniacid=1&t=undefined&v=1.3&m=ewei_shopv2&from=wxapp&c=entry&a=wxapp&do=main&&state=we7sid-e7f65ff18e044f83076be1616a11cf96&sign=3a583477c3f781b37908f754d0717128 pn=upload; op=order; orderid=16350; 
上传
[2018-09-02 13:11:37] trace  /app/index.php?i=1&uniacid=1&t=undefined&v=1.3&m=ewei_shopv2&from=wxapp&c=entry&a=wxapp&do=main&&state=we7sid-6e4216a0d15609d0b2cdbabd575fe102&sign=79d60e9e7fdb84b9a984ac3fe1b53f8b pn=upload; op=order; orderid=16351; 
上传
[2018-09-02 13:45:14] trace  /app/index.php?i=1&uniacid=1&t=undefined&v=1.3&m=ewei_shopv2&from=wxapp&c=entry&a=wxapp&do=main&&state=we7sid-2e590c372cd59ca66117cd29ce4b0508&sign=3f3b579085d56e43b7c072428d6d6f85 pn=upload; op=order; orderid=16352; 
上传
[2018-09-02 13:47:36] trace  /app/index.php?i=1&uniacid=1&t=undefined&v=1.3&m=ewei_shopv2&from=wxapp&c=entry&a=wxapp&do=main&&state=we7sid-2e590c372cd59ca66117cd29ce4b0508&sign=3f3b579085d56e43b7c072428d6d6f85 pn=upload; op=order; orderid=16353; 
上传
[2018-09-02 14:08:03] trace  /app/index.php?i=1&uniacid=1&t=undefined&v=1.3&m=ewei_shopv2&from=wxapp&c=entry&a=wxapp&do=main&&state=we7sid-8bbfcefafec581434cbfffe6c2af9bde&sign=3cefe537badd41935f2a7416856ca81d pn=upload; op=order; orderid=16354; 
上传
[2018-09-02 14:08:04] trace  /app/index.php?i=1&uniacid=1&t=undefined&v=1.3&m=ewei_shopv2&from=wxapp&c=entry&a=wxapp&do=main&&state=we7sid-8bbfcefafec581434cbfffe6c2af9bde&sign=3cefe537badd41935f2a7416856ca81d pn=upload; op=order; orderid=16354; 
上传
[2018-09-02 14:38:10] trace  /app/index.php?i=1&uniacid=1&t=undefined&v=1.3&m=ewei_shopv2&from=wxapp&c=entry&a=wxapp&do=main&&state=we7sid-36c45d4a283fc255df46fc03a6b84ed3&sign=db8794c5e10839cb84e1fdacfbe2f116 pn=upload; op=order; orderid=16355; 
上传
[2018-09-02 15:08:21] trace  /app/index.php?i=1&uniacid=1&t=undefined&v=1.3&m=ewei_shopv2&from=wxapp&c=entry&a=wxapp&do=main&&state=we7sid-63c697c2e7dda8ef65ad0225977bc17c&sign=b8f6511580d3ba67047da680432fdd92 pn=upload; op=order; orderid=16356; 
上传
[2018-09-02 15:08:46] trace  /app/index.php?i=1&uniacid=1&t=undefined&v=1.3&m=ewei_shopv2&from=wxapp&c=entry&a=wxapp&do=main&&state=we7sid-fb55c2999e1b1aba92d334b98b872aa4&sign=141a5d7f70934280f45da7c33221053f pn=upload; op=order; orderid=16357; 
上传
[2018-09-02 15:18:21] trace  /app/index.php?i=1&uniacid=1&t=undefined&v=1.3&m=ewei_shopv2&from=wxapp&c=entry&a=wxapp&do=main&&state=we7sid-4a9f215ba8781b3f322819b5d5c2911d&sign=e29b39dda94001a7001fbf42d5a01fc7 pn=upload; op=order; orderid=16358; 
上传
[2018-09-02 15:19:55] trace  /app/index.php?i=1&uniacid=1&t=undefined&v=1.3&m=ewei_shopv2&from=wxapp&c=entry&a=wxapp&do=main&&state=we7sid-ea4b95edb653ec65aca854cb6d7cc5d6&sign=3b5694bc1fe4cabcdbd696bea02d1c0c op=order; orderid=16359; pn=upload; 
上传
[2018-09-02 15:21:48] trace  /app/index.php?i=1&uniacid=1&t=undefined&v=1.3&m=ewei_shopv2&from=wxapp&c=entry&a=wxapp&do=main&&state=we7sid-ea4b95edb653ec65aca854cb6d7cc5d6&sign=3b5694bc1fe4cabcdbd696bea02d1c0c op=order; orderid=16360; pn=upload; 
上传
[2018-09-02 15:53:56] trace  /app/index.php?i=1&uniacid=1&t=undefined&v=1.3&m=ewei_shopv2&from=wxapp&c=entry&a=wxapp&do=main&&state=we7sid-d1bf7b45f27de72a4cba78fc2f254525&sign=5002a290ec623c54877b6fd4b27d3fe7 pn=upload; op=order; orderid=16361; 
上传
[2018-09-02 16:24:54] trace  /app/index.php?i=1&uniacid=1&t=undefined&v=1.3&m=ewei_shopv2&from=wxapp&c=entry&a=wxapp&do=main&&state=we7sid-ba4d56c4c539f613e269487653fcebc5&sign=7240b3fb55939515b2c8ddcad21f410b pn=upload; op=author; orderid=15784; 
上传
[2018-09-02 16:31:33] trace  /app/index.php?i=1&uniacid=1&t=undefined&v=1.3&m=ewei_shopv2&from=wxapp&c=entry&a=wxapp&do=main&&state=we7sid-ba4d56c4c539f613e269487653fcebc5&sign=7240b3fb55939515b2c8ddcad21f410b pn=upload; op=author; orderid=15813; 
上传
[2018-09-02 16:37:47] trace  /app/index.php?i=1&uniacid=1&t=undefined&v=1.3&m=ewei_shopv2&from=wxapp&c=entry&a=wxapp&do=main&&state=we7sid-ba4d56c4c539f613e269487653fcebc5&sign=7240b3fb55939515b2c8ddcad21f410b pn=upload; op=author; orderid=15875; 
上传
[2018-09-02 16:40:01] trace  /app/index.php?i=1&uniacid=1&t=undefined&v=1.3&m=ewei_shopv2&from=wxapp&c=entry&a=wxapp&do=main&&state=we7sid-4524ce76c5f5164eeecfcaeb84dbc0a1&sign=062630314418b1ad840427c2339a1c14 op=order; orderid=16362; pn=upload; 
上传
[2018-09-02 16:42:44] trace  /app/index.php?i=1&uniacid=1&t=undefined&v=1.3&m=ewei_shopv2&from=wxapp&c=entry&a=wxapp&do=main&&state=we7sid-ba4d56c4c539f613e269487653fcebc5&sign=7240b3fb55939515b2c8ddcad21f410b pn=upload; op=author; orderid=16001; 
上传
[2018-09-02 16:50:30] trace  /app/index.php?i=1&uniacid=1&t=undefined&v=1.3&m=ewei_shopv2&from=wxapp&c=entry&a=wxapp&do=main&&state=we7sid-ba4d56c4c539f613e269487653fcebc5&sign=7240b3fb55939515b2c8ddcad21f410b pn=upload; op=author; orderid=16002; 
上传
[2018-09-02 16:52:58] trace  /app/index.php?i=1&uniacid=1&t=undefined&v=1.3&m=ewei_shopv2&from=wxapp&c=entry&a=wxapp&do=main&&state=we7sid-6b73ca412575ce10dfa5779eaa4e94db&sign=843409c8fb9402f65b28e8e58e098ba4 pn=upload; op=order; orderid=16363; 
上传
[2018-09-02 16:54:12] trace  /app/index.php?i=1&uniacid=1&t=undefined&v=1.3&m=ewei_shopv2&from=wxapp&c=entry&a=wxapp&do=main&&state=we7sid-f618a3bf324c8f6dd9ce6a9ce9ae84bd&sign=874be63694b7380055d1adc668924cea pn=upload; op=order; orderid=16364; 
上传
[2018-09-02 17:00:16] trace  /app/index.php?i=1&uniacid=1&t=undefined&v=1.3&m=ewei_shopv2&from=wxapp&c=entry&a=wxapp&do=main&&state=we7sid-ba4d56c4c539f613e269487653fcebc5&sign=7240b3fb55939515b2c8ddcad21f410b pn=upload; op=author; orderid=16011; 
上传
[2018-09-02 17:13:16] trace  /app/index.php?i=1&uniacid=1&t=undefined&v=1.3&m=ewei_shopv2&from=wxapp&c=entry&a=wxapp&do=main&&state=we7sid-da54d13dc84eaaa6c82d2416e2d429e1&sign=ff8a68224aa7cc46c95c0fcaf8c32602 op=order; orderid=16365; pn=upload; 
上传
[2018-09-02 17:17:48] trace  /app/index.php?i=1&uniacid=1&t=undefined&v=1.3&m=ewei_shopv2&from=wxapp&c=entry&a=wxapp&do=main&&state=we7sid-0fc689bbcc7cca66cffdc32087ab70f2&sign=8736b1b4d95128273ba2f9189e713682 pn=upload; op=order; orderid=16366; 
上传
[2018-09-02 17:20:08] trace  /app/index.php?i=1&uniacid=1&t=undefined&v=1.3&m=ewei_shopv2&from=wxapp&c=entry&a=wxapp&do=main&&state=we7sid-8ea2844e3d1b5878d6edd7c862badc39&sign=477de6fa22a2bda29e0fd813028cc0f2 pn=upload; op=order; orderid=16367; 
上传
[2018-09-02 17:23:23] trace  /app/index.php?i=1&uniacid=1&t=undefined&v=1.3&m=ewei_shopv2&from=wxapp&c=entry&a=wxapp&do=main&&state=we7sid-ba4d56c4c539f613e269487653fcebc5&sign=7240b3fb55939515b2c8ddcad21f410b pn=upload; op=author; orderid=16027; 
上传
[2018-09-02 17:28:55] trace  /app/index.php?i=1&uniacid=1&t=undefined&v=1.3&m=ewei_shopv2&from=wxapp&c=entry&a=wxapp&do=main&&state=we7sid-ba4d56c4c539f613e269487653fcebc5&sign=7240b3fb55939515b2c8ddcad21f410b pn=upload; op=author; orderid=16052; 
上传
[2018-09-02 18:39:32] trace  /app/index.php?i=1&uniacid=1&t=undefined&v=1.3&m=ewei_shopv2&from=wxapp&c=entry&a=wxapp&do=main&&state=we7sid-e1d2a25bb99b58d267b9821b91beab92&sign=fdd6219e39ffde851a80ae5bf1c10c6a pn=upload; op=order; orderid=16368; 
上传
[2018-09-02 18:42:01] trace  /app/index.php?i=1&uniacid=1&t=undefined&v=1.3&m=ewei_shopv2&from=wxapp&c=entry&a=wxapp&do=main&&state=we7sid-d848ce7554085bea1eb312112805c7c6&sign=1b39cae428fa780fc63c9bd5bf774b7f op=order; orderid=16369; pn=upload; 
上传
[2018-09-02 18:43:02] trace  /app/index.php?i=1&uniacid=1&t=undefined&v=1.3&m=ewei_shopv2&from=wxapp&c=entry&a=wxapp&do=main&&state=we7sid-e1d2a25bb99b58d267b9821b91beab92&sign=fdd6219e39ffde851a80ae5bf1c10c6a pn=upload; op=order; orderid=16370; 
上传
[2018-09-02 18:50:46] trace  /app/index.php?i=1&uniacid=1&t=undefined&v=1.3&m=ewei_shopv2&from=wxapp&c=entry&a=wxapp&do=main&&state=we7sid-5b54518e114b6e4ee9efef7d763b122d&sign=550cc2c5ef886bbd61301544fbe50962 pn=upload; op=order; orderid=16371; 
上传
[2018-09-02 19:15:47] trace  /app/index.php?i=1&uniacid=1&t=undefined&v=1.3&m=ewei_shopv2&from=wxapp&c=entry&a=wxapp&do=main&&state=we7sid-63a95a3e9265f3f648f1cea2fb83a53d&sign=3c60af67dc280481f692a43490fe1050 pn=upload; op=order; orderid=16372; 
上传
[2018-09-02 19:56:13] trace  /app/index.php?i=1&uniacid=1&t=undefined&v=1.3&m=ewei_shopv2&from=wxapp&c=entry&a=wxapp&do=main&&state=we7sid-2aa64e72de511194763d0f023a655b40&sign=c7e527a0372da9b4612685f752ed2477 op=order; orderid=16373; pn=upload; 
上传
[2018-09-02 19:57:50] trace  /app/index.php?i=1&uniacid=1&t=undefined&v=1.3&m=ewei_shopv2&from=wxapp&c=entry&a=wxapp&do=main&&state=we7sid-9540d7b54e7ec9b9480d050c5212b739&sign=4caabd999f0ad7689669ee8d785d3caa pn=upload; op=order; orderid=16374; 
上传
[2018-09-02 20:41:35] trace  /app/index.php?i=1&uniacid=1&t=undefined&v=1.3&m=ewei_shopv2&from=wxapp&c=entry&a=wxapp&do=main&&state=we7sid-02f0208ad3bab896b898b78f5e466609&sign=b6647fc0e0e3a0b1264b5ff16b3882e2 pn=upload; op=order; orderid=16375; 
上传
[2018-09-02 21:26:14] trace  /app/index.php?i=1&uniacid=1&t=undefined&v=1.3&m=ewei_shopv2&from=wxapp&c=entry&a=wxapp&do=main&&state=we7sid-e2be68e7cf6c59c018cc1f37f383f3c7&sign=d48ac027ee21ae0e4a3cf2324fd3b2a9 op=order; orderid=16377; pn=upload; 
上传
[2018-09-02 21:31:36] trace  /app/index.php?i=1&uniacid=1&t=undefined&v=1.3&m=ewei_shopv2&from=wxapp&c=entry&a=wxapp&do=main&&state=we7sid-e52bd99a460aca56138432d521975d91&sign=c18a052cbdc52c07e99e9d90b38d04fb pn=upload; op=order; orderid=16378; 
上传
[2018-09-02 21:49:33] trace  /app/index.php?i=1&uniacid=1&t=undefined&v=1.3&m=ewei_shopv2&from=wxapp&c=entry&a=wxapp&do=main&&state=we7sid-35e2981e6b51242a4b1f94e7c2581a39&sign=cc3824762c22f4a43e707b0ccdf08de6 op=order; orderid=16379; pn=upload; 
上传
[2018-09-02 21:51:39] trace  /app/index.php?i=1&uniacid=1&t=undefined&v=1.3&m=ewei_shopv2&from=wxapp&c=entry&a=wxapp&do=main&&state=we7sid-1fde4bd521102b30a0f5da598703e0ea&sign=06352edfc682dec5268b83fd6606bc5a pn=upload; op=author; orderid=16086; 
上传
[2018-09-02 21:52:44] trace  /app/index.php?i=1&uniacid=1&t=undefined&v=1.3&m=ewei_shopv2&from=wxapp&c=entry&a=wxapp&do=main&&state=we7sid-ee0b1a72b6ccc0d25e1cb9fc2a96da69&sign=61862dc8324081195de29c1f18beb9b4 pn=upload; op=order; orderid=16380; 
上传
[2018-09-02 21:56:52] trace  /app/index.php?i=1&uniacid=1&t=undefined&v=1.3&m=ewei_shopv2&from=wxapp&c=entry&a=wxapp&do=main&&state=we7sid-1fde4bd521102b30a0f5da598703e0ea&sign=06352edfc682dec5268b83fd6606bc5a pn=upload; op=author; orderid=16087; 
上传
[2018-09-02 22:03:07] trace  /app/index.php?i=1&uniacid=1&t=undefined&v=1.3&m=ewei_shopv2&from=wxapp&c=entry&a=wxapp&do=main&&state=we7sid-1fde4bd521102b30a0f5da598703e0ea&sign=06352edfc682dec5268b83fd6606bc5a pn=upload; op=author; orderid=16098; 
上传
[2018-09-02 22:11:56] trace  /app/index.php?i=1&uniacid=1&t=undefined&v=1.3&m=ewei_shopv2&from=wxapp&c=entry&a=wxapp&do=main&&state=we7sid-1fde4bd521102b30a0f5da598703e0ea&sign=06352edfc682dec5268b83fd6606bc5a pn=upload; op=author; orderid=16112; 
上传
[2018-09-02 22:19:24] trace  /app/index.php?i=1&uniacid=1&t=undefined&v=1.3&m=ewei_shopv2&from=wxapp&c=entry&a=wxapp&do=main&&state=we7sid-1fde4bd521102b30a0f5da598703e0ea&sign=06352edfc682dec5268b83fd6606bc5a pn=upload; op=author; orderid=16117; 
上传
[2018-09-02 22:23:50] trace  /app/index.php?i=1&uniacid=1&t=undefined&v=1.3&m=ewei_shopv2&from=wxapp&c=entry&a=wxapp&do=main&&state=we7sid-1fde4bd521102b30a0f5da598703e0ea&sign=06352edfc682dec5268b83fd6606bc5a pn=upload; op=author; orderid=16130; 
上传
[2018-09-02 22:27:35] trace  /app/index.php?i=1&uniacid=1&t=undefined&v=1.3&m=ewei_shopv2&from=wxapp&c=entry&a=wxapp&do=main&&state=we7sid-1fde4bd521102b30a0f5da598703e0ea&sign=06352edfc682dec5268b83fd6606bc5a pn=upload; op=author; orderid=16150; 
上传
[2018-09-02 22:33:01] trace  /app/index.php?i=1&uniacid=1&t=undefined&v=1.3&m=ewei_shopv2&from=wxapp&c=entry&a=wxapp&do=main&&state=we7sid-1fde4bd521102b30a0f5da598703e0ea&sign=06352edfc682dec5268b83fd6606bc5a pn=upload; op=author; orderid=16182; 
上传
[2018-09-02 22:37:42] trace  /app/index.php?i=1&uniacid=1&t=undefined&v=1.3&m=ewei_shopv2&from=wxapp&c=entry&a=wxapp&do=main&&state=we7sid-1a39311884748568a21cf85d7dc82197&sign=c7dbe94c7e6b93745bddb8db379f992a pn=upload; op=order; orderid=16381; 
上传
[2018-09-02 22:39:07] trace  /app/index.php?i=1&uniacid=1&t=undefined&v=1.3&m=ewei_shopv2&from=wxapp&c=entry&a=wxapp&do=main&&state=we7sid-1fde4bd521102b30a0f5da598703e0ea&sign=06352edfc682dec5268b83fd6606bc5a pn=upload; op=author; orderid=16201; 
上传
[2018-09-02 22:47:31] trace  /app/index.php?i=1&uniacid=1&t=undefined&v=1.3&m=ewei_shopv2&from=wxapp&c=entry&a=wxapp&do=main&&state=we7sid-1fde4bd521102b30a0f5da598703e0ea&sign=06352edfc682dec5268b83fd6606bc5a pn=upload; op=author; orderid=16278; 
上传
[2018-09-02 22:49:42] trace  /app/index.php?i=1&uniacid=1&t=undefined&v=1.3&m=ewei_shopv2&from=wxapp&c=entry&a=wxapp&do=main&&state=we7sid-0ff06dcf7e4efc990c0112413c4acad7&sign=62d91fcc7bd81c62c98754aed67d204d pn=upload; op=order; orderid=16382; 
上传
[2018-09-02 22:52:21] trace  /app/index.php?i=1&uniacid=1&t=undefined&v=1.3&m=ewei_shopv2&from=wxapp&c=entry&a=wxapp&do=main&&state=we7sid-1fde4bd521102b30a0f5da598703e0ea&sign=06352edfc682dec5268b83fd6606bc5a pn=upload; op=author; orderid=16304; 
上传
[2018-09-02 22:59:06] trace  /app/index.php?i=1&uniacid=1&t=undefined&v=1.3&m=ewei_shopv2&from=wxapp&c=entry&a=wxapp&do=main&&state=we7sid-1fde4bd521102b30a0f5da598703e0ea&sign=06352edfc682dec5268b83fd6606bc5a pn=upload; op=author; orderid=16310; 
上传
[2018-09-02 23:00:07] trace  /app/index.php?i=1&uniacid=1&t=undefined&v=1.3&m=ewei_shopv2&from=wxapp&c=entry&a=wxapp&do=main&&state=we7sid-aa571c8cd805412a155b60627e7b221e&sign=e58d0ccc455c9ade1dd16197f3390b71 pn=upload; op=order; orderid=16383; 
上传
[2018-09-02 23:00:55] trace  /app/index.php?i=1&uniacid=1&t=undefined&v=1.3&m=ewei_shopv2&from=wxapp&c=entry&a=wxapp&do=main&&state=we7sid-9dbe5549d3c2309f84d83098cb77a989&sign=6b1fb79bfba4c052404a5c10081a2109 pn=upload; op=order; orderid=16384; 
上传
[2018-09-02 23:04:25] trace  /app/index.php?i=1&uniacid=1&t=undefined&v=1.3&m=ewei_shopv2&from=wxapp&c=entry&a=wxapp&do=main&&state=we7sid-1fde4bd521102b30a0f5da598703e0ea&sign=06352edfc682dec5268b83fd6606bc5a pn=upload; op=author; orderid=16321; 
上传
[2018-09-02 23:05:58] trace  /app/index.php?i=1&uniacid=1&t=undefined&v=1.3&m=ewei_shopv2&from=wxapp&c=entry&a=wxapp&do=main&&state=we7sid-5b6d5956164efffea780bf57de0de6fc&sign=6a00b19609002a7cf8797c5b7925e292 pn=upload; op=order; orderid=16385; 
上传
[2018-09-02 23:13:34] trace  /app/index.php?i=1&uniacid=1&t=undefined&v=1.3&m=ewei_shopv2&from=wxapp&c=entry&a=wxapp&do=main&&state=we7sid-1fde4bd521102b30a0f5da598703e0ea&sign=06352edfc682dec5268b83fd6606bc5a pn=upload; op=author; orderid=16353; 
上传
[2018-09-02 23:22:04] trace  /app/index.php?i=1&uniacid=1&t=undefined&v=1.3&m=ewei_shopv2&from=wxapp&c=entry&a=wxapp&do=main&&state=we7sid-1fde4bd521102b30a0f5da598703e0ea&sign=06352edfc682dec5268b83fd6606bc5a pn=upload; op=author; orderid=16370; 
上传
[2018-09-02 23:37:37] trace  /app/index.php?i=1&uniacid=1&t=undefined&v=1.3&m=ewei_shopv2&from=wxapp&c=entry&a=wxapp&do=main&&state=we7sid-8851fc0682d22bf3bab2b680c1d3475d&sign=e958eb554eaa70fdeb6f0d0090dab5d4 pn=upload; op=order; orderid=16386; 
上传
