[2018-05-27 00:01:11] trace  /app/index.php?i=1&uniacid=1&t=undefined&v=1.1&m=ewei_shopv2&from=wxapp&c=entry&a=wxapp&do=main&&state=we7sid-75f112623d1f399dbb4757521610e006&sign=8119927e2cbffb2d7d159c34a9000add pn=upload; op=order; orderid=5703; 
上传
[2018-05-27 00:06:02] trace  /app/index.php?i=1&uniacid=1&t=undefined&v=1.1&m=ewei_shopv2&from=wxapp&c=entry&a=wxapp&do=main&&state=we7sid-323ca9c3462f4888014e02aa5058556f&sign=b5e54105944c8fd86d04a490901a7ad8 pn=upload; op=order; orderid=5704; 
上传
[2018-05-27 00:14:25] trace  /app/index.php?i=1&uniacid=1&t=undefined&v=1.1&m=ewei_shopv2&from=wxapp&c=entry&a=wxapp&do=main&&state=we7sid-f5413cf5e650bffda19ae686fe77c10e&sign=9306e02920161d255d1d33804238d285 pn=upload; op=order; orderid=5705; 
上传
[2018-05-27 01:06:30] trace  /app/index.php?i=1&uniacid=1&t=undefined&v=1.1&m=ewei_shopv2&from=wxapp&c=entry&a=wxapp&do=main&&state=we7sid-44038b4ee869825ac2e668a47cfe55e3&sign=e5a999ff491e78bc2c25305fd0427034 pn=upload; op=order; orderid=5706; 
上传
[2018-05-27 01:13:40] trace  /app/index.php?i=1&uniacid=1&t=undefined&v=1.1&m=ewei_shopv2&from=wxapp&c=entry&a=wxapp&do=main&&state=we7sid-79a36bdf9c20f4b3c14c663ba0c7600c&sign=1809ad2ddf4b05656758f2b1fec23b71 pn=upload; op=order; orderid=5707; 
上传
[2018-05-27 01:16:31] trace  /app/index.php?i=1&uniacid=1&t=undefined&v=1.1&m=ewei_shopv2&from=wxapp&c=entry&a=wxapp&do=main&&state=we7sid-78623b5cd8f1f778410afd59e9f454ac&sign=b38f7d39e1c1b0e3bfd0699f19e57dcb pn=upload; op=order; orderid=5708; 
上传
[2018-05-27 01:26:11] trace  /app/index.php?i=1&uniacid=1&t=undefined&v=1.1&m=ewei_shopv2&from=wxapp&c=entry&a=wxapp&do=main&&state=we7sid-457b450dafde4341de2f584068f33121&sign=22fbf8570bb888da7f1a11314f1835a5 pn=upload; op=order; orderid=5709; 
上传
[2018-05-27 02:14:03] trace  /app/index.php?i=1&uniacid=1&t=undefined&v=1.1&m=ewei_shopv2&from=wxapp&c=entry&a=wxapp&do=main&&state=we7sid-504de90fecb1b0feca5da137456e39c4&sign=15815f6b2280529701dbefc6aa7a958e pn=upload; op=order; orderid=5710; 
上传
[2018-05-27 06:35:30] trace  /app/index.php?i=1&uniacid=1&t=undefined&v=1.1&m=ewei_shopv2&from=wxapp&c=entry&a=wxapp&do=main&&state=we7sid-d662d57f15f77284e1d8d518e790bef4&sign=db4f6fe8841f30873c022b1da33fa83d pn=upload; op=order; orderid=5711; 
上传
[2018-05-27 07:42:41] trace  /app/index.php?i=1&uniacid=1&t=undefined&v=1.1&m=ewei_shopv2&from=wxapp&c=entry&a=wxapp&do=main&&state=we7sid-79e8fb2252b4c497cd85af0d81e68896&sign=2be63d51f87f0d2fb5b46dc36f7b92c0 pn=upload; op=order; orderid=5712; 
上传
[2018-05-27 08:05:41] trace  /app/index.php?i=1&uniacid=1&t=undefined&v=1.1&m=ewei_shopv2&from=wxapp&c=entry&a=wxapp&do=main&&state=we7sid-9378a549260607672bc4739ca3e03c4f&sign=723c7bbd5e61abd71ee762bd633c2cb2 pn=upload; op=order; orderid=5713; 
上传
[2018-05-27 08:12:21] trace  /app/index.php?i=1&uniacid=1&t=undefined&v=1.1&m=ewei_shopv2&from=wxapp&c=entry&a=wxapp&do=main&&state=we7sid-3e96e3f84133a2bac0564642cfb93498&sign=021d24d2e416dcbf03d3fe3be25893b7 pn=upload; op=order; orderid=5714; 
上传
[2018-05-27 08:41:07] trace  /app/index.php?i=1&uniacid=1&t=undefined&v=1.1&m=ewei_shopv2&from=wxapp&c=entry&a=wxapp&do=main&&state=we7sid-713f8399cfb30f63bd2be92e3b0924b4&sign=99234e75ee63a8c3e8cb3a48185e8373 pn=upload; op=order; orderid=5715; 
上传
[2018-05-27 09:04:50] trace  /app/index.php?i=1&uniacid=1&t=undefined&v=1.1&m=ewei_shopv2&from=wxapp&c=entry&a=wxapp&do=main&&state=we7sid-9db81abf3aff34d037cdddc9271e73d6&sign=44b102a589e8a5a836e7fffd16dc919f pn=upload; op=order; orderid=5716; 
上传
[2018-05-27 09:10:00] trace  /app/index.php?i=1&uniacid=1&t=undefined&v=1.1&m=ewei_shopv2&from=wxapp&c=entry&a=wxapp&do=main&&state=we7sid-f12482b295e1371987b4c74d7b8beaf2&sign=5906affc5d04a2fc86e5853ea487fca7 pn=upload; op=order; orderid=5717; 
上传
[2018-05-27 09:22:46] trace  /app/index.php?i=1&uniacid=1&t=undefined&v=1.1&m=ewei_shopv2&from=wxapp&c=entry&a=wxapp&do=main&&state=we7sid-7f77a457400db43f99b2e81cf079190e&sign=20389f06c3a6d9e1108a2f8bca1def91 pn=upload; op=order; orderid=5718; 
上传
[2018-05-27 09:32:08] trace  /app/index.php?i=1&uniacid=1&t=undefined&v=1.1&m=ewei_shopv2&from=wxapp&c=entry&a=wxapp&do=main&&state=we7sid-7deeea0736dc984511da99ca130a9fa2&sign=1ce6d8b3caef837a1872e6618fe8b14e op=order; orderid=5719; pn=upload; 
上传
[2018-05-27 09:37:23] trace  /app/index.php?i=1&uniacid=1&t=undefined&v=1.1&m=ewei_shopv2&from=wxapp&c=entry&a=wxapp&do=main&&state=we7sid-a6be5b2293ccb3c366ebb34ab9e6822e&sign=685d354878cdb108954cc3e6d08be70f op=order; orderid=5720; pn=upload; 
上传
[2018-05-27 09:38:02] trace  /app/index.php?i=1&uniacid=1&t=undefined&v=1.1&m=ewei_shopv2&from=wxapp&c=entry&a=wxapp&do=main&&state=we7sid-3b8450eaf3f8a6408e821450b3bb8ac2&sign=111f479ed869b6229a90e9d360e25376 pn=upload; op=order; orderid=5721; 
上传
[2018-05-27 09:59:02] trace  /app/index.php?i=1&uniacid=1&t=undefined&v=1.1&m=ewei_shopv2&from=wxapp&c=entry&a=wxapp&do=main&&state=we7sid-d6e01c9d90fcbc4609233ad38c5e3003&sign=a88e303119d5b6866ec18245352c878c pn=upload; op=order; orderid=5722; 
上传
[2018-05-27 10:06:31] trace  /app/index.php?i=1&uniacid=1&t=undefined&v=1.1&m=ewei_shopv2&from=wxapp&c=entry&a=wxapp&do=main&&state=we7sid-f9ee1a2b3bcd158c63f68f887c9c0ab1&sign=5e19cd4463d0dfe5c631ff017d4e5c1b pn=upload; op=order; orderid=5723; 
上传
[2018-05-27 10:17:10] trace  /app/index.php?i=1&uniacid=1&t=undefined&v=1.1&m=ewei_shopv2&from=wxapp&c=entry&a=wxapp&do=main&&state=we7sid-854d95667cbd555245a7f52490e0fde7&sign=5d454da72d016ecb1e8420bf4a07ee20 pn=upload; op=order; orderid=5724; 
上传
[2018-05-27 10:29:47] trace  /app/index.php?i=1&uniacid=1&t=undefined&v=1.1&m=ewei_shopv2&from=wxapp&c=entry&a=wxapp&do=main&&state=we7sid-069fb1d1a4a886c2d06a0526f21c8418&sign=cba6674fbd33a5019c047004353b2aa6 pn=upload; op=order; orderid=5725; 
上传
[2018-05-27 10:38:31] trace  /app/index.php?i=1&uniacid=1&t=undefined&v=1.1&m=ewei_shopv2&from=wxapp&c=entry&a=wxapp&do=main&&state=we7sid-9f9ed37f44783124cc7320024a36bf55&sign=3f9f2cef912a405ab350ea1586354867 pn=upload; op=order; orderid=5726; 
上传
[2018-05-27 11:06:39] trace  /app/index.php?i=1&uniacid=1&t=undefined&v=1.1&m=ewei_shopv2&from=wxapp&c=entry&a=wxapp&do=main&&state=we7sid-0f27b60d022b439ad830e5acd153112b&sign=c87f0d57f52e4fcfd45a598b7ed9f44b pn=upload; op=order; orderid=5727; 
上传
[2018-05-27 12:01:20] trace  /app/index.php?i=1&uniacid=1&t=undefined&v=1.1&m=ewei_shopv2&from=wxapp&c=entry&a=wxapp&do=main&&state=we7sid-01038ca88ebd5648132898d8ee7bf8ab&sign=e69c1f5682e071431fc999edd70ced60 pn=upload; op=order; orderid=5728; 
上传
[2018-05-27 12:14:18] trace  /app/index.php?i=1&uniacid=1&t=undefined&v=1.1&m=ewei_shopv2&from=wxapp&c=entry&a=wxapp&do=main&&state=we7sid-db3b7e8e704b5b33df6c8940c23c6e05&sign=e3698e49a8bb7caf4da5cd565c55fb0d pn=upload; op=order; orderid=5729; 
上传
[2018-05-27 12:14:19] trace  /app/index.php?i=1&uniacid=1&t=undefined&v=1.1&m=ewei_shopv2&from=wxapp&c=entry&a=wxapp&do=main&&state=we7sid-db3b7e8e704b5b33df6c8940c23c6e05&sign=e3698e49a8bb7caf4da5cd565c55fb0d pn=upload; op=order; orderid=5730; 
上传
[2018-05-27 12:22:39] trace  /app/index.php?i=1&uniacid=1&t=undefined&v=1.1&m=ewei_shopv2&from=wxapp&c=entry&a=wxapp&do=main&&state=we7sid-8a4aa48f6a4fcee636da156e6f4b298a&sign=91d8675b06a489bbe41fc00289ca3772 pn=upload; op=order; orderid=5731; 
上传
[2018-05-27 12:22:40] trace  /app/index.php?i=1&uniacid=1&t=undefined&v=1.1&m=ewei_shopv2&from=wxapp&c=entry&a=wxapp&do=main&&state=we7sid-8a4aa48f6a4fcee636da156e6f4b298a&sign=91d8675b06a489bbe41fc00289ca3772 pn=upload; op=order; orderid=5732; 
上传
[2018-05-27 12:38:54] trace  /app/index.php?i=1&uniacid=1&t=undefined&v=1.1&m=ewei_shopv2&from=wxapp&c=entry&a=wxapp&do=main&&state=we7sid-f463ce104e86adca2b9a474bed451929&sign=bab5d7a187b0f65b0479d4484d078006 pn=upload; op=order; orderid=5733; 
上传
[2018-05-27 12:50:52] trace  /app/index.php?i=1&uniacid=1&t=undefined&v=1.1&m=ewei_shopv2&from=wxapp&c=entry&a=wxapp&do=main&&state=we7sid-d006a1a0c283ed8b1fdbe53633ed1ff3&sign=78bfdb5aaa4c94c138972fb87d70d349 pn=upload; op=order; orderid=5734; 
上传
[2018-05-27 12:54:57] trace  /app/index.php?i=1&uniacid=1&t=undefined&v=1.1&m=ewei_shopv2&from=wxapp&c=entry&a=wxapp&do=main&&state=we7sid-2a40ba4df40c9f5bac719fe7a47931e3&sign=e3346e523f3b84df87d12e6f0697b997 pn=upload; op=order; orderid=5735; 
上传
[2018-05-27 13:20:48] trace  /app/index.php?i=1&uniacid=1&t=undefined&v=1.1&m=ewei_shopv2&from=wxapp&c=entry&a=wxapp&do=main&&state=we7sid-9c8dfee0735dae5475768eea27c53927&sign=7ca8435c6884fcd1851cdac7819b394c pn=upload; op=order; orderid=5736; 
上传
[2018-05-27 13:38:05] trace  /app/index.php?i=1&uniacid=1&t=undefined&v=1.1&m=ewei_shopv2&from=wxapp&c=entry&a=wxapp&do=main&&state=we7sid-70a9cc4924da6727d30c120d1766b3ae&sign=ee939a71b69d4ee2c00a6a67e830b8bc pn=upload; op=order; orderid=5737; 
上传
[2018-05-27 13:48:06] trace  /app/index.php?i=1&uniacid=1&t=undefined&v=1.1&m=ewei_shopv2&from=wxapp&c=entry&a=wxapp&do=main&&state=we7sid-d3715867508cfdba26b489ef9f1e70c0&sign=408e29a664aacd14f11cf828f889c25c pn=upload; op=order; orderid=5738; 
上传
[2018-05-27 13:59:26] trace  /app/index.php?i=1&uniacid=1&t=undefined&v=1.1&m=ewei_shopv2&from=wxapp&c=entry&a=wxapp&do=main&&state=we7sid-424a84344f5dfdebec1fd11f762c52e8&sign=640d979c7bd91529622ea64981bcb015 pn=upload; op=order; orderid=5739; 
上传
[2018-05-27 14:04:13] trace  /app/index.php?i=1&uniacid=1&t=undefined&v=1.1&m=ewei_shopv2&from=wxapp&c=entry&a=wxapp&do=main&&state=we7sid-7ed82d02ad321e0d3fd76887777fe88a&sign=785ad5db5380ace8af2c9c222be6edfe pn=upload; op=order; orderid=5740; 
上传
[2018-05-27 14:04:41] trace  /app/index.php?i=1&uniacid=1&t=undefined&v=1.1&m=ewei_shopv2&from=wxapp&c=entry&a=wxapp&do=main&&state=we7sid-7ed82d02ad321e0d3fd76887777fe88a&sign=785ad5db5380ace8af2c9c222be6edfe pn=upload; op=order; orderid=5741; 
上传
[2018-05-27 14:24:04] trace  /app/index.php?i=1&uniacid=1&t=undefined&v=1.1&m=ewei_shopv2&from=wxapp&c=entry&a=wxapp&do=main&&state=we7sid-5cb143d168ca5d48f4a790cd80ec4eb5&sign=1b32e8ca2256f2969f387a279b445c5c pn=upload; op=order; orderid=5742; 
上传
[2018-05-27 14:25:36] trace  /app/index.php?i=1&uniacid=1&t=undefined&v=1.1&m=ewei_shopv2&from=wxapp&c=entry&a=wxapp&do=main&&state=we7sid-6e0e1f2e8167f2faa417dbfdd976ef4d&sign=e2fd9ac8148488e645fe988e554c1510 pn=upload; op=order; orderid=5743; 
上传
[2018-05-27 14:25:37] trace  /app/index.php?i=1&uniacid=1&t=undefined&v=1.1&m=ewei_shopv2&from=wxapp&c=entry&a=wxapp&do=main&&state=we7sid-6e0e1f2e8167f2faa417dbfdd976ef4d&sign=e2fd9ac8148488e645fe988e554c1510 pn=upload; op=order; orderid=5743; 
上传
[2018-05-27 14:29:43] trace  /app/index.php?i=1&uniacid=1&t=undefined&v=1.1&m=ewei_shopv2&from=wxapp&c=entry&a=wxapp&do=main&&state=we7sid-5cb143d168ca5d48f4a790cd80ec4eb5&sign=1b32e8ca2256f2969f387a279b445c5c pn=upload; op=order; orderid=5744; 
上传
[2018-05-27 14:40:52] trace  /app/index.php?i=1&uniacid=1&t=undefined&v=1.1&m=ewei_shopv2&from=wxapp&c=entry&a=wxapp&do=main&&state=we7sid-eeece035e36f601f40716c692c7edf59&sign=c7c5dfc1f2b9734e967724e3f566c1a2 pn=upload; op=order; orderid=5745; 
上传
[2018-05-27 14:48:07] trace  /app/index.php?i=1&uniacid=1&t=undefined&v=1.1&m=ewei_shopv2&from=wxapp&c=entry&a=wxapp&do=main&&state=we7sid-6e2e7be26bd5f0a7a1e042930b8f797d&sign=a4319c4a1d13b423db23060bb5d2a786 pn=upload; op=order; orderid=5746; 
上传
[2018-05-27 14:50:56] trace  /app/index.php?i=1&uniacid=1&t=undefined&v=1.1&m=ewei_shopv2&from=wxapp&c=entry&a=wxapp&do=main&&state=we7sid-9d63b839c3d15ac925e5fc005d5f6b5b&sign=8ae87fc3a207a06590ff28572d064922 pn=upload; op=order; orderid=5747; 
上传
[2018-05-27 14:51:14] trace  /app/index.php?i=1&uniacid=1&t=undefined&v=1.1&m=ewei_shopv2&from=wxapp&c=entry&a=wxapp&do=main&&state=we7sid-b22367283bb9d01be36a12d4d62a14ed&sign=d20fa17d5de009473ff4e812ef9396d6 op=order; orderid=5748; pn=upload; 
上传
[2018-05-27 14:52:37] trace  /app/index.php?i=1&uniacid=1&t=undefined&v=1.1&m=ewei_shopv2&from=wxapp&c=entry&a=wxapp&do=main&&state=we7sid-f164074d86bef48000372c6306e1acfe&sign=8d7185d06a3c28dc12e39ee4aee98cd8 pn=upload; op=order; orderid=5749; 
上传
[2018-05-27 14:55:00] trace  /app/index.php?i=1&uniacid=1&t=undefined&v=1.1&m=ewei_shopv2&from=wxapp&c=entry&a=wxapp&do=main&&state=we7sid-4c8fcf5725c8ce95229368d5aa7c3352&sign=8d52c454738ac1862dd13effe28437bc pn=upload; op=order; orderid=5750; 
上传
[2018-05-27 15:04:54] trace  /app/index.php?i=1&uniacid=1&t=undefined&v=1.1&m=ewei_shopv2&from=wxapp&c=entry&a=wxapp&do=main&&state=we7sid-e9642f5bbed382bb6f391f9b3f2a32ee&sign=cf3d41ad87e3d0aeb594d961828d351d pn=upload; op=order; orderid=5751; 
上传
[2018-05-27 15:05:19] trace  /app/index.php?i=1&uniacid=1&t=undefined&v=1.1&m=ewei_shopv2&from=wxapp&c=entry&a=wxapp&do=main&&state=we7sid-c84a5e6ab6e1cbf43cf40529f112e597&sign=4bcfd609d47bbb57c5a10e31725ad2fe pn=upload; op=order; orderid=5752; 
上传
[2018-05-27 15:15:21] trace  /app/index.php?i=1&uniacid=1&t=undefined&v=1.1&m=ewei_shopv2&from=wxapp&c=entry&a=wxapp&do=main&&state=we7sid-c098f8b92956487289024c3465ab2d9f&sign=4f3e399e8e63d19d9befcde0a5cdb39e pn=upload; op=order; orderid=5753; 
上传
[2018-05-27 15:22:56] trace  /app/index.php?i=1&uniacid=1&t=undefined&v=1.1&m=ewei_shopv2&from=wxapp&c=entry&a=wxapp&do=main&&state=we7sid-f5ce683c8c846ffe917584c8e775cd39&sign=1cd873a9dec34a379cca111f615191c5 pn=upload; op=order; orderid=5754; 
上传
[2018-05-27 15:29:44] trace  /app/index.php?i=1&uniacid=1&t=undefined&v=1.1&m=ewei_shopv2&from=wxapp&c=entry&a=wxapp&do=main&&state=we7sid-070f069a013d99b9557c9abbabd2603c&sign=c48750e989021ca9c50ad567b2fa99e6 pn=upload; op=order; orderid=5755; 
上传
[2018-05-27 15:30:30] trace  /app/index.php?i=1&uniacid=1&t=undefined&v=1.1&m=ewei_shopv2&from=wxapp&c=entry&a=wxapp&do=main&&state=we7sid-b4b698d3153924459d4d8360a2bb3ed2&sign=ae76457362d6e2147ac3180a1b560002 pn=upload; op=order; orderid=5756; 
上传
[2018-05-27 15:58:34] trace  /app/index.php?i=1&uniacid=1&t=undefined&v=1.1&m=ewei_shopv2&from=wxapp&c=entry&a=wxapp&do=main&&state=we7sid-c75eb240cd9ff33807dba616e2722855&sign=947929280682fc2bfa6f95592ba603de pn=upload; op=order; orderid=5757; 
上传
[2018-05-27 15:59:02] trace  /app/index.php?i=1&uniacid=1&t=undefined&v=1.1&m=ewei_shopv2&from=wxapp&c=entry&a=wxapp&do=main&&state=we7sid-c75eb240cd9ff33807dba616e2722855&sign=947929280682fc2bfa6f95592ba603de pn=upload; op=order; orderid=5759; 
上传
[2018-05-27 16:06:52] trace  /app/index.php?i=1&uniacid=1&t=undefined&v=1.1&m=ewei_shopv2&from=wxapp&c=entry&a=wxapp&do=main&&state=we7sid-b29a67fe9be6dcaa30aac53818efeb44&sign=021de78100744fdb0a9c4196655c8a9d op=order; pn=upload; orderid=5760; 
上传
[2018-05-27 16:33:22] trace  /app/index.php?i=1&uniacid=1&t=undefined&v=1.1&m=ewei_shopv2&from=wxapp&c=entry&a=wxapp&do=main&&state=we7sid-7780fa0fe666d91a8fd3777c09485700&sign=ed12c9060fb5497a8021fb38d30c8d20 pn=upload; op=author; orderid=5726; 
上传
[2018-05-27 16:34:44] trace  /app/index.php?i=1&uniacid=1&t=undefined&v=1.1&m=ewei_shopv2&from=wxapp&c=entry&a=wxapp&do=main&&state=we7sid-87ddcc59fe5fbe79ee0e06533391be0a&sign=b1f38d0c08dd12ec7c4374afab844c78 pn=upload; op=order; orderid=5761; 
上传
[2018-05-27 16:59:36] trace  /app/index.php?i=1&uniacid=1&t=undefined&v=1.1&m=ewei_shopv2&from=wxapp&c=entry&a=wxapp&do=main&&state=we7sid-a42f5d6ddbc61567c6d71aae85c228b6&sign=9a2a0014040214441564a223811f7522 pn=upload; op=order; orderid=5762; 
上传
[2018-05-27 17:08:48] trace  /app/index.php?i=1&uniacid=1&t=undefined&v=1.1&m=ewei_shopv2&from=wxapp&c=entry&a=wxapp&do=main&&state=we7sid-80d938570071633c391071143c5815aa&sign=0cbda0916d1ff4c93df4857f7193187e pn=upload; op=order; orderid=5763; 
上传
[2018-05-27 17:08:49] trace  /app/index.php?i=1&uniacid=1&t=undefined&v=1.1&m=ewei_shopv2&from=wxapp&c=entry&a=wxapp&do=main&&state=we7sid-80d938570071633c391071143c5815aa&sign=0cbda0916d1ff4c93df4857f7193187e pn=upload; op=order; orderid=5763; 
上传
[2018-05-27 17:09:12] trace  /app/index.php?i=1&uniacid=1&t=undefined&v=1.1&m=ewei_shopv2&from=wxapp&c=entry&a=wxapp&do=main&&state=we7sid-6c7f3fbfb8c4d6398febe2180931e74d&sign=802db5d28e4cd52dffb1868e391afff2 pn=upload; op=order; orderid=5764; 
上传
[2018-05-27 17:09:20] trace  /app/index.php?i=1&uniacid=1&t=undefined&v=1.1&m=ewei_shopv2&from=wxapp&c=entry&a=wxapp&do=main&&state=we7sid-8774cb13063d9ad20877b4efb53b983c&sign=2fa960b10278a76780b9cd5dcda51f7c pn=upload; op=order; orderid=5765; 
上传
[2018-05-27 17:13:02] trace  /app/index.php?i=1&uniacid=1&t=undefined&v=1.1&m=ewei_shopv2&from=wxapp&c=entry&a=wxapp&do=main&&state=we7sid-3e49c22570cfcef459ff84c80c3dbbb7&sign=ecf2e6ad53eb40a3fb13e1b1b19e39b7 op=order; orderid=5766; pn=upload; 
上传
[2018-05-27 17:17:16] trace  /app/index.php?i=1&uniacid=1&t=undefined&v=1.1&m=ewei_shopv2&from=wxapp&c=entry&a=wxapp&do=main&&state=we7sid-8774cb13063d9ad20877b4efb53b983c&sign=2fa960b10278a76780b9cd5dcda51f7c pn=upload; op=order; orderid=5767; 
上传
[2018-05-27 17:18:21] trace  /app/index.php?i=1&uniacid=1&t=undefined&v=1.1&m=ewei_shopv2&from=wxapp&c=entry&a=wxapp&do=main&&state=we7sid-544f405b1f2bc6be547a20310c7eb3ea&sign=48f566b15797ef6444e30d629dcb0ccd pn=upload; op=order; orderid=5768; 
上传
[2018-05-27 17:26:38] trace  /app/index.php?i=1&uniacid=1&t=undefined&v=1.1&m=ewei_shopv2&from=wxapp&c=entry&a=wxapp&do=main&&state=we7sid-5a364f70e8dacff4fd48c0ec9ddfa336&sign=e783e46eefedc74b865b108923c56a91 pn=upload; op=order; orderid=5769; 
上传
[2018-05-27 17:27:56] trace  /app/index.php?i=1&uniacid=1&t=undefined&v=1.1&m=ewei_shopv2&from=wxapp&c=entry&a=wxapp&do=main&&state=we7sid-76772d91cb4417e7407cc1fec92ab74d&sign=065dc42445021d726baf32b73a845cd8 pn=upload; op=order; orderid=5770; 
上传
[2018-05-27 17:30:05] trace  /app/index.php?i=1&uniacid=1&t=undefined&v=1.1&m=ewei_shopv2&from=wxapp&c=entry&a=wxapp&do=main&&state=we7sid-343e8d83b1b37f703a72aee018ffb516&sign=aeb86b7d251245f51e3e9bb4967711c9 pn=upload; op=order; orderid=5771; 
上传
[2018-05-27 17:35:26] trace  /app/index.php?i=1&uniacid=1&t=undefined&v=1.1&m=ewei_shopv2&from=wxapp&c=entry&a=wxapp&do=main&&state=we7sid-cb995531a13430b2b300fe648e259405&sign=1c7b9738a5e8f1a822e4545c630121b9 pn=upload; op=order; orderid=5772; 
上传
[2018-05-27 17:36:38] trace  /app/index.php?i=1&uniacid=1&t=undefined&v=1.1&m=ewei_shopv2&from=wxapp&c=entry&a=wxapp&do=main&&state=we7sid-448af6bd136201a27c7e2dde7b038fd0&sign=7a150eb6d54d12debcd2b5339baf8175 pn=upload; op=order; orderid=5773; 
上传
[2018-05-27 17:37:58] trace  /app/index.php?i=1&uniacid=1&t=undefined&v=1.1&m=ewei_shopv2&from=wxapp&c=entry&a=wxapp&do=main&&state=we7sid-9a57b09f5c6b1196930434350de8b669&sign=86fa8ee109103904d6ee2e6fad30cfbf pn=upload; op=order; orderid=5774; 
上传
[2018-05-27 17:40:20] trace  /app/index.php?i=1&uniacid=1&t=undefined&v=1.1&m=ewei_shopv2&from=wxapp&c=entry&a=wxapp&do=main&&state=we7sid-c32fa924de9c79421144203ad2150503&sign=cddee9f30fcf9904aa7e72641531cdd2 pn=upload; op=order; orderid=5775; 
上传
[2018-05-27 17:41:14] trace  /app/index.php?i=1&uniacid=1&t=undefined&v=1.1&m=ewei_shopv2&from=wxapp&c=entry&a=wxapp&do=main&&state=we7sid-1143123acf3380d1dad33c13be961a06&sign=bc929dcdf576f6fb6f4029e658cc9d4f pn=upload; op=order; orderid=5776; 
上传
[2018-05-27 17:41:43] trace  /app/index.php?i=1&uniacid=1&t=undefined&v=1.1&m=ewei_shopv2&from=wxapp&c=entry&a=wxapp&do=main&&state=we7sid-c045062b50c9ba74ddde87ab7c0eb48d&sign=37bbc06efb0ec5c9141ae18739a1a9aa pn=upload; op=order; orderid=5777; 
上传
[2018-05-27 17:47:33] trace  /app/index.php?i=1&uniacid=1&t=undefined&v=1.1&m=ewei_shopv2&from=wxapp&c=entry&a=wxapp&do=main&&state=we7sid-4fbfd7fea505e62acea84c71819cecd5&sign=cc8358e6835a24ea331cffc363d7e85d pn=upload; op=order; orderid=5778; 
上传
[2018-05-27 17:52:53] trace  /app/index.php?i=1&uniacid=1&t=undefined&v=1.1&m=ewei_shopv2&from=wxapp&c=entry&a=wxapp&do=main&&state=we7sid-4fbfd7fea505e62acea84c71819cecd5&sign=cc8358e6835a24ea331cffc363d7e85d pn=upload; op=order; orderid=5779; 
上传
[2018-05-27 17:56:11] trace  /app/index.php?i=1&uniacid=1&t=undefined&v=1.1&m=ewei_shopv2&from=wxapp&c=entry&a=wxapp&do=main&&state=we7sid-613d86ab798d4de70789edf7e8b5123a&sign=4d749b96b8340a8b0acb0b8466dca375 pn=upload; op=order; orderid=5780; 
上传
[2018-05-27 17:56:28] trace  /app/index.php?i=1&uniacid=1&t=undefined&v=1.1&m=ewei_shopv2&from=wxapp&c=entry&a=wxapp&do=main&&state=we7sid-613d86ab798d4de70789edf7e8b5123a&sign=4d749b96b8340a8b0acb0b8466dca375 pn=upload; op=order; orderid=5781; 
上传
[2018-05-27 17:58:57] trace  /app/index.php?i=1&uniacid=1&t=undefined&v=1.1&m=ewei_shopv2&from=wxapp&c=entry&a=wxapp&do=main&&state=we7sid-613d86ab798d4de70789edf7e8b5123a&sign=4d749b96b8340a8b0acb0b8466dca375 pn=upload; op=order; orderid=5782; 
上传
[2018-05-27 18:07:56] trace  /app/index.php?i=1&uniacid=1&t=undefined&v=1.1&m=ewei_shopv2&from=wxapp&c=entry&a=wxapp&do=main&&state=we7sid-613d86ab798d4de70789edf7e8b5123a&sign=4d749b96b8340a8b0acb0b8466dca375 pn=upload; op=order; orderid=5783; 
上传
[2018-05-27 18:11:03] trace  /app/index.php?i=1&uniacid=1&t=undefined&v=1.1&m=ewei_shopv2&from=wxapp&c=entry&a=wxapp&do=main&&state=we7sid-d67c4cf9752c49a245b5cc2caa627306&sign=a15c90e48d846d3714c24d67898d20c5 pn=upload; op=order; orderid=5784; 
上传
[2018-05-27 18:22:24] trace  /app/index.php?i=1&uniacid=1&t=undefined&v=1.1&m=ewei_shopv2&from=wxapp&c=entry&a=wxapp&do=main&&state=we7sid-76b2882a639e2f5bfc63c2a35635ce0e&sign=12f5ebbdf1206a5dbc3ec7eaafefc811 pn=upload; op=order; orderid=5785; 
上传
[2018-05-27 18:29:06] trace  /app/index.php?i=1&uniacid=1&t=undefined&v=1.1&m=ewei_shopv2&from=wxapp&c=entry&a=wxapp&do=main&&state=we7sid-520ce51a9af2985af528fb5d4fcc58aa&sign=68d7ce0729ea5ac9b4a8a24f650f65fe op=order; orderid=5786; pn=upload; 
上传
[2018-05-27 18:30:02] trace  /app/index.php?i=1&uniacid=1&t=undefined&v=1.1&m=ewei_shopv2&from=wxapp&c=entry&a=wxapp&do=main&&state=we7sid-eba48d1a631f1f7688b3be6499a4a994&sign=90a1db468bf65176ced59a1f3c67a781 op=order; pn=upload; orderid=5787; 
上传
[2018-05-27 18:36:18] trace  /app/index.php?i=1&uniacid=1&t=undefined&v=1.1&m=ewei_shopv2&from=wxapp&c=entry&a=wxapp&do=main&&state=we7sid-72b5fd683100d61c0dce528fb6d753de&sign=cb178abce23b9728b4c2acaabcccfc2f pn=upload; op=order; orderid=5788; 
上传
[2018-05-27 18:37:45] trace  /app/index.php?i=1&uniacid=1&t=undefined&v=1.1&m=ewei_shopv2&from=wxapp&c=entry&a=wxapp&do=main&&state=we7sid-72b5fd683100d61c0dce528fb6d753de&sign=cb178abce23b9728b4c2acaabcccfc2f pn=upload; op=order; orderid=5789; 
上传
[2018-05-27 18:38:36] trace  /app/index.php?i=1&uniacid=1&t=undefined&v=1.1&m=ewei_shopv2&from=wxapp&c=entry&a=wxapp&do=main&&state=we7sid-5b6df6f90a69e8af066bf7db7ae5d5fc&sign=22085124ce6eb7c55662d2a4bc098124 pn=upload; op=order; orderid=5790; 
上传
[2018-05-27 18:40:44] trace  /app/index.php?i=1&uniacid=1&t=undefined&v=1.1&m=ewei_shopv2&from=wxapp&c=entry&a=wxapp&do=main&&state=we7sid-aa38189ebc5d766818b701add5470044&sign=5ca4ceb4989f0b7ccf793fea8944277f pn=upload; op=order; orderid=5791; 
上传
[2018-05-27 18:42:25] trace  /app/index.php?i=1&uniacid=1&t=undefined&v=1.1&m=ewei_shopv2&from=wxapp&c=entry&a=wxapp&do=main&&state=we7sid-5bb8f6fe65cd6a013c89ac92044f752e&sign=74754cf2b5a2e2b99646786f1110e9bb op=order; orderid=5792; pn=upload; 
上传
[2018-05-27 18:43:15] trace  /app/index.php?i=1&uniacid=1&t=undefined&v=1.1&m=ewei_shopv2&from=wxapp&c=entry&a=wxapp&do=main&&state=we7sid-5bb8f6fe65cd6a013c89ac92044f752e&sign=74754cf2b5a2e2b99646786f1110e9bb op=order; orderid=5793; pn=upload; 
上传
[2018-05-27 18:43:49] trace  /app/index.php?i=1&uniacid=1&t=undefined&v=1.1&m=ewei_shopv2&from=wxapp&c=entry&a=wxapp&do=main&&state=we7sid-c6cd80217c53c13c2b20e072447b2762&sign=79eb84fcf9294586dcff925250eb8c8f pn=upload; op=order; orderid=5794; 
上传
[2018-05-27 18:45:19] trace  /app/index.php?i=1&uniacid=1&t=undefined&v=1.1&m=ewei_shopv2&from=wxapp&c=entry&a=wxapp&do=main&&state=we7sid-5096cb5fbc92a07dc012af63dc53ec08&sign=baa6a72e3d5f9559ff1694896da24ba4 pn=upload; op=order; orderid=5795; 
上传
[2018-05-27 18:50:08] trace  /app/index.php?i=1&uniacid=1&t=undefined&v=1.1&m=ewei_shopv2&from=wxapp&c=entry&a=wxapp&do=main&&state=we7sid-9837955830364d42897fc42f002dacc9&sign=ef2f33443fb89853b469a5dfbcb50559 pn=upload; op=order; orderid=5796; 
上传
[2018-05-27 18:51:11] trace  /app/index.php?i=1&uniacid=1&t=undefined&v=1.1&m=ewei_shopv2&from=wxapp&c=entry&a=wxapp&do=main&&state=we7sid-b50e0839cbd443c361870975ca479f18&sign=5b756e310a7832ea68215f1c124c6397 pn=upload; op=order; orderid=5797; 
上传
[2018-05-27 18:51:23] trace  /app/index.php?i=1&uniacid=1&t=undefined&v=1.1&m=ewei_shopv2&from=wxapp&c=entry&a=wxapp&do=main&&state=we7sid-b50e0839cbd443c361870975ca479f18&sign=5b756e310a7832ea68215f1c124c6397 pn=upload; op=order; orderid=5798; 
上传
[2018-05-27 18:51:52] trace  /app/index.php?i=1&uniacid=1&t=undefined&v=1.1&m=ewei_shopv2&from=wxapp&c=entry&a=wxapp&do=main&&state=we7sid-dc9b2120fa5ab54a230ffbdc81f9595f&sign=f88917364a622e2bbbd85c2d1ef88342 pn=upload; op=order; orderid=5799; 
上传
[2018-05-27 18:52:00] trace  /app/index.php?i=1&uniacid=1&t=undefined&v=1.1&m=ewei_shopv2&from=wxapp&c=entry&a=wxapp&do=main&&state=we7sid-dc9b2120fa5ab54a230ffbdc81f9595f&sign=f88917364a622e2bbbd85c2d1ef88342 pn=upload; op=order; orderid=5800; 
上传
[2018-05-27 18:56:55] trace  /app/index.php?i=1&uniacid=1&t=undefined&v=1.1&m=ewei_shopv2&from=wxapp&c=entry&a=wxapp&do=main&&state=we7sid-b50e0839cbd443c361870975ca479f18&sign=5b756e310a7832ea68215f1c124c6397 pn=upload; op=order; orderid=5801; 
上传
[2018-05-27 19:00:59] trace  /app/index.php?i=1&uniacid=1&t=undefined&v=1.1&m=ewei_shopv2&from=wxapp&c=entry&a=wxapp&do=main&&state=we7sid-d7bd5cf596da2666f766c3df5441a551&sign=63be4f36a6fa8a2600bcb3f79803e78d pn=upload; op=order; orderid=5802; 
上传
[2018-05-27 19:04:55] trace  /app/index.php?i=1&uniacid=1&t=undefined&v=1.1&m=ewei_shopv2&from=wxapp&c=entry&a=wxapp&do=main&&state=we7sid-06ec5956e056cab823a4efb65bfb4bb6&sign=d97faad6aaf8d37ab6f7668bd3111f5a pn=upload; op=order; orderid=5803; 
上传
[2018-05-27 19:25:33] trace  /app/index.php?i=1&uniacid=1&t=undefined&v=1.1&m=ewei_shopv2&from=wxapp&c=entry&a=wxapp&do=main&&state=we7sid-295bdf39f1015c99934d7f600f976b6f&sign=d3ed21a8456bab88e32fbf4c274db3c7 pn=upload; op=order; orderid=5804; 
上传
[2018-05-27 19:28:00] trace  /app/index.php?i=1&uniacid=1&t=undefined&v=1.1&m=ewei_shopv2&from=wxapp&c=entry&a=wxapp&do=main&&state=we7sid-daf16358b5ad6864a4d953ea3a2947da&sign=e177162c5f0fc6cb5681cbba0dd482c2 pn=upload; op=order; orderid=5805; 
上传
[2018-05-27 19:29:31] trace  /app/index.php?i=1&uniacid=1&t=undefined&v=1.1&m=ewei_shopv2&from=wxapp&c=entry&a=wxapp&do=main&&state=we7sid-5036a2d7272c63d63f490555ec4f4390&sign=cec9010685be9f617b0ec8421f180a5d pn=upload; op=order; orderid=5806; 
上传
[2018-05-27 19:42:28] trace  /app/index.php?i=1&uniacid=1&t=undefined&v=1.1&m=ewei_shopv2&from=wxapp&c=entry&a=wxapp&do=main&&state=we7sid-9dbdcd14ac8c9b96181f84ea4061728a&sign=37e9eee0af5d18ca0d63352765611911 pn=upload; op=order; orderid=5807; 
上传
[2018-05-27 19:43:11] trace  /app/index.php?i=1&uniacid=1&t=undefined&v=1.1&m=ewei_shopv2&from=wxapp&c=entry&a=wxapp&do=main&&state=we7sid-9ea3ed7e7fa58218572be8a120ab6426&sign=948ffecc1844c821787a25fdb63496af pn=upload; op=order; orderid=5808; 
上传
[2018-05-27 19:53:12] trace  /app/index.php?i=1&uniacid=1&t=undefined&v=1.1&m=ewei_shopv2&from=wxapp&c=entry&a=wxapp&do=main&&state=we7sid-4c1944d9ffc7ac991a23947429397161&sign=cd3f1518c31d72306ecf712d2a04f4f0 pn=upload; op=order; orderid=5809; 
上传
[2018-05-27 20:14:43] trace  /app/index.php?i=1&uniacid=1&t=undefined&v=1.1&m=ewei_shopv2&from=wxapp&c=entry&a=wxapp&do=main&&state=we7sid-c4a52a3cde52a5d075183d8f416bd66a&sign=1f5da835dff7d782547e0b04dac5551a pn=upload; op=order; orderid=5810; 
上传
[2018-05-27 20:19:17] trace  /app/index.php?i=1&uniacid=1&t=undefined&v=1.1&m=ewei_shopv2&from=wxapp&c=entry&a=wxapp&do=main&&state=we7sid-3e7dad5e0dceabde24ec3c730b524100&sign=3587de12f013ee882c2e4f0944b456ec pn=upload; op=order; orderid=5811; 
上传
[2018-05-27 20:34:04] trace  /app/index.php?i=1&uniacid=1&t=undefined&v=1.1&m=ewei_shopv2&from=wxapp&c=entry&a=wxapp&do=main&&state=we7sid-da9b8416d4201548ae8a28348f261f34&sign=38457a09321b1648656a55ba7e8f1d59 pn=upload; op=order; orderid=5812; 
上传
[2018-05-27 20:36:33] trace  /app/index.php?i=1&uniacid=1&t=undefined&v=1.1&m=ewei_shopv2&from=wxapp&c=entry&a=wxapp&do=main&&state=we7sid-2d7f09594bd434831cda84d1c3d3c48b&sign=7f9a00af00300117f472568d4f26676c op=order; orderid=5813; pn=upload; 
上传
[2018-05-27 20:38:33] trace  /app/index.php?i=1&uniacid=1&t=undefined&v=1.1&m=ewei_shopv2&from=wxapp&c=entry&a=wxapp&do=main&&state=we7sid-1d280fbc6ad6ed959813b3ac55186b27&sign=9111b7cc5a718db9271392149a8a59bb pn=upload; op=order; orderid=5814; 
上传
[2018-05-27 20:50:20] trace  /app/index.php?i=1&uniacid=1&t=undefined&v=1.1&m=ewei_shopv2&from=wxapp&c=entry&a=wxapp&do=main&&state=we7sid-2214a8fdef82782f1396127ddcbe748c&sign=145add2592d01d1a705f4d5690a9ed98 pn=upload; op=order; orderid=5815; 
上传
[2018-05-27 21:00:32] trace  /app/index.php?i=1&uniacid=1&t=undefined&v=1.1&m=ewei_shopv2&from=wxapp&c=entry&a=wxapp&do=main&&state=we7sid-5dfbd6bbcdfb1d0a7e2d390ac2788a5a&sign=8f3e09f083c6e827c4f94fda9f3e315e pn=upload; op=order; orderid=5816; 
上传
[2018-05-27 21:12:39] trace  /app/index.php?i=1&uniacid=1&t=undefined&v=1.1&m=ewei_shopv2&from=wxapp&c=entry&a=wxapp&do=main&&state=we7sid-0d51713034484eeda41d94bcaf50a1ba&sign=0b4b5395fb7d59bbd94d92f3d83f5c02 pn=upload; op=order; orderid=5817; 
上传
[2018-05-27 21:15:00] trace  /app/index.php?i=1&uniacid=1&t=undefined&v=1.1&m=ewei_shopv2&from=wxapp&c=entry&a=wxapp&do=main&&state=we7sid-1a4f686ebd1ef3bf16427e472611e6f0&sign=eb06f94a2897064bfb8acf7c0dc51dc9 pn=upload; op=order; orderid=5818; 
上传
[2018-05-27 21:16:08] trace  /app/index.php?i=1&uniacid=1&t=undefined&v=1.1&m=ewei_shopv2&from=wxapp&c=entry&a=wxapp&do=main&&state=we7sid-2a0cc6ed8656afe346096072518b2230&sign=a418359e6fd98d3b113d4276d51552fa pn=upload; op=order; orderid=5819; 
上传
[2018-05-27 21:21:50] trace  /app/index.php?i=1&uniacid=1&t=undefined&v=1.1&m=ewei_shopv2&from=wxapp&c=entry&a=wxapp&do=main&&state=we7sid-81acf4d067ac7a24aca41dfbc636d3be&sign=4c37c3c42cf8affa21a801428352c361 pn=upload; op=order; orderid=5820; 
上传
[2018-05-27 21:22:01] trace  /app/index.php?i=1&uniacid=1&t=undefined&v=1.1&m=ewei_shopv2&from=wxapp&c=entry&a=wxapp&do=main&&state=we7sid-81acf4d067ac7a24aca41dfbc636d3be&sign=4c37c3c42cf8affa21a801428352c361 pn=upload; op=order; orderid=5821; 
上传
[2018-05-27 21:25:17] trace  /app/index.php?i=1&uniacid=1&t=undefined&v=1.1&m=ewei_shopv2&from=wxapp&c=entry&a=wxapp&do=main&&state=we7sid-4b3e88167ec97f561572fb30235464ae&sign=ba1a52061788362b9253465c1ec76cc6 pn=upload; op=order; orderid=5822; 
上传
[2018-05-27 21:29:10] trace  /app/index.php?i=1&uniacid=1&t=undefined&v=1.1&m=ewei_shopv2&from=wxapp&c=entry&a=wxapp&do=main&&state=we7sid-5d351acad2b892d5b26945a08727f47a&sign=cee2deb066b92746a3619d781881b865 pn=upload; op=order; orderid=5823; 
上传
[2018-05-27 21:34:51] trace  /app/index.php?i=1&uniacid=1&t=undefined&v=1.1&m=ewei_shopv2&from=wxapp&c=entry&a=wxapp&do=main&&state=we7sid-9dcbab1d7a93aa097cc369a86a9041a9&sign=73cbcd184533cd3e8b6656ee4b5cc316 pn=upload; op=order; orderid=5824; 
上传
[2018-05-27 21:52:00] trace  /app/index.php?i=1&uniacid=1&t=undefined&v=1.1&m=ewei_shopv2&from=wxapp&c=entry&a=wxapp&do=main&&state=we7sid-e5e56eefb21624efb0673472098daefe&sign=cae5bf41d8a4f95385141b59c629587e pn=upload; op=order; orderid=5825; 
上传
[2018-05-27 21:56:09] trace  /app/index.php?i=1&uniacid=1&t=undefined&v=1.1&m=ewei_shopv2&from=wxapp&c=entry&a=wxapp&do=main&&state=we7sid-705eac64509f60a082ccc33a787b0afa&sign=a0868f7dd8ac4635fdd00c5965c19b55 pn=upload; op=order; orderid=5826; 
上传
[2018-05-27 21:56:16] trace  /app/index.php?i=1&uniacid=1&t=undefined&v=1.1&m=ewei_shopv2&from=wxapp&c=entry&a=wxapp&do=main&&state=we7sid-783ea9484d6657eaeefef086968b8585&sign=b2bce64580da2606b18f3e709de29498 pn=upload; op=order; orderid=5827; 
上传
[2018-05-27 21:56:41] trace  /app/index.php?i=1&uniacid=1&t=undefined&v=1.1&m=ewei_shopv2&from=wxapp&c=entry&a=wxapp&do=main&&state=we7sid-e3c0089576c43983c681fe55287a08fa&sign=c5f1c6b10f9904c39b3aecafca7cd823 pn=upload; op=order; orderid=5828; 
上传
[2018-05-27 22:05:55] trace  /app/index.php?i=1&uniacid=1&t=undefined&v=1.1&m=ewei_shopv2&from=wxapp&c=entry&a=wxapp&do=main&&state=we7sid-8f39c4578687a77dc8c8d3109993ea42&sign=b21f6103ff171f10220ea0d66d33ce07 pn=upload; op=order; orderid=5829; 
上传
[2018-05-27 22:07:01] trace  /app/index.php?i=1&uniacid=1&t=undefined&v=1.1&m=ewei_shopv2&from=wxapp&c=entry&a=wxapp&do=main&&state=we7sid-21a2452b0626aad86ace4d835328712c&sign=7c62508a33bab8e7164be6ecf4febda8 pn=upload; op=order; orderid=5830; 
上传
[2018-05-27 22:15:07] trace  /app/index.php?i=1&uniacid=1&t=undefined&v=1.1&m=ewei_shopv2&from=wxapp&c=entry&a=wxapp&do=main&&state=we7sid-06cf0c8566414e93fdb7c47efad8e0c2&sign=16a80aee708e4e497b46c3d69f5d0e82 pn=upload; op=order; orderid=5831; 
上传
[2018-05-27 22:17:47] trace  /app/index.php?i=1&uniacid=1&t=undefined&v=1.1&m=ewei_shopv2&from=wxapp&c=entry&a=wxapp&do=main&&state=we7sid-61aa74f17ccc07887d5078f52a140115&sign=463f050a477328402fe97518397b446f pn=upload; op=order; orderid=5832; 
上传
[2018-05-27 22:26:37] trace  /app/index.php?i=1&uniacid=1&t=undefined&v=1.1&m=ewei_shopv2&from=wxapp&c=entry&a=wxapp&do=main&&state=we7sid-11a6dee27fc2292e4f2d5c09053e98a5&sign=86ba3e2acfcc13f45f8866cfb686b169 pn=upload; op=order; orderid=5833; 
上传
[2018-05-27 22:29:00] trace  /app/index.php?i=1&uniacid=1&t=undefined&v=1.1&m=ewei_shopv2&from=wxapp&c=entry&a=wxapp&do=main&&state=we7sid-33926e7c135c2a42ded503c614cf0068&sign=760611238dda6b82eb46c27c9d81095d pn=upload; op=order; orderid=5834; 
上传
[2018-05-27 22:40:15] trace  /app/index.php?i=1&uniacid=1&t=undefined&v=1.1&m=ewei_shopv2&from=wxapp&c=entry&a=wxapp&do=main&&state=we7sid-0f330f6f3ef6055583950783724afc35&sign=702587f25417b9c989b844b92f11b88f pn=upload; op=order; orderid=5835; 
上传
[2018-05-27 22:40:23] trace  /app/index.php?i=1&uniacid=1&t=undefined&v=1.1&m=ewei_shopv2&from=wxapp&c=entry&a=wxapp&do=main&&state=we7sid-5baa4e2c6cac331293ef35278703f54f&sign=1dbbcc065f9f1c9492c0ab03f39beae8 pn=upload; op=order; orderid=5836; 
上传
[2018-05-27 22:42:16] trace  /app/index.php?i=1&uniacid=1&t=undefined&v=1.1&m=ewei_shopv2&from=wxapp&c=entry&a=wxapp&do=main&&state=we7sid-99263b3962b3d1ce515fb71e0d574625&sign=d8111f96438076a96186bfff27689fd2 pn=upload; op=order; orderid=5837; 
上传
[2018-05-27 22:55:21] trace  /app/index.php?i=1&uniacid=1&t=undefined&v=1.1&m=ewei_shopv2&from=wxapp&c=entry&a=wxapp&do=main&&state=we7sid-01daccaff09fed7ac71f3d14bde06aa2&sign=ba1c75c777350dbb1084cf2d0c5169bf pn=upload; op=order; orderid=5838; 
上传
[2018-05-27 22:55:52] trace  /app/index.php?i=1&uniacid=1&t=undefined&v=1.1&m=ewei_shopv2&from=wxapp&c=entry&a=wxapp&do=main&&state=we7sid-c9db3f94ecd35e8d6c2104ab56f023f4&sign=ff3152dc7f79678c2d7a129b69b9e54b pn=upload; op=order; orderid=5839; 
上传
[2018-05-27 22:58:09] trace  /app/index.php?i=1&uniacid=1&t=undefined&v=1.1&m=ewei_shopv2&from=wxapp&c=entry&a=wxapp&do=main&&state=we7sid-c9db3f94ecd35e8d6c2104ab56f023f4&sign=ff3152dc7f79678c2d7a129b69b9e54b pn=upload; op=order; orderid=5840; 
上传
[2018-05-27 22:59:09] trace  /app/index.php?i=1&uniacid=1&t=undefined&v=1.1&m=ewei_shopv2&from=wxapp&c=entry&a=wxapp&do=main&&state=we7sid-c9db3f94ecd35e8d6c2104ab56f023f4&sign=ff3152dc7f79678c2d7a129b69b9e54b pn=upload; op=order; orderid=5841; 
上传
[2018-05-27 22:59:31] trace  /app/index.php?i=1&uniacid=1&t=undefined&v=1.1&m=ewei_shopv2&from=wxapp&c=entry&a=wxapp&do=main&&state=we7sid-c9db3f94ecd35e8d6c2104ab56f023f4&sign=ff3152dc7f79678c2d7a129b69b9e54b pn=upload; op=order; orderid=5842; 
上传
[2018-05-27 23:05:54] trace  /app/index.php?i=1&uniacid=1&t=undefined&v=1.1&m=ewei_shopv2&from=wxapp&c=entry&a=wxapp&do=main&&state=we7sid-45823000b0b2253bbe90b0a479de6812&sign=f1e834f35ffcf9af731d57490acb8e4c pn=upload; op=order; orderid=5843; 
上传
[2018-05-27 23:09:00] trace  /app/index.php?i=1&uniacid=1&t=undefined&v=1.1&m=ewei_shopv2&from=wxapp&c=entry&a=wxapp&do=main&&state=we7sid-c5c88888f5c222895d46207b15346874&sign=3c8de2fb591308c9980f33f3eacff8bd pn=upload; op=order; orderid=5844; 
上传
[2018-05-27 23:13:46] trace  /app/index.php?i=1&uniacid=1&t=undefined&v=1.1&m=ewei_shopv2&from=wxapp&c=entry&a=wxapp&do=main&&state=we7sid-d033a32cd08eaa217254a13479b511df&sign=9b62611bb9616a892757d9045517c5b5 pn=upload; op=order; orderid=5845; 
上传
[2018-05-27 23:45:57] trace  /app/index.php?i=1&uniacid=1&t=undefined&v=1.1&m=ewei_shopv2&from=wxapp&c=entry&a=wxapp&do=main&&state=we7sid-8c1797019a91af7f2e6f9392f10bb71a&sign=b29f9e08c0c91fe7bc2cecf483605878 pn=upload; op=order; orderid=5846; 
上传
[2018-05-27 23:49:03] trace  /app/index.php?i=1&uniacid=1&t=undefined&v=1.1&m=ewei_shopv2&from=wxapp&c=entry&a=wxapp&do=main&&state=we7sid-3e7bdcb2a7eef830750d363fc9d2352b&sign=407f570f37b8b2d902c8c76e278f2408 pn=upload; op=order; orderid=5847; 
上传
[2018-05-27 23:51:58] trace  /app/index.php?i=1&uniacid=1&t=undefined&v=1.1&m=ewei_shopv2&from=wxapp&c=entry&a=wxapp&do=main&&state=we7sid-2cf193faae1f0fdec6d0ecf45d9e458a&sign=f82420a1818151ec7d00e050f2e6938b pn=upload; op=order; orderid=5848; 
上传
