[2018-04-25 15:25:32] trace  /app/index.php?i=1&uniacid=1&t=undefined&v=1.1&m=ewei_shopv2&from=wxapp&c=entry&a=wxapp&do=main&state=we7sid-cfa1f94ae21ce598c90c66fc847bac23&sign=98f511970dc5423862ca5af22d4b8419&pn=index&slide=13&nav=6 version1.1
[2018-04-25 15:37:49] trace  /app/index.php?i=1&uniacid=1&t=undefined&v=1.0&m=ewei_shopv2&from=wxapp&c=entry&a=wxapp&do=main&&state=we7sid-26b832b220ed4eb08d925ec43ea7be0e&sign=e7a361b2dec8c6ad2df95605a2e34d48 pn=upload; op=order; orderid=2472; 
上传
[2018-04-25 15:38:45] trace  /app/index.php?i=1&uniacid=1&t=undefined&v=1.0&m=ewei_shopv2&from=wxapp&c=entry&a=wxapp&do=main&&state=we7sid-9f8dfd71dd8604302cd651e76c193bff&sign=f49e3a9ab91e804c5fde18141ffc4ba3 pn=upload; op=order; orderid=2473; 
上传
[2018-04-25 15:39:07] trace  /app/index.php?i=1&uniacid=1&t=undefined&v=1.0&m=ewei_shopv2&from=wxapp&c=entry&a=wxapp&do=main&&state=we7sid-f7c3fa7cba6c1e6cbe314220284b1cc7&sign=bae8016bea4df20fb4246dadf51f642a pn=upload; op=order; orderid=2474; 
上传
[2018-04-25 15:56:18] trace  /app/index.php?i=1&uniacid=1&t=undefined&v=1.0&m=ewei_shopv2&from=wxapp&c=entry&a=wxapp&do=main&&state=we7sid-26bed90758e0edee050234861074e375&sign=17e847b71eb5b9abd86d80c17559c1ee pn=upload; op=order; orderid=2475; 
上传
[2018-04-25 16:06:12] trace  /app/index.php?i=1&uniacid=1&t=undefined&v=1.0&m=ewei_shopv2&from=wxapp&c=entry&a=wxapp&do=main&&state=we7sid-1238f54855b45669bc24f36c2f5d8c55&sign=9b194a1ef4fbcca5dba41443ed5c07bd pn=upload; op=order; orderid=2476; 
上传
[2018-04-25 16:11:25] trace  /app/index.php?i=1&uniacid=1&t=undefined&v=1.0&m=ewei_shopv2&from=wxapp&c=entry&a=wxapp&do=main&&state=we7sid-b980492ecb7570a4d1983f47b240b6f4&sign=4cd13625edab31bd116ed896220a8472 pn=upload; op=order; orderid=2477; 
上传
[2018-04-25 16:21:26] trace  /app/index.php?i=1&uniacid=1&t=undefined&v=1.0&m=ewei_shopv2&from=wxapp&c=entry&a=wxapp&do=main&&state=we7sid-e98a706c3d9f5644985eabef4c28253b&sign=ab9b8ecfba654e6a9c89f8bdc07ef2ed pn=upload; op=order; orderid=2478; 
上传
[2018-04-25 16:22:29] trace  /app/index.php?i=1&uniacid=1&t=undefined&v=1.0&m=ewei_shopv2&from=wxapp&c=entry&a=wxapp&do=main&&state=we7sid-5ff53072114bf1805d14f461a7f1fea6&sign=3c8decba51b747fadd00c43b7bdac26f pn=upload; op=order; orderid=2479; 
上传
[2018-04-25 16:56:03] trace  /app/index.php?i=1&uniacid=1&t=undefined&v=1.0&m=ewei_shopv2&from=wxapp&c=entry&a=wxapp&do=main&&state=we7sid-5863a7b0ec5af44a2e3c84620d6d371c&sign=85ebf372f205cd6af9925fa1b1331acb pn=upload; op=order; orderid=2480; 
上传
[2018-04-25 17:09:47] trace  /app/index.php?i=1&uniacid=1&t=undefined&v=1.0&m=ewei_shopv2&from=wxapp&c=entry&a=wxapp&do=main&&state=we7sid-e345cd21d9f7ba479a13255b93f06b9a&sign=2531ad7daf6a9c9acadb06c17621423e pn=upload; op=order; orderid=2481; 
上传
[2018-04-25 17:20:09] trace  /app/index.php?i=1&uniacid=1&t=undefined&v=1.0&m=ewei_shopv2&from=wxapp&c=entry&a=wxapp&do=main&&state=we7sid-67725c5a519d0ee2b9fd53f4b0856697&sign=85c8faef9023a3cea96eb9dc55ea2a37 pn=upload; op=order; orderid=2482; 
上传
[2018-04-25 17:38:40] trace  /app/index.php?i=1&uniacid=1&t=undefined&v=1.0&m=ewei_shopv2&from=wxapp&c=entry&a=wxapp&do=main&&state=we7sid-243d2de93b02971cca58fe3cb75d6dd2&sign=391e07daf8fa49ac074b004c18d87635 pn=upload; op=order; orderid=2483; 
上传
[2018-04-25 17:39:25] trace  /app/index.php?i=1&uniacid=1&t=undefined&v=1.0&m=ewei_shopv2&from=wxapp&c=entry&a=wxapp&do=main&&state=we7sid-0170854a379759cbe0e4134c7e6e54f8&sign=18966a60d882f06bf1076648d3ab905b pn=upload; op=order; orderid=2484; 
上传
[2018-04-25 18:11:23] trace  /app/index.php?i=1&uniacid=1&t=undefined&v=1.0&m=ewei_shopv2&from=wxapp&c=entry&a=wxapp&do=main&&state=we7sid-1f6d160e1a3ae774f7da6b579681319f&sign=2c2cd80bdd884093095e5780f14d1792 pn=upload; op=order; orderid=2485; 
上传
[2018-04-25 18:12:47] trace  /app/index.php?i=1&uniacid=1&t=undefined&v=1.0&m=ewei_shopv2&from=wxapp&c=entry&a=wxapp&do=main&&state=we7sid-fc2d6127c2a9d049347916751563d916&sign=b59b81eedfcdf85b2c71717deeed91ad pn=upload; op=order; orderid=2486; 
上传
[2018-04-25 18:32:44] trace  /app/index.php?i=1&uniacid=1&t=undefined&v=1.0&m=ewei_shopv2&from=wxapp&c=entry&a=wxapp&do=main&&state=we7sid-1d80467804daf8efc7ed726cbae865e2&sign=a724542026fbfd5b33610d115b68b17f pn=upload; op=order; orderid=2487; 
上传
[2018-04-25 18:37:58] trace  /app/index.php?i=1&uniacid=1&t=undefined&v=1.0&m=ewei_shopv2&from=wxapp&c=entry&a=wxapp&do=main&&state=we7sid-ab5b584921cee701e601abdecd7062af&sign=cb06639d047baa643fe8037800d7c3aa pn=upload; op=order; orderid=2488; 
上传
[2018-04-25 18:38:58] trace  /app/index.php?i=1&uniacid=1&t=undefined&v=1.0&m=ewei_shopv2&from=wxapp&c=entry&a=wxapp&do=main&&state=we7sid-c45c1014ba1179cfffcb30dd5b9b1730&sign=cc1cdf21f1ffdb6de0758fae3f5d4ce9 pn=upload; op=order; orderid=2489; 
上传
[2018-04-25 18:40:33] trace  /app/index.php?i=1&uniacid=1&t=undefined&v=1.0&m=ewei_shopv2&from=wxapp&c=entry&a=wxapp&do=main&&state=we7sid-43581809a1e371756b7503fbb98c409a&sign=a51bcb87b628a95a0082150cf98a9308 pn=upload; op=order; orderid=2490; 
上传
[2018-04-25 19:02:55] trace  /app/index.php?i=1&uniacid=1&t=undefined&v=1.0&m=ewei_shopv2&from=wxapp&c=entry&a=wxapp&do=main&&state=we7sid-fcedea099eb3cabe6a235600e420fdca&sign=48ba22f0e12c4b214a8e7ba9b89f5946 pn=upload; op=order; orderid=2491; 
上传
[2018-04-25 19:17:47] trace  /app/index.php?i=1&uniacid=1&t=undefined&v=1.0&m=ewei_shopv2&from=wxapp&c=entry&a=wxapp&do=main&&state=we7sid-47dc2414d155d7658bfa3f7667ee728d&sign=e3cf192466c87b5e251b0f81d80a198c pn=upload; op=order; orderid=2492; 
上传
[2018-04-25 19:21:40] trace  /app/index.php?i=1&uniacid=1&t=undefined&v=1.0&m=ewei_shopv2&from=wxapp&c=entry&a=wxapp&do=main&&state=we7sid-c5da5a079158714cd03be4bc648e9d5c&sign=237ef01d20874965a53c85c21255975e pn=upload; op=order; orderid=2493; 
上传
[2018-04-25 19:36:10] trace  /app/index.php?i=1&uniacid=1&t=undefined&v=1.0&m=ewei_shopv2&from=wxapp&c=entry&a=wxapp&do=main&&state=we7sid-5261cc82a3477a85b83e5526a5c28096&sign=0d3d69cf1c781239e96d187649dcf62d pn=upload; op=order; orderid=2494; 
上传
[2018-04-25 20:33:05] trace  /app/index.php?i=1&uniacid=1&t=undefined&v=1.0&m=ewei_shopv2&from=wxapp&c=entry&a=wxapp&do=main&&state=we7sid-165eb13f9dc6a660c939e340817a3a37&sign=442602c095059711b2f96875e66c514e pn=upload; op=order; orderid=2495; 
上传
[2018-04-25 20:33:39] trace  /app/index.php?i=1&uniacid=1&t=undefined&v=1.0&m=ewei_shopv2&from=wxapp&c=entry&a=wxapp&do=main&&state=we7sid-df42f49bc8cca638f8df6b8809ef9ee0&sign=43d8e5942d4d6f7b8201c0131ae0d5a2 pn=upload; op=order; orderid=2496; 
上传
[2018-04-25 20:38:15] trace  /app/index.php?i=1&uniacid=1&t=undefined&v=1.0&m=ewei_shopv2&from=wxapp&c=entry&a=wxapp&do=main&&state=we7sid-a1dddfe1d9e62a511e8d457306480707&sign=cab8b2117ea34bca402b896531999d27 pn=upload; op=order; orderid=2497; 
上传
[2018-04-25 20:45:28] trace  /app/index.php?i=1&uniacid=1&t=undefined&v=1.0&m=ewei_shopv2&from=wxapp&c=entry&a=wxapp&do=main&&state=we7sid-59f709b534401178a7ed7b8fccb8d655&sign=00f5a9524bf932cd04016c2cc60711ae pn=upload; op=order; orderid=2498; 
上传
[2018-04-25 20:58:44] trace  /app/index.php?i=1&uniacid=1&t=undefined&v=1.0&m=ewei_shopv2&from=wxapp&c=entry&a=wxapp&do=main&&state=we7sid-eca81e920c20dab1f8ebe89886c6c478&sign=82adf0732b9b41907409532d61b2e31b pn=upload; op=order; orderid=2499; 
上传
[2018-04-25 21:08:39] trace  /app/index.php?i=1&uniacid=1&t=undefined&v=1.0&m=ewei_shopv2&from=wxapp&c=entry&a=wxapp&do=main&&state=we7sid-4d90adadba1146111b9afed6facc727f&sign=62d75bd25d9f16aa8316207d969c5101 pn=upload; op=order; orderid=2500; 
上传
[2018-04-25 21:11:31] trace  /app/index.php?i=1&uniacid=1&t=undefined&v=1.0&m=ewei_shopv2&from=wxapp&c=entry&a=wxapp&do=main&&state=we7sid-362d40256a4edd97a0f8a86957ac0db7&sign=9db157e2ad09f4f71fc70682dd3d460e pn=upload; op=order; orderid=2501; 
上传
[2018-04-25 21:11:31] trace  /app/index.php?i=1&uniacid=1&t=undefined&v=1.0&m=ewei_shopv2&from=wxapp&c=entry&a=wxapp&do=main&&state=we7sid-362d40256a4edd97a0f8a86957ac0db7&sign=9db157e2ad09f4f71fc70682dd3d460e pn=upload; op=order; orderid=2501; 
上传
[2018-04-25 21:15:56] trace  /app/index.php?i=1&uniacid=1&t=undefined&v=1.0&m=ewei_shopv2&from=wxapp&c=entry&a=wxapp&do=main&&state=we7sid-a2baeacece3ad828e65bc12ddf0f7b86&sign=a1a5d9539d86c6ac2d4f96b1363d251c pn=upload; op=order; orderid=2502; 
上传
[2018-04-25 21:16:11] trace  /app/index.php?i=1&uniacid=1&t=undefined&v=1.0&m=ewei_shopv2&from=wxapp&c=entry&a=wxapp&do=main&&state=we7sid-c76ba74416b9c876161a905f6adf0865&sign=ca8c5bf563b9dfbee1245d3b2a5bcf36 pn=upload; op=order; orderid=2503; 
上传
[2018-04-25 21:16:33] trace  /app/index.php?i=1&uniacid=1&t=undefined&v=1.0&m=ewei_shopv2&from=wxapp&c=entry&a=wxapp&do=main&&state=we7sid-0b73a1ac97b36be572ed97f9d4c0cc3c&sign=ddbec6dd47276c94a7e29c16ff7ed189 pn=upload; op=order; orderid=2504; 
上传
[2018-04-25 21:20:40] trace  /app/index.php?i=1&uniacid=1&t=undefined&v=1.0&m=ewei_shopv2&from=wxapp&c=entry&a=wxapp&do=main&&state=we7sid-baaedf3d3b88b07eca22ce025024818f&sign=6e4e5e66614685d3b7514b69f28e3efd pn=upload; op=order; orderid=2505; 
上传
[2018-04-25 21:21:35] trace  /app/index.php?i=1&uniacid=1&t=undefined&v=1.0&m=ewei_shopv2&from=wxapp&c=entry&a=wxapp&do=main&&state=we7sid-55fae4dbd7d44c2de01a25550a0a4a3c&sign=b9b5ed56ee510227fc79b20cffd4efcc pn=upload; op=order; orderid=2506; 
上传
[2018-04-25 22:05:18] trace  /app/index.php?i=1&uniacid=1&t=undefined&v=1.0&m=ewei_shopv2&from=wxapp&c=entry&a=wxapp&do=main&&state=we7sid-c4d4f4cbfe63b346bf60e45565227069&sign=803de3fa428581230c571b55bdc1a71e pn=upload; op=order; orderid=2507; 
上传
[2018-04-25 22:15:16] trace  /app/index.php?i=1&uniacid=1&t=undefined&v=1.0&m=ewei_shopv2&from=wxapp&c=entry&a=wxapp&do=main&&state=we7sid-27f8b0f8ef6218530e74415b1f4aa6fc&sign=dddaf3f6c86718423c9ace98c34cdb08 pn=upload; op=order; orderid=2508; 
上传
[2018-04-25 22:28:31] trace  /app/index.php?i=1&uniacid=1&t=undefined&v=1.0&m=ewei_shopv2&from=wxapp&c=entry&a=wxapp&do=main&&state=we7sid-cbbcea1db0c702dee228e43ad3102d7e&sign=1b67f241da9ce55a6b7eda723f47851e pn=upload; op=order; orderid=2509; 
上传
[2018-04-25 22:35:56] trace  /app/index.php?i=1&uniacid=1&t=undefined&v=1.0&m=ewei_shopv2&from=wxapp&c=entry&a=wxapp&do=main&&state=we7sid-2cd7ff3454a7b478e324311beb363d24&sign=17080ba7737d50f0d50d69ee258ad1ce pn=upload; op=order; orderid=2510; 
上传
[2018-04-25 22:37:51] trace  /app/index.php?i=1&uniacid=1&t=undefined&v=1.0&m=ewei_shopv2&from=wxapp&c=entry&a=wxapp&do=main&&state=we7sid-3e8646bc19a9332ee6cacc009b976247&sign=84416cd03071e8b72a74d6f569f88842 pn=upload; op=order; orderid=2511; 
上传
[2018-04-25 22:38:27] trace  /app/index.php?i=1&uniacid=1&t=undefined&v=1.0&m=ewei_shopv2&from=wxapp&c=entry&a=wxapp&do=main&&state=we7sid-35733ee42fe8512185e3ebb003ba47f8&sign=c55c886d813b8371371a8414fcd9196c pn=upload; op=order; orderid=2512; 
上传
[2018-04-25 22:41:15] trace  /app/index.php?i=1&uniacid=1&t=undefined&v=1.0&m=ewei_shopv2&from=wxapp&c=entry&a=wxapp&do=main&&state=we7sid-7fec0881b41f4f60294bcb745222cda8&sign=9978c705cd9a711c83326334f0b94c1a op=order; pn=upload; orderid=2513; 
上传
[2018-04-25 23:10:07] trace  /app/index.php?i=1&uniacid=1&t=undefined&v=1.0&m=ewei_shopv2&from=wxapp&c=entry&a=wxapp&do=main&&state=we7sid-24c177f09fe15484e4ffa88b9be82a8b&sign=46d61d54daf64c97604faf0551b6aaa0 pn=upload; op=order; orderid=2514; 
上传
[2018-04-25 23:13:41] trace  /app/index.php?i=1&uniacid=1&t=undefined&v=1.0&m=ewei_shopv2&from=wxapp&c=entry&a=wxapp&do=main&&state=we7sid-24c177f09fe15484e4ffa88b9be82a8b&sign=46d61d54daf64c97604faf0551b6aaa0 pn=upload; op=order; orderid=2515; 
上传
[2018-04-25 23:14:57] trace  /app/index.php?i=1&uniacid=1&t=undefined&v=1.0&m=ewei_shopv2&from=wxapp&c=entry&a=wxapp&do=main&&state=we7sid-24c177f09fe15484e4ffa88b9be82a8b&sign=46d61d54daf64c97604faf0551b6aaa0 pn=upload; op=order; orderid=2516; 
上传
[2018-04-25 23:27:40] trace  /app/index.php?i=1&uniacid=1&t=undefined&v=1.0&m=ewei_shopv2&from=wxapp&c=entry&a=wxapp&do=main&&state=we7sid-a771bb64577d22b3c860356a1bb8c71c&sign=ef14a79f56a7745f3ee73025eeee981e op=order; orderid=2517; pn=upload; 
上传
[2018-04-25 23:27:54] trace  /app/index.php?i=1&uniacid=1&t=undefined&v=1.0&m=ewei_shopv2&from=wxapp&c=entry&a=wxapp&do=main&&state=we7sid-a771bb64577d22b3c860356a1bb8c71c&sign=ef14a79f56a7745f3ee73025eeee981e op=order; orderid=2518; pn=upload; 
上传
