[2018-06-06 00:01:30] trace  /app/index.php?i=1&uniacid=1&t=undefined&v=1.3&m=ewei_shopv2&from=wxapp&c=entry&a=wxapp&do=main&&state=we7sid-d92d493e855097562f151d2f597db0a5&sign=84df5e8c50908af1c17fa9eff127279b pn=upload; op=order; orderid=6816; 
上传
[2018-06-06 01:00:34] trace  /app/index.php?i=1&uniacid=1&t=undefined&v=1.3&m=ewei_shopv2&from=wxapp&c=entry&a=wxapp&do=main&&state=we7sid-977555ac95463f1f316f543b4ffc8b56&sign=a8b0812fd0c551e00de8607315b320cb pn=upload; op=order; orderid=6817; 
上传
[2018-06-06 01:11:27] trace  /app/index.php?i=1&uniacid=1&t=undefined&v=1.3&m=ewei_shopv2&from=wxapp&c=entry&a=wxapp&do=main&&state=we7sid-8dabaec88ac53367577ab48a2288aced&sign=221628fd324180b76ce80a6cbba0b54c pn=upload; op=order; orderid=6818; 
上传
[2018-06-06 01:11:41] trace  /app/index.php?i=1&uniacid=1&t=undefined&v=1.3&m=ewei_shopv2&from=wxapp&c=entry&a=wxapp&do=main&&state=we7sid-8dabaec88ac53367577ab48a2288aced&sign=221628fd324180b76ce80a6cbba0b54c pn=upload; op=order; orderid=6819; 
上传
[2018-06-06 01:18:47] trace  /app/index.php?i=1&uniacid=1&t=undefined&v=1.3&m=ewei_shopv2&from=wxapp&c=entry&a=wxapp&do=main&&state=we7sid-32348d460a3cd40f1e74001a48287180&sign=0b182cfe2407709dc3d51d193d6ca95c pn=upload; op=order; orderid=6820; 
上传
[2018-06-06 01:24:16] trace  /app/index.php?i=1&uniacid=1&t=undefined&v=1.3&m=ewei_shopv2&from=wxapp&c=entry&a=wxapp&do=main&&state=we7sid-91213251e25aac532fe5855b54683475&sign=c3079559edfe184e4d3d5f5d62922efb pn=upload; op=author; orderid=6596; 
上传
[2018-06-06 01:27:31] trace  /app/index.php?i=1&uniacid=1&t=undefined&v=1.3&m=ewei_shopv2&from=wxapp&c=entry&a=wxapp&do=main&&state=we7sid-41addf1e53b2f2a3710141004958c66d&sign=abbdef0b90fba292890ee9bca5bfaead pn=upload; op=order; orderid=6821; 
上传
[2018-06-06 01:28:34] trace  /app/index.php?i=1&uniacid=1&t=undefined&v=1.3&m=ewei_shopv2&from=wxapp&c=entry&a=wxapp&do=main&&state=we7sid-41addf1e53b2f2a3710141004958c66d&sign=abbdef0b90fba292890ee9bca5bfaead pn=upload; op=order; orderid=6822; 
上传
[2018-06-06 01:28:55] trace  /app/index.php?i=1&uniacid=1&t=undefined&v=1.3&m=ewei_shopv2&from=wxapp&c=entry&a=wxapp&do=main&&state=we7sid-41addf1e53b2f2a3710141004958c66d&sign=abbdef0b90fba292890ee9bca5bfaead pn=upload; op=order; orderid=6823; 
上传
[2018-06-06 01:37:01] trace  /app/index.php?i=1&uniacid=1&t=undefined&v=1.3&m=ewei_shopv2&from=wxapp&c=entry&a=wxapp&do=main&&state=we7sid-91213251e25aac532fe5855b54683475&sign=c3079559edfe184e4d3d5f5d62922efb pn=upload; op=author; orderid=6597; 
上传
[2018-06-06 01:42:13] trace  /app/index.php?i=1&uniacid=1&t=undefined&v=1.3&m=ewei_shopv2&from=wxapp&c=entry&a=wxapp&do=main&&state=we7sid-91213251e25aac532fe5855b54683475&sign=c3079559edfe184e4d3d5f5d62922efb pn=upload; op=author; orderid=6598; 
上传
[2018-06-06 01:48:48] trace  /app/index.php?i=1&uniacid=1&t=undefined&v=1.3&m=ewei_shopv2&from=wxapp&c=entry&a=wxapp&do=main&&state=we7sid-91213251e25aac532fe5855b54683475&sign=c3079559edfe184e4d3d5f5d62922efb pn=upload; op=author; orderid=6634; 
上传
[2018-06-06 01:54:18] trace  /app/index.php?i=1&uniacid=1&t=undefined&v=1.3&m=ewei_shopv2&from=wxapp&c=entry&a=wxapp&do=main&&state=we7sid-91213251e25aac532fe5855b54683475&sign=c3079559edfe184e4d3d5f5d62922efb pn=upload; op=author; orderid=6641; 
上传
[2018-06-06 01:59:11] trace  /app/index.php?i=1&uniacid=1&t=undefined&v=1.3&m=ewei_shopv2&from=wxapp&c=entry&a=wxapp&do=main&&state=we7sid-91213251e25aac532fe5855b54683475&sign=c3079559edfe184e4d3d5f5d62922efb pn=upload; op=author; orderid=6690; 
上传
[2018-06-06 02:03:18] trace  /app/index.php?i=1&uniacid=1&t=undefined&v=1.3&m=ewei_shopv2&from=wxapp&c=entry&a=wxapp&do=main&&state=we7sid-91213251e25aac532fe5855b54683475&sign=c3079559edfe184e4d3d5f5d62922efb pn=upload; op=author; orderid=6694; 
上传
[2018-06-06 02:09:15] trace  /app/index.php?i=1&uniacid=1&t=undefined&v=1.3&m=ewei_shopv2&from=wxapp&c=entry&a=wxapp&do=main&&state=we7sid-91213251e25aac532fe5855b54683475&sign=c3079559edfe184e4d3d5f5d62922efb pn=upload; op=author; orderid=6715; 
上传
[2018-06-06 02:14:47] trace  /app/index.php?i=1&uniacid=1&t=undefined&v=1.3&m=ewei_shopv2&from=wxapp&c=entry&a=wxapp&do=main&&state=we7sid-91213251e25aac532fe5855b54683475&sign=c3079559edfe184e4d3d5f5d62922efb pn=upload; op=author; orderid=6789; 
上传
[2018-06-06 02:26:30] trace  /app/index.php?i=1&uniacid=1&t=undefined&v=1.3&m=ewei_shopv2&from=wxapp&c=entry&a=wxapp&do=main&&state=we7sid-8995f0ced7c5ca4ca959ee4a00c38506&sign=a8cb7038878d47ac098e92a4dfcf03a8 pn=upload; op=order; orderid=6824; 
上传
[2018-06-06 02:33:30] trace  /app/index.php?i=1&uniacid=1&t=undefined&v=1.3&m=ewei_shopv2&from=wxapp&c=entry&a=wxapp&do=main&&state=we7sid-93dd27c3190fd69a6369b193c8eef232&sign=3dcefd3fa00d0cb2ff57f52e3662fb8b pn=upload; op=order; orderid=6825; 
上传
[2018-06-06 02:40:39] trace  /app/index.php?i=1&uniacid=1&t=undefined&v=1.3&m=ewei_shopv2&from=wxapp&c=entry&a=wxapp&do=main&&state=we7sid-fa5a399578ffaa5ee4697c03bf02007c&sign=d29f1a8b111b65212d1eac1025524c4b pn=upload; op=order; orderid=6826; 
上传
[2018-06-06 02:46:01] trace  /app/index.php?i=1&uniacid=1&t=undefined&v=1.3&m=ewei_shopv2&from=wxapp&c=entry&a=wxapp&do=main&&state=we7sid-d50f9eb4bab3a8d9597d9fc035c612e7&sign=3f1143c0ff462dfac9a2b16a0403b19f pn=upload; op=order; orderid=6827; 
上传
[2018-06-06 04:02:54] trace  /app/index.php?i=1&uniacid=1&t=undefined&v=1.3&m=ewei_shopv2&from=wxapp&c=entry&a=wxapp&do=main&&state=we7sid-ce542498a5dd36b181775d613d8656ea&sign=62099f4148f1a7020af2a000824959b4 pn=upload; op=order; orderid=6828; 
上传
[2018-06-06 04:04:25] trace  /app/index.php?i=1&uniacid=1&t=undefined&v=1.3&m=ewei_shopv2&from=wxapp&c=entry&a=wxapp&do=main&&state=we7sid-ce542498a5dd36b181775d613d8656ea&sign=62099f4148f1a7020af2a000824959b4 pn=upload; op=order; orderid=6829; 
上传
[2018-06-06 05:27:57] trace  /app/index.php?i=1&uniacid=1&t=undefined&v=1.3&m=ewei_shopv2&from=wxapp&c=entry&a=wxapp&do=main&&state=we7sid-3311ef061db4f79791528fd4e48ead91&sign=e73efb3e2ec4a86190ed4e974a8eb8a5 pn=upload; op=order; orderid=6830; 
上传
[2018-06-06 05:41:31] trace  /app/index.php?i=1&uniacid=1&t=undefined&v=1.3&m=ewei_shopv2&from=wxapp&c=entry&a=wxapp&do=main&&state=we7sid-96c5474e626a30d48fb246ee1154063a&sign=0e7a04905104fc44a39dc046776fd588 pn=upload; op=order; orderid=6831; 
上传
[2018-06-06 06:00:11] trace  /app/index.php?i=1&uniacid=1&t=undefined&v=1.3&m=ewei_shopv2&from=wxapp&c=entry&a=wxapp&do=main&&state=we7sid-0905410c7d01a5a401718c79eb48d969&sign=9e80734216838e5cc6ae672105a61356 pn=upload; op=order; orderid=6832; 
上传
[2018-06-06 06:23:50] trace  /app/index.php?i=1&uniacid=1&t=undefined&v=1.3&m=ewei_shopv2&from=wxapp&c=entry&a=wxapp&do=main&&state=we7sid-4fe6fe5aebf685a611ee0a2459bd3532&sign=6b9e17c2b8bb194b44daf8c74a5b7b45 pn=upload; op=order; orderid=6833; 
上传
[2018-06-06 07:05:43] trace  /app/index.php?i=1&uniacid=1&t=undefined&v=1.3&m=ewei_shopv2&from=wxapp&c=entry&a=wxapp&do=main&&state=we7sid-1fde0fbf322bbfd67f85d535b1917358&sign=e87c7242de63c22bfe4547d1874c0d90 pn=upload; op=order; orderid=6834; 
上传
[2018-06-06 07:29:38] trace  /app/index.php?i=1&uniacid=1&t=undefined&v=1.3&m=ewei_shopv2&from=wxapp&c=entry&a=wxapp&do=main&&state=we7sid-0e3f0521155d4c71c88d1494b7ebb468&sign=528fd563522e24c911319c930dac4494 pn=upload; op=order; orderid=6835; 
上传
[2018-06-06 07:30:14] trace  /app/index.php?i=1&uniacid=1&t=undefined&v=1.3&m=ewei_shopv2&from=wxapp&c=entry&a=wxapp&do=main&&state=we7sid-1fde0fbf322bbfd67f85d535b1917358&sign=e87c7242de63c22bfe4547d1874c0d90 pn=upload; op=order; orderid=6836; 
上传
[2018-06-06 07:54:59] trace  /app/index.php?i=1&uniacid=1&t=undefined&v=1.3&m=ewei_shopv2&from=wxapp&c=entry&a=wxapp&do=main&&state=we7sid-35c3f95348b14ff0ca798b35ff1f6535&sign=7e30f8a23bcea1e745050b55b2f7cf28 op=order; orderid=6837; pn=upload; 
上传
[2018-06-06 09:04:03] trace  /app/index.php?i=1&uniacid=1&t=undefined&v=1.1&m=ewei_shopv2&from=wxapp&c=entry&a=wxapp&do=main&&state=we7sid-700b7ac43d85bdaee077d01bacfca2e5&sign=0e703bbda2c71752936d766f78700412 pn=upload; op=order; orderid=6838; 
上传
[2018-06-06 09:05:10] trace  /app/index.php?i=1&uniacid=1&t=undefined&v=1.3&m=ewei_shopv2&from=wxapp&c=entry&a=wxapp&do=main&&state=we7sid-f86c73613c01783e85c46f29cbc1d437&sign=2f1f25286400778eb18c729f44894014 pn=upload; op=order; orderid=6839; 
上传
[2018-06-06 09:38:53] trace  /app/index.php?i=1&uniacid=1&t=undefined&v=1.1&m=ewei_shopv2&from=wxapp&c=entry&a=wxapp&do=main&&state=we7sid-24bc34884f56028787eccaa9d90164d0&sign=8116d3802a919eeb8daae6ed03f3736c pn=upload; op=order; orderid=6840; 
上传
[2018-06-06 09:48:47] trace  /app/index.php?i=1&uniacid=1&t=undefined&v=1.1&m=ewei_shopv2&from=wxapp&c=entry&a=wxapp&do=main&&state=we7sid-9a3eae45da7201811e55df6a4c198888&sign=03a8ac56839d6a22cc4670242a449e63 pn=upload; op=order; orderid=6841; 
上传
[2018-06-06 10:34:34] trace  /app/index.php?i=1&uniacid=1&t=undefined&v=1.1&m=ewei_shopv2&from=wxapp&c=entry&a=wxapp&do=main&&state=we7sid-9244543f35bd2411d4f2d800684148d9&sign=3e36a14747f5c18820a61d7f5d41d7f1 op=order; orderid=6842; pn=upload; 
上传
[2018-06-06 10:53:08] trace  /app/index.php?i=1&uniacid=1&t=undefined&v=1.1&m=ewei_shopv2&from=wxapp&c=entry&a=wxapp&do=main&&state=we7sid-f766a8aa36fd3cd0fb72007d5f8848ab&sign=25dd09b0ec26370536ebc61e509dd275 pn=upload; op=order; orderid=6843; 
上传
[2018-06-06 10:54:00] trace  /app/index.php?i=1&uniacid=1&t=undefined&v=1.1&m=ewei_shopv2&from=wxapp&c=entry&a=wxapp&do=main&&state=we7sid-f766a8aa36fd3cd0fb72007d5f8848ab&sign=25dd09b0ec26370536ebc61e509dd275 pn=upload; op=order; orderid=6844; 
上传
[2018-06-06 11:15:25] trace  /app/index.php?i=1&uniacid=1&t=undefined&v=1.1&m=ewei_shopv2&from=wxapp&c=entry&a=wxapp&do=main&&state=we7sid-2c81cbe5d88db065252c79f6e5f6f986&sign=526ea362601eb284c98b2e0a1b1a78fa pn=upload; op=order; orderid=6845; 
上传
[2018-06-06 12:02:52] trace  /app/index.php?i=1&uniacid=1&t=undefined&v=1.1&m=ewei_shopv2&from=wxapp&c=entry&a=wxapp&do=main&&state=we7sid-19926557b7559ac7e8ef148a2e5fd618&sign=6b4334d626acaf2de9df990ef2325077 op=order; orderid=6846; pn=upload; 
上传
[2018-06-06 12:56:25] trace  /app/index.php?i=1&uniacid=1&t=undefined&v=1.1&m=ewei_shopv2&from=wxapp&c=entry&a=wxapp&do=main&&state=we7sid-a0a176df740d13f6163f1780cacd907e&sign=d1ec3aef60cf46cba67eb79639535d8d pn=upload; op=order; orderid=6847; 
上传
[2018-06-06 13:36:32] trace  /app/index.php?i=1&uniacid=1&t=undefined&v=1.1&m=ewei_shopv2&from=wxapp&c=entry&a=wxapp&do=main&&state=we7sid-976bcb915f68c4cb77cc38a8cc07368e&sign=5f0ed38de6bef2d8c0f8163cc6e345ac op=order; pn=upload; orderid=6848; 
上传
[2018-06-06 13:36:32] trace  /app/index.php?i=1&uniacid=1&t=undefined&v=1.1&m=ewei_shopv2&from=wxapp&c=entry&a=wxapp&do=main&&state=we7sid-976bcb915f68c4cb77cc38a8cc07368e&sign=5f0ed38de6bef2d8c0f8163cc6e345ac op=order; pn=upload; orderid=6849; 
上传
[2018-06-06 14:01:11] trace  /app/index.php?i=1&uniacid=1&t=undefined&v=1.1&m=ewei_shopv2&from=wxapp&c=entry&a=wxapp&do=main&&state=we7sid-a4300a1871baa124effbca84846651e1&sign=e132b522ab958aa7e9b5f2eae1ab4013 pn=upload; op=order; orderid=6850; 
上传
[2018-06-06 14:15:01] trace  /app/index.php?i=1&uniacid=1&t=undefined&v=1.1&m=ewei_shopv2&from=wxapp&c=entry&a=wxapp&do=main&&state=we7sid-ed79183bd1910bb4a66263a2a1af3eb6&sign=9d17fee0d58b81efb15a3a5f69c3c8f3 pn=upload; op=order; orderid=6851; 
上传
[2018-06-06 14:42:37] trace  /app/index.php?i=1&uniacid=1&t=undefined&v=1.1&m=ewei_shopv2&from=wxapp&c=entry&a=wxapp&do=main&&state=we7sid-f63553d14162e429c16ad1cfac868fb4&sign=9bc13920927aff77d7070bde3c8035a4 op=order; orderid=6852; pn=upload; 
上传
[2018-06-06 14:47:00] trace  /app/index.php?i=1&uniacid=1&t=undefined&v=1.1&m=ewei_shopv2&from=wxapp&c=entry&a=wxapp&do=main&&state=we7sid-bfb265155251a27852c9366a04c9ed63&sign=6433f04698b9aa3c78bff8c5954ebcfc op=order; orderid=6853; pn=upload; 
上传
[2018-06-06 15:00:58] trace  /app/index.php?i=1&uniacid=1&t=undefined&v=1.1&m=ewei_shopv2&from=wxapp&c=entry&a=wxapp&do=main&&state=we7sid-da6ccf38d524cf04a013ad5f267c1689&sign=81ee50ef9e718da57a0a8bdfa68872c6 pn=upload; op=order; orderid=6854; 
上传
[2018-06-06 15:16:38] trace  /app/index.php?i=1&uniacid=1&t=undefined&v=1.1&m=ewei_shopv2&from=wxapp&c=entry&a=wxapp&do=main&&state=we7sid-62fcacdf07beff5fa37d332035f7e7d4&sign=8b9d0c760f1e798834f3f33da4ed21a3 pn=upload; op=order; orderid=6855; 
上传
[2018-06-06 15:35:38] trace  /app/index.php?i=1&uniacid=1&t=undefined&v=1.1&m=ewei_shopv2&from=wxapp&c=entry&a=wxapp&do=main&&state=we7sid-9f26db2252f26fbc4af92ff16c61a050&sign=d4fcd8a850ddba6a5ca2e7e4be6fb4a1 pn=upload; op=order; orderid=6856; 
上传
[2018-06-06 15:36:48] trace  /app/index.php?i=1&uniacid=1&t=undefined&v=1.1&m=ewei_shopv2&from=wxapp&c=entry&a=wxapp&do=main&&state=we7sid-9f26db2252f26fbc4af92ff16c61a050&sign=d4fcd8a850ddba6a5ca2e7e4be6fb4a1 pn=upload; op=order; orderid=6857; 
上传
[2018-06-06 15:40:16] trace  /app/index.php?i=1&uniacid=1&t=undefined&v=1.1&m=ewei_shopv2&from=wxapp&c=entry&a=wxapp&do=main&&state=we7sid-3cd6130db496bb25999461b2d4bf3872&sign=b02b6aa31da5a50e7e514e27ec88df35 pn=upload; op=order; orderid=6858; 
上传
[2018-06-06 15:41:06] trace  /app/index.php?i=1&uniacid=1&t=undefined&v=1.1&m=ewei_shopv2&from=wxapp&c=entry&a=wxapp&do=main&&state=we7sid-3cb8a1bfdaf97d8e263053c0843fdf48&sign=107cb075b1b36cd9e623bdaafcd80970 op=order; orderid=6859; pn=upload; 
上传
[2018-06-06 16:08:15] trace  /app/index.php?i=1&uniacid=1&t=undefined&v=1.1&m=ewei_shopv2&from=wxapp&c=entry&a=wxapp&do=main&&state=we7sid-226a487a0fbf1656c7f7d20e593599ca&sign=b2bc3a38ef63727cb19fe08f305e6137 pn=upload; op=order; orderid=6860; 
上传
[2018-06-06 16:18:11] trace  /app/index.php?i=1&uniacid=1&t=undefined&v=1.1&m=ewei_shopv2&from=wxapp&c=entry&a=wxapp&do=main&&state=we7sid-25f7144d6239f8357d1b121c70cee210&sign=abbb781be9b0ab6f005c2f451f14949d pn=upload; op=order; orderid=6861; 
上传
[2018-06-06 16:23:32] trace  /app/index.php?i=1&uniacid=1&t=undefined&v=1.1&m=ewei_shopv2&from=wxapp&c=entry&a=wxapp&do=main&&state=we7sid-526246f640f10918b07b4e802a266f09&sign=b2c9c40e9d7838b59f3c9804ee6baa26 pn=upload; op=order; orderid=6862; 
上传
[2018-06-06 16:51:27] trace  /app/index.php?i=1&uniacid=1&t=undefined&v=1.1&m=ewei_shopv2&from=wxapp&c=entry&a=wxapp&do=main&&state=we7sid-12dea3609b27b418c32163bd17ee92aa&sign=5ef4fa6f8f5e2562130baf287a938361 op=order; orderid=6863; pn=upload; 
上传
[2018-06-06 17:45:56] trace  /app/index.php?i=1&uniacid=1&t=undefined&v=1.1&m=ewei_shopv2&from=wxapp&c=entry&a=wxapp&do=main&&state=we7sid-0c6fd2b1db321d76cae1ef8eca52f39d&sign=9f7fced87883400e57a760549dd73338 pn=upload; op=order; orderid=6864; 
上传
[2018-06-06 17:51:36] trace  /app/index.php?i=1&uniacid=1&t=undefined&v=1.1&m=ewei_shopv2&from=wxapp&c=entry&a=wxapp&do=main&&state=we7sid-e1422f829eedbf5476f9b1ffe885b644&sign=f3fce9c8176b8ee33014f88f2dedbf50 pn=upload; op=order; orderid=6865; 
上传
[2018-06-06 17:55:49] trace  /app/index.php?i=1&uniacid=1&t=undefined&v=1.1&m=ewei_shopv2&from=wxapp&c=entry&a=wxapp&do=main&&state=we7sid-b19ec42bb5b00f4397804feee56b95e3&sign=b4265e64ea8dc4f2d59cec380373c3df pn=upload; op=order; orderid=6866; 
上传
[2018-06-06 18:00:34] trace  /app/index.php?i=1&uniacid=1&t=undefined&v=1.1&m=ewei_shopv2&from=wxapp&c=entry&a=wxapp&do=main&&state=we7sid-52d6a226d1407b4cbff0167910ab85f7&sign=9d2374f2a44f492bc015557fad791566 pn=upload; op=order; orderid=6867; 
上传
[2018-06-06 18:13:41] trace  /app/index.php?i=1&uniacid=1&t=undefined&v=1.1&m=ewei_shopv2&from=wxapp&c=entry&a=wxapp&do=main&&state=we7sid-27795751af469080c03764ed3f21b4ed&sign=b8c5dd08c3ba59ffe40a60b0558d9847 pn=upload; op=order; orderid=6868; 
上传
[2018-06-06 18:14:20] trace  /app/index.php?i=1&uniacid=1&t=undefined&v=1.1&m=ewei_shopv2&from=wxapp&c=entry&a=wxapp&do=main&&state=we7sid-74495770ade90bfbf9ab5465881d2b89&sign=674891c410e2093f002cac250a0b93f3 pn=upload; op=order; orderid=6869; 
上传
[2018-06-06 18:21:24] trace  /app/index.php?i=1&uniacid=1&t=undefined&v=1.1&m=ewei_shopv2&from=wxapp&c=entry&a=wxapp&do=main&&state=we7sid-e38bc4c01e29fe67d05fd439b65f1ccf&sign=27a05cebded4706aee9e4df935c829c2 pn=upload; op=order; orderid=6870; 
上传
[2018-06-06 18:27:41] trace  /app/index.php?i=1&uniacid=1&t=undefined&v=1.1&m=ewei_shopv2&from=wxapp&c=entry&a=wxapp&do=main&&state=we7sid-f81ad9a47318b5640ae0b7aef0dd8146&sign=5f1c88c2bb8a0f98a93a7d3f0e1f8b93 pn=upload; op=order; orderid=6871; 
上传
[2018-06-06 18:28:28] trace  /app/index.php?i=1&uniacid=1&t=undefined&v=1.1&m=ewei_shopv2&from=wxapp&c=entry&a=wxapp&do=main&&state=we7sid-f81ad9a47318b5640ae0b7aef0dd8146&sign=5f1c88c2bb8a0f98a93a7d3f0e1f8b93 pn=upload; op=order; orderid=6872; 
上传
[2018-06-06 18:30:54] trace  /app/index.php?i=1&uniacid=1&t=undefined&v=1.1&m=ewei_shopv2&from=wxapp&c=entry&a=wxapp&do=main&&state=we7sid-04c0614912767fc5fc66ec856f927fc9&sign=2a18aaf7249e5c007e72c3e58485d06c pn=upload; op=order; orderid=6873; 
上传
[2018-06-06 18:37:43] trace  /app/index.php?i=1&uniacid=1&t=undefined&v=1.1&m=ewei_shopv2&from=wxapp&c=entry&a=wxapp&do=main&&state=we7sid-04c0614912767fc5fc66ec856f927fc9&sign=2a18aaf7249e5c007e72c3e58485d06c pn=upload; op=order; orderid=6874; 
上传
[2018-06-06 18:38:30] trace  /app/index.php?i=1&uniacid=1&t=undefined&v=1.1&m=ewei_shopv2&from=wxapp&c=entry&a=wxapp&do=main&&state=we7sid-fdbaa68321569c5496e138eea9916332&sign=60e0568b46f53e5c7cc61da1db740d85 pn=upload; op=order; orderid=6875; 
上传
[2018-06-06 18:38:31] trace  /app/index.php?i=1&uniacid=1&t=undefined&v=1.1&m=ewei_shopv2&from=wxapp&c=entry&a=wxapp&do=main&&state=we7sid-fdbaa68321569c5496e138eea9916332&sign=60e0568b46f53e5c7cc61da1db740d85 pn=upload; op=order; orderid=6876; 
上传
[2018-06-06 18:38:54] trace  /app/index.php?i=1&uniacid=1&t=undefined&v=1.1&m=ewei_shopv2&from=wxapp&c=entry&a=wxapp&do=main&&state=we7sid-cc794c64b8e467b613ee0042de15860e&sign=99a699c0f4c1750b83b4c9d1188250c4 pn=upload; op=order; orderid=6877; 
上传
[2018-06-06 19:02:01] trace  /app/index.php?i=1&uniacid=1&t=undefined&v=1.1&m=ewei_shopv2&from=wxapp&c=entry&a=wxapp&do=main&&state=we7sid-257b753a74b9c80c6820e47154f470a0&sign=2724952579a354ad54f3bfcdb43537b1 pn=upload; op=order; orderid=6878; 
上传
[2018-06-06 19:25:04] trace  /app/index.php?i=1&uniacid=1&t=undefined&v=1.1&m=ewei_shopv2&from=wxapp&c=entry&a=wxapp&do=main&&state=we7sid-d5c770986692c56c4210fbd0a8e023e8&sign=c1b21693294e5f5f4a79417d0dd60eda pn=upload; op=order; orderid=6879; 
上传
[2018-06-06 19:31:46] trace  /app/index.php?i=1&uniacid=1&t=undefined&v=1.1&m=ewei_shopv2&from=wxapp&c=entry&a=wxapp&do=main&&state=we7sid-32c08527557295b3b598edbd3e0098ec&sign=8fb550b16cf2b4d85280e570a2960a79 pn=upload; op=order; orderid=6880; 
上传
[2018-06-06 19:37:26] trace  /app/index.php?i=1&uniacid=1&t=undefined&v=1.1&m=ewei_shopv2&from=wxapp&c=entry&a=wxapp&do=main&&state=we7sid-596060e6f16c56dbfede83e51e3c5ff7&sign=4f9a401a94f10054fb93e1f1397044e3 pn=upload; op=order; orderid=6881; 
上传
[2018-06-06 19:38:04] trace  /app/index.php?i=1&uniacid=1&t=undefined&v=1.1&m=ewei_shopv2&from=wxapp&c=entry&a=wxapp&do=main&&state=we7sid-2843396edaf1a79f9b18f659a61dc03e&sign=7639fc39b9ddf5d73ea642cf52298a3a pn=upload; op=order; orderid=6882; 
上传
[2018-06-06 19:48:52] trace  /app/index.php?i=1&uniacid=1&t=undefined&v=1.1&m=ewei_shopv2&from=wxapp&c=entry&a=wxapp&do=main&&state=we7sid-41fb3c4d11c371207a090bb1611a83db&sign=c24a917b46639f682a497c73cff82129 pn=upload; op=order; orderid=6883; 
上传
[2018-06-06 20:04:34] trace  /app/index.php?i=1&uniacid=1&t=undefined&v=1.1&m=ewei_shopv2&from=wxapp&c=entry&a=wxapp&do=main&&state=we7sid-946e0f766dcc9d786877a1d5bd471a2d&sign=88a80a0adf20568b94bbd1281a620e54 pn=upload; op=order; orderid=6884; 
上传
[2018-06-06 20:31:36] trace  /app/index.php?i=1&uniacid=1&t=undefined&v=1.1&m=ewei_shopv2&from=wxapp&c=entry&a=wxapp&do=main&&state=we7sid-94e66ec32c0b3106fa7b9e4473c36f21&sign=47248ca45b59be78856e422fd6b3b5c0 pn=upload; op=order; orderid=6885; 
上传
[2018-06-06 21:36:43] trace  /app/index.php?i=1&uniacid=1&t=undefined&v=1.1&m=ewei_shopv2&from=wxapp&c=entry&a=wxapp&do=main&&state=we7sid-f1b17b7105d03c3fef755c57795ceee1&sign=403539bb9a3863d1cb4d74f88b5c3f07 pn=upload; op=order; orderid=6886; 
上传
[2018-06-06 21:58:01] trace  /app/index.php?i=1&uniacid=1&t=undefined&v=1.1&m=ewei_shopv2&from=wxapp&c=entry&a=wxapp&do=main&&state=we7sid-d374856c8b349ed10c7a0aad164477c0&sign=f0492e5ab2584854406684052a41a09d pn=upload; op=order; orderid=6887; 
上传
[2018-06-06 21:58:08] trace  /app/index.php?i=1&uniacid=1&t=undefined&v=1.1&m=ewei_shopv2&from=wxapp&c=entry&a=wxapp&do=main&&state=we7sid-aad27084c42d86b34c83fc5a7384ae77&sign=a1c17e541288a0361da7bbdbdceae17f pn=upload; op=order; orderid=6888; 
上传
[2018-06-06 22:09:44] trace  /app/index.php?i=1&uniacid=1&t=undefined&v=1.1&m=ewei_shopv2&from=wxapp&c=entry&a=wxapp&do=main&&state=we7sid-4e9c7daefb9c268089f43b93296942c3&sign=8972f6b9506dcc7d6621abce1794a477 pn=upload; op=order; orderid=6889; 
上传
[2018-06-06 22:16:13] trace  /app/index.php?i=1&uniacid=1&t=undefined&v=1.1&m=ewei_shopv2&from=wxapp&c=entry&a=wxapp&do=main&&state=we7sid-39e5143c78372451fc69ed31e60aa540&sign=f7bd3a8f62d4743d8107c924859a70c7 op=order; orderid=6890; pn=upload; 
上传
[2018-06-06 22:35:25] trace  /app/index.php?i=1&uniacid=1&t=undefined&v=1.1&m=ewei_shopv2&from=wxapp&c=entry&a=wxapp&do=main&&state=we7sid-700ae6128fbfe1c87040e06792e65480&sign=9222a30b631f9bd4393ff9350a6df229 pn=upload; op=order; orderid=6891; 
上传
[2018-06-06 22:38:55] trace  /app/index.php?i=1&uniacid=1&t=undefined&v=1.1&m=ewei_shopv2&from=wxapp&c=entry&a=wxapp&do=main&&state=we7sid-bcb23459cf0c67471013b4c308f8a399&sign=f32d0548f881c9d3122d096d65106b15 pn=upload; op=order; orderid=6892; 
上传
[2018-06-06 22:40:58] trace  /app/index.php?i=1&uniacid=1&t=undefined&v=1.1&m=ewei_shopv2&from=wxapp&c=entry&a=wxapp&do=main&&state=we7sid-39e5143c78372451fc69ed31e60aa540&sign=f7bd3a8f62d4743d8107c924859a70c7 op=order; orderid=6893; pn=upload; 
上传
[2018-06-06 22:44:25] trace  /app/index.php?i=1&uniacid=1&t=undefined&v=1.1&m=ewei_shopv2&from=wxapp&c=entry&a=wxapp&do=main&&state=we7sid-2d8ff190331e19bfdfa82ad28959d1a0&sign=2d10abfb2b240d3d462ec77835be66f8 pn=upload; op=author; orderid=5959; 
上传
[2018-06-06 23:00:01] trace  /app/index.php?i=1&uniacid=1&t=undefined&v=1.1&m=ewei_shopv2&from=wxapp&c=entry&a=wxapp&do=main&&state=we7sid-2d8ff190331e19bfdfa82ad28959d1a0&sign=2d10abfb2b240d3d462ec77835be66f8 pn=upload; op=author; orderid=6809; 
上传
[2018-06-06 23:00:09] trace  /app/index.php?i=1&uniacid=1&t=undefined&v=1.1&m=ewei_shopv2&from=wxapp&c=entry&a=wxapp&do=main&&state=we7sid-9d4088e06746208ac0ba6a8e59fbf0b6&sign=ccb10efa91a6b8c9cec83d42f2ce30af pn=upload; op=order; orderid=6894; 
上传
[2018-06-06 23:02:02] trace  /app/index.php?i=1&uniacid=1&t=undefined&v=1.1&m=ewei_shopv2&from=wxapp&c=entry&a=wxapp&do=main&&state=we7sid-d4bf13abad2aece41cc3b87e85567f10&sign=31bdb62266e1a9ffda4178ca197b129e pn=upload; op=order; orderid=6895; 
上传
[2018-06-06 23:02:58] trace  /app/index.php?i=1&uniacid=1&t=undefined&v=1.1&m=ewei_shopv2&from=wxapp&c=entry&a=wxapp&do=main&&state=we7sid-d3adc3e848b3caa00b7ae0f9b1e3f091&sign=77520c96265d38fe18a3f0f25c66729f pn=upload; op=order; orderid=6896; 
上传
[2018-06-06 23:03:25] trace  /app/index.php?i=1&uniacid=1&t=undefined&v=1.1&m=ewei_shopv2&from=wxapp&c=entry&a=wxapp&do=main&&state=we7sid-355bdf76cabae41fe2f26698b09eba86&sign=3991a94917b8511309553fd358093851 op=order; orderid=6897; pn=upload; 
上传
[2018-06-06 23:09:22] trace  /app/index.php?i=1&uniacid=1&t=undefined&v=1.1&m=ewei_shopv2&from=wxapp&c=entry&a=wxapp&do=main&&state=we7sid-380a7ba936b7de7e1c39fe5f9e434587&sign=8e780d6c2fd35747e7656a4b2f2be934 pn=upload; op=order; orderid=6898; 
上传
[2018-06-06 23:11:44] trace  /app/index.php?i=1&uniacid=1&t=undefined&v=1.1&m=ewei_shopv2&from=wxapp&c=entry&a=wxapp&do=main&&state=we7sid-2d8ff190331e19bfdfa82ad28959d1a0&sign=2d10abfb2b240d3d462ec77835be66f8 pn=upload; op=author; orderid=6841; 
上传
[2018-06-06 23:14:06] trace  /app/index.php?i=1&uniacid=1&t=undefined&v=1.1&m=ewei_shopv2&from=wxapp&c=entry&a=wxapp&do=main&&state=we7sid-1eeca0491365d6d9f2c0ccf31076cf4a&sign=4495a02e137afde58b0eec7b019e04cb pn=upload; op=order; orderid=6899; 
上传
[2018-06-06 23:17:46] trace  /app/index.php?i=1&uniacid=1&t=undefined&v=1.1&m=ewei_shopv2&from=wxapp&c=entry&a=wxapp&do=main&&state=we7sid-2d8ff190331e19bfdfa82ad28959d1a0&sign=2d10abfb2b240d3d462ec77835be66f8 pn=upload; op=author; orderid=6872; 
上传
[2018-06-06 23:24:02] trace  /app/index.php?i=1&uniacid=1&t=undefined&v=1.1&m=ewei_shopv2&from=wxapp&c=entry&a=wxapp&do=main&&state=we7sid-7cb213fa161ce0a5a8d5d1f5a6314ab1&sign=3983da70309a3b8a777c1c94305fb0a5 pn=upload; op=order; orderid=6900; 
上传
[2018-06-06 23:24:41] trace  /app/index.php?i=1&uniacid=1&t=undefined&v=1.1&m=ewei_shopv2&from=wxapp&c=entry&a=wxapp&do=main&&state=we7sid-2d8ff190331e19bfdfa82ad28959d1a0&sign=2d10abfb2b240d3d462ec77835be66f8 pn=upload; op=author; orderid=6881; 
上传
[2018-06-06 23:31:09] trace  /app/index.php?i=1&uniacid=1&t=undefined&v=1.1&m=ewei_shopv2&from=wxapp&c=entry&a=wxapp&do=main&&state=we7sid-2d8ff190331e19bfdfa82ad28959d1a0&sign=2d10abfb2b240d3d462ec77835be66f8 pn=upload; op=author; orderid=6892; 
上传
[2018-06-06 23:35:40] trace  /app/index.php?i=1&uniacid=1&t=undefined&v=1.1&m=ewei_shopv2&from=wxapp&c=entry&a=wxapp&do=main&&state=we7sid-b7d1ad29bca87b6f9e119c9c988b351f&sign=8d672f24b032aef9f6822e8446757bd4 pn=upload; op=order; orderid=6901; 
上传
[2018-06-06 23:52:11] trace  /app/index.php?i=1&uniacid=1&t=undefined&v=1.1&m=ewei_shopv2&from=wxapp&c=entry&a=wxapp&do=main&&state=we7sid-9dbeefdbec80440f981bf730baefa07f&sign=e5791eea9abcbb062592f3bd6368a204 pn=upload; op=order; orderid=6902; 
上传
