[2018-07-08 00:27:16] trace  /app/index.php?i=1&uniacid=1&t=undefined&v=1.3&m=ewei_shopv2&from=wxapp&c=entry&a=wxapp&do=main&&state=we7sid-6840fecc6ec8bf214ed64b940c7e3723&sign=76ad3fbca944aa3e3d3e36158a5e53ce pn=upload; op=order; orderid=10473; 
上传
[2018-07-08 00:32:32] trace  /app/index.php?i=1&uniacid=1&t=undefined&v=1.3&m=ewei_shopv2&from=wxapp&c=entry&a=wxapp&do=main&&state=we7sid-b6c554a7805d85a6cd54cb247f508dfd&sign=c8dc86109d6c19666183521f9a293d68 pn=upload; op=order; orderid=10474; 
上传
[2018-07-08 00:36:02] trace  /app/index.php?i=1&uniacid=1&t=undefined&v=1.3&m=ewei_shopv2&from=wxapp&c=entry&a=wxapp&do=main&&state=we7sid-0da65918a3ceddeedccfd49505d54eb1&sign=c042f1a9c754d93af44ab7c4ec7a58fd op=order; orderid=10475; pn=upload; 
上传
[2018-07-08 01:57:58] trace  /app/index.php?i=1&uniacid=1&t=undefined&v=1.3&m=ewei_shopv2&from=wxapp&c=entry&a=wxapp&do=main&&state=we7sid-c10c34ef6412e87b5c04515b9b9232d0&sign=a7f8609f5912e0253a460195dd10f763 pn=upload; op=author; orderid=10050; 
上传
[2018-07-08 02:08:37] trace  /app/index.php?i=1&uniacid=1&t=undefined&v=1.3&m=ewei_shopv2&from=wxapp&c=entry&a=wxapp&do=main&&state=we7sid-c10c34ef6412e87b5c04515b9b9232d0&sign=a7f8609f5912e0253a460195dd10f763 pn=upload; op=author; orderid=10072; 
上传
[2018-07-08 02:15:20] trace  /app/index.php?i=1&uniacid=1&t=undefined&v=1.3&m=ewei_shopv2&from=wxapp&c=entry&a=wxapp&do=main&&state=we7sid-c10c34ef6412e87b5c04515b9b9232d0&sign=a7f8609f5912e0253a460195dd10f763 pn=upload; op=author; orderid=10074; 
上传
[2018-07-08 02:15:59] trace  /app/index.php?i=1&uniacid=1&t=undefined&v=1.3&m=ewei_shopv2&from=wxapp&c=entry&a=wxapp&do=main&&state=we7sid-7790604ca441c887a426b0b23f287c8b&sign=a887f40d4050e1f52b014f9125ddd189 pn=upload; op=order; orderid=10476; 
上传
[2018-07-08 02:18:49] trace  /app/index.php?i=1&uniacid=1&t=undefined&v=1.3&m=ewei_shopv2&from=wxapp&c=entry&a=wxapp&do=main&&state=we7sid-7790604ca441c887a426b0b23f287c8b&sign=a887f40d4050e1f52b014f9125ddd189 pn=upload; op=order; orderid=10477; 
上传
[2018-07-08 02:20:14] trace  /app/index.php?i=1&uniacid=1&t=undefined&v=1.3&m=ewei_shopv2&from=wxapp&c=entry&a=wxapp&do=main&&state=we7sid-c10c34ef6412e87b5c04515b9b9232d0&sign=a7f8609f5912e0253a460195dd10f763 pn=upload; op=author; orderid=10086; 
上传
[2018-07-08 02:33:02] trace  /app/index.php?i=1&uniacid=1&t=undefined&v=1.3&m=ewei_shopv2&from=wxapp&c=entry&a=wxapp&do=main&&state=we7sid-4df7a40de6699cb12bb0d52f09cf4e24&sign=f49562a2e64441d2105e3c51de3c01a0 pn=upload; op=order; orderid=10478; 
上传
[2018-07-08 02:57:18] trace  /app/index.php?i=1&uniacid=1&t=undefined&v=1.3&m=ewei_shopv2&from=wxapp&c=entry&a=wxapp&do=main&&state=we7sid-efb96b1d794db78d31accb76d9996069&sign=e434ae04dde16e3b129e6fdb4954ecaf pn=upload; op=order; orderid=10479; 
上传
[2018-07-08 04:43:23] trace  /app/index.php?i=1&uniacid=1&t=undefined&v=1.3&m=ewei_shopv2&from=wxapp&c=entry&a=wxapp&do=main&&state=we7sid-3b375f7067c80c66b9b7da33e6e1aea3&sign=d3d18cbf19926a6a801a7eded2b65fee pn=upload; op=order; orderid=10480; 
上传
[2018-07-08 04:47:57] trace  /app/index.php?i=1&uniacid=1&t=undefined&v=1.3&m=ewei_shopv2&from=wxapp&c=entry&a=wxapp&do=main&&state=we7sid-bc8ec0cc8c1c9988ad87f373fa7922c8&sign=9f725d2e3a0d9e74a26061d876b2c6c8 pn=upload; op=order; orderid=10481; 
上传
[2018-07-08 04:53:56] trace  /app/index.php?i=1&uniacid=1&t=undefined&v=1.3&m=ewei_shopv2&from=wxapp&c=entry&a=wxapp&do=main&&state=we7sid-2ee12b62ec8f786912021204fd85567b&sign=08dd138887d9f66d161698aabf42077a pn=upload; op=order; orderid=10482; 
上传
[2018-07-08 05:43:07] trace  /app/index.php?i=1&uniacid=1&t=undefined&v=1.3&m=ewei_shopv2&from=wxapp&c=entry&a=wxapp&do=main&&state=we7sid-5fca07c0b795e0f4c2fd45c3b10379e6&sign=67a5c316cf0561beeee86203bde6c01c op=order; orderid=10483; pn=upload; 
上传
[2018-07-08 05:43:07] trace  /app/index.php?i=1&uniacid=1&t=undefined&v=1.3&m=ewei_shopv2&from=wxapp&c=entry&a=wxapp&do=main&&state=we7sid-5fca07c0b795e0f4c2fd45c3b10379e6&sign=67a5c316cf0561beeee86203bde6c01c op=order; orderid=10483; pn=upload; 
上传
[2018-07-08 06:17:16] trace  /app/index.php?i=1&uniacid=1&t=undefined&v=1.3&m=ewei_shopv2&from=wxapp&c=entry&a=wxapp&do=main&&state=we7sid-9877e260429d2eea4f53bfeb839ec8ac&sign=b64e4e059ff7f0bcb60f4bf5542cde3d op=order; pn=upload; orderid=10484; 
上传
[2018-07-08 07:10:57] trace  /app/index.php?i=1&uniacid=1&t=undefined&v=1.3&m=ewei_shopv2&from=wxapp&c=entry&a=wxapp&do=main&&state=we7sid-74d8b0d78ee83bd2cb0ac2cd466da231&sign=208f4dada0378298d12599c73e00e0f1 pn=upload; op=order; orderid=10485; 
上传
[2018-07-08 07:25:10] trace  /app/index.php?i=1&uniacid=1&t=undefined&v=1.3&m=ewei_shopv2&from=wxapp&c=entry&a=wxapp&do=main&&state=we7sid-cb48fa8f14b09f014e7c8175e2b5b5f3&sign=aaafb446a278af0eedf0d4ef0c6d8076 pn=upload; op=order; orderid=10486; 
上传
[2018-07-08 07:45:28] trace  /app/index.php?i=1&uniacid=1&t=undefined&v=1.3&m=ewei_shopv2&from=wxapp&c=entry&a=wxapp&do=main&&state=we7sid-033622178690adec151cafe8b117f523&sign=03865b8c339b501ee0e1d052a99fb826 pn=upload; op=order; orderid=10487; 
上传
[2018-07-08 08:08:35] trace  /app/index.php?i=1&uniacid=1&t=undefined&v=1.3&m=ewei_shopv2&from=wxapp&c=entry&a=wxapp&do=main&&state=we7sid-55e461127e76614f3e3305414699dbc4&sign=94fa9b44561f4d3bef7ecb4724a15d32 op=order; orderid=10488; pn=upload; 
上传
[2018-07-08 08:16:05] trace  /app/index.php?i=1&uniacid=1&t=undefined&v=1.3&m=ewei_shopv2&from=wxapp&c=entry&a=wxapp&do=main&&state=we7sid-b352b7352ad8db0c3ddb9abf597152b8&sign=3f2048c208a9124e4c759ea7371a75b8 pn=upload; op=order; orderid=10489; 
上传
[2018-07-08 08:18:29] trace  /app/index.php?i=1&uniacid=1&t=undefined&v=1.3&m=ewei_shopv2&from=wxapp&c=entry&a=wxapp&do=main&&state=we7sid-b352b7352ad8db0c3ddb9abf597152b8&sign=3f2048c208a9124e4c759ea7371a75b8 pn=upload; op=order; orderid=10490; 
上传
[2018-07-08 08:21:40] trace  /app/index.php?i=1&uniacid=1&t=undefined&v=1.3&m=ewei_shopv2&from=wxapp&c=entry&a=wxapp&do=main&&state=we7sid-afab443fcf48494acab6eaff65fcd7bc&sign=c0069b5d3a05eb8a7f60e5f0dd434f7e pn=upload; op=order; orderid=10491; 
上传
[2018-07-08 08:34:08] trace  /app/index.php?i=1&uniacid=1&t=undefined&v=1.3&m=ewei_shopv2&from=wxapp&c=entry&a=wxapp&do=main&&state=we7sid-b5a0b37f56abb3060d88c88cac7ca5e3&sign=6fc22ff569b980bdfde362cb27930bd0 pn=upload; op=order; orderid=10492; 
上传
[2018-07-08 08:57:38] trace  /app/index.php?i=1&uniacid=1&t=undefined&v=1.3&m=ewei_shopv2&from=wxapp&c=entry&a=wxapp&do=main&&state=we7sid-6847c43bde8ec2ae6a193397174bbff9&sign=94ebd475f2e02dfa1d60b5f78682a4a7 pn=upload; op=order; orderid=10493; 
上传
[2018-07-08 09:48:53] trace  /app/index.php?i=1&uniacid=1&t=undefined&v=1.3&m=ewei_shopv2&from=wxapp&c=entry&a=wxapp&do=main&&state=we7sid-4230dee2b456614027be2f1ce2abae77&sign=9c8dc1564233793818b6de6d23be56f8 pn=upload; op=order; orderid=10494; 
上传
[2018-07-08 09:49:25] trace  /app/index.php?i=1&uniacid=1&t=undefined&v=1.3&m=ewei_shopv2&from=wxapp&c=entry&a=wxapp&do=main&&state=we7sid-459971ff801f3b520f954f21a8d804c2&sign=0e357176c7dd5aabf011e1638b24a560 pn=upload; op=order; orderid=10495; 
上传
[2018-07-08 09:53:11] trace  /app/index.php?i=1&uniacid=1&t=undefined&v=1.3&m=ewei_shopv2&from=wxapp&c=entry&a=wxapp&do=main&&state=we7sid-84ad5be6ae1de81aba5908f0810291eb&sign=d49b1a93697894421ff13f0d8f09f8e6 pn=upload; op=order; orderid=10496; 
上传
[2018-07-08 10:09:48] trace  /app/index.php?i=1&uniacid=1&t=undefined&v=1.3&m=ewei_shopv2&from=wxapp&c=entry&a=wxapp&do=main&&state=we7sid-78f356384fcfbf7a0a5d82bcb65bc7d2&sign=d159305e175e0ea3d5f008556535fa95 op=order; orderid=10497; pn=upload; 
上传
[2018-07-08 10:21:15] trace  /app/index.php?i=1&uniacid=1&t=undefined&v=1.3&m=ewei_shopv2&from=wxapp&c=entry&a=wxapp&do=main&&state=we7sid-f328345896333913f7ff0c11ccdf5b2d&sign=cd2b1685067d51b939db3fc921f39c3f pn=upload; op=order; orderid=10498; 
上传
[2018-07-08 10:22:14] trace  /app/index.php?i=1&uniacid=1&t=undefined&v=1.3&m=ewei_shopv2&from=wxapp&c=entry&a=wxapp&do=main&&state=we7sid-38f45d291959c5e26d512987a04477c0&sign=69486a1d6d5523ce698abd67e30b4d01 pn=upload; op=order; orderid=10499; 
上传
[2018-07-08 10:27:29] trace  /app/index.php?i=1&uniacid=1&t=undefined&v=1.3&m=ewei_shopv2&from=wxapp&c=entry&a=wxapp&do=main&&state=we7sid-b1381ece2cc7dc525ef564c4bba322e0&sign=5d57a16062f55cbf39b49d4233113aa3 pn=upload; op=order; orderid=10500; 
上传
[2018-07-08 10:31:36] trace  /app/index.php?i=1&uniacid=1&t=undefined&v=1.3&m=ewei_shopv2&from=wxapp&c=entry&a=wxapp&do=main&&state=we7sid-b07b0f4e2790bac575b651b7fa8fb22e&sign=0b1fa17127c064fbc02efad72ebb534c pn=upload; op=order; orderid=10501; 
上传
[2018-07-08 10:39:38] trace  /app/index.php?i=1&uniacid=1&t=undefined&v=1.3&m=ewei_shopv2&from=wxapp&c=entry&a=wxapp&do=main&&state=we7sid-365b07836e3c99b6da84cea28b2f51c3&sign=7e5eb96ec4e900aad20c487da8a2301c pn=upload; op=order; orderid=10502; 
上传
[2018-07-08 10:40:09] trace  /app/index.php?i=1&uniacid=1&t=undefined&v=1.3&m=ewei_shopv2&from=wxapp&c=entry&a=wxapp&do=main&&state=we7sid-365b07836e3c99b6da84cea28b2f51c3&sign=7e5eb96ec4e900aad20c487da8a2301c pn=upload; op=order; orderid=10503; 
上传
[2018-07-08 10:51:49] trace  /app/index.php?i=1&uniacid=1&t=undefined&v=1.3&m=ewei_shopv2&from=wxapp&c=entry&a=wxapp&do=main&&state=we7sid-3bece3390cbd2783f8a970b405c012cc&sign=b75f0ec6ccc3cb566e9e09924a9bfc63 op=order; orderid=10504; pn=upload; 
上传
[2018-07-08 10:57:25] trace  /app/index.php?i=1&uniacid=1&t=undefined&v=1.3&m=ewei_shopv2&from=wxapp&c=entry&a=wxapp&do=main&&state=we7sid-db8eef424354b31b70ecabb22b35e0aa&sign=ef67019ccf39468f5d1bced97cedebd1 op=order; orderid=10505; pn=upload; 
上传
[2018-07-08 11:00:54] trace  /app/index.php?i=1&uniacid=1&t=undefined&v=1.3&m=ewei_shopv2&from=wxapp&c=entry&a=wxapp&do=main&&state=we7sid-239af39ca9c8ff6a0876416746d80048&sign=5a13a1bc44a72c10a93d64fb78e5884a pn=upload; op=order; orderid=10506; 
上传
[2018-07-08 11:08:27] trace  /app/index.php?i=1&uniacid=1&t=undefined&v=1.3&m=ewei_shopv2&from=wxapp&c=entry&a=wxapp&do=main&&state=we7sid-a03bda8df203dab0bd8bd8ad169093b6&sign=5c18f1ff90d89b862c11d3222cc558a5 pn=upload; op=order; orderid=10507; 
上传
[2018-07-08 11:09:37] trace  /app/index.php?i=1&uniacid=1&t=undefined&v=1.3&m=ewei_shopv2&from=wxapp&c=entry&a=wxapp&do=main&&state=we7sid-b74d6bc8e0c5b9db48953b51ac97b22f&sign=c73c47a69bd3af0595c0c68ee4eb9cc1 pn=upload; op=order; orderid=10508; 
上传
[2018-07-08 11:26:35] trace  /app/index.php?i=1&uniacid=1&t=undefined&v=1.3&m=ewei_shopv2&from=wxapp&c=entry&a=wxapp&do=main&&state=we7sid-56ab7fea00133df424f5edc128d65080&sign=05d770a24f35dafe077f755fbb80fda8 pn=upload; op=order; orderid=10509; 
上传
[2018-07-08 11:39:45] trace  /app/index.php?i=1&uniacid=1&t=undefined&v=1.3&m=ewei_shopv2&from=wxapp&c=entry&a=wxapp&do=main&&state=we7sid-b7b314145cacc46e95d66ed36db68a04&sign=97108d3c5781e580e162adc106a6e1e9 op=order; orderid=10510; pn=upload; 
上传
[2018-07-08 11:44:27] trace  /app/index.php?i=1&uniacid=1&t=undefined&v=1.3&m=ewei_shopv2&from=wxapp&c=entry&a=wxapp&do=main&&state=we7sid-e2164576dbd2927c7d88dd057cd5954a&sign=fcf1981920c0258060cd8c2b22c12b4d pn=upload; op=order; orderid=10511; 
上传
[2018-07-08 11:50:57] trace  /app/index.php?i=1&uniacid=1&t=undefined&v=1.3&m=ewei_shopv2&from=wxapp&c=entry&a=wxapp&do=main&&state=we7sid-dd3293cbdae09e2708ae46ecfd1dd7e8&sign=a5c73a6fc717069baf2058e868d0aba3 pn=upload; op=order; orderid=10512; 
上传
[2018-07-08 12:01:42] trace  /app/index.php?i=1&uniacid=1&t=undefined&v=1.3&m=ewei_shopv2&from=wxapp&c=entry&a=wxapp&do=main&&state=we7sid-114b7b6c4773ad9ab7755f221c4f8b8e&sign=70bd7218667914b27d64df83cb3e9c82 pn=upload; op=order; orderid=10513; 
上传
[2018-07-08 12:13:05] trace  /app/index.php?i=1&uniacid=1&t=undefined&v=1.3&m=ewei_shopv2&from=wxapp&c=entry&a=wxapp&do=main&&state=we7sid-eb9235700f9b85f364863e8f23cf5ae0&sign=42b3d17ffff50282d44b30034eb89c01 op=order; pn=upload; orderid=10514; 
上传
[2018-07-08 12:16:37] trace  /app/index.php?i=1&uniacid=1&t=undefined&v=1.3&m=ewei_shopv2&from=wxapp&c=entry&a=wxapp&do=main&&state=we7sid-fce87595bd4a13990a9728662f87132d&sign=bc36e56e6e7fe53ea3126f58ea3539b6 pn=upload; op=order; orderid=10515; 
上传
[2018-07-08 12:18:24] trace  /app/index.php?i=1&uniacid=1&t=undefined&v=1.3&m=ewei_shopv2&from=wxapp&c=entry&a=wxapp&do=main&&state=we7sid-4c8f1e0b8e88b74ac9ab95eb45abbae0&sign=849bd99ce138158c03e14a7a8d0d7c6f pn=upload; op=order; orderid=10516; 
上传
[2018-07-08 12:18:25] trace  /app/index.php?i=1&uniacid=1&t=undefined&v=1.3&m=ewei_shopv2&from=wxapp&c=entry&a=wxapp&do=main&&state=we7sid-4c8f1e0b8e88b74ac9ab95eb45abbae0&sign=849bd99ce138158c03e14a7a8d0d7c6f pn=upload; op=order; orderid=10516; 
上传
[2018-07-08 12:32:56] trace  /app/index.php?i=1&uniacid=1&t=undefined&v=1.3&m=ewei_shopv2&from=wxapp&c=entry&a=wxapp&do=main&&state=we7sid-3b507c58736d3afd8076fafb27664984&sign=7fd49c4521e5ecbe48da15b424171b5d pn=upload; op=order; orderid=10517; 
上传
[2018-07-08 12:48:50] trace  /app/index.php?i=1&uniacid=1&t=undefined&v=1.3&m=ewei_shopv2&from=wxapp&c=entry&a=wxapp&do=main&&state=we7sid-4bd2ffb6cf5f72e1440682190c41062e&sign=62bf467810d5bf6db4a92286e4dd0a47 pn=upload; op=order; orderid=10518; 
上传
[2018-07-08 12:51:32] trace  /app/index.php?i=1&uniacid=1&t=undefined&v=1.3&m=ewei_shopv2&from=wxapp&c=entry&a=wxapp&do=main&&state=we7sid-2d5033d9c4c226ea3dade84c82f3a80e&sign=9a5033ef13128681c9d34a01d02f7ba0 op=order; orderid=10519; pn=upload; 
上传
[2018-07-08 12:52:03] trace  /app/index.php?i=1&uniacid=1&t=undefined&v=1.3&m=ewei_shopv2&from=wxapp&c=entry&a=wxapp&do=main&&state=we7sid-8e84d4cd7da7e26343926b21ad63a2fc&sign=05be178e2b0fad3490fa0eecee3ed8ff op=order; orderid=10520; pn=upload; 
上传
[2018-07-08 12:54:57] trace  /app/index.php?i=1&uniacid=1&t=undefined&v=1.3&m=ewei_shopv2&from=wxapp&c=entry&a=wxapp&do=main&&state=we7sid-c8de38a91fcae308916ef986a4f56da4&sign=fa774c8571f046659d341300f2502afb pn=upload; op=order; orderid=10521; 
上传
[2018-07-08 12:54:59] trace  /app/index.php?i=1&uniacid=1&t=undefined&v=1.3&m=ewei_shopv2&from=wxapp&c=entry&a=wxapp&do=main&&state=we7sid-c8de38a91fcae308916ef986a4f56da4&sign=fa774c8571f046659d341300f2502afb pn=upload; op=order; orderid=10521; 
上传
[2018-07-08 12:56:37] trace  /app/index.php?i=1&uniacid=1&t=undefined&v=1.3&m=ewei_shopv2&from=wxapp&c=entry&a=wxapp&do=main&&state=we7sid-dcf3b931c7edddd262b74e5a136f1960&sign=6134de3fe005bff793f4c63b1c0f5b73 op=order; orderid=10522; pn=upload; 
上传
[2018-07-08 12:59:11] trace  /app/index.php?i=1&uniacid=1&t=undefined&v=1.3&m=ewei_shopv2&from=wxapp&c=entry&a=wxapp&do=main&&state=we7sid-99cf20b6afa5997057dcf3fc9981bad1&sign=6773d8d04166a25ab741d515f1e848f5 pn=upload; op=order; orderid=10523; 
上传
[2018-07-08 13:01:04] trace  /app/index.php?i=1&uniacid=1&t=undefined&v=1.3&m=ewei_shopv2&from=wxapp&c=entry&a=wxapp&do=main&&state=we7sid-a1b7cf3615cf4581ec9cdb052bf1567a&sign=09d51a868c5bedc0b866c0639df1f9e7 pn=upload; op=order; orderid=10524; 
上传
[2018-07-08 13:07:02] trace  /app/index.php?i=1&uniacid=1&t=undefined&v=1.3&m=ewei_shopv2&from=wxapp&c=entry&a=wxapp&do=main&&state=we7sid-a13abaf8dcd4d024879cefa6bf93c536&sign=5798176755a6f55bf9155a754d1a46df pn=upload; op=order; orderid=10525; 
上传
[2018-07-08 13:11:11] trace  /app/index.php?i=1&uniacid=1&t=undefined&v=1.3&m=ewei_shopv2&from=wxapp&c=entry&a=wxapp&do=main&&state=we7sid-1342f507c83fa675cdc9afc96fd022a8&sign=080b063204bedfbcec1f604d72e9e511 pn=upload; op=order; orderid=10526; 
上传
[2018-07-08 13:15:29] trace  /app/index.php?i=1&uniacid=1&t=undefined&v=1.3&m=ewei_shopv2&from=wxapp&c=entry&a=wxapp&do=main&&state=we7sid-a39fc39c20a3ab6dc41585100b62a55c&sign=46b8f21f911ffbba040b868f9c402ff9 pn=upload; op=order; orderid=10527; 
上传
[2018-07-08 13:15:41] trace  /app/index.php?i=1&uniacid=1&t=undefined&v=1.3&m=ewei_shopv2&from=wxapp&c=entry&a=wxapp&do=main&&state=we7sid-e995d9cae80956b95632bc3df5331bf7&sign=278e5de1a00523488850cb7f5f720bf0 pn=upload; op=order; orderid=10528; 
上传
[2018-07-08 13:18:30] trace  /app/index.php?i=1&uniacid=1&t=undefined&v=1.3&m=ewei_shopv2&from=wxapp&c=entry&a=wxapp&do=main&&state=we7sid-a7b482e5f649a00f9705f593e9ef4616&sign=50fdaed619885bacb1dcc0aec2f6a5d1 pn=upload; op=order; orderid=10529; 
上传
[2018-07-08 13:19:44] trace  /app/index.php?i=1&uniacid=1&t=undefined&v=1.3&m=ewei_shopv2&from=wxapp&c=entry&a=wxapp&do=main&&state=we7sid-62961773de159b30c992227b48f296a3&sign=aab7a6985f350e02aa446ed44860ddc8 pn=upload; op=order; orderid=10530; 
上传
[2018-07-08 13:28:47] trace  /app/index.php?i=1&uniacid=1&t=undefined&v=1.3&m=ewei_shopv2&from=wxapp&c=entry&a=wxapp&do=main&&state=we7sid-4ca6194d66bd3d8edb0230ddb8e0b950&sign=09030a53dcc0924ff3f3977278aee493 pn=upload; op=order; orderid=10531; 
上传
[2018-07-08 13:30:04] trace  /app/index.php?i=1&uniacid=1&t=undefined&v=1.3&m=ewei_shopv2&from=wxapp&c=entry&a=wxapp&do=main&&state=we7sid-097f3d71db2928c862e682b2244d9b4f&sign=0f947f0fe5720b64f7b0c1c3ca6fc05e pn=upload; op=order; orderid=10532; 
上传
[2018-07-08 13:30:24] trace  /app/index.php?i=1&uniacid=1&t=undefined&v=1.3&m=ewei_shopv2&from=wxapp&c=entry&a=wxapp&do=main&&state=we7sid-29d4516dcf593f76a400b085b4664344&sign=4dfd979952ddc44f01b3dbabd828db4d pn=upload; op=order; orderid=10533; 
上传
[2018-07-08 13:30:30] trace  /app/index.php?i=1&uniacid=1&t=undefined&v=1.3&m=ewei_shopv2&from=wxapp&c=entry&a=wxapp&do=main&&state=we7sid-5155bf6442845fdaebed8e11a173d757&sign=75f9d0c4f588d3581563e1ae5c58ed9f pn=upload; op=order; orderid=10534; 
上传
[2018-07-08 13:33:18] trace  /app/index.php?i=1&uniacid=1&t=undefined&v=1.3&m=ewei_shopv2&from=wxapp&c=entry&a=wxapp&do=main&&state=we7sid-8448afefdef911c4d37c053c44363285&sign=78fc3c48efdbfa45b203de307b5edcd0 pn=upload; op=order; orderid=10535; 
上传
[2018-07-08 13:34:15] trace  /app/index.php?i=1&uniacid=1&t=undefined&v=1.3&m=ewei_shopv2&from=wxapp&c=entry&a=wxapp&do=main&&state=we7sid-ce6a951f319fcefb4a13068f90d343fd&sign=4f243f23ad0e868ada7fedb4bd50a117 pn=upload; op=order; orderid=10536; 
上传
[2018-07-08 13:34:16] trace  /app/index.php?i=1&uniacid=1&t=undefined&v=1.3&m=ewei_shopv2&from=wxapp&c=entry&a=wxapp&do=main&&state=we7sid-ce6a951f319fcefb4a13068f90d343fd&sign=4f243f23ad0e868ada7fedb4bd50a117 pn=upload; op=order; orderid=10536; 
上传
[2018-07-08 13:36:33] trace  /app/index.php?i=1&uniacid=1&t=undefined&v=1.3&m=ewei_shopv2&from=wxapp&c=entry&a=wxapp&do=main&&state=we7sid-c326bb56e6b7bad8a7dd6d5f22bc525c&sign=2b5bce927a04b5a2254759fcf8aac88c op=order; orderid=10537; pn=upload; 
上传
[2018-07-08 13:44:32] trace  /app/index.php?i=1&uniacid=1&t=undefined&v=1.3&m=ewei_shopv2&from=wxapp&c=entry&a=wxapp&do=main&&state=we7sid-7a3defe325f63b128eba436c20e69968&sign=c5c3c658d7af0bfa607bcb9f8a9ddc85 op=order; orderid=10538; pn=upload; 
上传
[2018-07-08 13:54:50] trace  /app/index.php?i=1&uniacid=1&t=undefined&v=1.3&m=ewei_shopv2&from=wxapp&c=entry&a=wxapp&do=main&&state=we7sid-154a977b5fd28b33ee5c43b0c124d112&sign=6fb36756f4cb5632732c063d0b5a1adf pn=upload; op=order; orderid=10539; 
上传
[2018-07-08 14:13:10] trace  /app/index.php?i=1&uniacid=1&t=undefined&v=1.3&m=ewei_shopv2&from=wxapp&c=entry&a=wxapp&do=main&&state=we7sid-397dc974fac95df9ec0bc2c2cc394d83&sign=3b5dc7980fb74841428aecd643b62d8a pn=upload; op=order; orderid=10540; 
上传
[2018-07-08 14:16:53] trace  /app/index.php?i=1&uniacid=1&t=undefined&v=1.3&m=ewei_shopv2&from=wxapp&c=entry&a=wxapp&do=main&&state=we7sid-4a85e974ed8c7ad7523c297bdef9ec7c&sign=6a7959cf034cef7b9a349e6b91381031 pn=upload; op=order; orderid=10541; 
上传
[2018-07-08 14:30:45] trace  /app/index.php?i=1&uniacid=1&t=undefined&v=1.3&m=ewei_shopv2&from=wxapp&c=entry&a=wxapp&do=main&&state=we7sid-d77bbf7a4a5f61fa51d18b461ccff3dc&sign=ba49c1e3f6f098e41ad07e1421329211 op=order; pn=upload; orderid=10542; 
上传
[2018-07-08 14:38:16] trace  /app/index.php?i=1&uniacid=1&t=undefined&v=1.3&m=ewei_shopv2&from=wxapp&c=entry&a=wxapp&do=main&&state=we7sid-2872b23c66147396db253b932fee08e3&sign=4ce3b7f0249173a292f11ff061fc8b4d pn=upload; op=order; orderid=10543; 
上传
[2018-07-08 14:54:50] trace  /app/index.php?i=1&uniacid=1&t=undefined&v=1.3&m=ewei_shopv2&from=wxapp&c=entry&a=wxapp&do=main&&state=we7sid-f7afdefcb8c5df82e474a1615c670c0f&sign=3fc93d3fd3ad8aca4c9b793d8ded6c9a pn=upload; op=order; orderid=10544; 
上传
[2018-07-08 15:08:45] trace  /app/index.php?i=1&uniacid=1&t=undefined&v=1.3&m=ewei_shopv2&from=wxapp&c=entry&a=wxapp&do=main&&state=we7sid-70146e9c21a7fa1c48fe91888df61eba&sign=024f4bc323ed8e2582a50ba34c786697 pn=upload; op=order; orderid=10545; 
上传
[2018-07-08 15:15:43] trace  /app/index.php?i=1&uniacid=1&t=undefined&v=1.3&m=ewei_shopv2&from=wxapp&c=entry&a=wxapp&do=main&&state=we7sid-b24a320cbd25397a29abc76f2d8519eb&sign=6f5c969248fb2a93280e8b0e164b6b72 pn=upload; op=order; orderid=10546; 
上传
[2018-07-08 15:29:56] trace  /app/index.php?i=1&uniacid=1&t=undefined&v=1.3&m=ewei_shopv2&from=wxapp&c=entry&a=wxapp&do=main&&state=we7sid-d8dbaa6c53d6d4c07ce165f476cba1b8&sign=6c044e8e9827dbed94be22a0dd7e05a2 pn=upload; op=order; orderid=10547; 
上传
[2018-07-08 15:40:05] trace  /app/index.php?i=1&uniacid=1&t=undefined&v=1.3&m=ewei_shopv2&from=wxapp&c=entry&a=wxapp&do=main&&state=we7sid-1d889db84324dab602034a35f24bb623&sign=dee364f1a1bcbaff053e2e53bde09456 pn=upload; op=order; orderid=10548; 
上传
[2018-07-08 15:41:02] trace  /app/index.php?i=1&uniacid=1&t=undefined&v=1.3&m=ewei_shopv2&from=wxapp&c=entry&a=wxapp&do=main&&state=we7sid-a2d2d3664dc774d325a74fa6a22cdd94&sign=f911fa6fa225c1d45de066c92d521507 op=order; orderid=10549; pn=upload; 
上传
[2018-07-08 15:53:02] trace  /app/index.php?i=1&uniacid=1&t=undefined&v=1.3&m=ewei_shopv2&from=wxapp&c=entry&a=wxapp&do=main&&state=we7sid-79ba7ba2cc199f5b1cf361f780e9db4e&sign=5f33b9b83b4f1c04e365fc2afe47965f op=order; orderid=10550; pn=upload; 
上传
[2018-07-08 15:54:51] trace  /app/index.php?i=1&uniacid=1&t=undefined&v=1.3&m=ewei_shopv2&from=wxapp&c=entry&a=wxapp&do=main&&state=we7sid-f37483d7d20af686a8339f2d497124ae&sign=9f4f9f7968907b16c854b3e76e0c3b2c pn=upload; op=order; orderid=10551; 
上传
[2018-07-08 15:55:28] trace  /app/index.php?i=1&uniacid=1&t=undefined&v=1.3&m=ewei_shopv2&from=wxapp&c=entry&a=wxapp&do=main&&state=we7sid-f37483d7d20af686a8339f2d497124ae&sign=9f4f9f7968907b16c854b3e76e0c3b2c pn=upload; op=order; orderid=10552; 
上传
[2018-07-08 16:06:05] trace  /app/index.php?i=1&uniacid=1&t=undefined&v=1.3&m=ewei_shopv2&from=wxapp&c=entry&a=wxapp&do=main&&state=we7sid-c787a3dd29a00650d0d55fc5f40acb2f&sign=0433e6d5650f8f9189b6a9e3cfa77c16 pn=upload; op=order; orderid=10553; 
上传
[2018-07-08 16:21:34] trace  /app/index.php?i=1&uniacid=1&t=undefined&v=1.3&m=ewei_shopv2&from=wxapp&c=entry&a=wxapp&do=main&&state=we7sid-12fae36228953beba3b9b25e5953d5f1&sign=0ab905f79ebcd724d1acbda415863e01 pn=upload; op=order; orderid=10554; 
上传
[2018-07-08 16:35:51] trace  /app/index.php?i=1&uniacid=1&t=undefined&v=1.3&m=ewei_shopv2&from=wxapp&c=entry&a=wxapp&do=main&&state=we7sid-4dece5adcfd32d9ec60d7592888e764f&sign=2342ba82fc1acb3d9c44a3cf0ce9d12f pn=upload; op=order; orderid=10555; 
上传
[2018-07-08 16:45:38] trace  /app/index.php?i=1&uniacid=1&t=undefined&v=1.3&m=ewei_shopv2&from=wxapp&c=entry&a=wxapp&do=main&&state=we7sid-8f21aa8629f0b1aefd01398db60e79dc&sign=1a4070c2fd0b2cf3567247a28a54d632 pn=upload; op=order; orderid=10556; 
上传
[2018-07-08 16:53:55] trace  /app/index.php?i=1&uniacid=1&t=undefined&v=1.3&m=ewei_shopv2&from=wxapp&c=entry&a=wxapp&do=main&&state=we7sid-4172fc3ea9245c1934808bef00d848ff&sign=6350e1656ebd5a26f8d84c2a84977645 pn=upload; op=order; orderid=10557; 
上传
[2018-07-08 16:59:16] trace  /app/index.php?i=1&uniacid=1&t=undefined&v=1.3&m=ewei_shopv2&from=wxapp&c=entry&a=wxapp&do=main&&state=we7sid-ad1043f02927462fac2a1bd4b52ace7d&sign=70adc1aa9588d80a3fce799fd22fe64c pn=upload; op=order; orderid=10558; 
上传
[2018-07-08 17:02:18] trace  /app/index.php?i=1&uniacid=1&t=undefined&v=1.3&m=ewei_shopv2&from=wxapp&c=entry&a=wxapp&do=main&&state=we7sid-acc95cc64492d4ac95130a4e504e4c70&sign=f8cf25e6924f796b0214aa4a64b59df1 pn=upload; op=order; orderid=10559; 
上传
[2018-07-08 17:07:04] trace  /app/index.php?i=1&uniacid=1&t=undefined&v=1.3&m=ewei_shopv2&from=wxapp&c=entry&a=wxapp&do=main&&state=we7sid-1b2d8d778431fdb841564556f772ee23&sign=11a649a69dfb2142a26b3bac1a06ccca pn=upload; op=order; orderid=10560; 
上传
[2018-07-08 17:13:25] trace  /app/index.php?i=1&uniacid=1&t=undefined&v=1.3&m=ewei_shopv2&from=wxapp&c=entry&a=wxapp&do=main&&state=we7sid-1b2d8d778431fdb841564556f772ee23&sign=11a649a69dfb2142a26b3bac1a06ccca pn=upload; op=order; orderid=10561; 
上传
[2018-07-08 17:14:32] trace  /app/index.php?i=1&uniacid=1&t=undefined&v=1.3&m=ewei_shopv2&from=wxapp&c=entry&a=wxapp&do=main&&state=we7sid-1b2d8d778431fdb841564556f772ee23&sign=11a649a69dfb2142a26b3bac1a06ccca pn=upload; op=order; orderid=10562; 
上传
[2018-07-08 17:18:31] trace  /app/index.php?i=1&uniacid=1&t=undefined&v=1.3&m=ewei_shopv2&from=wxapp&c=entry&a=wxapp&do=main&&state=we7sid-dbf647f62c4fb3021fff0dee6869d8ac&sign=2f349145aa637870c98eebcb69a86100 pn=upload; op=order; orderid=10563; 
上传
[2018-07-08 17:29:28] trace  /app/index.php?i=1&uniacid=1&t=undefined&v=1.3&m=ewei_shopv2&from=wxapp&c=entry&a=wxapp&do=main&&state=we7sid-ddb6d16b678769509b99014642ad17c2&sign=257a2614ab7ddc8bfcec2d06d7bcb39d pn=upload; op=order; orderid=10564; 
上传
[2018-07-08 17:33:26] trace  /app/index.php?i=1&uniacid=1&t=undefined&v=1.3&m=ewei_shopv2&from=wxapp&c=entry&a=wxapp&do=main&&state=we7sid-b10c5c9138e4af95213bf553c3fae6ea&sign=1732db12780ce39c425f4bc60207ccdc pn=upload; op=order; orderid=10565; 
上传
[2018-07-08 17:35:25] trace  /app/index.php?i=1&uniacid=1&t=undefined&v=1.3&m=ewei_shopv2&from=wxapp&c=entry&a=wxapp&do=main&&state=we7sid-b10c5c9138e4af95213bf553c3fae6ea&sign=1732db12780ce39c425f4bc60207ccdc pn=upload; op=order; orderid=10566; 
上传
[2018-07-08 17:42:05] trace  /app/index.php?i=1&uniacid=1&t=undefined&v=1.3&m=ewei_shopv2&from=wxapp&c=entry&a=wxapp&do=main&&state=we7sid-c81564d924ced0746fa45b697afaa954&sign=564c7714ddac00b034ef126b9d65eb96 pn=upload; op=order; orderid=10567; 
上传
[2018-07-08 17:43:21] trace  /app/index.php?i=1&uniacid=1&t=undefined&v=1.3&m=ewei_shopv2&from=wxapp&c=entry&a=wxapp&do=main&&state=we7sid-0b83c69278cdc3650f9e4848e6016f73&sign=28f5505fc1410fff6ab37ac5b145fcc6 op=order; orderid=10568; pn=upload; 
上传
[2018-07-08 18:01:00] trace  /app/index.php?i=1&uniacid=1&t=undefined&v=1.3&m=ewei_shopv2&from=wxapp&c=entry&a=wxapp&do=main&&state=we7sid-db8c1b0669e9973621aec5b8a7bde26d&sign=3050eddb40f380db3a2e0be03ea69373 pn=upload; op=order; orderid=10569; 
上传
[2018-07-08 18:06:12] trace  /app/index.php?i=1&uniacid=1&t=undefined&v=1.3&m=ewei_shopv2&from=wxapp&c=entry&a=wxapp&do=main&&state=we7sid-c749a6d86466458bbe07472e1d8192cb&sign=917b57d4e049d476d211903825292b4a pn=upload; op=order; orderid=10570; 
上传
[2018-07-08 18:06:23] trace  /app/index.php?i=1&uniacid=1&t=undefined&v=1.3&m=ewei_shopv2&from=wxapp&c=entry&a=wxapp&do=main&&state=we7sid-c749a6d86466458bbe07472e1d8192cb&sign=917b57d4e049d476d211903825292b4a pn=upload; op=order; orderid=10571; 
上传
[2018-07-08 18:06:33] trace  /app/index.php?i=1&uniacid=1&t=undefined&v=1.3&m=ewei_shopv2&from=wxapp&c=entry&a=wxapp&do=main&&state=we7sid-b5ede11f732922cf58049e40613851d1&sign=7e320858bac5b3a178e7665ba4ad4f1b pn=upload; op=order; orderid=10572; 
上传
[2018-07-08 18:09:13] trace  /app/index.php?i=1&uniacid=1&t=undefined&v=1.3&m=ewei_shopv2&from=wxapp&c=entry&a=wxapp&do=main&&state=we7sid-c749a6d86466458bbe07472e1d8192cb&sign=917b57d4e049d476d211903825292b4a pn=upload; op=order; orderid=10573; 
上传
[2018-07-08 18:41:26] trace  /app/index.php?i=1&uniacid=1&t=undefined&v=1.3&m=ewei_shopv2&from=wxapp&c=entry&a=wxapp&do=main&&state=we7sid-7d8d28718cc86926a2f3ab0d2a079079&sign=0557d2630dd9ebaa2482953730eae72c pn=upload; op=order; orderid=10574; 
上传
[2018-07-08 18:45:01] trace  /app/index.php?i=1&uniacid=1&t=undefined&v=1.3&m=ewei_shopv2&from=wxapp&c=entry&a=wxapp&do=main&&state=we7sid-f10b92e05cdcfbc06f2b335168e05569&sign=ea1460d5add1afbcd5e0dfbdc93d6bff pn=upload; op=order; orderid=10575; 
上传
[2018-07-08 18:52:06] trace  /app/index.php?i=1&uniacid=1&t=undefined&v=1.3&m=ewei_shopv2&from=wxapp&c=entry&a=wxapp&do=main&&state=we7sid-436fd4b2c880cd091d44de643ffcc81a&sign=9c0e8881f2634f4ee9d4639ed23e6148 pn=upload; op=order; orderid=10576; 
上传
[2018-07-08 18:54:25] trace  /app/index.php?i=1&uniacid=1&t=undefined&v=1.3&m=ewei_shopv2&from=wxapp&c=entry&a=wxapp&do=main&&state=we7sid-436fd4b2c880cd091d44de643ffcc81a&sign=9c0e8881f2634f4ee9d4639ed23e6148 pn=upload; op=order; orderid=10577; 
上传
[2018-07-08 18:59:37] trace  /app/index.php?i=1&uniacid=1&t=undefined&v=1.3&m=ewei_shopv2&from=wxapp&c=entry&a=wxapp&do=main&&state=we7sid-6317ec4993e824ef01904e5e2d7258af&sign=a9e0009e871300961994e0a21986dbb3 pn=upload; op=order; orderid=10578; 
上传
[2018-07-08 19:01:08] trace  /app/index.php?i=1&uniacid=1&t=undefined&v=1.3&m=ewei_shopv2&from=wxapp&c=entry&a=wxapp&do=main&&state=we7sid-90791d830f61eb19fb225a54be0c3bcb&sign=e8e62765b72e804062d0c017bb43f9e5 pn=upload; op=order; orderid=10579; 
上传
[2018-07-08 19:14:07] trace  /app/index.php?i=1&uniacid=1&t=undefined&v=1.3&m=ewei_shopv2&from=wxapp&c=entry&a=wxapp&do=main&&state=we7sid-7057cd295be27ec29ec6e87006da37b6&sign=042beb23fd9f264b5b78af28f21d9903 pn=upload; op=order; orderid=10580; 
上传
[2018-07-08 19:23:24] trace  /app/index.php?i=1&uniacid=1&t=undefined&v=1.3&m=ewei_shopv2&from=wxapp&c=entry&a=wxapp&do=main&&state=we7sid-e35794ac0aac8fbe70323e51588ab50a&sign=8b92dc0bba8fc05e71e08d0f88aa7367 pn=upload; op=order; orderid=10581; 
上传
[2018-07-08 19:34:08] trace  /app/index.php?i=1&uniacid=1&t=undefined&v=1.3&m=ewei_shopv2&from=wxapp&c=entry&a=wxapp&do=main&&state=we7sid-6f3a469b6a4c1d39c81cc6d118222324&sign=11d7379c24669180b7015cc1476ad183 pn=upload; op=order; orderid=10582; 
上传
[2018-07-08 19:54:25] trace  /app/index.php?i=1&uniacid=1&t=undefined&v=1.3&m=ewei_shopv2&from=wxapp&c=entry&a=wxapp&do=main&&state=we7sid-4baae2b4fd49553e4b0213502c932188&sign=3d0f92376a192ec1e684480bee42885a op=order; pn=upload; orderid=10583; 
上传
[2018-07-08 20:19:05] trace  /app/index.php?i=1&uniacid=1&t=undefined&v=1.3&m=ewei_shopv2&from=wxapp&c=entry&a=wxapp&do=main&&state=we7sid-acd11b050f7ff503661be93da66b0e52&sign=20a39199ee9ae8a1086c8946bff3d2a2 pn=upload; op=order; orderid=10584; 
上传
[2018-07-08 20:24:02] trace  /app/index.php?i=1&uniacid=1&t=undefined&v=1.3&m=ewei_shopv2&from=wxapp&c=entry&a=wxapp&do=main&&state=we7sid-a75e51f4b5a6530803276c01df9c0e98&sign=68ba976fad2bc09914f2a2bc4ecfd1ef pn=upload; op=order; orderid=10585; 
上传
[2018-07-08 20:30:10] trace  /app/index.php?i=1&uniacid=1&t=undefined&v=1.3&m=ewei_shopv2&from=wxapp&c=entry&a=wxapp&do=main&&state=we7sid-1c824e9b2fbb763b0a9a96f42a66e7ee&sign=c5e7e0318afc81c0bc133d9a78430ee0 pn=upload; op=order; orderid=10586; 
上传
[2018-07-08 20:31:28] trace  /app/index.php?i=1&uniacid=1&t=undefined&v=1.3&m=ewei_shopv2&from=wxapp&c=entry&a=wxapp&do=main&&state=we7sid-279156335a47551e7c78881773f1b152&sign=06d2d17fa1378d9ebe5d4f645d546e9e pn=upload; op=order; orderid=10587; 
上传
[2018-07-08 20:34:33] trace  /app/index.php?i=1&uniacid=1&t=undefined&v=1.3&m=ewei_shopv2&from=wxapp&c=entry&a=wxapp&do=main&&state=we7sid-b078833861a6c53aa9ea2a34014eceeb&sign=60468feddd28a3db50d25a79a5b580b9 pn=upload; op=order; orderid=10588; 
上传
[2018-07-08 20:37:38] trace  /app/index.php?i=1&uniacid=1&t=undefined&v=1.3&m=ewei_shopv2&from=wxapp&c=entry&a=wxapp&do=main&&state=we7sid-e534df8eb931b1cce6342e9ee165caaf&sign=a56148a71ab7fe4d049b4928894cc224 pn=upload; op=order; orderid=10589; 
上传
[2018-07-08 20:58:15] trace  /app/index.php?i=1&uniacid=1&t=undefined&v=1.3&m=ewei_shopv2&from=wxapp&c=entry&a=wxapp&do=main&&state=we7sid-62f199835df9a9f943233567be49e021&sign=13c00fc11ef74336c4f119ae3971059b pn=upload; op=order; orderid=10590; 
上传
[2018-07-08 21:03:01] trace  /app/index.php?i=1&uniacid=1&t=undefined&v=1.3&m=ewei_shopv2&from=wxapp&c=entry&a=wxapp&do=main&&state=we7sid-3e99f153b1d18dcff945c0d6e8f34473&sign=f2cde87285ce9cbef1703a8c9134d83e pn=upload; op=order; orderid=10591; 
上传
[2018-07-08 21:10:39] trace  /app/index.php?i=1&uniacid=1&t=undefined&v=1.3&m=ewei_shopv2&from=wxapp&c=entry&a=wxapp&do=main&&state=we7sid-bd5fd31ceb1799fbcb5c4534e1c66a7a&sign=4d9f9a1e6f9548368f9b0dcc69a91d46 pn=upload; op=order; orderid=10592; 
上传
[2018-07-08 21:27:14] trace  /app/index.php?i=1&uniacid=1&t=undefined&v=1.3&m=ewei_shopv2&from=wxapp&c=entry&a=wxapp&do=main&&state=we7sid-8838ac3220e196ea4dca2095ecb3bb94&sign=4d20f4b511c18896cb9aef1b5519b235 pn=upload; op=order; orderid=10593; 
上传
[2018-07-08 21:28:15] trace  /app/index.php?i=1&uniacid=1&t=undefined&v=1.3&m=ewei_shopv2&from=wxapp&c=entry&a=wxapp&do=main&&state=we7sid-8838ac3220e196ea4dca2095ecb3bb94&sign=4d20f4b511c18896cb9aef1b5519b235 pn=upload; op=order; orderid=10594; 
上传
[2018-07-08 21:36:52] trace  /app/index.php?i=1&uniacid=1&t=undefined&v=1.3&m=ewei_shopv2&from=wxapp&c=entry&a=wxapp&do=main&&state=we7sid-39a6aaa45505ec49a0113f5cb16a8bc3&sign=bbee9e24f6129f043c7050ec22cbefb1 pn=upload; op=order; orderid=10595; 
上传
[2018-07-08 22:07:50] trace  /app/index.php?i=1&uniacid=1&t=undefined&v=1.3&m=ewei_shopv2&from=wxapp&c=entry&a=wxapp&do=main&&state=we7sid-2f8802fa771dcee6b56dba2c04459e51&sign=7da8cc1b45c31a35b063fc69a422dd27 pn=upload; op=order; orderid=10596; 
上传
[2018-07-08 22:15:16] trace  /app/index.php?i=1&uniacid=1&t=undefined&v=1.3&m=ewei_shopv2&from=wxapp&c=entry&a=wxapp&do=main&&state=we7sid-6720f5530e71183863a1ba0200fd7923&sign=d5f29b195191cbb5e81bd5da820e9e7b op=order; orderid=10597; pn=upload; 
上传
[2018-07-08 22:18:45] trace  /app/index.php?i=1&uniacid=1&t=undefined&v=1.3&m=ewei_shopv2&from=wxapp&c=entry&a=wxapp&do=main&&state=we7sid-a35f9335078225161220ef38a3575174&sign=d4994f6b370c6940901c1066053b015c pn=upload; op=order; orderid=10598; 
上传
[2018-07-08 22:21:11] trace  /app/index.php?i=1&uniacid=1&t=undefined&v=1.3&m=ewei_shopv2&from=wxapp&c=entry&a=wxapp&do=main&&state=we7sid-b42bf73f438a063c079d34b83520fbef&sign=11da8b77b686aed7b0b41b495b39de4a pn=upload; op=order; orderid=10599; 
上传
[2018-07-08 22:42:02] trace  /app/index.php?i=1&uniacid=1&t=undefined&v=1.3&m=ewei_shopv2&from=wxapp&c=entry&a=wxapp&do=main&&state=we7sid-33bea0e9ad364740580fb7acb68310d8&sign=1cb48724f87095dca7f018d9d52b05cc pn=upload; op=order; orderid=10601; 
上传
[2018-07-08 22:53:25] trace  /app/index.php?i=1&uniacid=1&t=undefined&v=1.3&m=ewei_shopv2&from=wxapp&c=entry&a=wxapp&do=main&&state=we7sid-bd8755c3250b9c1062a965d962d7fbc9&sign=249af7f9388d6a9df4888602b61ce1e6 op=order; orderid=10602; pn=upload; 
上传
[2018-07-08 23:16:36] trace  /app/index.php?i=1&uniacid=1&t=undefined&v=1.3&m=ewei_shopv2&from=wxapp&c=entry&a=wxapp&do=main&&state=we7sid-9090b36f2b0d2a9d994239469b9eb64c&sign=503212d7ff6b45d28c64c14d57ab7e09 pn=upload; op=order; orderid=10603; 
上传
[2018-07-08 23:18:29] trace  /app/index.php?i=1&uniacid=1&t=undefined&v=1.3&m=ewei_shopv2&from=wxapp&c=entry&a=wxapp&do=main&&state=we7sid-d9c768afb23789bbe08c06d2f926960f&sign=373eaff16bec8b010bc2c6a71282b886 op=order; orderid=10604; pn=upload; 
上传
[2018-07-08 23:23:22] trace  /app/index.php?i=1&uniacid=1&t=undefined&v=1.3&m=ewei_shopv2&from=wxapp&c=entry&a=wxapp&do=main&&state=we7sid-e45271b43d972c7b3436c69eb18f023c&sign=1b0d194a8d61666ead064c9b29071afe op=order; orderid=10605; pn=upload; 
上传
[2018-07-08 23:28:55] trace  /app/index.php?i=1&uniacid=1&t=undefined&v=1.3&m=ewei_shopv2&from=wxapp&c=entry&a=wxapp&do=main&&state=we7sid-e5ba16f4be7460f66068f0675e82ca13&sign=f679953d66af5038ba28007eda212e79 pn=upload; op=order; orderid=10606; 
上传
[2018-07-08 23:46:07] trace  /app/index.php?i=1&uniacid=1&t=undefined&v=1.3&m=ewei_shopv2&from=wxapp&c=entry&a=wxapp&do=main&&state=we7sid-5fea2c08952d44c0497f6f8f63c48992&sign=43d6701855b768f74ef25da62e99bdf9 pn=upload; op=order; orderid=10607; 
上传
[2018-07-08 23:50:02] trace  /app/index.php?i=1&uniacid=1&t=undefined&v=1.3&m=ewei_shopv2&from=wxapp&c=entry&a=wxapp&do=main&&state=we7sid-c0707d424a6f7fd59f87515acb84ee0b&sign=fcaf43487d076ff92d6b4556b8a43727 op=order; orderid=10608; pn=upload; 
上传
