[2018-06-26 00:03:10] trace  /app/index.php?i=1&uniacid=1&t=undefined&v=1.3&m=ewei_shopv2&from=wxapp&c=entry&a=wxapp&do=main&&state=we7sid-b225461f626fa0352637fe0ebbf15af7&sign=022c7159213e12d0c0a027c0045d00c1 pn=upload; op=order; orderid=9171; 
上传
[2018-06-26 00:16:22] trace  /app/index.php?i=1&uniacid=1&t=undefined&v=1.3&m=ewei_shopv2&from=wxapp&c=entry&a=wxapp&do=main&&state=we7sid-25a17d70f3bb08103a7077fd701dd30b&sign=be655942b800fe95368d708d32ae73e3 pn=upload; op=order; orderid=9172; 
上传
[2018-06-26 00:49:09] trace  /app/index.php?i=1&uniacid=1&t=undefined&v=1.3&m=ewei_shopv2&from=wxapp&c=entry&a=wxapp&do=main&&state=we7sid-710cb454ce77f9934242639da48b744f&sign=cc62aec21905273b8259e292fe4f6e50 pn=upload; op=order; orderid=9173; 
上传
[2018-06-26 01:28:11] trace  /app/index.php?i=1&uniacid=1&t=undefined&v=1.3&m=ewei_shopv2&from=wxapp&c=entry&a=wxapp&do=main&&state=we7sid-5e0720480c36c918a8bf5a6afab81770&sign=544b2858aafe5afd64b96103ca33d576 op=order; orderid=9174; pn=upload; 
上传
[2018-06-26 01:34:59] trace  /app/index.php?i=1&uniacid=1&t=undefined&v=1.3&m=ewei_shopv2&from=wxapp&c=entry&a=wxapp&do=main&&state=we7sid-a729b7e321cc49f1d6909f9f3f177670&sign=bcfc0acb010251faf7492e547c033d02 pn=upload; op=order; orderid=9175; 
上传
[2018-06-26 02:04:45] trace  /app/index.php?i=1&uniacid=1&t=undefined&v=1.3&m=ewei_shopv2&from=wxapp&c=entry&a=wxapp&do=main&&state=we7sid-d942a52c19387932eaed0cc4dc3f85ec&sign=c392090e2d8797dfaae027ce66524241 pn=upload; op=order; orderid=9176; 
上传
[2018-06-26 02:10:17] trace  /app/index.php?i=1&uniacid=1&t=undefined&v=1.3&m=ewei_shopv2&from=wxapp&c=entry&a=wxapp&do=main&&state=we7sid-71098c402d280f13be949dcaa2680ded&sign=46a735df6724efad8da50499613d977a pn=upload; op=order; orderid=9177; 
上传
[2018-06-26 02:43:37] trace  /app/index.php?i=1&uniacid=1&t=undefined&v=1.3&m=ewei_shopv2&from=wxapp&c=entry&a=wxapp&do=main&&state=we7sid-440d3adf37e6def03d26d1c88a870846&sign=f089e2035f57d4b6e3d67f119bfe7b3a pn=upload; op=order; orderid=9178; 
上传
[2018-06-26 03:01:02] trace  /app/index.php?i=1&uniacid=1&t=undefined&v=1.3&m=ewei_shopv2&from=wxapp&c=entry&a=wxapp&do=main&&state=we7sid-e62266eb7a4882a48e61edb4309e1551&sign=1db52a0c47e69ae8045e9ab0b3bf765c op=order; orderid=9179; pn=upload; 
上传
[2018-06-26 03:40:46] trace  /app/index.php?i=1&uniacid=1&t=undefined&v=1.3&m=ewei_shopv2&from=wxapp&c=entry&a=wxapp&do=main&&state=we7sid-e99f9f5309a2b3c4b79c7cbd814f9c7e&sign=76867816c67de5b328bb4d42a2cc4e3d pn=upload; op=order; orderid=9180; 
上传
[2018-06-26 03:41:45] trace  /app/index.php?i=1&uniacid=1&t=undefined&v=1.3&m=ewei_shopv2&from=wxapp&c=entry&a=wxapp&do=main&&state=we7sid-e99f9f5309a2b3c4b79c7cbd814f9c7e&sign=76867816c67de5b328bb4d42a2cc4e3d pn=upload; op=order; orderid=9181; 
上传
[2018-06-26 04:44:36] trace  /app/index.php?i=1&uniacid=1&t=undefined&v=1.3&m=ewei_shopv2&from=wxapp&c=entry&a=wxapp&do=main&&state=we7sid-cc9239f0d4c1ed961461f2b517987dd7&sign=a0c9a35a082cc24a7ec9c196043daf47 op=order; orderid=9182; pn=upload; 
上传
[2018-06-26 05:12:45] trace  /app/index.php?i=1&uniacid=1&t=undefined&v=1.3&m=ewei_shopv2&from=wxapp&c=entry&a=wxapp&do=main&&state=we7sid-fe33aafd5d27205a63405e000f5f1875&sign=3b42b9b2ad2cec640f1c7ba233d7fbc7 pn=upload; op=order; orderid=9183; 
上传
[2018-06-26 06:06:57] trace  /app/index.php?i=1&uniacid=1&t=undefined&v=1.3&m=ewei_shopv2&from=wxapp&c=entry&a=wxapp&do=main&&state=we7sid-d084062f32dd996610c84e347bc4a782&sign=b4f2502083519abeb28ec2f281554b75 pn=upload; op=order; orderid=9184; 
上传
[2018-06-26 06:47:33] trace  /app/index.php?i=1&uniacid=1&t=undefined&v=1.3&m=ewei_shopv2&from=wxapp&c=entry&a=wxapp&do=main&&state=we7sid-55939be075e8c8609739ad9e0fa59c69&sign=739f52f157683f841bacd718b70dd78a pn=upload; op=order; orderid=9185; 
上传
[2018-06-26 06:55:26] trace  /app/index.php?i=1&uniacid=1&t=undefined&v=1.3&m=ewei_shopv2&from=wxapp&c=entry&a=wxapp&do=main&&state=we7sid-e23ee0b35c38cc8624501536e06aeb90&sign=b4769eb9a6fe381f5b3f8c243beceb02 pn=upload; op=order; orderid=9186; 
上传
[2018-06-26 07:23:49] trace  /app/index.php?i=1&uniacid=1&t=undefined&v=1.3&m=ewei_shopv2&from=wxapp&c=entry&a=wxapp&do=main&&state=we7sid-b8838d854e566d3a0fea45d04643350d&sign=75b87ebb359cdfe4f5e8d5f75fa30d61 pn=upload; op=order; orderid=9187; 
上传
[2018-06-26 08:12:08] trace  /app/index.php?i=1&uniacid=1&t=undefined&v=1.3&m=ewei_shopv2&from=wxapp&c=entry&a=wxapp&do=main&&state=we7sid-973f08bf0f0567fba446cbd9d9053ac7&sign=b4ff46e9e3a586261e36591835754f12 pn=upload; op=order; orderid=9188; 
上传
[2018-06-26 08:20:07] trace  /app/index.php?i=1&uniacid=1&t=undefined&v=1.3&m=ewei_shopv2&from=wxapp&c=entry&a=wxapp&do=main&&state=we7sid-d4327319473e54efbc319db70d33c84e&sign=fd6d3bf14d3dc32abde8872d7197accc pn=upload; op=order; orderid=9189; 
上传
[2018-06-26 08:34:01] trace  /app/index.php?i=1&uniacid=1&t=undefined&v=1.3&m=ewei_shopv2&from=wxapp&c=entry&a=wxapp&do=main&&state=we7sid-7c0a7030588ff3c13cda41e285d5bb30&sign=860d7e99e15e78361db6593777b5bf94 pn=upload; op=order; orderid=9190; 
上传
[2018-06-26 08:50:03] trace  /app/index.php?i=1&uniacid=1&t=undefined&v=1.3&m=ewei_shopv2&from=wxapp&c=entry&a=wxapp&do=main&&state=we7sid-eea186643f87015bc284dff059ea4432&sign=4c883aedde6be40ff7b9297f81126f84 pn=upload; op=order; orderid=9191; 
上传
[2018-06-26 09:04:07] trace  /app/index.php?i=1&uniacid=1&t=undefined&v=1.3&m=ewei_shopv2&from=wxapp&c=entry&a=wxapp&do=main&&state=we7sid-b96760411c51e17b436dfb910a5195c5&sign=2cbba3556946474213b2164f0e3faf2b pn=upload; op=order; orderid=9192; 
上传
[2018-06-26 09:09:52] trace  /app/index.php?i=1&uniacid=1&t=undefined&v=1.3&m=ewei_shopv2&from=wxapp&c=entry&a=wxapp&do=main&&state=we7sid-b96760411c51e17b436dfb910a5195c5&sign=2cbba3556946474213b2164f0e3faf2b pn=upload; op=order; orderid=9193; 
上传
[2018-06-26 09:16:07] trace  /app/index.php?i=1&uniacid=1&t=undefined&v=1.3&m=ewei_shopv2&from=wxapp&c=entry&a=wxapp&do=main&&state=we7sid-b96760411c51e17b436dfb910a5195c5&sign=2cbba3556946474213b2164f0e3faf2b pn=upload; op=order; orderid=9194; 
上传
[2018-06-26 09:17:30] trace  /app/index.php?i=1&uniacid=1&t=undefined&v=1.3&m=ewei_shopv2&from=wxapp&c=entry&a=wxapp&do=main&&state=we7sid-206c6466b2ef9533460ac0d4757f71b2&sign=c61dcc940ba0a23b5bea7899bae56503 pn=upload; op=order; orderid=9195; 
上传
[2018-06-26 09:26:13] trace  /app/index.php?i=1&uniacid=1&t=undefined&v=1.3&m=ewei_shopv2&from=wxapp&c=entry&a=wxapp&do=main&&state=we7sid-c84c5f79ccb2e6db64241d1461cc0e74&sign=d9b5449d9b8f8e72b3ba307d45019616 pn=upload; op=order; orderid=9196; 
上传
[2018-06-26 09:34:18] trace  /app/index.php?i=1&uniacid=1&t=undefined&v=1.3&m=ewei_shopv2&from=wxapp&c=entry&a=wxapp&do=main&&state=we7sid-675c55e5739edc697ab0f45cddc939b8&sign=5456c57a2b8475ca8461897927ccad64 pn=upload; op=order; orderid=9197; 
上传
[2018-06-26 09:35:12] trace  /app/index.php?i=1&uniacid=1&t=undefined&v=1.3&m=ewei_shopv2&from=wxapp&c=entry&a=wxapp&do=main&&state=we7sid-8a057c1368364ce7d488075b00cd9304&sign=1e381f355beddc62743294e7623205fb pn=upload; op=order; orderid=9198; 
上传
[2018-06-26 09:54:27] trace  /app/index.php?i=1&uniacid=1&t=undefined&v=1.3&m=ewei_shopv2&from=wxapp&c=entry&a=wxapp&do=main&&state=we7sid-471548484e11ff3ff3cf251b9b6d1a44&sign=3b14721625195bc073453e98ba93cc82 pn=upload; op=order; orderid=9199; 
上传
[2018-06-26 10:03:51] trace  /app/index.php?i=1&uniacid=1&t=undefined&v=1.3&m=ewei_shopv2&from=wxapp&c=entry&a=wxapp&do=main&&state=we7sid-6d4769299c8cb0b8f0c6d8ca3edf2880&sign=626a1a339812406104ceb5a697057ef0 pn=upload; op=order; orderid=9200; 
上传
[2018-06-26 10:05:52] trace  /app/index.php?i=1&uniacid=1&t=undefined&v=1.3&m=ewei_shopv2&from=wxapp&c=entry&a=wxapp&do=main&&state=we7sid-7f9fe72e5fc93129d89e342b52562570&sign=1a369bf16dd15e3435aeb94b2aeb012a pn=upload; op=order; orderid=9201; 
上传
[2018-06-26 10:05:52] trace  /app/index.php?i=1&uniacid=1&t=undefined&v=1.3&m=ewei_shopv2&from=wxapp&c=entry&a=wxapp&do=main&&state=we7sid-526d0d1cfeaa40cefbb35a68f68ebe42&sign=1da627c0cf286ee362f3bf2eb8837125 op=order; orderid=9202; pn=upload; 
上传
[2018-06-26 10:19:50] trace  /app/index.php?i=1&uniacid=1&t=undefined&v=1.3&m=ewei_shopv2&from=wxapp&c=entry&a=wxapp&do=main&&state=we7sid-e824b5ed289988dc282893099dab534c&sign=f6da7153342ff3e29945a77d87a6dbde pn=upload; op=order; orderid=9203; 
上传
[2018-06-26 10:19:56] trace  /app/index.php?i=1&uniacid=1&t=undefined&v=1.3&m=ewei_shopv2&from=wxapp&c=entry&a=wxapp&do=main&&state=we7sid-e824b5ed289988dc282893099dab534c&sign=f6da7153342ff3e29945a77d87a6dbde pn=upload; op=order; orderid=9204; 
上传
[2018-06-26 10:26:28] trace  /app/index.php?i=1&uniacid=1&t=undefined&v=1.3&m=ewei_shopv2&from=wxapp&c=entry&a=wxapp&do=main&&state=we7sid-380e0e95bfdb86fb71e8d485808140e0&sign=197456883e4d7ffe0f1ae17ad053b588 pn=upload; op=order; orderid=9205; 
上传
[2018-06-26 10:59:05] trace  /app/index.php?i=1&uniacid=1&t=undefined&v=1.3&m=ewei_shopv2&from=wxapp&c=entry&a=wxapp&do=main&&state=we7sid-ff0289722dca49dd53088b7301995f97&sign=af942651a81f0bb52014047659fb77ac pn=upload; op=order; orderid=9206; 
上传
[2018-06-26 11:07:04] trace  /app/index.php?i=1&uniacid=1&t=undefined&v=1.3&m=ewei_shopv2&from=wxapp&c=entry&a=wxapp&do=main&&state=we7sid-03e677986bddeb3277b7a20ebcac4c9f&sign=9870b670a87f000e1a56988d86be8494 op=order; orderid=9207; pn=upload; 
上传
[2018-06-26 11:33:01] trace  /app/index.php?i=1&uniacid=1&t=undefined&v=1.3&m=ewei_shopv2&from=wxapp&c=entry&a=wxapp&do=main&&state=we7sid-86861d11f32ba2c9febb1dfa7ef3e019&sign=5ceadee62344ba495d90335e59753318 pn=upload; op=order; orderid=9208; 
上传
[2018-06-26 12:29:49] trace  /app/index.php?i=1&uniacid=1&t=undefined&v=1.3&m=ewei_shopv2&from=wxapp&c=entry&a=wxapp&do=main&&state=we7sid-bce1a9e7a9d3685e2eb69e85c0c14bf2&sign=aed76b54a39210bf5f467e88d63412a8 pn=upload; op=order; orderid=9209; 
上传
[2018-06-26 12:33:44] trace  /app/index.php?i=1&uniacid=1&t=undefined&v=1.3&m=ewei_shopv2&from=wxapp&c=entry&a=wxapp&do=main&&state=we7sid-1ce07d8f167d097d72b13236d12c0cf7&sign=9041b1ed10ad3c10da7380e885ad3174 pn=upload; op=order; orderid=9210; 
上传
[2018-06-26 12:40:46] trace  /app/index.php?i=1&uniacid=1&t=undefined&v=1.3&m=ewei_shopv2&from=wxapp&c=entry&a=wxapp&do=main&&state=we7sid-395579d27cd7c5a37c4fa4bb4fd216e0&sign=f508a6a565a0e68375bc3a15f1e8a624 pn=upload; op=order; orderid=9211; 
上传
[2018-06-26 12:51:17] trace  /app/index.php?i=1&uniacid=1&t=undefined&v=1.3&m=ewei_shopv2&from=wxapp&c=entry&a=wxapp&do=main&&state=we7sid-395579d27cd7c5a37c4fa4bb4fd216e0&sign=f508a6a565a0e68375bc3a15f1e8a624 pn=upload; op=order; orderid=9212; 
上传
[2018-06-26 12:52:28] trace  /app/index.php?i=1&uniacid=1&t=undefined&v=1.3&m=ewei_shopv2&from=wxapp&c=entry&a=wxapp&do=main&&state=we7sid-7e81f2cbd0ec98a548c3ae47aae864a1&sign=49a8767d97f17aa82501288b4e8000b3 pn=upload; op=order; orderid=9213; 
上传
[2018-06-26 13:06:26] trace  /app/index.php?i=1&uniacid=1&t=undefined&v=1.3&m=ewei_shopv2&from=wxapp&c=entry&a=wxapp&do=main&&state=we7sid-a1e028deae9a5315cc909906ce9336b0&sign=e4189f4c874ec2702e56d2da46f3d1a0 pn=upload; op=order; orderid=9214; 
上传
[2018-06-26 13:07:22] trace  /app/index.php?i=1&uniacid=1&t=undefined&v=1.3&m=ewei_shopv2&from=wxapp&c=entry&a=wxapp&do=main&&state=we7sid-a1e028deae9a5315cc909906ce9336b0&sign=e4189f4c874ec2702e56d2da46f3d1a0 pn=upload; op=order; orderid=9215; 
上传
[2018-06-26 13:08:16] trace  /app/index.php?i=1&uniacid=1&t=undefined&v=1.3&m=ewei_shopv2&from=wxapp&c=entry&a=wxapp&do=main&&state=we7sid-a1e028deae9a5315cc909906ce9336b0&sign=e4189f4c874ec2702e56d2da46f3d1a0 pn=upload; op=order; orderid=9216; 
上传
[2018-06-26 13:18:07] trace  /app/index.php?i=1&uniacid=1&t=undefined&v=1.3&m=ewei_shopv2&from=wxapp&c=entry&a=wxapp&do=main&&state=we7sid-265d6fc66ba2550d1fb030ce91acf924&sign=face347bf84c3a02a0fbd01f8f2c50d2 op=order; pn=upload; orderid=9217; 
上传
[2018-06-26 13:30:00] trace  /app/index.php?i=1&uniacid=1&t=undefined&v=1.3&m=ewei_shopv2&from=wxapp&c=entry&a=wxapp&do=main&&state=we7sid-510dfafbc13ea4ff1808339b0fefc9c2&sign=b61bf7b86cfee0ed3412a05ccbba1d2f pn=upload; op=order; orderid=9218; 
上传
[2018-06-26 13:37:23] trace  /app/index.php?i=1&uniacid=1&t=undefined&v=1.3&m=ewei_shopv2&from=wxapp&c=entry&a=wxapp&do=main&&state=we7sid-eb5705edf9ff0cc3d26138441cbe3bd3&sign=eca193073498865cb8c8448e5e5e087a pn=upload; op=order; orderid=9219; 
上传
[2018-06-26 13:46:26] trace  /app/index.php?i=1&uniacid=1&t=undefined&v=1.3&m=ewei_shopv2&from=wxapp&c=entry&a=wxapp&do=main&&state=we7sid-9bf7045325ee224afb3c0db3f953d231&sign=e69bd22e28d5cbfb400bb3d1f2568d23 pn=upload; op=order; orderid=9220; 
上传
[2018-06-26 13:47:26] trace  /app/index.php?i=1&uniacid=1&t=undefined&v=1.3&m=ewei_shopv2&from=wxapp&c=entry&a=wxapp&do=main&&state=we7sid-7ce3c4fc7628bf79621f8e039e5a6661&sign=7ddaed40f521012d0d62f04ace9965fd pn=upload; op=order; orderid=9221; 
上传
[2018-06-26 13:57:56] trace  /app/index.php?i=1&uniacid=1&t=undefined&v=1.3&m=ewei_shopv2&from=wxapp&c=entry&a=wxapp&do=main&&state=we7sid-898b10b39058834fcd033fd44e47acbf&sign=afdaa195c25e14c109ff9f7abf241271 pn=upload; op=order; orderid=9222; 
上传
[2018-06-26 14:05:27] trace  /app/index.php?i=1&uniacid=1&t=undefined&v=1.3&m=ewei_shopv2&from=wxapp&c=entry&a=wxapp&do=main&&state=we7sid-4e9abca3b345da27688ee255985b575f&sign=3a4a24f77c9ba81ad962f000c1715a6a pn=upload; op=order; orderid=9223; 
上传
[2018-06-26 14:06:44] trace  /app/index.php?i=1&uniacid=1&t=undefined&v=1.3&m=ewei_shopv2&from=wxapp&c=entry&a=wxapp&do=main&&state=we7sid-fb06bea6cb1b1a9376d81a0711fc60f2&sign=b67fef5f3a2e7f9d663b631cf14ff318 pn=upload; op=order; orderid=9224; 
上传
[2018-06-26 14:34:49] trace  /app/index.php?i=1&uniacid=1&t=undefined&v=1.3&m=ewei_shopv2&from=wxapp&c=entry&a=wxapp&do=main&&state=we7sid-3eb707173322addfd5e0cecf6d2e04d3&sign=2187dbeb9e7e84d38b8d3645664c8470 pn=upload; op=order; orderid=9225; 
上传
[2018-06-26 14:44:04] trace  /app/index.php?i=1&uniacid=1&t=undefined&v=1.3&m=ewei_shopv2&from=wxapp&c=entry&a=wxapp&do=main&&state=we7sid-51b321ea172ca55b068a667dd63f2413&sign=95c4c3f381f229883a224c84451135fe pn=upload; op=order; orderid=9226; 
上传
[2018-06-26 14:50:28] trace  /app/index.php?i=1&uniacid=1&t=undefined&v=1.3&m=ewei_shopv2&from=wxapp&c=entry&a=wxapp&do=main&&state=we7sid-d2fa750313f00e249cd0f5d55da9b203&sign=1d855fde894df4b36d0a9ab1bd1d1de8 pn=upload; op=order; orderid=9227; 
上传
[2018-06-26 14:50:52] trace  /app/index.php?i=1&uniacid=1&t=undefined&v=1.3&m=ewei_shopv2&from=wxapp&c=entry&a=wxapp&do=main&&state=we7sid-d2fa750313f00e249cd0f5d55da9b203&sign=1d855fde894df4b36d0a9ab1bd1d1de8 pn=upload; op=order; orderid=9228; 
上传
[2018-06-26 15:26:54] trace  /app/index.php?i=1&uniacid=1&t=undefined&v=1.3&m=ewei_shopv2&from=wxapp&c=entry&a=wxapp&do=main&&state=we7sid-057ebc45ca21889051de7e8b8c10f3bd&sign=1095113989150fe89a1fe82f21558e88 pn=upload; op=order; orderid=9229; 
上传
[2018-06-26 15:50:48] trace  /app/index.php?i=1&uniacid=1&t=undefined&v=1.3&m=ewei_shopv2&from=wxapp&c=entry&a=wxapp&do=main&&state=we7sid-79cc5805ac7a4688370c52ad059cd4d2&sign=42b0dc2bcbc3b4ba2896c62026294879 op=order; orderid=9230; pn=upload; 
上传
[2018-06-26 16:05:18] trace  /app/index.php?i=1&uniacid=1&t=undefined&v=1.3&m=ewei_shopv2&from=wxapp&c=entry&a=wxapp&do=main&&state=we7sid-198a2fb81f776a44168356f8e7cb2fd6&sign=60897c47c30b0168ffea119624334ac4 pn=upload; op=order; orderid=9231; 
上传
[2018-06-26 16:09:50] trace  /app/index.php?i=1&uniacid=1&t=undefined&v=1.3&m=ewei_shopv2&from=wxapp&c=entry&a=wxapp&do=main&&state=we7sid-f01c5f0d353c241e48552acaded09167&sign=34d07c41a3991f1aef9a24ffc906bbb5 pn=upload; op=order; orderid=9232; 
上传
[2018-06-26 16:11:56] trace  /app/index.php?i=1&uniacid=1&t=undefined&v=1.3&m=ewei_shopv2&from=wxapp&c=entry&a=wxapp&do=main&&state=we7sid-f01c5f0d353c241e48552acaded09167&sign=34d07c41a3991f1aef9a24ffc906bbb5 pn=upload; op=order; orderid=9233; 
上传
[2018-06-26 16:24:55] trace  /app/index.php?i=1&uniacid=1&t=undefined&v=1.3&m=ewei_shopv2&from=wxapp&c=entry&a=wxapp&do=main&&state=we7sid-58e516f723a3c1b1e7ead2f6be882dbd&sign=07bb4f76489be46beb4a6d3eea358a4a op=order; orderid=9234; pn=upload; 
上传
[2018-06-26 16:30:41] trace  /app/index.php?i=1&uniacid=1&t=undefined&v=1.3&m=ewei_shopv2&from=wxapp&c=entry&a=wxapp&do=main&&state=we7sid-0f3c3532c2422b22fc9fa09fb5ea7d82&sign=51c0bcf3fe332659599f0d1cc7894c96 pn=upload; op=order; orderid=9235; 
上传
[2018-06-26 16:39:31] trace  /app/index.php?i=1&uniacid=1&t=undefined&v=1.3&m=ewei_shopv2&from=wxapp&c=entry&a=wxapp&do=main&&state=we7sid-3054cb2bbc15468e0586dbb85f81f863&sign=74446dc29927d9a2dae82c57ce9637cc pn=upload; op=order; orderid=9236; 
上传
[2018-06-26 17:39:02] trace  /app/index.php?i=1&uniacid=1&t=undefined&v=1.3&m=ewei_shopv2&from=wxapp&c=entry&a=wxapp&do=main&&state=we7sid-08430d32b6f84c6c097d7307fca7c30c&sign=1caf077886e62a6f26f44c53aebaaa7c pn=upload; op=order; orderid=9237; 
上传
[2018-06-26 18:03:37] trace  /app/index.php?i=1&uniacid=1&t=undefined&v=1.3&m=ewei_shopv2&from=wxapp&c=entry&a=wxapp&do=main&&state=we7sid-dc8e48f462bb25a719fea9bb0ebc4851&sign=f686709e21ec8098fa75979c0318e742 pn=upload; op=order; orderid=9238; 
上传
[2018-06-26 18:17:52] trace  /app/index.php?i=1&uniacid=1&t=undefined&v=1.3&m=ewei_shopv2&from=wxapp&c=entry&a=wxapp&do=main&&state=we7sid-6f1def787df0f028aa9dbef100ce819f&sign=6087508b94754bf1d36e3048dd275d65 pn=upload; op=order; orderid=9239; 
上传
[2018-06-26 18:49:28] trace  /app/index.php?i=1&uniacid=1&t=undefined&v=1.3&m=ewei_shopv2&from=wxapp&c=entry&a=wxapp&do=main&&state=we7sid-3ec36181647cf4f95a1ed700f6637c67&sign=2ba430a090f71650eb5baff377369620 pn=upload; op=order; orderid=9241; 
上传
[2018-06-26 18:53:49] trace  /app/index.php?i=1&uniacid=1&t=undefined&v=1.3&m=ewei_shopv2&from=wxapp&c=entry&a=wxapp&do=main&&state=we7sid-216df1e505adb56d08cd053de9d27050&sign=fedc3b821fbab6b42465e2c62bbd5fbc pn=upload; op=order; orderid=9242; 
上传
[2018-06-26 19:10:39] trace  /app/index.php?i=1&uniacid=1&t=undefined&v=1.3&m=ewei_shopv2&from=wxapp&c=entry&a=wxapp&do=main&&state=we7sid-c86b730707921261a9d5077bf161885f&sign=41110adf8a31bba6bfeaac1dc219ec2c pn=upload; op=order; orderid=9243; 
上传
[2018-06-26 19:17:58] trace  /app/index.php?i=1&uniacid=1&t=undefined&v=1.3&m=ewei_shopv2&from=wxapp&c=entry&a=wxapp&do=main&&state=we7sid-b0928e4f26b9313c6521c4c3ef4e7b56&sign=4bfe7a076ef44c2c28da6244b7fc117a pn=upload; op=order; orderid=9244; 
上传
[2018-06-26 19:30:30] trace  /app/index.php?i=1&uniacid=1&t=undefined&v=1.3&m=ewei_shopv2&from=wxapp&c=entry&a=wxapp&do=main&&state=we7sid-c72ed5a6f7b80714ed64a6a04ce6a71c&sign=c2e9c0da7bf05223d322ebe219afd4e0 pn=upload; op=order; orderid=9245; 
上传
[2018-06-26 19:37:10] trace  /app/index.php?i=1&uniacid=1&t=undefined&v=1.3&m=ewei_shopv2&from=wxapp&c=entry&a=wxapp&do=main&&state=we7sid-24f3a5905d9850af6a568b376d5b9662&sign=90c99d28d827950b3fd0877d32b9a31f pn=upload; op=order; orderid=9246; 
上传
[2018-06-26 19:42:39] trace  /app/index.php?i=1&uniacid=1&t=undefined&v=1.3&m=ewei_shopv2&from=wxapp&c=entry&a=wxapp&do=main&&state=we7sid-4cce491a089a56d7d213539a3f4ec6fe&sign=4eb792fe23b8c2d6182d17f4ef1cf966 op=order; orderid=9247; pn=upload; 
上传
[2018-06-26 19:45:19] trace  /app/index.php?i=1&uniacid=1&t=undefined&v=1.3&m=ewei_shopv2&from=wxapp&c=entry&a=wxapp&do=main&&state=we7sid-d830930bcbf078cd097638123b4d6bbf&sign=30aeb33359147547ea6f3f235bbd8d6d pn=upload; op=order; orderid=9248; 
上传
[2018-06-26 19:46:12] trace  /app/index.php?i=1&uniacid=1&t=undefined&v=1.3&m=ewei_shopv2&from=wxapp&c=entry&a=wxapp&do=main&&state=we7sid-d5a226e0067326bcb02d73cd7cb66484&sign=c1b2065329a4cb9d67e6f5d8a35c277d pn=upload; op=order; orderid=9249; 
上传
[2018-06-26 19:48:38] trace  /app/index.php?i=1&uniacid=1&t=undefined&v=1.3&m=ewei_shopv2&from=wxapp&c=entry&a=wxapp&do=main&&state=we7sid-8cb7ab22448d600f9e925e63597e29c7&sign=a98d79ff283d0f522b60b5949b5a2ea8 pn=upload; op=order; orderid=9250; 
上传
[2018-06-26 19:48:38] trace  /app/index.php?i=1&uniacid=1&t=undefined&v=1.3&m=ewei_shopv2&from=wxapp&c=entry&a=wxapp&do=main&&state=we7sid-8cb7ab22448d600f9e925e63597e29c7&sign=a98d79ff283d0f522b60b5949b5a2ea8 pn=upload; op=order; orderid=9250; 
上传
[2018-06-26 20:03:28] trace  /app/index.php?i=1&uniacid=1&t=undefined&v=1.3&m=ewei_shopv2&from=wxapp&c=entry&a=wxapp&do=main&&state=we7sid-961251aca525498562ae0ec079b480ea&sign=cb5df657123808ae2e5805865b7879e3 pn=upload; op=order; orderid=9251; 
上传
[2018-06-26 20:23:24] trace  /app/index.php?i=1&uniacid=1&t=undefined&v=1.3&m=ewei_shopv2&from=wxapp&c=entry&a=wxapp&do=main&&state=we7sid-28213cbddc7e69217af48b8448daa1de&sign=4ebd66514b3d011437a0f8018b6f1c26 pn=upload; op=order; orderid=9252; 
上传
[2018-06-26 20:28:15] trace  /app/index.php?i=1&uniacid=1&t=undefined&v=1.3&m=ewei_shopv2&from=wxapp&c=entry&a=wxapp&do=main&&state=we7sid-041457a5074e60ccf6f716ba5fdbdd55&sign=e2140cc7b6a7fcf648ed0b69b2fe759d pn=upload; op=order; orderid=9253; 
上传
[2018-06-26 20:28:16] trace  /app/index.php?i=1&uniacid=1&t=undefined&v=1.3&m=ewei_shopv2&from=wxapp&c=entry&a=wxapp&do=main&&state=we7sid-8bd872ff4803a3f7502f183f3a8cf100&sign=4d307b19b0dba8afbf109c5779a944a9 pn=upload; op=order; orderid=9254; 
上传
[2018-06-26 20:28:34] trace  /app/index.php?i=1&uniacid=1&t=undefined&v=1.3&m=ewei_shopv2&from=wxapp&c=entry&a=wxapp&do=main&&state=we7sid-cc7837894be8a72bb793d8337442e1b6&sign=fa4d6c29da4527a169f1af4cef9de8cd pn=upload; op=order; orderid=9255; 
上传
[2018-06-26 21:02:24] trace  /app/index.php?i=1&uniacid=1&t=undefined&v=1.3&m=ewei_shopv2&from=wxapp&c=entry&a=wxapp&do=main&&state=we7sid-0e6b5b8e68d5dc29d183ff99f3de94c6&sign=05c757541d39b6bb592d9a359f4b89d0 pn=upload; op=order; orderid=9256; 
上传
[2018-06-26 21:04:07] trace  /app/index.php?i=1&uniacid=1&t=undefined&v=1.3&m=ewei_shopv2&from=wxapp&c=entry&a=wxapp&do=main&&state=we7sid-0e6b5b8e68d5dc29d183ff99f3de94c6&sign=05c757541d39b6bb592d9a359f4b89d0 pn=upload; op=order; orderid=9257; 
上传
[2018-06-26 21:05:34] trace  /app/index.php?i=1&uniacid=1&t=undefined&v=1.3&m=ewei_shopv2&from=wxapp&c=entry&a=wxapp&do=main&&state=we7sid-71b05ca1bef07f03a5c14bab7e589f72&sign=63de91354c5c14f0bf99cce23c9f03c8 pn=upload; op=order; orderid=9258; 
上传
[2018-06-26 21:20:53] trace  /app/index.php?i=1&uniacid=1&t=undefined&v=1.3&m=ewei_shopv2&from=wxapp&c=entry&a=wxapp&do=main&&state=we7sid-5f5cfd672cf3ae9a999e522d5861e403&sign=f9b2ccd235c37c54ce3c614412820fa9 pn=upload; op=order; orderid=9259; 
上传
[2018-06-26 21:31:38] trace  /app/index.php?i=1&uniacid=1&t=undefined&v=1.3&m=ewei_shopv2&from=wxapp&c=entry&a=wxapp&do=main&&state=we7sid-b9c59f8723c5c76a255e55519d3f1341&sign=e7369a0be7375401f9aee0831c5acb67 pn=upload; op=order; orderid=9260; 
上传
[2018-06-26 21:33:20] trace  /app/index.php?i=1&uniacid=1&t=undefined&v=1.3&m=ewei_shopv2&from=wxapp&c=entry&a=wxapp&do=main&&state=we7sid-02a5c78f96c5e107747eb55bbc5bb872&sign=2d192ec5aeb3bb89f91eb5d303f5d191 pn=upload; op=order; orderid=9261; 
上传
[2018-06-26 21:43:30] trace  /app/index.php?i=1&uniacid=1&t=undefined&v=1.3&m=ewei_shopv2&from=wxapp&c=entry&a=wxapp&do=main&&state=we7sid-461c5a26e4947b67e4e2fd28edffaf40&sign=8e19701307e278af13c7e425a4768e48 pn=upload; op=order; orderid=9262; 
上传
[2018-06-26 21:50:18] trace  /app/index.php?i=1&uniacid=1&t=undefined&v=1.3&m=ewei_shopv2&from=wxapp&c=entry&a=wxapp&do=main&&state=we7sid-dd149e71950b1bfc9085c7da2042ea25&sign=f8a32db3b3c0eef01730234e7ab6e6a2 pn=upload; op=order; orderid=9263; 
上传
[2018-06-26 21:55:26] trace  /app/index.php?i=1&uniacid=1&t=undefined&v=1.3&m=ewei_shopv2&from=wxapp&c=entry&a=wxapp&do=main&&state=we7sid-22e11ba47a5fa98a282bc73ed7308a24&sign=cc8f4d1617c9a9f14c56f4f807ed5a70 pn=upload; op=order; orderid=9264; 
上传
[2018-06-26 22:10:27] trace  /app/index.php?i=1&uniacid=1&t=undefined&v=1.3&m=ewei_shopv2&from=wxapp&c=entry&a=wxapp&do=main&&state=we7sid-ecd4b4daef2c4e6c364a6f6ed99b11c4&sign=d68a2f035cc65a6ba510fcd24ab748f0 pn=upload; op=author; orderid=8741; 
上传
[2018-06-26 22:17:25] trace  /app/index.php?i=1&uniacid=1&t=undefined&v=1.3&m=ewei_shopv2&from=wxapp&c=entry&a=wxapp&do=main&&state=we7sid-ecd4b4daef2c4e6c364a6f6ed99b11c4&sign=d68a2f035cc65a6ba510fcd24ab748f0 pn=upload; op=author; orderid=8911; 
上传
[2018-06-26 22:23:22] trace  /app/index.php?i=1&uniacid=1&t=undefined&v=1.3&m=ewei_shopv2&from=wxapp&c=entry&a=wxapp&do=main&&state=we7sid-ecd4b4daef2c4e6c364a6f6ed99b11c4&sign=d68a2f035cc65a6ba510fcd24ab748f0 pn=upload; op=author; orderid=8766; 
上传
[2018-06-26 22:30:39] trace  /app/index.php?i=1&uniacid=1&t=undefined&v=1.3&m=ewei_shopv2&from=wxapp&c=entry&a=wxapp&do=main&&state=we7sid-ecd4b4daef2c4e6c364a6f6ed99b11c4&sign=d68a2f035cc65a6ba510fcd24ab748f0 pn=upload; op=author; orderid=8974; 
上传
[2018-06-26 22:39:36] trace  /app/index.php?i=1&uniacid=1&t=undefined&v=1.3&m=ewei_shopv2&from=wxapp&c=entry&a=wxapp&do=main&&state=we7sid-ecd4b4daef2c4e6c364a6f6ed99b11c4&sign=d68a2f035cc65a6ba510fcd24ab748f0 pn=upload; op=author; orderid=9088; 
上传
[2018-06-26 22:41:56] trace  /app/index.php?i=1&uniacid=1&t=undefined&v=1.3&m=ewei_shopv2&from=wxapp&c=entry&a=wxapp&do=main&&state=we7sid-ad7ba95564e732b91625d7b15b48ee92&sign=194a8086d2b4ab3c3590e1a51397eb56 pn=upload; op=order; orderid=9266; 
上传
[2018-06-26 22:45:23] trace  /app/index.php?i=1&uniacid=1&t=undefined&v=1.3&m=ewei_shopv2&from=wxapp&c=entry&a=wxapp&do=main&&state=we7sid-ecd4b4daef2c4e6c364a6f6ed99b11c4&sign=d68a2f035cc65a6ba510fcd24ab748f0 pn=upload; op=author; orderid=9091; 
上传
[2018-06-26 22:49:46] trace  /app/index.php?i=1&uniacid=1&t=undefined&v=1.3&m=ewei_shopv2&from=wxapp&c=entry&a=wxapp&do=main&&state=we7sid-7e633bf73d1a2f6819df3c119823847a&sign=528f24a4f7ec9cd8f71c12c86373bdfe pn=upload; op=order; orderid=9267; 
上传
[2018-06-26 22:52:15] trace  /app/index.php?i=1&uniacid=1&t=undefined&v=1.3&m=ewei_shopv2&from=wxapp&c=entry&a=wxapp&do=main&&state=we7sid-ecd4b4daef2c4e6c364a6f6ed99b11c4&sign=d68a2f035cc65a6ba510fcd24ab748f0 pn=upload; op=author; orderid=9105; 
上传
[2018-06-26 22:52:44] trace  /app/index.php?i=1&uniacid=1&t=undefined&v=1.3&m=ewei_shopv2&from=wxapp&c=entry&a=wxapp&do=main&&state=we7sid-2e6921272b402f79762452d88a7b089b&sign=014b716b62ae291f83673298533afc04 pn=upload; op=order; orderid=9268; 
上传
[2018-06-26 23:02:40] trace  /app/index.php?i=1&uniacid=1&t=undefined&v=1.3&m=ewei_shopv2&from=wxapp&c=entry&a=wxapp&do=main&&state=we7sid-ecd4b4daef2c4e6c364a6f6ed99b11c4&sign=d68a2f035cc65a6ba510fcd24ab748f0 pn=upload; op=author; orderid=9124; 
上传
[2018-06-26 23:09:17] trace  /app/index.php?i=1&uniacid=1&t=undefined&v=1.3&m=ewei_shopv2&from=wxapp&c=entry&a=wxapp&do=main&&state=we7sid-ecd4b4daef2c4e6c364a6f6ed99b11c4&sign=d68a2f035cc65a6ba510fcd24ab748f0 pn=upload; op=author; orderid=9126; 
上传
[2018-06-26 23:13:22] trace  /app/index.php?i=1&uniacid=1&t=undefined&v=1.3&m=ewei_shopv2&from=wxapp&c=entry&a=wxapp&do=main&&state=we7sid-96bee890a50007dd855a0f21abd1cb4d&sign=cef15446a2c7ea0909d3ae507b215b77 op=order; orderid=9269; pn=upload; 
上传
[2018-06-26 23:20:30] trace  /app/index.php?i=1&uniacid=1&t=undefined&v=1.3&m=ewei_shopv2&from=wxapp&c=entry&a=wxapp&do=main&&state=we7sid-8d4480afa2fdacd30928cb2cba31fc94&sign=ed8a575ea9b013fea589411c0717d752 pn=upload; op=order; orderid=9270; 
上传
[2018-06-26 23:21:31] trace  /app/index.php?i=1&uniacid=1&t=undefined&v=1.3&m=ewei_shopv2&from=wxapp&c=entry&a=wxapp&do=main&&state=we7sid-ecd4b4daef2c4e6c364a6f6ed99b11c4&sign=d68a2f035cc65a6ba510fcd24ab748f0 pn=upload; op=author; orderid=9133; 
上传
[2018-06-26 23:26:55] trace  /app/index.php?i=1&uniacid=1&t=undefined&v=1.3&m=ewei_shopv2&from=wxapp&c=entry&a=wxapp&do=main&&state=we7sid-ecd4b4daef2c4e6c364a6f6ed99b11c4&sign=d68a2f035cc65a6ba510fcd24ab748f0 pn=upload; op=author; orderid=9139; 
上传
[2018-06-26 23:35:59] trace  /app/index.php?i=1&uniacid=1&t=undefined&v=1.3&m=ewei_shopv2&from=wxapp&c=entry&a=wxapp&do=main&&state=we7sid-ecd4b4daef2c4e6c364a6f6ed99b11c4&sign=d68a2f035cc65a6ba510fcd24ab748f0 pn=upload; op=author; orderid=9159; 
上传
[2018-06-26 23:37:20] trace  /app/index.php?i=1&uniacid=1&t=undefined&v=1.3&m=ewei_shopv2&from=wxapp&c=entry&a=wxapp&do=main&&state=we7sid-7b585ec43f31923df1dfbea6fb116313&sign=4809a867b323c6114116b0ac28dc4187 op=order; orderid=9271; pn=upload; 
上传
[2018-06-26 23:41:06] trace  /app/index.php?i=1&uniacid=1&t=undefined&v=1.3&m=ewei_shopv2&from=wxapp&c=entry&a=wxapp&do=main&&state=we7sid-ecd4b4daef2c4e6c364a6f6ed99b11c4&sign=d68a2f035cc65a6ba510fcd24ab748f0 pn=upload; op=author; orderid=9234; 
上传
