[2018-09-25 08:29:08] trace  /app/index.php?i=1&uniacid=1&t=undefined&v=1.3&m=ewei_shopv2&from=wxapp&c=entry&a=wxapp&do=main&&state=we7sid-418cb0f7bfc56fb8916d18abbce243a1&sign=ea3b9428f202ff8843cb9a5ba83752cf op=order; pn=upload; orderid=17970; 
上传
[2018-09-25 09:19:11] trace  /app/index.php?i=1&uniacid=1&t=undefined&v=1.3&m=ewei_shopv2&from=wxapp&c=entry&a=wxapp&do=main&&state=we7sid-5fca4ad852cfb419c313893a8f768cb1&sign=61ef075b2a98fd0cb377127793a8849b pn=upload; op=order; orderid=17971; 
上传
[2018-09-25 10:42:14] trace  /app/index.php?i=1&uniacid=1&t=undefined&v=1.3&m=ewei_shopv2&from=wxapp&c=entry&a=wxapp&do=main&&state=we7sid-fb9115c85d8c5dbcb00bdd161bf5f355&sign=cb4e3b4daa9276069e239a4927dcda2b op=order; orderid=17972; pn=upload; 
上传
[2018-09-25 11:01:53] trace  /app/index.php?i=1&uniacid=1&t=undefined&v=1.3&m=ewei_shopv2&from=wxapp&c=entry&a=wxapp&do=main&&state=we7sid-6cac42333a702d55cf1ae897f4b3a483&sign=cddfb4beec765f4fb9e5ddb5f7b347c3 pn=upload; op=order; orderid=17973; 
上传
[2018-09-25 11:02:32] trace  /app/index.php?i=1&uniacid=1&t=undefined&v=1.3&m=ewei_shopv2&from=wxapp&c=entry&a=wxapp&do=main&&state=we7sid-dacb773b1f498914284f555020f0b957&sign=174343ac7a3d1941d44f06c6a85f2ef7 pn=upload; op=order; orderid=17974; 
上传
[2018-09-25 11:07:32] trace  /app/index.php?i=1&uniacid=1&t=undefined&v=1.3&m=ewei_shopv2&from=wxapp&c=entry&a=wxapp&do=main&&state=we7sid-92d8c9c48a988a6ee0bd08956b5af9f5&sign=b04e7fa3349c8eb22cb9085421055bd8 pn=upload; op=order; orderid=17975; 
上传
[2018-09-25 11:25:52] trace  /app/index.php?i=1&uniacid=1&t=undefined&v=1.3&m=ewei_shopv2&from=wxapp&c=entry&a=wxapp&do=main&&state=we7sid-6d2675ae158a5b16d56d89c6a672219d&sign=c63c3ff7f174eedf35d5d09f0fecaaf8 op=order; orderid=17976; pn=upload; 
上传
[2018-09-25 11:25:53] trace  /app/index.php?i=1&uniacid=1&t=undefined&v=1.3&m=ewei_shopv2&from=wxapp&c=entry&a=wxapp&do=main&&state=we7sid-6d2675ae158a5b16d56d89c6a672219d&sign=c63c3ff7f174eedf35d5d09f0fecaaf8 op=order; orderid=17976; pn=upload; 
上传
[2018-09-25 12:06:19] trace  /app/index.php?i=1&uniacid=1&t=undefined&v=1.3&m=ewei_shopv2&from=wxapp&c=entry&a=wxapp&do=main&&state=we7sid-505b72ea206737451dd5ecd7edb9efd0&sign=1fb5caca69f3d1cfca2d0f52b5410d36 pn=upload; op=order; orderid=17977; 
上传
[2018-09-25 12:10:15] trace  /app/index.php?i=1&uniacid=1&t=undefined&v=1.3&m=ewei_shopv2&from=wxapp&c=entry&a=wxapp&do=main&&state=we7sid-957bfde7a81f86feefd66ceceac7de23&sign=1d9366f83e489d80846e8f7b4fa74da0 pn=upload; op=order; orderid=17978; 
上传
[2018-09-25 12:14:54] trace  /app/index.php?i=1&uniacid=1&t=undefined&v=1.3&m=ewei_shopv2&from=wxapp&c=entry&a=wxapp&do=main&&state=we7sid-601ad7a9535df7ee80afdb02d37927b2&sign=e7432ddddc252378b00ad892fa57f06e op=order; orderid=17979; pn=upload; 
上传
[2018-09-25 12:22:04] trace  /app/index.php?i=1&uniacid=1&t=undefined&v=1.3&m=ewei_shopv2&from=wxapp&c=entry&a=wxapp&do=main&&state=we7sid-31ca3086b94edf2cd049aabc0a9b0292&sign=8ee07f1661511b7da5fa05b25744cc85 pn=upload; op=order; orderid=17980; 
上传
[2018-09-25 12:22:05] trace  /app/index.php?i=1&uniacid=1&t=undefined&v=1.3&m=ewei_shopv2&from=wxapp&c=entry&a=wxapp&do=main&&state=we7sid-31ca3086b94edf2cd049aabc0a9b0292&sign=8ee07f1661511b7da5fa05b25744cc85 pn=upload; op=order; orderid=17981; 
上传
[2018-09-25 12:24:12] trace  /app/index.php?i=1&uniacid=1&t=undefined&v=1.3&m=ewei_shopv2&from=wxapp&c=entry&a=wxapp&do=main&&state=we7sid-48822657a5e88bab97e2dc4847159204&sign=28231e4eace87269df78924b7ed8ecc6 pn=upload; op=order; orderid=17982; 
上传
[2018-09-25 12:28:44] trace  /app/index.php?i=1&uniacid=1&t=undefined&v=1.3&m=ewei_shopv2&from=wxapp&c=entry&a=wxapp&do=main&&state=we7sid-c4c773c8a5115e518c7bb0a3f25a07a0&sign=df0323ca2c6fc90b25de5e78e508446d pn=upload; op=order; orderid=17983; 
上传
[2018-09-25 12:34:10] trace  /app/index.php?i=1&uniacid=1&t=undefined&v=1.3&m=ewei_shopv2&from=wxapp&c=entry&a=wxapp&do=main&&state=we7sid-6092e6f2a65ad13c515cc2d930642738&sign=a4167dfdf4fd794cf9bdc6783ec7b95e pn=upload; op=order; orderid=17984; 
上传
[2018-09-25 12:47:24] trace  /app/index.php?i=1&uniacid=1&t=undefined&v=1.3&m=ewei_shopv2&from=wxapp&c=entry&a=wxapp&do=main&&state=we7sid-4d199917d77c277d04e82dfc00a54359&sign=3852147dca06b6038683692740caf79f pn=upload; op=order; orderid=17985; 
上传
[2018-09-25 12:48:52] trace  /app/index.php?i=1&uniacid=1&t=undefined&v=1.3&m=ewei_shopv2&from=wxapp&c=entry&a=wxapp&do=main&&state=we7sid-4d199917d77c277d04e82dfc00a54359&sign=3852147dca06b6038683692740caf79f pn=upload; op=order; orderid=17986; 
上传
[2018-09-25 13:07:18] trace  /app/index.php?i=1&uniacid=1&t=undefined&v=1.3&m=ewei_shopv2&from=wxapp&c=entry&a=wxapp&do=main&&state=we7sid-341cb64926e8dd4381c9733d2b6ea694&sign=23e506720a37c7d977cd06daeea7e63b pn=upload; op=order; orderid=17987; 
上传
[2018-09-25 13:57:19] trace  /app/index.php?i=1&uniacid=1&t=undefined&v=1.3&m=ewei_shopv2&from=wxapp&c=entry&a=wxapp&do=main&&state=we7sid-fb990ee63179e8b4a92ba47762e04d0e&sign=1d09c530efd71109925db46f4cf5738e pn=upload; op=order; orderid=17988; 
上传
[2018-09-25 14:40:10] trace  /app/index.php?i=1&uniacid=1&t=undefined&v=1.3&m=ewei_shopv2&from=wxapp&c=entry&a=wxapp&do=main&&state=we7sid-991919a83113c54e7472e72a4654e746&sign=07b3b79e009bebcc3dbca39904bd8346 pn=upload; op=order; orderid=17989; 
上传
[2018-09-25 15:34:19] trace  /app/index.php?i=1&uniacid=1&t=undefined&v=1.3&m=ewei_shopv2&from=wxapp&c=entry&a=wxapp&do=main&&state=we7sid-b9ec3c1a36a649e90faa97875d07f3f4&sign=524025140eeb6fb00736ed7c6a57a56c op=order; orderid=17990; pn=upload; 
上传
[2018-09-25 15:44:17] trace  /app/index.php?i=1&uniacid=1&t=undefined&v=1.3&m=ewei_shopv2&from=wxapp&c=entry&a=wxapp&do=main&&state=we7sid-402f54e8392fc5faa6532a51692fd50d&sign=7e2835eeeeed5c5e5bf94732da716056 op=order; orderid=17991; pn=upload; 
上传
[2018-09-25 15:48:15] trace  /app/index.php?i=1&uniacid=1&t=undefined&v=1.3&m=ewei_shopv2&from=wxapp&c=entry&a=wxapp&do=main&&state=we7sid-929a07079278fe5eb0ca8e74320cd467&sign=58d02f38423a481d9c8179278dc98ffe op=order; orderid=17992; pn=upload; 
上传
[2018-09-25 16:04:49] trace  /app/index.php?i=1&uniacid=1&t=undefined&v=1.3&m=ewei_shopv2&from=wxapp&c=entry&a=wxapp&do=main&&state=we7sid-6d922c97204abb47b227776fba794244&sign=b8b661cbc7c1f4c628290664c3c03881 pn=upload; op=order; orderid=17993; 
上传
[2018-09-25 16:13:11] trace  /app/index.php?i=1&uniacid=1&t=undefined&v=1.3&m=ewei_shopv2&from=wxapp&c=entry&a=wxapp&do=main&&state=we7sid-6d922c97204abb47b227776fba794244&sign=b8b661cbc7c1f4c628290664c3c03881 pn=upload; op=order; orderid=17994; 
上传
[2018-09-25 17:16:33] trace  /app/index.php?i=1&uniacid=1&t=undefined&v=1.3&m=ewei_shopv2&from=wxapp&c=entry&a=wxapp&do=main&&state=we7sid-c02e916fbb4f4ee14d2412e2b440f09e&sign=57845d219d293dc1b5557bb418861526 pn=upload; op=order; orderid=17995; 
上传
[2018-09-25 17:58:26] trace  /app/index.php?i=1&uniacid=1&t=undefined&v=1.3&m=ewei_shopv2&from=wxapp&c=entry&a=wxapp&do=main&&state=we7sid-15da2842836e92ce765a204ca2216d7b&sign=e1e203da7db8d974e6f0febaedc70456 pn=upload; op=order; orderid=17996; 
上传
[2018-09-25 18:15:43] trace  /app/index.php?i=1&uniacid=1&t=undefined&v=1.3&m=ewei_shopv2&from=wxapp&c=entry&a=wxapp&do=main&&state=we7sid-3f90d4f14b2bc6e0f683326f4461fef0&sign=c9e2896dd3a4185313cef033060974fc pn=upload; op=order; orderid=17997; 
上传
[2018-09-25 18:16:00] trace  /app/index.php?i=1&uniacid=1&t=undefined&v=1.3&m=ewei_shopv2&from=wxapp&c=entry&a=wxapp&do=main&&state=we7sid-3f90d4f14b2bc6e0f683326f4461fef0&sign=c9e2896dd3a4185313cef033060974fc pn=upload; op=order; orderid=17998; 
上传
[2018-09-25 18:16:53] trace  /app/index.php?i=1&uniacid=1&t=undefined&v=1.3&m=ewei_shopv2&from=wxapp&c=entry&a=wxapp&do=main&&state=we7sid-3f90d4f14b2bc6e0f683326f4461fef0&sign=c9e2896dd3a4185313cef033060974fc pn=upload; op=order; orderid=17999; 
上传
[2018-09-25 18:44:05] trace  /app/index.php?i=1&uniacid=1&t=undefined&v=1.3&m=ewei_shopv2&from=wxapp&c=entry&a=wxapp&do=main&&state=we7sid-94fa8f13bdc1e0869bdc87812e550c70&sign=2b293ff55ac31f640dfffac8b3433115 pn=upload; op=order; orderid=18000; 
上传
[2018-09-25 18:44:31] trace  /app/index.php?i=1&uniacid=1&t=undefined&v=1.3&m=ewei_shopv2&from=wxapp&c=entry&a=wxapp&do=main&&state=we7sid-8e3adaf338963406c2be58f89095e280&sign=6ca6c093cd23a4174479937b02edcf72 pn=upload; op=author; orderid=17889; 
上传
[2018-09-25 18:44:57] trace  /app/index.php?i=1&uniacid=1&t=undefined&v=1.3&m=ewei_shopv2&from=wxapp&c=entry&a=wxapp&do=main&&state=we7sid-8e3adaf338963406c2be58f89095e280&sign=6ca6c093cd23a4174479937b02edcf72 pn=upload; op=author; orderid=17814; 
上传
[2018-09-25 18:45:21] trace  /app/index.php?i=1&uniacid=1&t=undefined&v=1.3&m=ewei_shopv2&from=wxapp&c=entry&a=wxapp&do=main&&state=we7sid-8e3adaf338963406c2be58f89095e280&sign=6ca6c093cd23a4174479937b02edcf72 pn=upload; op=author; orderid=17744; 
上传
[2018-09-25 18:45:41] trace  /app/index.php?i=1&uniacid=1&t=undefined&v=1.3&m=ewei_shopv2&from=wxapp&c=entry&a=wxapp&do=main&&state=we7sid-8e3adaf338963406c2be58f89095e280&sign=6ca6c093cd23a4174479937b02edcf72 pn=upload; op=author; orderid=17694; 
上传
[2018-09-25 18:46:15] trace  /app/index.php?i=1&uniacid=1&t=undefined&v=1.3&m=ewei_shopv2&from=wxapp&c=entry&a=wxapp&do=main&&state=we7sid-8e3adaf338963406c2be58f89095e280&sign=6ca6c093cd23a4174479937b02edcf72 pn=upload; op=author; orderid=17588; 
上传
[2018-09-25 18:46:32] trace  /app/index.php?i=1&uniacid=1&t=undefined&v=1.3&m=ewei_shopv2&from=wxapp&c=entry&a=wxapp&do=main&&state=we7sid-8e3adaf338963406c2be58f89095e280&sign=6ca6c093cd23a4174479937b02edcf72 pn=upload; op=author; orderid=17935; 
上传
[2018-09-25 18:46:58] trace  /app/index.php?i=1&uniacid=1&t=undefined&v=1.3&m=ewei_shopv2&from=wxapp&c=entry&a=wxapp&do=main&&state=we7sid-8e3adaf338963406c2be58f89095e280&sign=6ca6c093cd23a4174479937b02edcf72 pn=upload; op=author; orderid=17524; 
上传
[2018-09-25 18:46:58] trace  /app/index.php?i=1&uniacid=1&t=undefined&v=1.3&m=ewei_shopv2&from=wxapp&c=entry&a=wxapp&do=main&&state=we7sid-8e3adaf338963406c2be58f89095e280&sign=6ca6c093cd23a4174479937b02edcf72 pn=upload; op=author; orderid=17524; 
上传
[2018-09-25 18:47:21] trace  /app/index.php?i=1&uniacid=1&t=undefined&v=1.3&m=ewei_shopv2&from=wxapp&c=entry&a=wxapp&do=main&&state=we7sid-8e3adaf338963406c2be58f89095e280&sign=6ca6c093cd23a4174479937b02edcf72 pn=upload; op=author; orderid=17523; 
上传
[2018-09-25 18:50:02] trace  /app/index.php?i=1&uniacid=1&t=undefined&v=1.3&m=ewei_shopv2&from=wxapp&c=entry&a=wxapp&do=main&&state=we7sid-94fa8f13bdc1e0869bdc87812e550c70&sign=2b293ff55ac31f640dfffac8b3433115 pn=upload; op=order; orderid=18001; 
上传
[2018-09-25 18:50:02] trace  /app/index.php?i=1&uniacid=1&t=undefined&v=1.3&m=ewei_shopv2&from=wxapp&c=entry&a=wxapp&do=main&&state=we7sid-94fa8f13bdc1e0869bdc87812e550c70&sign=2b293ff55ac31f640dfffac8b3433115 pn=upload; op=order; orderid=18001; 
上传
[2018-09-25 19:01:14] trace  /app/index.php?i=1&uniacid=1&t=undefined&v=1.3&m=ewei_shopv2&from=wxapp&c=entry&a=wxapp&do=main&&state=we7sid-8e3adaf338963406c2be58f89095e280&sign=6ca6c093cd23a4174479937b02edcf72 pn=upload; op=author; orderid=17965; 
上传
[2018-09-25 19:01:35] trace  /app/index.php?i=1&uniacid=1&t=undefined&v=1.3&m=ewei_shopv2&from=wxapp&c=entry&a=wxapp&do=main&&state=we7sid-8e3adaf338963406c2be58f89095e280&sign=6ca6c093cd23a4174479937b02edcf72 pn=upload; op=author; orderid=17587; 
上传
[2018-09-25 19:41:07] trace  /app/index.php?i=1&uniacid=1&t=undefined&v=1.3&m=ewei_shopv2&from=wxapp&c=entry&a=wxapp&do=main&&state=we7sid-82bf11b865bd1167b7d25c54fa45175c&sign=2743ec5d756ae64a19e0bb7f8eea8947 pn=upload; op=order; orderid=18002; 
上传
[2018-09-25 19:57:55] trace  /app/index.php?i=1&uniacid=1&t=undefined&v=1.3&m=ewei_shopv2&from=wxapp&c=entry&a=wxapp&do=main&&state=we7sid-183b727931c225f9e049eada0b5f5641&sign=d0263f73313bb4fdcb9cab07dc5953aa pn=upload; op=order; orderid=18003; 
上传
[2018-09-25 20:01:14] trace  /app/index.php?i=1&uniacid=1&t=undefined&v=1.3&m=ewei_shopv2&from=wxapp&c=entry&a=wxapp&do=main&&state=we7sid-183b727931c225f9e049eada0b5f5641&sign=d0263f73313bb4fdcb9cab07dc5953aa pn=upload; op=order; orderid=18004; 
上传
[2018-09-25 20:08:39] trace  /app/index.php?i=1&uniacid=1&t=undefined&v=1.3&m=ewei_shopv2&from=wxapp&c=entry&a=wxapp&do=main&&state=we7sid-8a10671237b210777ce3905b8b3a25f9&sign=fa3c0d97167245133415fafcbfeab9ba pn=upload; op=order; orderid=18005; 
上传
[2018-09-25 20:10:04] trace  /app/index.php?i=1&uniacid=1&t=undefined&v=1.3&m=ewei_shopv2&from=wxapp&c=entry&a=wxapp&do=main&&state=we7sid-8a10671237b210777ce3905b8b3a25f9&sign=fa3c0d97167245133415fafcbfeab9ba pn=upload; op=order; orderid=18006; 
上传
[2018-09-25 20:32:22] trace  /app/index.php?i=1&uniacid=1&t=undefined&v=1.3&m=ewei_shopv2&from=wxapp&c=entry&a=wxapp&do=main&&state=we7sid-49d792dd09c848433cd769fcca1c78b0&sign=1e02d724773b7263c2a2a2b6a5c6fc34 pn=upload; op=order; orderid=18007; 
上传
[2018-09-25 20:34:15] trace  /app/index.php?i=1&uniacid=1&t=undefined&v=1.3&m=ewei_shopv2&from=wxapp&c=entry&a=wxapp&do=main&&state=we7sid-49d792dd09c848433cd769fcca1c78b0&sign=1e02d724773b7263c2a2a2b6a5c6fc34 pn=upload; op=order; orderid=18008; 
上传
[2018-09-25 20:36:48] trace  /app/index.php?i=1&uniacid=1&t=undefined&v=1.3&m=ewei_shopv2&from=wxapp&c=entry&a=wxapp&do=main&&state=we7sid-4857761cde751d023162decf82c517a0&sign=c1eb8f503709986f6981aebb94aa2bf4 op=order; orderid=18009; pn=upload; 
上传
[2018-09-25 20:37:10] trace  /app/index.php?i=1&uniacid=1&t=undefined&v=1.3&m=ewei_shopv2&from=wxapp&c=entry&a=wxapp&do=main&&state=we7sid-95941dcdef6bb111f12df2fcbdabbdb5&sign=9d0c82baa8cab58e235a976b7377f7b4 pn=upload; op=order; orderid=18010; 
上传
[2018-09-25 20:42:18] trace  /app/index.php?i=1&uniacid=1&t=undefined&v=1.3&m=ewei_shopv2&from=wxapp&c=entry&a=wxapp&do=main&&state=we7sid-7476bb31210ac72693649e9042d3a64a&sign=18f3e2bc50769f8c3063b5d645da8506 pn=upload; op=order; orderid=18011; 
上传
[2018-09-25 20:49:09] trace  /app/index.php?i=1&uniacid=1&t=undefined&v=1.3&m=ewei_shopv2&from=wxapp&c=entry&a=wxapp&do=main&&state=we7sid-4857761cde751d023162decf82c517a0&sign=c1eb8f503709986f6981aebb94aa2bf4 op=order; orderid=18012; pn=upload; 
上传
[2018-09-25 21:40:24] trace  /app/index.php?i=1&uniacid=1&t=undefined&v=1.3&m=ewei_shopv2&from=wxapp&c=entry&a=wxapp&do=main&&state=we7sid-5d36681680f37c4dc6f4fc3c610e6b8f&sign=4bc8d8bff7a6ebd00c715d95628c2910 pn=upload; op=order; orderid=18013; 
上传
[2018-09-25 21:42:29] trace  /app/index.php?i=1&uniacid=1&t=undefined&v=1.3&m=ewei_shopv2&from=wxapp&c=entry&a=wxapp&do=main&&state=we7sid-5d36681680f37c4dc6f4fc3c610e6b8f&sign=4bc8d8bff7a6ebd00c715d95628c2910 pn=upload; op=order; orderid=18014; 
上传
[2018-09-25 21:42:31] trace  /app/index.php?i=1&uniacid=1&t=undefined&v=1.3&m=ewei_shopv2&from=wxapp&c=entry&a=wxapp&do=main&&state=we7sid-5d36681680f37c4dc6f4fc3c610e6b8f&sign=4bc8d8bff7a6ebd00c715d95628c2910 pn=upload; op=order; orderid=18014; 
上传
[2018-09-25 22:06:34] trace  /app/index.php?i=1&uniacid=1&t=undefined&v=1.3&m=ewei_shopv2&from=wxapp&c=entry&a=wxapp&do=main&&state=we7sid-5ac0eda324deb808269808e8e16f0422&sign=6f625238ae73a4def3ca9f1f50472dff pn=upload; op=author; orderid=17839; 
上传
[2018-09-25 22:07:02] trace  /app/index.php?i=1&uniacid=1&t=undefined&v=1.3&m=ewei_shopv2&from=wxapp&c=entry&a=wxapp&do=main&&state=we7sid-5ac0eda324deb808269808e8e16f0422&sign=6f625238ae73a4def3ca9f1f50472dff pn=upload; op=author; orderid=17861; 
上传
[2018-09-25 22:07:22] trace  /app/index.php?i=1&uniacid=1&t=undefined&v=1.3&m=ewei_shopv2&from=wxapp&c=entry&a=wxapp&do=main&&state=we7sid-5ac0eda324deb808269808e8e16f0422&sign=6f625238ae73a4def3ca9f1f50472dff pn=upload; op=author; orderid=17809; 
上传
[2018-09-25 22:07:39] trace  /app/index.php?i=1&uniacid=1&t=undefined&v=1.3&m=ewei_shopv2&from=wxapp&c=entry&a=wxapp&do=main&&state=we7sid-5ac0eda324deb808269808e8e16f0422&sign=6f625238ae73a4def3ca9f1f50472dff pn=upload; op=author; orderid=17807; 
上传
[2018-09-25 22:08:00] trace  /app/index.php?i=1&uniacid=1&t=undefined&v=1.3&m=ewei_shopv2&from=wxapp&c=entry&a=wxapp&do=main&&state=we7sid-5ac0eda324deb808269808e8e16f0422&sign=6f625238ae73a4def3ca9f1f50472dff pn=upload; op=author; orderid=17798; 
上传
[2018-09-25 22:08:24] trace  /app/index.php?i=1&uniacid=1&t=undefined&v=1.3&m=ewei_shopv2&from=wxapp&c=entry&a=wxapp&do=main&&state=we7sid-5ac0eda324deb808269808e8e16f0422&sign=6f625238ae73a4def3ca9f1f50472dff pn=upload; op=author; orderid=17788; 
上传
[2018-09-25 22:08:47] trace  /app/index.php?i=1&uniacid=1&t=undefined&v=1.3&m=ewei_shopv2&from=wxapp&c=entry&a=wxapp&do=main&&state=we7sid-5ac0eda324deb808269808e8e16f0422&sign=6f625238ae73a4def3ca9f1f50472dff pn=upload; op=author; orderid=17780; 
上传
[2018-09-25 22:09:12] trace  /app/index.php?i=1&uniacid=1&t=undefined&v=1.3&m=ewei_shopv2&from=wxapp&c=entry&a=wxapp&do=main&&state=we7sid-5ac0eda324deb808269808e8e16f0422&sign=6f625238ae73a4def3ca9f1f50472dff pn=upload; op=author; orderid=17759; 
上传
[2018-09-25 22:09:39] trace  /app/index.php?i=1&uniacid=1&t=undefined&v=1.3&m=ewei_shopv2&from=wxapp&c=entry&a=wxapp&do=main&&state=we7sid-5ac0eda324deb808269808e8e16f0422&sign=6f625238ae73a4def3ca9f1f50472dff pn=upload; op=author; orderid=17720; 
上传
[2018-09-25 22:10:03] trace  /app/index.php?i=1&uniacid=1&t=undefined&v=1.3&m=ewei_shopv2&from=wxapp&c=entry&a=wxapp&do=main&&state=we7sid-5ac0eda324deb808269808e8e16f0422&sign=6f625238ae73a4def3ca9f1f50472dff pn=upload; op=author; orderid=17675; 
上传
[2018-09-25 22:11:09] trace  /app/index.php?i=1&uniacid=1&t=undefined&v=1.3&m=ewei_shopv2&from=wxapp&c=entry&a=wxapp&do=main&&state=we7sid-5ac0eda324deb808269808e8e16f0422&sign=6f625238ae73a4def3ca9f1f50472dff pn=upload; op=author; orderid=17641; 
上传
[2018-09-25 22:11:29] trace  /app/index.php?i=1&uniacid=1&t=undefined&v=1.3&m=ewei_shopv2&from=wxapp&c=entry&a=wxapp&do=main&&state=we7sid-5ac0eda324deb808269808e8e16f0422&sign=6f625238ae73a4def3ca9f1f50472dff pn=upload; op=author; orderid=17625; 
上传
[2018-09-25 22:11:48] trace  /app/index.php?i=1&uniacid=1&t=undefined&v=1.3&m=ewei_shopv2&from=wxapp&c=entry&a=wxapp&do=main&&state=we7sid-5ac0eda324deb808269808e8e16f0422&sign=6f625238ae73a4def3ca9f1f50472dff pn=upload; op=author; orderid=17574; 
上传
[2018-09-25 22:12:09] trace  /app/index.php?i=1&uniacid=1&t=undefined&v=1.3&m=ewei_shopv2&from=wxapp&c=entry&a=wxapp&do=main&&state=we7sid-5ac0eda324deb808269808e8e16f0422&sign=6f625238ae73a4def3ca9f1f50472dff pn=upload; op=author; orderid=17548; 
上传
[2018-09-25 22:12:38] trace  /app/index.php?i=1&uniacid=1&t=undefined&v=1.3&m=ewei_shopv2&from=wxapp&c=entry&a=wxapp&do=main&&state=we7sid-5ac0eda324deb808269808e8e16f0422&sign=6f625238ae73a4def3ca9f1f50472dff pn=upload; op=author; orderid=17542; 
上传
[2018-09-25 22:13:59] trace  /app/index.php?i=1&uniacid=1&t=undefined&v=1.3&m=ewei_shopv2&from=wxapp&c=entry&a=wxapp&do=main&&state=we7sid-5ac0eda324deb808269808e8e16f0422&sign=6f625238ae73a4def3ca9f1f50472dff pn=upload; op=author; orderid=17542; 
上传
[2018-09-25 22:17:59] trace  /app/index.php?i=1&uniacid=1&t=undefined&v=1.3&m=ewei_shopv2&from=wxapp&c=entry&a=wxapp&do=main&&state=we7sid-f13bfbff934a9005ddfca0b3734f4cf8&sign=ca8b07581177aca6e0541957e4440a3a pn=upload; op=order; orderid=18015; 
上传
[2018-09-25 22:23:22] trace  /app/index.php?i=1&uniacid=1&t=undefined&v=1.3&m=ewei_shopv2&from=wxapp&c=entry&a=wxapp&do=main&&state=we7sid-cc18dba3d777cda501e8ba24f55796ec&sign=73abe506d851cff7ff78d7530e40f7ec pn=upload; op=order; orderid=18016; 
上传
[2018-09-25 22:27:42] trace  /app/index.php?i=1&uniacid=1&t=undefined&v=1.3&m=ewei_shopv2&from=wxapp&c=entry&a=wxapp&do=main&&state=we7sid-f13bfbff934a9005ddfca0b3734f4cf8&sign=ca8b07581177aca6e0541957e4440a3a pn=upload; op=order; orderid=18017; 
上传
[2018-09-25 22:33:36] trace  /app/index.php?i=1&uniacid=1&t=undefined&v=1.3&m=ewei_shopv2&from=wxapp&c=entry&a=wxapp&do=main&&state=we7sid-447bcd95f88bb60cdf6d4094bcc77301&sign=f88374a93dbdc15500320653394bd2f7 pn=upload; op=order; orderid=18018; 
上传
[2018-09-25 22:33:37] trace  /app/index.php?i=1&uniacid=1&t=undefined&v=1.3&m=ewei_shopv2&from=wxapp&c=entry&a=wxapp&do=main&&state=we7sid-dc15b2519806db873d10760b97d52f05&sign=2667c988a1df71c77e4f3027b1b5a886 pn=upload; op=order; orderid=18019; 
上传
[2018-09-25 22:34:07] trace  /app/index.php?i=1&uniacid=1&t=undefined&v=1.3&m=ewei_shopv2&from=wxapp&c=entry&a=wxapp&do=main&&state=we7sid-74e6ae7a039215e800d00f191607f79d&sign=602c777f3c2a2bd524074b5945571223 pn=upload; op=order; orderid=18020; 
上传
[2018-09-25 22:34:14] trace  /app/index.php?i=1&uniacid=1&t=undefined&v=1.3&m=ewei_shopv2&from=wxapp&c=entry&a=wxapp&do=main&&state=we7sid-74e6ae7a039215e800d00f191607f79d&sign=602c777f3c2a2bd524074b5945571223 pn=upload; op=order; orderid=18021; 
上传
[2018-09-25 22:34:48] trace  /app/index.php?i=1&uniacid=1&t=undefined&v=1.3&m=ewei_shopv2&from=wxapp&c=entry&a=wxapp&do=main&&state=we7sid-293f97558857c80d50fe3646bff65fa1&sign=c7e97a1be6faa60a7dae45b6f8be318a op=order; orderid=18022; pn=upload; 
上传
[2018-09-25 22:36:03] trace  /app/index.php?i=1&uniacid=1&t=undefined&v=1.3&m=ewei_shopv2&from=wxapp&c=entry&a=wxapp&do=main&&state=we7sid-e18eea9b10a3c55b5c4ed347a9852445&sign=62d21f416fcd84bafeb3a064ab2876c3 pn=upload; op=order; orderid=18023; 
上传
[2018-09-25 22:36:54] trace  /app/index.php?i=1&uniacid=1&t=undefined&v=1.3&m=ewei_shopv2&from=wxapp&c=entry&a=wxapp&do=main&&state=we7sid-e18eea9b10a3c55b5c4ed347a9852445&sign=62d21f416fcd84bafeb3a064ab2876c3 pn=upload; op=order; orderid=18024; 
上传
[2018-09-25 23:06:46] trace  /app/index.php?i=1&uniacid=1&t=undefined&v=1.3&m=ewei_shopv2&from=wxapp&c=entry&a=wxapp&do=main&&state=we7sid-189edeaf4dd63050ed80e6082b15dfe3&sign=ba8c4e5c220c24a44a353f42901c0994 pn=upload; op=order; orderid=18025; 
上传
[2018-09-25 23:15:27] trace  /app/index.php?i=1&uniacid=1&t=undefined&v=1.3&m=ewei_shopv2&from=wxapp&c=entry&a=wxapp&do=main&&state=we7sid-0644a55aec11b4898c7bb9597a41007c&sign=a7a5f7d2fe772d24951cba4f97f89f9d op=order; orderid=18026; pn=upload; 
上传
[2018-09-25 23:16:48] trace  /app/index.php?i=1&uniacid=1&t=undefined&v=1.3&m=ewei_shopv2&from=wxapp&c=entry&a=wxapp&do=main&&state=we7sid-3ee9502a8fda3fbb0a9a032bbdeff020&sign=2e73f68948c943c7a20afd0d7b7b11c3 pn=upload; op=order; orderid=18027; 
上传
[2018-09-25 23:49:21] trace  /app/index.php?i=1&uniacid=1&t=undefined&v=1.3&m=ewei_shopv2&from=wxapp&c=entry&a=wxapp&do=main&&state=we7sid-1e92fe7d4c43b367ac18c106b63a32cb&sign=33f21d1eaebadc4aecdebfd8ab03233c pn=upload; op=order; orderid=18028; 
上传
[2018-09-25 23:49:26] trace  /app/index.php?i=1&uniacid=1&t=undefined&v=1.3&m=ewei_shopv2&from=wxapp&c=entry&a=wxapp&do=main&&state=we7sid-1e92fe7d4c43b367ac18c106b63a32cb&sign=33f21d1eaebadc4aecdebfd8ab03233c pn=upload; op=order; orderid=18029; 
上传
[2018-09-25 23:55:46] trace  /app/index.php?i=1&uniacid=1&t=undefined&v=1.3&m=ewei_shopv2&from=wxapp&c=entry&a=wxapp&do=main&&state=we7sid-1e92fe7d4c43b367ac18c106b63a32cb&sign=33f21d1eaebadc4aecdebfd8ab03233c pn=upload; op=order; orderid=18030; 
上传
