[2018-06-02 00:18:13] trace  /app/index.php?i=1&uniacid=1&t=undefined&v=1.1&m=ewei_shopv2&from=wxapp&c=entry&a=wxapp&do=main&&state=we7sid-fa9a1d88860f7f26f28a935772040254&sign=11dcaaf19c919054b4074839bc1cbe05 pn=upload; op=order; orderid=6260; 
上传
[2018-06-02 00:22:26] trace  /app/index.php?i=1&uniacid=1&t=undefined&v=1.1&m=ewei_shopv2&from=wxapp&c=entry&a=wxapp&do=main&&state=we7sid-0ba276d41483cd351284a567fe28862c&sign=1506d0c0a89b192218ff551d9ac1a2cf pn=upload; op=order; orderid=6261; 
上传
[2018-06-02 00:25:07] trace  /app/index.php?i=1&uniacid=1&t=undefined&v=1.1&m=ewei_shopv2&from=wxapp&c=entry&a=wxapp&do=main&&state=we7sid-188324a065fa10e6631659ca00790e33&sign=ee57c02117fcad9ddeb663bd8a424c0b pn=upload; op=author; orderid=6107; 
上传
[2018-06-02 00:39:08] trace  /app/index.php?i=1&uniacid=1&t=undefined&v=1.1&m=ewei_shopv2&from=wxapp&c=entry&a=wxapp&do=main&&state=we7sid-188324a065fa10e6631659ca00790e33&sign=ee57c02117fcad9ddeb663bd8a424c0b pn=upload; op=author; orderid=6163; 
上传
[2018-06-02 00:46:28] trace  /app/index.php?i=1&uniacid=1&t=undefined&v=1.1&m=ewei_shopv2&from=wxapp&c=entry&a=wxapp&do=main&&state=we7sid-1056561f3c447f8fc933f9513cdcb213&sign=affa3721204871d337cadd35156420df pn=upload; op=order; orderid=6262; 
上传
[2018-06-02 00:50:41] trace  /app/index.php?i=1&uniacid=1&t=undefined&v=1.1&m=ewei_shopv2&from=wxapp&c=entry&a=wxapp&do=main&&state=we7sid-21d7befc9acad6c6616eb719dadd1f3f&sign=e152e92c20f1ed314ffd301696cada7c pn=upload; op=order; orderid=6263; 
上传
[2018-06-02 00:52:28] trace  /app/index.php?i=1&uniacid=1&t=undefined&v=1.1&m=ewei_shopv2&from=wxapp&c=entry&a=wxapp&do=main&&state=we7sid-940fe41564ba5e04224e5b27ab5e8811&sign=729946e652fbed521bec3b4258d679ac pn=upload; op=order; orderid=6264; 
上传
[2018-06-02 01:32:42] trace  /app/index.php?i=1&uniacid=1&t=undefined&v=1.1&m=ewei_shopv2&from=wxapp&c=entry&a=wxapp&do=main&&state=we7sid-188324a065fa10e6631659ca00790e33&sign=ee57c02117fcad9ddeb663bd8a424c0b pn=upload; op=author; orderid=6182; 
上传
[2018-06-02 01:43:08] trace  /app/index.php?i=1&uniacid=1&t=undefined&v=1.1&m=ewei_shopv2&from=wxapp&c=entry&a=wxapp&do=main&&state=we7sid-188324a065fa10e6631659ca00790e33&sign=ee57c02117fcad9ddeb663bd8a424c0b pn=upload; op=author; orderid=6183; 
上传
[2018-06-02 01:56:21] trace  /app/index.php?i=1&uniacid=1&t=undefined&v=1.1&m=ewei_shopv2&from=wxapp&c=entry&a=wxapp&do=main&&state=we7sid-188324a065fa10e6631659ca00790e33&sign=ee57c02117fcad9ddeb663bd8a424c0b pn=upload; op=author; orderid=6228; 
上传
[2018-06-02 02:06:53] trace  /app/index.php?i=1&uniacid=1&t=undefined&v=1.1&m=ewei_shopv2&from=wxapp&c=entry&a=wxapp&do=main&&state=we7sid-188324a065fa10e6631659ca00790e33&sign=ee57c02117fcad9ddeb663bd8a424c0b pn=upload; op=author; orderid=6229; 
上传
[2018-06-02 02:17:29] trace  /app/index.php?i=1&uniacid=1&t=undefined&v=1.1&m=ewei_shopv2&from=wxapp&c=entry&a=wxapp&do=main&&state=we7sid-188324a065fa10e6631659ca00790e33&sign=ee57c02117fcad9ddeb663bd8a424c0b pn=upload; op=author; orderid=6256; 
上传
[2018-06-02 02:54:39] trace  /app/index.php?i=1&uniacid=1&t=undefined&v=1.1&m=ewei_shopv2&from=wxapp&c=entry&a=wxapp&do=main&&state=we7sid-fd2f61bc86fc86f39d997400410b7705&sign=870766d0cdc46111ae12cb00e337e6c2 op=order; orderid=6265; pn=upload; 
上传
[2018-06-02 03:32:39] trace  /app/index.php?i=1&uniacid=1&t=undefined&v=1.1&m=ewei_shopv2&from=wxapp&c=entry&a=wxapp&do=main&&state=we7sid-0aaf039235c30ede34773a1538c87da7&sign=c5ca5521eba23f63e5c83ba651cbd827 pn=upload; op=order; orderid=6266; 
上传
[2018-06-02 04:50:34] trace  /app/index.php?i=1&uniacid=1&t=undefined&v=1.1&m=ewei_shopv2&from=wxapp&c=entry&a=wxapp&do=main&&state=we7sid-c680a693a7d355cc4ef14dea1f5ce417&sign=90dc5db962399a023cf2887b5241510e pn=upload; op=order; orderid=6267; 
上传
[2018-06-02 05:23:04] trace  /app/index.php?i=1&uniacid=1&t=undefined&v=1.1&m=ewei_shopv2&from=wxapp&c=entry&a=wxapp&do=main&&state=we7sid-f61228272bff1ceb22c392c2e68115a7&sign=cd47e314135280b5792bda4c02030306 pn=upload; op=order; orderid=6268; 
上传
[2018-06-02 05:42:04] trace  /app/index.php?i=1&uniacid=1&t=undefined&v=1.1&m=ewei_shopv2&from=wxapp&c=entry&a=wxapp&do=main&&state=we7sid-054c37725094c554db55eb19f150e9a4&sign=e0902f34fbe35e5cad3c9f198e2fc517 op=order; pn=upload; orderid=6269; 
上传
[2018-06-02 06:34:01] trace  /app/index.php?i=1&uniacid=1&t=undefined&v=1.1&m=ewei_shopv2&from=wxapp&c=entry&a=wxapp&do=main&&state=we7sid-82970cca6cdfbf5958d5d6e43ad236e0&sign=059b967cb28fe0aa745681abaacd3752 pn=upload; op=order; orderid=6270; 
上传
[2018-06-02 07:08:37] trace  /app/index.php?i=1&uniacid=1&t=undefined&v=1.1&m=ewei_shopv2&from=wxapp&c=entry&a=wxapp&do=main&&state=we7sid-707e28cfb38b1e9e88ace072b737d667&sign=6cf33a53f292bd4f3d6e20a2af30e1ba pn=upload; op=order; orderid=6271; 
上传
[2018-06-02 07:34:43] trace  /app/index.php?i=1&uniacid=1&t=undefined&v=1.1&m=ewei_shopv2&from=wxapp&c=entry&a=wxapp&do=main&&state=we7sid-d0304627ffdc4d20079de5b8126b0392&sign=c2f6d8773e67e1e05e5e6b3f65812fec pn=upload; op=order; orderid=6272; 
上传
[2018-06-02 08:07:54] trace  /app/index.php?i=1&uniacid=1&t=undefined&v=1.1&m=ewei_shopv2&from=wxapp&c=entry&a=wxapp&do=main&&state=we7sid-742b5b1cc0c5a12a0bd5b43c6c49af3d&sign=7f432a72384d0de75b044d409566b532 pn=upload; op=order; orderid=6273; 
上传
[2018-06-02 08:10:24] trace  /app/index.php?i=1&uniacid=1&t=undefined&v=1.1&m=ewei_shopv2&from=wxapp&c=entry&a=wxapp&do=main&&state=we7sid-742b5b1cc0c5a12a0bd5b43c6c49af3d&sign=7f432a72384d0de75b044d409566b532 pn=upload; op=order; orderid=6274; 
上传
[2018-06-02 08:10:31] trace  /app/index.php?i=1&uniacid=1&t=undefined&v=1.1&m=ewei_shopv2&from=wxapp&c=entry&a=wxapp&do=main&&state=we7sid-742b5b1cc0c5a12a0bd5b43c6c49af3d&sign=7f432a72384d0de75b044d409566b532 pn=upload; op=order; orderid=6275; 
上传
[2018-06-02 08:15:15] trace  /app/index.php?i=1&uniacid=1&t=undefined&v=1.1&m=ewei_shopv2&from=wxapp&c=entry&a=wxapp&do=main&&state=we7sid-742b5b1cc0c5a12a0bd5b43c6c49af3d&sign=7f432a72384d0de75b044d409566b532 pn=upload; op=order; orderid=6276; 
上传
[2018-06-02 09:06:14] trace  /app/index.php?i=1&uniacid=1&t=undefined&v=1.1&m=ewei_shopv2&from=wxapp&c=entry&a=wxapp&do=main&&state=we7sid-56bfc068bd7268a69155593c7338fd2e&sign=78a07513a8d936a7796b80457179e82b pn=upload; op=order; orderid=6277; 
上传
[2018-06-02 09:29:25] trace  /app/index.php?i=1&uniacid=1&t=undefined&v=1.1&m=ewei_shopv2&from=wxapp&c=entry&a=wxapp&do=main&&state=we7sid-016c453749d06b6d0016fe93e94a8243&sign=f21a1a8fb97a6a9baf030df8718ffce5 pn=upload; op=order; orderid=6278; 
上传
[2018-06-02 09:46:20] trace  /app/index.php?i=1&uniacid=1&t=undefined&v=1.1&m=ewei_shopv2&from=wxapp&c=entry&a=wxapp&do=main&&state=we7sid-846d188b72b73da58484fa151996ae07&sign=b4f9f9658b5f0ed76b99e4c03cef1734 pn=upload; op=order; orderid=6279; 
上传
[2018-06-02 09:55:36] trace  /app/index.php?i=1&uniacid=1&t=undefined&v=1.1&m=ewei_shopv2&from=wxapp&c=entry&a=wxapp&do=main&&state=we7sid-fe754c2bbc3c6c082c6b74ba26535867&sign=d47803f6b4b06080ff073aeea8a3e13e pn=upload; op=order; orderid=6280; 
上传
[2018-06-02 10:17:38] trace  /app/index.php?i=1&uniacid=1&t=undefined&v=1.1&m=ewei_shopv2&from=wxapp&c=entry&a=wxapp&do=main&&state=we7sid-4c4a8e995fda45b9d22c37bc72914594&sign=1df51d64e7ce27b38a750bcfc7aac4b4 pn=upload; op=order; orderid=6282; 
上传
[2018-06-02 10:27:33] trace  /app/index.php?i=1&uniacid=1&t=undefined&v=1.1&m=ewei_shopv2&from=wxapp&c=entry&a=wxapp&do=main&&state=we7sid-7c54cc2e2fe7faffabd184dcf695ebf3&sign=1bb00b6e586e854a9d2bc13dba195603 pn=upload; op=order; orderid=6283; 
上传
[2018-06-02 10:49:30] trace  /app/index.php?i=1&uniacid=1&t=undefined&v=1.1&m=ewei_shopv2&from=wxapp&c=entry&a=wxapp&do=main&&state=we7sid-031d8dfe7bdcac8120952268721b0e40&sign=9704d1af6ba053bb8c594da8223ba2f5 pn=upload; op=order; orderid=6284; 
上传
[2018-06-02 10:52:38] trace  /app/index.php?i=1&uniacid=1&t=undefined&v=1.1&m=ewei_shopv2&from=wxapp&c=entry&a=wxapp&do=main&&state=we7sid-8cc58cd239b3d063178f8f834990231f&sign=e820e310c228ccc953d1d88ebd33d9d5 pn=upload; op=order; orderid=6285; 
上传
[2018-06-02 10:52:53] trace  /app/index.php?i=1&uniacid=1&t=undefined&v=1.1&m=ewei_shopv2&from=wxapp&c=entry&a=wxapp&do=main&&state=we7sid-8cc58cd239b3d063178f8f834990231f&sign=e820e310c228ccc953d1d88ebd33d9d5 pn=upload; op=order; orderid=6286; 
上传
[2018-06-02 10:57:24] trace  /app/index.php?i=1&uniacid=1&t=undefined&v=1.1&m=ewei_shopv2&from=wxapp&c=entry&a=wxapp&do=main&&state=we7sid-830b80eca6a1691e610c2f7d4a6fa066&sign=15edad7cd1bc6a2bdcb0c4273e45049a pn=upload; op=order; orderid=6287; 
上传
[2018-06-02 10:57:44] trace  /app/index.php?i=1&uniacid=1&t=undefined&v=1.1&m=ewei_shopv2&from=wxapp&c=entry&a=wxapp&do=main&&state=we7sid-9f1c16245a37394644317c2210a4c42a&sign=f2dfb1aa0fef2ca37008bcdc4e6eccfa pn=upload; op=order; orderid=6288; 
上传
[2018-06-02 10:58:00] trace  /app/index.php?i=1&uniacid=1&t=undefined&v=1.1&m=ewei_shopv2&from=wxapp&c=entry&a=wxapp&do=main&&state=we7sid-0683d71251e7fd8212322aa324974748&sign=3ea1c183675c7cbec51400a63fd6c541 pn=upload; op=order; orderid=6289; 
上传
[2018-06-02 10:58:21] trace  /app/index.php?i=1&uniacid=1&t=undefined&v=1.1&m=ewei_shopv2&from=wxapp&c=entry&a=wxapp&do=main&&state=we7sid-0683d71251e7fd8212322aa324974748&sign=3ea1c183675c7cbec51400a63fd6c541 pn=upload; op=order; orderid=6290; 
上传
[2018-06-02 10:58:31] trace  /app/index.php?i=1&uniacid=1&t=undefined&v=1.1&m=ewei_shopv2&from=wxapp&c=entry&a=wxapp&do=main&&state=we7sid-0683d71251e7fd8212322aa324974748&sign=3ea1c183675c7cbec51400a63fd6c541 pn=upload; op=order; orderid=6291; 
上传
[2018-06-02 11:07:13] trace  /app/index.php?i=1&uniacid=1&t=undefined&v=1.1&m=ewei_shopv2&from=wxapp&c=entry&a=wxapp&do=main&&state=we7sid-810d4c37ae224c0df8839de12688b29a&sign=9bf286f0f6b2aa9a0e7b924bf93b5332 pn=upload; op=order; orderid=6292; 
上传
[2018-06-02 11:20:56] trace  /app/index.php?i=1&uniacid=1&t=undefined&v=1.1&m=ewei_shopv2&from=wxapp&c=entry&a=wxapp&do=main&&state=we7sid-3d42c4f38a42027e035bf9e9530b3afb&sign=d44247663294adb7d63b955cc39b410d op=order; orderid=6293; pn=upload; 
上传
[2018-06-02 11:25:42] trace  /app/index.php?i=1&uniacid=1&t=undefined&v=1.1&m=ewei_shopv2&from=wxapp&c=entry&a=wxapp&do=main&&state=we7sid-bde07f2f57d84a9312955622ec469fb2&sign=2216c4d92b39f2b64bc98151d0d095fa pn=upload; op=order; orderid=6294; 
上传
[2018-06-02 11:46:19] trace  /app/index.php?i=1&uniacid=1&t=undefined&v=1.1&m=ewei_shopv2&from=wxapp&c=entry&a=wxapp&do=main&&state=we7sid-9d389130e72088096f5710311d8feeb2&sign=90eb09279831c5e86bc5de4b4f174bc2 pn=upload; op=order; orderid=6295; 
上传
[2018-06-02 12:00:46] trace  /app/index.php?i=1&uniacid=1&t=undefined&v=1.1&m=ewei_shopv2&from=wxapp&c=entry&a=wxapp&do=main&&state=we7sid-75ae6fdb01b7a3041fbcb37f924c7114&sign=d79435fb6118a292d2bb9ff11585636b pn=upload; op=order; orderid=6296; 
上传
[2018-06-02 12:18:23] trace  /app/index.php?i=1&uniacid=1&t=undefined&v=1.1&m=ewei_shopv2&from=wxapp&c=entry&a=wxapp&do=main&&state=we7sid-98b048b40e050bf1cc099bc5035387c4&sign=5b7518b296ac7e0cc1345ccf3bdbe9bc pn=upload; op=order; orderid=6297; 
上传
[2018-06-02 12:23:09] trace  /app/index.php?i=1&uniacid=1&t=undefined&v=1.1&m=ewei_shopv2&from=wxapp&c=entry&a=wxapp&do=main&&state=we7sid-2b6f280482e8125eae58982a7068e436&sign=4542668f8f5b4a56035177d455d5ea7f pn=upload; op=order; orderid=6298; 
上传
[2018-06-02 12:32:54] trace  /app/index.php?i=1&uniacid=1&t=undefined&v=1.1&m=ewei_shopv2&from=wxapp&c=entry&a=wxapp&do=main&&state=we7sid-04729fa191af996e4a3b0a6d01b4b4e2&sign=a11bbe7bbb647e0bb17f33057c081ffc pn=upload; op=order; orderid=6299; 
上传
[2018-06-02 12:40:57] trace  /app/index.php?i=1&uniacid=1&t=undefined&v=1.1&m=ewei_shopv2&from=wxapp&c=entry&a=wxapp&do=main&&state=we7sid-786597aeac2d6329582fa1a4c6643d4e&sign=c7ad0ffcc7e0ac4c46b190aba77eed14 pn=upload; op=order; orderid=6300; 
上传
[2018-06-02 12:44:45] trace  /app/index.php?i=1&uniacid=1&t=undefined&v=1.1&m=ewei_shopv2&from=wxapp&c=entry&a=wxapp&do=main&&state=we7sid-560b5ecf20483a271d03c597ca85458c&sign=8b3a7eda6dd05e93b48a544f5c45c388 pn=upload; op=order; orderid=6301; 
上传
[2018-06-02 12:46:38] trace  /app/index.php?i=1&uniacid=1&t=undefined&v=1.1&m=ewei_shopv2&from=wxapp&c=entry&a=wxapp&do=main&&state=we7sid-7008f8a2774fb17db5fc89bd582c02b7&sign=b11e1c6ac82e6cac50fe2e7f0b057235 pn=upload; op=order; orderid=6302; 
上传
[2018-06-02 12:47:17] trace  /app/index.php?i=1&uniacid=1&t=undefined&v=1.2&m=ewei_shopv2&from=wxapp&c=entry&a=wxapp&do=main&&state=we7sid-29b9058f3b5f0df001881a3814026ed7&sign=d01c761716efdc54ff9ea64905b2000b pn=upload; op=order; orderid=6303; 
上传
[2018-06-02 12:52:59] trace  /app/index.php?i=1&uniacid=1&t=undefined&v=1.2&m=ewei_shopv2&from=wxapp&c=entry&a=wxapp&do=main&&state=we7sid-29b9058f3b5f0df001881a3814026ed7&sign=d01c761716efdc54ff9ea64905b2000b pn=upload; op=order; orderid=6304; 
上传
[2018-06-02 13:02:15] trace  /app/index.php?i=1&uniacid=1&t=undefined&v=1.1&m=ewei_shopv2&from=wxapp&c=entry&a=wxapp&do=main&&state=we7sid-5bfd984fe72e9895727e80f297197d4a&sign=94913396062644b779fa1966ad980f70 pn=upload; op=order; orderid=6305; 
上传
[2018-06-02 13:13:15] trace  /app/index.php?i=1&uniacid=1&t=undefined&v=1.2&m=ewei_shopv2&from=wxapp&c=entry&a=wxapp&do=main&&state=we7sid-64a88f9944fe20ed1808584d178b0798&sign=873953f439c6df933405e58ae4d44054 pn=upload; op=order; orderid=6306; 
上传
[2018-06-02 13:36:48] trace  /app/index.php?i=1&uniacid=1&t=undefined&v=1.1&m=ewei_shopv2&from=wxapp&c=entry&a=wxapp&do=main&&state=we7sid-1e3ae4d897d44944309d7e083981295a&sign=7c252d5ed2639f47160e48565e46d379 pn=upload; op=order; orderid=6307; 
上传
[2018-06-02 13:49:03] trace  /app/index.php?i=1&uniacid=1&t=undefined&v=1.2&m=ewei_shopv2&from=wxapp&c=entry&a=wxapp&do=main&&state=we7sid-3351f7ecc2a817fcf9fb5cf998170d66&sign=b11830f7d45b6b4c7eb664b748b21776 pn=upload; op=order; orderid=6308; 
上传
[2018-06-02 13:56:51] trace  /app/index.php?i=1&uniacid=1&t=undefined&v=1.1&m=ewei_shopv2&from=wxapp&c=entry&a=wxapp&do=main&&state=we7sid-4b6956ee56b47cb4a416a7a5bc7b5420&sign=d9bed9be24b6014d9085482f217fc8bb pn=upload; op=order; orderid=6309; 
上传
[2018-06-02 13:57:28] trace  /app/index.php?i=1&uniacid=1&t=undefined&v=1.1&m=ewei_shopv2&from=wxapp&c=entry&a=wxapp&do=main&&state=we7sid-4b6956ee56b47cb4a416a7a5bc7b5420&sign=d9bed9be24b6014d9085482f217fc8bb pn=upload; op=order; orderid=6310; 
上传
[2018-06-02 14:06:44] trace  /app/index.php?i=1&uniacid=1&t=undefined&v=1.1&m=ewei_shopv2&from=wxapp&c=entry&a=wxapp&do=main&&state=we7sid-983802e145ea2bf81a3881f99ad7e597&sign=895931c13c9f6269d7aa44bc52e4ad9a pn=upload; op=order; orderid=6311; 
上传
[2018-06-02 14:18:01] trace  /app/index.php?i=1&uniacid=1&t=undefined&v=1.2&m=ewei_shopv2&from=wxapp&c=entry&a=wxapp&do=main&&state=we7sid-5b76fbb2ad24cf833fa0305fe780055c&sign=bf2b2e0492d529acbf9b7008e21fb3af pn=upload; op=order; orderid=6312; 
上传
[2018-06-02 14:19:18] trace  /app/index.php?i=1&uniacid=1&t=undefined&v=1.2&m=ewei_shopv2&from=wxapp&c=entry&a=wxapp&do=main&&state=we7sid-67f5264e4421e40fe49ff38914adf6b0&sign=6bf1254e380770ab3cd5eb078e4ad62d pn=upload; op=order; orderid=6313; 
上传
[2018-06-02 14:34:31] trace  /app/index.php?i=1&uniacid=1&t=undefined&v=1.2&m=ewei_shopv2&from=wxapp&c=entry&a=wxapp&do=main&&state=we7sid-d7e358e79e94f674d95ce73c0020c379&sign=47b53b9f968533015b28519384e31966 op=order; orderid=6314; pn=upload; 
上传
[2018-06-02 14:37:54] trace  /app/index.php?i=1&uniacid=1&t=undefined&v=1.2&m=ewei_shopv2&from=wxapp&c=entry&a=wxapp&do=main&&state=we7sid-24359e451804788c741736bfb01e8cf3&sign=7671a968ed7e3eb0282041208a8f3b80 pn=upload; op=order; orderid=6315; 
上传
[2018-06-02 14:48:04] trace  /app/index.php?i=1&uniacid=1&t=undefined&v=1.2&m=ewei_shopv2&from=wxapp&c=entry&a=wxapp&do=main&&state=we7sid-ad1130b26fe60c25262d9ea55728427a&sign=451c4c1b4b2ed39e6a166d345f83aef8 pn=upload; op=order; orderid=6316; 
上传
[2018-06-02 15:03:19] trace  /app/index.php?i=1&uniacid=1&t=undefined&v=1.2&m=ewei_shopv2&from=wxapp&c=entry&a=wxapp&do=main&&state=we7sid-9ff23b81aae1c263c06648180b2936fd&sign=1f16dac77834e94bf834d37e30574135 pn=upload; op=order; orderid=6317; 
上传
[2018-06-02 15:04:52] trace  /app/index.php?i=1&uniacid=1&t=undefined&v=1.2&m=ewei_shopv2&from=wxapp&c=entry&a=wxapp&do=main&&state=we7sid-89a12927d1f7314ba375cf92d7b411b1&sign=23255672a2d23701cad7961e094a167d pn=upload; op=order; orderid=6318; 
上传
[2018-06-02 15:21:40] trace  /app/index.php?i=1&uniacid=1&t=undefined&v=1.2&m=ewei_shopv2&from=wxapp&c=entry&a=wxapp&do=main&&state=we7sid-24d94028a83e73b686bd9bab7ebdf97e&sign=0acce21b95dd1c066633e2932d33fe70 op=order; pn=upload; orderid=6320; 
上传
[2018-06-02 15:30:42] trace  /app/index.php?i=1&uniacid=1&t=undefined&v=1.2&m=ewei_shopv2&from=wxapp&c=entry&a=wxapp&do=main&&state=we7sid-427008e35d200e3122c83d0c5e183dac&sign=2510ed252c1bec1caf07cd1702684425 op=order; orderid=6321; pn=upload; 
上传
[2018-06-02 15:39:00] trace  /app/index.php?i=1&uniacid=1&t=undefined&v=1.2&m=ewei_shopv2&from=wxapp&c=entry&a=wxapp&do=main&&state=we7sid-cb697b27e3b1754dc95550a900cac89c&sign=4a0fe2538b91da968826b81234ad3a98 pn=upload; op=order; orderid=6322; 
上传
[2018-06-02 16:03:28] trace  /app/index.php?i=1&uniacid=1&t=undefined&v=1.1&m=ewei_shopv2&from=wxapp&c=entry&a=wxapp&do=main&&state=we7sid-b070ef16ec9cb48f380c8a00b56c30ce&sign=c931600876b806e01b6c4443a2a87652 pn=upload; op=order; orderid=6323; 
上传
[2018-06-02 16:12:47] trace  /app/index.php?i=1&uniacid=1&t=undefined&v=1.1&m=ewei_shopv2&from=wxapp&c=entry&a=wxapp&do=main&&state=we7sid-2ffd9188dfd9975b27b7ee722afc0f59&sign=d449b8df86b510af1d965870348d2453 pn=upload; op=order; orderid=6324; 
上传
[2018-06-02 16:28:34] trace  /app/index.php?i=1&uniacid=1&t=undefined&v=1.1&m=ewei_shopv2&from=wxapp&c=entry&a=wxapp&do=main&&state=we7sid-ab9e4d76932bf4c41cbdf5ca7da54214&sign=90d5b3a17883a16b3e3cb231b02ac9fb pn=upload; op=order; orderid=6325; 
上传
[2018-06-02 16:59:01] trace  /app/index.php?i=1&uniacid=1&t=undefined&v=1.1&m=ewei_shopv2&from=wxapp&c=entry&a=wxapp&do=main&&state=we7sid-00028903316eb0bf0f4f56ab249419b9&sign=17bafc08a897a4059375f8e4c3c256f5 pn=upload; op=order; orderid=6326; 
上传
[2018-06-02 16:59:25] trace  /app/index.php?i=1&uniacid=1&t=undefined&v=1.1&m=ewei_shopv2&from=wxapp&c=entry&a=wxapp&do=main&&state=we7sid-5bcd8a31bd158df176ff54dd3204bd7f&sign=244101f6b13ffd671927841126d5f716 pn=upload; op=order; orderid=6327; 
上传
[2018-06-02 17:01:09] trace  /app/index.php?i=1&uniacid=1&t=undefined&v=1.1&m=ewei_shopv2&from=wxapp&c=entry&a=wxapp&do=main&&state=we7sid-b1b4c007d350361bb11656125eb7870f&sign=930eae494dc4f0d12d690cf4f841531f pn=upload; op=order; orderid=6328; 
上传
[2018-06-02 17:05:33] trace  /app/index.php?i=1&uniacid=1&t=undefined&v=1.1&m=ewei_shopv2&from=wxapp&c=entry&a=wxapp&do=main&&state=we7sid-55dd4a59dadfc5a3d5f215a9d654d278&sign=ffcc2951001b6d7dfd1b47d9d03baf07 pn=upload; op=order; orderid=6329; 
上传
[2018-06-02 17:12:30] trace  /app/index.php?i=1&uniacid=1&t=undefined&v=1.1&m=ewei_shopv2&from=wxapp&c=entry&a=wxapp&do=main&&state=we7sid-ab9e4d76932bf4c41cbdf5ca7da54214&sign=90d5b3a17883a16b3e3cb231b02ac9fb pn=upload; op=order; orderid=6330; 
上传
[2018-06-02 17:13:29] trace  /app/index.php?i=1&uniacid=1&t=undefined&v=1.3&m=ewei_shopv2&from=wxapp&c=entry&a=wxapp&do=main&&state=we7sid-b0434754e33a21465b31d388c3e2f233&sign=51a4c54e39c1b89036e887cee78b3535 pn=upload; op=order; orderid=6331; 
上传
[2018-06-02 17:16:34] trace  /app/index.php?i=1&uniacid=1&t=undefined&v=1.3&m=ewei_shopv2&from=wxapp&c=entry&a=wxapp&do=main&&state=we7sid-326b0a8e7def798cd4aec861b5259d2a&sign=4b7cfd52401f77b1fcaf9ad16a750b22 pn=upload; op=order; orderid=6332; 
上传
[2018-06-02 17:17:12] trace  /app/index.php?i=1&uniacid=1&t=undefined&v=1.3&m=ewei_shopv2&from=wxapp&c=entry&a=wxapp&do=main&&state=we7sid-d9dc500e13e82f61a1f5e963f3f6ad46&sign=bbe1cbee3a412693b064301647b866bd pn=upload; op=order; orderid=6333; 
上传
[2018-06-02 17:17:24] trace  /app/index.php?i=1&uniacid=1&t=undefined&v=1.3&m=ewei_shopv2&from=wxapp&c=entry&a=wxapp&do=main&&state=we7sid-4637a5c457210febea64e9e80531cac5&sign=d4f1b1ca839321ecc5f5273db23841e3 op=order; orderid=6334; pn=upload; 
上传
[2018-06-02 17:17:47] trace  /app/index.php?i=1&uniacid=1&t=undefined&v=1.3&m=ewei_shopv2&from=wxapp&c=entry&a=wxapp&do=main&&state=we7sid-00b62812e8eba0feb1b713d080f712e4&sign=8ec7793aab33a5ed7a08bb0e581b5825 pn=upload; op=order; orderid=6335; 
上传
[2018-06-02 17:20:17] trace  /app/index.php?i=1&uniacid=1&t=undefined&v=1.3&m=ewei_shopv2&from=wxapp&c=entry&a=wxapp&do=main&&state=we7sid-ae866d4d6bfe1922986e70b2dc32881d&sign=713178a39e7744110cd9511248c65371 pn=upload; op=order; orderid=6337; 
上传
[2018-06-02 17:21:15] trace  /app/index.php?i=1&uniacid=1&t=undefined&v=1.3&m=ewei_shopv2&from=wxapp&c=entry&a=wxapp&do=main&&state=we7sid-1384099bb100c74a1962b16788cdf98e&sign=09979fe17bc781e7fe5a26f0be922bd5 pn=upload; op=order; orderid=6341; 
上传
[2018-06-02 17:21:17] trace  /app/index.php?i=1&uniacid=1&t=undefined&v=1.3&m=ewei_shopv2&from=wxapp&c=entry&a=wxapp&do=main&&state=we7sid-f2fe3a7bea4254d9854abd66f3ff624e&sign=e5635fc64ccca2e6fb9fa0022409384c pn=upload; op=order; orderid=6342; 
上传
[2018-06-02 17:21:50] trace  /app/index.php?i=1&uniacid=1&t=undefined&v=1.3&m=ewei_shopv2&from=wxapp&c=entry&a=wxapp&do=main&&state=we7sid-3ce2243c0ba6f542258cacc467939cfd&sign=34f3e3b9a0c140ede73620d74f05f966 pn=upload; op=order; orderid=6343; 
上传
[2018-06-02 17:24:35] trace  /app/index.php?i=1&uniacid=1&t=undefined&v=1.3&m=ewei_shopv2&from=wxapp&c=entry&a=wxapp&do=main&&state=we7sid-ddeddef0afc18001cc203fdf1b17b80a&sign=998e532ebe26e380cab885a802df0c56 op=order; pn=upload; orderid=6344; 
上传
[2018-06-02 17:24:45] trace  /app/index.php?i=1&uniacid=1&t=undefined&v=1.3&m=ewei_shopv2&from=wxapp&c=entry&a=wxapp&do=main&&state=we7sid-b27ae8bf815cc8ba705a2da334b87ce4&sign=df1956f5f6197afc9f6734e3877dbf5a pn=upload; op=order; orderid=6345; 
上传
[2018-06-02 17:24:45] trace  /app/index.php?i=1&uniacid=1&t=undefined&v=1.3&m=ewei_shopv2&from=wxapp&c=entry&a=wxapp&do=main&&state=we7sid-b27ac36cddac3682a4b81b6999de22c8&sign=cfb5f355c624be4ef486734bf18293d6 pn=upload; op=order; orderid=6346; 
上传
[2018-06-02 17:25:03] trace  /app/index.php?i=1&uniacid=1&t=undefined&v=1.3&m=ewei_shopv2&from=wxapp&c=entry&a=wxapp&do=main&&state=we7sid-38f40e801891dc9875a4d8533471bdc3&sign=35ed6d7a5d806ff54c98fb43900f286c pn=upload; op=order; orderid=6347; 
上传
[2018-06-02 17:26:32] trace  /app/index.php?i=1&uniacid=1&t=undefined&v=1.3&m=ewei_shopv2&from=wxapp&c=entry&a=wxapp&do=main&&state=we7sid-916b100c18a78e09972b030dcce1a25e&sign=254d154b8f1c6deeb96c2ee4a35bbd22 pn=upload; op=order; orderid=6348; 
上传
[2018-06-02 17:26:39] trace  /app/index.php?i=1&uniacid=1&t=undefined&v=1.3&m=ewei_shopv2&from=wxapp&c=entry&a=wxapp&do=main&&state=we7sid-916b100c18a78e09972b030dcce1a25e&sign=254d154b8f1c6deeb96c2ee4a35bbd22 pn=upload; op=order; orderid=6349; 
上传
[2018-06-02 17:26:43] trace  /app/index.php?i=1&uniacid=1&t=undefined&v=1.3&m=ewei_shopv2&from=wxapp&c=entry&a=wxapp&do=main&&state=we7sid-be7a654c2d5d43f6cfda7c2d96a11e05&sign=eb8d2cf8fc88ed3c6864838b5e690b48 pn=upload; op=order; orderid=6350; 
上传
[2018-06-02 17:26:48] trace  /app/index.php?i=1&uniacid=1&t=undefined&v=1.3&m=ewei_shopv2&from=wxapp&c=entry&a=wxapp&do=main&&state=we7sid-17accc66991384f82d9d45a83a7eb22a&sign=649a5cd612d6573b40ad31e93587a553 pn=upload; op=order; orderid=6351; 
上传
[2018-06-02 17:27:03] trace  /app/index.php?i=1&uniacid=1&t=undefined&v=1.3&m=ewei_shopv2&from=wxapp&c=entry&a=wxapp&do=main&&state=we7sid-17accc66991384f82d9d45a83a7eb22a&sign=649a5cd612d6573b40ad31e93587a553 pn=upload; op=order; orderid=6352; 
上传
[2018-06-02 17:28:03] trace  /app/index.php?i=1&uniacid=1&t=undefined&v=1.1&m=ewei_shopv2&from=wxapp&c=entry&a=wxapp&do=main&&state=we7sid-28de506cbcc6730e887d243780dc1981&sign=414899644c65b2253e7eb88d3a23446a op=order; orderid=6353; pn=upload; 
上传
[2018-06-02 17:28:22] trace  /app/index.php?i=1&uniacid=1&t=undefined&v=1.3&m=ewei_shopv2&from=wxapp&c=entry&a=wxapp&do=main&&state=we7sid-17accc66991384f82d9d45a83a7eb22a&sign=649a5cd612d6573b40ad31e93587a553 pn=upload; op=order; orderid=6354; 
上传
[2018-06-02 17:28:56] trace  /app/index.php?i=1&uniacid=1&t=undefined&v=1.3&m=ewei_shopv2&from=wxapp&c=entry&a=wxapp&do=main&&state=we7sid-f16e4ade5e04a14b4d2b216b69610cdf&sign=bd9ec8e3ca0d47d0e578badf03c0b5a1 pn=upload; op=order; orderid=6355; 
上传
[2018-06-02 17:30:13] trace  /app/index.php?i=1&uniacid=1&t=undefined&v=1.3&m=ewei_shopv2&from=wxapp&c=entry&a=wxapp&do=main&&state=we7sid-930198f090eb958e3ed4324092726ab9&sign=f3103d6fe7afefc7511bff246f022f2e pn=upload; op=order; orderid=6356; 
上传
[2018-06-02 17:30:57] trace  /app/index.php?i=1&uniacid=1&t=undefined&v=1.3&m=ewei_shopv2&from=wxapp&c=entry&a=wxapp&do=main&&state=we7sid-08d7bc75978572daa0376122e3f3767c&sign=9f7344d3203fcd302fa68a86e70749ee pn=upload; op=order; orderid=6357; 
上传
[2018-06-02 17:31:46] trace  /app/index.php?i=1&uniacid=1&t=undefined&v=1.3&m=ewei_shopv2&from=wxapp&c=entry&a=wxapp&do=main&&state=we7sid-669e23767fff64f3881686650af80a8e&sign=0ae111808894fe26f0cec22c8273f240 pn=upload; op=order; orderid=6358; 
上传
[2018-06-02 17:31:54] trace  /app/index.php?i=1&uniacid=1&t=undefined&v=1.3&m=ewei_shopv2&from=wxapp&c=entry&a=wxapp&do=main&&state=we7sid-17accc66991384f82d9d45a83a7eb22a&sign=649a5cd612d6573b40ad31e93587a553 pn=upload; op=order; orderid=6359; 
上传
[2018-06-02 17:32:23] trace  /app/index.php?i=1&uniacid=1&t=undefined&v=1.3&m=ewei_shopv2&from=wxapp&c=entry&a=wxapp&do=main&&state=we7sid-b0c5a61c2bebe750df58ceb739c16c32&sign=8888a9128b12b2476855fafda14ae57d pn=upload; op=order; orderid=6360; 
上传
[2018-06-02 17:34:49] trace  /app/index.php?i=1&uniacid=1&t=undefined&v=1.3&m=ewei_shopv2&from=wxapp&c=entry&a=wxapp&do=main&&state=we7sid-d78c055f3893fa4420d37bfba07b54bb&sign=f81cf961496c7445106b84d743e89498 pn=upload; op=order; orderid=6361; 
上传
[2018-06-02 17:36:32] trace  /app/index.php?i=1&uniacid=1&t=undefined&v=1.3&m=ewei_shopv2&from=wxapp&c=entry&a=wxapp&do=main&&state=we7sid-9a3933d48713d1a47fc8e7e31fb93061&sign=253f41dfd86018a648a50e06d88d3792 pn=upload; op=order; orderid=6362; 
上传
[2018-06-02 17:37:04] trace  /app/index.php?i=1&uniacid=1&t=undefined&v=1.3&m=ewei_shopv2&from=wxapp&c=entry&a=wxapp&do=main&&state=we7sid-2bedd878fd966e48536631331326d9bd&sign=19f06778380f329c25e87c27935fe4a2 pn=upload; op=order; orderid=6363; 
上传
[2018-06-02 17:41:53] trace  /app/index.php?i=1&uniacid=1&t=undefined&v=1.3&m=ewei_shopv2&from=wxapp&c=entry&a=wxapp&do=main&&state=we7sid-c850d4fb532ee979e48398684af03a91&sign=2aefc2cdef93e9a0350d13020296f652 pn=upload; op=order; orderid=6364; 
上传
[2018-06-02 17:41:59] trace  /app/index.php?i=1&uniacid=1&t=undefined&v=1.3&m=ewei_shopv2&from=wxapp&c=entry&a=wxapp&do=main&&state=we7sid-2c94616e3af2fc091d169dbbc187e452&sign=7ffb925083fdc09cf818b19473ac837f pn=upload; op=order; orderid=6365; 
上传
[2018-06-02 17:42:25] trace  /app/index.php?i=1&uniacid=1&t=undefined&v=1.3&m=ewei_shopv2&from=wxapp&c=entry&a=wxapp&do=main&&state=we7sid-916b100c18a78e09972b030dcce1a25e&sign=254d154b8f1c6deeb96c2ee4a35bbd22 pn=upload; op=order; orderid=6366; 
上传
[2018-06-02 17:42:30] trace  /app/index.php?i=1&uniacid=1&t=undefined&v=1.3&m=ewei_shopv2&from=wxapp&c=entry&a=wxapp&do=main&&state=we7sid-e0a5a83902f8713667a7de27e47977f7&sign=84c31dae67b098da65582cf171c736a2 pn=upload; op=order; orderid=6367; 
上传
[2018-06-02 17:44:12] trace  /app/index.php?i=1&uniacid=1&t=undefined&v=1.2&m=ewei_shopv2&from=wxapp&c=entry&a=wxapp&do=main&&state=we7sid-206d771dfde54353651a15c5222da644&sign=0947108309bebf03d38c74fb69702875 pn=upload; op=order; orderid=6368; 
上传
[2018-06-02 17:44:28] trace  /app/index.php?i=1&uniacid=1&t=undefined&v=1.3&m=ewei_shopv2&from=wxapp&c=entry&a=wxapp&do=main&&state=we7sid-3f1af4dcd96b794af3f0919f3dc89abd&sign=16a9331a10fc05ed2b63abb647e09a79 pn=upload; op=order; orderid=6369; 
上传
[2018-06-02 17:44:38] trace  /app/index.php?i=1&uniacid=1&t=undefined&v=1.3&m=ewei_shopv2&from=wxapp&c=entry&a=wxapp&do=main&&state=we7sid-bdb358d0c88a168a46f7e959ea902189&sign=5cef8a1e0cf04198b8edce3664905589 pn=upload; op=order; orderid=6370; 
上传
[2018-06-02 17:48:40] trace  /app/index.php?i=1&uniacid=1&t=undefined&v=1.3&m=ewei_shopv2&from=wxapp&c=entry&a=wxapp&do=main&&state=we7sid-21a36d3024c805eefe6e2249402f0cfb&sign=d3212bdb6a2063a804c95c9560f4e9aa pn=upload; op=order; orderid=6371; 
上传
[2018-06-02 17:48:50] trace  /app/index.php?i=1&uniacid=1&t=undefined&v=1.3&m=ewei_shopv2&from=wxapp&c=entry&a=wxapp&do=main&&state=we7sid-e669d74b230306beebbca88531508a6a&sign=cfbcc82f5e9e13deb0f407d64629d59c pn=upload; op=order; orderid=6372; 
上传
[2018-06-02 17:50:53] trace  /app/index.php?i=1&uniacid=1&t=undefined&v=1.3&m=ewei_shopv2&from=wxapp&c=entry&a=wxapp&do=main&&state=we7sid-27d0f6435742e43c74e2931b7307a214&sign=0f07d327e9e486e2abba887a8b6e0d25 pn=upload; op=order; orderid=6373; 
上传
[2018-06-02 17:51:02] trace  /app/index.php?i=1&uniacid=1&t=undefined&v=1.3&m=ewei_shopv2&from=wxapp&c=entry&a=wxapp&do=main&&state=we7sid-27d0f6435742e43c74e2931b7307a214&sign=0f07d327e9e486e2abba887a8b6e0d25 pn=upload; op=order; orderid=6374; 
上传
[2018-06-02 17:52:48] trace  /app/index.php?i=1&uniacid=1&t=undefined&v=1.1&m=ewei_shopv2&from=wxapp&c=entry&a=wxapp&do=main&&state=we7sid-980e6c1fb6f7a7c0baa0643839225f35&sign=df524d4e6b609ca6d49b4b679ecc3064 op=order; orderid=6375; pn=upload; 
上传
[2018-06-02 17:54:09] trace  /app/index.php?i=1&uniacid=1&t=undefined&v=1.3&m=ewei_shopv2&from=wxapp&c=entry&a=wxapp&do=main&&state=we7sid-91f174330b1b5fc7ff42e3026827184d&sign=332a3de5cc0869cdbbc67f2f429320fb pn=upload; op=order; orderid=6376; 
上传
[2018-06-02 17:54:53] trace  /app/index.php?i=1&uniacid=1&t=undefined&v=1.3&m=ewei_shopv2&from=wxapp&c=entry&a=wxapp&do=main&&state=we7sid-ab3cc8999bb1df200a3e1cad9c5d2e1d&sign=19da5b49695fdfb39976ba6c9fcaa3c1 pn=upload; op=order; orderid=6377; 
上传
[2018-06-02 17:55:53] trace  /app/index.php?i=1&uniacid=1&t=undefined&v=1.3&m=ewei_shopv2&from=wxapp&c=entry&a=wxapp&do=main&&state=we7sid-49f9a76158e1e89fc9bf990340da402b&sign=09658728ccd41115fa714bd6d18976ee pn=upload; op=order; orderid=6378; 
上传
[2018-06-02 17:56:11] trace  /app/index.php?i=1&uniacid=1&t=undefined&v=1.3&m=ewei_shopv2&from=wxapp&c=entry&a=wxapp&do=main&&state=we7sid-a49c27e9fd8eb4ba50b9b1d4abf2f9ee&sign=a0d7af76a519b644e22d38ec02f5d113 pn=upload; op=order; orderid=6379; 
上传
[2018-06-02 17:56:42] trace  /app/index.php?i=1&uniacid=1&t=undefined&v=1.3&m=ewei_shopv2&from=wxapp&c=entry&a=wxapp&do=main&&state=we7sid-bd60bd088f88c123df8fe30adda7216b&sign=c5c929637a424881e9271572e04b0e50 pn=upload; op=order; orderid=6380; 
上传
[2018-06-02 18:03:46] trace  /app/index.php?i=1&uniacid=1&t=undefined&v=1.3&m=ewei_shopv2&from=wxapp&c=entry&a=wxapp&do=main&&state=we7sid-cebccc43a21e29aac716b8bbd2d98baf&sign=a5f93202da757d0f594608e14e042fd0 pn=upload; op=order; orderid=6381; 
上传
[2018-06-02 18:07:03] trace  /app/index.php?i=1&uniacid=1&t=undefined&v=1.3&m=ewei_shopv2&from=wxapp&c=entry&a=wxapp&do=main&&state=we7sid-0492b8ad3ecedcadd52ed05de2f980bf&sign=18f3cc9ec0cface16a932dabd683ef92 pn=upload; op=order; orderid=6382; 
上传
[2018-06-02 18:08:50] trace  /app/index.php?i=1&uniacid=1&t=undefined&v=1.3&m=ewei_shopv2&from=wxapp&c=entry&a=wxapp&do=main&&state=we7sid-0492b8ad3ecedcadd52ed05de2f980bf&sign=18f3cc9ec0cface16a932dabd683ef92 pn=upload; op=order; orderid=6383; 
上传
[2018-06-02 18:11:42] trace  /app/index.php?i=1&uniacid=1&t=undefined&v=1.2&m=ewei_shopv2&from=wxapp&c=entry&a=wxapp&do=main&&state=we7sid-6c85500ddeae050babf64bd734e055e1&sign=7e952b1e293db4a8fa52990e7016c198 op=order; pn=upload; orderid=6384; 
上传
[2018-06-02 18:13:41] trace  /app/index.php?i=1&uniacid=1&t=undefined&v=1.3&m=ewei_shopv2&from=wxapp&c=entry&a=wxapp&do=main&&state=we7sid-12c9415346360c489aa4c6770cd053c0&sign=6b90918080449efd20c7310c8d136e4b pn=upload; op=order; orderid=6385; 
上传
[2018-06-02 18:13:48] trace  /app/index.php?i=1&uniacid=1&t=undefined&v=1.3&m=ewei_shopv2&from=wxapp&c=entry&a=wxapp&do=main&&state=we7sid-78b43754e798c73de4773b1ae9c8b057&sign=3ba96c3e46fae44d1cf74d5d1eaed4d9 pn=upload; op=order; orderid=6386; 
上传
[2018-06-02 18:17:27] trace  /app/index.php?i=1&uniacid=1&t=undefined&v=1.3&m=ewei_shopv2&from=wxapp&c=entry&a=wxapp&do=main&&state=we7sid-47d6e984d05995ef6e38b88b3f8bdc21&sign=4955cb1938cdba8e5a06b0c06f0574d9 pn=upload; op=order; orderid=6387; 
上传
[2018-06-02 18:20:04] trace  /app/index.php?i=1&uniacid=1&t=undefined&v=1.3&m=ewei_shopv2&from=wxapp&c=entry&a=wxapp&do=main&&state=we7sid-0219da7ffb5325b9f0636ebde25c8704&sign=b956d04e354900847fdfa48fa3d126d6 pn=upload; op=order; orderid=6388; 
上传
[2018-06-02 18:23:43] trace  /app/index.php?i=1&uniacid=1&t=undefined&v=1.3&m=ewei_shopv2&from=wxapp&c=entry&a=wxapp&do=main&&state=we7sid-86fb01862d3f6952ead522a9e4f6a029&sign=2aa1c8d1c38faae1d03d81d014fe1887 pn=upload; op=order; orderid=6390; 
上传
[2018-06-02 18:25:01] trace  /app/index.php?i=1&uniacid=1&t=undefined&v=1.3&m=ewei_shopv2&from=wxapp&c=entry&a=wxapp&do=main&&state=we7sid-86fb01862d3f6952ead522a9e4f6a029&sign=2aa1c8d1c38faae1d03d81d014fe1887 pn=upload; op=order; orderid=6391; 
上传
[2018-06-02 18:27:34] trace  /app/index.php?i=1&uniacid=1&t=undefined&v=1.3&m=ewei_shopv2&from=wxapp&c=entry&a=wxapp&do=main&&state=we7sid-8d93bf9b95f93b424f479a1be69f2b98&sign=21cde6c708cb89bf2de22d61e04d9be5 pn=upload; op=order; orderid=6392; 
上传
[2018-06-02 18:30:01] trace  /app/index.php?i=1&uniacid=1&t=undefined&v=1.3&m=ewei_shopv2&from=wxapp&c=entry&a=wxapp&do=main&&state=we7sid-092803f69b0e7182d5eb389cd55aa9cf&sign=c3c2a68dfca90c70abc255a69ad5873f op=order; orderid=6393; pn=upload; 
上传
[2018-06-02 18:37:43] trace  /app/index.php?i=1&uniacid=1&t=undefined&v=1.3&m=ewei_shopv2&from=wxapp&c=entry&a=wxapp&do=main&&state=we7sid-bc3b256a5151518041aebd523956e6a6&sign=1b3a94b3cf214b60ae7649f5a7ed2c4f pn=upload; op=order; orderid=6394; 
上传
[2018-06-02 18:53:15] trace  /app/index.php?i=1&uniacid=1&t=undefined&v=1.3&m=ewei_shopv2&from=wxapp&c=entry&a=wxapp&do=main&&state=we7sid-3f07c23fc36e699df97f9249a3d9844d&sign=a0d96de73afbc7c542ee814bc9eeb4c3 pn=upload; op=order; orderid=6395; 
上传
[2018-06-02 18:58:57] trace  /app/index.php?i=1&uniacid=1&t=undefined&v=1.3&m=ewei_shopv2&from=wxapp&c=entry&a=wxapp&do=main&&state=we7sid-e8fb7bd8e9d5ada3feaee1e6cde07d21&sign=6a50de61aa83cc5f95e53d07b2bf042c pn=upload; op=order; orderid=6396; 
上传
[2018-06-02 18:59:40] trace  /app/index.php?i=1&uniacid=1&t=undefined&v=1.3&m=ewei_shopv2&from=wxapp&c=entry&a=wxapp&do=main&&state=we7sid-0c56c8e4060e72f135930ad02cfd89fc&sign=eead1ca43bad225a8800dbd57d15593f pn=upload; op=order; orderid=6397; 
上传
[2018-06-02 19:00:12] trace  /app/index.php?i=1&uniacid=1&t=undefined&v=1.3&m=ewei_shopv2&from=wxapp&c=entry&a=wxapp&do=main&&state=we7sid-5c62092d298acd3d052a7d1811fc3d76&sign=2213f9f0a01e12965d6f3e840091dd93 pn=upload; op=order; orderid=6398; 
上传
[2018-06-02 19:22:43] trace  /app/index.php?i=1&uniacid=1&t=undefined&v=1.3&m=ewei_shopv2&from=wxapp&c=entry&a=wxapp&do=main&&state=we7sid-692fb192ef563624023c39eabe997daf&sign=297ae3934cc8a60247aeaaa54432aec5 pn=upload; op=order; orderid=6399; 
上传
[2018-06-02 19:24:56] trace  /app/index.php?i=1&uniacid=1&t=undefined&v=1.3&m=ewei_shopv2&from=wxapp&c=entry&a=wxapp&do=main&&state=we7sid-4e6b4bc04547a9c193e9388950c2cf48&sign=0a1ea91987f198b5c41f5af019d86ed6 pn=upload; op=order; orderid=6400; 
上传
[2018-06-02 19:27:24] trace  /app/index.php?i=1&uniacid=1&t=undefined&v=1.3&m=ewei_shopv2&from=wxapp&c=entry&a=wxapp&do=main&&state=we7sid-ea6b7ed83ee5e53e5c84e880f33830a6&sign=d5e3f4a5e94e62bc70f49e2d149df7cb op=order; orderid=6401; pn=upload; 
上传
[2018-06-02 19:31:11] trace  /app/index.php?i=1&uniacid=1&t=undefined&v=1.3&m=ewei_shopv2&from=wxapp&c=entry&a=wxapp&do=main&&state=we7sid-ac56c1cbeceeaaa248f286d659120af8&sign=2928195a0fd6ea9c3c6ce1469a121d5b pn=upload; op=order; orderid=6402; 
上传
[2018-06-02 19:40:14] trace  /app/index.php?i=1&uniacid=1&t=undefined&v=1.3&m=ewei_shopv2&from=wxapp&c=entry&a=wxapp&do=main&&state=we7sid-fa699319370cf886cec30518ed818d4d&sign=92f805951f19115be1ffbe6757922f48 pn=upload; op=order; orderid=6403; 
上传
[2018-06-02 19:43:34] trace  /app/index.php?i=1&uniacid=1&t=undefined&v=1.3&m=ewei_shopv2&from=wxapp&c=entry&a=wxapp&do=main&&state=we7sid-74c3e34c74ff03122e27397bc57c10b7&sign=d13569ee93d03a595ffbc59912b2f5e1 pn=upload; op=order; orderid=6404; 
上传
[2018-06-02 19:44:23] trace  /app/index.php?i=1&uniacid=1&t=undefined&v=1.3&m=ewei_shopv2&from=wxapp&c=entry&a=wxapp&do=main&&state=we7sid-0bc366a5443a7625242829f7fa425a8f&sign=15b6de1a8d5b6a4a299cbe69d82acddf pn=upload; op=order; orderid=6405; 
上传
[2018-06-02 19:44:28] trace  /app/index.php?i=1&uniacid=1&t=undefined&v=1.3&m=ewei_shopv2&from=wxapp&c=entry&a=wxapp&do=main&&state=we7sid-74c3e34c74ff03122e27397bc57c10b7&sign=d13569ee93d03a595ffbc59912b2f5e1 pn=upload; op=order; orderid=6406; 
上传
[2018-06-02 19:45:56] trace  /app/index.php?i=1&uniacid=1&t=undefined&v=1.3&m=ewei_shopv2&from=wxapp&c=entry&a=wxapp&do=main&&state=we7sid-7bdae0a9b3e66079c44f5b33bfa4b516&sign=dba76fe50587cdac9c6c3b9b2ad496ae pn=upload; op=order; orderid=6407; 
上传
[2018-06-02 19:59:39] trace  /app/index.php?i=1&uniacid=1&t=undefined&v=1.3&m=ewei_shopv2&from=wxapp&c=entry&a=wxapp&do=main&&state=we7sid-a5f59035f32ae25715ff1cfb16c6c957&sign=727d5c82ba50c2a0bc06fd68d097f329 pn=upload; op=order; orderid=6408; 
上传
[2018-06-02 19:59:40] trace  /app/index.php?i=1&uniacid=1&t=undefined&v=1.3&m=ewei_shopv2&from=wxapp&c=entry&a=wxapp&do=main&&state=we7sid-03015ad8a36225c52b99b387ab89132a&sign=3ad7b9db3b61f30ad364a653fa04d41a pn=upload; op=order; orderid=6409; 
上传
[2018-06-02 20:05:27] trace  /app/index.php?i=1&uniacid=1&t=undefined&v=1.3&m=ewei_shopv2&from=wxapp&c=entry&a=wxapp&do=main&&state=we7sid-b629346babd9da6c9e05349001b4d69c&sign=278f329209141edad32d7b480870b6b6 pn=upload; op=order; orderid=6410; 
上传
[2018-06-02 20:05:52] trace  /app/index.php?i=1&uniacid=1&t=undefined&v=1.3&m=ewei_shopv2&from=wxapp&c=entry&a=wxapp&do=main&&state=we7sid-01fc99a79759077ceb4667d94ef063d5&sign=d77a3028bfa1b601c5bfc5e964545d23 pn=upload; op=order; orderid=6411; 
上传
[2018-06-02 20:09:39] trace  /app/index.php?i=1&uniacid=1&t=undefined&v=1.3&m=ewei_shopv2&from=wxapp&c=entry&a=wxapp&do=main&&state=we7sid-61982b9ae6732b3888ca5777fd15e1a7&sign=a0ee7f99dfd6277803d0207e874f9925 pn=upload; op=order; orderid=6412; 
上传
[2018-06-02 20:15:33] trace  /app/index.php?i=1&uniacid=1&t=undefined&v=1.3&m=ewei_shopv2&from=wxapp&c=entry&a=wxapp&do=main&&state=we7sid-b629346babd9da6c9e05349001b4d69c&sign=278f329209141edad32d7b480870b6b6 pn=upload; op=order; orderid=6413; 
上传
[2018-06-02 20:16:33] trace  /app/index.php?i=1&uniacid=1&t=undefined&v=1.3&m=ewei_shopv2&from=wxapp&c=entry&a=wxapp&do=main&&state=we7sid-ad10a0305aec23a45ed07a1374617b70&sign=2bac6b66a39e07bef4bc3137873c1ea1 pn=upload; op=order; orderid=6414; 
上传
[2018-06-02 20:18:25] trace  /app/index.php?i=1&uniacid=1&t=undefined&v=1.3&m=ewei_shopv2&from=wxapp&c=entry&a=wxapp&do=main&&state=we7sid-f622e5466b474626459422c7960a7903&sign=13726cbba1ad4740976401d4afa36681 pn=upload; op=order; orderid=6415; 
上传
[2018-06-02 20:18:41] trace  /app/index.php?i=1&uniacid=1&t=undefined&v=1.3&m=ewei_shopv2&from=wxapp&c=entry&a=wxapp&do=main&&state=we7sid-4bf0f022601cb4d272b51a3172bd1d38&sign=17bff9afbdddf8b24c1dbdf84a3aae30 pn=upload; op=order; orderid=6416; 
上传
[2018-06-02 20:23:41] trace  /app/index.php?i=1&uniacid=1&t=undefined&v=1.3&m=ewei_shopv2&from=wxapp&c=entry&a=wxapp&do=main&&state=we7sid-95981e119c2e1480033747ed7a02e079&sign=9abadcf88e0ebad708d53ff37d2a10ce pn=upload; op=order; orderid=6417; 
上传
[2018-06-02 20:23:51] trace  /app/index.php?i=1&uniacid=1&t=undefined&v=1.3&m=ewei_shopv2&from=wxapp&c=entry&a=wxapp&do=main&&state=we7sid-95981e119c2e1480033747ed7a02e079&sign=9abadcf88e0ebad708d53ff37d2a10ce pn=upload; op=order; orderid=6418; 
上传
[2018-06-02 20:33:00] trace  /app/index.php?i=1&uniacid=1&t=undefined&v=1.3&m=ewei_shopv2&from=wxapp&c=entry&a=wxapp&do=main&&state=we7sid-5a607aa97725acc9932fa1bdbc25103b&sign=568b2f5eff6289e408821c0a909d3b05 pn=upload; op=order; orderid=6419; 
上传
[2018-06-02 20:36:19] trace  /app/index.php?i=1&uniacid=1&t=undefined&v=1.3&m=ewei_shopv2&from=wxapp&c=entry&a=wxapp&do=main&&state=we7sid-d83b5dfebd3a9cd95a7f7665bc8e58e4&sign=d7217ef891bbf64f10b95d69ab2877ef pn=upload; op=order; orderid=6420; 
上传
[2018-06-02 20:39:30] trace  /app/index.php?i=1&uniacid=1&t=undefined&v=1.3&m=ewei_shopv2&from=wxapp&c=entry&a=wxapp&do=main&&state=we7sid-67931fe6b4253f61e13c2d6b29503f6a&sign=9ae51229a40301c37e1675479f8ca98b pn=upload; op=order; orderid=6421; 
上传
[2018-06-02 20:40:23] trace  /app/index.php?i=1&uniacid=1&t=undefined&v=1.3&m=ewei_shopv2&from=wxapp&c=entry&a=wxapp&do=main&&state=we7sid-67931fe6b4253f61e13c2d6b29503f6a&sign=9ae51229a40301c37e1675479f8ca98b pn=upload; op=order; orderid=6422; 
上传
[2018-06-02 20:57:34] trace  /app/index.php?i=1&uniacid=1&t=undefined&v=1.3&m=ewei_shopv2&from=wxapp&c=entry&a=wxapp&do=main&&state=we7sid-0623657d1d425b10e5b0c4fa32e2ece4&sign=e2657e7e33ba6a142c848debd04b7c28 pn=upload; op=order; orderid=6423; 
上传
[2018-06-02 21:02:12] trace  /app/index.php?i=1&uniacid=1&t=undefined&v=1.3&m=ewei_shopv2&from=wxapp&c=entry&a=wxapp&do=main&&state=we7sid-6c39ba5ad9b93c590394d2ae65ba8291&sign=b52500d55184a69165c38d9be5255287 pn=upload; op=order; orderid=6424; 
上传
[2018-06-02 21:07:01] trace  /app/index.php?i=1&uniacid=1&t=undefined&v=1.3&m=ewei_shopv2&from=wxapp&c=entry&a=wxapp&do=main&&state=we7sid-cf59f55bad41356a1a3e8b0542d24402&sign=7eb756543804a65ddf286db35d22413f pn=upload; op=order; orderid=6425; 
上传
[2018-06-02 21:09:15] trace  /app/index.php?i=1&uniacid=1&t=undefined&v=1.3&m=ewei_shopv2&from=wxapp&c=entry&a=wxapp&do=main&&state=we7sid-cf59f55bad41356a1a3e8b0542d24402&sign=7eb756543804a65ddf286db35d22413f pn=upload; op=order; orderid=6426; 
上传
[2018-06-02 21:11:20] trace  /app/index.php?i=1&uniacid=1&t=undefined&v=1.3&m=ewei_shopv2&from=wxapp&c=entry&a=wxapp&do=main&&state=we7sid-ae514c76913d165369db5e85c412335c&sign=15d94f788dc600120dab9fb0a3ef365d pn=upload; op=order; orderid=6427; 
上传
[2018-06-02 21:14:58] trace  /app/index.php?i=1&uniacid=1&t=undefined&v=1.3&m=ewei_shopv2&from=wxapp&c=entry&a=wxapp&do=main&&state=we7sid-0d74412badb22851541e5a38afbe328a&sign=56f90c71c8d06f992d1b46bd9445fb64 pn=upload; op=order; orderid=6428; 
上传
[2018-06-02 21:17:35] trace  /app/index.php?i=1&uniacid=1&t=undefined&v=1.3&m=ewei_shopv2&from=wxapp&c=entry&a=wxapp&do=main&&state=we7sid-5815ab74ee7989305439381e4dada465&sign=0dcb8b9a6d3dfd02aa29a465ff26e398 pn=upload; op=order; orderid=6429; 
上传
[2018-06-02 21:18:00] trace  /app/index.php?i=1&uniacid=1&t=undefined&v=1.3&m=ewei_shopv2&from=wxapp&c=entry&a=wxapp&do=main&&state=we7sid-5815ab74ee7989305439381e4dada465&sign=0dcb8b9a6d3dfd02aa29a465ff26e398 pn=upload; op=order; orderid=6430; 
上传
[2018-06-02 21:18:00] trace  /app/index.php?i=1&uniacid=1&t=undefined&v=1.3&m=ewei_shopv2&from=wxapp&c=entry&a=wxapp&do=main&&state=we7sid-5815ab74ee7989305439381e4dada465&sign=0dcb8b9a6d3dfd02aa29a465ff26e398 pn=upload; op=order; orderid=6431; 
上传
[2018-06-02 21:20:44] trace  /app/index.php?i=1&uniacid=1&t=undefined&v=1.3&m=ewei_shopv2&from=wxapp&c=entry&a=wxapp&do=main&&state=we7sid-cebe86a0912b50b43db1e33c31369b48&sign=977390db2cb642e46e9df89812ed730b op=order; orderid=6432; pn=upload; 
上传
[2018-06-02 21:26:33] trace  /app/index.php?i=1&uniacid=1&t=undefined&v=1.3&m=ewei_shopv2&from=wxapp&c=entry&a=wxapp&do=main&&state=we7sid-b9292de2ffbc515284518a1f6bdb5c9e&sign=63246a3b730da0740060e9f78ac01669 pn=upload; op=order; orderid=6433; 
上传
[2018-06-02 21:43:22] trace  /app/index.php?i=1&uniacid=1&t=undefined&v=1.3&m=ewei_shopv2&from=wxapp&c=entry&a=wxapp&do=main&&state=we7sid-34723cc3384df80eec98454efd8d465d&sign=85ccc7b1320887101c05552cf146a0bd pn=upload; op=order; orderid=6434; 
上传
[2018-06-02 21:48:11] trace  /app/index.php?i=1&uniacid=1&t=undefined&v=1.3&m=ewei_shopv2&from=wxapp&c=entry&a=wxapp&do=main&&state=we7sid-2f51d9af39f490a557317e06f4bb09ac&sign=cdcc0020a33ef29cf29932b24bd53144 pn=upload; op=order; orderid=6435; 
上传
[2018-06-02 21:57:02] trace  /app/index.php?i=1&uniacid=1&t=undefined&v=1.3&m=ewei_shopv2&from=wxapp&c=entry&a=wxapp&do=main&&state=we7sid-ee368f0a6a647b7ab384dde3ea4319b8&sign=d9256f3b05c8eed0bd6e5b35f21c5326 pn=upload; op=order; orderid=6436; 
上传
[2018-06-02 22:02:59] trace  /app/index.php?i=1&uniacid=1&t=undefined&v=1.3&m=ewei_shopv2&from=wxapp&c=entry&a=wxapp&do=main&&state=we7sid-f8bcc26db58a5f90bbc4bbe7c5f8ca69&sign=3127b52b8e65efccb3ca49d22678b9cc pn=upload; op=order; orderid=6437; 
上传
[2018-06-02 22:03:04] trace  /app/index.php?i=1&uniacid=1&t=undefined&v=1.3&m=ewei_shopv2&from=wxapp&c=entry&a=wxapp&do=main&&state=we7sid-f8bcc26db58a5f90bbc4bbe7c5f8ca69&sign=3127b52b8e65efccb3ca49d22678b9cc pn=upload; op=order; orderid=6438; 
上传
[2018-06-02 22:05:40] trace  /app/index.php?i=1&uniacid=1&t=undefined&v=1.3&m=ewei_shopv2&from=wxapp&c=entry&a=wxapp&do=main&&state=we7sid-f8bcc26db58a5f90bbc4bbe7c5f8ca69&sign=3127b52b8e65efccb3ca49d22678b9cc pn=upload; op=order; orderid=6439; 
上传
[2018-06-02 22:10:51] trace  /app/index.php?i=1&uniacid=1&t=undefined&v=1.3&m=ewei_shopv2&from=wxapp&c=entry&a=wxapp&do=main&&state=we7sid-9883115901d75106ffa0eb17dc994894&sign=7e1dacbd156620df986e7b16238d730d pn=upload; op=order; orderid=6440; 
上传
[2018-06-02 22:22:35] trace  /app/index.php?i=1&uniacid=1&t=undefined&v=1.3&m=ewei_shopv2&from=wxapp&c=entry&a=wxapp&do=main&&state=we7sid-19f59b27b74b3d1f0f0b793f97de7138&sign=368f84ee6f287957b703d9e8ae0fcba9 pn=upload; op=order; orderid=6441; 
上传
[2018-06-02 22:26:28] trace  /app/index.php?i=1&uniacid=1&t=undefined&v=1.3&m=ewei_shopv2&from=wxapp&c=entry&a=wxapp&do=main&&state=we7sid-9f509876aed5b0ad971d69747704b6c7&sign=cc845c4cce06be54d762d129811f9836 pn=upload; op=order; orderid=6442; 
上传
[2018-06-02 22:38:41] trace  /app/index.php?i=1&uniacid=1&t=undefined&v=1.3&m=ewei_shopv2&from=wxapp&c=entry&a=wxapp&do=main&&state=we7sid-a59cfe8ee317d529aa59ed4b1f7564fd&sign=4ff875d7aa545b4c47905f4dc8fb0f76 pn=upload; op=order; orderid=6443; 
上传
[2018-06-02 23:21:36] trace  /app/index.php?i=1&uniacid=1&t=undefined&v=1.3&m=ewei_shopv2&from=wxapp&c=entry&a=wxapp&do=main&&state=we7sid-efc8176b890af02cfc62e16710fb2acf&sign=3af6cf027de73090f32e9676d74e0e12 pn=upload; op=order; orderid=6444; 
上传
[2018-06-02 23:22:21] trace  /app/index.php?i=1&uniacid=1&t=undefined&v=1.3&m=ewei_shopv2&from=wxapp&c=entry&a=wxapp&do=main&&state=we7sid-410afb8b38d066500f01e0eda8a0cdfb&sign=db52de62c984a405d578142274eb70cb pn=upload; op=order; orderid=6445; 
上传
[2018-06-02 23:27:37] trace  /app/index.php?i=1&uniacid=1&t=undefined&v=1.3&m=ewei_shopv2&from=wxapp&c=entry&a=wxapp&do=main&&state=we7sid-e3f4f13094d03712f533abcf93073bea&sign=a86825a6f4622a03a434ea4400e81dd4 pn=upload; op=order; orderid=6446; 
上传
[2018-06-02 23:30:28] trace  /app/index.php?i=1&uniacid=1&t=undefined&v=1.3&m=ewei_shopv2&from=wxapp&c=entry&a=wxapp&do=main&&state=we7sid-e3f4f13094d03712f533abcf93073bea&sign=a86825a6f4622a03a434ea4400e81dd4 pn=upload; op=order; orderid=6447; 
上传
[2018-06-02 23:31:37] trace  /app/index.php?i=1&uniacid=1&t=undefined&v=1.3&m=ewei_shopv2&from=wxapp&c=entry&a=wxapp&do=main&&state=we7sid-e3f4f13094d03712f533abcf93073bea&sign=a86825a6f4622a03a434ea4400e81dd4 pn=upload; op=order; orderid=6448; 
上传
[2018-06-02 23:43:24] trace  /app/index.php?i=1&uniacid=1&t=undefined&v=1.3&m=ewei_shopv2&from=wxapp&c=entry&a=wxapp&do=main&&state=we7sid-7804fe65666e3e8e0692eecf7b21a77e&sign=aff28d6834d591ef1038a897c10b1df7 pn=upload; op=order; orderid=6449; 
上传
[2018-06-02 23:46:01] trace  /app/index.php?i=1&uniacid=1&t=undefined&v=1.3&m=ewei_shopv2&from=wxapp&c=entry&a=wxapp&do=main&&state=we7sid-f0abca56cdd63b4f89d6d304544ee65c&sign=a6badaf5c2da4994d0b5d8c57a29e3af pn=upload; op=order; orderid=6450; 
上传
[2018-06-02 23:47:45] trace  /app/index.php?i=1&uniacid=1&t=undefined&v=1.3&m=ewei_shopv2&from=wxapp&c=entry&a=wxapp&do=main&&state=we7sid-c5fcf70658e812c4b691cbfd430f4fd9&sign=26660d71a97f54cd65bf927e0ca2c737 pn=upload; op=order; orderid=6451; 
上传
[2018-06-02 23:48:21] trace  /app/index.php?i=1&uniacid=1&t=undefined&v=1.3&m=ewei_shopv2&from=wxapp&c=entry&a=wxapp&do=main&&state=we7sid-c5fcf70658e812c4b691cbfd430f4fd9&sign=26660d71a97f54cd65bf927e0ca2c737 pn=upload; op=order; orderid=6452; 
上传
[2018-06-02 23:48:48] trace  /app/index.php?i=1&uniacid=1&t=undefined&v=1.3&m=ewei_shopv2&from=wxapp&c=entry&a=wxapp&do=main&&state=we7sid-c5fcf70658e812c4b691cbfd430f4fd9&sign=26660d71a97f54cd65bf927e0ca2c737 pn=upload; op=order; orderid=6453; 
上传
