[2018-07-24 00:01:42] trace  /app/index.php?i=1&uniacid=1&t=undefined&v=1.3&m=ewei_shopv2&from=wxapp&c=entry&a=wxapp&do=main&&state=we7sid-b9e413c8fe289eac6ab3ea6f7135a2a3&sign=a147a3a77d22a292acad028c04578423 pn=upload; op=order; orderid=12573; 
上传
[2018-07-24 00:04:04] trace  /app/index.php?i=1&uniacid=1&t=undefined&v=1.3&m=ewei_shopv2&from=wxapp&c=entry&a=wxapp&do=main&&state=we7sid-c9e338d9937002c30e0591005a27f4b1&sign=4bef4ceef58c3f3ff9f284ec8c893a0a pn=upload; op=author; orderid=12384; 
上传
[2018-07-24 00:08:03] trace  /app/index.php?i=1&uniacid=1&t=undefined&v=1.3&m=ewei_shopv2&from=wxapp&c=entry&a=wxapp&do=main&&state=we7sid-36dbdfca5c3235857b96653c712ef87c&sign=1311c28db59381a961c161d872fb15c6 pn=upload; op=order; orderid=12574; 
上传
[2018-07-24 00:09:29] trace  /app/index.php?i=1&uniacid=1&t=undefined&v=1.3&m=ewei_shopv2&from=wxapp&c=entry&a=wxapp&do=main&&state=we7sid-c9e338d9937002c30e0591005a27f4b1&sign=4bef4ceef58c3f3ff9f284ec8c893a0a pn=upload; op=author; orderid=12391; 
上传
[2018-07-24 00:31:10] trace  /app/index.php?i=1&uniacid=1&t=undefined&v=1.3&m=ewei_shopv2&from=wxapp&c=entry&a=wxapp&do=main&&state=we7sid-d3042a8607f8b76e541eb0ff981906d3&sign=fe55421fe16272879e8d0f95520b0f12 pn=upload; op=order; orderid=12575; 
上传
[2018-07-24 00:55:32] trace  /app/index.php?i=1&uniacid=1&t=undefined&v=1.3&m=ewei_shopv2&from=wxapp&c=entry&a=wxapp&do=main&&state=we7sid-c9e338d9937002c30e0591005a27f4b1&sign=4bef4ceef58c3f3ff9f284ec8c893a0a pn=upload; op=author; orderid=12414; 
上传
[2018-07-24 02:17:26] trace  /app/index.php?i=1&uniacid=1&t=undefined&v=1.3&m=ewei_shopv2&from=wxapp&c=entry&a=wxapp&do=main&&state=we7sid-fe43a25ddc581d35537244347a796857&sign=a522efb20b7125136b1c2f454f9d1389 pn=upload; op=order; orderid=12576; 
上传
[2018-07-24 05:51:21] trace  /app/index.php?i=1&uniacid=1&t=undefined&v=1.3&m=ewei_shopv2&from=wxapp&c=entry&a=wxapp&do=main&&state=we7sid-7fea81415a28fe4627d06b592fc229da&sign=5892ea13c1b029cba7bfb70e05bd8d5b pn=upload; op=order; orderid=12577; 
上传
[2018-07-24 07:46:49] trace  /app/index.php?i=1&uniacid=1&t=undefined&v=1.3&m=ewei_shopv2&from=wxapp&c=entry&a=wxapp&do=main&&state=we7sid-01290611da1c986da67c9f9c124862e7&sign=07b4d71fe3fa96f2cf11bba6d745b203 pn=upload; op=order; orderid=12578; 
上传
[2018-07-24 07:52:18] trace  /app/index.php?i=1&uniacid=1&t=undefined&v=1.3&m=ewei_shopv2&from=wxapp&c=entry&a=wxapp&do=main&&state=we7sid-cde9791a8a98baf9f1e1b2fd9c08bf14&sign=16b60f73baa142fc56b64b42994ecc94 pn=upload; op=order; orderid=12579; 
上传
[2018-07-24 08:00:17] trace  /app/index.php?i=1&uniacid=1&t=undefined&v=1.3&m=ewei_shopv2&from=wxapp&c=entry&a=wxapp&do=main&&state=we7sid-7ea1bb882d19f10ec3e0cadc5a80ffe8&sign=360e6db0b0418cdca24bcc7bf549b69b pn=upload; op=order; orderid=12580; 
上传
[2018-07-24 08:39:28] trace  /app/index.php?i=1&uniacid=1&t=undefined&v=1.3&m=ewei_shopv2&from=wxapp&c=entry&a=wxapp&do=main&&state=we7sid-0875e926eb67582092806040c48a35aa&sign=acdd0d5e547276d1a3a9d7aef1daf1ee pn=upload; op=order; orderid=12581; 
上传
[2018-07-24 08:50:06] trace  /app/index.php?i=1&uniacid=1&t=undefined&v=1.3&m=ewei_shopv2&from=wxapp&c=entry&a=wxapp&do=main&&state=we7sid-ca6c180358cbe2223c0554ac5a173c35&sign=039cd8e6db64d4334ccccca3acaafa03 pn=upload; op=order; orderid=12582; 
上传
[2018-07-24 09:25:45] trace  /app/index.php?i=1&uniacid=1&t=undefined&v=1.3&m=ewei_shopv2&from=wxapp&c=entry&a=wxapp&do=main&&state=we7sid-82e8cb6366585cb20e240adf8876f863&sign=0190ce758ad73376d9023abd034ce0c8 pn=upload; op=order; orderid=12583; 
上传
[2018-07-24 09:39:46] trace  /app/index.php?i=1&uniacid=1&t=undefined&v=1.3&m=ewei_shopv2&from=wxapp&c=entry&a=wxapp&do=main&&state=we7sid-ae835c5cd0dd2368113aafd85e7c0d52&sign=6960b7bbb8d922d1ab955a93d906212b pn=upload; op=order; orderid=12584; 
上传
[2018-07-24 10:04:10] trace  /app/index.php?i=1&uniacid=1&t=undefined&v=1.3&m=ewei_shopv2&from=wxapp&c=entry&a=wxapp&do=main&&state=we7sid-e137ca058ffe0140c2c4ef7ff49bda2c&sign=0257e0f1acf48190ae4885763095c744 pn=upload; op=order; orderid=12585; 
上传
[2018-07-24 10:04:28] trace  /app/index.php?i=1&uniacid=1&t=undefined&v=1.3&m=ewei_shopv2&from=wxapp&c=entry&a=wxapp&do=main&&state=we7sid-99b13e1e3fa4c8383024ec4db39af9bd&sign=6b7bc268e3f33a25105d68378099b61f pn=upload; op=order; orderid=12586; 
上传
[2018-07-24 10:04:35] trace  /app/index.php?i=1&uniacid=1&t=undefined&v=1.3&m=ewei_shopv2&from=wxapp&c=entry&a=wxapp&do=main&&state=we7sid-99b13e1e3fa4c8383024ec4db39af9bd&sign=6b7bc268e3f33a25105d68378099b61f pn=upload; op=order; orderid=12587; 
上传
[2018-07-24 10:19:49] trace  /app/index.php?i=1&uniacid=1&t=undefined&v=1.3&m=ewei_shopv2&from=wxapp&c=entry&a=wxapp&do=main&&state=we7sid-db5856217f7cdf67093acc22d560a62e&sign=89d78643d85cd120e1f94a9c6cc53839 pn=upload; op=order; orderid=12588; 
上传
[2018-07-24 10:23:28] trace  /app/index.php?i=1&uniacid=1&t=undefined&v=1.3&m=ewei_shopv2&from=wxapp&c=entry&a=wxapp&do=main&&state=we7sid-c09e579fc7a775f24ce208f9693f093a&sign=d22e4b47ebdca0b2508f7b135c8ddff7 pn=upload; op=order; orderid=12589; 
上传
[2018-07-24 10:34:31] trace  /app/index.php?i=1&uniacid=1&t=undefined&v=1.3&m=ewei_shopv2&from=wxapp&c=entry&a=wxapp&do=main&&state=we7sid-bee83fe5db6cc35c3d3d09e7c065724b&sign=74a8ca08b7220cc101f50dd02063dba0 pn=upload; op=order; orderid=12590; 
上传
[2018-07-24 10:39:06] trace  /app/index.php?i=1&uniacid=1&t=undefined&v=1.3&m=ewei_shopv2&from=wxapp&c=entry&a=wxapp&do=main&&state=we7sid-e82cc927af3edd7815994d2ef81b3c7a&sign=4ecf6d76517493def7ddbd98ea686e86 pn=upload; op=order; orderid=12591; 
上传
[2018-07-24 10:45:34] trace  /app/index.php?i=1&uniacid=1&t=undefined&v=1.3&m=ewei_shopv2&from=wxapp&c=entry&a=wxapp&do=main&&state=we7sid-717b9d299e8f148778f992687b179aae&sign=80a4e6d6ca76d71eb47872ffbc1295cc pn=upload; op=order; orderid=12592; 
上传
[2018-07-24 11:31:28] trace  /app/index.php?i=1&uniacid=1&t=undefined&v=1.3&m=ewei_shopv2&from=wxapp&c=entry&a=wxapp&do=main&&state=we7sid-c6ea9897d448a692020999ddf4f8566e&sign=0bc2e1eeb74dda4fba7532848d2676df pn=upload; op=order; orderid=12593; 
上传
[2018-07-24 11:31:38] trace  /app/index.php?i=1&uniacid=1&t=undefined&v=1.3&m=ewei_shopv2&from=wxapp&c=entry&a=wxapp&do=main&&state=we7sid-8e6c8e5a630db61122cb31d4f9ce43f0&sign=f1cf3137447fb2192be61269b6fab67c pn=upload; op=order; orderid=12594; 
上传
[2018-07-24 11:35:35] trace  /app/index.php?i=1&uniacid=1&t=undefined&v=1.3&m=ewei_shopv2&from=wxapp&c=entry&a=wxapp&do=main&&state=we7sid-45039860370f6c1ebd55dc3c9107bd22&sign=8bdf2750f467f4e325e58f042059cbf3 pn=upload; op=order; orderid=12595; 
上传
[2018-07-24 12:03:01] trace  /app/index.php?i=1&uniacid=1&t=undefined&v=1.3&m=ewei_shopv2&from=wxapp&c=entry&a=wxapp&do=main&&state=we7sid-92bfcdbd52c84fd373d3c2dbf55ce070&sign=1d6881f4127db088076295b298937bfc pn=upload; op=order; orderid=12596; 
上传
[2018-07-24 12:12:32] trace  /app/index.php?i=1&uniacid=1&t=undefined&v=1.3&m=ewei_shopv2&from=wxapp&c=entry&a=wxapp&do=main&&state=we7sid-54c1c95c3bdc21d6804b3754c92e9f63&sign=c41927c38fd7ccb974248e25b3b8f512 pn=upload; op=order; orderid=12597; 
上传
[2018-07-24 12:27:59] trace  /app/index.php?i=1&uniacid=1&t=undefined&v=1.3&m=ewei_shopv2&from=wxapp&c=entry&a=wxapp&do=main&&state=we7sid-d4e8e5ec5e2b629e4744ec6343250824&sign=3fff3cd64b959ddd79527677d494b9ef pn=upload; op=order; orderid=12598; 
上传
[2018-07-24 12:28:04] trace  /app/index.php?i=1&uniacid=1&t=undefined&v=1.3&m=ewei_shopv2&from=wxapp&c=entry&a=wxapp&do=main&&state=we7sid-eae1c4aea0b33553a8f257dd3c8eb80a&sign=b914c8c2faabf021ca099f056e5876ca pn=upload; op=order; orderid=12599; 
上传
[2018-07-24 12:33:48] trace  /app/index.php?i=1&uniacid=1&t=undefined&v=1.3&m=ewei_shopv2&from=wxapp&c=entry&a=wxapp&do=main&&state=we7sid-eb08b7db0d6627e481616e6a9c366a3a&sign=6a2f6a3ab7da7cb037135fc216c5ad77 pn=upload; op=order; orderid=12600; 
上传
[2018-07-24 12:36:26] trace  /app/index.php?i=1&uniacid=1&t=undefined&v=1.3&m=ewei_shopv2&from=wxapp&c=entry&a=wxapp&do=main&&state=we7sid-76f661a7cbeb2dadea1ace46583a17b1&sign=47b564c881220bd7721781623147e4e9 pn=upload; op=order; orderid=12601; 
上传
[2018-07-24 12:44:09] trace  /app/index.php?i=1&uniacid=1&t=undefined&v=1.3&m=ewei_shopv2&from=wxapp&c=entry&a=wxapp&do=main&&state=we7sid-6e84564896e2aed971c53ac4c8175d03&sign=1a375e98588dc5fad4bd1c0ee6b7fe8c pn=upload; op=order; orderid=12602; 
上传
[2018-07-24 13:00:26] trace  /app/index.php?i=1&uniacid=1&t=undefined&v=1.3&m=ewei_shopv2&from=wxapp&c=entry&a=wxapp&do=main&&state=we7sid-28341b1190365508bbc7379eb931311f&sign=aa18f7aee2753a52c5c210e85c85fdee pn=upload; op=order; orderid=12603; 
上传
[2018-07-24 13:00:34] trace  /app/index.php?i=1&uniacid=1&t=undefined&v=1.3&m=ewei_shopv2&from=wxapp&c=entry&a=wxapp&do=main&&state=we7sid-0b17292adb6bd08a6ea68448dc70b438&sign=379587add600b1ad1514abe895467de6 pn=upload; op=order; orderid=12604; 
上传
[2018-07-24 13:02:15] trace  /app/index.php?i=1&uniacid=1&t=undefined&v=1.3&m=ewei_shopv2&from=wxapp&c=entry&a=wxapp&do=main&&state=we7sid-0b17292adb6bd08a6ea68448dc70b438&sign=379587add600b1ad1514abe895467de6 pn=upload; op=order; orderid=12605; 
上传
[2018-07-24 13:07:16] trace  /app/index.php?i=1&uniacid=1&t=undefined&v=1.3&m=ewei_shopv2&from=wxapp&c=entry&a=wxapp&do=main&&state=we7sid-528ff1fa18ed5f6ef30c725e6315d21c&sign=61b3740af6a7b6c5638898bf7241d5e9 op=order; orderid=12606; pn=upload; 
上传
[2018-07-24 13:14:20] trace  /app/index.php?i=1&uniacid=1&t=undefined&v=1.3&m=ewei_shopv2&from=wxapp&c=entry&a=wxapp&do=main&&state=we7sid-8a1f46912f3d07b3982f2d5f0a899ee8&sign=e4db8511986da1ebf643b97f5ad07023 pn=upload; op=order; orderid=12607; 
上传
[2018-07-24 13:29:23] trace  /app/index.php?i=1&uniacid=1&t=undefined&v=1.3&m=ewei_shopv2&from=wxapp&c=entry&a=wxapp&do=main&&state=we7sid-9959435da13d0b8b9552ba2cfb4de83c&sign=c843beaac9ae3fac14623c3099ff8a35 pn=upload; op=order; orderid=12608; 
上传
[2018-07-24 13:33:51] trace  /app/index.php?i=1&uniacid=1&t=undefined&v=1.3&m=ewei_shopv2&from=wxapp&c=entry&a=wxapp&do=main&&state=we7sid-7d76fa6ce2cecab2f23b15342e10ab02&sign=9fef4acfc6a31ebf53bea2ac1afe2b26 pn=upload; op=order; orderid=12609; 
上传
[2018-07-24 13:40:04] trace  /app/index.php?i=1&uniacid=1&t=undefined&v=1.3&m=ewei_shopv2&from=wxapp&c=entry&a=wxapp&do=main&&state=we7sid-df0ba895f28f45c97af0e208835b53e3&sign=2d5a7ce3dbe05322223ff237b2141a0d pn=upload; op=order; orderid=12610; 
上传
[2018-07-24 13:43:21] trace  /app/index.php?i=1&uniacid=1&t=undefined&v=1.3&m=ewei_shopv2&from=wxapp&c=entry&a=wxapp&do=main&&state=we7sid-c45c6088c4443e7800fdddf137f6a57a&sign=9c649800dc91000e33ce973905c9ebe5 pn=upload; op=order; orderid=12611; 
上传
[2018-07-24 13:50:03] trace  /app/index.php?i=1&uniacid=1&t=undefined&v=1.3&m=ewei_shopv2&from=wxapp&c=entry&a=wxapp&do=main&&state=we7sid-99d9cd238349ef5471233072d51ff281&sign=dcd026d63fec56087a9598b1a3c865fe pn=upload; op=order; orderid=12612; 
上传
[2018-07-24 13:57:24] trace  /app/index.php?i=1&uniacid=1&t=undefined&v=1.3&m=ewei_shopv2&from=wxapp&c=entry&a=wxapp&do=main&&state=we7sid-fe56999cd22b6d4d67ce27ae5693163d&sign=5c9cd258da1a19a155f3ebcc7a4b7688 pn=upload; op=order; orderid=12613; 
上传
[2018-07-24 14:01:39] trace  /app/index.php?i=1&uniacid=1&t=undefined&v=1.3&m=ewei_shopv2&from=wxapp&c=entry&a=wxapp&do=main&&state=we7sid-baf6c54acb358ba4f60c7e26e1479a40&sign=d78fd11089fe6c7e47ec5bcf318b60c3 pn=upload; op=order; orderid=12614; 
上传
[2018-07-24 14:02:03] trace  /app/index.php?i=1&uniacid=1&t=undefined&v=1.3&m=ewei_shopv2&from=wxapp&c=entry&a=wxapp&do=main&&state=we7sid-48c7429e3ed84949b80239a0aef035c2&sign=185ab58994be31ce8977719d4f6839fc pn=upload; op=order; orderid=12615; 
上传
[2018-07-24 14:06:34] trace  /app/index.php?i=1&uniacid=1&t=undefined&v=1.3&m=ewei_shopv2&from=wxapp&c=entry&a=wxapp&do=main&&state=we7sid-f1d3558c4b0a847ee9e893e96ed956a0&sign=42258694cacdea07fe971b0d4fa0117b op=order; pn=upload; orderid=12616; 
上传
[2018-07-24 14:50:11] trace  /app/index.php?i=1&uniacid=1&t=undefined&v=1.3&m=ewei_shopv2&from=wxapp&c=entry&a=wxapp&do=main&&state=we7sid-a769418c0fccd81fa59406d3e918f923&sign=7e10de4152e3dc5718117303f44f3af8 pn=upload; op=order; orderid=12617; 
上传
[2018-07-24 14:51:07] trace  /app/index.php?i=1&uniacid=1&t=undefined&v=1.3&m=ewei_shopv2&from=wxapp&c=entry&a=wxapp&do=main&&state=we7sid-a769418c0fccd81fa59406d3e918f923&sign=7e10de4152e3dc5718117303f44f3af8 pn=upload; op=order; orderid=12618; 
上传
[2018-07-24 14:55:18] trace  /app/index.php?i=1&uniacid=1&t=undefined&v=1.3&m=ewei_shopv2&from=wxapp&c=entry&a=wxapp&do=main&&state=we7sid-4ba405bc9bb1920ca7cdbbdf2e40f020&sign=e33171ee498d7ddd3b53d267e5dab560 pn=upload; op=order; orderid=12619; 
上传
[2018-07-24 14:57:51] trace  /app/index.php?i=1&uniacid=1&t=undefined&v=1.3&m=ewei_shopv2&from=wxapp&c=entry&a=wxapp&do=main&&state=we7sid-d6df74dcb61ec9f022413bee6e566a6f&sign=9881e42444d6f831a8de06aeafb885d1 pn=upload; op=order; orderid=12620; 
上传
[2018-07-24 15:01:30] trace  /app/index.php?i=1&uniacid=1&t=undefined&v=1.3&m=ewei_shopv2&from=wxapp&c=entry&a=wxapp&do=main&&state=we7sid-d806c2b59e4eacda0b92a0b0109a76f5&sign=594ce319e6f76b765aa125dd94d148c2 pn=upload; op=order; orderid=12621; 
上传
[2018-07-24 15:06:48] trace  /app/index.php?i=1&uniacid=1&t=undefined&v=1.3&m=ewei_shopv2&from=wxapp&c=entry&a=wxapp&do=main&&state=we7sid-7f69e7caf69b6ed24a210b51d0847b70&sign=3daa1788c7d7b797175c1bd26905a3b9 pn=upload; op=order; orderid=12622; 
上传
[2018-07-24 15:20:23] trace  /app/index.php?i=1&uniacid=1&t=undefined&v=1.3&m=ewei_shopv2&from=wxapp&c=entry&a=wxapp&do=main&&state=we7sid-3fc401c63b2eb5b6131ec30f2c90c880&sign=292c3795d8521aa48ed1bd2c6de0684c pn=upload; op=order; orderid=12623; 
上传
[2018-07-24 15:21:44] trace  /app/index.php?i=1&uniacid=1&t=undefined&v=1.3&m=ewei_shopv2&from=wxapp&c=entry&a=wxapp&do=main&&state=we7sid-02af99614b30d21e817cf1d8011fe22f&sign=a7d45a752f918b70767ea4424001469e op=order; pn=upload; orderid=12624; 
上传
[2018-07-24 15:22:21] trace  /app/index.php?i=1&uniacid=1&t=undefined&v=1.3&m=ewei_shopv2&from=wxapp&c=entry&a=wxapp&do=main&&state=we7sid-7f873a678b93b57c35a021362ad435c4&sign=5647538ebea16c3baf9cdd240067c0d2 pn=upload; op=order; orderid=12625; 
上传
[2018-07-24 15:28:57] trace  /app/index.php?i=1&uniacid=1&t=undefined&v=1.3&m=ewei_shopv2&from=wxapp&c=entry&a=wxapp&do=main&&state=we7sid-c248b88edc49683b172b2831e7cd6d22&sign=35e6baf44c673c3b472db7c747a2c901 pn=upload; op=order; orderid=12626; 
上传
[2018-07-24 15:31:56] trace  /app/index.php?i=1&uniacid=1&t=undefined&v=1.3&m=ewei_shopv2&from=wxapp&c=entry&a=wxapp&do=main&&state=we7sid-dd57b4e599c7d2f9da830c88b25405b6&sign=41a61f88cd38a21fbb9092e9334076d3 pn=upload; op=order; orderid=12627; 
上传
[2018-07-24 15:37:36] trace  /app/index.php?i=1&uniacid=1&t=undefined&v=1.3&m=ewei_shopv2&from=wxapp&c=entry&a=wxapp&do=main&&state=we7sid-eba56fa5c686e4bd2c7ed65f383a2116&sign=4434e4e31b81b6bec9ff51913f1e0f05 pn=upload; op=order; orderid=12628; 
上传
[2018-07-24 15:54:03] trace  /app/index.php?i=1&uniacid=1&t=undefined&v=1.3&m=ewei_shopv2&from=wxapp&c=entry&a=wxapp&do=main&&state=we7sid-68a0ff6afa1c8dc6f5882c3263bc82b8&sign=239eea8992cac2ba8fcf51ebcacb709f op=order; orderid=12629; pn=upload; 
上传
[2018-07-24 15:58:35] trace  /app/index.php?i=1&uniacid=1&t=undefined&v=1.3&m=ewei_shopv2&from=wxapp&c=entry&a=wxapp&do=main&&state=we7sid-48e4b8bed059bcdc8606b5030236cef3&sign=99aef8b0b34f4fd382a4210021b9307e pn=upload; op=order; orderid=12630; 
上传
[2018-07-24 16:01:49] trace  /app/index.php?i=1&uniacid=1&t=undefined&v=1.3&m=ewei_shopv2&from=wxapp&c=entry&a=wxapp&do=main&&state=we7sid-2f841af1fda735b6c96d8218cdc7e1bb&sign=e805c619724749b969f05e9f250b9bce pn=upload; op=order; orderid=12631; 
上传
[2018-07-24 16:16:42] trace  /app/index.php?i=1&uniacid=1&t=undefined&v=1.3&m=ewei_shopv2&from=wxapp&c=entry&a=wxapp&do=main&&state=we7sid-89e282ed8fc2244f332d43d190c0ffdf&sign=cc8c61add224de07a7051d9f4d8fce8e pn=upload; op=order; orderid=12632; 
上传
[2018-07-24 16:21:20] trace  /app/index.php?i=1&uniacid=1&t=undefined&v=1.3&m=ewei_shopv2&from=wxapp&c=entry&a=wxapp&do=main&&state=we7sid-d805f70fc748b46bd30b9ade17190d75&sign=d7f384742e6c2bdf6023013cbbe1fa54 pn=upload; op=order; orderid=12633; 
上传
[2018-07-24 16:24:28] trace  /app/index.php?i=1&uniacid=1&t=undefined&v=1.3&m=ewei_shopv2&from=wxapp&c=entry&a=wxapp&do=main&&state=we7sid-6c7274fb349ce0a92a55052a68b33d9b&sign=3490293f171efcc15c36d3fbd0c0525f pn=upload; op=order; orderid=12634; 
上传
[2018-07-24 16:41:18] trace  /app/index.php?i=1&uniacid=1&t=undefined&v=1.3&m=ewei_shopv2&from=wxapp&c=entry&a=wxapp&do=main&&state=we7sid-9c07abed1715a94a2141652446bdb071&sign=4a8d2ffa1426cc44460d272bcc595a22 pn=upload; op=order; orderid=12635; 
上传
[2018-07-24 16:48:36] trace  /app/index.php?i=1&uniacid=1&t=undefined&v=1.3&m=ewei_shopv2&from=wxapp&c=entry&a=wxapp&do=main&&state=we7sid-002e440446687a89b32e4c0134ba2efe&sign=6556fb376e456af1dc53c4cccdb3c238 pn=upload; op=order; orderid=12636; 
上传
[2018-07-24 16:51:10] trace  /app/index.php?i=1&uniacid=1&t=undefined&v=1.3&m=ewei_shopv2&from=wxapp&c=entry&a=wxapp&do=main&&state=we7sid-002e440446687a89b32e4c0134ba2efe&sign=6556fb376e456af1dc53c4cccdb3c238 pn=upload; op=order; orderid=12637; 
上传
[2018-07-24 16:51:23] trace  /app/index.php?i=1&uniacid=1&t=undefined&v=1.3&m=ewei_shopv2&from=wxapp&c=entry&a=wxapp&do=main&&state=we7sid-002e440446687a89b32e4c0134ba2efe&sign=6556fb376e456af1dc53c4cccdb3c238 pn=upload; op=order; orderid=12638; 
上传
[2018-07-24 17:33:10] trace  /app/index.php?i=1&uniacid=1&t=undefined&v=1.3&m=ewei_shopv2&from=wxapp&c=entry&a=wxapp&do=main&&state=we7sid-2f6773ead68767654489b0d8e6955ce5&sign=adc0d29d9542399b4432a8dbe73022a5 pn=upload; op=order; orderid=12639; 
上传
[2018-07-24 17:47:48] trace  /app/index.php?i=1&uniacid=1&t=undefined&v=1.3&m=ewei_shopv2&from=wxapp&c=entry&a=wxapp&do=main&&state=we7sid-9ab283cb2f29dda13d3362537a9600f9&sign=f511fbfc7b54c034cae578e8856ae2e6 op=order; orderid=12640; pn=upload; 
上传
[2018-07-24 18:27:42] trace  /app/index.php?i=1&uniacid=1&t=undefined&v=1.3&m=ewei_shopv2&from=wxapp&c=entry&a=wxapp&do=main&&state=we7sid-d171727d85052815b237cc7b9f449f7d&sign=5316c281c64813b58ff2077ec71f6f5a pn=upload; op=order; orderid=12641; 
上传
[2018-07-24 18:34:19] trace  /app/index.php?i=1&uniacid=1&t=undefined&v=1.3&m=ewei_shopv2&from=wxapp&c=entry&a=wxapp&do=main&&state=we7sid-0e32c8c7a41749e02a46d886cba51b18&sign=f44846c8100974bf1692e4174715fc68 pn=upload; op=order; orderid=12642; 
上传
[2018-07-24 18:34:27] trace  /app/index.php?i=1&uniacid=1&t=undefined&v=1.3&m=ewei_shopv2&from=wxapp&c=entry&a=wxapp&do=main&&state=we7sid-0e32c8c7a41749e02a46d886cba51b18&sign=f44846c8100974bf1692e4174715fc68 pn=upload; op=order; orderid=12643; 
上传
[2018-07-24 18:34:28] trace  /app/index.php?i=1&uniacid=1&t=undefined&v=1.3&m=ewei_shopv2&from=wxapp&c=entry&a=wxapp&do=main&&state=we7sid-0e32c8c7a41749e02a46d886cba51b18&sign=f44846c8100974bf1692e4174715fc68 pn=upload; op=order; orderid=12642; 
上传
[2018-07-24 18:34:31] trace  /app/index.php?i=1&uniacid=1&t=undefined&v=1.3&m=ewei_shopv2&from=wxapp&c=entry&a=wxapp&do=main&&state=we7sid-0e32c8c7a41749e02a46d886cba51b18&sign=f44846c8100974bf1692e4174715fc68 pn=upload; op=order; orderid=12643; 
上传
[2018-07-24 18:40:07] trace  /app/index.php?i=1&uniacid=1&t=undefined&v=1.3&m=ewei_shopv2&from=wxapp&c=entry&a=wxapp&do=main&&state=we7sid-d171727d85052815b237cc7b9f449f7d&sign=5316c281c64813b58ff2077ec71f6f5a pn=upload; op=order; orderid=12644; 
上传
[2018-07-24 18:43:44] trace  /app/index.php?i=1&uniacid=1&t=undefined&v=1.3&m=ewei_shopv2&from=wxapp&c=entry&a=wxapp&do=main&&state=we7sid-4d28580c0e4c77fcdd468106166d4e41&sign=5b04acc40bce472b1ce3098c44fa4d89 pn=upload; op=order; orderid=12645; 
上传
[2018-07-24 19:03:37] trace  /app/index.php?i=1&uniacid=1&t=undefined&v=1.3&m=ewei_shopv2&from=wxapp&c=entry&a=wxapp&do=main&&state=we7sid-5a59a35110765b863ad7f8c8eb3230a4&sign=be9ea1b51b9e91d9b8ab71a9345bb22c pn=upload; op=order; orderid=12646; 
上传
[2018-07-24 19:04:15] trace  /app/index.php?i=1&uniacid=1&t=undefined&v=1.3&m=ewei_shopv2&from=wxapp&c=entry&a=wxapp&do=main&&state=we7sid-51d2c7bb079c10cf984c6e60455d0414&sign=ab401f8e4c07bc8c363222a2a65681be pn=upload; op=order; orderid=12647; 
上传
[2018-07-24 19:14:54] trace  /app/index.php?i=1&uniacid=1&t=undefined&v=1.3&m=ewei_shopv2&from=wxapp&c=entry&a=wxapp&do=main&&state=we7sid-8cc1e2fc5dd616d010dd21b6b00314bd&sign=11e8cc69dd9c115d8a6afa7647f86a19 pn=upload; op=order; orderid=12648; 
上传
[2018-07-24 19:28:12] trace  /app/index.php?i=1&uniacid=1&t=undefined&v=1.3&m=ewei_shopv2&from=wxapp&c=entry&a=wxapp&do=main&&state=we7sid-7c30c95ee75940bae2ccbf12929c0ceb&sign=7dad71b72d8ca4f32f5bc775eb8bf41f pn=upload; op=order; orderid=12649; 
上传
[2018-07-24 19:37:39] trace  /app/index.php?i=1&uniacid=1&t=undefined&v=1.3&m=ewei_shopv2&from=wxapp&c=entry&a=wxapp&do=main&&state=we7sid-02b8448676f41def457c3132500fe621&sign=083cc163308a4b4c02bdeea726d922eb op=order; orderid=12650; pn=upload; 
上传
[2018-07-24 19:46:04] trace  /app/index.php?i=1&uniacid=1&t=undefined&v=1.3&m=ewei_shopv2&from=wxapp&c=entry&a=wxapp&do=main&&state=we7sid-b8bbf5430aac46daaaa2b721283a3f81&sign=02ae051baa86edd67b97d96615fb08c0 pn=upload; op=order; orderid=12651; 
上传
[2018-07-24 20:10:48] trace  /app/index.php?i=1&uniacid=1&t=undefined&v=1.3&m=ewei_shopv2&from=wxapp&c=entry&a=wxapp&do=main&&state=we7sid-2ecf6b6c97a10bfb3a808cd291436933&sign=583ff5856c668299391f68f94681a79e pn=upload; op=order; orderid=12652; 
上传
[2018-07-24 20:14:24] trace  /app/index.php?i=1&uniacid=1&t=undefined&v=1.3&m=ewei_shopv2&from=wxapp&c=entry&a=wxapp&do=main&&state=we7sid-758a9e5cb8d18791ca807908cf81b7d5&sign=287f4cb6d9dc8d1da2f158383d8bbaf0 pn=upload; op=order; orderid=12653; 
上传
[2018-07-24 20:20:36] trace  /app/index.php?i=1&uniacid=1&t=undefined&v=1.3&m=ewei_shopv2&from=wxapp&c=entry&a=wxapp&do=main&&state=we7sid-592baaa1b619e7cc0c540a535b64229f&sign=57b766f6f4940959360559deb25f2273 pn=upload; op=order; orderid=12654; 
上传
[2018-07-24 20:38:03] trace  /app/index.php?i=1&uniacid=1&t=undefined&v=1.3&m=ewei_shopv2&from=wxapp&c=entry&a=wxapp&do=main&&state=we7sid-1c409d699c253a4490659d2ca8033fb8&sign=98044860877f0509b4446f8a818ac1ce pn=upload; op=order; orderid=12655; 
上传
[2018-07-24 21:22:21] trace  /app/index.php?i=1&uniacid=1&t=undefined&v=1.3&m=ewei_shopv2&from=wxapp&c=entry&a=wxapp&do=main&&state=we7sid-103935fb00a6f60c726082bd87d17be5&sign=e2365ce8e42c18f1b937e93e6e0410ca pn=upload; op=order; orderid=12656; 
上传
[2018-07-24 21:33:42] trace  /app/index.php?i=1&uniacid=1&t=undefined&v=1.3&m=ewei_shopv2&from=wxapp&c=entry&a=wxapp&do=main&&state=we7sid-9e683e4ea9f67c6685df448b3838b30c&sign=5472ec78cf9b313e46a8809d98102fda pn=upload; op=order; orderid=12657; 
上传
[2018-07-24 21:34:28] trace  /app/index.php?i=1&uniacid=1&t=undefined&v=1.3&m=ewei_shopv2&from=wxapp&c=entry&a=wxapp&do=main&&state=we7sid-9e683e4ea9f67c6685df448b3838b30c&sign=5472ec78cf9b313e46a8809d98102fda pn=upload; op=order; orderid=12658; 
上传
[2018-07-24 21:42:32] trace  /app/index.php?i=1&uniacid=1&t=undefined&v=1.3&m=ewei_shopv2&from=wxapp&c=entry&a=wxapp&do=main&&state=we7sid-3ff5e4d3eaf925b288f062d4d812c497&sign=d7666af500c08fcaefb3d741c3d2a3e1 pn=upload; op=order; orderid=12659; 
上传
[2018-07-24 21:45:01] trace  /app/index.php?i=1&uniacid=1&t=undefined&v=1.3&m=ewei_shopv2&from=wxapp&c=entry&a=wxapp&do=main&&state=we7sid-687258f8fe6478f6ce13a48fa3bc0dc1&sign=c3fe5ebb022772be78cd06828cadae6e pn=upload; op=order; orderid=12660; 
上传
[2018-07-24 21:46:46] trace  /app/index.php?i=1&uniacid=1&t=undefined&v=1.3&m=ewei_shopv2&from=wxapp&c=entry&a=wxapp&do=main&&state=we7sid-8dbc6fb734884d217066946d90269531&sign=ee3829055217be5fa44f0db872b19175 pn=upload; op=order; orderid=12661; 
上传
[2018-07-24 21:52:39] trace  /app/index.php?i=1&uniacid=1&t=undefined&v=1.3&m=ewei_shopv2&from=wxapp&c=entry&a=wxapp&do=main&&state=we7sid-ac12cd193728eeb92d8757923bc19ac5&sign=d71138289e4ed7a6f7e5a1f574b17584 pn=upload; op=order; orderid=12662; 
上传
[2018-07-24 22:13:56] trace  /app/index.php?i=1&uniacid=1&t=undefined&v=1.3&m=ewei_shopv2&from=wxapp&c=entry&a=wxapp&do=main&&state=we7sid-c715cd9bf6ab4280725dfda9651e28f0&sign=74d9f904cd67a58587857cfa2258a956 pn=upload; op=order; orderid=12663; 
上传
[2018-07-24 22:16:32] trace  /app/index.php?i=1&uniacid=1&t=undefined&v=1.3&m=ewei_shopv2&from=wxapp&c=entry&a=wxapp&do=main&&state=we7sid-7587b0c07670c7689bbdde4e55cb30ca&sign=851eae547d1dc7fe6c775eb0584dce39 pn=upload; op=order; orderid=12664; 
上传
[2018-07-24 22:21:28] trace  /app/index.php?i=1&uniacid=1&t=undefined&v=1.3&m=ewei_shopv2&from=wxapp&c=entry&a=wxapp&do=main&&state=we7sid-548ea2fac922fc02752792ae7b87667c&sign=9047c51494d8f2bb2e0a83bf9b9f827f pn=upload; op=order; orderid=12665; 
上传
[2018-07-24 22:24:55] trace  /app/index.php?i=1&uniacid=1&t=undefined&v=1.3&m=ewei_shopv2&from=wxapp&c=entry&a=wxapp&do=main&&state=we7sid-6862e61986148bb5bf85a6304b487d17&sign=9b14c949acde721b3204b05aa38fb415 pn=upload; op=order; orderid=12666; 
上传
[2018-07-24 22:24:56] trace  /app/index.php?i=1&uniacid=1&t=undefined&v=1.3&m=ewei_shopv2&from=wxapp&c=entry&a=wxapp&do=main&&state=we7sid-355ecd96993429870ae710916c891074&sign=344f78755c4a0b252453d47c49a69184 pn=upload; op=order; orderid=12667; 
上传
[2018-07-24 22:25:11] trace  /app/index.php?i=1&uniacid=1&t=undefined&v=1.3&m=ewei_shopv2&from=wxapp&c=entry&a=wxapp&do=main&&state=we7sid-355ecd96993429870ae710916c891074&sign=344f78755c4a0b252453d47c49a69184 pn=upload; op=order; orderid=12668; 
上传
[2018-07-24 22:36:43] trace  /app/index.php?i=1&uniacid=1&t=undefined&v=1.3&m=ewei_shopv2&from=wxapp&c=entry&a=wxapp&do=main&&state=we7sid-8b2a0099c36f5f96dfe9abf4dcd2a1c8&sign=31fc3742cdd4019f2ca13cc3d886d021 pn=upload; op=order; orderid=12669; 
上传
[2018-07-24 22:55:56] trace  /app/index.php?i=1&uniacid=1&t=undefined&v=1.3&m=ewei_shopv2&from=wxapp&c=entry&a=wxapp&do=main&&state=we7sid-5c5cc6c84ebb89e7f520a7e542348747&sign=b740db9940440c38c9ca20cdd2214aac pn=upload; op=order; orderid=12670; 
上传
[2018-07-24 22:56:21] trace  /app/index.php?i=1&uniacid=1&t=undefined&v=1.3&m=ewei_shopv2&from=wxapp&c=entry&a=wxapp&do=main&&state=we7sid-061bd8da5f917bd40165dfde103d3f46&sign=2d9a2e752ad85dbd6f777ec2fe2ae167 pn=upload; op=order; orderid=12671; 
上传
[2018-07-24 23:06:26] trace  /app/index.php?i=1&uniacid=1&t=undefined&v=1.3&m=ewei_shopv2&from=wxapp&c=entry&a=wxapp&do=main&&state=we7sid-9a27e92f6259c078258eacfa9be89e92&sign=2ac98119ca4da4e000e7bb8241464007 pn=upload; op=order; orderid=12672; 
上传
[2018-07-24 23:22:55] trace  /app/index.php?i=1&uniacid=1&t=undefined&v=1.3&m=ewei_shopv2&from=wxapp&c=entry&a=wxapp&do=main&&state=we7sid-dabe3e11b6588bd647279f253969de7f&sign=0f1f5d0dd65fc8a4bd207667174fb6d6 op=order; orderid=12673; pn=upload; 
上传
[2018-07-24 23:41:11] trace  /app/index.php?i=1&uniacid=1&t=undefined&v=1.3&m=ewei_shopv2&from=wxapp&c=entry&a=wxapp&do=main&&state=we7sid-02b9e37d8a6ce76ed2e30df8a34e9159&sign=8e188e2fbde805b1477d141d0b18b6ff op=order; orderid=12674; pn=upload; 
上传
[2018-07-24 23:44:23] trace  /app/index.php?i=1&uniacid=1&t=undefined&v=1.3&m=ewei_shopv2&from=wxapp&c=entry&a=wxapp&do=main&&state=we7sid-aebf480234ba584f71d419a45ad95994&sign=4653ebf4d01e7b48b9dcf0eaed2d6827 pn=upload; op=order; orderid=12675; 
上传
[2018-07-24 23:59:48] trace  /app/index.php?i=1&uniacid=1&t=undefined&v=1.3&m=ewei_shopv2&from=wxapp&c=entry&a=wxapp&do=main&&state=we7sid-cf90683ab12f7a2256cae49d9a37633b&sign=fe59f66a8a12f25171e421fcfcddd0f5 pn=upload; op=order; orderid=12676; 
上传
