[2018-07-02 00:04:22] trace  /app/index.php?i=1&uniacid=1&t=undefined&v=1.3&m=ewei_shopv2&from=wxapp&c=entry&a=wxapp&do=main&&state=we7sid-391ffb20d1fb0d5d36777c6ae832f9c9&sign=05394bfbaa92fe9702bee723d56c4247 pn=upload; op=author; orderid=9411; 
上传
[2018-07-02 00:06:14] trace  /app/index.php?i=1&uniacid=1&t=undefined&v=1.3&m=ewei_shopv2&from=wxapp&c=entry&a=wxapp&do=main&&state=we7sid-6b97e81400a33fdf42b149410c8004c7&sign=738f0b58cc5b737167add76f75a5e8bb pn=upload; op=order; orderid=9820; 
上传
[2018-07-02 00:06:27] trace  /app/index.php?i=1&uniacid=1&t=undefined&v=1.3&m=ewei_shopv2&from=wxapp&c=entry&a=wxapp&do=main&&state=we7sid-6b97e81400a33fdf42b149410c8004c7&sign=738f0b58cc5b737167add76f75a5e8bb pn=upload; op=order; orderid=9821; 
上传
[2018-07-02 00:10:47] trace  /app/index.php?i=1&uniacid=1&t=undefined&v=1.3&m=ewei_shopv2&from=wxapp&c=entry&a=wxapp&do=main&&state=we7sid-8e8a8506c5870369b456c15420858f00&sign=227b9d2e77ede3324054269274c40fdc pn=upload; op=order; orderid=9822; 
上传
[2018-07-02 00:20:16] trace  /app/index.php?i=1&uniacid=1&t=undefined&v=1.3&m=ewei_shopv2&from=wxapp&c=entry&a=wxapp&do=main&&state=we7sid-391ffb20d1fb0d5d36777c6ae832f9c9&sign=05394bfbaa92fe9702bee723d56c4247 pn=upload; op=author; orderid=9416; 
上传
[2018-07-02 00:34:06] trace  /app/index.php?i=1&uniacid=1&t=undefined&v=1.3&m=ewei_shopv2&from=wxapp&c=entry&a=wxapp&do=main&&state=we7sid-391ffb20d1fb0d5d36777c6ae832f9c9&sign=05394bfbaa92fe9702bee723d56c4247 pn=upload; op=author; orderid=9467; 
上传
[2018-07-02 00:46:44] trace  /app/index.php?i=1&uniacid=1&t=undefined&v=1.3&m=ewei_shopv2&from=wxapp&c=entry&a=wxapp&do=main&&state=we7sid-391ffb20d1fb0d5d36777c6ae832f9c9&sign=05394bfbaa92fe9702bee723d56c4247 pn=upload; op=author; orderid=9469; 
上传
[2018-07-02 00:59:51] trace  /app/index.php?i=1&uniacid=1&t=undefined&v=1.3&m=ewei_shopv2&from=wxapp&c=entry&a=wxapp&do=main&&state=we7sid-6e32ae7352a7585718855994f0f74a57&sign=4d2d162adde986e82d6af467ffd55ace pn=upload; op=order; orderid=9823; 
上传
[2018-07-02 01:04:52] trace  /app/index.php?i=1&uniacid=1&t=undefined&v=1.3&m=ewei_shopv2&from=wxapp&c=entry&a=wxapp&do=main&&state=we7sid-6e32ae7352a7585718855994f0f74a57&sign=4d2d162adde986e82d6af467ffd55ace pn=upload; op=order; orderid=9824; 
上传
[2018-07-02 07:00:40] trace  /app/index.php?i=1&uniacid=1&t=undefined&v=1.3&m=ewei_shopv2&from=wxapp&c=entry&a=wxapp&do=main&&state=we7sid-b7fedff5916e7be049b7f3e301da90a7&sign=af818cae7f8f9b5ef61cbabd8b2dbba7 pn=upload; op=order; orderid=9825; 
上传
[2018-07-02 07:18:32] trace  /app/index.php?i=1&uniacid=1&t=undefined&v=1.3&m=ewei_shopv2&from=wxapp&c=entry&a=wxapp&do=main&&state=we7sid-262017ee36e223dee654a4948fc05634&sign=8c86dbf29b539b78ee1574ead2b0fdf6 pn=upload; op=order; orderid=9826; 
上传
[2018-07-02 07:28:27] trace  /app/index.php?i=1&uniacid=1&t=undefined&v=1.3&m=ewei_shopv2&from=wxapp&c=entry&a=wxapp&do=main&&state=we7sid-ca1eef06702e4254392e06dde9d0006a&sign=76dd1f65bfc9dacae755a355c8dc047d op=order; orderid=9827; pn=upload; 
上传
[2018-07-02 07:58:57] trace  /app/index.php?i=1&uniacid=1&t=undefined&v=1.3&m=ewei_shopv2&from=wxapp&c=entry&a=wxapp&do=main&&state=we7sid-00337574af136ebbe3bea91a73e8dc60&sign=082217deaa62bd94942284b18c46843d pn=upload; op=order; orderid=9828; 
上传
[2018-07-02 07:59:00] trace  /app/index.php?i=1&uniacid=1&t=undefined&v=1.3&m=ewei_shopv2&from=wxapp&c=entry&a=wxapp&do=main&&state=we7sid-5f5a668650b6f6d389b0026866d76815&sign=f5796299d7caeed4828c2da635521b3d op=order; pn=upload; orderid=9829; 
上传
[2018-07-02 08:49:57] trace  /app/index.php?i=1&uniacid=1&t=undefined&v=1.3&m=ewei_shopv2&from=wxapp&c=entry&a=wxapp&do=main&&state=we7sid-e0607b2c822152013cf7a2ee7498d9fd&sign=fbde192342a17b173b343dceb6abf986 pn=upload; op=order; orderid=9830; 
上传
[2018-07-02 09:12:32] trace  /app/index.php?i=1&uniacid=1&t=undefined&v=1.3&m=ewei_shopv2&from=wxapp&c=entry&a=wxapp&do=main&&state=we7sid-ee8c093e3613837100eda6683703ad0c&sign=ac0676351a23edf69da21926e016da00 pn=upload; op=order; orderid=9831; 
上传
[2018-07-02 09:26:37] trace  /app/index.php?i=1&uniacid=1&t=undefined&v=1.3&m=ewei_shopv2&from=wxapp&c=entry&a=wxapp&do=main&&state=we7sid-ddfe49f081dc89d7dcbbf76a48f1a2de&sign=f1acc05d6d605aacdd3fdb9cb8c6feca op=order; orderid=9832; pn=upload; 
上传
[2018-07-02 09:32:33] trace  /app/index.php?i=1&uniacid=1&t=undefined&v=1.3&m=ewei_shopv2&from=wxapp&c=entry&a=wxapp&do=main&&state=we7sid-71976ee7a68c16f86443529d82dc40b9&sign=2e5b12a772a4d53546537db1b63ac389 pn=upload; op=order; orderid=9833; 
上传
[2018-07-02 09:33:01] trace  /app/index.php?i=1&uniacid=1&t=undefined&v=1.3&m=ewei_shopv2&from=wxapp&c=entry&a=wxapp&do=main&&state=we7sid-71976ee7a68c16f86443529d82dc40b9&sign=2e5b12a772a4d53546537db1b63ac389 pn=upload; op=order; orderid=9834; 
上传
[2018-07-02 09:34:36] trace  /app/index.php?i=1&uniacid=1&t=undefined&v=1.3&m=ewei_shopv2&from=wxapp&c=entry&a=wxapp&do=main&&state=we7sid-3ea1c2af7dc8f0d92ffc30c1363cedcd&sign=c5f28d651e15d9929ba7502fba09a8f7 pn=upload; op=order; orderid=9835; 
上传
[2018-07-02 09:50:18] trace  /app/index.php?i=1&uniacid=1&t=undefined&v=1.3&m=ewei_shopv2&from=wxapp&c=entry&a=wxapp&do=main&&state=we7sid-8cb246400723a8e702a5ea972cee7108&sign=9dde6cea6ace28a0f2392098b9e93471 pn=upload; op=order; orderid=9836; 
上传
[2018-07-02 10:00:02] trace  /app/index.php?i=1&uniacid=1&t=undefined&v=1.3&m=ewei_shopv2&from=wxapp&c=entry&a=wxapp&do=main&&state=we7sid-c266a2855b957edd8074ce3dc63fb784&sign=6065761b87bc0d5d14705d4a70e97d9c pn=upload; op=order; orderid=9837; 
上传
[2018-07-02 10:00:10] trace  /app/index.php?i=1&uniacid=1&t=undefined&v=1.3&m=ewei_shopv2&from=wxapp&c=entry&a=wxapp&do=main&&state=we7sid-c266a2855b957edd8074ce3dc63fb784&sign=6065761b87bc0d5d14705d4a70e97d9c pn=upload; op=order; orderid=9838; 
上传
[2018-07-02 10:27:01] trace  /app/index.php?i=1&uniacid=1&t=undefined&v=1.3&m=ewei_shopv2&from=wxapp&c=entry&a=wxapp&do=main&&state=we7sid-612defc930a563eab80c1b71a1dc257b&sign=31b396d6dba902b049600f8340dbb08a pn=upload; op=order; orderid=9839; 
上传
[2018-07-02 10:32:05] trace  /app/index.php?i=1&uniacid=1&t=undefined&v=1.3&m=ewei_shopv2&from=wxapp&c=entry&a=wxapp&do=main&&state=we7sid-612defc930a563eab80c1b71a1dc257b&sign=31b396d6dba902b049600f8340dbb08a pn=upload; op=order; orderid=9840; 
上传
[2018-07-02 10:39:06] trace  /app/index.php?i=1&uniacid=1&t=undefined&v=1.3&m=ewei_shopv2&from=wxapp&c=entry&a=wxapp&do=main&&state=we7sid-9ed68117b7cc688b0d64f56f6754201f&sign=bd17b203125b63b127a3dfa0d2803cb5 op=order; orderid=9841; pn=upload; 
上传
[2018-07-02 11:08:11] trace  /app/index.php?i=1&uniacid=1&t=undefined&v=1.3&m=ewei_shopv2&from=wxapp&c=entry&a=wxapp&do=main&&state=we7sid-cbf7cdc63eec912f127ae540105940d5&sign=359114b313f69e723696bdc24b8922e3 pn=upload; op=order; orderid=9842; 
上传
[2018-07-02 11:56:22] trace  /app/index.php?i=1&uniacid=1&t=undefined&v=1.3&m=ewei_shopv2&from=wxapp&c=entry&a=wxapp&do=main&&state=we7sid-e52b5e6d6c8d6b6ad283dfa30648d8bb&sign=35332ec95080f8cd308df18044600be4 pn=upload; op=order; orderid=9843; 
上传
[2018-07-02 12:20:35] trace  /app/index.php?i=1&uniacid=1&t=undefined&v=1.3&m=ewei_shopv2&from=wxapp&c=entry&a=wxapp&do=main&&state=we7sid-23c41514887e986f579c545b777e4d54&sign=7ee37ac0cfb2c48c203f23be5dc8f081 op=order; pn=upload; orderid=9844; 
上传
[2018-07-02 12:21:57] trace  /app/index.php?i=1&uniacid=1&t=undefined&v=1.3&m=ewei_shopv2&from=wxapp&c=entry&a=wxapp&do=main&&state=we7sid-c2c26bf3192350bf33a70db5d0dbfd31&sign=5de81121f379bc530330664044fb7b90 pn=upload; op=order; orderid=9845; 
上传
[2018-07-02 13:03:05] trace  /app/index.php?i=1&uniacid=1&t=undefined&v=1.3&m=ewei_shopv2&from=wxapp&c=entry&a=wxapp&do=main&&state=we7sid-b0fd1c9038325c8ad6a62afeb5fdc074&sign=00b279bd90901822416b5b72f63a6b0d pn=upload; op=order; orderid=9846; 
上传
[2018-07-02 13:21:27] trace  /app/index.php?i=1&uniacid=1&t=undefined&v=1.3&m=ewei_shopv2&from=wxapp&c=entry&a=wxapp&do=main&&state=we7sid-8c30b35cef681363620b3061791d05be&sign=d08c4c9590ae5e6648d58c22fabf908d pn=upload; op=order; orderid=9848; 
上传
[2018-07-02 13:21:27] trace  /app/index.php?i=1&uniacid=1&t=undefined&v=1.3&m=ewei_shopv2&from=wxapp&c=entry&a=wxapp&do=main&&state=we7sid-b6a5dd1f3921acb962bb66e657a3cb52&sign=41e99b50de804e75a2f02f485e714a97 pn=upload; op=order; orderid=9847; 
上传
[2018-07-02 13:27:45] trace  /app/index.php?i=1&uniacid=1&t=undefined&v=1.3&m=ewei_shopv2&from=wxapp&c=entry&a=wxapp&do=main&&state=we7sid-3a902ba81a67af6199f77dcd2614aee6&sign=c8dd136a33df4b6b9dec4cc42113867d pn=upload; op=order; orderid=9849; 
上传
[2018-07-02 13:42:46] trace  /app/index.php?i=1&uniacid=1&t=undefined&v=1.3&m=ewei_shopv2&from=wxapp&c=entry&a=wxapp&do=main&&state=we7sid-54b4a695fc3331a536d29bf0dd96d92b&sign=5c22c1e314882cd0ae1c2aaf6be5388b pn=upload; op=order; orderid=9850; 
上传
[2018-07-02 13:51:08] trace  /app/index.php?i=1&uniacid=1&t=undefined&v=1.3&m=ewei_shopv2&from=wxapp&c=entry&a=wxapp&do=main&&state=we7sid-c696052a24a06cbac6face85d037dfa1&sign=3a4cad377473dc27e3353a255b8c6008 pn=upload; op=order; orderid=9851; 
上传
[2018-07-02 13:57:46] trace  /app/index.php?i=1&uniacid=1&t=undefined&v=1.3&m=ewei_shopv2&from=wxapp&c=entry&a=wxapp&do=main&&state=we7sid-736cf40382a977c4f922919183645786&sign=b0504e56519865040a991781671535c9 pn=upload; op=order; orderid=9852; 
上传
[2018-07-02 14:03:46] trace  /app/index.php?i=1&uniacid=1&t=undefined&v=1.3&m=ewei_shopv2&from=wxapp&c=entry&a=wxapp&do=main&&state=we7sid-b10eb65c12310d58ca98ca6e5604fd58&sign=635a777d3e97851e534b6d3713ceb329 pn=upload; op=order; orderid=9853; 
上传
[2018-07-02 14:04:13] trace  /app/index.php?i=1&uniacid=1&t=undefined&v=1.3&m=ewei_shopv2&from=wxapp&c=entry&a=wxapp&do=main&&state=we7sid-6e2b7fa7854cc5a00bf1ef57460e953a&sign=8d24df5abdb66ba282985e47dd209bcb pn=upload; op=order; orderid=9854; 
上传
[2018-07-02 14:29:20] trace  /app/index.php?i=1&uniacid=1&t=undefined&v=1.3&m=ewei_shopv2&from=wxapp&c=entry&a=wxapp&do=main&&state=we7sid-de6400faf55c02ccd4422a30ad5227b6&sign=1d1f80c4b4f484092389d491b4ac4b2c pn=upload; op=order; orderid=9855; 
上传
[2018-07-02 15:04:07] trace  /app/index.php?i=1&uniacid=1&t=undefined&v=1.3&m=ewei_shopv2&from=wxapp&c=entry&a=wxapp&do=main&&state=we7sid-a0bd213a73ccac6cad4e20e21947a445&sign=2fd0d78d3b76ff420f3c476879da4363 pn=upload; op=order; orderid=9856; 
上传
[2018-07-02 15:06:45] trace  /app/index.php?i=1&uniacid=1&t=undefined&v=1.3&m=ewei_shopv2&from=wxapp&c=entry&a=wxapp&do=main&&state=we7sid-06e46c0fd6129ad44717692143dd885b&sign=fb97fb36bbb1ff5e3d8200c0da77eb88 op=order; orderid=9857; pn=upload; 
上传
[2018-07-02 15:08:17] trace  /app/index.php?i=1&uniacid=1&t=undefined&v=1.3&m=ewei_shopv2&from=wxapp&c=entry&a=wxapp&do=main&&state=we7sid-2f5004558881d9858e773a3a90871eee&sign=efa316a67420d60fa2abdfde83884b47 pn=upload; op=order; orderid=9858; 
上传
[2018-07-02 15:40:23] trace  /app/index.php?i=1&uniacid=1&t=undefined&v=1.3&m=ewei_shopv2&from=wxapp&c=entry&a=wxapp&do=main&&state=we7sid-98bc541cd524a79bb99c43d74cd734b8&sign=c5a7c7d40240c236b87a59956e337dc9 pn=upload; op=order; orderid=9859; 
上传
[2018-07-02 15:41:28] trace  /app/index.php?i=1&uniacid=1&t=undefined&v=1.3&m=ewei_shopv2&from=wxapp&c=entry&a=wxapp&do=main&&state=we7sid-8ce341ad91911c1b4798f3aefcbf9aef&sign=4d4425f5c8d933207b3b9dc7f09622bf pn=upload; op=order; orderid=9860; 
上传
[2018-07-02 15:56:59] trace  /app/index.php?i=1&uniacid=1&t=undefined&v=1.3&m=ewei_shopv2&from=wxapp&c=entry&a=wxapp&do=main&&state=we7sid-75f6727375fd97c3290f56bae6e98c31&sign=b7e0f08a2e52ee8bfe937382e6c8de90 pn=upload; op=order; orderid=9861; 
上传
[2018-07-02 16:03:05] trace  /app/index.php?i=1&uniacid=1&t=undefined&v=1.3&m=ewei_shopv2&from=wxapp&c=entry&a=wxapp&do=main&&state=we7sid-12a048629e12aa3fc917a29bdc178273&sign=e829633d1ff1ef74914f5cdaff705c1e pn=upload; op=order; orderid=9862; 
上传
[2018-07-02 16:50:03] trace  /app/index.php?i=1&uniacid=1&t=undefined&v=1.3&m=ewei_shopv2&from=wxapp&c=entry&a=wxapp&do=main&&state=we7sid-cd6407bdcdc1ce8b0b1a129903575f61&sign=f6b1d169344c5729eb59f13060ebb891 pn=upload; op=order; orderid=9863; 
上传
[2018-07-02 16:52:42] trace  /app/index.php?i=1&uniacid=1&t=undefined&v=1.3&m=ewei_shopv2&from=wxapp&c=entry&a=wxapp&do=main&&state=we7sid-cd6407bdcdc1ce8b0b1a129903575f61&sign=f6b1d169344c5729eb59f13060ebb891 pn=upload; op=order; orderid=9864; 
上传
[2018-07-02 16:52:43] trace  /app/index.php?i=1&uniacid=1&t=undefined&v=1.3&m=ewei_shopv2&from=wxapp&c=entry&a=wxapp&do=main&&state=we7sid-cd6407bdcdc1ce8b0b1a129903575f61&sign=f6b1d169344c5729eb59f13060ebb891 pn=upload; op=order; orderid=9864; 
上传
[2018-07-02 17:08:46] trace  /app/index.php?i=1&uniacid=1&t=undefined&v=1.3&m=ewei_shopv2&from=wxapp&c=entry&a=wxapp&do=main&&state=we7sid-720baed103132ae02400b250ea67d7bb&sign=9f1c85481f25208a7cdd12e9cc9e55d3 pn=upload; op=order; orderid=9865; 
上传
[2018-07-02 17:16:25] trace  /app/index.php?i=1&uniacid=1&t=undefined&v=1.3&m=ewei_shopv2&from=wxapp&c=entry&a=wxapp&do=main&&state=we7sid-e9ee6875bfb14b3fb0988ab6236d4e1c&sign=18d1286ac06f205c3800f9473b1685c8 pn=upload; op=order; orderid=9866; 
上传
[2018-07-02 17:28:17] trace  /app/index.php?i=1&uniacid=1&t=undefined&v=1.3&m=ewei_shopv2&from=wxapp&c=entry&a=wxapp&do=main&&state=we7sid-e82d7db996c86721a686333a0a31e2b2&sign=9cbe09ae304223892b29ae9bec59bac8 pn=upload; op=order; orderid=9867; 
上传
[2018-07-02 17:32:10] trace  /app/index.php?i=1&uniacid=1&t=undefined&v=1.3&m=ewei_shopv2&from=wxapp&c=entry&a=wxapp&do=main&&state=we7sid-a7d7c911a1b7ec6b0503734af36914c3&sign=43738acb9b1e3fac8083602f4c65f59d pn=upload; op=order; orderid=9868; 
上传
[2018-07-02 17:36:23] trace  /app/index.php?i=1&uniacid=1&t=undefined&v=1.3&m=ewei_shopv2&from=wxapp&c=entry&a=wxapp&do=main&&state=we7sid-da1ee1a3641db34474cc74e89f02abdf&sign=1641c1b9dc49383c88f4d62f805e7b96 pn=upload; op=order; orderid=9869; 
上传
[2018-07-02 17:50:22] trace  /app/index.php?i=1&uniacid=1&t=undefined&v=1.3&m=ewei_shopv2&from=wxapp&c=entry&a=wxapp&do=main&&state=we7sid-c70aada8e88d608b13339c8d7b2bc1f9&sign=a1ea58675a167415606b0b0ce9159612 pn=upload; op=order; orderid=9870; 
上传
[2018-07-02 18:15:49] trace  /app/index.php?i=1&uniacid=1&t=undefined&v=1.3&m=ewei_shopv2&from=wxapp&c=entry&a=wxapp&do=main&&state=we7sid-7a2baf492fc35898ae7f7b321a9c4b1a&sign=9d4e0b950176b5e4af6fb38d8004797a pn=upload; op=order; orderid=9871; 
上传
[2018-07-02 18:46:23] trace  /app/index.php?i=1&uniacid=1&t=undefined&v=1.3&m=ewei_shopv2&from=wxapp&c=entry&a=wxapp&do=main&&state=we7sid-7692bbc67d2bf41a6faabad136fc4029&sign=dd2e5d8f3c317313b646ba03d3806410 pn=upload; op=order; orderid=9872; 
上传
[2018-07-02 18:53:37] trace  /app/index.php?i=1&uniacid=1&t=undefined&v=1.3&m=ewei_shopv2&from=wxapp&c=entry&a=wxapp&do=main&&state=we7sid-ddc2c02c2cbb6b8ae7130435806e7bc5&sign=17efc93bf9cf05d1ec0245626ffd2b55 pn=upload; op=order; orderid=9873; 
上传
[2018-07-02 19:05:22] trace  /app/index.php?i=1&uniacid=1&t=undefined&v=1.3&m=ewei_shopv2&from=wxapp&c=entry&a=wxapp&do=main&&state=we7sid-33a0c8e77b1df3d0a31c0c64c3b12fee&sign=50636c3752606d6e31a53c0f6048480c pn=upload; op=order; orderid=9874; 
上传
[2018-07-02 19:28:20] trace  /app/index.php?i=1&uniacid=1&t=undefined&v=1.3&m=ewei_shopv2&from=wxapp&c=entry&a=wxapp&do=main&&state=we7sid-1903a3b3509d4dcec8fc3bc20bcecbe1&sign=05c3b3c2dd3063670cd8366f78290846 pn=upload; op=order; orderid=9875; 
上传
[2018-07-02 19:54:23] trace  /app/index.php?i=1&uniacid=1&t=undefined&v=1.3&m=ewei_shopv2&from=wxapp&c=entry&a=wxapp&do=main&&state=we7sid-9e07f534fb66bc8699833054d1f7c111&sign=5b10da8ab1f3183072bab900a4554d9b pn=upload; op=order; orderid=9876; 
上传
[2018-07-02 19:57:19] trace  /app/index.php?i=1&uniacid=1&t=undefined&v=1.3&m=ewei_shopv2&from=wxapp&c=entry&a=wxapp&do=main&&state=we7sid-371ff3c7d1492d88e63269cd8162af8b&sign=6e8bb6e0992ce9f59750a52f35887994 pn=upload; op=order; orderid=9877; 
上传
[2018-07-02 20:07:19] trace  /app/index.php?i=1&uniacid=1&t=undefined&v=1.3&m=ewei_shopv2&from=wxapp&c=entry&a=wxapp&do=main&&state=we7sid-8b4466fd668cd03745a972d273c62c86&sign=1145f3bc8cf573194ae38d15f227851c pn=upload; op=order; orderid=9878; 
上传
[2018-07-02 20:19:09] trace  /app/index.php?i=1&uniacid=1&t=undefined&v=1.3&m=ewei_shopv2&from=wxapp&c=entry&a=wxapp&do=main&&state=we7sid-86e6dc6675eb9096b3f479e296edbf68&sign=4ca2cb84564d41d41f8e04622ce560f1 pn=upload; op=order; orderid=9879; 
上传
[2018-07-02 20:22:02] trace  /app/index.php?i=1&uniacid=1&t=undefined&v=1.3&m=ewei_shopv2&from=wxapp&c=entry&a=wxapp&do=main&&state=we7sid-6bc6905039b0da0f6234164a3598b4bc&sign=ffa330125d074161eadd282c00855f80 pn=upload; op=order; orderid=9880; 
上传
[2018-07-02 20:31:13] trace  /app/index.php?i=1&uniacid=1&t=undefined&v=1.3&m=ewei_shopv2&from=wxapp&c=entry&a=wxapp&do=main&&state=we7sid-1f8beff1b26682cfd7db9c10a9ea2ec1&sign=0157e4c929350292d5a1bca945f5ed25 pn=upload; op=order; orderid=9881; 
上传
[2018-07-02 20:31:55] trace  /app/index.php?i=1&uniacid=1&t=undefined&v=1.3&m=ewei_shopv2&from=wxapp&c=entry&a=wxapp&do=main&&state=we7sid-52ae1dfe37e2d821f32b1a28f2cd5a86&sign=107f52de2b31fbdfa5ca7f43b5e5ae62 op=order; pn=upload; orderid=9882; 
上传
[2018-07-02 20:34:59] trace  /app/index.php?i=1&uniacid=1&t=undefined&v=1.3&m=ewei_shopv2&from=wxapp&c=entry&a=wxapp&do=main&&state=we7sid-c9f444daca03fdc8d804f4b41777c12d&sign=1bee58a1ac292dbb44b620c30b37c548 pn=upload; op=order; orderid=9883; 
上传
[2018-07-02 20:36:11] trace  /app/index.php?i=1&uniacid=1&t=undefined&v=1.3&m=ewei_shopv2&from=wxapp&c=entry&a=wxapp&do=main&&state=we7sid-c9f444daca03fdc8d804f4b41777c12d&sign=1bee58a1ac292dbb44b620c30b37c548 pn=upload; op=order; orderid=9884; 
上传
[2018-07-02 20:36:12] trace  /app/index.php?i=1&uniacid=1&t=undefined&v=1.3&m=ewei_shopv2&from=wxapp&c=entry&a=wxapp&do=main&&state=we7sid-d4236492c4adc762fca787638ab451d4&sign=357f7fba37789c2c078e1b573f664b8f op=order; pn=upload; orderid=9885; 
上传
[2018-07-02 20:36:57] trace  /app/index.php?i=1&uniacid=1&t=undefined&v=1.3&m=ewei_shopv2&from=wxapp&c=entry&a=wxapp&do=main&&state=we7sid-f3e073a2ccca5876ad59238b6141add1&sign=20b24f316c43f5eba5730fe6ed8e2232 pn=upload; op=order; orderid=9886; 
上传
[2018-07-02 20:37:05] trace  /app/index.php?i=1&uniacid=1&t=undefined&v=1.3&m=ewei_shopv2&from=wxapp&c=entry&a=wxapp&do=main&&state=we7sid-f3e073a2ccca5876ad59238b6141add1&sign=20b24f316c43f5eba5730fe6ed8e2232 pn=upload; op=order; orderid=9887; 
上传
[2018-07-02 20:37:51] trace  /app/index.php?i=1&uniacid=1&t=undefined&v=1.3&m=ewei_shopv2&from=wxapp&c=entry&a=wxapp&do=main&&state=we7sid-f3e073a2ccca5876ad59238b6141add1&sign=20b24f316c43f5eba5730fe6ed8e2232 pn=upload; op=order; orderid=9888; 
上传
[2018-07-02 20:40:04] trace  /app/index.php?i=1&uniacid=1&t=undefined&v=1.3&m=ewei_shopv2&from=wxapp&c=entry&a=wxapp&do=main&&state=we7sid-b0e0a663412c2a91fa8c132615319f3a&sign=0df3ba3cbf3ae68bdd15fa82c355f331 pn=upload; op=order; orderid=9889; 
上传
[2018-07-02 20:40:59] trace  /app/index.php?i=1&uniacid=1&t=undefined&v=1.3&m=ewei_shopv2&from=wxapp&c=entry&a=wxapp&do=main&&state=we7sid-0d5366cb7deb4d1984ab4459a9cc0232&sign=fb8095aa4d44869c31c02fc787807c80 pn=upload; op=order; orderid=9890; 
上传
[2018-07-02 21:13:39] trace  /app/index.php?i=1&uniacid=1&t=undefined&v=1.3&m=ewei_shopv2&from=wxapp&c=entry&a=wxapp&do=main&&state=we7sid-af5a158808c59ac738d30cb42962ac7f&sign=88a526f0471e16eb64d9611990a34cf0 pn=upload; op=order; orderid=9891; 
上传
[2018-07-02 21:38:33] trace  /app/index.php?i=1&uniacid=1&t=undefined&v=1.3&m=ewei_shopv2&from=wxapp&c=entry&a=wxapp&do=main&&state=we7sid-64dced6fa84016bc2d88722f3db81afc&sign=c825f4242553f2ffd21fcb788387f950 op=order; orderid=9892; pn=upload; 
上传
[2018-07-02 22:08:29] trace  /app/index.php?i=1&uniacid=1&t=undefined&v=1.3&m=ewei_shopv2&from=wxapp&c=entry&a=wxapp&do=main&&state=we7sid-29631a808cae0ac44fb402830f0340b0&sign=a50642fdb940b1fc3283379f40a94a80 pn=upload; op=order; orderid=9893; 
上传
[2018-07-02 22:16:20] trace  /app/index.php?i=1&uniacid=1&t=undefined&v=1.3&m=ewei_shopv2&from=wxapp&c=entry&a=wxapp&do=main&&state=we7sid-c74f07b2071bc051414a44f87fbcb1c5&sign=6939cac6f29f25c79b2f9540ac54de79 pn=upload; op=order; orderid=9894; 
上传
[2018-07-02 22:18:06] trace  /app/index.php?i=1&uniacid=1&t=undefined&v=1.3&m=ewei_shopv2&from=wxapp&c=entry&a=wxapp&do=main&&state=we7sid-e0b563d9cc7330aa26182b4aa80b5c1f&sign=966c99e165a17206b0b58cdf5d52c34c pn=upload; op=order; orderid=9895; 
上传
[2018-07-02 22:18:16] trace  /app/index.php?i=1&uniacid=1&t=undefined&v=1.3&m=ewei_shopv2&from=wxapp&c=entry&a=wxapp&do=main&&state=we7sid-e0b563d9cc7330aa26182b4aa80b5c1f&sign=966c99e165a17206b0b58cdf5d52c34c pn=upload; op=order; orderid=9896; 
上传
[2018-07-02 22:38:06] trace  /app/index.php?i=1&uniacid=1&t=undefined&v=1.3&m=ewei_shopv2&from=wxapp&c=entry&a=wxapp&do=main&&state=we7sid-595a34be2bb19687b54bcbc3c095d448&sign=bdee3983739e48ce201a1dd332a1ba4b pn=upload; op=order; orderid=9897; 
上传
[2018-07-02 22:39:25] trace  /app/index.php?i=1&uniacid=1&t=undefined&v=1.3&m=ewei_shopv2&from=wxapp&c=entry&a=wxapp&do=main&&state=we7sid-c74f07b2071bc051414a44f87fbcb1c5&sign=6939cac6f29f25c79b2f9540ac54de79 pn=upload; op=order; orderid=9898; 
上传
[2018-07-02 22:47:56] trace  /app/index.php?i=1&uniacid=1&t=undefined&v=1.3&m=ewei_shopv2&from=wxapp&c=entry&a=wxapp&do=main&&state=we7sid-feb412baf87ed8cc5ea3971e31d5b000&sign=6a63ec353445e617993ba6bfeb905bca pn=upload; op=order; orderid=9899; 
上传
[2018-07-02 22:59:30] trace  /app/index.php?i=1&uniacid=1&t=undefined&v=1.3&m=ewei_shopv2&from=wxapp&c=entry&a=wxapp&do=main&&state=we7sid-f63447203ae8c5da72f31210291544be&sign=65345d86abecabf7331060230da4e091 op=order; pn=upload; orderid=9900; 
上传
[2018-07-02 23:19:04] trace  /app/index.php?i=1&uniacid=1&t=undefined&v=1.3&m=ewei_shopv2&from=wxapp&c=entry&a=wxapp&do=main&&state=we7sid-443aa714125f35ca53c93c18760c6c66&sign=ceb68eb9a83030429709322e961b51eb pn=upload; op=order; orderid=9901; 
上传
[2018-07-02 23:23:51] trace  /app/index.php?i=1&uniacid=1&t=undefined&v=1.3&m=ewei_shopv2&from=wxapp&c=entry&a=wxapp&do=main&&state=we7sid-525737bf0363ad7c2106353c69b04712&sign=97cb6cb16dfdff4d864a22767776615d pn=upload; op=order; orderid=9902; 
上传
[2018-07-02 23:32:21] trace  /app/index.php?i=1&uniacid=1&t=undefined&v=1.3&m=ewei_shopv2&from=wxapp&c=entry&a=wxapp&do=main&&state=we7sid-bda14e542d6b1763b1509a0d20fa2716&sign=23b4eb3ba3df8532181c43ab6a0c8711 pn=upload; op=order; orderid=9903; 
上传
[2018-07-02 23:33:23] trace  /app/index.php?i=1&uniacid=1&t=undefined&v=1.3&m=ewei_shopv2&from=wxapp&c=entry&a=wxapp&do=main&&state=we7sid-bda14e542d6b1763b1509a0d20fa2716&sign=23b4eb3ba3df8532181c43ab6a0c8711 pn=upload; op=order; orderid=9904; 
上传
[2018-07-02 23:48:00] trace  /app/index.php?i=1&uniacid=1&t=undefined&v=1.3&m=ewei_shopv2&from=wxapp&c=entry&a=wxapp&do=main&&state=we7sid-b8c3cd05269c89f83ab59499d2500050&sign=ee4c46dc39ea646153b8e8ad9759a2a6 pn=upload; op=order; orderid=9905; 
上传
