[2018-07-07 00:12:00] trace  /app/index.php?i=1&uniacid=1&t=undefined&v=1.3&m=ewei_shopv2&from=wxapp&c=entry&a=wxapp&do=main&&state=we7sid-49755cf3052a6a27aeb96623d127be85&sign=c149aea40b7abcb4ef1fd3ef0b32540f pn=upload; op=order; orderid=10306; 
上传
[2018-07-07 00:14:36] trace  /app/index.php?i=1&uniacid=1&t=undefined&v=1.3&m=ewei_shopv2&from=wxapp&c=entry&a=wxapp&do=main&&state=we7sid-f20dd8e69ac89b383b3d469fe699f6a8&sign=74d87a0fee70eb283c03180bf22e2432 pn=upload; op=order; orderid=10307; 
上传
[2018-07-07 00:14:36] trace  /app/index.php?i=1&uniacid=1&t=undefined&v=1.3&m=ewei_shopv2&from=wxapp&c=entry&a=wxapp&do=main&&state=we7sid-f20dd8e69ac89b383b3d469fe699f6a8&sign=74d87a0fee70eb283c03180bf22e2432 pn=upload; op=order; orderid=10307; 
上传
[2018-07-07 00:26:37] trace  /app/index.php?i=1&uniacid=1&t=undefined&v=1.3&m=ewei_shopv2&from=wxapp&c=entry&a=wxapp&do=main&&state=we7sid-00d6c157c3eabecf6c60d77a79692c1c&sign=766b40f9bbce55d8b1cb8bb26b632e5d pn=upload; op=order; orderid=10308; 
上传
[2018-07-07 01:00:10] trace  /app/index.php?i=1&uniacid=1&t=undefined&v=1.3&m=ewei_shopv2&from=wxapp&c=entry&a=wxapp&do=main&&state=we7sid-80d28f71bffbd24683a3b509f107d0ee&sign=e3480979befcef50a985651dcfdcaf57 pn=upload; op=order; orderid=10309; 
上传
[2018-07-07 01:03:32] trace  /app/index.php?i=1&uniacid=1&t=undefined&v=1.3&m=ewei_shopv2&from=wxapp&c=entry&a=wxapp&do=main&&state=we7sid-48e33c121d4076deba0ebc976cb33a1e&sign=5d8f105b180c218f9c189f724c8fc58d pn=upload; op=order; orderid=10310; 
上传
[2018-07-07 01:49:16] trace  /app/index.php?i=1&uniacid=1&t=undefined&v=1.3&m=ewei_shopv2&from=wxapp&c=entry&a=wxapp&do=main&&state=we7sid-80d28f71bffbd24683a3b509f107d0ee&sign=e3480979befcef50a985651dcfdcaf57 pn=upload; op=order; orderid=10311; 
上传
[2018-07-07 02:28:10] trace  /app/index.php?i=1&uniacid=1&t=undefined&v=1.3&m=ewei_shopv2&from=wxapp&c=entry&a=wxapp&do=main&&state=we7sid-9ed99e7ca5e86f791cc613ecafb6385e&sign=36b59b0a3c04c5a8d6727e5344e14182 pn=upload; op=order; orderid=10312; 
上传
[2018-07-07 02:34:58] trace  /app/index.php?i=1&uniacid=1&t=undefined&v=1.3&m=ewei_shopv2&from=wxapp&c=entry&a=wxapp&do=main&&state=we7sid-470ac6595ca9024a3308beedd086ae7d&sign=14adfa96dd6f450f8fd8a50848154d91 op=order; orderid=10313; pn=upload; 
上传
[2018-07-07 03:04:43] trace  /app/index.php?i=1&uniacid=1&t=undefined&v=1.3&m=ewei_shopv2&from=wxapp&c=entry&a=wxapp&do=main&&state=we7sid-e3108a0cc8e5b74dd152a0a7a0abcbc8&sign=01229cef026b1f7d3ac1d967648e739c pn=upload; op=order; orderid=10314; 
上传
[2018-07-07 03:16:43] trace  /app/index.php?i=1&uniacid=1&t=undefined&v=1.3&m=ewei_shopv2&from=wxapp&c=entry&a=wxapp&do=main&&state=we7sid-7944f3edaed8a1b3ad6c4ed362616aaf&sign=85a0f89c427709f946ccbe9e20ccd247 pn=upload; op=order; orderid=10315; 
上传
[2018-07-07 03:20:50] trace  /app/index.php?i=1&uniacid=1&t=undefined&v=1.3&m=ewei_shopv2&from=wxapp&c=entry&a=wxapp&do=main&&state=we7sid-866395163751088d7c90b4a0a6d26219&sign=94833d84b5e6da88b4219bf90554d917 pn=upload; op=author; orderid=9996; 
上传
[2018-07-07 03:25:59] trace  /app/index.php?i=1&uniacid=1&t=undefined&v=1.3&m=ewei_shopv2&from=wxapp&c=entry&a=wxapp&do=main&&state=we7sid-e3108a0cc8e5b74dd152a0a7a0abcbc8&sign=01229cef026b1f7d3ac1d967648e739c pn=upload; op=order; orderid=10316; 
上传
[2018-07-07 03:27:11] trace  /app/index.php?i=1&uniacid=1&t=undefined&v=1.3&m=ewei_shopv2&from=wxapp&c=entry&a=wxapp&do=main&&state=we7sid-866395163751088d7c90b4a0a6d26219&sign=94833d84b5e6da88b4219bf90554d917 pn=upload; op=author; orderid=10039; 
上传
[2018-07-07 03:34:11] trace  /app/index.php?i=1&uniacid=1&t=undefined&v=1.3&m=ewei_shopv2&from=wxapp&c=entry&a=wxapp&do=main&&state=we7sid-866395163751088d7c90b4a0a6d26219&sign=94833d84b5e6da88b4219bf90554d917 pn=upload; op=author; orderid=10058; 
上传
[2018-07-07 06:08:53] trace  /app/index.php?i=1&uniacid=1&t=undefined&v=1.3&m=ewei_shopv2&from=wxapp&c=entry&a=wxapp&do=main&&state=we7sid-622dbc0c58c6273a69f76ee27d2f469a&sign=60265c2fc183bcb407f3c8607e5735f5 pn=upload; op=order; orderid=10317; 
上传
[2018-07-07 06:10:42] trace  /app/index.php?i=1&uniacid=1&t=undefined&v=1.3&m=ewei_shopv2&from=wxapp&c=entry&a=wxapp&do=main&&state=we7sid-622dbc0c58c6273a69f76ee27d2f469a&sign=60265c2fc183bcb407f3c8607e5735f5 pn=upload; op=order; orderid=10318; 
上传
[2018-07-07 06:27:29] trace  /app/index.php?i=1&uniacid=1&t=undefined&v=1.3&m=ewei_shopv2&from=wxapp&c=entry&a=wxapp&do=main&&state=we7sid-5156c42c553ca1a406fd53ef4bb74a41&sign=396541c37d24dd47115164ae01ff9755 pn=upload; op=order; orderid=10319; 
上传
[2018-07-07 08:12:23] trace  /app/index.php?i=1&uniacid=1&t=undefined&v=1.3&m=ewei_shopv2&from=wxapp&c=entry&a=wxapp&do=main&&state=we7sid-3ab3f5d13f55206ffcb5c0fcbfb66eb2&sign=9d7506d1d9775303585e530fa63a9b47 pn=upload; op=order; orderid=10320; 
上传
[2018-07-07 08:15:36] trace  /app/index.php?i=1&uniacid=1&t=undefined&v=1.3&m=ewei_shopv2&from=wxapp&c=entry&a=wxapp&do=main&&state=we7sid-a07809f0c18d129f8ec08f5bb6e55bd3&sign=f7e9abe9b50296475f0e1dd3cf82f0ce pn=upload; op=order; orderid=10321; 
上传
[2018-07-07 08:16:53] trace  /app/index.php?i=1&uniacid=1&t=undefined&v=1.3&m=ewei_shopv2&from=wxapp&c=entry&a=wxapp&do=main&&state=we7sid-33d5c18cbc0fa72d921d403ee6a168ac&sign=3609677086d4049c1428da03dc1cbf68 pn=upload; op=order; orderid=10322; 
上传
[2018-07-07 08:55:33] trace  /app/index.php?i=1&uniacid=1&t=undefined&v=1.3&m=ewei_shopv2&from=wxapp&c=entry&a=wxapp&do=main&&state=we7sid-af0d303b2da49574f3ff6d4a0a3a962e&sign=11c6781aaf15f9a5f7adeb9f47d76aa4 op=order; pn=upload; orderid=10323; 
上传
[2018-07-07 09:06:53] trace  /app/index.php?i=1&uniacid=1&t=undefined&v=1.3&m=ewei_shopv2&from=wxapp&c=entry&a=wxapp&do=main&&state=we7sid-e14b42cb9f2e2412bbbdcbb3d3453838&sign=e395e02f4ab24333f46d328f874100b6 pn=upload; op=order; orderid=10324; 
上传
[2018-07-07 09:23:38] trace  /app/index.php?i=1&uniacid=1&t=undefined&v=1.3&m=ewei_shopv2&from=wxapp&c=entry&a=wxapp&do=main&&state=we7sid-8fd894f1bae50bb587b590d5e35e19ec&sign=cd78c2e6d4b9f4a606d0811f5b967814 pn=upload; op=order; orderid=10325; 
上传
[2018-07-07 09:41:44] trace  /app/index.php?i=1&uniacid=1&t=undefined&v=1.3&m=ewei_shopv2&from=wxapp&c=entry&a=wxapp&do=main&&state=we7sid-7692793c0eb39e1d41ed81f2441e0ab0&sign=6130c395cbe7c6ef14d34d141487366d pn=upload; op=order; orderid=10326; 
上传
[2018-07-07 10:25:53] trace  /app/index.php?i=1&uniacid=1&t=undefined&v=1.3&m=ewei_shopv2&from=wxapp&c=entry&a=wxapp&do=main&&state=we7sid-305c0dec911afc158ff44b0e5a4f6032&sign=65bf943d0b97b83986a7a35ba2d262e6 pn=upload; op=order; orderid=10327; 
上传
[2018-07-07 10:31:57] trace  /app/index.php?i=1&uniacid=1&t=undefined&v=1.3&m=ewei_shopv2&from=wxapp&c=entry&a=wxapp&do=main&&state=we7sid-157bfe1837bef06003d7aae9046ac7e8&sign=c526b1b7e34dd9aa0339394444bf8423 pn=upload; op=order; orderid=10328; 
上传
[2018-07-07 10:51:48] trace  /app/index.php?i=1&uniacid=1&t=undefined&v=1.3&m=ewei_shopv2&from=wxapp&c=entry&a=wxapp&do=main&&state=we7sid-13aecb73a8028f0b955baf3c23f99a05&sign=57b47ad6ebb130b84c56836daca331fb pn=upload; op=order; orderid=10329; 
上传
[2018-07-07 11:12:32] trace  /app/index.php?i=1&uniacid=1&t=undefined&v=1.3&m=ewei_shopv2&from=wxapp&c=entry&a=wxapp&do=main&&state=we7sid-deeb1d86d2753982cffaa1e0a5e2c7fa&sign=ceaca80af6c928e957d43b4ddb66329f pn=upload; op=order; orderid=10330; 
上传
[2018-07-07 11:13:41] trace  /app/index.php?i=1&uniacid=1&t=undefined&v=1.3&m=ewei_shopv2&from=wxapp&c=entry&a=wxapp&do=main&&state=we7sid-0b2b834fc59efe58a5ef96f8656d5730&sign=26682b0a686d533b61f1fc381e6a5c29 pn=upload; op=order; orderid=10331; 
上传
[2018-07-07 11:13:59] trace  /app/index.php?i=1&uniacid=1&t=undefined&v=1.3&m=ewei_shopv2&from=wxapp&c=entry&a=wxapp&do=main&&state=we7sid-4cb4fbef7e09eda06f9deb2630c60f31&sign=ca2f7231a13a6bfbd18ffc9b9bb45a0f op=order; orderid=10332; pn=upload; 
上传
[2018-07-07 11:14:02] trace  /app/index.php?i=1&uniacid=1&t=undefined&v=1.3&m=ewei_shopv2&from=wxapp&c=entry&a=wxapp&do=main&&state=we7sid-9e73c8ca3b43a2c5882f32b872b6d41c&sign=04f9fe159af360d60915f9a241f409a7 pn=upload; op=order; orderid=10333; 
上传
[2018-07-07 11:14:21] trace  /app/index.php?i=1&uniacid=1&t=undefined&v=1.3&m=ewei_shopv2&from=wxapp&c=entry&a=wxapp&do=main&&state=we7sid-7298b422ada8fa9243fd6e9ee5076d4a&sign=ec2e606b05ec4fb1a9b90df829794ead pn=upload; op=order; orderid=10334; 
上传
[2018-07-07 11:14:26] trace  /app/index.php?i=1&uniacid=1&t=undefined&v=1.3&m=ewei_shopv2&from=wxapp&c=entry&a=wxapp&do=main&&state=we7sid-72087b46e2aa65b0e7812f6642d62fad&sign=057c864477faa47905ddd9d89b1b0d9c op=order; orderid=10335; pn=upload; 
上传
[2018-07-07 11:16:37] trace  /app/index.php?i=1&uniacid=1&t=undefined&v=1.3&m=ewei_shopv2&from=wxapp&c=entry&a=wxapp&do=main&&state=we7sid-189b42031038098131c91d08f28d320a&sign=64dc62f7d430c696ba489d50d24e394a pn=upload; op=order; orderid=10336; 
上传
[2018-07-07 11:16:41] trace  /app/index.php?i=1&uniacid=1&t=undefined&v=1.3&m=ewei_shopv2&from=wxapp&c=entry&a=wxapp&do=main&&state=we7sid-72ac0e9f41aa51d0c6d24d7ce07add84&sign=070d121338e751d570d8441990367bf4 pn=upload; op=order; orderid=10337; 
上传
[2018-07-07 11:20:17] trace  /app/index.php?i=1&uniacid=1&t=undefined&v=1.3&m=ewei_shopv2&from=wxapp&c=entry&a=wxapp&do=main&&state=we7sid-1c2f114a1783e4044a60cf21ab5cb7e5&sign=8b63b72e2979da0dfd760c048a374ee5 pn=upload; op=order; orderid=10338; 
上传
[2018-07-07 11:21:07] trace  /app/index.php?i=1&uniacid=1&t=undefined&v=1.3&m=ewei_shopv2&from=wxapp&c=entry&a=wxapp&do=main&&state=we7sid-9b4ec289d48b93b13f606747eb12afc6&sign=f9ac0631ba847bb6ae5d43b157ec9013 pn=upload; op=order; orderid=10339; 
上传
[2018-07-07 11:23:23] trace  /app/index.php?i=1&uniacid=1&t=undefined&v=1.3&m=ewei_shopv2&from=wxapp&c=entry&a=wxapp&do=main&&state=we7sid-e6e587566f7ce3e25d395fb0aab37025&sign=b2c8111b97d35956c34d824275ed2353 pn=upload; op=order; orderid=10340; 
上传
[2018-07-07 11:25:49] trace  /app/index.php?i=1&uniacid=1&t=undefined&v=1.3&m=ewei_shopv2&from=wxapp&c=entry&a=wxapp&do=main&&state=we7sid-4d8e7c964fb32046223fb88597ac5d41&sign=8b1b42ee25bdb03f231a02b5538e0147 pn=upload; op=order; orderid=10341; 
上传
[2018-07-07 11:30:56] trace  /app/index.php?i=1&uniacid=1&t=undefined&v=1.3&m=ewei_shopv2&from=wxapp&c=entry&a=wxapp&do=main&&state=we7sid-80a536172e9e05526c17df5d61ccaae9&sign=7a63784f8f5889de4196220aa42f792d pn=upload; op=order; orderid=10342; 
上传
[2018-07-07 11:38:09] trace  /app/index.php?i=1&uniacid=1&t=undefined&v=1.3&m=ewei_shopv2&from=wxapp&c=entry&a=wxapp&do=main&&state=we7sid-584b693890d491a14dec9e5b5ca9abfd&sign=e19c1e17784f5e6264a516d85dee5874 pn=upload; op=order; orderid=10343; 
上传
[2018-07-07 11:44:09] trace  /app/index.php?i=1&uniacid=1&t=undefined&v=1.3&m=ewei_shopv2&from=wxapp&c=entry&a=wxapp&do=main&&state=we7sid-b3d96c95930468acfbeef6cedd618263&sign=0d3a2f23e01e685d2e5b2edc21f68343 pn=upload; op=order; orderid=10344; 
上传
[2018-07-07 11:47:28] trace  /app/index.php?i=1&uniacid=1&t=undefined&v=1.3&m=ewei_shopv2&from=wxapp&c=entry&a=wxapp&do=main&&state=we7sid-af2847095a53bd7d856427fbad85eb09&sign=21f6c8a0034dcf0d2c18304e8151c166 pn=upload; op=order; orderid=10345; 
上传
[2018-07-07 11:53:44] trace  /app/index.php?i=1&uniacid=1&t=undefined&v=1.3&m=ewei_shopv2&from=wxapp&c=entry&a=wxapp&do=main&&state=we7sid-1251179f268416b36ad48b3b1709e0a0&sign=0bacba93fdad4310c5528878ede8d8ae pn=upload; op=order; orderid=10346; 
上传
[2018-07-07 11:53:55] trace  /app/index.php?i=1&uniacid=1&t=undefined&v=1.3&m=ewei_shopv2&from=wxapp&c=entry&a=wxapp&do=main&&state=we7sid-70ed6da83602dbe522eb3abe0213aa6a&sign=cc6ee2a4f4f3f33c1fb0771319782819 pn=upload; op=order; orderid=10347; 
上传
[2018-07-07 12:06:32] trace  /app/index.php?i=1&uniacid=1&t=undefined&v=1.3&m=ewei_shopv2&from=wxapp&c=entry&a=wxapp&do=main&&state=we7sid-b950c240051aea25de3fd975c495b128&sign=ff9ae911caca9c8e84d8a39dd8d2cd09 pn=upload; op=order; orderid=10348; 
上传
[2018-07-07 12:06:50] trace  /app/index.php?i=1&uniacid=1&t=undefined&v=1.3&m=ewei_shopv2&from=wxapp&c=entry&a=wxapp&do=main&&state=we7sid-57031cdef10374c0bcb5db282e8acbc0&sign=0fee21a19f9a67b8fad92b4d220227fb pn=upload; op=order; orderid=10349; 
上传
[2018-07-07 12:12:16] trace  /app/index.php?i=1&uniacid=1&t=undefined&v=1.3&m=ewei_shopv2&from=wxapp&c=entry&a=wxapp&do=main&&state=we7sid-508d814e5e0da202c0a655de0e3866a1&sign=36c9b9c655a314b9bb9b6ad04153f9c6 pn=upload; op=order; orderid=10350; 
上传
[2018-07-07 12:13:44] trace  /app/index.php?i=1&uniacid=1&t=undefined&v=1.3&m=ewei_shopv2&from=wxapp&c=entry&a=wxapp&do=main&&state=we7sid-3fce6bf4f05cd7282a671124561da823&sign=0186d81773727307765f116c4c0249bb pn=upload; op=order; orderid=10351; 
上传
[2018-07-07 12:14:34] trace  /app/index.php?i=1&uniacid=1&t=undefined&v=1.3&m=ewei_shopv2&from=wxapp&c=entry&a=wxapp&do=main&&state=we7sid-1ca6cfec5da6185135c5d9ff517d9d57&sign=260d00ec05718424bd197180ea4f70eb pn=upload; op=order; orderid=10352; 
上传
[2018-07-07 12:18:07] trace  /app/index.php?i=1&uniacid=1&t=undefined&v=1.3&m=ewei_shopv2&from=wxapp&c=entry&a=wxapp&do=main&&state=we7sid-99cb74f2258879f5e52ae74c2fdcd1d9&sign=e841dd4df3a4d9907265fa173cac21d1 pn=upload; op=order; orderid=10353; 
上传
[2018-07-07 12:19:54] trace  /app/index.php?i=1&uniacid=1&t=undefined&v=1.3&m=ewei_shopv2&from=wxapp&c=entry&a=wxapp&do=main&&state=we7sid-c5b400f4c9a4bc750b7e26dd8fc32bf2&sign=fa9d8c7e65b107c11cfcd3bda67a3565 pn=upload; op=order; orderid=10354; 
上传
[2018-07-07 12:23:45] trace  /app/index.php?i=1&uniacid=1&t=undefined&v=1.3&m=ewei_shopv2&from=wxapp&c=entry&a=wxapp&do=main&&state=we7sid-95bad8c67fe4cad0e50c62160bdcc794&sign=94c513169762483bbeb35c9e9a2d94e1 op=order; orderid=10355; pn=upload; 
上传
[2018-07-07 12:24:47] trace  /app/index.php?i=1&uniacid=1&t=undefined&v=1.3&m=ewei_shopv2&from=wxapp&c=entry&a=wxapp&do=main&&state=we7sid-0067d5a94858ddcf8b734b0d36175066&sign=7d953e0455125d5aa9522490270e234f op=order; orderid=10356; pn=upload; 
上传
[2018-07-07 12:26:58] trace  /app/index.php?i=1&uniacid=1&t=undefined&v=1.3&m=ewei_shopv2&from=wxapp&c=entry&a=wxapp&do=main&&state=we7sid-3b7c4ab41cdc9d2addb1e7181e0ba164&sign=239184d5eb21aac8dc358d2a248b80e2 pn=upload; op=order; orderid=10357; 
上传
[2018-07-07 12:27:47] trace  /app/index.php?i=1&uniacid=1&t=undefined&v=1.3&m=ewei_shopv2&from=wxapp&c=entry&a=wxapp&do=main&&state=we7sid-834ecfd4b078c90038e43c079a56ea02&sign=0aa2a2090f27a56ea86e1aef20262ea0 op=order; orderid=10358; pn=upload; 
上传
[2018-07-07 12:31:47] trace  /app/index.php?i=1&uniacid=1&t=undefined&v=1.3&m=ewei_shopv2&from=wxapp&c=entry&a=wxapp&do=main&&state=we7sid-13b238723f05850d61628cc4356337ce&sign=fc774823b758954347a692f9a7c485e8 pn=upload; op=order; orderid=10359; 
上传
[2018-07-07 12:34:03] trace  /app/index.php?i=1&uniacid=1&t=undefined&v=1.3&m=ewei_shopv2&from=wxapp&c=entry&a=wxapp&do=main&&state=we7sid-4a64d164837a80432dc20bd3d97be9bd&sign=68ed41ba08ec2d4848c91a6695857336 pn=upload; op=order; orderid=10360; 
上传
[2018-07-07 12:35:23] trace  /app/index.php?i=1&uniacid=1&t=undefined&v=1.3&m=ewei_shopv2&from=wxapp&c=entry&a=wxapp&do=main&&state=we7sid-1811d3effb2b0eae516cd9797be8d9aa&sign=20b2048778ef111d7721e408a1e6dae8 pn=upload; op=order; orderid=10361; 
上传
[2018-07-07 12:38:14] trace  /app/index.php?i=1&uniacid=1&t=undefined&v=1.3&m=ewei_shopv2&from=wxapp&c=entry&a=wxapp&do=main&&state=we7sid-53df5c12feb125196980103659860730&sign=306072be49213d5680dbc5ec636fbd58 op=order; orderid=10362; pn=upload; 
上传
[2018-07-07 12:41:54] trace  /app/index.php?i=1&uniacid=1&t=undefined&v=1.3&m=ewei_shopv2&from=wxapp&c=entry&a=wxapp&do=main&&state=we7sid-834ecfd4b078c90038e43c079a56ea02&sign=0aa2a2090f27a56ea86e1aef20262ea0 op=order; orderid=10363; pn=upload; 
上传
[2018-07-07 12:45:51] trace  /app/index.php?i=1&uniacid=1&t=undefined&v=1.3&m=ewei_shopv2&from=wxapp&c=entry&a=wxapp&do=main&&state=we7sid-1811d3effb2b0eae516cd9797be8d9aa&sign=20b2048778ef111d7721e408a1e6dae8 pn=upload; op=order; orderid=10364; 
上传
[2018-07-07 12:48:02] trace  /app/index.php?i=1&uniacid=1&t=undefined&v=1.3&m=ewei_shopv2&from=wxapp&c=entry&a=wxapp&do=main&&state=we7sid-acb1990d0461457a6d2f82740594ed45&sign=baacd9698db2d2786e6387d6e26c710b pn=upload; op=order; orderid=10365; 
上传
[2018-07-07 12:50:16] trace  /app/index.php?i=1&uniacid=1&t=undefined&v=1.3&m=ewei_shopv2&from=wxapp&c=entry&a=wxapp&do=main&&state=we7sid-e438f3a239f364c5ebe287898356f14b&sign=686007e901a1823a189f9a6c2aa38744 pn=upload; op=order; orderid=10366; 
上传
[2018-07-07 13:04:24] trace  /app/index.php?i=1&uniacid=1&t=undefined&v=1.3&m=ewei_shopv2&from=wxapp&c=entry&a=wxapp&do=main&&state=we7sid-338c6e37f1fde5b9a4278867cbeba7f4&sign=246b3ded3ddbb0761d5ed71107d10bf7 pn=upload; op=order; orderid=10367; 
上传
[2018-07-07 13:08:28] trace  /app/index.php?i=1&uniacid=1&t=undefined&v=1.3&m=ewei_shopv2&from=wxapp&c=entry&a=wxapp&do=main&&state=we7sid-f95d5fe015b3d5667900f5d313131da3&sign=888d8ab3fab76bbb59f67749db9db829 op=order; orderid=10368; pn=upload; 
上传
[2018-07-07 13:13:29] trace  /app/index.php?i=1&uniacid=1&t=undefined&v=1.3&m=ewei_shopv2&from=wxapp&c=entry&a=wxapp&do=main&&state=we7sid-65bc1ed72d6ce9bc8238d6b9060db57b&sign=95440352ab6d8bcf2d5eea72a122bb7a pn=upload; op=order; orderid=10369; 
上传
[2018-07-07 13:23:46] trace  /app/index.php?i=1&uniacid=1&t=undefined&v=1.3&m=ewei_shopv2&from=wxapp&c=entry&a=wxapp&do=main&&state=we7sid-dcb409715001158e7833c15047c05261&sign=83a491511ef695f80d7f2f777056417d pn=upload; op=order; orderid=10370; 
上传
[2018-07-07 13:24:31] trace  /app/index.php?i=1&uniacid=1&t=undefined&v=1.3&m=ewei_shopv2&from=wxapp&c=entry&a=wxapp&do=main&&state=we7sid-9be708b6f430157542f5a71710af98fe&sign=36d7ffa471d270f2cbe28f9d525925de pn=upload; op=order; orderid=10371; 
上传
[2018-07-07 13:34:54] trace  /app/index.php?i=1&uniacid=1&t=undefined&v=1.3&m=ewei_shopv2&from=wxapp&c=entry&a=wxapp&do=main&&state=we7sid-d38dbca6de82467de1101b4cfe9eee44&sign=7e35ff02f8aa07c2e0de62bb8fe0cb8b pn=upload; op=order; orderid=10372; 
上传
[2018-07-07 13:36:33] trace  /app/index.php?i=1&uniacid=1&t=undefined&v=1.3&m=ewei_shopv2&from=wxapp&c=entry&a=wxapp&do=main&&state=we7sid-58a7f1966f6bc0390f1a3b906bc88f0f&sign=3de56905654df0ab847d46ee6da683c5 pn=upload; op=order; orderid=10373; 
上传
[2018-07-07 13:42:44] trace  /app/index.php?i=1&uniacid=1&t=undefined&v=1.3&m=ewei_shopv2&from=wxapp&c=entry&a=wxapp&do=main&&state=we7sid-3f9c8a30ff75664ab0e1cc1a55abda9c&sign=1fe379818e8de1f88b9e2c9f7df78f2b pn=upload; op=order; orderid=10374; 
上传
[2018-07-07 13:46:45] trace  /app/index.php?i=1&uniacid=1&t=undefined&v=1.3&m=ewei_shopv2&from=wxapp&c=entry&a=wxapp&do=main&&state=we7sid-2edaf07be8db86de2850a68dba2445a8&sign=26409e9762be85eedba23d9203ee2d2e pn=upload; op=order; orderid=10375; 
上传
[2018-07-07 13:48:03] trace  /app/index.php?i=1&uniacid=1&t=undefined&v=1.3&m=ewei_shopv2&from=wxapp&c=entry&a=wxapp&do=main&&state=we7sid-0f4c6ea077596eed35550e52fe6c4d32&sign=e3e42aa5fbc544718005a96c824558a6 pn=upload; op=order; orderid=10376; 
上传
[2018-07-07 13:51:48] trace  /app/index.php?i=1&uniacid=1&t=undefined&v=1.3&m=ewei_shopv2&from=wxapp&c=entry&a=wxapp&do=main&&state=we7sid-c2f3e33dafb48f524efce1cb19a5cbf6&sign=27f5760f361d4d872bfbad18dc558462 pn=upload; op=order; orderid=10377; 
上传
[2018-07-07 13:55:12] trace  /app/index.php?i=1&uniacid=1&t=undefined&v=1.3&m=ewei_shopv2&from=wxapp&c=entry&a=wxapp&do=main&&state=we7sid-7d4b9287481145790bc4d45951b310e6&sign=fe31a5be0cbf1872b9b42679e6df314f pn=upload; op=order; orderid=10378; 
上传
[2018-07-07 13:55:12] trace  /app/index.php?i=1&uniacid=1&t=undefined&v=1.3&m=ewei_shopv2&from=wxapp&c=entry&a=wxapp&do=main&&state=we7sid-7d4b9287481145790bc4d45951b310e6&sign=fe31a5be0cbf1872b9b42679e6df314f pn=upload; op=order; orderid=10378; 
上传
[2018-07-07 13:55:34] trace  /app/index.php?i=1&uniacid=1&t=undefined&v=1.3&m=ewei_shopv2&from=wxapp&c=entry&a=wxapp&do=main&&state=we7sid-d9dd5d2cc10bf5347411bd72105a73f1&sign=b5921b4af212f6536b17b75fe3ce49c1 pn=upload; op=order; orderid=10379; 
上传
[2018-07-07 13:56:27] trace  /app/index.php?i=1&uniacid=1&t=undefined&v=1.3&m=ewei_shopv2&from=wxapp&c=entry&a=wxapp&do=main&&state=we7sid-82714531baca7fbed8a40074e4d4719e&sign=988d7d5b65ce4197368370924743a755 pn=upload; op=order; orderid=10380; 
上传
[2018-07-07 13:57:24] trace  /app/index.php?i=1&uniacid=1&t=undefined&v=1.3&m=ewei_shopv2&from=wxapp&c=entry&a=wxapp&do=main&&state=we7sid-82714531baca7fbed8a40074e4d4719e&sign=988d7d5b65ce4197368370924743a755 pn=upload; op=order; orderid=10381; 
上传
[2018-07-07 13:59:23] trace  /app/index.php?i=1&uniacid=1&t=undefined&v=1.3&m=ewei_shopv2&from=wxapp&c=entry&a=wxapp&do=main&&state=we7sid-8b681a39b8967903a0c2f52771ca3f61&sign=553f1145a5094328bc3a9ca71e792f17 pn=upload; op=order; orderid=10382; 
上传
[2018-07-07 13:59:56] trace  /app/index.php?i=1&uniacid=1&t=undefined&v=1.3&m=ewei_shopv2&from=wxapp&c=entry&a=wxapp&do=main&&state=we7sid-16ac40377963616f1aaa22d59626a4be&sign=8f73a722ac21e58d55c94989d359dd00 pn=upload; op=order; orderid=10383; 
上传
[2018-07-07 14:07:43] trace  /app/index.php?i=1&uniacid=1&t=undefined&v=1.3&m=ewei_shopv2&from=wxapp&c=entry&a=wxapp&do=main&&state=we7sid-1de9c208af61249e76416f32561a2b44&sign=8231eeda4fc965af065cbbd4226409de pn=upload; op=order; orderid=10384; 
上传
[2018-07-07 14:08:22] trace  /app/index.php?i=1&uniacid=1&t=undefined&v=1.3&m=ewei_shopv2&from=wxapp&c=entry&a=wxapp&do=main&&state=we7sid-76fc3ec136ba4ad046569c7d615bbf1b&sign=11139648d0ada8fc3ef697ff1ec7d326 pn=upload; op=order; orderid=10385; 
上传
[2018-07-07 14:09:36] trace  /app/index.php?i=1&uniacid=1&t=undefined&v=1.3&m=ewei_shopv2&from=wxapp&c=entry&a=wxapp&do=main&&state=we7sid-b29df1a48ca07b4ef3b6d4c383523aab&sign=1b6141ba9e9408cb24c9d2155a8a8741 op=order; pn=upload; orderid=10386; 
上传
[2018-07-07 14:10:18] trace  /app/index.php?i=1&uniacid=1&t=undefined&v=1.3&m=ewei_shopv2&from=wxapp&c=entry&a=wxapp&do=main&&state=we7sid-ca5a61347a549132c390a6a87cf3d595&sign=f4c76b62a07845ef1719525247a9c8a4 pn=upload; op=order; orderid=10387; 
上传
[2018-07-07 14:10:41] trace  /app/index.php?i=1&uniacid=1&t=undefined&v=1.3&m=ewei_shopv2&from=wxapp&c=entry&a=wxapp&do=main&&state=we7sid-2e1ea795a7947297d362978d9646b3f9&sign=85aacef926e139e924941a7090879fe1 pn=upload; op=order; orderid=10388; 
上传
[2018-07-07 14:15:40] trace  /app/index.php?i=1&uniacid=1&t=undefined&v=1.3&m=ewei_shopv2&from=wxapp&c=entry&a=wxapp&do=main&&state=we7sid-7ada4ea535c6a6f8250f84c3328fc826&sign=9b67237fdfbd295ae33786aca4d1e83d pn=upload; op=order; orderid=10389; 
上传
[2018-07-07 14:20:31] trace  /app/index.php?i=1&uniacid=1&t=undefined&v=1.3&m=ewei_shopv2&from=wxapp&c=entry&a=wxapp&do=main&&state=we7sid-d2644f509a9f1368729c4e7b4ffaeee6&sign=452b86105c4d2ac71c0038b2f1afeb47 pn=upload; op=order; orderid=10390; 
上传
[2018-07-07 14:22:59] trace  /app/index.php?i=1&uniacid=1&t=undefined&v=1.3&m=ewei_shopv2&from=wxapp&c=entry&a=wxapp&do=main&&state=we7sid-47be47051c7fb21854a062b895558f25&sign=09af49c2e57701c534e260529bd38fb2 pn=upload; op=order; orderid=10391; 
上传
[2018-07-07 14:29:39] trace  /app/index.php?i=1&uniacid=1&t=undefined&v=1.3&m=ewei_shopv2&from=wxapp&c=entry&a=wxapp&do=main&&state=we7sid-494401adb202a66ecb6d55f09535386d&sign=3cb5d0a34b36210fea9cd33cc17b1d85 pn=upload; op=order; orderid=10392; 
上传
[2018-07-07 14:30:50] trace  /app/index.php?i=1&uniacid=1&t=undefined&v=1.3&m=ewei_shopv2&from=wxapp&c=entry&a=wxapp&do=main&&state=we7sid-98ac2d65a61d12743385062d983f528c&sign=c3e686eba3d3bd28703498a0903257c6 pn=upload; op=order; orderid=10393; 
上传
[2018-07-07 14:39:35] trace  /app/index.php?i=1&uniacid=1&t=undefined&v=1.3&m=ewei_shopv2&from=wxapp&c=entry&a=wxapp&do=main&&state=we7sid-6951d053d7ce449c70b91bcce1ef0c84&sign=5c105a9efbf7485f407a3042d0cdd5a8 pn=upload; op=order; orderid=10394; 
上传
[2018-07-07 14:39:36] trace  /app/index.php?i=1&uniacid=1&t=undefined&v=1.3&m=ewei_shopv2&from=wxapp&c=entry&a=wxapp&do=main&&state=we7sid-6951d053d7ce449c70b91bcce1ef0c84&sign=5c105a9efbf7485f407a3042d0cdd5a8 pn=upload; op=order; orderid=10395; 
上传
[2018-07-07 14:44:16] trace  /app/index.php?i=1&uniacid=1&t=undefined&v=1.3&m=ewei_shopv2&from=wxapp&c=entry&a=wxapp&do=main&&state=we7sid-460b823fe18607af7911bbb7f110ce87&sign=10ac337975c82d3d238aeba195111fc9 pn=upload; op=order; orderid=10396; 
上传
[2018-07-07 14:51:38] trace  /app/index.php?i=1&uniacid=1&t=undefined&v=1.3&m=ewei_shopv2&from=wxapp&c=entry&a=wxapp&do=main&&state=we7sid-12e9382f7cf755d0aa83c7564afe9d26&sign=356a5b14815e8b9c342c02af5fec6c0c pn=upload; op=order; orderid=10397; 
上传
[2018-07-07 14:55:23] trace  /app/index.php?i=1&uniacid=1&t=undefined&v=1.3&m=ewei_shopv2&from=wxapp&c=entry&a=wxapp&do=main&&state=we7sid-0902f84e7e211c23681a15cd37525e2f&sign=e8b4ef649b434baf6f7b21b05539da90 op=order; orderid=10398; pn=upload; 
上传
[2018-07-07 14:59:28] trace  /app/index.php?i=1&uniacid=1&t=undefined&v=1.3&m=ewei_shopv2&from=wxapp&c=entry&a=wxapp&do=main&&state=we7sid-064d230f861764daaee1b222998099fe&sign=630121284e1b460d660f9ecad4498d8b pn=upload; op=order; orderid=10399; 
上传
[2018-07-07 14:59:29] trace  /app/index.php?i=1&uniacid=1&t=undefined&v=1.3&m=ewei_shopv2&from=wxapp&c=entry&a=wxapp&do=main&&state=we7sid-064d230f861764daaee1b222998099fe&sign=630121284e1b460d660f9ecad4498d8b pn=upload; op=order; orderid=10400; 
上传
[2018-07-07 15:00:10] trace  /app/index.php?i=1&uniacid=1&t=undefined&v=1.3&m=ewei_shopv2&from=wxapp&c=entry&a=wxapp&do=main&&state=we7sid-7115c21eedc5ad0e74f2e1feccca9fae&sign=212cc1ce76a11780d005049a94862b03 pn=upload; op=order; orderid=10401; 
上传
[2018-07-07 15:01:40] trace  /app/index.php?i=1&uniacid=1&t=undefined&v=1.3&m=ewei_shopv2&from=wxapp&c=entry&a=wxapp&do=main&&state=we7sid-9cf9b4278c79e86d12ccf2ac2256c083&sign=a71d03e40f47e95b9fbff929fee599a2 pn=upload; op=order; orderid=10402; 
上传
[2018-07-07 15:02:59] trace  /app/index.php?i=1&uniacid=1&t=undefined&v=1.3&m=ewei_shopv2&from=wxapp&c=entry&a=wxapp&do=main&&state=we7sid-958a2d8015565c509a0a08217842342d&sign=8fc5ad5311a0ddb041ea25d7096c1ff3 pn=upload; op=order; orderid=10403; 
上传
[2018-07-07 15:04:51] trace  /app/index.php?i=1&uniacid=1&t=undefined&v=1.3&m=ewei_shopv2&from=wxapp&c=entry&a=wxapp&do=main&&state=we7sid-536517ba6c5349d1432d5ca7ecb19ddd&sign=107b7402c72112e63b492232fd2e9ff5 pn=upload; op=order; orderid=10404; 
上传
[2018-07-07 15:06:30] trace  /app/index.php?i=1&uniacid=1&t=undefined&v=1.3&m=ewei_shopv2&from=wxapp&c=entry&a=wxapp&do=main&&state=we7sid-9c1cb47a9b49d0d9f86e96d714106bda&sign=9b67a8adde8b8b1672cb37602e20c020 op=order; orderid=10405; pn=upload; 
上传
[2018-07-07 15:07:24] trace  /app/index.php?i=1&uniacid=1&t=undefined&v=1.3&m=ewei_shopv2&from=wxapp&c=entry&a=wxapp&do=main&&state=we7sid-425f8a9bda220758556b5f5e3b3486b3&sign=85a652f3b8bfdfe2b7f1f8077cb32c9e pn=upload; op=order; orderid=10406; 
上传
[2018-07-07 15:09:07] trace  /app/index.php?i=1&uniacid=1&t=undefined&v=1.3&m=ewei_shopv2&from=wxapp&c=entry&a=wxapp&do=main&&state=we7sid-9c1cb47a9b49d0d9f86e96d714106bda&sign=9b67a8adde8b8b1672cb37602e20c020 op=order; orderid=10407; pn=upload; 
上传
[2018-07-07 15:09:34] trace  /app/index.php?i=1&uniacid=1&t=undefined&v=1.3&m=ewei_shopv2&from=wxapp&c=entry&a=wxapp&do=main&&state=we7sid-9c1cb47a9b49d0d9f86e96d714106bda&sign=9b67a8adde8b8b1672cb37602e20c020 op=order; orderid=10408; pn=upload; 
上传
[2018-07-07 15:10:30] trace  /app/index.php?i=1&uniacid=1&t=undefined&v=1.3&m=ewei_shopv2&from=wxapp&c=entry&a=wxapp&do=main&&state=we7sid-9c1cb47a9b49d0d9f86e96d714106bda&sign=9b67a8adde8b8b1672cb37602e20c020 op=order; orderid=10409; pn=upload; 
上传
[2018-07-07 15:10:49] trace  /app/index.php?i=1&uniacid=1&t=undefined&v=1.3&m=ewei_shopv2&from=wxapp&c=entry&a=wxapp&do=main&&state=we7sid-9c1cb47a9b49d0d9f86e96d714106bda&sign=9b67a8adde8b8b1672cb37602e20c020 op=order; orderid=10410; pn=upload; 
上传
[2018-07-07 15:11:29] trace  /app/index.php?i=1&uniacid=1&t=undefined&v=1.3&m=ewei_shopv2&from=wxapp&c=entry&a=wxapp&do=main&&state=we7sid-9c1cb47a9b49d0d9f86e96d714106bda&sign=9b67a8adde8b8b1672cb37602e20c020 op=order; orderid=10411; pn=upload; 
上传
[2018-07-07 15:24:18] trace  /app/index.php?i=1&uniacid=1&t=undefined&v=1.3&m=ewei_shopv2&from=wxapp&c=entry&a=wxapp&do=main&&state=we7sid-c25816660c231973a5ae028c475e5e03&sign=5acdf8efe8cc094ac32094f140983ef2 pn=upload; op=order; orderid=10412; 
上传
[2018-07-07 15:24:47] trace  /app/index.php?i=1&uniacid=1&t=undefined&v=1.3&m=ewei_shopv2&from=wxapp&c=entry&a=wxapp&do=main&&state=we7sid-9dc8c17259532af719298ffed4690db5&sign=d06006b4f202702533d97150a19055f1 pn=upload; op=order; orderid=10413; 
上传
[2018-07-07 15:34:53] trace  /app/index.php?i=1&uniacid=1&t=undefined&v=1.3&m=ewei_shopv2&from=wxapp&c=entry&a=wxapp&do=main&&state=we7sid-715b97f9b8687781ea8bd6dfae5f2679&sign=78361cccb48d3ba35df4ce0296cf2bae pn=upload; op=order; orderid=10414; 
上传
[2018-07-07 15:35:08] trace  /app/index.php?i=1&uniacid=1&t=undefined&v=1.3&m=ewei_shopv2&from=wxapp&c=entry&a=wxapp&do=main&&state=we7sid-1d82e6edce80c314a4263c90570ccecd&sign=a45b9a468eb001c93e255d29ce340f41 pn=upload; op=order; orderid=10415; 
上传
[2018-07-07 15:39:25] trace  /app/index.php?i=1&uniacid=1&t=undefined&v=1.3&m=ewei_shopv2&from=wxapp&c=entry&a=wxapp&do=main&&state=we7sid-395f86f737469669b72a18553d8d4d3d&sign=2cdc895d64475d082981fd449106e4aa op=order; pn=upload; orderid=10416; 
上传
[2018-07-07 15:40:50] trace  /app/index.php?i=1&uniacid=1&t=undefined&v=1.3&m=ewei_shopv2&from=wxapp&c=entry&a=wxapp&do=main&&state=we7sid-6836185108a405f13d2d9878a2f04984&sign=f52ddee756854f901dd7dd39ac2f922c pn=upload; op=order; orderid=10417; 
上传
[2018-07-07 15:42:22] trace  /app/index.php?i=1&uniacid=1&t=undefined&v=1.3&m=ewei_shopv2&from=wxapp&c=entry&a=wxapp&do=main&&state=we7sid-319f948be6e4f18c55061a06c0840765&sign=6e52fce70ae49a671c31c6c33f10dadc op=order; orderid=10418; pn=upload; 
上传
[2018-07-07 15:45:48] trace  /app/index.php?i=1&uniacid=1&t=undefined&v=1.3&m=ewei_shopv2&from=wxapp&c=entry&a=wxapp&do=main&&state=we7sid-e31a23bd01182d61e0ef10505e5c0671&sign=81d56083265eac9366d90c0d7218d546 pn=upload; op=order; orderid=10419; 
上传
[2018-07-07 15:50:12] trace  /app/index.php?i=1&uniacid=1&t=undefined&v=1.3&m=ewei_shopv2&from=wxapp&c=entry&a=wxapp&do=main&&state=we7sid-e7189d3c9beb9ebcf8051f93f5150268&sign=1e37997a0d5de25db1784a6fd4ef3f3f op=order; orderid=10420; pn=upload; 
上传
[2018-07-07 16:00:18] trace  /app/index.php?i=1&uniacid=1&t=undefined&v=1.3&m=ewei_shopv2&from=wxapp&c=entry&a=wxapp&do=main&&state=we7sid-856944702825e09a9cf900355e22b36e&sign=c84196b669b2bd5e2fe506506cc89dbd op=order; orderid=10421; pn=upload; 
上传
[2018-07-07 16:04:06] trace  /app/index.php?i=1&uniacid=1&t=undefined&v=1.3&m=ewei_shopv2&from=wxapp&c=entry&a=wxapp&do=main&&state=we7sid-58919e9b5dc0e5784b930ca78be13c49&sign=719a2b956a2cb2959b827d701c15f0ed pn=upload; op=order; orderid=10422; 
上传
[2018-07-07 16:06:13] trace  /app/index.php?i=1&uniacid=1&t=undefined&v=1.3&m=ewei_shopv2&from=wxapp&c=entry&a=wxapp&do=main&&state=we7sid-5af5e07cbfd7c3909345b39e5d56100b&sign=dbaeb79e5c2f3e07c05eedb295a584c6 pn=upload; op=order; orderid=10423; 
上传
[2018-07-07 16:19:00] trace  /app/index.php?i=1&uniacid=1&t=undefined&v=1.3&m=ewei_shopv2&from=wxapp&c=entry&a=wxapp&do=main&&state=we7sid-182460dfe526b18d7f81fa702f25930c&sign=428711cf1112655d2f3e2535f73c13e9 pn=upload; op=order; orderid=10424; 
上传
[2018-07-07 16:21:48] trace  /app/index.php?i=1&uniacid=1&t=undefined&v=1.3&m=ewei_shopv2&from=wxapp&c=entry&a=wxapp&do=main&&state=we7sid-0609daa5dac61b5ef171a63ecb36af09&sign=65e4b5080bcb43ed8e68d7e234bec059 pn=upload; op=order; orderid=10425; 
上传
[2018-07-07 16:26:14] trace  /app/index.php?i=1&uniacid=1&t=undefined&v=1.3&m=ewei_shopv2&from=wxapp&c=entry&a=wxapp&do=main&&state=we7sid-3eea19369fe53f09de0f4a82b07f88b0&sign=ae3e41add29ec564a7dd09c6f406d171 pn=upload; op=order; orderid=10426; 
上传
[2018-07-07 16:48:32] trace  /app/index.php?i=1&uniacid=1&t=undefined&v=1.3&m=ewei_shopv2&from=wxapp&c=entry&a=wxapp&do=main&&state=we7sid-b0beb18be7917291abbe9901adfce90a&sign=e464429f733761a2ea9de7c48c9829cc pn=upload; op=order; orderid=10427; 
上传
[2018-07-07 16:49:11] trace  /app/index.php?i=1&uniacid=1&t=undefined&v=1.3&m=ewei_shopv2&from=wxapp&c=entry&a=wxapp&do=main&&state=we7sid-b673c946143eedd5fd2ff492203affd2&sign=540d93801ec4d0725b380b4aa6af6b1c pn=upload; op=order; orderid=10428; 
上传
[2018-07-07 17:10:03] trace  /app/index.php?i=1&uniacid=1&t=undefined&v=1.3&m=ewei_shopv2&from=wxapp&c=entry&a=wxapp&do=main&&state=we7sid-8be0aebfd9dcd7f5329976623eab42bc&sign=77597acc5239d11aa12698b7fb6a8f78 pn=upload; op=order; orderid=10429; 
上传
[2018-07-07 17:17:59] trace  /app/index.php?i=1&uniacid=1&t=undefined&v=1.3&m=ewei_shopv2&from=wxapp&c=entry&a=wxapp&do=main&&state=we7sid-07ca63839e10022fb90e2b76d32f6ee9&sign=b3f4e6a150087fccd87113fd64e6ccd4 pn=upload; op=order; orderid=10430; 
上传
[2018-07-07 17:18:22] trace  /app/index.php?i=1&uniacid=1&t=undefined&v=1.3&m=ewei_shopv2&from=wxapp&c=entry&a=wxapp&do=main&&state=we7sid-07ca63839e10022fb90e2b76d32f6ee9&sign=b3f4e6a150087fccd87113fd64e6ccd4 pn=upload; op=order; orderid=10431; 
上传
[2018-07-07 17:31:12] trace  /app/index.php?i=1&uniacid=1&t=undefined&v=1.3&m=ewei_shopv2&from=wxapp&c=entry&a=wxapp&do=main&&state=we7sid-d02d2198e069463b448dc54ee346d199&sign=c2a879be685b8fbe9dc4f95357809dff pn=upload; op=order; orderid=10432; 
上传
[2018-07-07 17:36:48] trace  /app/index.php?i=1&uniacid=1&t=undefined&v=1.3&m=ewei_shopv2&from=wxapp&c=entry&a=wxapp&do=main&&state=we7sid-07ca63839e10022fb90e2b76d32f6ee9&sign=b3f4e6a150087fccd87113fd64e6ccd4 pn=upload; op=order; orderid=10433; 
上传
[2018-07-07 17:42:51] trace  /app/index.php?i=1&uniacid=1&t=undefined&v=1.3&m=ewei_shopv2&from=wxapp&c=entry&a=wxapp&do=main&&state=we7sid-802299d6a5af380b6cf6a5ed9b89c6a8&sign=00d6af3eb83e5baf3493e5c1f406a6b0 op=order; orderid=10434; pn=upload; 
上传
[2018-07-07 17:45:19] trace  /app/index.php?i=1&uniacid=1&t=undefined&v=1.3&m=ewei_shopv2&from=wxapp&c=entry&a=wxapp&do=main&&state=we7sid-a21f9f1709ec5ad77df58fb3685f1c38&sign=45b8ff017ac5f833490cd0699c3b9fa8 pn=upload; op=order; orderid=10435; 
上传
[2018-07-07 17:45:44] trace  /app/index.php?i=1&uniacid=1&t=undefined&v=1.3&m=ewei_shopv2&from=wxapp&c=entry&a=wxapp&do=main&&state=we7sid-802299d6a5af380b6cf6a5ed9b89c6a8&sign=00d6af3eb83e5baf3493e5c1f406a6b0 op=order; orderid=10436; pn=upload; 
上传
[2018-07-07 18:09:21] trace  /app/index.php?i=1&uniacid=1&t=undefined&v=1.3&m=ewei_shopv2&from=wxapp&c=entry&a=wxapp&do=main&&state=we7sid-885a23893677da2f70a78dc04fcb720c&sign=e09d081540402d46710f22e67d6cf603 pn=upload; op=order; orderid=10437; 
上传
[2018-07-07 18:09:53] trace  /app/index.php?i=1&uniacid=1&t=undefined&v=1.3&m=ewei_shopv2&from=wxapp&c=entry&a=wxapp&do=main&&state=we7sid-bd427ce3c413dd9ba459bbc583612463&sign=ba597aa08ce6378498407890a6c24765 pn=upload; op=order; orderid=10438; 
上传
[2018-07-07 18:12:45] trace  /app/index.php?i=1&uniacid=1&t=undefined&v=1.3&m=ewei_shopv2&from=wxapp&c=entry&a=wxapp&do=main&&state=we7sid-e2a6f3f575196d80224974b4a2383c7e&sign=6d331f065130a182b3c6ca16d7796e4c pn=upload; op=order; orderid=10439; 
上传
[2018-07-07 18:29:46] trace  /app/index.php?i=1&uniacid=1&t=undefined&v=1.3&m=ewei_shopv2&from=wxapp&c=entry&a=wxapp&do=main&&state=we7sid-0db7d54f5d8e0d24b5e27ea0f0b468a0&sign=0bffc466c2281eefadc94c7e2d02ad6e pn=upload; op=order; orderid=10440; 
上传
[2018-07-07 18:32:33] trace  /app/index.php?i=1&uniacid=1&t=undefined&v=1.3&m=ewei_shopv2&from=wxapp&c=entry&a=wxapp&do=main&&state=we7sid-b1b9f965b0c58047caa3fc6d6a416557&sign=0b2458e5d9f813181ba569b589b23a91 pn=upload; op=order; orderid=10441; 
上传
[2018-07-07 18:36:41] trace  /app/index.php?i=1&uniacid=1&t=undefined&v=1.3&m=ewei_shopv2&from=wxapp&c=entry&a=wxapp&do=main&&state=we7sid-07e1915ab44dedaf3f46fa9510daabf4&sign=0b9217fa042693d4e2449eb91a30e287 pn=upload; op=order; orderid=10442; 
上传
[2018-07-07 18:41:25] trace  /app/index.php?i=1&uniacid=1&t=undefined&v=1.3&m=ewei_shopv2&from=wxapp&c=entry&a=wxapp&do=main&&state=we7sid-62a12e21fe7c6bbe93c932a5ccbffc74&sign=af00ffe4e3aba1c3b8d209a6c32b2489 pn=upload; op=order; orderid=10443; 
上传
[2018-07-07 19:00:16] trace  /app/index.php?i=1&uniacid=1&t=undefined&v=1.3&m=ewei_shopv2&from=wxapp&c=entry&a=wxapp&do=main&&state=we7sid-b9a847780585f43639b5548357bf4e72&sign=76754ed89eb67a9d28beb4ae97f2f292 pn=upload; op=order; orderid=10444; 
上传
[2018-07-07 19:15:36] trace  /app/index.php?i=1&uniacid=1&t=undefined&v=1.3&m=ewei_shopv2&from=wxapp&c=entry&a=wxapp&do=main&&state=we7sid-d060fdd79a2f0a77ce6c3761632f024a&sign=979391547847dc65495c1f43fae13eec pn=upload; op=order; orderid=10445; 
上传
[2018-07-07 19:19:33] trace  /app/index.php?i=1&uniacid=1&t=undefined&v=1.3&m=ewei_shopv2&from=wxapp&c=entry&a=wxapp&do=main&&state=we7sid-83515529c430a1024cde983102bb4f56&sign=5b3f5e50368741e0211a09683c271c70 pn=upload; op=order; orderid=10446; 
上传
[2018-07-07 19:25:10] trace  /app/index.php?i=1&uniacid=1&t=undefined&v=1.3&m=ewei_shopv2&from=wxapp&c=entry&a=wxapp&do=main&&state=we7sid-230666692cd919fcc8d4f9f47385e3ad&sign=756759a69f8f13d1544b1363a7ea57f9 op=order; orderid=10447; pn=upload; 
上传
[2018-07-07 19:45:00] trace  /app/index.php?i=1&uniacid=1&t=undefined&v=1.3&m=ewei_shopv2&from=wxapp&c=entry&a=wxapp&do=main&&state=we7sid-5bc6357a2820b827dcb8b96a00385cb3&sign=cff9da9895fb53c1011fd5634589b133 pn=upload; op=order; orderid=10448; 
上传
[2018-07-07 19:45:53] trace  /app/index.php?i=1&uniacid=1&t=undefined&v=1.3&m=ewei_shopv2&from=wxapp&c=entry&a=wxapp&do=main&&state=we7sid-6eea9ed2ef4535ea27cb3735fb66a1e7&sign=3893d51073f84277ad5e6db1baa3bff5 pn=upload; op=order; orderid=10449; 
上传
[2018-07-07 19:47:01] trace  /app/index.php?i=1&uniacid=1&t=undefined&v=1.3&m=ewei_shopv2&from=wxapp&c=entry&a=wxapp&do=main&&state=we7sid-5bc6357a2820b827dcb8b96a00385cb3&sign=cff9da9895fb53c1011fd5634589b133 pn=upload; op=order; orderid=10450; 
上传
[2018-07-07 19:58:19] trace  /app/index.php?i=1&uniacid=1&t=undefined&v=1.3&m=ewei_shopv2&from=wxapp&c=entry&a=wxapp&do=main&&state=we7sid-729a9af14774ca20393dabe8f4312a50&sign=b01229ecb6e61276117f62df0479ce09 pn=upload; op=order; orderid=10451; 
上传
[2018-07-07 19:59:50] trace  /app/index.php?i=1&uniacid=1&t=undefined&v=1.3&m=ewei_shopv2&from=wxapp&c=entry&a=wxapp&do=main&&state=we7sid-ae4e3f7bb9902e22776fd4a26174620b&sign=d40d6946b93d0bf161ab57b20a45acb0 op=order; orderid=10452; pn=upload; 
上传
[2018-07-07 20:09:26] trace  /app/index.php?i=1&uniacid=1&t=undefined&v=1.3&m=ewei_shopv2&from=wxapp&c=entry&a=wxapp&do=main&&state=we7sid-c0e2590cba314a3ad04308d2eb99cd43&sign=c2d88b1b5ee12d34c9fd505acca66ebe pn=upload; op=order; orderid=10453; 
上传
[2018-07-07 20:40:59] trace  /app/index.php?i=1&uniacid=1&t=undefined&v=1.3&m=ewei_shopv2&from=wxapp&c=entry&a=wxapp&do=main&&state=we7sid-1d9bd570ae04da8e092b27fa92f97dd9&sign=fa33584f06b83aadbdc8c359658d6d99 pn=upload; op=order; orderid=10454; 
上传
[2018-07-07 20:54:48] trace  /app/index.php?i=1&uniacid=1&t=undefined&v=1.3&m=ewei_shopv2&from=wxapp&c=entry&a=wxapp&do=main&&state=we7sid-8584f1c50be621d42b192ce768c8bdd9&sign=8baa9fb3ee922587fa8c790208399c29 pn=upload; op=order; orderid=10455; 
上传
[2018-07-07 21:03:31] trace  /app/index.php?i=1&uniacid=1&t=undefined&v=1.3&m=ewei_shopv2&from=wxapp&c=entry&a=wxapp&do=main&&state=we7sid-b1b010d684fa22bf94dfd2e2c37c26ec&sign=fd165b10ff08d2db9ebcdd09580c0500 op=order; orderid=10456; pn=upload; 
上传
[2018-07-07 21:09:46] trace  /app/index.php?i=1&uniacid=1&t=undefined&v=1.3&m=ewei_shopv2&from=wxapp&c=entry&a=wxapp&do=main&&state=we7sid-01c2b756bfb5a49ec5a22e2581d08cd0&sign=93ad9f427a6909091d4839ce69cbb406 pn=upload; op=order; orderid=10457; 
上传
[2018-07-07 21:14:17] trace  /app/index.php?i=1&uniacid=1&t=undefined&v=1.3&m=ewei_shopv2&from=wxapp&c=entry&a=wxapp&do=main&&state=we7sid-33e000e95a8c5f1403b3440d643001b5&sign=c8f7e27d774d3bd1bf4ec7e631be1592 pn=upload; op=order; orderid=10458; 
上传
[2018-07-07 21:20:43] trace  /app/index.php?i=1&uniacid=1&t=undefined&v=1.3&m=ewei_shopv2&from=wxapp&c=entry&a=wxapp&do=main&&state=we7sid-da1d933cdfc2a18ca8f3dbfc56caac7f&sign=1b129fe2a427071bfad00ae66ce97f4e pn=upload; op=order; orderid=10459; 
上传
[2018-07-07 21:30:18] trace  /app/index.php?i=1&uniacid=1&t=undefined&v=1.3&m=ewei_shopv2&from=wxapp&c=entry&a=wxapp&do=main&&state=we7sid-617e6e325be252b519d0873703503aba&sign=db8603c5a96057e73341a2265a16fcf4 pn=upload; op=order; orderid=10460; 
上传
[2018-07-07 22:03:06] trace  /app/index.php?i=1&uniacid=1&t=undefined&v=1.3&m=ewei_shopv2&from=wxapp&c=entry&a=wxapp&do=main&&state=we7sid-3cbe0545ac9d52d3e3b6a4b6bd86f402&sign=859f976708ad9ef7dff6fa28963691ff pn=upload; op=order; orderid=10461; 
上传
[2018-07-07 22:06:04] trace  /app/index.php?i=1&uniacid=1&t=undefined&v=1.3&m=ewei_shopv2&from=wxapp&c=entry&a=wxapp&do=main&&state=we7sid-70a5298527c2403ee538177d1ebba73e&sign=dd99d2e85c70d6cfd709b9c1d14fe2e3 pn=upload; op=order; orderid=10462; 
上传
[2018-07-07 22:06:04] trace  /app/index.php?i=1&uniacid=1&t=undefined&v=1.3&m=ewei_shopv2&from=wxapp&c=entry&a=wxapp&do=main&&state=we7sid-70a5298527c2403ee538177d1ebba73e&sign=dd99d2e85c70d6cfd709b9c1d14fe2e3 pn=upload; op=order; orderid=10463; 
上传
[2018-07-07 22:19:14] trace  /app/index.php?i=1&uniacid=1&t=undefined&v=1.3&m=ewei_shopv2&from=wxapp&c=entry&a=wxapp&do=main&&state=we7sid-48d5742d54ce822e99dbc45f20167031&sign=62b852e2eb6914303ea11d4c16e9efa1 pn=upload; op=order; orderid=10464; 
上传
[2018-07-07 22:29:25] trace  /app/index.php?i=1&uniacid=1&t=undefined&v=1.3&m=ewei_shopv2&from=wxapp&c=entry&a=wxapp&do=main&&state=we7sid-bc2b7f6b91192b32b022fec62b817699&sign=68e9840959e6bba2aee50f675d33ff8a pn=upload; op=order; orderid=10465; 
上传
[2018-07-07 22:29:54] trace  /app/index.php?i=1&uniacid=1&t=undefined&v=1.3&m=ewei_shopv2&from=wxapp&c=entry&a=wxapp&do=main&&state=we7sid-bc2b7f6b91192b32b022fec62b817699&sign=68e9840959e6bba2aee50f675d33ff8a pn=upload; op=order; orderid=10466; 
上传
[2018-07-07 22:41:21] trace  /app/index.php?i=1&uniacid=1&t=undefined&v=1.3&m=ewei_shopv2&from=wxapp&c=entry&a=wxapp&do=main&&state=we7sid-c2cb0ad0ce5cee441239da3c8dcc3e3b&sign=c180a5f8be6a490606dbe794e1622e9e pn=upload; op=order; orderid=10467; 
上传
[2018-07-07 22:59:52] trace  /app/index.php?i=1&uniacid=1&t=undefined&v=1.3&m=ewei_shopv2&from=wxapp&c=entry&a=wxapp&do=main&&state=we7sid-0f83360a09d9517209c57bca24c78f27&sign=2bd7e078c2c9cbb17a91c80a59352ebf pn=upload; op=order; orderid=10468; 
上传
[2018-07-07 23:21:56] trace  /app/index.php?i=1&uniacid=1&t=undefined&v=1.3&m=ewei_shopv2&from=wxapp&c=entry&a=wxapp&do=main&&state=we7sid-9afdd340d621f4a8e08a80fc3f672880&sign=18869671a43f4595cd1e3d7e96473c2e pn=upload; op=order; orderid=10469; 
上传
[2018-07-07 23:22:15] trace  /app/index.php?i=1&uniacid=1&t=undefined&v=1.3&m=ewei_shopv2&from=wxapp&c=entry&a=wxapp&do=main&&state=we7sid-9afdd340d621f4a8e08a80fc3f672880&sign=18869671a43f4595cd1e3d7e96473c2e pn=upload; op=order; orderid=10470; 
上传
[2018-07-07 23:49:26] trace  /app/index.php?i=1&uniacid=1&t=undefined&v=1.3&m=ewei_shopv2&from=wxapp&c=entry&a=wxapp&do=main&&state=we7sid-a359090058524676225b1934913fb2bf&sign=8a1499ed0f128088a682a8da314c9c41 pn=upload; op=order; orderid=10471; 
上传
[2018-07-07 23:52:33] trace  /app/index.php?i=1&uniacid=1&t=undefined&v=1.3&m=ewei_shopv2&from=wxapp&c=entry&a=wxapp&do=main&&state=we7sid-8ff9c52de7588a18f30a1fac6a916f12&sign=c77530eb41f731749b221db40125d497 pn=upload; op=order; orderid=10472; 
上传
