[2018-09-12 00:03:31] trace  /app/index.php?i=1&uniacid=1&t=undefined&v=1.3&m=ewei_shopv2&from=wxapp&c=entry&a=wxapp&do=main&&state=we7sid-2719118c9f0da7c7613a1dc227933487&sign=8e1464652a0e223d9a9009fa2973a6f0 pn=upload; op=order; orderid=16966; 
上传
[2018-09-12 00:16:40] trace  /app/index.php?i=1&uniacid=1&t=undefined&v=1.3&m=ewei_shopv2&from=wxapp&c=entry&a=wxapp&do=main&&state=we7sid-c1db381a74a36468642d1377577d4009&sign=98c414e7fc322c8f50556fc73a52c562 pn=upload; op=author; orderid=16916; 
上传
[2018-09-12 00:17:14] trace  /app/index.php?i=1&uniacid=1&t=undefined&v=1.3&m=ewei_shopv2&from=wxapp&c=entry&a=wxapp&do=main&&state=we7sid-c1db381a74a36468642d1377577d4009&sign=98c414e7fc322c8f50556fc73a52c562 pn=upload; op=author; orderid=16884; 
上传
[2018-09-12 00:17:36] trace  /app/index.php?i=1&uniacid=1&t=undefined&v=1.3&m=ewei_shopv2&from=wxapp&c=entry&a=wxapp&do=main&&state=we7sid-c1db381a74a36468642d1377577d4009&sign=98c414e7fc322c8f50556fc73a52c562 pn=upload; op=author; orderid=16868; 
上传
[2018-09-12 00:17:58] trace  /app/index.php?i=1&uniacid=1&t=undefined&v=1.3&m=ewei_shopv2&from=wxapp&c=entry&a=wxapp&do=main&&state=we7sid-c1db381a74a36468642d1377577d4009&sign=98c414e7fc322c8f50556fc73a52c562 pn=upload; op=author; orderid=16793; 
上传
[2018-09-12 00:18:13] trace  /app/index.php?i=1&uniacid=1&t=undefined&v=1.3&m=ewei_shopv2&from=wxapp&c=entry&a=wxapp&do=main&&state=we7sid-c1db381a74a36468642d1377577d4009&sign=98c414e7fc322c8f50556fc73a52c562 pn=upload; op=author; orderid=16775; 
上传
[2018-09-12 00:18:29] trace  /app/index.php?i=1&uniacid=1&t=undefined&v=1.3&m=ewei_shopv2&from=wxapp&c=entry&a=wxapp&do=main&&state=we7sid-c1db381a74a36468642d1377577d4009&sign=98c414e7fc322c8f50556fc73a52c562 pn=upload; op=author; orderid=16746; 
上传
[2018-09-12 00:18:46] trace  /app/index.php?i=1&uniacid=1&t=undefined&v=1.3&m=ewei_shopv2&from=wxapp&c=entry&a=wxapp&do=main&&state=we7sid-c1db381a74a36468642d1377577d4009&sign=98c414e7fc322c8f50556fc73a52c562 pn=upload; op=author; orderid=16721; 
上传
[2018-09-12 00:19:04] trace  /app/index.php?i=1&uniacid=1&t=undefined&v=1.3&m=ewei_shopv2&from=wxapp&c=entry&a=wxapp&do=main&&state=we7sid-c1db381a74a36468642d1377577d4009&sign=98c414e7fc322c8f50556fc73a52c562 pn=upload; op=author; orderid=16718; 
上传
[2018-09-12 00:19:23] trace  /app/index.php?i=1&uniacid=1&t=undefined&v=1.3&m=ewei_shopv2&from=wxapp&c=entry&a=wxapp&do=main&&state=we7sid-c1db381a74a36468642d1377577d4009&sign=98c414e7fc322c8f50556fc73a52c562 pn=upload; op=author; orderid=16713; 
上传
[2018-09-12 00:19:23] trace  /app/index.php?i=1&uniacid=1&t=undefined&v=1.3&m=ewei_shopv2&from=wxapp&c=entry&a=wxapp&do=main&&state=we7sid-c1db381a74a36468642d1377577d4009&sign=98c414e7fc322c8f50556fc73a52c562 pn=upload; op=author; orderid=16713; 
上传
[2018-09-12 00:19:57] trace  /app/index.php?i=1&uniacid=1&t=undefined&v=1.3&m=ewei_shopv2&from=wxapp&c=entry&a=wxapp&do=main&&state=we7sid-c1db381a74a36468642d1377577d4009&sign=98c414e7fc322c8f50556fc73a52c562 pn=upload; op=author; orderid=16713; 
上传
[2018-09-12 00:20:36] trace  /app/index.php?i=1&uniacid=1&t=undefined&v=1.3&m=ewei_shopv2&from=wxapp&c=entry&a=wxapp&do=main&&state=we7sid-c1db381a74a36468642d1377577d4009&sign=98c414e7fc322c8f50556fc73a52c562 pn=upload; op=author; orderid=16689; 
上传
[2018-09-12 00:20:57] trace  /app/index.php?i=1&uniacid=1&t=undefined&v=1.3&m=ewei_shopv2&from=wxapp&c=entry&a=wxapp&do=main&&state=we7sid-c1db381a74a36468642d1377577d4009&sign=98c414e7fc322c8f50556fc73a52c562 pn=upload; op=author; orderid=16684; 
上传
[2018-09-12 00:21:16] trace  /app/index.php?i=1&uniacid=1&t=undefined&v=1.3&m=ewei_shopv2&from=wxapp&c=entry&a=wxapp&do=main&&state=we7sid-c1db381a74a36468642d1377577d4009&sign=98c414e7fc322c8f50556fc73a52c562 pn=upload; op=author; orderid=16675; 
上传
[2018-09-12 00:21:33] trace  /app/index.php?i=1&uniacid=1&t=undefined&v=1.3&m=ewei_shopv2&from=wxapp&c=entry&a=wxapp&do=main&&state=we7sid-c1db381a74a36468642d1377577d4009&sign=98c414e7fc322c8f50556fc73a52c562 pn=upload; op=author; orderid=16573; 
上传
[2018-09-12 00:21:55] trace  /app/index.php?i=1&uniacid=1&t=undefined&v=1.3&m=ewei_shopv2&from=wxapp&c=entry&a=wxapp&do=main&&state=we7sid-c1db381a74a36468642d1377577d4009&sign=98c414e7fc322c8f50556fc73a52c562 pn=upload; op=author; orderid=16562; 
上传
[2018-09-12 00:46:17] trace  /app/index.php?i=1&uniacid=1&t=undefined&v=1.3&m=ewei_shopv2&from=wxapp&c=entry&a=wxapp&do=main&&state=we7sid-2719118c9f0da7c7613a1dc227933487&sign=8e1464652a0e223d9a9009fa2973a6f0 pn=upload; op=order; orderid=16967; 
上传
[2018-09-12 01:01:31] trace  /app/index.php?i=1&uniacid=1&t=undefined&v=1.3&m=ewei_shopv2&from=wxapp&c=entry&a=wxapp&do=main&&state=we7sid-c1db381a74a36468642d1377577d4009&sign=98c414e7fc322c8f50556fc73a52c562 pn=upload; op=author; orderid=16940; 
上传
[2018-09-12 01:01:47] trace  /app/index.php?i=1&uniacid=1&t=undefined&v=1.3&m=ewei_shopv2&from=wxapp&c=entry&a=wxapp&do=main&&state=we7sid-c1db381a74a36468642d1377577d4009&sign=98c414e7fc322c8f50556fc73a52c562 pn=upload; op=author; orderid=16939; 
上传
[2018-09-12 01:02:13] trace  /app/index.php?i=1&uniacid=1&t=undefined&v=1.3&m=ewei_shopv2&from=wxapp&c=entry&a=wxapp&do=main&&state=we7sid-c1db381a74a36468642d1377577d4009&sign=98c414e7fc322c8f50556fc73a52c562 pn=upload; op=author; orderid=16751; 
上传
[2018-09-12 01:02:35] trace  /app/index.php?i=1&uniacid=1&t=undefined&v=1.3&m=ewei_shopv2&from=wxapp&c=entry&a=wxapp&do=main&&state=we7sid-c1db381a74a36468642d1377577d4009&sign=98c414e7fc322c8f50556fc73a52c562 pn=upload; op=author; orderid=16678; 
上传
[2018-09-12 01:03:06] trace  /app/index.php?i=1&uniacid=1&t=undefined&v=1.3&m=ewei_shopv2&from=wxapp&c=entry&a=wxapp&do=main&&state=we7sid-c1db381a74a36468642d1377577d4009&sign=98c414e7fc322c8f50556fc73a52c562 pn=upload; op=author; orderid=16567; 
上传
[2018-09-12 02:53:22] trace  /app/index.php?i=1&uniacid=1&t=undefined&v=1.3&m=ewei_shopv2&from=wxapp&c=entry&a=wxapp&do=main&&state=we7sid-9151f67578187aec036a5b174fe76562&sign=dee1de8f2a7c40ef6de855b6863c6068 op=order; orderid=16968; pn=upload; 
上传
[2018-09-12 03:27:38] trace  /app/index.php?i=1&uniacid=1&t=undefined&v=1.3&m=ewei_shopv2&from=wxapp&c=entry&a=wxapp&do=main&&state=we7sid-afa67027c08c32009158d43aab9fb31e&sign=8bcef7886ef6c12615b32b3e701d8df4 op=order; orderid=16969; pn=upload; 
上传
[2018-09-12 07:46:11] trace  /app/index.php?i=1&uniacid=1&t=undefined&v=1.3&m=ewei_shopv2&from=wxapp&c=entry&a=wxapp&do=main&&state=we7sid-f1c8462a1818c3489de65aa2615a0db6&sign=2e22f41a2993815290caa18370201d38 pn=upload; op=order; orderid=16970; 
上传
[2018-09-12 08:21:25] trace  /app/index.php?i=1&uniacid=1&t=undefined&v=1.3&m=ewei_shopv2&from=wxapp&c=entry&a=wxapp&do=main&&state=we7sid-21a557cafef3a891cfd16b990f10af85&sign=b13bec1706fa49fa807676aecccacb25 pn=upload; op=order; orderid=16971; 
上传
[2018-09-12 08:46:52] trace  /app/index.php?i=1&uniacid=1&t=undefined&v=1.3&m=ewei_shopv2&from=wxapp&c=entry&a=wxapp&do=main&&state=we7sid-0f542cd26907c707811a071ce72ff903&sign=d29464918d6da971711f3bc2bd110252 pn=upload; op=order; orderid=16972; 
上传
[2018-09-12 09:33:35] trace  /app/index.php?i=1&uniacid=1&t=undefined&v=1.3&m=ewei_shopv2&from=wxapp&c=entry&a=wxapp&do=main&&state=we7sid-39a869df047291046d8eb522348a3a33&sign=d07287e2c4fdb87bebaed48c85342cda pn=upload; op=order; orderid=16973; 
上传
[2018-09-12 09:42:45] trace  /app/index.php?i=1&uniacid=1&t=undefined&v=1.3&m=ewei_shopv2&from=wxapp&c=entry&a=wxapp&do=main&&state=we7sid-798ee08a52d109895f9d6463c542e968&sign=49526c85fc7fdb481584b261a4b633d1 pn=upload; op=order; orderid=16974; 
上传
[2018-09-12 09:44:01] trace  /app/index.php?i=1&uniacid=1&t=undefined&v=1.3&m=ewei_shopv2&from=wxapp&c=entry&a=wxapp&do=main&&state=we7sid-aae509e9bc5028a55040da734e4a0c71&sign=c087ca6adb2f7f082fe92030e5bea7df op=order; orderid=16975; pn=upload; 
上传
[2018-09-12 09:50:20] trace  /app/index.php?i=1&uniacid=1&t=undefined&v=1.3&m=ewei_shopv2&from=wxapp&c=entry&a=wxapp&do=main&&state=we7sid-aae509e9bc5028a55040da734e4a0c71&sign=c087ca6adb2f7f082fe92030e5bea7df op=order; orderid=16976; pn=upload; 
上传
[2018-09-12 10:09:50] trace  /app/index.php?i=1&uniacid=1&t=undefined&v=1.3&m=ewei_shopv2&from=wxapp&c=entry&a=wxapp&do=main&&state=we7sid-2208da30f5ec5f0b0d21023f5901e3a4&sign=d91d48e1fc92e7a3a3e95680aad3e961 pn=upload; op=order; orderid=16977; 
上传
[2018-09-12 10:27:22] trace  /app/index.php?i=1&uniacid=1&t=undefined&v=1.3&m=ewei_shopv2&from=wxapp&c=entry&a=wxapp&do=main&&state=we7sid-2bb57da2bb3aaefeb0194b2867f3f23f&sign=e19912988118fef7e16a948f78616114 pn=upload; op=order; orderid=16978; 
上传
[2018-09-12 10:28:02] trace  /app/index.php?i=1&uniacid=1&t=undefined&v=1.3&m=ewei_shopv2&from=wxapp&c=entry&a=wxapp&do=main&&state=we7sid-45b2c89ce75f217df8d1f14683ca08c7&sign=6d5a52e21d3b26ed86d7f962a4a4dd00 pn=upload; op=order; orderid=16979; 
上传
[2018-09-12 10:37:40] trace  /app/index.php?i=1&uniacid=1&t=undefined&v=1.3&m=ewei_shopv2&from=wxapp&c=entry&a=wxapp&do=main&&state=we7sid-ab28e3682e0ac25e1b62dbb2a588cd99&sign=0265191ca79df54ce05d31961dbc0f56 pn=upload; op=order; orderid=16981; 
上传
[2018-09-12 10:48:26] trace  /app/index.php?i=1&uniacid=1&t=undefined&v=1.3&m=ewei_shopv2&from=wxapp&c=entry&a=wxapp&do=main&&state=we7sid-fac1973e748b8e0c6be275e93c8979fb&sign=8928636f15f10ed043a43707452b2a75 op=order; orderid=16982; pn=upload; 
上传
[2018-09-12 11:07:33] trace  /app/index.php?i=1&uniacid=1&t=undefined&v=1.3&m=ewei_shopv2&from=wxapp&c=entry&a=wxapp&do=main&&state=we7sid-0ca0acfacc2e0ff8d9acefd9f3c99ab0&sign=4d2ffbb758b966e7587076b630d3a61a pn=upload; op=order; orderid=16983; 
上传
[2018-09-12 11:30:47] trace  /app/index.php?i=1&uniacid=1&t=undefined&v=1.3&m=ewei_shopv2&from=wxapp&c=entry&a=wxapp&do=main&&state=we7sid-aa1e0a0c5257a273ed646938a2590f44&sign=85e79625f59bc497cf007ead82675528 pn=upload; op=order; orderid=16984; 
上传
[2018-09-12 11:31:36] trace  /app/index.php?i=1&uniacid=1&t=undefined&v=1.3&m=ewei_shopv2&from=wxapp&c=entry&a=wxapp&do=main&&state=we7sid-79b59cfe16ecc4c57108b4901ca1e873&sign=158394bafba52a3622449fdcbd2dc2ed pn=upload; op=order; orderid=16985; 
上传
[2018-09-12 11:39:09] trace  /app/index.php?i=1&uniacid=1&t=undefined&v=1.3&m=ewei_shopv2&from=wxapp&c=entry&a=wxapp&do=main&&state=we7sid-f677f92ef202bc82ef4329aea362de5e&sign=6cb5adc8a81a08ce61ffc06707937d91 pn=upload; op=order; orderid=16986; 
上传
[2018-09-12 11:41:09] trace  /app/index.php?i=1&uniacid=1&t=undefined&v=1.3&m=ewei_shopv2&from=wxapp&c=entry&a=wxapp&do=main&&state=we7sid-f677f92ef202bc82ef4329aea362de5e&sign=6cb5adc8a81a08ce61ffc06707937d91 pn=upload; op=order; orderid=16987; 
上传
[2018-09-12 11:43:01] trace  /app/index.php?i=1&uniacid=1&t=undefined&v=1.3&m=ewei_shopv2&from=wxapp&c=entry&a=wxapp&do=main&&state=we7sid-f677f92ef202bc82ef4329aea362de5e&sign=6cb5adc8a81a08ce61ffc06707937d91 pn=upload; op=order; orderid=16988; 
上传
[2018-09-12 11:43:26] trace  /app/index.php?i=1&uniacid=1&t=undefined&v=1.3&m=ewei_shopv2&from=wxapp&c=entry&a=wxapp&do=main&&state=we7sid-f677f92ef202bc82ef4329aea362de5e&sign=6cb5adc8a81a08ce61ffc06707937d91 pn=upload; op=order; orderid=16989; 
上传
[2018-09-12 12:04:17] trace  /app/index.php?i=1&uniacid=1&t=undefined&v=1.3&m=ewei_shopv2&from=wxapp&c=entry&a=wxapp&do=main&&state=we7sid-34ec4fbc2de0cd701ad6908b8bd9159e&sign=f3db9206c1543cdde2710c7affd05574 pn=upload; op=order; orderid=16990; 
上传
[2018-09-12 12:04:33] trace  /app/index.php?i=1&uniacid=1&t=undefined&v=1.3&m=ewei_shopv2&from=wxapp&c=entry&a=wxapp&do=main&&state=we7sid-34ec4fbc2de0cd701ad6908b8bd9159e&sign=f3db9206c1543cdde2710c7affd05574 pn=upload; op=order; orderid=16991; 
上传
[2018-09-12 12:06:47] trace  /app/index.php?i=1&uniacid=1&t=undefined&v=1.3&m=ewei_shopv2&from=wxapp&c=entry&a=wxapp&do=main&&state=we7sid-cf76019d009b6d9dae19876fd1cfe423&sign=118c20b8d1c0b4348d15174ebefae376 op=order; orderid=16992; pn=upload; 
上传
[2018-09-12 13:12:31] trace  /app/index.php?i=1&uniacid=1&t=undefined&v=1.3&m=ewei_shopv2&from=wxapp&c=entry&a=wxapp&do=main&&state=we7sid-4470ff33628155063df0bc9616992a82&sign=05bfbe3696b81a5735a67f611afb9e39 pn=upload; op=order; orderid=16993; 
上传
[2018-09-12 13:43:58] trace  /app/index.php?i=1&uniacid=1&t=undefined&v=1.3&m=ewei_shopv2&from=wxapp&c=entry&a=wxapp&do=main&&state=we7sid-2d7c19fffb41ea44211f9a67efd3ae3b&sign=f9f2e942efbeb48c308c54265697bcc4 pn=upload; op=order; orderid=16994; 
上传
[2018-09-12 14:06:57] trace  /app/index.php?i=1&uniacid=1&t=undefined&v=1.3&m=ewei_shopv2&from=wxapp&c=entry&a=wxapp&do=main&&state=we7sid-7f4d0767cdf625f30761a6429d626ed3&sign=44cad630405481cc2a639e23fbe0ba8f pn=upload; op=order; orderid=16995; 
上传
[2018-09-12 14:14:08] trace  /app/index.php?i=1&uniacid=1&t=undefined&v=1.3&m=ewei_shopv2&from=wxapp&c=entry&a=wxapp&do=main&&state=we7sid-39f3faf50a12e3a777b86dcc2899d4ab&sign=546bb45f6fe6d9e6e46f8c2fb1031b0d pn=upload; op=order; orderid=16996; 
上传
[2018-09-12 14:21:53] trace  /app/index.php?i=1&uniacid=1&t=undefined&v=1.3&m=ewei_shopv2&from=wxapp&c=entry&a=wxapp&do=main&&state=we7sid-5dcae73136b62c04fde63f285b2beae6&sign=70efb769e8e8ac3f9d630d3fd4e24fdc pn=upload; op=order; orderid=16997; 
上传
[2018-09-12 15:05:47] trace  /app/index.php?i=1&uniacid=1&t=undefined&v=1.3&m=ewei_shopv2&from=wxapp&c=entry&a=wxapp&do=main&&state=we7sid-a6c019ca33aaf03f43feb571327d8d98&sign=001e2a5e5cb9f6308fd72766f968c476 pn=upload; op=order; orderid=16998; 
上传
[2018-09-12 15:38:56] trace  /app/index.php?i=1&uniacid=1&t=undefined&v=1.3&m=ewei_shopv2&from=wxapp&c=entry&a=wxapp&do=main&&state=we7sid-97e4bdb7cc3e09c6b5d6053e2769b78f&sign=0a3a2ac223ab9874e5cdedb94d90e4ed op=order; orderid=16999; pn=upload; 
上传
[2018-09-12 15:53:21] trace  /app/index.php?i=1&uniacid=1&t=undefined&v=1.3&m=ewei_shopv2&from=wxapp&c=entry&a=wxapp&do=main&&state=we7sid-9043742d4d0fb75bb59e9c389cfd5922&sign=6046b0e9dbcfc652b8bd74daa0611008 pn=upload; op=order; orderid=17000; 
上传
[2018-09-12 16:26:50] trace  /app/index.php?i=1&uniacid=1&t=undefined&v=1.3&m=ewei_shopv2&from=wxapp&c=entry&a=wxapp&do=main&&state=we7sid-d4b2cd7a2e47c6c6bb18080d1ad69930&sign=1dc3c041bc4c77c0868468777ef208ec pn=upload; op=order; orderid=17001; 
上传
[2018-09-12 16:31:18] trace  /app/index.php?i=1&uniacid=1&t=undefined&v=1.3&m=ewei_shopv2&from=wxapp&c=entry&a=wxapp&do=main&&state=we7sid-118347baa793f19edff1a15bb64fcea6&sign=7eb4d9228202aaaf4be6a99245ca403e pn=upload; op=order; orderid=17002; 
上传
[2018-09-12 17:18:04] trace  /app/index.php?i=1&uniacid=1&t=undefined&v=1.3&m=ewei_shopv2&from=wxapp&c=entry&a=wxapp&do=main&&state=we7sid-68224e61ad295ec86c6fce28d59f320b&sign=971b2958aecfb7a695145ac0e978ce5e pn=upload; op=author; orderid=16676; 
上传
[2018-09-12 17:52:29] trace  /app/index.php?i=1&uniacid=1&t=undefined&v=1.3&m=ewei_shopv2&from=wxapp&c=entry&a=wxapp&do=main&&state=we7sid-28a2449ce853f617a58f2afba966db4b&sign=e25f57103bc375a6bdf639b8ff1d064c pn=upload; op=order; orderid=17003; 
上传
[2018-09-12 18:33:49] trace  /app/index.php?i=1&uniacid=1&t=undefined&v=1.3&m=ewei_shopv2&from=wxapp&c=entry&a=wxapp&do=main&&state=we7sid-a523914f43148804560d2b890f5f9aa2&sign=45dc49e2aec3c5e4d10947d3f4cd04c1 pn=upload; op=order; orderid=17004; 
上传
[2018-09-12 18:34:15] trace  /app/index.php?i=1&uniacid=1&t=undefined&v=1.3&m=ewei_shopv2&from=wxapp&c=entry&a=wxapp&do=main&&state=we7sid-a523914f43148804560d2b890f5f9aa2&sign=45dc49e2aec3c5e4d10947d3f4cd04c1 pn=upload; op=order; orderid=17005; 
上传
[2018-09-12 18:38:45] trace  /app/index.php?i=1&uniacid=1&t=undefined&v=1.3&m=ewei_shopv2&from=wxapp&c=entry&a=wxapp&do=main&&state=we7sid-44b1ff287a2793352d263b4c720810ac&sign=6132d95e1bcaddc7a2377c20a00f70ba pn=upload; op=author; orderid=16687; 
上传
[2018-09-12 18:39:18] trace  /app/index.php?i=1&uniacid=1&t=undefined&v=1.3&m=ewei_shopv2&from=wxapp&c=entry&a=wxapp&do=main&&state=we7sid-44b1ff287a2793352d263b4c720810ac&sign=6132d95e1bcaddc7a2377c20a00f70ba pn=upload; op=author; orderid=16674; 
上传
[2018-09-12 19:13:12] trace  /app/index.php?i=1&uniacid=1&t=undefined&v=1.3&m=ewei_shopv2&from=wxapp&c=entry&a=wxapp&do=main&&state=we7sid-6b071e0d1b1c659435c6a63b2cd4a858&sign=2773eda69363cafa25d92f2d097925e1 op=order; pn=upload; orderid=17006; 
上传
[2018-09-12 19:17:19] trace  /app/index.php?i=1&uniacid=1&t=undefined&v=1.3&m=ewei_shopv2&from=wxapp&c=entry&a=wxapp&do=main&&state=we7sid-44b1ff287a2793352d263b4c720810ac&sign=6132d95e1bcaddc7a2377c20a00f70ba pn=upload; op=author; orderid=16716; 
上传
[2018-09-12 19:30:00] trace  /app/index.php?i=1&uniacid=1&t=undefined&v=1.3&m=ewei_shopv2&from=wxapp&c=entry&a=wxapp&do=main&&state=we7sid-99c5d94efe9ac47d62c22a08389b4087&sign=36d6649902fc837d9795358328ac9116 pn=upload; op=order; orderid=17007; 
上传
[2018-09-12 19:48:14] trace  /app/index.php?i=1&uniacid=1&t=undefined&v=1.3&m=ewei_shopv2&from=wxapp&c=entry&a=wxapp&do=main&&state=we7sid-28d78ba3bc2eebdfdebff7cbb1137d48&sign=4708fbb563c4b876342eb9bf064d7fe6 pn=upload; op=order; orderid=17008; 
上传
[2018-09-12 20:07:20] trace  /app/index.php?i=1&uniacid=1&t=undefined&v=1.3&m=ewei_shopv2&from=wxapp&c=entry&a=wxapp&do=main&&state=we7sid-24760186c5a8744a6c09d573f5a235cf&sign=58f9c5f1560e6da3888aad85c0816821 pn=upload; op=order; orderid=17009; 
上传
[2018-09-12 20:29:16] trace  /app/index.php?i=1&uniacid=1&t=undefined&v=1.3&m=ewei_shopv2&from=wxapp&c=entry&a=wxapp&do=main&&state=we7sid-9eae3796d8cf42b26a3ea5078157a7a8&sign=d753132e0ea43d38d48d27c3f90a8bb2 op=order; orderid=17010; pn=upload; 
上传
[2018-09-12 20:33:50] trace  /app/index.php?i=1&uniacid=1&t=undefined&v=1.3&m=ewei_shopv2&from=wxapp&c=entry&a=wxapp&do=main&&state=we7sid-93ece52cd668b32cee184045abe26ea9&sign=76a5208e5c400ff8a738c50bcbad9009 op=order; orderid=17011; pn=upload; 
上传
[2018-09-12 20:41:16] trace  /app/index.php?i=1&uniacid=1&t=undefined&v=1.3&m=ewei_shopv2&from=wxapp&c=entry&a=wxapp&do=main&&state=we7sid-522ac34ef625aeed37b9f1be6ffc0e84&sign=58b29d7ff5326bd2b12fe2dfd1c48a31 pn=upload; op=order; orderid=17012; 
上传
[2018-09-12 20:45:50] trace  /app/index.php?i=1&uniacid=1&t=undefined&v=1.3&m=ewei_shopv2&from=wxapp&c=entry&a=wxapp&do=main&&state=we7sid-36b230eb5eae894f1ddce2ade2c27e00&sign=065299c25a3f25233bf60e944414ad32 op=order; orderid=17013; pn=upload; 
上传
[2018-09-12 20:47:50] trace  /app/index.php?i=1&uniacid=1&t=undefined&v=1.3&m=ewei_shopv2&from=wxapp&c=entry&a=wxapp&do=main&&state=we7sid-bcfa953174ee02bd794b5a0a8040060a&sign=55a869d2750bd9cf32b79dd61cea8cdf pn=upload; op=order; orderid=17014; 
上传
[2018-09-12 20:52:32] trace  /app/index.php?i=1&uniacid=1&t=undefined&v=1.3&m=ewei_shopv2&from=wxapp&c=entry&a=wxapp&do=main&&state=we7sid-522ac34ef625aeed37b9f1be6ffc0e84&sign=58b29d7ff5326bd2b12fe2dfd1c48a31 pn=upload; op=order; orderid=17015; 
上传
[2018-09-12 21:04:27] trace  /app/index.php?i=1&uniacid=1&t=undefined&v=1.3&m=ewei_shopv2&from=wxapp&c=entry&a=wxapp&do=main&&state=we7sid-72c4cf57c39f8a8e283cac4ebf7c0dc5&sign=2762cce40a50a5e4c1fa20e37a261308 pn=upload; op=order; orderid=17016; 
上传
[2018-09-12 21:15:49] trace  /app/index.php?i=1&uniacid=1&t=undefined&v=1.3&m=ewei_shopv2&from=wxapp&c=entry&a=wxapp&do=main&&state=we7sid-2625a577cd877e5886fa52916f6f81f9&sign=14776236c66399dc72b58ca460c17c23 pn=upload; op=order; orderid=17017; 
上传
[2018-09-12 21:21:02] trace  /app/index.php?i=1&uniacid=1&t=undefined&v=1.3&m=ewei_shopv2&from=wxapp&c=entry&a=wxapp&do=main&&state=we7sid-2b3137036ffb6633e73d1bee1ac1d57f&sign=2126d1088d9e1fc1e6050230e970726a op=order; orderid=17018; pn=upload; 
上传
[2018-09-12 21:40:13] trace  /app/index.php?i=1&uniacid=1&t=undefined&v=1.3&m=ewei_shopv2&from=wxapp&c=entry&a=wxapp&do=main&&state=we7sid-f9246143845dad7734a7d70c3b15afbe&sign=ae462a7e42b36bf7f4969a74fb4bb4ed op=order; pn=upload; orderid=17019; 
上传
[2018-09-12 21:59:22] trace  /app/index.php?i=1&uniacid=1&t=undefined&v=1.3&m=ewei_shopv2&from=wxapp&c=entry&a=wxapp&do=main&&state=we7sid-b954da23f184c412d9463328bc0304d6&sign=475368bc7239a7c7a7736f14d9460ea9 pn=upload; op=order; orderid=17020; 
上传
[2018-09-12 22:11:59] trace  /app/index.php?i=1&uniacid=1&t=undefined&v=1.3&m=ewei_shopv2&from=wxapp&c=entry&a=wxapp&do=main&&state=we7sid-27f1045fdd1a4d2b75fbdbcd7b4765f0&sign=17bac5870a508d56774ff4380d865432 pn=upload; op=order; orderid=17021; 
上传
[2018-09-12 22:26:49] trace  /app/index.php?i=1&uniacid=1&t=undefined&v=1.3&m=ewei_shopv2&from=wxapp&c=entry&a=wxapp&do=main&&state=we7sid-22a3a795694bf43d8c8dde0b22064643&sign=249f0abaf6a3185a67430098dfa80558 pn=upload; op=order; orderid=17022; 
上传
[2018-09-12 22:33:56] trace  /app/index.php?i=1&uniacid=1&t=undefined&v=1.3&m=ewei_shopv2&from=wxapp&c=entry&a=wxapp&do=main&&state=we7sid-64ba46c167de581236e7fd2d101bf3b5&sign=4a1de14a79029557d3959a02892f53d9 pn=upload; op=order; orderid=17023; 
上传
[2018-09-12 23:00:27] trace  /app/index.php?i=1&uniacid=1&t=undefined&v=1.3&m=ewei_shopv2&from=wxapp&c=entry&a=wxapp&do=main&&state=we7sid-82910c3d8c414ec66d89402d7b0a1b36&sign=6c4892f894a0cde39c9604983863f3c4 op=order; orderid=17024; pn=upload; 
上传
[2018-09-12 23:28:16] trace  /app/index.php?i=1&uniacid=1&t=undefined&v=1.3&m=ewei_shopv2&from=wxapp&c=entry&a=wxapp&do=main&&state=we7sid-74f07dd892c58a3ce2327cc45758ffac&sign=907ea99fddee17ac41204df5ac6ce969 pn=upload; op=author; orderid=16851; 
上传
[2018-09-12 23:28:39] trace  /app/index.php?i=1&uniacid=1&t=undefined&v=1.3&m=ewei_shopv2&from=wxapp&c=entry&a=wxapp&do=main&&state=we7sid-74f07dd892c58a3ce2327cc45758ffac&sign=907ea99fddee17ac41204df5ac6ce969 pn=upload; op=author; orderid=16739; 
上传
