[2018-06-12 00:05:21] trace  /app/index.php?i=1&uniacid=1&t=undefined&v=1.1&m=ewei_shopv2&from=wxapp&c=entry&a=wxapp&do=main&&state=we7sid-bf65788ae308073528454a1697b15416&sign=82c58e709e3463eb32ebbde8e695d207 pn=upload; op=order; orderid=7484; 
上传
[2018-06-12 00:25:32] trace  /app/index.php?i=1&uniacid=1&t=undefined&v=1.1&m=ewei_shopv2&from=wxapp&c=entry&a=wxapp&do=main&&state=we7sid-9af110dcdb80752737325308fe429dba&sign=d79f4648c0673306467961358ebc93f3 pn=upload; op=order; orderid=7485; 
上传
[2018-06-12 00:57:31] trace  /app/index.php?i=1&uniacid=1&t=undefined&v=1.1&m=ewei_shopv2&from=wxapp&c=entry&a=wxapp&do=main&&state=we7sid-47e38129c1a5bd189b3fc5ac3e4078be&sign=cc648eb2b7c783ecc014abae8b52869e pn=upload; op=order; orderid=7486; 
上传
[2018-06-12 01:23:34] trace  /app/index.php?i=1&uniacid=1&t=undefined&v=1.1&m=ewei_shopv2&from=wxapp&c=entry&a=wxapp&do=main&&state=we7sid-615be3df37d03e1749f4ff94614ff153&sign=c27efcff958f774f7a6e9d2b1d9a176e pn=upload; op=order; orderid=7487; 
上传
[2018-06-12 05:49:21] trace  /app/index.php?i=1&uniacid=1&t=undefined&v=1.1&m=ewei_shopv2&from=wxapp&c=entry&a=wxapp&do=main&&state=we7sid-95dcebfbdc8b3a8a15c036b8593c185d&sign=2b280caef9d7938e9574655ceb24b1b5 pn=upload; op=order; orderid=7488; 
上传
[2018-06-12 06:59:12] trace  /app/index.php?i=1&uniacid=1&t=undefined&v=1.1&m=ewei_shopv2&from=wxapp&c=entry&a=wxapp&do=main&&state=we7sid-901e43a62510952ecca1910b85e082d8&sign=3e6aefc948a19fac247abbdf5a6acede pn=upload; op=order; orderid=7489; 
上传
[2018-06-12 08:27:03] trace  /app/index.php?i=1&uniacid=1&t=undefined&v=1.1&m=ewei_shopv2&from=wxapp&c=entry&a=wxapp&do=main&&state=we7sid-75577b62639d38b861856d195e6f863d&sign=d53d29f16caff0e4319f4f49ef67f9e6 pn=upload; op=order; orderid=7490; 
上传
[2018-06-12 08:27:03] trace  /app/index.php?i=1&uniacid=1&t=undefined&v=1.1&m=ewei_shopv2&from=wxapp&c=entry&a=wxapp&do=main&&state=we7sid-75577b62639d38b861856d195e6f863d&sign=d53d29f16caff0e4319f4f49ef67f9e6 pn=upload; op=order; orderid=7490; 
上传
[2018-06-12 08:45:35] trace  /app/index.php?i=1&uniacid=1&t=undefined&v=1.1&m=ewei_shopv2&from=wxapp&c=entry&a=wxapp&do=main&&state=we7sid-533e3fa8b7e3004d776fdc26771e3895&sign=37ea5a562788b02a3945ed68ede2163e pn=upload; op=order; orderid=7491; 
上传
[2018-06-12 08:59:03] trace  /app/index.php?i=1&uniacid=1&t=undefined&v=1.1&m=ewei_shopv2&from=wxapp&c=entry&a=wxapp&do=main&&state=we7sid-33107281551967feb6ac98647f6c96af&sign=ab266cb06f6ac8aac30086a011b6f951 pn=upload; op=order; orderid=7492; 
上传
[2018-06-12 09:25:15] trace  /app/index.php?i=1&uniacid=1&t=undefined&v=1.1&m=ewei_shopv2&from=wxapp&c=entry&a=wxapp&do=main&&state=we7sid-f26a07532b16c57f5990d81cf376ecd9&sign=d4ada8790c837ab97a162c544584eb5b pn=upload; op=order; orderid=7493; 
上传
[2018-06-12 09:44:19] trace  /app/index.php?i=1&uniacid=1&t=undefined&v=1.1&m=ewei_shopv2&from=wxapp&c=entry&a=wxapp&do=main&&state=we7sid-56027f13632996cb658427b5bcab36bf&sign=3066256ac2e6199735ec9ac9ceb50302 pn=upload; op=order; orderid=7494; 
上传
[2018-06-12 10:16:12] trace  /app/index.php?i=1&uniacid=1&t=undefined&v=1.1&m=ewei_shopv2&from=wxapp&c=entry&a=wxapp&do=main&&state=we7sid-f26a07532b16c57f5990d81cf376ecd9&sign=d4ada8790c837ab97a162c544584eb5b pn=upload; op=order; orderid=7495; 
上传
[2018-06-12 10:25:57] trace  /app/index.php?i=1&uniacid=1&t=undefined&v=1.1&m=ewei_shopv2&from=wxapp&c=entry&a=wxapp&do=main&&state=we7sid-0ef21c62c165c98e2b90d228830fb784&sign=1b78737ac6e8670e92050a343e2193e6 pn=upload; op=order; orderid=7496; 
上传
[2018-06-12 10:28:37] trace  /app/index.php?i=1&uniacid=1&t=undefined&v=1.1&m=ewei_shopv2&from=wxapp&c=entry&a=wxapp&do=main&&state=we7sid-6f63189b2dae47dd4883e8b64e5db6c4&sign=8eef0253ed0a7ecbd13349a5bf947f55 pn=upload; op=order; orderid=7497; 
上传
[2018-06-12 11:14:51] trace  /app/index.php?i=1&uniacid=1&t=undefined&v=1.1&m=ewei_shopv2&from=wxapp&c=entry&a=wxapp&do=main&&state=we7sid-2fb5c2389bb01d37e09d7dcf70ec54ae&sign=57e2b80d8023b6c9c60ec38e57ac5ae9 pn=upload; op=order; orderid=7498; 
上传
[2018-06-12 11:34:50] trace  /app/index.php?i=1&uniacid=1&t=undefined&v=1.1&m=ewei_shopv2&from=wxapp&c=entry&a=wxapp&do=main&&state=we7sid-8e92051054a42a2f4afb570a7cbabf40&sign=a98d0ccadc279c190e98ca23a1dee751 pn=upload; op=order; orderid=7499; 
上传
[2018-06-12 11:47:16] trace  /app/index.php?i=1&uniacid=1&t=undefined&v=1.1&m=ewei_shopv2&from=wxapp&c=entry&a=wxapp&do=main&&state=we7sid-f94602783c5f82eea7942980ab8bc1f0&sign=19f93a162b9fe50f468c2c17047e458a pn=upload; op=order; orderid=7500; 
上传
[2018-06-12 12:23:47] trace  /app/index.php?i=1&uniacid=1&t=undefined&v=1.1&m=ewei_shopv2&from=wxapp&c=entry&a=wxapp&do=main&&state=we7sid-d381a944dd95ca227e71188b6b010ea9&sign=818043f9e6b1a481fff482b7a6e493e8 pn=upload; op=order; orderid=7501; 
上传
[2018-06-12 12:42:02] trace  /app/index.php?i=1&uniacid=1&t=undefined&v=1.1&m=ewei_shopv2&from=wxapp&c=entry&a=wxapp&do=main&&state=we7sid-8b98c6844658c127b7298ddcdaf6652b&sign=1096b1f1b502289886dd3530f9a65e28 pn=upload; op=order; orderid=7502; 
上传
[2018-06-12 12:52:11] trace  /app/index.php?i=1&uniacid=1&t=undefined&v=1.1&m=ewei_shopv2&from=wxapp&c=entry&a=wxapp&do=main&&state=we7sid-06024ef075bbc7c0eb9fe149b1e08b32&sign=f9fc67ea4fd4c31bcd625d423c8a885f pn=upload; op=order; orderid=7503; 
上传
[2018-06-12 12:55:23] trace  /app/index.php?i=1&uniacid=1&t=undefined&v=1.1&m=ewei_shopv2&from=wxapp&c=entry&a=wxapp&do=main&&state=we7sid-902272faa3357a4092bcf684c544cb60&sign=061c67b67110274eca2d0b0da3d96515 pn=upload; op=order; orderid=7504; 
上传
[2018-06-12 13:14:47] trace  /app/index.php?i=1&uniacid=1&t=undefined&v=1.1&m=ewei_shopv2&from=wxapp&c=entry&a=wxapp&do=main&&state=we7sid-4761a3ded3e9185cff9610da5c3c48e7&sign=18af1130f58e5bab95ccdb2297294a0a pn=upload; op=order; orderid=7505; 
上传
[2018-06-12 13:15:23] trace  /app/index.php?i=1&uniacid=1&t=undefined&v=1.1&m=ewei_shopv2&from=wxapp&c=entry&a=wxapp&do=main&&state=we7sid-070caefc9020f13375661b056fcbb764&sign=adc6be75383644b7e8bcab74e9735180 pn=upload; op=order; orderid=7506; 
上传
[2018-06-12 13:26:48] trace  /app/index.php?i=1&uniacid=1&t=undefined&v=1.1&m=ewei_shopv2&from=wxapp&c=entry&a=wxapp&do=main&&state=we7sid-3c05e4fa9f7ece95785cd8c59d8ca5ab&sign=c4bb034894402c5108ca77139fbbb69c pn=upload; op=order; orderid=7507; 
上传
[2018-06-12 13:42:52] trace  /app/index.php?i=1&uniacid=1&t=undefined&v=1.1&m=ewei_shopv2&from=wxapp&c=entry&a=wxapp&do=main&&state=we7sid-aab3978563c8fbbd9bb5f44032928bea&sign=8aa5b34cd2f3d1646dd8bb3763d46ec3 op=order; orderid=7508; pn=upload; 
上传
[2018-06-12 14:06:03] trace  /app/index.php?i=1&uniacid=1&t=undefined&v=1.1&m=ewei_shopv2&from=wxapp&c=entry&a=wxapp&do=main&&state=we7sid-a6080f231a486a9363f2b717138d8b52&sign=315081c7564c46b614445963a3f31f62 pn=upload; op=order; orderid=7509; 
上传
[2018-06-12 14:14:16] trace  /app/index.php?i=1&uniacid=1&t=undefined&v=1.1&m=ewei_shopv2&from=wxapp&c=entry&a=wxapp&do=main&&state=we7sid-cd22ce3b3a753d07877458eb8faceb45&sign=ed97512a723080f41041386d3e290878 pn=upload; op=order; orderid=7510; 
上传
[2018-06-12 14:16:19] trace  /app/index.php?i=1&uniacid=1&t=undefined&v=1.1&m=ewei_shopv2&from=wxapp&c=entry&a=wxapp&do=main&&state=we7sid-fa64949389397a9911da3743a3efad51&sign=adec7c9314571ec5f9c2e2efdc22f634 pn=upload; op=order; orderid=7511; 
上传
[2018-06-12 14:19:41] trace  /app/index.php?i=1&uniacid=1&t=undefined&v=1.1&m=ewei_shopv2&from=wxapp&c=entry&a=wxapp&do=main&&state=we7sid-fa64949389397a9911da3743a3efad51&sign=adec7c9314571ec5f9c2e2efdc22f634 pn=upload; op=order; orderid=7512; 
上传
[2018-06-12 14:34:21] trace  /app/index.php?i=1&uniacid=1&t=undefined&v=1.1&m=ewei_shopv2&from=wxapp&c=entry&a=wxapp&do=main&&state=we7sid-f705c8c987580a8fdbb8b403c991540d&sign=549b22eb1ef0decac99ac14fa78e71f8 pn=upload; op=order; orderid=7513; 
上传
[2018-06-12 14:58:07] trace  /app/index.php?i=1&uniacid=1&t=undefined&v=1.1&m=ewei_shopv2&from=wxapp&c=entry&a=wxapp&do=main&&state=we7sid-4ea5fe23558a55a62580ff47363d350e&sign=f6f3a501508d759db885e0a0e7cb2b92 pn=upload; op=order; orderid=7514; 
上传
[2018-06-12 15:12:32] trace  /app/index.php?i=1&uniacid=1&t=undefined&v=1.1&m=ewei_shopv2&from=wxapp&c=entry&a=wxapp&do=main&&state=we7sid-d6c534548f483b2fc96c71befa4f5c2e&sign=adf75040d4c373b186fbd96238b04f04 pn=upload; op=order; orderid=7515; 
上传
[2018-06-12 15:12:50] trace  /app/index.php?i=1&uniacid=1&t=undefined&v=1.1&m=ewei_shopv2&from=wxapp&c=entry&a=wxapp&do=main&&state=we7sid-7de01b1117f68449209979393960ad62&sign=80a483ecd5fa888aca0fa5d99cb85d1f pn=upload; op=order; orderid=7516; 
上传
[2018-06-12 15:24:27] trace  /app/index.php?i=1&uniacid=1&t=undefined&v=1.1&m=ewei_shopv2&from=wxapp&c=entry&a=wxapp&do=main&&state=we7sid-0af344234e36f5b71256536ff35125af&sign=a9f4b28a19794785f7272d37960f734c pn=upload; op=order; orderid=7517; 
上传
[2018-06-12 15:30:56] trace  /app/index.php?i=1&uniacid=1&t=undefined&v=1.1&m=ewei_shopv2&from=wxapp&c=entry&a=wxapp&do=main&&state=we7sid-68474bf55d6acdd0078fdad1f756ff5b&sign=1a90bcd3bf2b680768fbdb02d0c28ff8 pn=upload; op=order; orderid=7518; 
上传
[2018-06-12 15:54:22] trace  /app/index.php?i=1&uniacid=1&t=undefined&v=1.1&m=ewei_shopv2&from=wxapp&c=entry&a=wxapp&do=main&&state=we7sid-3ae803548d107c67997729efeb5a7436&sign=ac0fdbb36f3facde158db7073f04838e pn=upload; op=order; orderid=7519; 
上传
[2018-06-12 15:54:27] trace  /app/index.php?i=1&uniacid=1&t=undefined&v=1.1&m=ewei_shopv2&from=wxapp&c=entry&a=wxapp&do=main&&state=we7sid-3ae803548d107c67997729efeb5a7436&sign=ac0fdbb36f3facde158db7073f04838e pn=upload; op=order; orderid=7520; 
上传
[2018-06-12 15:54:34] trace  /app/index.php?i=1&uniacid=1&t=undefined&v=1.1&m=ewei_shopv2&from=wxapp&c=entry&a=wxapp&do=main&&state=we7sid-3ae803548d107c67997729efeb5a7436&sign=ac0fdbb36f3facde158db7073f04838e pn=upload; op=order; orderid=7521; 
上传
[2018-06-12 15:56:17] trace  /app/index.php?i=1&uniacid=1&t=undefined&v=1.1&m=ewei_shopv2&from=wxapp&c=entry&a=wxapp&do=main&&state=we7sid-d8b16d82cd8f5a653ed087cb425fa023&sign=12f27790426b2a8d085c5dc8bfb77b45 pn=upload; op=order; orderid=7522; 
上传
[2018-06-12 15:57:11] trace  /app/index.php?i=1&uniacid=1&t=undefined&v=1.1&m=ewei_shopv2&from=wxapp&c=entry&a=wxapp&do=main&&state=we7sid-29518996849c50e6ba84c3337a5bdbbb&sign=fc37029527b3fe2758bf9d6bd3e5ea24 pn=upload; op=order; orderid=7523; 
上传
[2018-06-12 16:44:25] trace  /app/index.php?i=1&uniacid=1&t=undefined&v=1.1&m=ewei_shopv2&from=wxapp&c=entry&a=wxapp&do=main&&state=we7sid-93fc1d9d9d8b71bcd52b68700a63dd24&sign=5c5f2a400453c909b4f3bec7a592c008 pn=upload; op=order; orderid=7524; 
上传
[2018-06-12 16:45:05] trace  /app/index.php?i=1&uniacid=1&t=undefined&v=1.1&m=ewei_shopv2&from=wxapp&c=entry&a=wxapp&do=main&&state=we7sid-d9cd5aec0da8b59f0ac26e35f6a239d4&sign=2fe803a92804fa24614bb015729bf8ef pn=upload; op=order; orderid=7525; 
上传
[2018-06-12 17:10:47] trace  /app/index.php?i=1&uniacid=1&t=undefined&v=1.1&m=ewei_shopv2&from=wxapp&c=entry&a=wxapp&do=main&&state=we7sid-f67ffc2dd834072c3a5fd0379e708962&sign=28276016c77b7a4ad1e3b9d121ff3f0b pn=upload; op=order; orderid=7526; 
上传
[2018-06-12 17:14:56] trace  /app/index.php?i=1&uniacid=1&t=undefined&v=1.1&m=ewei_shopv2&from=wxapp&c=entry&a=wxapp&do=main&&state=we7sid-50315f7797367038f122b972d73253c8&sign=22c33ee865105973dcf8a29f01ec7600 pn=upload; op=order; orderid=7527; 
上传
[2018-06-12 17:17:18] trace  /app/index.php?i=1&uniacid=1&t=undefined&v=1.1&m=ewei_shopv2&from=wxapp&c=entry&a=wxapp&do=main&&state=we7sid-b1ede5abcbceeab3746c47ff070687c0&sign=d05ae6728651eb6a8b03ab746d957ad2 pn=upload; op=order; orderid=7528; 
上传
[2018-06-12 17:25:08] trace  /app/index.php?i=1&uniacid=1&t=undefined&v=1.1&m=ewei_shopv2&from=wxapp&c=entry&a=wxapp&do=main&&state=we7sid-fad53234fdc3d797537c307fa9883b6b&sign=fbf41a76c796bdf841378836e4022330 pn=upload; op=order; orderid=7529; 
上传
[2018-06-12 17:35:27] trace  /app/index.php?i=1&uniacid=1&t=undefined&v=1.1&m=ewei_shopv2&from=wxapp&c=entry&a=wxapp&do=main&&state=we7sid-7357d358a883ea71208b2ddb58924220&sign=6dec18d7c280041e5f6fe1a91620ccc7 pn=upload; op=order; orderid=7530; 
上传
[2018-06-12 17:41:59] trace  /app/index.php?i=1&uniacid=1&t=undefined&v=1.1&m=ewei_shopv2&from=wxapp&c=entry&a=wxapp&do=main&&state=we7sid-1c9b92a2651380dea35075b638ab5809&sign=83bd79540b3836efd4d45a4c1bd255c2 pn=upload; op=order; orderid=7531; 
上传
[2018-06-12 17:54:04] trace  /app/index.php?i=1&uniacid=1&t=undefined&v=1.1&m=ewei_shopv2&from=wxapp&c=entry&a=wxapp&do=main&&state=we7sid-65cd3366399a9eb41f86e1177adea08d&sign=1cf9dffbf841cb21d0ee15d2987505ee pn=upload; op=author; orderid=7193; 
上传
[2018-06-12 18:08:59] trace  /app/index.php?i=1&uniacid=1&t=undefined&v=1.1&m=ewei_shopv2&from=wxapp&c=entry&a=wxapp&do=main&&state=we7sid-65cd3366399a9eb41f86e1177adea08d&sign=1cf9dffbf841cb21d0ee15d2987505ee pn=upload; op=author; orderid=7202; 
上传
[2018-06-12 18:11:25] trace  /app/index.php?i=1&uniacid=1&t=undefined&v=1.1&m=ewei_shopv2&from=wxapp&c=entry&a=wxapp&do=main&&state=we7sid-5ee51a871911ccf28bb382c7d8e785e8&sign=2911a17f9fccf74d9db3e8ffc71e5db7 pn=upload; op=order; orderid=7532; 
上传
[2018-06-12 18:20:58] trace  /app/index.php?i=1&uniacid=1&t=undefined&v=1.1&m=ewei_shopv2&from=wxapp&c=entry&a=wxapp&do=main&&state=we7sid-65cd3366399a9eb41f86e1177adea08d&sign=1cf9dffbf841cb21d0ee15d2987505ee pn=upload; op=author; orderid=7216; 
上传
[2018-06-12 18:28:27] trace  /app/index.php?i=1&uniacid=1&t=undefined&v=1.1&m=ewei_shopv2&from=wxapp&c=entry&a=wxapp&do=main&&state=we7sid-65cd3366399a9eb41f86e1177adea08d&sign=1cf9dffbf841cb21d0ee15d2987505ee pn=upload; op=author; orderid=7258; 
上传
[2018-06-12 18:28:33] trace  /app/index.php?i=1&uniacid=1&t=undefined&v=1.1&m=ewei_shopv2&from=wxapp&c=entry&a=wxapp&do=main&&state=we7sid-5d989f1b9f2d2f2fe2c7482d03ca2bdb&sign=7bf4e9e7ac70da8d2376b5c73202302d op=order; orderid=7533; pn=upload; 
上传
[2018-06-12 18:48:03] trace  /app/index.php?i=1&uniacid=1&t=undefined&v=1.1&m=ewei_shopv2&from=wxapp&c=entry&a=wxapp&do=main&&state=we7sid-b8a1bd12bc4f5f9a7b0df0a1c0078d98&sign=73bdb23816ab821887b2a3a6461be3f5 pn=upload; op=order; orderid=7534; 
上传
[2018-06-12 18:56:24] trace  /app/index.php?i=1&uniacid=1&t=undefined&v=1.1&m=ewei_shopv2&from=wxapp&c=entry&a=wxapp&do=main&&state=we7sid-5d7d97e4a7e0063300abac8cf7892314&sign=c0cbac46d09a5b0f7d31d77e06737c73 pn=upload; op=order; orderid=7535; 
上传
[2018-06-12 18:57:44] trace  /app/index.php?i=1&uniacid=1&t=undefined&v=1.1&m=ewei_shopv2&from=wxapp&c=entry&a=wxapp&do=main&&state=we7sid-ef152dae85e6fb8d43d50bf7090fdd1f&sign=49b54e2d1808c4bcc299d412aee33b0d pn=upload; op=order; orderid=7536; 
上传
[2018-06-12 19:01:21] trace  /app/index.php?i=1&uniacid=1&t=undefined&v=1.1&m=ewei_shopv2&from=wxapp&c=entry&a=wxapp&do=main&&state=we7sid-9b795acb926d12899e4322f09b7284a4&sign=6b14fc6660c9b8ee31975f0693545b01 pn=upload; op=order; orderid=7537; 
上传
[2018-06-12 19:18:58] trace  /app/index.php?i=1&uniacid=1&t=undefined&v=1.1&m=ewei_shopv2&from=wxapp&c=entry&a=wxapp&do=main&&state=we7sid-eade69150d28034beb0bd8486e89c0d0&sign=89f89428674db25682edce475f670aad pn=upload; op=order; orderid=7538; 
上传
[2018-06-12 19:38:35] trace  /app/index.php?i=1&uniacid=1&t=undefined&v=1.1&m=ewei_shopv2&from=wxapp&c=entry&a=wxapp&do=main&&state=we7sid-00f99726ba25e455c2dea34d056e74cd&sign=6783601cba6e64379602d886d56170fe pn=upload; op=order; orderid=7539; 
上传
[2018-06-12 19:53:26] trace  /app/index.php?i=1&uniacid=1&t=undefined&v=1.1&m=ewei_shopv2&from=wxapp&c=entry&a=wxapp&do=main&&state=we7sid-0ae842cba5184132fa33f1496b6698c7&sign=40bb4b3790858a5163802af1c6a6cde9 pn=upload; op=order; orderid=7540; 
上传
[2018-06-12 20:07:26] trace  /app/index.php?i=1&uniacid=1&t=undefined&v=1.1&m=ewei_shopv2&from=wxapp&c=entry&a=wxapp&do=main&&state=we7sid-2c8a709e899b93d4aea96104468518e6&sign=79f7997580ccfd5cff58fee34e0059e7 pn=upload; op=order; orderid=7541; 
上传
[2018-06-12 20:08:24] trace  /app/index.php?i=1&uniacid=1&t=undefined&v=1.1&m=ewei_shopv2&from=wxapp&c=entry&a=wxapp&do=main&&state=we7sid-8cba2ffbc28007015251af687508b826&sign=ec812a7a5f0c78185861c241d8cab787 pn=upload; op=order; orderid=7542; 
上传
[2018-06-12 20:21:22] trace  /app/index.php?i=1&uniacid=1&t=undefined&v=1.1&m=ewei_shopv2&from=wxapp&c=entry&a=wxapp&do=main&&state=we7sid-9ae11d0bb9868a281a19fdffa74d4616&sign=d6209be7a109d185664c35791b826cc6 pn=upload; op=order; orderid=7543; 
上传
[2018-06-12 20:32:34] trace  /app/index.php?i=1&uniacid=1&t=undefined&v=1.1&m=ewei_shopv2&from=wxapp&c=entry&a=wxapp&do=main&&state=we7sid-56fb7c04e4f14605247a74f8afa9ae73&sign=c0b80cf351fc41b343a9195e75542538 pn=upload; op=order; orderid=7544; 
上传
[2018-06-12 20:32:40] trace  /app/index.php?i=1&uniacid=1&t=undefined&v=1.1&m=ewei_shopv2&from=wxapp&c=entry&a=wxapp&do=main&&state=we7sid-56fb7c04e4f14605247a74f8afa9ae73&sign=c0b80cf351fc41b343a9195e75542538 pn=upload; op=order; orderid=7545; 
上传
[2018-06-12 20:35:13] trace  /app/index.php?i=1&uniacid=1&t=undefined&v=1.1&m=ewei_shopv2&from=wxapp&c=entry&a=wxapp&do=main&&state=we7sid-7d004b51339bf0f9af15afad657ec040&sign=0f62049baa61dfc61995d9e233cf1b8c pn=upload; op=order; orderid=7546; 
上传
[2018-06-12 20:43:41] trace  /app/index.php?i=1&uniacid=1&t=undefined&v=1.1&m=ewei_shopv2&from=wxapp&c=entry&a=wxapp&do=main&&state=we7sid-2c962d7adc12f817c504b23e6e91a78f&sign=24fe1657b0525e4415544e9d78461395 pn=upload; op=order; orderid=7547; 
上传
[2018-06-12 20:58:01] trace  /app/index.php?i=1&uniacid=1&t=undefined&v=1.1&m=ewei_shopv2&from=wxapp&c=entry&a=wxapp&do=main&&state=we7sid-d678e66ea04f292220eca42aee9b9fe6&sign=9b77f860acd6b3e2017df9fa6403899c pn=upload; op=order; orderid=7548; 
上传
[2018-06-12 20:59:03] trace  /app/index.php?i=1&uniacid=1&t=undefined&v=1.1&m=ewei_shopv2&from=wxapp&c=entry&a=wxapp&do=main&&state=we7sid-1a89ef32d5d38840f435f97a8050cc15&sign=955f35884b69f1b9de8d1663faaf5c4a pn=upload; op=order; orderid=7549; 
上传
[2018-06-12 21:05:31] trace  /app/index.php?i=1&uniacid=1&t=undefined&v=1.1&m=ewei_shopv2&from=wxapp&c=entry&a=wxapp&do=main&&state=we7sid-88057ca827c66d2669687e3447a04c71&sign=9d3b30964a0c744a90c8c5037026d951 pn=upload; op=order; orderid=7550; 
上传
[2018-06-12 21:13:31] trace  /app/index.php?i=1&uniacid=1&t=undefined&v=1.1&m=ewei_shopv2&from=wxapp&c=entry&a=wxapp&do=main&&state=we7sid-504154d52537a6b176dd8f001b01c29c&sign=277b40d8a19ffa55c7935dd3cc06b83b pn=upload; op=order; orderid=7551; 
上传
[2018-06-12 21:52:17] trace  /app/index.php?i=1&uniacid=1&t=undefined&v=1.1&m=ewei_shopv2&from=wxapp&c=entry&a=wxapp&do=main&&state=we7sid-3c6031b5e4b0f8f4c53bfb8c47158cb3&sign=bfb218a908762e408370c6c8aac1d226 pn=upload; op=order; orderid=7552; 
上传
[2018-06-12 21:55:29] trace  /app/index.php?i=1&uniacid=1&t=undefined&v=1.1&m=ewei_shopv2&from=wxapp&c=entry&a=wxapp&do=main&&state=we7sid-c5a4b7da83cb55281c9f98895467dfe2&sign=28edb871122b8259a6c00fa3f173a810 pn=upload; op=order; orderid=7553; 
上传
[2018-06-12 22:01:15] trace  /app/index.php?i=1&uniacid=1&t=undefined&v=1.1&m=ewei_shopv2&from=wxapp&c=entry&a=wxapp&do=main&&state=we7sid-c5a4b7da83cb55281c9f98895467dfe2&sign=28edb871122b8259a6c00fa3f173a810 pn=upload; op=order; orderid=7554; 
上传
[2018-06-12 22:07:02] trace  /app/index.php?i=1&uniacid=1&t=undefined&v=1.1&m=ewei_shopv2&from=wxapp&c=entry&a=wxapp&do=main&&state=we7sid-d3c394d09c83ead7021898e505d6322e&sign=9c67f35fceded6329722409fb56fa05f op=order; pn=upload; orderid=7555; 
上传
[2018-06-12 22:19:02] trace  /app/index.php?i=1&uniacid=1&t=undefined&v=1.1&m=ewei_shopv2&from=wxapp&c=entry&a=wxapp&do=main&&state=we7sid-aa1993b7b3f29f43e8139735b1430fba&sign=b318b443ae0406e3d1dea395159d5e49 pn=upload; op=order; orderid=7556; 
上传
[2018-06-12 22:42:03] trace  /app/index.php?i=1&uniacid=1&t=undefined&v=1.1&m=ewei_shopv2&from=wxapp&c=entry&a=wxapp&do=main&&state=we7sid-b29b7c7ff22885b5bc5bf0861c12c2de&sign=3cfab72a0dc5bd809329dafdacc3cc75 pn=upload; op=order; orderid=7557; 
上传
[2018-06-12 22:50:18] trace  /app/index.php?i=1&uniacid=1&t=undefined&v=1.1&m=ewei_shopv2&from=wxapp&c=entry&a=wxapp&do=main&&state=we7sid-5db8e87584a822556ebdc76c5c8b4b03&sign=9d2521cd4395bdc75fd7923134216ccd pn=upload; op=order; orderid=7558; 
上传
[2018-06-12 23:20:41] trace  /app/index.php?i=1&uniacid=1&t=undefined&v=1.1&m=ewei_shopv2&from=wxapp&c=entry&a=wxapp&do=main&&state=we7sid-e26395e9c74b7a87910a2f309001471e&sign=446fb45fe756683557c1b4345a761822 pn=upload; op=order; orderid=7559; 
上传
[2018-06-12 23:49:25] trace  /app/index.php?i=1&uniacid=1&t=undefined&v=1.1&m=ewei_shopv2&from=wxapp&c=entry&a=wxapp&do=main&&state=we7sid-26059b83ed1fbd5aaa3012d8d5a9f8aa&sign=94022468aa8bb744b3a5af2292b5f990 op=order; orderid=7560; pn=upload; 
上传
[2018-06-12 23:50:23] trace  /app/index.php?i=1&uniacid=1&t=undefined&v=1.1&m=ewei_shopv2&from=wxapp&c=entry&a=wxapp&do=main&&state=we7sid-93760f34a305efc2121c94eaf35998c8&sign=fe38f68ea73ae9fc97020cd1862d2263 pn=upload; op=author; orderid=7264; 
上传
[2018-06-12 23:56:57] trace  /app/index.php?i=1&uniacid=1&t=undefined&v=1.1&m=ewei_shopv2&from=wxapp&c=entry&a=wxapp&do=main&&state=we7sid-93760f34a305efc2121c94eaf35998c8&sign=fe38f68ea73ae9fc97020cd1862d2263 pn=upload; op=author; orderid=7342; 
上传
