[2018-12-01 01:30:20] trace  /app/index.php?i=1&uniacid=1&t=undefined&v=1.3&m=ewei_shopv2&from=wxapp&c=entry&a=wxapp&do=main&&state=we7sid-eaf1e1cd315373038cc6ecd205030966&sign=874e90cae05364e50348510f77d6963e pn=upload; op=order; orderid=21523; 
上传
[2018-12-01 02:33:48] trace  /app/index.php?i=1&uniacid=1&t=undefined&v=1.3&m=ewei_shopv2&from=wxapp&c=entry&a=wxapp&do=main&&state=we7sid-9c8eeab2201380b901e332ba09a81bd7&sign=eb15a06c7cffd22db2f8fc2ecbe93db1 op=author; orderid=21235; pn=upload; 
上传
[2018-12-01 02:33:48] trace  /app/index.php?i=1&uniacid=1&t=undefined&v=1.3&m=ewei_shopv2&from=wxapp&c=entry&a=wxapp&do=main&&state=we7sid-9c8eeab2201380b901e332ba09a81bd7&sign=eb15a06c7cffd22db2f8fc2ecbe93db1 op=author; orderid=21235; pn=upload; 
上传
[2018-12-01 02:34:09] trace  /app/index.php?i=1&uniacid=1&t=undefined&v=1.3&m=ewei_shopv2&from=wxapp&c=entry&a=wxapp&do=main&&state=we7sid-9c8eeab2201380b901e332ba09a81bd7&sign=eb15a06c7cffd22db2f8fc2ecbe93db1 op=author; orderid=21135; pn=upload; 
上传
[2018-12-01 02:34:09] trace  /app/index.php?i=1&uniacid=1&t=undefined&v=1.3&m=ewei_shopv2&from=wxapp&c=entry&a=wxapp&do=main&&state=we7sid-9c8eeab2201380b901e332ba09a81bd7&sign=eb15a06c7cffd22db2f8fc2ecbe93db1 op=author; orderid=21135; pn=upload; 
上传
[2018-12-01 02:34:30] trace  /app/index.php?i=1&uniacid=1&t=undefined&v=1.3&m=ewei_shopv2&from=wxapp&c=entry&a=wxapp&do=main&&state=we7sid-9c8eeab2201380b901e332ba09a81bd7&sign=eb15a06c7cffd22db2f8fc2ecbe93db1 op=author; orderid=21035; pn=upload; 
上传
[2018-12-01 02:34:31] trace  /app/index.php?i=1&uniacid=1&t=undefined&v=1.3&m=ewei_shopv2&from=wxapp&c=entry&a=wxapp&do=main&&state=we7sid-9c8eeab2201380b901e332ba09a81bd7&sign=eb15a06c7cffd22db2f8fc2ecbe93db1 op=author; orderid=21035; pn=upload; 
上传
[2018-12-01 02:34:49] trace  /app/index.php?i=1&uniacid=1&t=undefined&v=1.3&m=ewei_shopv2&from=wxapp&c=entry&a=wxapp&do=main&&state=we7sid-9c8eeab2201380b901e332ba09a81bd7&sign=eb15a06c7cffd22db2f8fc2ecbe93db1 op=author; orderid=20998; pn=upload; 
上传
[2018-12-01 02:34:49] trace  /app/index.php?i=1&uniacid=1&t=undefined&v=1.3&m=ewei_shopv2&from=wxapp&c=entry&a=wxapp&do=main&&state=we7sid-9c8eeab2201380b901e332ba09a81bd7&sign=eb15a06c7cffd22db2f8fc2ecbe93db1 op=author; orderid=20998; pn=upload; 
上传
[2018-12-01 03:06:09] trace  /app/index.php?i=1&uniacid=1&t=undefined&v=1.3&m=ewei_shopv2&from=wxapp&c=entry&a=wxapp&do=main&&state=we7sid-64f2b954dcd800ecb63718f9555663af&sign=1bc4f770273292b8824d349a9101543b pn=upload; op=order; orderid=21524; 
上传
[2018-12-01 03:11:23] trace  /app/index.php?i=1&uniacid=1&t=undefined&v=1.3&m=ewei_shopv2&from=wxapp&c=entry&a=wxapp&do=main&&state=we7sid-de348e58a4054fb1d3c18ca9c7c82e75&sign=8b567eb292420ad1234e7d463b8217f9 pn=upload; op=order; orderid=21525; 
上传
[2018-12-01 05:04:09] trace  /app/index.php?i=1&uniacid=1&t=undefined&v=1.3&m=ewei_shopv2&from=wxapp&c=entry&a=wxapp&do=main&&state=we7sid-4ec38f93664bed5538c129e4b82a576d&sign=d37a807e1439498b54be4d14c9a00b95 pn=upload; op=order; orderid=21526; 
上传
[2018-12-01 05:05:20] trace  /app/index.php?i=1&uniacid=1&t=undefined&v=1.3&m=ewei_shopv2&from=wxapp&c=entry&a=wxapp&do=main&&state=we7sid-4ec38f93664bed5538c129e4b82a576d&sign=d37a807e1439498b54be4d14c9a00b95 pn=upload; op=order; orderid=21527; 
上传
[2018-12-01 05:05:38] trace  /app/index.php?i=1&uniacid=1&t=undefined&v=1.3&m=ewei_shopv2&from=wxapp&c=entry&a=wxapp&do=main&&state=we7sid-4ec38f93664bed5538c129e4b82a576d&sign=d37a807e1439498b54be4d14c9a00b95 pn=upload; op=order; orderid=21528; 
上传
[2018-12-01 05:05:50] trace  /app/index.php?i=1&uniacid=1&t=undefined&v=1.3&m=ewei_shopv2&from=wxapp&c=entry&a=wxapp&do=main&&state=we7sid-4ec38f93664bed5538c129e4b82a576d&sign=d37a807e1439498b54be4d14c9a00b95 pn=upload; op=order; orderid=21529; 
上传
[2018-12-01 07:08:09] trace  /app/index.php?i=1&uniacid=1&t=undefined&v=1.3&m=ewei_shopv2&from=wxapp&c=entry&a=wxapp&do=main&&state=we7sid-dffab26f0cf7b1a2ff043d32bd130f68&sign=eb72bab161a84596e8eb0af95ef1e604 pn=upload; op=order; orderid=21530; 
上传
[2018-12-01 07:08:22] trace  /app/index.php?i=1&uniacid=1&t=undefined&v=1.3&m=ewei_shopv2&from=wxapp&c=entry&a=wxapp&do=main&&state=we7sid-dffab26f0cf7b1a2ff043d32bd130f68&sign=eb72bab161a84596e8eb0af95ef1e604 pn=upload; op=order; orderid=21531; 
上传
[2018-12-01 07:09:38] trace  /app/index.php?i=1&uniacid=1&t=undefined&v=1.3&m=ewei_shopv2&from=wxapp&c=entry&a=wxapp&do=main&&state=we7sid-dffab26f0cf7b1a2ff043d32bd130f68&sign=eb72bab161a84596e8eb0af95ef1e604 pn=upload; op=order; orderid=21532; 
上传
[2018-12-01 07:12:28] trace  /app/index.php?i=1&uniacid=1&t=undefined&v=1.3&m=ewei_shopv2&from=wxapp&c=entry&a=wxapp&do=main&&state=we7sid-dffab26f0cf7b1a2ff043d32bd130f68&sign=eb72bab161a84596e8eb0af95ef1e604 pn=upload; op=order; orderid=21533; 
上传
[2018-12-01 07:51:54] trace  /app/index.php?i=1&uniacid=1&t=undefined&v=1.3&m=ewei_shopv2&from=wxapp&c=entry&a=wxapp&do=main&&state=we7sid-268d7b6031ac4c727cae458d225521f4&sign=46191a2536f4f285927ae4ced806c7ed pn=upload; op=order; orderid=21534; 
上传
[2018-12-01 08:29:00] trace  /app/index.php?i=1&uniacid=1&t=undefined&v=1.3&m=ewei_shopv2&from=wxapp&c=entry&a=wxapp&do=main&&state=we7sid-961555cea00f5b42f46e1a77759700ae&sign=ccfadbaa21ba2b2566a2001f22042f80 pn=upload; op=order; orderid=21535; 
上传
[2018-12-01 09:28:17] trace  /app/index.php?i=1&uniacid=1&t=undefined&v=1.3&m=ewei_shopv2&from=wxapp&c=entry&a=wxapp&do=main&&state=we7sid-221c0288c46f7755a48433fbb17e62d7&sign=475d20ae4ccf3ba9b50a483c86767441 pn=upload; op=order; orderid=21536; 
上传
[2018-12-01 09:28:17] trace  /app/index.php?i=1&uniacid=1&t=undefined&v=1.3&m=ewei_shopv2&from=wxapp&c=entry&a=wxapp&do=main&&state=we7sid-221c0288c46f7755a48433fbb17e62d7&sign=475d20ae4ccf3ba9b50a483c86767441 pn=upload; op=order; orderid=21537; 
上传
[2018-12-01 10:44:53] trace  /app/index.php?i=1&uniacid=1&t=undefined&v=1.3&m=ewei_shopv2&from=wxapp&c=entry&a=wxapp&do=main&&state=we7sid-360844df857a050ba8e53757b6953ebe&sign=4cfa7a179eef41e4b2cc8467cf021ae9 pn=upload; op=order; orderid=21538; 
上传
[2018-12-01 10:48:01] trace  /app/index.php?i=1&uniacid=1&t=undefined&v=1.3&m=ewei_shopv2&from=wxapp&c=entry&a=wxapp&do=main&&state=we7sid-6a5a61b2f58f1e3ca1b01ad954515ce9&sign=f8e10aaf2079cc77209986e967d5288a op=order; orderid=21539; pn=upload; 
上传
[2018-12-01 10:50:42] trace  /app/index.php?i=1&uniacid=1&t=undefined&v=1.3&m=ewei_shopv2&from=wxapp&c=entry&a=wxapp&do=main&&state=we7sid-6a5a61b2f58f1e3ca1b01ad954515ce9&sign=f8e10aaf2079cc77209986e967d5288a op=order; orderid=21540; pn=upload; 
上传
[2018-12-01 10:53:49] trace  /app/index.php?i=1&uniacid=1&t=undefined&v=1.3&m=ewei_shopv2&from=wxapp&c=entry&a=wxapp&do=main&&state=we7sid-d9dd28fe76d9c918dcb25408c78a5d15&sign=e1719475602d00f2325d7e5edab2d8a5 pn=upload; op=order; orderid=21541; 
上传
[2018-12-01 10:56:13] trace  /app/index.php?i=1&uniacid=1&t=undefined&v=1.3&m=ewei_shopv2&from=wxapp&c=entry&a=wxapp&do=main&&state=we7sid-ab26536545298b0dd53a09e6b25063cb&sign=57ff7d92822a5c85317dae0165e0d9e8 pn=upload; op=order; orderid=21542; 
上传
[2018-12-01 11:00:42] trace  /app/index.php?i=1&uniacid=1&t=undefined&v=1.3&m=ewei_shopv2&from=wxapp&c=entry&a=wxapp&do=main&&state=we7sid-79c872316bdf3c1b1dbb2df855c9ce59&sign=a634564bc285030718d7d346d3750d6a pn=upload; op=order; orderid=21543; 
上传
[2018-12-01 11:02:18] trace  /app/index.php?i=1&uniacid=1&t=undefined&v=1.3&m=ewei_shopv2&from=wxapp&c=entry&a=wxapp&do=main&&state=we7sid-79c872316bdf3c1b1dbb2df855c9ce59&sign=a634564bc285030718d7d346d3750d6a pn=upload; op=order; orderid=21544; 
上传
[2018-12-01 11:03:31] trace  /app/index.php?i=1&uniacid=1&t=undefined&v=1.3&m=ewei_shopv2&from=wxapp&c=entry&a=wxapp&do=main&&state=we7sid-56ae79c9b660c294ae656a231ae35ae8&sign=d7a2e31c7ed47571f6e785046597964c pn=upload; op=order; orderid=21545; 
上传
[2018-12-01 11:03:53] trace  /app/index.php?i=1&uniacid=1&t=undefined&v=1.3&m=ewei_shopv2&from=wxapp&c=entry&a=wxapp&do=main&&state=we7sid-d5cf456a7f3dac99658bcae268e5d6b9&sign=e09b8cb5a056641ad5e5627412dfc99e pn=upload; op=order; orderid=21546; 
上传
[2018-12-01 11:12:27] trace  /app/index.php?i=1&uniacid=1&t=undefined&v=1.3&m=ewei_shopv2&from=wxapp&c=entry&a=wxapp&do=main&&state=we7sid-13d37bf3bea91b8ec865eff21221a539&sign=f58155f542932083da794a63237a41d5 pn=upload; op=order; orderid=21547; 
上传
[2018-12-01 11:14:32] trace  /app/index.php?i=1&uniacid=1&t=undefined&v=1.3&m=ewei_shopv2&from=wxapp&c=entry&a=wxapp&do=main&&state=we7sid-62ed80de2a1f455a438127961d4ade92&sign=31a660f740cca601ad5d71957d8354ce op=order; orderid=21548; pn=upload; 
上传
[2018-12-01 11:15:38] trace  /app/index.php?i=1&uniacid=1&t=undefined&v=1.3&m=ewei_shopv2&from=wxapp&c=entry&a=wxapp&do=main&&state=we7sid-62ed80de2a1f455a438127961d4ade92&sign=31a660f740cca601ad5d71957d8354ce op=order; orderid=21549; pn=upload; 
上传
[2018-12-01 11:15:54] trace  /app/index.php?i=1&uniacid=1&t=undefined&v=1.3&m=ewei_shopv2&from=wxapp&c=entry&a=wxapp&do=main&&state=we7sid-46241e9b4be9865a75469c18a6f6faeb&sign=d30f31053fef65f3eec3373d78a20173 pn=upload; op=order; orderid=21550; 
上传
[2018-12-01 11:16:00] trace  /app/index.php?i=1&uniacid=1&t=undefined&v=1.3&m=ewei_shopv2&from=wxapp&c=entry&a=wxapp&do=main&&state=we7sid-360844df857a050ba8e53757b6953ebe&sign=4cfa7a179eef41e4b2cc8467cf021ae9 pn=upload; op=order; orderid=21551; 
上传
[2018-12-01 11:17:18] trace  /app/index.php?i=1&uniacid=1&t=undefined&v=1.3&m=ewei_shopv2&from=wxapp&c=entry&a=wxapp&do=main&&state=we7sid-031dcc57637d88d9dceb23bbd7de7184&sign=705c643d5cc67ca8118769a4881fa50a pn=upload; op=order; orderid=21552; 
上传
[2018-12-01 11:18:25] trace  /app/index.php?i=1&uniacid=1&t=undefined&v=1.3&m=ewei_shopv2&from=wxapp&c=entry&a=wxapp&do=main&&state=we7sid-c60866bfe9b648a3b817e91d47688276&sign=cee7803fae6e4f534d9d8755f081580c pn=upload; op=order; orderid=21553; 
上传
[2018-12-01 11:21:09] trace  /app/index.php?i=1&uniacid=1&t=undefined&v=1.3&m=ewei_shopv2&from=wxapp&c=entry&a=wxapp&do=main&&state=we7sid-0a23e2355642d1cb58fa2bf4f002ddeb&sign=e08671ecfebbd2e0d7c58d551ceeba38 pn=upload; op=order; orderid=21554; 
上传
[2018-12-01 11:21:41] trace  /app/index.php?i=1&uniacid=1&t=undefined&v=1.3&m=ewei_shopv2&from=wxapp&c=entry&a=wxapp&do=main&&state=we7sid-1e76f85c11a997c54b8bfe5528316b85&sign=2b68c2bfcd2dc13f3ae00465df8f3a24 pn=upload; op=order; orderid=21555; 
上传
[2018-12-01 11:22:17] trace  /app/index.php?i=1&uniacid=1&t=undefined&v=1.3&m=ewei_shopv2&from=wxapp&c=entry&a=wxapp&do=main&&state=we7sid-6a409838090ec5fbea0ce96b0f34d70d&sign=d7e77b2f586bacc55f88d39b887816e5 op=order; orderid=21556; pn=upload; 
上传
[2018-12-01 11:27:56] trace  /app/index.php?i=1&uniacid=1&t=undefined&v=1.3&m=ewei_shopv2&from=wxapp&c=entry&a=wxapp&do=main&&state=we7sid-3e4246e5fa0d56ed71521d18bcfc6049&sign=c78d060c4876d0d1f6ee3edffd662e64 op=order; orderid=21557; pn=upload; 
上传
[2018-12-01 11:50:14] trace  /app/index.php?i=1&uniacid=1&t=undefined&v=1.3&m=ewei_shopv2&from=wxapp&c=entry&a=wxapp&do=main&&state=we7sid-19315cc746688afee1d342d79203b7e9&sign=48d6a4cbd7bea27c44ca7b13912f8dd5 pn=upload; op=order; orderid=21558; 
上传
[2018-12-01 11:50:24] trace  /app/index.php?i=1&uniacid=1&t=undefined&v=1.3&m=ewei_shopv2&from=wxapp&c=entry&a=wxapp&do=main&&state=we7sid-79c872316bdf3c1b1dbb2df855c9ce59&sign=a634564bc285030718d7d346d3750d6a pn=upload; op=order; orderid=21559; 
上传
[2018-12-01 11:55:59] trace  /app/index.php?i=1&uniacid=1&t=undefined&v=1.3&m=ewei_shopv2&from=wxapp&c=entry&a=wxapp&do=main&&state=we7sid-360844df857a050ba8e53757b6953ebe&sign=4cfa7a179eef41e4b2cc8467cf021ae9 pn=upload; op=order; orderid=21560; 
上传
[2018-12-01 11:56:09] trace  /app/index.php?i=1&uniacid=1&t=undefined&v=1.3&m=ewei_shopv2&from=wxapp&c=entry&a=wxapp&do=main&&state=we7sid-c5a5cc4393ec2ad0cb1580d0d05381d5&sign=2edc5c443e6e1a2ceee3757ada8b6908 pn=upload; op=order; orderid=21561; 
上传
[2018-12-01 12:07:14] trace  /app/index.php?i=1&uniacid=1&t=undefined&v=1.3&m=ewei_shopv2&from=wxapp&c=entry&a=wxapp&do=main&&state=we7sid-79c872316bdf3c1b1dbb2df855c9ce59&sign=a634564bc285030718d7d346d3750d6a pn=upload; op=order; orderid=21562; 
上传
[2018-12-01 12:14:19] trace  /app/index.php?i=1&uniacid=1&t=undefined&v=1.3&m=ewei_shopv2&from=wxapp&c=entry&a=wxapp&do=main&&state=we7sid-f418bf3e9c13a7eab0b4e88ba8493381&sign=2251406ae7aeaf3af1a01f269420cbb9 pn=upload; op=order; orderid=21563; 
上传
[2018-12-01 12:16:50] trace  /app/index.php?i=1&uniacid=1&t=undefined&v=1.3&m=ewei_shopv2&from=wxapp&c=entry&a=wxapp&do=main&&state=we7sid-b84fabcd64a755451c60404760362f3a&sign=8c29c52db648b84b4e2bdec65c7a1bad pn=upload; op=order; orderid=21564; 
上传
[2018-12-01 12:34:24] trace  /app/index.php?i=1&uniacid=1&t=undefined&v=1.3&m=ewei_shopv2&from=wxapp&c=entry&a=wxapp&do=main&&state=we7sid-6e11c82ec500be6a046134add4f0afb9&sign=356e385f0871a439d9abae0de8e6c88b op=order; orderid=21565; pn=upload; 
上传
[2018-12-01 12:45:24] trace  /app/index.php?i=1&uniacid=1&t=undefined&v=1.3&m=ewei_shopv2&from=wxapp&c=entry&a=wxapp&do=main&&state=we7sid-5877344cd695525641bf1ccc0fd98f87&sign=6c62a1642bb4c0f32a7cf06ef6bae3b2 pn=upload; op=order; orderid=21566; 
上传
[2018-12-01 13:11:34] trace  /app/index.php?i=1&uniacid=1&t=undefined&v=1.3&m=ewei_shopv2&from=wxapp&c=entry&a=wxapp&do=main&&state=we7sid-cb8ae65a86d71c5ad926dba2b5b05acb&sign=eeeec870401d59031da7997cc3ad3dc3 pn=upload; op=order; orderid=21567; 
上传
[2018-12-01 13:17:22] trace  /app/index.php?i=1&uniacid=1&t=undefined&v=1.3&m=ewei_shopv2&from=wxapp&c=entry&a=wxapp&do=main&&state=we7sid-813c599e752b2143b57071efc9fcd253&sign=ff527e6cb499960ba443732aa3f93513 pn=upload; op=order; orderid=21568; 
上传
[2018-12-01 13:22:32] trace  /app/index.php?i=1&uniacid=1&t=undefined&v=1.3&m=ewei_shopv2&from=wxapp&c=entry&a=wxapp&do=main&&state=we7sid-83b90c6b785be9701857e6477fac51df&sign=d97bb1e8f441a5abb39df1a1c42bfd98 pn=upload; op=order; orderid=21569; 
上传
[2018-12-01 13:42:51] trace  /app/index.php?i=1&uniacid=1&t=undefined&v=1.3&m=ewei_shopv2&from=wxapp&c=entry&a=wxapp&do=main&&state=we7sid-c25b8e65c82b017d75348fb6b2537b3e&sign=928f63f00ecd3673c8fa16137fd646c8 pn=upload; op=order; orderid=21570; 
上传
[2018-12-01 13:49:09] trace  /app/index.php?i=1&uniacid=1&t=undefined&v=1.3&m=ewei_shopv2&from=wxapp&c=entry&a=wxapp&do=main&&state=we7sid-c8e70a78750d2f802a4bee72aa9fc22f&sign=4fbbec341c87df312d03024d28848bc0 op=order; orderid=21571; pn=upload; 
上传
[2018-12-01 14:43:46] trace  /app/index.php?i=1&uniacid=1&t=undefined&v=1.3&m=ewei_shopv2&from=wxapp&c=entry&a=wxapp&do=main&&state=we7sid-813c599e752b2143b57071efc9fcd253&sign=ff527e6cb499960ba443732aa3f93513 pn=upload; op=order; orderid=21572; 
上传
[2018-12-01 14:58:05] trace  /app/index.php?i=1&uniacid=1&t=undefined&v=1.3&m=ewei_shopv2&from=wxapp&c=entry&a=wxapp&do=main&&state=we7sid-90addf2f71dcb2293484e611514e8b34&sign=099425ac04a63eb08aedd2ca1d37243d pn=upload; op=order; orderid=21573; 
上传
[2018-12-01 14:59:26] trace  /app/index.php?i=1&uniacid=1&t=undefined&v=1.3&m=ewei_shopv2&from=wxapp&c=entry&a=wxapp&do=main&&state=we7sid-90addf2f71dcb2293484e611514e8b34&sign=099425ac04a63eb08aedd2ca1d37243d pn=upload; op=order; orderid=21574; 
上传
[2018-12-01 15:33:18] trace  /app/index.php?i=1&uniacid=1&t=undefined&v=1.3&m=ewei_shopv2&from=wxapp&c=entry&a=wxapp&do=main&&state=we7sid-9d9874396bc0d33da0d0cf2ecf61a2a9&sign=3e7951ab2a5e9e3b55f14c4a9755b316 pn=upload; op=order; orderid=21575; 
上传
[2018-12-01 17:04:44] trace  /app/index.php?i=1&uniacid=1&t=undefined&v=1.3&m=ewei_shopv2&from=wxapp&c=entry&a=wxapp&do=main&&state=we7sid-c988b69e82893febbbbd2e2f9dfe155d&sign=e9408f5cffa08d63b406e4ea1b757b75 pn=upload; op=order; orderid=21576; 
上传
[2018-12-01 17:14:13] trace  /app/index.php?i=1&uniacid=1&t=undefined&v=1.3&m=ewei_shopv2&from=wxapp&c=entry&a=wxapp&do=main&&state=we7sid-dbcc24b714cc7c9d452d20c3ca8e7c99&sign=f3ac8b4501c3d11dffd365982697ae7f pn=upload; op=order; orderid=21577; 
上传
[2018-12-01 17:16:26] trace  /app/index.php?i=1&uniacid=1&t=undefined&v=1.3&m=ewei_shopv2&from=wxapp&c=entry&a=wxapp&do=main&&state=we7sid-813c599e752b2143b57071efc9fcd253&sign=ff527e6cb499960ba443732aa3f93513 pn=upload; op=order; orderid=21578; 
上传
[2018-12-01 17:20:56] trace  /app/index.php?i=1&uniacid=1&t=undefined&v=1.3&m=ewei_shopv2&from=wxapp&c=entry&a=wxapp&do=main&&state=we7sid-4c820b3c3d56a5d40f0b8f50d43be284&sign=c09c18ef4ded89737d771b58e09ed46c pn=upload; op=order; orderid=21579; 
上传
[2018-12-01 17:23:24] trace  /app/index.php?i=1&uniacid=1&t=undefined&v=1.3&m=ewei_shopv2&from=wxapp&c=entry&a=wxapp&do=main&&state=we7sid-813c599e752b2143b57071efc9fcd253&sign=ff527e6cb499960ba443732aa3f93513 pn=upload; op=order; orderid=21580; 
上传
[2018-12-01 17:35:48] trace  /app/index.php?i=1&uniacid=1&t=undefined&v=1.3&m=ewei_shopv2&from=wxapp&c=entry&a=wxapp&do=main&&state=we7sid-30e96b31842535ca3e2b3e98b7fb70b0&sign=2a0377e2bfcae3777f1a570da2379813 pn=upload; op=order; orderid=21581; 
上传
[2018-12-01 17:37:00] trace  /app/index.php?i=1&uniacid=1&t=undefined&v=1.3&m=ewei_shopv2&from=wxapp&c=entry&a=wxapp&do=main&&state=we7sid-b4b89729181a07cfd364d42c153b667e&sign=d2e4726695fbdb3274a78c0af29bd9f5 pn=upload; op=order; orderid=21582; 
上传
[2018-12-01 17:58:13] trace  /app/index.php?i=1&uniacid=1&t=undefined&v=1.3&m=ewei_shopv2&from=wxapp&c=entry&a=wxapp&do=main&&state=we7sid-9ab8a65a9d35f3be6a7fdb5fbc554be3&sign=515f5f20e5e4ab5023452e4229553e11 pn=upload; op=order; orderid=21583; 
上传
[2018-12-01 17:58:25] trace  /app/index.php?i=1&uniacid=1&t=undefined&v=1.3&m=ewei_shopv2&from=wxapp&c=entry&a=wxapp&do=main&&state=we7sid-813c599e752b2143b57071efc9fcd253&sign=ff527e6cb499960ba443732aa3f93513 pn=upload; op=order; orderid=21584; 
上传
[2018-12-01 18:01:13] trace  /app/index.php?i=1&uniacid=1&t=undefined&v=1.3&m=ewei_shopv2&from=wxapp&c=entry&a=wxapp&do=main&&state=we7sid-9ab8a65a9d35f3be6a7fdb5fbc554be3&sign=515f5f20e5e4ab5023452e4229553e11 pn=upload; op=order; orderid=21585; 
上传
[2018-12-01 18:19:05] trace  /app/index.php?i=1&uniacid=1&t=undefined&v=1.3&m=ewei_shopv2&from=wxapp&c=entry&a=wxapp&do=main&&state=we7sid-b4b89729181a07cfd364d42c153b667e&sign=d2e4726695fbdb3274a78c0af29bd9f5 pn=upload; op=order; orderid=21586; 
上传
[2018-12-01 18:25:51] trace  /app/index.php?i=1&uniacid=1&t=undefined&v=1.3&m=ewei_shopv2&from=wxapp&c=entry&a=wxapp&do=main&&state=we7sid-dc16b63cbc3fcf5254fe29ac250d84cf&sign=98466e1935d44634366bf3ee7fb8bbe1 pn=upload; op=order; orderid=21587; 
上传
[2018-12-01 18:26:21] trace  /app/index.php?i=1&uniacid=1&t=undefined&v=1.3&m=ewei_shopv2&from=wxapp&c=entry&a=wxapp&do=main&&state=we7sid-bac2a9ca290c88ed97127a6aba092189&sign=5f5aadcf462634c0e8fa530ecbc20dec pn=upload; op=order; orderid=21588; 
上传
[2018-12-01 18:35:37] trace  /app/index.php?i=1&uniacid=1&t=undefined&v=1.3&m=ewei_shopv2&from=wxapp&c=entry&a=wxapp&do=main&&state=we7sid-584a907e36f2f82cf00a3a8218d6d459&sign=ad164322f81ed4230744c19ffbdf64c4 pn=upload; op=order; orderid=21589; 
上传
[2018-12-01 18:42:49] trace  /app/index.php?i=1&uniacid=1&t=undefined&v=1.3&m=ewei_shopv2&from=wxapp&c=entry&a=wxapp&do=main&&state=we7sid-fed24d8f7a73f7c86fa2b0f4cd3daf59&sign=c0985cc6d5c09cbfc00c617b1f48a074 pn=upload; op=order; orderid=21590; 
上传
[2018-12-01 19:07:42] trace  /app/index.php?i=1&uniacid=1&t=undefined&v=1.3&m=ewei_shopv2&from=wxapp&c=entry&a=wxapp&do=main&&state=we7sid-3f5663cd12ab75484923bb931de8e019&sign=4f9335c48f44c9dd06dd63d99864871a op=order; orderid=21591; pn=upload; 
上传
[2018-12-01 19:11:02] trace  /app/index.php?i=1&uniacid=1&t=undefined&v=1.3&m=ewei_shopv2&from=wxapp&c=entry&a=wxapp&do=main&&state=we7sid-a9874e1bc57e956041288ed3e07c2099&sign=8004ced910c9d2c24e453eccfac6a9b3 op=order; orderid=21592; pn=upload; 
上传
[2018-12-01 19:17:55] trace  /app/index.php?i=1&uniacid=1&t=undefined&v=1.3&m=ewei_shopv2&from=wxapp&c=entry&a=wxapp&do=main&&state=we7sid-1f08194d1bb5b231ced6b54fb5667faf&sign=134cd1f177388023edc0ed53099404b8 pn=upload; op=order; orderid=21593; 
上传
[2018-12-01 20:35:38] trace  /app/index.php?i=1&uniacid=1&t=undefined&v=1.3&m=ewei_shopv2&from=wxapp&c=entry&a=wxapp&do=main&&state=we7sid-e7259d3e99ec9aa96c85e079696822cf&sign=def0f191fd7ebad090b0c8b79734d29f pn=upload; op=order; orderid=21594; 
上传
[2018-12-01 20:41:11] trace  /app/index.php?i=1&uniacid=1&t=undefined&v=1.3&m=ewei_shopv2&from=wxapp&c=entry&a=wxapp&do=main&&state=we7sid-2d5b2735b03d961750bc17e09a2d0a0a&sign=61e92704bb40c60d235f80884ecd8176 pn=upload; op=order; orderid=21595; 
上传
[2018-12-01 20:41:30] trace  /app/index.php?i=1&uniacid=1&t=undefined&v=1.3&m=ewei_shopv2&from=wxapp&c=entry&a=wxapp&do=main&&state=we7sid-80eaa1821e54fc9b8fcf0898b59964f1&sign=a79a5458f402892c4bf313b7aa4d3574 pn=upload; op=order; orderid=21596; 
上传
[2018-12-01 20:41:55] trace  /app/index.php?i=1&uniacid=1&t=undefined&v=1.3&m=ewei_shopv2&from=wxapp&c=entry&a=wxapp&do=main&&state=we7sid-80eaa1821e54fc9b8fcf0898b59964f1&sign=a79a5458f402892c4bf313b7aa4d3574 pn=upload; op=order; orderid=21597; 
上传
[2018-12-01 20:42:52] trace  /app/index.php?i=1&uniacid=1&t=undefined&v=1.3&m=ewei_shopv2&from=wxapp&c=entry&a=wxapp&do=main&&state=we7sid-81ae8655d4d0eb7eb67a07b9387434f5&sign=916684287372b3211fb8c921f67962e1 pn=upload; op=order; orderid=21598; 
上传
[2018-12-01 21:02:20] trace  /app/index.php?i=1&uniacid=1&t=undefined&v=1.3&m=ewei_shopv2&from=wxapp&c=entry&a=wxapp&do=main&&state=we7sid-eec601f2a4676eebc3f21fe4c3fe0764&sign=75217055c75f11991e22bc0cb283f2f0 op=order; orderid=21599; pn=upload; 
上传
[2018-12-01 21:02:41] trace  /app/index.php?i=1&uniacid=1&t=undefined&v=1.3&m=ewei_shopv2&from=wxapp&c=entry&a=wxapp&do=main&&state=we7sid-0272381c940b2997dc9c6a5e47b7dced&sign=96c2709cd34aeef76f2a60462c4177a8 pn=upload; op=order; orderid=21600; 
上传
[2018-12-01 21:46:31] trace  /app/index.php?i=1&uniacid=1&t=undefined&v=1.3&m=ewei_shopv2&from=wxapp&c=entry&a=wxapp&do=main&&state=we7sid-07554e63a1142b83eae12788a4d5ac9a&sign=2a899fc26b67f0250efd52018037c357 op=order; pn=upload; orderid=21601; 
上传
[2018-12-01 21:53:34] trace  /app/index.php?i=1&uniacid=1&t=undefined&v=1.3&m=ewei_shopv2&from=wxapp&c=entry&a=wxapp&do=main&&state=we7sid-14b619366c3f332e99b4e2a21e3f090d&sign=828c2defc4f0d89fd5700a9c429be3bd pn=upload; op=order; orderid=21602; 
上传
[2018-12-01 22:04:04] trace  /app/index.php?i=1&uniacid=1&t=undefined&v=1.3&m=ewei_shopv2&from=wxapp&c=entry&a=wxapp&do=main&&state=we7sid-afbcfa9db733d831ddf54ce83b139870&sign=d55287ee11c090a5a81d20f610ed40ce op=order; orderid=21603; pn=upload; 
上传
[2018-12-01 22:22:39] trace  /app/index.php?i=1&uniacid=1&t=undefined&v=1.3&m=ewei_shopv2&from=wxapp&c=entry&a=wxapp&do=main&&state=we7sid-66f1a0731aa5d062e68ae6fc4cc99c46&sign=32309ecedf5eb74f9805fe9ba48d2422 op=order; orderid=21604; pn=upload; 
上传
[2018-12-01 22:38:42] trace  /app/index.php?i=1&uniacid=1&t=undefined&v=1.3&m=ewei_shopv2&from=wxapp&c=entry&a=wxapp&do=main&&state=we7sid-5ac56275c8a7c07e6a9eabf99bffe38c&sign=05c5473657af8d6ff7fff030343f6072 pn=upload; op=order; orderid=21605; 
上传
[2018-12-01 23:59:16] trace  /app/index.php?i=1&uniacid=1&t=undefined&v=1.3&m=ewei_shopv2&from=wxapp&c=entry&a=wxapp&do=main&&state=we7sid-8d4c6dcca365118742b2de5478bacf22&sign=501292f88940f6e5d9102ae97ddb087c pn=upload; op=order; orderid=21606; 
上传
