[2018-06-08 00:32:07] trace  /app/index.php?i=1&uniacid=1&t=undefined&v=1.1&m=ewei_shopv2&from=wxapp&c=entry&a=wxapp&do=main&&state=we7sid-475171d5f4b9ed784171a7e73e48831b&sign=8d6a1be2e4cdd8816f8721cbb1fbba2a pn=upload; op=order; orderid=7009; 
上传
[2018-06-08 00:34:29] trace  /app/index.php?i=1&uniacid=1&t=undefined&v=1.1&m=ewei_shopv2&from=wxapp&c=entry&a=wxapp&do=main&&state=we7sid-6d98021dde3e337c75251fbf9d846504&sign=e265bdd7f5acbb83ca795fb12597b6fc op=order; orderid=7010; pn=upload; 
上传
[2018-06-08 00:55:00] trace  /app/index.php?i=1&uniacid=1&t=undefined&v=1.1&m=ewei_shopv2&from=wxapp&c=entry&a=wxapp&do=main&&state=we7sid-a9157018bcfae0d2e7812f024bfcf726&sign=d1e878222acece0d6fb24d72713a3445 op=order; orderid=7011; pn=upload; 
上传
[2018-06-08 01:14:49] trace  /app/index.php?i=1&uniacid=1&t=undefined&v=1.1&m=ewei_shopv2&from=wxapp&c=entry&a=wxapp&do=main&&state=we7sid-7ff26f759e9a523e27862aafdd446dd0&sign=f27b207b37ebc08d90ee8c1e1a9faf94 pn=upload; op=order; orderid=7012; 
上传
[2018-06-08 01:55:12] trace  /app/index.php?i=1&uniacid=1&t=undefined&v=1.1&m=ewei_shopv2&from=wxapp&c=entry&a=wxapp&do=main&&state=we7sid-cc86fd3accbef16a07d98afb3b5aced7&sign=5cb71ea414bcf938c7b9904df5731f62 pn=upload; op=order; orderid=7013; 
上传
[2018-06-08 02:39:07] trace  /app/index.php?i=1&uniacid=1&t=undefined&v=1.1&m=ewei_shopv2&from=wxapp&c=entry&a=wxapp&do=main&&state=we7sid-6c48497f1670dc68cd48d6e46149c89f&sign=89ccdc4872908d3983c38ff7e771f32e op=order; orderid=7014; pn=upload; 
上传
[2018-06-08 03:05:14] trace  /app/index.php?i=1&uniacid=1&t=undefined&v=1.1&m=ewei_shopv2&from=wxapp&c=entry&a=wxapp&do=main&&state=we7sid-5e3cbb195ae14ac9dcf2ee30250059a4&sign=ba07ad33722c066d9b0885ddfa71f7e5 pn=upload; op=order; orderid=7015; 
上传
[2018-06-08 04:40:00] trace  /app/index.php?i=1&uniacid=1&t=undefined&v=1.1&m=ewei_shopv2&from=wxapp&c=entry&a=wxapp&do=main&&state=we7sid-9910db01ba42bacfbed059c3c4093597&sign=e238e53b61c074622c6f2f000f7323bb pn=upload; op=order; orderid=7016; 
上传
[2018-06-08 06:35:38] trace  /app/index.php?i=1&uniacid=1&t=undefined&v=1.1&m=ewei_shopv2&from=wxapp&c=entry&a=wxapp&do=main&&state=we7sid-3a911b38cd7008d44583f288430c817d&sign=092e6299bb8de5036d2038f5d04a7e48 pn=upload; op=order; orderid=7017; 
上传
[2018-06-08 07:25:20] trace  /app/index.php?i=1&uniacid=1&t=undefined&v=1.1&m=ewei_shopv2&from=wxapp&c=entry&a=wxapp&do=main&&state=we7sid-7be49cc6b17851a959961c13b8a7dfea&sign=46b8267b333f74a2b618e3ebebaa2122 op=order; orderid=7018; pn=upload; 
上传
[2018-06-08 07:29:33] trace  /app/index.php?i=1&uniacid=1&t=undefined&v=1.1&m=ewei_shopv2&from=wxapp&c=entry&a=wxapp&do=main&&state=we7sid-484a9a9e30b950c95d08f8b7b98fa48f&sign=e0d478b96cc8942eff8a5d90821bdd1b pn=upload; op=order; orderid=7019; 
上传
[2018-06-08 07:31:39] trace  /app/index.php?i=1&uniacid=1&t=undefined&v=1.1&m=ewei_shopv2&from=wxapp&c=entry&a=wxapp&do=main&&state=we7sid-05aaee25c6ac6b0fecd8a4a63a37d4e9&sign=ca918ec6f9902dce0d474e6ff7ef7082 pn=upload; op=order; orderid=7020; 
上传
[2018-06-08 07:37:53] trace  /app/index.php?i=1&uniacid=1&t=undefined&v=1.1&m=ewei_shopv2&from=wxapp&c=entry&a=wxapp&do=main&&state=we7sid-5b1c01db7cb46ba8a729a8e45040bd2c&sign=c9e254c297480d19a8895c71d7e2563c pn=upload; op=order; orderid=7021; 
上传
[2018-06-08 07:37:54] trace  /app/index.php?i=1&uniacid=1&t=undefined&v=1.1&m=ewei_shopv2&from=wxapp&c=entry&a=wxapp&do=main&&state=we7sid-5b1c01db7cb46ba8a729a8e45040bd2c&sign=c9e254c297480d19a8895c71d7e2563c pn=upload; op=order; orderid=7022; 
上传
[2018-06-08 07:37:54] trace  /app/index.php?i=1&uniacid=1&t=undefined&v=1.1&m=ewei_shopv2&from=wxapp&c=entry&a=wxapp&do=main&&state=we7sid-5b1c01db7cb46ba8a729a8e45040bd2c&sign=c9e254c297480d19a8895c71d7e2563c pn=upload; op=order; orderid=7028; 
上传
[2018-06-08 07:37:55] trace  /app/index.php?i=1&uniacid=1&t=undefined&v=1.1&m=ewei_shopv2&from=wxapp&c=entry&a=wxapp&do=main&&state=we7sid-5b1c01db7cb46ba8a729a8e45040bd2c&sign=c9e254c297480d19a8895c71d7e2563c pn=upload; op=order; orderid=7024; 
上传
[2018-06-08 07:37:55] trace  /app/index.php?i=1&uniacid=1&t=undefined&v=1.1&m=ewei_shopv2&from=wxapp&c=entry&a=wxapp&do=main&&state=we7sid-5b1c01db7cb46ba8a729a8e45040bd2c&sign=c9e254c297480d19a8895c71d7e2563c pn=upload; op=order; orderid=7023; 
上传
[2018-06-08 07:37:55] trace  /app/index.php?i=1&uniacid=1&t=undefined&v=1.1&m=ewei_shopv2&from=wxapp&c=entry&a=wxapp&do=main&&state=we7sid-5b1c01db7cb46ba8a729a8e45040bd2c&sign=c9e254c297480d19a8895c71d7e2563c pn=upload; op=order; orderid=7026; 
上传
[2018-06-08 07:37:55] trace  /app/index.php?i=1&uniacid=1&t=undefined&v=1.1&m=ewei_shopv2&from=wxapp&c=entry&a=wxapp&do=main&&state=we7sid-5b1c01db7cb46ba8a729a8e45040bd2c&sign=c9e254c297480d19a8895c71d7e2563c pn=upload; op=order; orderid=7025; 
上传
[2018-06-08 07:37:56] trace  /app/index.php?i=1&uniacid=1&t=undefined&v=1.1&m=ewei_shopv2&from=wxapp&c=entry&a=wxapp&do=main&&state=we7sid-5b1c01db7cb46ba8a729a8e45040bd2c&sign=c9e254c297480d19a8895c71d7e2563c pn=upload; op=order; orderid=7027; 
上传
[2018-06-08 08:41:02] trace  /app/index.php?i=1&uniacid=1&t=undefined&v=1.1&m=ewei_shopv2&from=wxapp&c=entry&a=wxapp&do=main&&state=we7sid-5b957ffc34f2a2691f4fff5bf72dbc33&sign=39bacdd35697f4c4f0ce99789ba3a4a1 pn=upload; op=order; orderid=7029; 
上传
[2018-06-08 08:54:07] trace  /app/index.php?i=1&uniacid=1&t=undefined&v=1.1&m=ewei_shopv2&from=wxapp&c=entry&a=wxapp&do=main&&state=we7sid-586ca9c61aa02d9b89edd2671cb75c25&sign=7a727183a8b7d512c6077e9e33a61782 pn=upload; op=order; orderid=7030; 
上传
[2018-06-08 09:23:07] trace  /app/index.php?i=1&uniacid=1&t=undefined&v=1.1&m=ewei_shopv2&from=wxapp&c=entry&a=wxapp&do=main&&state=we7sid-952aa514ce23b9d91aeda263662f755a&sign=dfdbfebfede378c47302551dd0fb2511 op=order; orderid=7031; pn=upload; 
上传
[2018-06-08 10:24:51] trace  /app/index.php?i=1&uniacid=1&t=undefined&v=1.1&m=ewei_shopv2&from=wxapp&c=entry&a=wxapp&do=main&&state=we7sid-d839e94570429d2ce53c5a22cf901ca9&sign=af675ba510cc143f08f5996ccd9487c1 pn=upload; op=order; orderid=7032; 
上传
[2018-06-08 10:44:25] trace  /app/index.php?i=1&uniacid=1&t=undefined&v=1.1&m=ewei_shopv2&from=wxapp&c=entry&a=wxapp&do=main&&state=we7sid-d0318891eddee453fc39967b956a4bb7&sign=2959246d984beabf7bc283778f81c4ea pn=upload; op=order; orderid=7033; 
上传
[2018-06-08 11:09:54] trace  /app/index.php?i=1&uniacid=1&t=undefined&v=1.1&m=ewei_shopv2&from=wxapp&c=entry&a=wxapp&do=main&&state=we7sid-51b8467f66357d782ee87a9245a730ca&sign=b0f15070862db3bd1acb77263b648cc7 pn=upload; op=order; orderid=7034; 
上传
[2018-06-08 11:14:37] trace  /app/index.php?i=1&uniacid=1&t=undefined&v=1.1&m=ewei_shopv2&from=wxapp&c=entry&a=wxapp&do=main&&state=we7sid-8e0e4a33b40ffe43f1cce1d25a6d8dfa&sign=e1723c82ac1f2d4771b933f2d22ea449 pn=upload; op=order; orderid=7035; 
上传
[2018-06-08 11:16:46] trace  /app/index.php?i=1&uniacid=1&t=undefined&v=1.1&m=ewei_shopv2&from=wxapp&c=entry&a=wxapp&do=main&&state=we7sid-e4e4e0668109e8e174fec7a4985ea8d9&sign=5e62f8e9f92a51089da4500320378558 pn=upload; op=order; orderid=7036; 
上传
[2018-06-08 11:36:53] trace  /app/index.php?i=1&uniacid=1&t=undefined&v=1.1&m=ewei_shopv2&from=wxapp&c=entry&a=wxapp&do=main&&state=we7sid-d7f5296c6cfc914169c8083fecb9e6c0&sign=cf55b2970f28a50b39268a2cdc2890e0 op=order; orderid=7037; pn=upload; 
上传
[2018-06-08 11:37:20] trace  /app/index.php?i=1&uniacid=1&t=undefined&v=1.1&m=ewei_shopv2&from=wxapp&c=entry&a=wxapp&do=main&&state=we7sid-d7f5296c6cfc914169c8083fecb9e6c0&sign=cf55b2970f28a50b39268a2cdc2890e0 op=order; orderid=7038; pn=upload; 
上传
[2018-06-08 11:50:07] trace  /app/index.php?i=1&uniacid=1&t=undefined&v=1.1&m=ewei_shopv2&from=wxapp&c=entry&a=wxapp&do=main&&state=we7sid-ea48503f3c6e9f44c630aa7ea5cd5c39&sign=9d778685c0046b25c7c2ceb00a5ea445 pn=upload; op=order; orderid=7039; 
上传
[2018-06-08 11:50:15] trace  /app/index.php?i=1&uniacid=1&t=undefined&v=1.1&m=ewei_shopv2&from=wxapp&c=entry&a=wxapp&do=main&&state=we7sid-ea48503f3c6e9f44c630aa7ea5cd5c39&sign=9d778685c0046b25c7c2ceb00a5ea445 pn=upload; op=order; orderid=7040; 
上传
[2018-06-08 12:04:29] trace  /app/index.php?i=1&uniacid=1&t=undefined&v=1.1&m=ewei_shopv2&from=wxapp&c=entry&a=wxapp&do=main&&state=we7sid-1ee73537dfa271bbdb49dcbde971f134&sign=863feef543a829b9582f22f5a8fdbae3 pn=upload; op=order; orderid=7041; 
上传
[2018-06-08 12:20:24] trace  /app/index.php?i=1&uniacid=1&t=undefined&v=1.1&m=ewei_shopv2&from=wxapp&c=entry&a=wxapp&do=main&&state=we7sid-d3537412c728783cfdd8aea2fdd8fb08&sign=97a430e4fe5898bd20a1b09af1c0da7d op=order; pn=upload; orderid=7042; 
上传
[2018-06-08 12:27:51] trace  /app/index.php?i=1&uniacid=1&t=undefined&v=1.1&m=ewei_shopv2&from=wxapp&c=entry&a=wxapp&do=main&&state=we7sid-79f58f277b95d0688cdb6f79f88650ee&sign=c553568ee3071bf5ec72a70d35bb1d4a pn=upload; op=order; orderid=7043; 
上传
[2018-06-08 12:48:05] trace  /app/index.php?i=1&uniacid=1&t=undefined&v=1.1&m=ewei_shopv2&from=wxapp&c=entry&a=wxapp&do=main&&state=we7sid-e0bd0aca21959905c3bc04240c87b654&sign=b9621f8f88c5b4e9697d7a977216872e pn=upload; op=order; orderid=7044; 
上传
[2018-06-08 13:26:43] trace  /app/index.php?i=1&uniacid=1&t=undefined&v=1.1&m=ewei_shopv2&from=wxapp&c=entry&a=wxapp&do=main&&state=we7sid-4c827f9b14e46c9c5e63595ada1b2bf0&sign=cadd016222c4eee062e9b8c39093e3f0 pn=upload; op=order; orderid=7045; 
上传
[2018-06-08 13:39:49] trace  /app/index.php?i=1&uniacid=1&t=undefined&v=1.1&m=ewei_shopv2&from=wxapp&c=entry&a=wxapp&do=main&&state=we7sid-508641d590a25a5ecbf3bfa97b7b5939&sign=18ccbb32cca7510c877b5169a642d56a pn=upload; op=order; orderid=7046; 
上传
[2018-06-08 14:05:34] trace  /app/index.php?i=1&uniacid=1&t=undefined&v=1.1&m=ewei_shopv2&from=wxapp&c=entry&a=wxapp&do=main&&state=we7sid-81842724bee490da9974e68bf2aa9898&sign=0aa729908ee48032e474770adf846ed8 op=order; orderid=7047; pn=upload; 
上传
[2018-06-08 14:06:33] trace  /app/index.php?i=1&uniacid=1&t=undefined&v=1.1&m=ewei_shopv2&from=wxapp&c=entry&a=wxapp&do=main&&state=we7sid-81842724bee490da9974e68bf2aa9898&sign=0aa729908ee48032e474770adf846ed8 op=order; orderid=7048; pn=upload; 
上传
[2018-06-08 14:36:37] trace  /app/index.php?i=1&uniacid=1&t=undefined&v=1.1&m=ewei_shopv2&from=wxapp&c=entry&a=wxapp&do=main&&state=we7sid-787652784c529e59920b33930c7c1c75&sign=90fab7cd44804a25ddc83ce062f906ca op=order; orderid=7049; pn=upload; 
上传
[2018-06-08 14:42:29] trace  /app/index.php?i=1&uniacid=1&t=undefined&v=1.1&m=ewei_shopv2&from=wxapp&c=entry&a=wxapp&do=main&&state=we7sid-f04607e5c36e437a035faa8f7a1a31d6&sign=e81588560f4f652db57f9517406b2205 pn=upload; op=order; orderid=7050; 
上传
[2018-06-08 14:46:55] trace  /app/index.php?i=1&uniacid=1&t=undefined&v=1.1&m=ewei_shopv2&from=wxapp&c=entry&a=wxapp&do=main&&state=we7sid-6985abafbf3587940f025217b7a87560&sign=1048148054ea23d0997e4dbec0f934c1 pn=upload; op=order; orderid=7051; 
上传
[2018-06-08 15:01:09] trace  /app/index.php?i=1&uniacid=1&t=undefined&v=1.1&m=ewei_shopv2&from=wxapp&c=entry&a=wxapp&do=main&&state=we7sid-6985abafbf3587940f025217b7a87560&sign=1048148054ea23d0997e4dbec0f934c1 pn=upload; op=order; orderid=7052; 
上传
[2018-06-08 15:18:33] trace  /app/index.php?i=1&uniacid=1&t=undefined&v=1.1&m=ewei_shopv2&from=wxapp&c=entry&a=wxapp&do=main&&state=we7sid-d37277ac8d7d9edd8c482b9911686c93&sign=d10f6e8c24014bdb40846e1fc15e1d53 pn=upload; op=order; orderid=7053; 
上传
[2018-06-08 15:39:30] trace  /app/index.php?i=1&uniacid=1&t=undefined&v=1.1&m=ewei_shopv2&from=wxapp&c=entry&a=wxapp&do=main&&state=we7sid-456979fb5534406756a2efcfdd941cc7&sign=cfd27e151b131972f7ee55a0990abab5 pn=upload; op=order; orderid=7054; 
上传
[2018-06-08 15:57:26] trace  /app/index.php?i=1&uniacid=1&t=undefined&v=1.1&m=ewei_shopv2&from=wxapp&c=entry&a=wxapp&do=main&&state=we7sid-1917ff36d9468bdddaf17be211a9c493&sign=af8c9d6d19969e23ccf6bf7ec4a65577 pn=upload; op=order; orderid=7055; 
上传
[2018-06-08 16:30:24] trace  /app/index.php?i=1&uniacid=1&t=undefined&v=1.1&m=ewei_shopv2&from=wxapp&c=entry&a=wxapp&do=main&&state=we7sid-c66e4cb99d32dafd33f716767a3923ca&sign=93349b089e6ff1c00dbd77a38c1d94bd pn=upload; op=order; orderid=7056; 
上传
[2018-06-08 16:53:55] trace  /app/index.php?i=1&uniacid=1&t=undefined&v=1.1&m=ewei_shopv2&from=wxapp&c=entry&a=wxapp&do=main&&state=we7sid-d603e21b0ace56d14432ecb48a366c6f&sign=ce3704fa23a82025dcf4af2db80fff39 pn=upload; op=order; orderid=7057; 
上传
[2018-06-08 17:20:43] trace  /app/index.php?i=1&uniacid=1&t=undefined&v=1.1&m=ewei_shopv2&from=wxapp&c=entry&a=wxapp&do=main&&state=we7sid-3e4a788ccfd297f1916de3cd4d592152&sign=e25ba162d9d2236486a6862f61ee68f4 pn=upload; op=order; orderid=7058; 
上传
[2018-06-08 17:54:26] trace  /app/index.php?i=1&uniacid=1&t=undefined&v=1.1&m=ewei_shopv2&from=wxapp&c=entry&a=wxapp&do=main&&state=we7sid-f4d291ac12182c999c49c89aa6a7fa20&sign=da88bf70aae70919d6f1ddde579c66ba pn=upload; op=order; orderid=7059; 
上传
[2018-06-08 17:56:18] trace  /app/index.php?i=1&uniacid=1&t=undefined&v=1.1&m=ewei_shopv2&from=wxapp&c=entry&a=wxapp&do=main&&state=we7sid-5f9a40e5dc25fdd62cd60b2a170d8970&sign=3370c20da789a2379d5e07b78e7dcd53 pn=upload; op=order; orderid=7060; 
上传
[2018-06-08 17:58:10] trace  /app/index.php?i=1&uniacid=1&t=undefined&v=1.1&m=ewei_shopv2&from=wxapp&c=entry&a=wxapp&do=main&&state=we7sid-45eab45c3565f45526562b26e3622e35&sign=e2c9dcce3ab95406527e2ebaabe2957d pn=upload; op=order; orderid=7061; 
上传
[2018-06-08 18:08:26] trace  /app/index.php?i=1&uniacid=1&t=undefined&v=1.1&m=ewei_shopv2&from=wxapp&c=entry&a=wxapp&do=main&&state=we7sid-2fa4a8ba5e0840c695174b3820ef8b7a&sign=d1282de9ee7c5242498de0f657e31752 pn=upload; op=order; orderid=7062; 
上传
[2018-06-08 18:30:08] trace  /app/index.php?i=1&uniacid=1&t=undefined&v=1.1&m=ewei_shopv2&from=wxapp&c=entry&a=wxapp&do=main&&state=we7sid-70e6d143c248c90cfc332349003a5f35&sign=b00b90b6476e2de837c0b8301b4424ba pn=upload; op=order; orderid=7063; 
上传
[2018-06-08 18:38:13] trace  /app/index.php?i=1&uniacid=1&t=undefined&v=1.1&m=ewei_shopv2&from=wxapp&c=entry&a=wxapp&do=main&&state=we7sid-5c89566b6ef3ccfceec929b1293adcdc&sign=5ce22e352dce0e14510afeb2587b8979 pn=upload; op=order; orderid=7064; 
上传
[2018-06-08 18:55:50] trace  /app/index.php?i=1&uniacid=1&t=undefined&v=1.1&m=ewei_shopv2&from=wxapp&c=entry&a=wxapp&do=main&&state=we7sid-b6eccc8c66e98eb0f0de2e229606272a&sign=0bcb90e9bc2edcaf42857fd0d58f39b4 pn=upload; op=order; orderid=7065; 
上传
[2018-06-08 18:57:52] trace  /app/index.php?i=1&uniacid=1&t=undefined&v=1.1&m=ewei_shopv2&from=wxapp&c=entry&a=wxapp&do=main&&state=we7sid-96ed0dd304e21c3e24c27817566a0e52&sign=910cd128c66c8e4bb197a32226685c60 pn=upload; op=order; orderid=7066; 
上传
[2018-06-08 19:15:43] trace  /app/index.php?i=1&uniacid=1&t=undefined&v=1.1&m=ewei_shopv2&from=wxapp&c=entry&a=wxapp&do=main&&state=we7sid-d94422bc62ce828a1631b6ae73d78442&sign=51debff370e451429326288a50745926 pn=upload; op=order; orderid=7067; 
上传
[2018-06-08 19:18:53] trace  /app/index.php?i=1&uniacid=1&t=undefined&v=1.1&m=ewei_shopv2&from=wxapp&c=entry&a=wxapp&do=main&&state=we7sid-96ed0dd304e21c3e24c27817566a0e52&sign=910cd128c66c8e4bb197a32226685c60 pn=upload; op=order; orderid=7068; 
上传
[2018-06-08 19:18:57] trace  /app/index.php?i=1&uniacid=1&t=undefined&v=1.1&m=ewei_shopv2&from=wxapp&c=entry&a=wxapp&do=main&&state=we7sid-2a43048ee933b24225c4f832a01ea7f9&sign=f6466533ec32848833773c662b9fd8b3 pn=upload; op=order; orderid=7069; 
上传
[2018-06-08 19:27:48] trace  /app/index.php?i=1&uniacid=1&t=undefined&v=1.1&m=ewei_shopv2&from=wxapp&c=entry&a=wxapp&do=main&&state=we7sid-a6e8d6936f1fcc6896ea654386b0b866&sign=eb15e1db84814954a21e7dc32bf8e424 pn=upload; op=order; orderid=7070; 
上传
[2018-06-08 19:30:37] trace  /app/index.php?i=1&uniacid=1&t=undefined&v=1.1&m=ewei_shopv2&from=wxapp&c=entry&a=wxapp&do=main&&state=we7sid-ec2cfd5de995f97e635867a2f71dee9a&sign=b8ed1732ab0f7c6f40f70348d5d492bc pn=upload; op=order; orderid=7071; 
上传
[2018-06-08 19:34:35] trace  /app/index.php?i=1&uniacid=1&t=undefined&v=1.1&m=ewei_shopv2&from=wxapp&c=entry&a=wxapp&do=main&&state=we7sid-22879c9d47de4dd82f4033a754a66115&sign=66331761ad2bc9d3d4a5ed59b75aba5c pn=upload; op=order; orderid=7072; 
上传
[2018-06-08 20:08:54] trace  /app/index.php?i=1&uniacid=1&t=undefined&v=1.1&m=ewei_shopv2&from=wxapp&c=entry&a=wxapp&do=main&&state=we7sid-915aef91e61f0b108ae04dede7d74d11&sign=b10f55a67d05fa5937e633fef0cb8b1c op=order; orderid=7073; pn=upload; 
上传
[2018-06-08 20:21:07] trace  /app/index.php?i=1&uniacid=1&t=undefined&v=1.1&m=ewei_shopv2&from=wxapp&c=entry&a=wxapp&do=main&&state=we7sid-217166d7811d530c974b9de4fb21cdb4&sign=7c0edcac884b36f63a594e66c4fdc652 op=order; orderid=7074; pn=upload; 
上传
[2018-06-08 20:21:08] trace  /app/index.php?i=1&uniacid=1&t=undefined&v=1.1&m=ewei_shopv2&from=wxapp&c=entry&a=wxapp&do=main&&state=we7sid-217166d7811d530c974b9de4fb21cdb4&sign=7c0edcac884b36f63a594e66c4fdc652 op=order; orderid=7074; pn=upload; 
上传
[2018-06-08 20:44:56] trace  /app/index.php?i=1&uniacid=1&t=undefined&v=1.1&m=ewei_shopv2&from=wxapp&c=entry&a=wxapp&do=main&&state=we7sid-90c51743444dde82e355f66d0ca6d249&sign=eaf472f8698cf26a8eeaba28188a4cdc pn=upload; op=order; orderid=7075; 
上传
[2018-06-08 20:45:02] trace  /app/index.php?i=1&uniacid=1&t=undefined&v=1.1&m=ewei_shopv2&from=wxapp&c=entry&a=wxapp&do=main&&state=we7sid-a708ce568bef4ff43e50f2a301198972&sign=ce5024ce722359ed8542750a5610d3a4 pn=upload; op=order; orderid=7076; 
上传
[2018-06-08 20:46:14] trace  /app/index.php?i=1&uniacid=1&t=undefined&v=1.1&m=ewei_shopv2&from=wxapp&c=entry&a=wxapp&do=main&&state=we7sid-f89aa8f66b6fb366fada45e44fb02375&sign=66e03a4d48e2f5b784f2b7e76b7d6b67 op=order; orderid=7077; pn=upload; 
上传
[2018-06-08 20:48:31] trace  /app/index.php?i=1&uniacid=1&t=undefined&v=1.1&m=ewei_shopv2&from=wxapp&c=entry&a=wxapp&do=main&&state=we7sid-1fa48b0c50254354b31846b44cf91bdf&sign=9b939858a5ff884a4c18853df221e623 op=order; orderid=7078; pn=upload; 
上传
[2018-06-08 21:01:59] trace  /app/index.php?i=1&uniacid=1&t=undefined&v=1.1&m=ewei_shopv2&from=wxapp&c=entry&a=wxapp&do=main&&state=we7sid-c82333e0b87c9d4b14919d57a0f37349&sign=9098af3dcb62f76f48260e6f9515e002 op=order; orderid=7079; pn=upload; 
上传
[2018-06-08 21:13:00] trace  /app/index.php?i=1&uniacid=1&t=undefined&v=1.1&m=ewei_shopv2&from=wxapp&c=entry&a=wxapp&do=main&&state=we7sid-4550190d8877b3b5ad3083ef1b528a4f&sign=6064db42a5491fc8c230562ec705bc53 pn=upload; op=order; orderid=7080; 
上传
[2018-06-08 21:14:53] trace  /app/index.php?i=1&uniacid=1&t=undefined&v=1.1&m=ewei_shopv2&from=wxapp&c=entry&a=wxapp&do=main&&state=we7sid-2d66b321e9e09db906f861b9416daa68&sign=35d0b7b12e43868fa355544c172d7c30 pn=upload; op=author; orderid=7015; 
上传
[2018-06-08 21:34:35] trace  /app/index.php?i=1&uniacid=1&t=undefined&v=1.1&m=ewei_shopv2&from=wxapp&c=entry&a=wxapp&do=main&&state=we7sid-0e46a3251e00ecac11f4ca42a18d6443&sign=fd8c34878455d8ed5cc06b8f9522e46f pn=upload; op=order; orderid=7082; 
上传
[2018-06-08 21:39:50] trace  /app/index.php?i=1&uniacid=1&t=undefined&v=1.1&m=ewei_shopv2&from=wxapp&c=entry&a=wxapp&do=main&&state=we7sid-13a561c609d755832782170214bb498d&sign=80df1e2886862a20401ca88a3d94b253 pn=upload; op=order; orderid=7083; 
上传
[2018-06-08 21:53:47] trace  /app/index.php?i=1&uniacid=1&t=undefined&v=1.1&m=ewei_shopv2&from=wxapp&c=entry&a=wxapp&do=main&&state=we7sid-0e46a3251e00ecac11f4ca42a18d6443&sign=fd8c34878455d8ed5cc06b8f9522e46f pn=upload; op=order; orderid=7085; 
上传
[2018-06-08 22:04:51] trace  /app/index.php?i=1&uniacid=1&t=undefined&v=1.1&m=ewei_shopv2&from=wxapp&c=entry&a=wxapp&do=main&&state=we7sid-8cf16613f25b893aeacbf380f0d46606&sign=93a89f061ca787dbe248576ccbd8cb84 pn=upload; op=order; orderid=7086; 
上传
[2018-06-08 22:05:55] trace  /app/index.php?i=1&uniacid=1&t=undefined&v=1.1&m=ewei_shopv2&from=wxapp&c=entry&a=wxapp&do=main&&state=we7sid-dd14b56a36cfd9daa270f1b9d388234d&sign=c6cac10c1980336bfe0501e08c8c4ebf pn=upload; op=order; orderid=7087; 
上传
[2018-06-08 22:15:13] trace  /app/index.php?i=1&uniacid=1&t=undefined&v=1.1&m=ewei_shopv2&from=wxapp&c=entry&a=wxapp&do=main&&state=we7sid-cb373b15b42eda50d641b32301a3efa5&sign=98ea1401cb9e41187538b66eed2d45c6 pn=upload; op=order; orderid=7088; 
上传
[2018-06-08 22:17:32] trace  /app/index.php?i=1&uniacid=1&t=undefined&v=1.1&m=ewei_shopv2&from=wxapp&c=entry&a=wxapp&do=main&&state=we7sid-317601a8c2179b639d276cfb4172cf10&sign=2c79503aecf27784ee001899d691824f op=order; pn=upload; orderid=7089; 
上传
[2018-06-08 22:18:54] trace  /app/index.php?i=1&uniacid=1&t=undefined&v=1.1&m=ewei_shopv2&from=wxapp&c=entry&a=wxapp&do=main&&state=we7sid-dfe90ccb0fd5f88ef4a816b0e25eece2&sign=a6568178009fa0c3b98111ac5a5fd824 pn=upload; op=order; orderid=7090; 
上传
[2018-06-08 22:31:25] trace  /app/index.php?i=1&uniacid=1&t=undefined&v=1.1&m=ewei_shopv2&from=wxapp&c=entry&a=wxapp&do=main&&state=we7sid-0fced88b27b5408f895f277be48d0359&sign=768847218d7ab6f10ffb4049d191c4df pn=upload; op=order; orderid=7091; 
上传
[2018-06-08 22:44:51] trace  /app/index.php?i=1&uniacid=1&t=undefined&v=1.1&m=ewei_shopv2&from=wxapp&c=entry&a=wxapp&do=main&&state=we7sid-4400bed1015e69c9aca5af8538c101ad&sign=36cbea55bcad65cca2e262b08e37d5f8 pn=upload; op=order; orderid=7092; 
上传
[2018-06-08 23:05:31] trace  /app/index.php?i=1&uniacid=1&t=undefined&v=1.1&m=ewei_shopv2&from=wxapp&c=entry&a=wxapp&do=main&&state=we7sid-baf885c49777a2ede835e3bd97d32c72&sign=c99cbf7f1f302714424c969e574bf7b3 pn=upload; op=order; orderid=7093; 
上传
[2018-06-08 23:30:43] trace  /app/index.php?i=1&uniacid=1&t=undefined&v=1.1&m=ewei_shopv2&from=wxapp&c=entry&a=wxapp&do=main&&state=we7sid-f2071fd5bc06e62402680786aeddce97&sign=3b581ebbde3c11438f9fd3735c4f2e33 op=order; orderid=7094; pn=upload; 
上传
