[2018-09-03 00:07:19] trace  /app/index.php?i=1&uniacid=1&t=undefined&v=1.3&m=ewei_shopv2&from=wxapp&c=entry&a=wxapp&do=main&&state=we7sid-b1234a7563f5dc8d2992f3c83aee3ab0&sign=06bc983339f4027d54491b327719cbf7 pn=upload; op=order; orderid=16387; 
上传
[2018-09-03 00:45:11] trace  /app/index.php?i=1&uniacid=1&t=undefined&v=1.3&m=ewei_shopv2&from=wxapp&c=entry&a=wxapp&do=main&&state=we7sid-3c3c2f5236f4b6c3ce18797bdd1b0ee9&sign=52fc470a0a3806b4aa27033ebf53c1e2 pn=upload; op=order; orderid=16388; 
上传
[2018-09-03 01:02:31] trace  /app/index.php?i=1&uniacid=1&t=undefined&v=1.3&m=ewei_shopv2&from=wxapp&c=entry&a=wxapp&do=main&&state=we7sid-ca0ce987fd64ae98460d93b1c96f6426&sign=a18f89a3772fe34f38a5263e952ae0a9 op=order; orderid=16389; pn=upload; 
上传
[2018-09-03 01:04:10] trace  /app/index.php?i=1&uniacid=1&t=undefined&v=1.3&m=ewei_shopv2&from=wxapp&c=entry&a=wxapp&do=main&&state=we7sid-ca0ce987fd64ae98460d93b1c96f6426&sign=a18f89a3772fe34f38a5263e952ae0a9 op=order; orderid=16390; pn=upload; 
上传
[2018-09-03 01:04:52] trace  /app/index.php?i=1&uniacid=1&t=undefined&v=1.3&m=ewei_shopv2&from=wxapp&c=entry&a=wxapp&do=main&&state=we7sid-43761e7ae2ec52126d92aa72fd82c96c&sign=55d82945e12a05e9395c1c6a6718e9f8 op=order; orderid=16391; pn=upload; 
上传
[2018-09-03 01:52:43] trace  /app/index.php?i=1&uniacid=1&t=undefined&v=1.3&m=ewei_shopv2&from=wxapp&c=entry&a=wxapp&do=main&&state=we7sid-9d06cb4c207f9138fc5c82726dd53e57&sign=dc306b1db0965c8c4f659691b0ff0836 pn=upload; op=order; orderid=16392; 
上传
[2018-09-03 01:56:24] trace  /app/index.php?i=1&uniacid=1&t=undefined&v=1.3&m=ewei_shopv2&from=wxapp&c=entry&a=wxapp&do=main&&state=we7sid-9d06cb4c207f9138fc5c82726dd53e57&sign=dc306b1db0965c8c4f659691b0ff0836 pn=upload; op=order; orderid=16393; 
上传
[2018-09-03 02:47:48] trace  /app/index.php?i=1&uniacid=1&t=undefined&v=1.3&m=ewei_shopv2&from=wxapp&c=entry&a=wxapp&do=main&&state=we7sid-565fef35f07f20c8dfb653c9f4171ab7&sign=4f2f47d200cdb6b33102dca58b2e1969 pn=upload; op=order; orderid=16394; 
上传
[2018-09-03 05:47:32] trace  /app/index.php?i=1&uniacid=1&t=undefined&v=1.3&m=ewei_shopv2&from=wxapp&c=entry&a=wxapp&do=main&&state=we7sid-9bbd26a568b27cacab223716aee8ec2b&sign=28d42b3474ca6167220dc9dbda3311b5 pn=upload; op=order; orderid=16395; 
上传
[2018-09-03 10:01:46] trace  /app/index.php?i=1&uniacid=1&t=undefined&v=1.3&m=ewei_shopv2&from=wxapp&c=entry&a=wxapp&do=main&&state=we7sid-e17283477fd949a72d13e9388e127ed2&sign=98eb1a92891df1b5473477ad5e4e284c op=order; orderid=16396; pn=upload; 
上传
[2018-09-03 10:24:55] trace  /app/index.php?i=1&uniacid=1&t=undefined&v=1.3&m=ewei_shopv2&from=wxapp&c=entry&a=wxapp&do=main&&state=we7sid-460fa9f177c45fb89e24bb34f75d2fb0&sign=bb87d572ce699d51c4b466aa5d8d0e84 pn=upload; op=order; orderid=16397; 
上传
[2018-09-03 10:33:46] trace  /app/index.php?i=1&uniacid=1&t=undefined&v=1.3&m=ewei_shopv2&from=wxapp&c=entry&a=wxapp&do=main&&state=we7sid-e17f48d6012de3bfdda23c5458871530&sign=a37c4df2adfcdeee5007c1285859d90b op=order; pn=upload; orderid=16398; 
上传
[2018-09-03 13:05:05] trace  /app/index.php?i=1&uniacid=1&t=undefined&v=1.3&m=ewei_shopv2&from=wxapp&c=entry&a=wxapp&do=main&&state=we7sid-8a7bd590f2ef5de31fab0a3d88aeb52c&sign=a2635fa79e0fa779d93af30e737ab781 pn=upload; op=order; orderid=16399; 
上传
[2018-09-03 13:50:28] trace  /app/index.php?i=1&uniacid=1&t=undefined&v=1.3&m=ewei_shopv2&from=wxapp&c=entry&a=wxapp&do=main&&state=we7sid-78f58ecff0fea1673b14b96b43263480&sign=029d6c470890aa6f9cef165ab7025431 pn=upload; op=order; orderid=16400; 
上传
[2018-09-03 14:25:38] trace  /app/index.php?i=1&uniacid=1&t=undefined&v=1.3&m=ewei_shopv2&from=wxapp&c=entry&a=wxapp&do=main&&state=we7sid-62af91bfa60803e080b4aad8fc160269&sign=d9a9744548f3289adad0881de5eb6aaf pn=upload; op=order; orderid=16401; 
上传
[2018-09-03 14:27:38] trace  /app/index.php?i=1&uniacid=1&t=undefined&v=1.3&m=ewei_shopv2&from=wxapp&c=entry&a=wxapp&do=main&&state=we7sid-eba60491baff796ee59d79213a407725&sign=45042f8aa1580546c7dd41e0c22fbabe pn=upload; op=order; orderid=16402; 
上传
[2018-09-03 15:05:18] trace  /app/index.php?i=1&uniacid=1&t=undefined&v=1.3&m=ewei_shopv2&from=wxapp&c=entry&a=wxapp&do=main&&state=we7sid-78f58ecff0fea1673b14b96b43263480&sign=029d6c470890aa6f9cef165ab7025431 pn=upload; op=order; orderid=16403; 
上传
[2018-09-03 15:21:12] trace  /app/index.php?i=1&uniacid=1&t=undefined&v=1.3&m=ewei_shopv2&from=wxapp&c=entry&a=wxapp&do=main&&state=we7sid-5ca7640b93f9b71e4cff276ecb278360&sign=ba5776a703a835921bd304a911843ffd op=order; orderid=16404; pn=upload; 
上传
[2018-09-03 15:24:08] trace  /app/index.php?i=1&uniacid=1&t=undefined&v=1.3&m=ewei_shopv2&from=wxapp&c=entry&a=wxapp&do=main&&state=we7sid-5ca7640b93f9b71e4cff276ecb278360&sign=ba5776a703a835921bd304a911843ffd op=order; orderid=16405; pn=upload; 
上传
[2018-09-03 15:48:18] trace  /app/index.php?i=1&uniacid=1&t=undefined&v=1.3&m=ewei_shopv2&from=wxapp&c=entry&a=wxapp&do=main&&state=we7sid-b8383ed153d4e6565517e258cec7b078&sign=92c5ab99fd982c615fee62d3566837f2 op=order; orderid=16406; pn=upload; 
上传
[2018-09-03 15:52:34] trace  /app/index.php?i=1&uniacid=1&t=undefined&v=1.3&m=ewei_shopv2&from=wxapp&c=entry&a=wxapp&do=main&&state=we7sid-0006519a8fb3dcac8f52c975133017e9&sign=3c4aa4a45a63eb4345013a9f8bb7fc43 pn=upload; op=order; orderid=16407; 
上传
[2018-09-03 15:55:07] trace  /app/index.php?i=1&uniacid=1&t=undefined&v=1.3&m=ewei_shopv2&from=wxapp&c=entry&a=wxapp&do=main&&state=we7sid-0006519a8fb3dcac8f52c975133017e9&sign=3c4aa4a45a63eb4345013a9f8bb7fc43 pn=upload; op=order; orderid=16408; 
上传
[2018-09-03 17:36:02] trace  /app/index.php?i=1&uniacid=1&t=undefined&v=1.3&m=ewei_shopv2&from=wxapp&c=entry&a=wxapp&do=main&&state=we7sid-7de7a158ed2d7c1742de026da273469e&sign=fd6e2e074722cb74a2c8c9e1a32e7b75 pn=upload; op=order; orderid=16409; 
上传
[2018-09-03 17:37:17] trace  /app/index.php?i=1&uniacid=1&t=undefined&v=1.3&m=ewei_shopv2&from=wxapp&c=entry&a=wxapp&do=main&&state=we7sid-2a1b61fda23dceb151267269fc3b8191&sign=604999a6c132f75f874fe024544e1b06 pn=upload; op=order; orderid=16410; 
上传
[2018-09-03 18:06:49] trace  /app/index.php?i=1&uniacid=1&t=undefined&v=1.3&m=ewei_shopv2&from=wxapp&c=entry&a=wxapp&do=main&&state=we7sid-87251fb400340cffda41076eb62c6acc&sign=23c733cb91e1b78697f23e8d82ea7efd pn=upload; op=order; orderid=16411; 
上传
[2018-09-03 18:50:09] trace  /app/index.php?i=1&uniacid=1&t=undefined&v=1.3&m=ewei_shopv2&from=wxapp&c=entry&a=wxapp&do=main&&state=we7sid-583a0a3631c4832a5070c7beaf1af7bb&sign=d1a37c9a217c362ea11b34340ddd640c pn=upload; op=order; orderid=16412; 
上传
[2018-09-03 18:53:58] trace  /app/index.php?i=1&uniacid=1&t=undefined&v=1.3&m=ewei_shopv2&from=wxapp&c=entry&a=wxapp&do=main&&state=we7sid-350da6e1d318042a95a741238401f406&sign=402f6038356033acc2932f263e506b90 pn=upload; op=order; orderid=16413; 
上传
[2018-09-03 19:52:21] trace  /app/index.php?i=1&uniacid=1&t=undefined&v=1.3&m=ewei_shopv2&from=wxapp&c=entry&a=wxapp&do=main&&state=we7sid-96d2cb65de833377568b9e4212ab805e&sign=9f54e46fdcc4efb277613606c279eec9 pn=upload; op=order; orderid=16414; 
上传
[2018-09-03 20:03:54] trace  /app/index.php?i=1&uniacid=1&t=undefined&v=1.3&m=ewei_shopv2&from=wxapp&c=entry&a=wxapp&do=main&&state=we7sid-7c48047c4037efd5404bd37818b8521c&sign=c29390d5f0e3da629f3e3a9e06590048 pn=upload; op=order; orderid=16415; 
上传
[2018-09-03 20:04:13] trace  /app/index.php?i=1&uniacid=1&t=undefined&v=1.3&m=ewei_shopv2&from=wxapp&c=entry&a=wxapp&do=main&&state=we7sid-7c48047c4037efd5404bd37818b8521c&sign=c29390d5f0e3da629f3e3a9e06590048 pn=upload; op=order; orderid=16416; 
上传
[2018-09-03 20:25:46] trace  /app/index.php?i=1&uniacid=1&t=undefined&v=1.3&m=ewei_shopv2&from=wxapp&c=entry&a=wxapp&do=main&&state=we7sid-f8b7d27cccd4fc123c4a3c70e7cf23ba&sign=c2197418b0bf40ec08342e46ea3fa57d op=order; orderid=16417; pn=upload; 
上传
[2018-09-03 21:48:48] trace  /app/index.php?i=1&uniacid=1&t=undefined&v=1.3&m=ewei_shopv2&from=wxapp&c=entry&a=wxapp&do=main&&state=we7sid-85448c76e96862752c57fa3570cfb39e&sign=d67c7a364e76739a56f8421e3b4120e2 pn=upload; op=author; orderid=15759; 
上传
[2018-09-03 21:53:08] trace  /app/index.php?i=1&uniacid=1&t=undefined&v=1.3&m=ewei_shopv2&from=wxapp&c=entry&a=wxapp&do=main&&state=we7sid-85448c76e96862752c57fa3570cfb39e&sign=d67c7a364e76739a56f8421e3b4120e2 pn=upload; op=author; orderid=15765; 
上传
[2018-09-03 21:57:47] trace  /app/index.php?i=1&uniacid=1&t=undefined&v=1.3&m=ewei_shopv2&from=wxapp&c=entry&a=wxapp&do=main&&state=we7sid-85448c76e96862752c57fa3570cfb39e&sign=d67c7a364e76739a56f8421e3b4120e2 pn=upload; op=author; orderid=15772; 
上传
[2018-09-03 22:02:42] trace  /app/index.php?i=1&uniacid=1&t=undefined&v=1.3&m=ewei_shopv2&from=wxapp&c=entry&a=wxapp&do=main&&state=we7sid-85448c76e96862752c57fa3570cfb39e&sign=d67c7a364e76739a56f8421e3b4120e2 pn=upload; op=author; orderid=16397; 
上传
[2018-09-03 22:06:38] trace  /app/index.php?i=1&uniacid=1&t=undefined&v=1.3&m=ewei_shopv2&from=wxapp&c=entry&a=wxapp&do=main&&state=we7sid-20f9552a254ba0858c5af9a8802356c7&sign=7aceafff003b66d7b6a643dcb32a8dca pn=upload; op=order; orderid=16418; 
上传
[2018-09-03 22:12:09] trace  /app/index.php?i=1&uniacid=1&t=undefined&v=1.3&m=ewei_shopv2&from=wxapp&c=entry&a=wxapp&do=main&&state=we7sid-85448c76e96862752c57fa3570cfb39e&sign=d67c7a364e76739a56f8421e3b4120e2 pn=upload; op=author; orderid=16405; 
上传
[2018-09-03 22:19:25] trace  /app/index.php?i=1&uniacid=1&t=undefined&v=1.3&m=ewei_shopv2&from=wxapp&c=entry&a=wxapp&do=main&&state=we7sid-b209e3ac9530813813c018976316c841&sign=e465c7171c76aeab888516970ed1c076 op=order; orderid=16419; pn=upload; 
上传
[2018-09-03 22:20:44] trace  /app/index.php?i=1&uniacid=1&t=undefined&v=1.3&m=ewei_shopv2&from=wxapp&c=entry&a=wxapp&do=main&&state=we7sid-85448c76e96862752c57fa3570cfb39e&sign=d67c7a364e76739a56f8421e3b4120e2 pn=upload; op=author; orderid=16417; 
上传
[2018-09-03 22:37:05] trace  /app/index.php?i=1&uniacid=1&t=undefined&v=1.3&m=ewei_shopv2&from=wxapp&c=entry&a=wxapp&do=main&&state=we7sid-99ab7143697df265fe2d0c019bf8ca26&sign=4e0ebd744c00de6286c08822cb40d820 op=order; orderid=16420; pn=upload; 
上传
[2018-09-03 22:37:37] trace  /app/index.php?i=1&uniacid=1&t=undefined&v=1.3&m=ewei_shopv2&from=wxapp&c=entry&a=wxapp&do=main&&state=we7sid-99ab7143697df265fe2d0c019bf8ca26&sign=4e0ebd744c00de6286c08822cb40d820 op=order; orderid=16421; pn=upload; 
上传
[2018-09-03 23:21:27] trace  /app/index.php?i=1&uniacid=1&t=undefined&v=1.3&m=ewei_shopv2&from=wxapp&c=entry&a=wxapp&do=main&&state=we7sid-904f39df4b136cab5c5952d6ae55d92b&sign=4f1159e9924afbc8cae174241b336a9e pn=upload; op=order; orderid=16422; 
上传
[2018-09-03 23:28:47] trace  /app/index.php?i=1&uniacid=1&t=undefined&v=1.3&m=ewei_shopv2&from=wxapp&c=entry&a=wxapp&do=main&&state=we7sid-9a1b5724d7a1e67bb679377cab3dd825&sign=339c932e247009a5df842fb7661e262f pn=upload; op=order; orderid=16423; 
上传
[2018-09-03 23:48:32] trace  /app/index.php?i=1&uniacid=1&t=undefined&v=1.3&m=ewei_shopv2&from=wxapp&c=entry&a=wxapp&do=main&&state=we7sid-75ce533e8882cf30c75546e36312e583&sign=2ff85e91156e49409596ccbc7e1cf621 pn=upload; op=order; orderid=16424; 
上传
[2018-09-03 23:48:41] trace  /app/index.php?i=1&uniacid=1&t=undefined&v=1.3&m=ewei_shopv2&from=wxapp&c=entry&a=wxapp&do=main&&state=we7sid-75ce533e8882cf30c75546e36312e583&sign=2ff85e91156e49409596ccbc7e1cf621 pn=upload; op=order; orderid=16425; 
上传
