[2018-05-28 00:08:48] trace  /app/index.php?i=1&uniacid=1&t=undefined&v=1.1&m=ewei_shopv2&from=wxapp&c=entry&a=wxapp&do=main&&state=we7sid-25087d260e71afa83f67f1d520ae3f78&sign=06340cc51142eb1b63d153ccf2251963 pn=upload; op=order; orderid=5849; 
上传
[2018-05-28 00:13:43] trace  /app/index.php?i=1&uniacid=1&t=undefined&v=1.1&m=ewei_shopv2&from=wxapp&c=entry&a=wxapp&do=main&&state=we7sid-9f5d7433a2a9a1e1bec7ffb9e605117e&sign=d25957b3aadbb73e689b2880e9d5dd80 pn=upload; op=order; orderid=5850; 
上传
[2018-05-28 00:15:42] trace  /app/index.php?i=1&uniacid=1&t=undefined&v=1.1&m=ewei_shopv2&from=wxapp&c=entry&a=wxapp&do=main&&state=we7sid-25087d260e71afa83f67f1d520ae3f78&sign=06340cc51142eb1b63d153ccf2251963 pn=upload; op=order; orderid=5851; 
上传
[2018-05-28 00:25:04] trace  /app/index.php?i=1&uniacid=1&t=undefined&v=1.1&m=ewei_shopv2&from=wxapp&c=entry&a=wxapp&do=main&&state=we7sid-5e01f5bf3cae159bb45c106712117b96&sign=9924e892fb5de61dc6f5bfbc0b7b2a8a pn=upload; op=order; orderid=5852; 
上传
[2018-05-28 00:41:00] trace  /app/index.php?i=1&uniacid=1&t=undefined&v=1.1&m=ewei_shopv2&from=wxapp&c=entry&a=wxapp&do=main&&state=we7sid-f7e18de0e634e9e1e412560513e38bec&sign=c8c072804351a1314d73e118ea2e1c5d pn=upload; op=order; orderid=5853; 
上传
[2018-05-28 01:14:24] trace  /app/index.php?i=1&uniacid=1&t=undefined&v=1.1&m=ewei_shopv2&from=wxapp&c=entry&a=wxapp&do=main&&state=we7sid-18db954272d524a68d0ae43c51e9edce&sign=9a6894235db434e9150c1a7a0d246dc9 pn=upload; op=order; orderid=5854; 
上传
[2018-05-28 01:32:40] trace  /app/index.php?i=1&uniacid=1&t=undefined&v=1.1&m=ewei_shopv2&from=wxapp&c=entry&a=wxapp&do=main&&state=we7sid-ced151ccd19b70f7ead82049dca0919a&sign=4febf4bf0ca9f7a28680bc8f287cd5b8 pn=upload; op=order; orderid=5855; 
上传
[2018-05-28 01:53:56] trace  /app/index.php?i=1&uniacid=1&t=undefined&v=1.1&m=ewei_shopv2&from=wxapp&c=entry&a=wxapp&do=main&&state=we7sid-14bdece3c6bcd9a374b9b556c0cf6c6d&sign=0f21032aec7090b01e9389bbfdeaab74 op=order; pn=upload; orderid=5856; 
上传
[2018-05-28 01:57:02] trace  /app/index.php?i=1&uniacid=1&t=undefined&v=1.1&m=ewei_shopv2&from=wxapp&c=entry&a=wxapp&do=main&&state=we7sid-f75abe941f38ef6c4df37b5b23b970a8&sign=93db23db9dedc9e702e2d29d27e8be69 pn=upload; op=order; orderid=5857; 
上传
[2018-05-28 01:57:17] trace  /app/index.php?i=1&uniacid=1&t=undefined&v=1.1&m=ewei_shopv2&from=wxapp&c=entry&a=wxapp&do=main&&state=we7sid-f75abe941f38ef6c4df37b5b23b970a8&sign=93db23db9dedc9e702e2d29d27e8be69 pn=upload; op=order; orderid=5858; 
上传
[2018-05-28 02:27:33] trace  /app/index.php?i=1&uniacid=1&t=undefined&v=1.1&m=ewei_shopv2&from=wxapp&c=entry&a=wxapp&do=main&&state=we7sid-1dfdd162e42d6d9726844dffb641aebe&sign=476d7051ba963f0a7215db696a74d5e8 pn=upload; op=order; orderid=5859; 
上传
[2018-05-28 03:49:37] trace  /app/index.php?i=1&uniacid=1&t=undefined&v=1.1&m=ewei_shopv2&from=wxapp&c=entry&a=wxapp&do=main&&state=we7sid-215656d6cbc52bf4f8f0442f6009af3e&sign=15aade2276f6023bff772a20c128b408 pn=upload; op=order; orderid=5860; 
上传
[2018-05-28 06:02:43] trace  /app/index.php?i=1&uniacid=1&t=undefined&v=1.1&m=ewei_shopv2&from=wxapp&c=entry&a=wxapp&do=main&&state=we7sid-2120f1adb8dfb8b347e3887876347f5a&sign=ac4a858ed2b57e19449dc874f87a2bed pn=upload; op=order; orderid=5861; 
上传
[2018-05-28 06:02:52] trace  /app/index.php?i=1&uniacid=1&t=undefined&v=1.1&m=ewei_shopv2&from=wxapp&c=entry&a=wxapp&do=main&&state=we7sid-2120f1adb8dfb8b347e3887876347f5a&sign=ac4a858ed2b57e19449dc874f87a2bed pn=upload; op=order; orderid=5862; 
上传
[2018-05-28 06:23:29] trace  /app/index.php?i=1&uniacid=1&t=undefined&v=1.1&m=ewei_shopv2&from=wxapp&c=entry&a=wxapp&do=main&&state=we7sid-984617692226dfc8b8b9560b781e4788&sign=e2962d59032194c63fb6aa7bb8b8c81b pn=upload; op=order; orderid=5863; 
上传
[2018-05-28 09:44:12] trace  /app/index.php?i=1&uniacid=1&t=undefined&v=1.1&m=ewei_shopv2&from=wxapp&c=entry&a=wxapp&do=main&&state=we7sid-3c79093cf6335d0fadb29212df27a950&sign=22a9af29def7a05725c5525cf5cea79a pn=upload; op=order; orderid=5865; 
上传
[2018-05-28 10:18:17] trace  /app/index.php?i=1&uniacid=1&t=undefined&v=1.1&m=ewei_shopv2&from=wxapp&c=entry&a=wxapp&do=main&&state=we7sid-29b2f9dcf54bc7a865c25025e5bf9fc7&sign=1567c32f07d8b4ab86870b2534270906 pn=upload; op=order; orderid=5866; 
上传
[2018-05-28 10:21:30] trace  /app/index.php?i=1&uniacid=1&t=undefined&v=1.1&m=ewei_shopv2&from=wxapp&c=entry&a=wxapp&do=main&&state=we7sid-c212a5ab6f17b85b795150b0a522c717&sign=f509a45f4d196b3491bbfa3324fa73c1 pn=upload; op=order; orderid=5867; 
上传
[2018-05-28 10:31:06] trace  /app/index.php?i=1&uniacid=1&t=undefined&v=1.1&m=ewei_shopv2&from=wxapp&c=entry&a=wxapp&do=main&&state=we7sid-645a4573d0b86e59f16a386585766614&sign=ddefce652d5c4c80e9883d0425848adb pn=upload; op=order; orderid=5868; 
上传
[2018-05-28 10:32:55] trace  /app/index.php?i=1&uniacid=1&t=undefined&v=1.1&m=ewei_shopv2&from=wxapp&c=entry&a=wxapp&do=main&&state=we7sid-f9e021da4670ea50013b5200214bbb4b&sign=198b3c20226177051cae2761da390a54 pn=upload; op=order; orderid=5869; 
上传
[2018-05-28 10:37:01] trace  /app/index.php?i=1&uniacid=1&t=undefined&v=1.1&m=ewei_shopv2&from=wxapp&c=entry&a=wxapp&do=main&&state=we7sid-bd88f4174cc0ed5d4049e8538ba9dd2d&sign=5cc2bce69feebe7d601ea606277ce554 pn=upload; op=order; orderid=5870; 
上传
[2018-05-28 10:37:25] trace  /app/index.php?i=1&uniacid=1&t=undefined&v=1.1&m=ewei_shopv2&from=wxapp&c=entry&a=wxapp&do=main&&state=we7sid-bd88f4174cc0ed5d4049e8538ba9dd2d&sign=5cc2bce69feebe7d601ea606277ce554 pn=upload; op=order; orderid=5871; 
上传
[2018-05-28 10:43:23] trace  /app/index.php?i=1&uniacid=1&t=undefined&v=1.1&m=ewei_shopv2&from=wxapp&c=entry&a=wxapp&do=main&&state=we7sid-2f6eb0ece5a3c743cd807a267e648f9d&sign=234177e064e090e971500a610ab3e82b op=order; orderid=5872; pn=upload; 
上传
[2018-05-28 11:05:44] trace  /app/index.php?i=1&uniacid=1&t=undefined&v=1.1&m=ewei_shopv2&from=wxapp&c=entry&a=wxapp&do=main&&state=we7sid-fa043e4d73ba0959a307ec0d604f3f36&sign=9fb936562207b63e10351eef5a75c343 pn=upload; op=order; orderid=5873; 
上传
[2018-05-28 11:16:06] trace  /app/index.php?i=1&uniacid=1&t=undefined&v=1.1&m=ewei_shopv2&from=wxapp&c=entry&a=wxapp&do=main&&state=we7sid-f245cb893732f95bec4d9d55b597563d&sign=1a3c198efaf7f97de92ad54570e4221d pn=upload; op=order; orderid=5874; 
上传
[2018-05-28 11:19:05] trace  /app/index.php?i=1&uniacid=1&t=undefined&v=1.1&m=ewei_shopv2&from=wxapp&c=entry&a=wxapp&do=main&&state=we7sid-f1875e7e3087d268bf94d42e1f7c4463&sign=b2b1ea2c3913626cd754e7fc20c020a1 pn=upload; op=order; orderid=5875; 
上传
[2018-05-28 11:19:54] trace  /app/index.php?i=1&uniacid=1&t=undefined&v=1.1&m=ewei_shopv2&from=wxapp&c=entry&a=wxapp&do=main&&state=we7sid-f1875e7e3087d268bf94d42e1f7c4463&sign=b2b1ea2c3913626cd754e7fc20c020a1 pn=upload; op=order; orderid=5876; 
上传
[2018-05-28 11:30:22] trace  /app/index.php?i=1&uniacid=1&t=undefined&v=1.1&m=ewei_shopv2&from=wxapp&c=entry&a=wxapp&do=main&&state=we7sid-789f182f92c5930b0d9bd170fb6b59c5&sign=73afcbb67767d1c7ce5e20efb1267177 op=order; orderid=5877; pn=upload; 
上传
[2018-05-28 11:41:50] trace  /app/index.php?i=1&uniacid=1&t=undefined&v=1.1&m=ewei_shopv2&from=wxapp&c=entry&a=wxapp&do=main&&state=we7sid-34d1fe36145864af7eb7dee598a620f0&sign=b2c78c51c739ef93bfe4427ae427b387 pn=upload; op=order; orderid=5878; 
上传
[2018-05-28 11:48:25] trace  /app/index.php?i=1&uniacid=1&t=undefined&v=1.1&m=ewei_shopv2&from=wxapp&c=entry&a=wxapp&do=main&&state=we7sid-dd02e05e53edc61db1f966550eaadd51&sign=52b12f39a6f909e5562430520b19d163 pn=upload; op=order; orderid=5879; 
上传
[2018-05-28 11:48:56] trace  /app/index.php?i=1&uniacid=1&t=undefined&v=1.1&m=ewei_shopv2&from=wxapp&c=entry&a=wxapp&do=main&&state=we7sid-b5ee4fe1f8ef926452c53093bd5f03e1&sign=d3ea21f17905e73c8f2797f766c2bc6b pn=upload; op=order; orderid=5880; 
上传
[2018-05-28 11:48:56] trace  /app/index.php?i=1&uniacid=1&t=undefined&v=1.1&m=ewei_shopv2&from=wxapp&c=entry&a=wxapp&do=main&&state=we7sid-b5ee4fe1f8ef926452c53093bd5f03e1&sign=d3ea21f17905e73c8f2797f766c2bc6b pn=upload; op=order; orderid=5880; 
上传
[2018-05-28 12:03:33] trace  /app/index.php?i=1&uniacid=1&t=undefined&v=1.1&m=ewei_shopv2&from=wxapp&c=entry&a=wxapp&do=main&&state=we7sid-b1ab4e8b2e546347d0d4ab6c5ba6b957&sign=18d8f9c52a003bd9f90cd7fdd5d8f02f pn=upload; op=order; orderid=5881; 
上传
[2018-05-28 12:03:33] trace  /app/index.php?i=1&uniacid=1&t=undefined&v=1.1&m=ewei_shopv2&from=wxapp&c=entry&a=wxapp&do=main&&state=we7sid-b1ab4e8b2e546347d0d4ab6c5ba6b957&sign=18d8f9c52a003bd9f90cd7fdd5d8f02f pn=upload; op=order; orderid=5881; 
上传
[2018-05-28 12:05:07] trace  /app/index.php?i=1&uniacid=1&t=undefined&v=1.1&m=ewei_shopv2&from=wxapp&c=entry&a=wxapp&do=main&&state=we7sid-12f65436218b6be82272ae39788d489f&sign=d6516aeb3590fa317c091f5262e7006a op=order; orderid=5882; pn=upload; 
上传
[2018-05-28 12:24:33] trace  /app/index.php?i=1&uniacid=1&t=undefined&v=1.1&m=ewei_shopv2&from=wxapp&c=entry&a=wxapp&do=main&&state=we7sid-cfdcaf6d181e9787b96b6252ad06d879&sign=c1dc3e6736eb1c3badc62e3b2161b6f8 pn=upload; op=order; orderid=5883; 
上传
[2018-05-28 12:47:17] trace  /app/index.php?i=1&uniacid=1&t=undefined&v=1.1&m=ewei_shopv2&from=wxapp&c=entry&a=wxapp&do=main&&state=we7sid-d19d573cf8e29640838b7434efe2589b&sign=478c50dbc301c29590e2f3465a1ee7b1 pn=upload; op=order; orderid=5884; 
上传
[2018-05-28 13:03:43] trace  /app/index.php?i=1&uniacid=1&t=undefined&v=1.1&m=ewei_shopv2&from=wxapp&c=entry&a=wxapp&do=main&&state=we7sid-47f248bd29911f1f30dca755da11e9ee&sign=c2e901242f0102dd730c3b757fef552a pn=upload; op=order; orderid=5885; 
上传
[2018-05-28 13:05:04] trace  /app/index.php?i=1&uniacid=1&t=undefined&v=1.1&m=ewei_shopv2&from=wxapp&c=entry&a=wxapp&do=main&&state=we7sid-37f7a648c89311ff4667f96635259385&sign=f510e4e4d75eaa45153fe85bfdf57083 pn=upload; op=order; orderid=5886; 
上传
[2018-05-28 13:11:20] trace  /app/index.php?i=1&uniacid=1&t=undefined&v=1.1&m=ewei_shopv2&from=wxapp&c=entry&a=wxapp&do=main&&state=we7sid-b0b1126c63f8d15f37d80fd8ec28a69a&sign=17ae4ff234cf698cd38c4519579c8dee pn=upload; op=order; orderid=5887; 
上传
[2018-05-28 13:28:24] trace  /app/index.php?i=1&uniacid=1&t=undefined&v=1.1&m=ewei_shopv2&from=wxapp&c=entry&a=wxapp&do=main&&state=we7sid-49ae60bd59d59af4375135f0ec6d7b42&sign=8bb5ebca539d2bf49f7984fe8d84f33f pn=upload; op=order; orderid=5888; 
上传
[2018-05-28 13:28:36] trace  /app/index.php?i=1&uniacid=1&t=undefined&v=1.1&m=ewei_shopv2&from=wxapp&c=entry&a=wxapp&do=main&&state=we7sid-643efa4e641386f50f0ba106316042fd&sign=81a6a42eb8416d9a461bc83428e7a89f pn=upload; op=order; orderid=5889; 
上传
[2018-05-28 13:28:38] trace  /app/index.php?i=1&uniacid=1&t=undefined&v=1.1&m=ewei_shopv2&from=wxapp&c=entry&a=wxapp&do=main&&state=we7sid-49ae60bd59d59af4375135f0ec6d7b42&sign=8bb5ebca539d2bf49f7984fe8d84f33f pn=upload; op=order; orderid=5890; 
上传
[2018-05-28 13:28:54] trace  /app/index.php?i=1&uniacid=1&t=undefined&v=1.1&m=ewei_shopv2&from=wxapp&c=entry&a=wxapp&do=main&&state=we7sid-49ae60bd59d59af4375135f0ec6d7b42&sign=8bb5ebca539d2bf49f7984fe8d84f33f pn=upload; op=order; orderid=5891; 
上传
[2018-05-28 13:34:19] trace  /app/index.php?i=1&uniacid=1&t=undefined&v=1.1&m=ewei_shopv2&from=wxapp&c=entry&a=wxapp&do=main&&state=we7sid-615f307a88efcdeca3f805c41f32dde3&sign=e65f1e6116f8a8e5c73577efa2cecab8 pn=upload; op=order; orderid=5892; 
上传
[2018-05-28 13:53:15] trace  /app/index.php?i=1&uniacid=1&t=undefined&v=1.1&m=ewei_shopv2&from=wxapp&c=entry&a=wxapp&do=main&&state=we7sid-6d8c03745f0f302e480e6549892c7271&sign=5f9f6e3a043b7868b3270e7c09216764 pn=upload; op=order; orderid=5893; 
上传
[2018-05-28 14:11:16] trace  /app/index.php?i=1&uniacid=1&t=undefined&v=1.1&m=ewei_shopv2&from=wxapp&c=entry&a=wxapp&do=main&&state=we7sid-1800b21a2531cdcdcb58af9ae67acbe6&sign=71eab9e09f0fa7643eb670fce8097bb7 pn=upload; op=order; orderid=5894; 
上传
[2018-05-28 14:29:33] trace  /app/index.php?i=1&uniacid=1&t=undefined&v=1.1&m=ewei_shopv2&from=wxapp&c=entry&a=wxapp&do=main&&state=we7sid-45d939eeb992235ccaaf767d3d90ed0c&sign=6a370c0c11beeb2227257da1646b7385 pn=upload; op=order; orderid=5895; 
上传
[2018-05-28 14:33:31] trace  /app/index.php?i=1&uniacid=1&t=undefined&v=1.1&m=ewei_shopv2&from=wxapp&c=entry&a=wxapp&do=main&&state=we7sid-90705fe1400d4a86db34d9da7abbbdce&sign=443f3829a6fa762b42a71a20fb611894 pn=upload; op=order; orderid=5896; 
上传
[2018-05-28 14:44:32] trace  /app/index.php?i=1&uniacid=1&t=undefined&v=1.1&m=ewei_shopv2&from=wxapp&c=entry&a=wxapp&do=main&&state=we7sid-055ab4e1dec441eb04656f7abf99b1e7&sign=0a2770a632c23b4ec322e657296c0075 op=order; orderid=5897; pn=upload; 
上传
[2018-05-28 15:03:35] trace  /app/index.php?i=1&uniacid=1&t=undefined&v=1.1&m=ewei_shopv2&from=wxapp&c=entry&a=wxapp&do=main&&state=we7sid-af9caf101aa285f23a977c806b9937a2&sign=4c53c0a5965c7668b2d619267c56166d pn=upload; op=order; orderid=5898; 
上传
[2018-05-28 15:18:52] trace  /app/index.php?i=1&uniacid=1&t=undefined&v=1.1&m=ewei_shopv2&from=wxapp&c=entry&a=wxapp&do=main&&state=we7sid-47fd015d9778cae36b816f7f3fd68999&sign=c026b1ac307cb1066d47fe9e66e7f973 pn=upload; op=order; orderid=5899; 
上传
[2018-05-28 16:05:43] trace  /app/index.php?i=1&uniacid=1&t=undefined&v=1.1&m=ewei_shopv2&from=wxapp&c=entry&a=wxapp&do=main&&state=we7sid-19314dfc4e75a21bfe7cabf375d4305c&sign=7bbe90dfc8dbb02e5c05f38b81432165 op=order; pn=upload; orderid=5900; 
上传
[2018-05-28 16:07:36] trace  /app/index.php?i=1&uniacid=1&t=undefined&v=1.1&m=ewei_shopv2&from=wxapp&c=entry&a=wxapp&do=main&&state=we7sid-6c3bf4cc6332c3ed71039c3b08baa483&sign=1c9c9bd39553d4d0c07b788f68f4e420 pn=upload; op=order; orderid=5901; 
上传
[2018-05-28 16:08:04] trace  /app/index.php?i=1&uniacid=1&t=undefined&v=1.1&m=ewei_shopv2&from=wxapp&c=entry&a=wxapp&do=main&&state=we7sid-6c3bf4cc6332c3ed71039c3b08baa483&sign=1c9c9bd39553d4d0c07b788f68f4e420 pn=upload; op=order; orderid=5902; 
上传
[2018-05-28 16:22:56] trace  /app/index.php?i=1&uniacid=1&t=undefined&v=1.1&m=ewei_shopv2&from=wxapp&c=entry&a=wxapp&do=main&&state=we7sid-037f49af0e0f7d242a8f981816e4a984&sign=cd46229238e0752c27b5f2fd3704bcb3 pn=upload; op=order; orderid=5903; 
上传
[2018-05-28 16:28:56] trace  /app/index.php?i=1&uniacid=1&t=undefined&v=1.1&m=ewei_shopv2&from=wxapp&c=entry&a=wxapp&do=main&&state=we7sid-4cb63d3008e17e2c9050f7bcbc5345bd&sign=6212f0eec3b139dc37353a92fcb7495b op=order; orderid=5904; pn=upload; 
上传
[2018-05-28 16:46:39] trace  /app/index.php?i=1&uniacid=1&t=undefined&v=1.1&m=ewei_shopv2&from=wxapp&c=entry&a=wxapp&do=main&&state=we7sid-a8b67ec5a383b2c0d861e85b1361bf1e&sign=13ffa51cc6dfeedbe1c1b8740e20db6c pn=upload; op=order; orderid=5905; 
上传
[2018-05-28 17:02:59] trace  /app/index.php?i=1&uniacid=1&t=undefined&v=1.1&m=ewei_shopv2&from=wxapp&c=entry&a=wxapp&do=main&&state=we7sid-00b101fde8b0c9f1c26140df39318ef5&sign=23012b043f01c79fcd27c654e1ee5612 pn=upload; op=order; orderid=5906; 
上传
[2018-05-28 17:03:18] trace  /app/index.php?i=1&uniacid=1&t=undefined&v=1.1&m=ewei_shopv2&from=wxapp&c=entry&a=wxapp&do=main&&state=we7sid-00b101fde8b0c9f1c26140df39318ef5&sign=23012b043f01c79fcd27c654e1ee5612 pn=upload; op=order; orderid=5907; 
上传
[2018-05-28 17:07:32] trace  /app/index.php?i=1&uniacid=1&t=undefined&v=1.1&m=ewei_shopv2&from=wxapp&c=entry&a=wxapp&do=main&&state=we7sid-f8cbe04bdaf881fe47e0098fabc403f3&sign=231299543bee3e541959ea9e4328772a pn=upload; op=order; orderid=5908; 
上传
[2018-05-28 17:09:16] trace  /app/index.php?i=1&uniacid=1&t=undefined&v=1.1&m=ewei_shopv2&from=wxapp&c=entry&a=wxapp&do=main&&state=we7sid-14894a3f641d66143967e343166925c1&sign=fc0b26ec97f8dac68cc26a95f43e639f pn=upload; op=order; orderid=5909; 
上传
[2018-05-28 17:46:09] trace  /app/index.php?i=1&uniacid=1&t=undefined&v=1.1&m=ewei_shopv2&from=wxapp&c=entry&a=wxapp&do=main&&state=we7sid-0991a95b15a4005f0ed02ca4fdaaf575&sign=5a63dea592b422d5d5abb7caae860fd7 pn=upload; op=order; orderid=5910; 
上传
[2018-05-28 18:02:18] trace  /app/index.php?i=1&uniacid=1&t=undefined&v=1.1&m=ewei_shopv2&from=wxapp&c=entry&a=wxapp&do=main&&state=we7sid-1f5007f068155c57436cd174c0ad5e11&sign=4173447d6a00c024e505d5a3afed8cd2 pn=upload; op=order; orderid=5911; 
上传
[2018-05-28 18:25:58] trace  /app/index.php?i=1&uniacid=1&t=undefined&v=1.1&m=ewei_shopv2&from=wxapp&c=entry&a=wxapp&do=main&&state=we7sid-ebce05f2df62cf9f87c8d38aa594b469&sign=1bce18f11cc9b2a000134f2d5ac5b2e7 pn=upload; op=order; orderid=5912; 
上传
[2018-05-28 18:28:34] trace  /app/index.php?i=1&uniacid=1&t=undefined&v=1.1&m=ewei_shopv2&from=wxapp&c=entry&a=wxapp&do=main&&state=we7sid-aa187e63064d9525ffe2fbd3fd43ce0c&sign=4d4bbd403046cf61f6728cce76c880cd pn=upload; op=order; orderid=5913; 
上传
[2018-05-28 18:30:29] trace  /app/index.php?i=1&uniacid=1&t=undefined&v=1.1&m=ewei_shopv2&from=wxapp&c=entry&a=wxapp&do=main&&state=we7sid-aa187e63064d9525ffe2fbd3fd43ce0c&sign=4d4bbd403046cf61f6728cce76c880cd pn=upload; op=order; orderid=5914; 
上传
[2018-05-28 18:34:32] trace  /app/index.php?i=1&uniacid=1&t=undefined&v=1.1&m=ewei_shopv2&from=wxapp&c=entry&a=wxapp&do=main&&state=we7sid-ebab83758869ebe03083b9a967a12d53&sign=0d68c0917472e8f5e078b5bf205e0e2e pn=upload; op=order; orderid=5915; 
上传
[2018-05-28 18:59:59] trace  /app/index.php?i=1&uniacid=1&t=undefined&v=1.1&m=ewei_shopv2&from=wxapp&c=entry&a=wxapp&do=main&&state=we7sid-d71147930ca6239b4e8ecaaa204c0ba0&sign=1f3313f8e21e1a86841f1fb4b2d4105e pn=upload; op=order; orderid=5916; 
上传
[2018-05-28 19:23:27] trace  /app/index.php?i=1&uniacid=1&t=undefined&v=1.1&m=ewei_shopv2&from=wxapp&c=entry&a=wxapp&do=main&&state=we7sid-fb15f99aabdf4d07eab5d1c8b6843189&sign=414e999e71558c63224caf717a5846af pn=upload; op=order; orderid=5917; 
上传
[2018-05-28 19:28:40] trace  /app/index.php?i=1&uniacid=1&t=undefined&v=1.1&m=ewei_shopv2&from=wxapp&c=entry&a=wxapp&do=main&&state=we7sid-00b817994cd7883cc20e68e876660a9e&sign=34b01422e785ddf841f1c6dd59d62836 op=order; pn=upload; orderid=5918; 
上传
[2018-05-28 19:44:51] trace  /app/index.php?i=1&uniacid=1&t=undefined&v=1.1&m=ewei_shopv2&from=wxapp&c=entry&a=wxapp&do=main&&state=we7sid-08174f464a2bf737a86263d02966f301&sign=25323c35d17c3e36021192cb08ea7ee4 pn=upload; op=order; orderid=5919; 
上传
[2018-05-28 19:45:12] trace  /app/index.php?i=1&uniacid=1&t=undefined&v=1.1&m=ewei_shopv2&from=wxapp&c=entry&a=wxapp&do=main&&state=we7sid-836e564f47ce4d46bd1cb72e29336f72&sign=8bdfd14390ff8002bf1130f66b5629d7 pn=upload; op=order; orderid=5920; 
上传
[2018-05-28 19:53:16] trace  /app/index.php?i=1&uniacid=1&t=undefined&v=1.1&m=ewei_shopv2&from=wxapp&c=entry&a=wxapp&do=main&&state=we7sid-bbdfd7ed85da30854d2754c8ce606704&sign=2146de747db492d4c7d346098c8426d8 op=order; pn=upload; orderid=5921; 
上传
[2018-05-28 20:04:01] trace  /app/index.php?i=1&uniacid=1&t=undefined&v=1.1&m=ewei_shopv2&from=wxapp&c=entry&a=wxapp&do=main&&state=we7sid-613df5d00411d33863b737fedefef0d8&sign=382ba99d41de0ba11e8d1429af09cd76 pn=upload; op=order; orderid=5922; 
上传
[2018-05-28 20:04:01] trace  /app/index.php?i=1&uniacid=1&t=undefined&v=1.1&m=ewei_shopv2&from=wxapp&c=entry&a=wxapp&do=main&&state=we7sid-613df5d00411d33863b737fedefef0d8&sign=382ba99d41de0ba11e8d1429af09cd76 pn=upload; op=order; orderid=5922; 
上传
[2018-05-28 20:07:30] trace  /app/index.php?i=1&uniacid=1&t=undefined&v=1.1&m=ewei_shopv2&from=wxapp&c=entry&a=wxapp&do=main&&state=we7sid-9abef4a9fd29a50a25a866875f7cec30&sign=9a0e17c32ccdade6218809da2d2102d3 pn=upload; op=order; orderid=5923; 
上传
[2018-05-28 20:59:05] trace  /app/index.php?i=1&uniacid=1&t=undefined&v=1.1&m=ewei_shopv2&from=wxapp&c=entry&a=wxapp&do=main&&state=we7sid-abbc7eec86b9524fdb3be0be004cc15a&sign=a4a9c746e6d87acec915922081358395 pn=upload; op=order; orderid=5924; 
上传
[2018-05-28 20:59:31] trace  /app/index.php?i=1&uniacid=1&t=undefined&v=1.1&m=ewei_shopv2&from=wxapp&c=entry&a=wxapp&do=main&&state=we7sid-f34564db8d2ad342d12d9af1f8a56421&sign=df3178e159a7b126e5ea37c673ccb06a pn=upload; op=order; orderid=5925; 
上传
[2018-05-28 20:59:38] trace  /app/index.php?i=1&uniacid=1&t=undefined&v=1.1&m=ewei_shopv2&from=wxapp&c=entry&a=wxapp&do=main&&state=we7sid-f34564db8d2ad342d12d9af1f8a56421&sign=df3178e159a7b126e5ea37c673ccb06a pn=upload; op=order; orderid=5926; 
上传
[2018-05-28 21:07:55] trace  /app/index.php?i=1&uniacid=1&t=undefined&v=1.1&m=ewei_shopv2&from=wxapp&c=entry&a=wxapp&do=main&&state=we7sid-8a248400ee7b1df8744d1ba13c447e9d&sign=2656a2e0709778f3e755e9b2ad692ab8 pn=upload; op=order; orderid=5927; 
上传
[2018-05-28 21:08:01] trace  /app/index.php?i=1&uniacid=1&t=undefined&v=1.1&m=ewei_shopv2&from=wxapp&c=entry&a=wxapp&do=main&&state=we7sid-8a248400ee7b1df8744d1ba13c447e9d&sign=2656a2e0709778f3e755e9b2ad692ab8 pn=upload; op=order; orderid=5928; 
上传
[2018-05-28 21:11:41] trace  /app/index.php?i=1&uniacid=1&t=undefined&v=1.1&m=ewei_shopv2&from=wxapp&c=entry&a=wxapp&do=main&&state=we7sid-7ea736dc5b777e7d81af7df17618a3f5&sign=fd5df57bbfc69833bf05ac2b21728600 op=order; orderid=5929; pn=upload; 
上传
[2018-05-28 21:27:12] trace  /app/index.php?i=1&uniacid=1&t=undefined&v=1.1&m=ewei_shopv2&from=wxapp&c=entry&a=wxapp&do=main&&state=we7sid-778dada5ff3399868a7ce3ea67a96daa&sign=a394c46a9d22dddb916864401dd57da6 pn=upload; op=order; orderid=5930; 
上传
[2018-05-28 21:28:05] trace  /app/index.php?i=1&uniacid=1&t=undefined&v=1.1&m=ewei_shopv2&from=wxapp&c=entry&a=wxapp&do=main&&state=we7sid-778dada5ff3399868a7ce3ea67a96daa&sign=a394c46a9d22dddb916864401dd57da6 pn=upload; op=order; orderid=5931; 
上传
[2018-05-28 21:39:23] trace  /app/index.php?i=1&uniacid=1&t=undefined&v=1.1&m=ewei_shopv2&from=wxapp&c=entry&a=wxapp&do=main&&state=we7sid-40e7aaea856e4ca15aa941956d9cccb6&sign=a4e3cc75778776475ab3e34532c679be pn=upload; op=order; orderid=5932; 
上传
[2018-05-28 21:49:32] trace  /app/index.php?i=1&uniacid=1&t=undefined&v=1.1&m=ewei_shopv2&from=wxapp&c=entry&a=wxapp&do=main&&state=we7sid-5420e8183b70f87cec425057ac8d85a9&sign=06ba6565a6f73209deff1ade64795d9a pn=upload; op=order; orderid=5933; 
上传
[2018-05-28 21:58:52] trace  /app/index.php?i=1&uniacid=1&t=undefined&v=1.1&m=ewei_shopv2&from=wxapp&c=entry&a=wxapp&do=main&&state=we7sid-c5cfe3610da77d48cb0d2faab23c8742&sign=3be7045b74abc3948689759d0f349956 pn=upload; op=order; orderid=5934; 
上传
[2018-05-28 22:07:00] trace  /app/index.php?i=1&uniacid=1&t=undefined&v=1.1&m=ewei_shopv2&from=wxapp&c=entry&a=wxapp&do=main&&state=we7sid-1ab5b669368668af82ef8d6d00037da0&sign=275ea0aa2647cfcfcd0e0a1208979556 pn=upload; op=order; orderid=5935; 
上传
[2018-05-28 22:19:32] trace  /app/index.php?i=1&uniacid=1&t=undefined&v=1.1&m=ewei_shopv2&from=wxapp&c=entry&a=wxapp&do=main&&state=we7sid-951ca3fc43abdaf5c50840ad80ad10a7&sign=3e19110ef8fa7e355be4368a13e0d6e9 pn=upload; op=order; orderid=5936; 
上传
[2018-05-28 22:30:39] trace  /app/index.php?i=1&uniacid=1&t=undefined&v=1.1&m=ewei_shopv2&from=wxapp&c=entry&a=wxapp&do=main&&state=we7sid-5b75a38854e5181fae7d3f8163a4da7c&sign=4230179f228936010f0de5632ae605bd pn=upload; op=order; orderid=5937; 
上传
[2018-05-28 22:36:19] trace  /app/index.php?i=1&uniacid=1&t=undefined&v=1.1&m=ewei_shopv2&from=wxapp&c=entry&a=wxapp&do=main&&state=we7sid-9d3c61df27307b68db3eec77dfa1ba71&sign=079196db2d61c81f123d99225d2cb383 pn=upload; op=order; orderid=5938; 
上传
[2018-05-28 22:37:11] trace  /app/index.php?i=1&uniacid=1&t=undefined&v=1.1&m=ewei_shopv2&from=wxapp&c=entry&a=wxapp&do=main&&state=we7sid-9d3c61df27307b68db3eec77dfa1ba71&sign=079196db2d61c81f123d99225d2cb383 pn=upload; op=order; orderid=5939; 
上传
[2018-05-28 22:38:39] trace  /app/index.php?i=1&uniacid=1&t=undefined&v=1.1&m=ewei_shopv2&from=wxapp&c=entry&a=wxapp&do=main&&state=we7sid-919668f85759a1326759e9c86b0c65f7&sign=806de07018d543c697085913f7928f74 op=order; pn=upload; orderid=5940; 
上传
[2018-05-28 23:00:49] trace  /app/index.php?i=1&uniacid=1&t=undefined&v=1.1&m=ewei_shopv2&from=wxapp&c=entry&a=wxapp&do=main&&state=we7sid-daaba5913c8d2719ef2ea2789a768cf3&sign=bcbdab16e08f2153b2da2995a1524e01 pn=upload; op=order; orderid=5941; 
上传
[2018-05-28 23:21:54] trace  /app/index.php?i=1&uniacid=1&t=undefined&v=1.1&m=ewei_shopv2&from=wxapp&c=entry&a=wxapp&do=main&&state=we7sid-21b5108292fb742afad0107b4d999c17&sign=f57b93fb87aca634d459b41130781f79 pn=upload; op=order; orderid=5942; 
上传
[2018-05-28 23:23:04] trace  /app/index.php?i=1&uniacid=1&t=undefined&v=1.1&m=ewei_shopv2&from=wxapp&c=entry&a=wxapp&do=main&&state=we7sid-95e3e8a84fe584be2dab0cb6a1d4adbd&sign=46f27be5e36feca2d11d575dc1329683 pn=upload; op=order; orderid=5943; 
上传
[2018-05-28 23:23:04] trace  /app/index.php?i=1&uniacid=1&t=undefined&v=1.1&m=ewei_shopv2&from=wxapp&c=entry&a=wxapp&do=main&&state=we7sid-95e3e8a84fe584be2dab0cb6a1d4adbd&sign=46f27be5e36feca2d11d575dc1329683 pn=upload; op=order; orderid=5943; 
上传
[2018-05-28 23:23:54] trace  /app/index.php?i=1&uniacid=1&t=undefined&v=1.1&m=ewei_shopv2&from=wxapp&c=entry&a=wxapp&do=main&&state=we7sid-142adff098108f827a5ddfb4bd76b4d5&sign=3a15b97f22ff9d938ab58011f2d96553 pn=upload; op=author; orderid=5698; 
上传
[2018-05-28 23:37:07] trace  /app/index.php?i=1&uniacid=1&t=undefined&v=1.1&m=ewei_shopv2&from=wxapp&c=entry&a=wxapp&do=main&&state=we7sid-168fe524b64632f7c3964cf9cff6db22&sign=da6b0b5e5e91542302cfe52fbd7f329e pn=upload; op=order; orderid=5944; 
上传
[2018-05-28 23:49:43] trace  /app/index.php?i=1&uniacid=1&t=undefined&v=1.1&m=ewei_shopv2&from=wxapp&c=entry&a=wxapp&do=main&&state=we7sid-d6f56d4599d16d2b8d9b6a82de208401&sign=239514fe28e6f3e9dbd17a7df43bc085 pn=upload; op=order; orderid=5945; 
上传
