[2018-06-21 00:09:54] trace  /app/index.php?i=1&uniacid=1&t=undefined&v=1.3&m=ewei_shopv2&from=wxapp&c=entry&a=wxapp&do=main&&state=we7sid-3dd949d82c01c7acfb201b21fc22f484&sign=67d18ec96c6245a9b0b0f52d8eb2036c pn=upload; op=order; orderid=8477; 
上传
[2018-06-21 00:41:04] trace  /app/index.php?i=1&uniacid=1&t=undefined&v=1.3&m=ewei_shopv2&from=wxapp&c=entry&a=wxapp&do=main&&state=we7sid-9c1d72b4f4a6a8d9c4f2faea84df16eb&sign=56edef3ce87e549068be66c1ef9363f3 pn=upload; op=order; orderid=8478; 
上传
[2018-06-21 00:56:34] trace  /app/index.php?i=1&uniacid=1&t=undefined&v=1.3&m=ewei_shopv2&from=wxapp&c=entry&a=wxapp&do=main&&state=we7sid-8f5a867140828aa03953036dec986144&sign=9fb5192e5646d429a3f8dd7311f73d84 pn=upload; op=order; orderid=8479; 
上传
[2018-06-21 00:56:35] trace  /app/index.php?i=1&uniacid=1&t=undefined&v=1.3&m=ewei_shopv2&from=wxapp&c=entry&a=wxapp&do=main&&state=we7sid-8f5a867140828aa03953036dec986144&sign=9fb5192e5646d429a3f8dd7311f73d84 pn=upload; op=order; orderid=8479; 
上传
[2018-06-21 00:56:46] trace  /app/index.php?i=1&uniacid=1&t=undefined&v=1.3&m=ewei_shopv2&from=wxapp&c=entry&a=wxapp&do=main&&state=we7sid-3608bed2fe38b2831fbf76409fc921aa&sign=beb22f993054ed42371b631e939acf7b pn=upload; op=order; orderid=8480; 
上传
[2018-06-21 01:15:53] trace  /app/index.php?i=1&uniacid=1&t=undefined&v=1.3&m=ewei_shopv2&from=wxapp&c=entry&a=wxapp&do=main&&state=we7sid-9e2c6c37dd589742c8fd9d143389f016&sign=d150b2e8d2ea39cef9992b32e0577c60 op=order; orderid=8481; pn=upload; 
上传
[2018-06-21 01:30:28] trace  /app/index.php?i=1&uniacid=1&t=undefined&v=1.3&m=ewei_shopv2&from=wxapp&c=entry&a=wxapp&do=main&&state=we7sid-cbe96f2addc0abb0b74abeb26f6b1ce2&sign=8d6b5cb3671d1ae462e82ade41915b6c pn=upload; op=order; orderid=8484; 
上传
[2018-06-21 01:32:57] trace  /app/index.php?i=1&uniacid=1&t=undefined&v=1.3&m=ewei_shopv2&from=wxapp&c=entry&a=wxapp&do=main&&state=we7sid-0d6ffe283d1841af1b42fe393489c302&sign=5b9f1bbd8859a735b295dad2a0eaeb17 op=order; orderid=8485; pn=upload; 
上传
[2018-06-21 02:05:16] trace  /app/index.php?i=1&uniacid=1&t=undefined&v=1.3&m=ewei_shopv2&from=wxapp&c=entry&a=wxapp&do=main&&state=we7sid-562d7d4efcfa74190acbfedc7ff9e90b&sign=efd369e03982394eb389afbd14cb604a pn=upload; op=order; orderid=8486; 
上传
[2018-06-21 02:05:51] trace  /app/index.php?i=1&uniacid=1&t=undefined&v=1.3&m=ewei_shopv2&from=wxapp&c=entry&a=wxapp&do=main&&state=we7sid-07fbbbda4274856194c485db98b6f7a7&sign=02121756b7ee31bae4ff018cfc422f99 pn=upload; op=order; orderid=8487; 
上传
[2018-06-21 05:31:06] trace  /app/index.php?i=1&uniacid=1&t=undefined&v=1.3&m=ewei_shopv2&from=wxapp&c=entry&a=wxapp&do=main&&state=we7sid-333b7899abcb5dc4e560194ad79272fe&sign=3e808dfc9b5775f20d503fd690d561f6 pn=upload; op=order; orderid=8488; 
上传
[2018-06-21 05:50:28] trace  /app/index.php?i=1&uniacid=1&t=undefined&v=1.3&m=ewei_shopv2&from=wxapp&c=entry&a=wxapp&do=main&&state=we7sid-2fa47fe4a0a08d17577aff7368e04430&sign=7b225baec1287aecc5d798d406b33508 pn=upload; op=order; orderid=8489; 
上传
[2018-06-21 06:44:33] trace  /app/index.php?i=1&uniacid=1&t=undefined&v=1.3&m=ewei_shopv2&from=wxapp&c=entry&a=wxapp&do=main&&state=we7sid-e237d7217a61101625ef2b8e23fa7a49&sign=44237f3c3defaf9fab28c7dd105b0c1b pn=upload; op=order; orderid=8490; 
上传
[2018-06-21 06:44:53] trace  /app/index.php?i=1&uniacid=1&t=undefined&v=1.3&m=ewei_shopv2&from=wxapp&c=entry&a=wxapp&do=main&&state=we7sid-1f4e816bba93b2e07606094ac2fdd524&sign=d1f6f69afc9311b8b8b5b7f9c19fddec pn=upload; op=order; orderid=8491; 
上传
[2018-06-21 07:50:26] trace  /app/index.php?i=1&uniacid=1&t=undefined&v=1.3&m=ewei_shopv2&from=wxapp&c=entry&a=wxapp&do=main&&state=we7sid-ba7c19519f15a88e7fad83f38c04bac5&sign=954544575e7590ad771125bb8e302e50 pn=upload; op=order; orderid=8492; 
上传
[2018-06-21 08:02:34] trace  /app/index.php?i=1&uniacid=1&t=undefined&v=1.3&m=ewei_shopv2&from=wxapp&c=entry&a=wxapp&do=main&&state=we7sid-98c8422d423ddfc86628113c52c53dd3&sign=973cae15ba98c812d8e1670d408322ed pn=upload; op=order; orderid=8493; 
上传
[2018-06-21 09:12:21] trace  /app/index.php?i=1&uniacid=1&t=undefined&v=1.3&m=ewei_shopv2&from=wxapp&c=entry&a=wxapp&do=main&&state=we7sid-2477f08836c69d702c2caceca8ebbeb3&sign=b8fa2e6af5cf053b1994a190074effdd pn=upload; op=order; orderid=8494; 
上传
[2018-06-21 09:16:53] trace  /app/index.php?i=1&uniacid=1&t=undefined&v=1.3&m=ewei_shopv2&from=wxapp&c=entry&a=wxapp&do=main&&state=we7sid-fbc77e0634213d4f012cfde8875df4c3&sign=02b4e36f23fefdf1a16a9d2a199efefc pn=upload; op=order; orderid=8495; 
上传
[2018-06-21 10:00:18] trace  /app/index.php?i=1&uniacid=1&t=undefined&v=1.3&m=ewei_shopv2&from=wxapp&c=entry&a=wxapp&do=main&&state=we7sid-8f5c9efdad7daf5f26dd933a61211324&sign=9b718193f5df5199077bc929805c53be pn=upload; op=order; orderid=8496; 
上传
[2018-06-21 10:00:54] trace  /app/index.php?i=1&uniacid=1&t=undefined&v=1.3&m=ewei_shopv2&from=wxapp&c=entry&a=wxapp&do=main&&state=we7sid-8f5c9efdad7daf5f26dd933a61211324&sign=9b718193f5df5199077bc929805c53be pn=upload; op=order; orderid=8497; 
上传
[2018-06-21 10:02:04] trace  /app/index.php?i=1&uniacid=1&t=undefined&v=1.3&m=ewei_shopv2&from=wxapp&c=entry&a=wxapp&do=main&&state=we7sid-17a330a04406806a11dbe678da8379d2&sign=da3465d03164360ad4406a6f2e7a1234 pn=upload; op=order; orderid=8498; 
上传
[2018-06-21 10:02:10] trace  /app/index.php?i=1&uniacid=1&t=undefined&v=1.3&m=ewei_shopv2&from=wxapp&c=entry&a=wxapp&do=main&&state=we7sid-17a330a04406806a11dbe678da8379d2&sign=da3465d03164360ad4406a6f2e7a1234 pn=upload; op=order; orderid=8499; 
上传
[2018-06-21 10:12:04] trace  /app/index.php?i=1&uniacid=1&t=undefined&v=1.3&m=ewei_shopv2&from=wxapp&c=entry&a=wxapp&do=main&&state=we7sid-a9a4a7564992e226640809054e5aa9db&sign=f34586d3dd73a5d9e64802fcc0dfd93c pn=upload; op=order; orderid=8500; 
上传
[2018-06-21 10:22:42] trace  /app/index.php?i=1&uniacid=1&t=undefined&v=1.3&m=ewei_shopv2&from=wxapp&c=entry&a=wxapp&do=main&&state=we7sid-8ee9c03b5965cc5a564d7f7f4bdc80ba&sign=fe8275f20aa1645887a70af6d3463846 pn=upload; op=order; orderid=8501; 
上传
[2018-06-21 10:30:14] trace  /app/index.php?i=1&uniacid=1&t=undefined&v=1.3&m=ewei_shopv2&from=wxapp&c=entry&a=wxapp&do=main&&state=we7sid-4af48ca8abfd08d012fb3c61309da80a&sign=0860de6b0f811346fdaf660e5f11b3c2 op=order; orderid=8502; pn=upload; 
上传
[2018-06-21 10:49:28] trace  /app/index.php?i=1&uniacid=1&t=undefined&v=1.3&m=ewei_shopv2&from=wxapp&c=entry&a=wxapp&do=main&&state=we7sid-c34d2a29e503fb46fb7e7ebc34cf65e0&sign=eda53fb52ef0741b475c8423367b0942 pn=upload; op=order; orderid=8503; 
上传
[2018-06-21 10:54:23] trace  /app/index.php?i=1&uniacid=1&t=undefined&v=1.3&m=ewei_shopv2&from=wxapp&c=entry&a=wxapp&do=main&&state=we7sid-29f9257d0a222d70a405728a8eff7317&sign=3f1e36b0c6ac6b3697de24610efae844 op=order; orderid=8504; pn=upload; 
上传
[2018-06-21 10:55:58] trace  /app/index.php?i=1&uniacid=1&t=undefined&v=1.3&m=ewei_shopv2&from=wxapp&c=entry&a=wxapp&do=main&&state=we7sid-8894cadd4115535251a4bce0bc027fdd&sign=eb873e193afd493c0d4d01e90613dda8 pn=upload; op=order; orderid=8505; 
上传
[2018-06-21 10:56:44] trace  /app/index.php?i=1&uniacid=1&t=undefined&v=1.3&m=ewei_shopv2&from=wxapp&c=entry&a=wxapp&do=main&&state=we7sid-8894cadd4115535251a4bce0bc027fdd&sign=eb873e193afd493c0d4d01e90613dda8 pn=upload; op=order; orderid=8506; 
上传
[2018-06-21 11:05:41] trace  /app/index.php?i=1&uniacid=1&t=undefined&v=1.3&m=ewei_shopv2&from=wxapp&c=entry&a=wxapp&do=main&&state=we7sid-99d6f26d956683d165a3d661b816545f&sign=0d59ac8d8f837ad8b57f16bdf84c29d2 pn=upload; op=order; orderid=8507; 
上传
[2018-06-21 11:07:35] trace  /app/index.php?i=1&uniacid=1&t=undefined&v=1.3&m=ewei_shopv2&from=wxapp&c=entry&a=wxapp&do=main&&state=we7sid-4de61763c75fd72918684421066c54c0&sign=00bbc9782227bd265f5089b9d9bef734 pn=upload; op=order; orderid=8508; 
上传
[2018-06-21 11:10:28] trace  /app/index.php?i=1&uniacid=1&t=undefined&v=1.3&m=ewei_shopv2&from=wxapp&c=entry&a=wxapp&do=main&&state=we7sid-4de61763c75fd72918684421066c54c0&sign=00bbc9782227bd265f5089b9d9bef734 pn=upload; op=order; orderid=8509; 
上传
[2018-06-21 11:10:54] trace  /app/index.php?i=1&uniacid=1&t=undefined&v=1.3&m=ewei_shopv2&from=wxapp&c=entry&a=wxapp&do=main&&state=we7sid-4de61763c75fd72918684421066c54c0&sign=00bbc9782227bd265f5089b9d9bef734 pn=upload; op=order; orderid=8510; 
上传
[2018-06-21 11:23:19] trace  /app/index.php?i=1&uniacid=1&t=undefined&v=1.3&m=ewei_shopv2&from=wxapp&c=entry&a=wxapp&do=main&&state=we7sid-60f69988e69476d1542a90c603d67a62&sign=687fa3ab2fa60fe9d258b3120f32fd56 op=order; orderid=8511; pn=upload; 
上传
[2018-06-21 11:29:01] trace  /app/index.php?i=1&uniacid=1&t=undefined&v=1.3&m=ewei_shopv2&from=wxapp&c=entry&a=wxapp&do=main&&state=we7sid-e1da268411c1df67a92097806302ec58&sign=894a9ad2e96517a72f83486d583a2a9f pn=upload; op=order; orderid=8512; 
上传
[2018-06-21 11:29:01] trace  /app/index.php?i=1&uniacid=1&t=undefined&v=1.3&m=ewei_shopv2&from=wxapp&c=entry&a=wxapp&do=main&&state=we7sid-e1da268411c1df67a92097806302ec58&sign=894a9ad2e96517a72f83486d583a2a9f pn=upload; op=order; orderid=8512; 
上传
[2018-06-21 11:36:45] trace  /app/index.php?i=1&uniacid=1&t=undefined&v=1.3&m=ewei_shopv2&from=wxapp&c=entry&a=wxapp&do=main&&state=we7sid-1041375a83e90cc1879a63cd83a483f1&sign=c45daa6f9dd5172e22cd7a02764a6d7e pn=upload; op=order; orderid=8513; 
上传
[2018-06-21 11:36:58] trace  /app/index.php?i=1&uniacid=1&t=undefined&v=1.3&m=ewei_shopv2&from=wxapp&c=entry&a=wxapp&do=main&&state=we7sid-65a36042373dd0cf06b585e832633b0c&sign=518b5f2b7bd5503885224394ff514733 pn=upload; op=order; orderid=8514; 
上传
[2018-06-21 11:47:37] trace  /app/index.php?i=1&uniacid=1&t=undefined&v=1.3&m=ewei_shopv2&from=wxapp&c=entry&a=wxapp&do=main&&state=we7sid-a75de69c1c22cd8bfba96e7c4e61c263&sign=9e147780293f8a693d5262809c26a9a9 pn=upload; op=order; orderid=8515; 
上传
[2018-06-21 12:24:26] trace  /app/index.php?i=1&uniacid=1&t=undefined&v=1.3&m=ewei_shopv2&from=wxapp&c=entry&a=wxapp&do=main&&state=we7sid-7e0cc0acdddb4a893e2d8a71644a5b9e&sign=7f807efdc8eed83d51cdfb29a5ed2331 pn=upload; op=order; orderid=8516; 
上传
[2018-06-21 12:24:46] trace  /app/index.php?i=1&uniacid=1&t=undefined&v=1.3&m=ewei_shopv2&from=wxapp&c=entry&a=wxapp&do=main&&state=we7sid-04504ba4a61e1327fb129c47afdad464&sign=d9e7cb77416ff9e5be68c44a73e808f1 pn=upload; op=order; orderid=8517; 
上传
[2018-06-21 12:25:02] trace  /app/index.php?i=1&uniacid=1&t=undefined&v=1.3&m=ewei_shopv2&from=wxapp&c=entry&a=wxapp&do=main&&state=we7sid-04504ba4a61e1327fb129c47afdad464&sign=d9e7cb77416ff9e5be68c44a73e808f1 pn=upload; op=order; orderid=8518; 
上传
[2018-06-21 12:28:13] trace  /app/index.php?i=1&uniacid=1&t=undefined&v=1.3&m=ewei_shopv2&from=wxapp&c=entry&a=wxapp&do=main&&state=we7sid-04504ba4a61e1327fb129c47afdad464&sign=d9e7cb77416ff9e5be68c44a73e808f1 pn=upload; op=order; orderid=8519; 
上传
[2018-06-21 12:59:48] trace  /app/index.php?i=1&uniacid=1&t=undefined&v=1.3&m=ewei_shopv2&from=wxapp&c=entry&a=wxapp&do=main&&state=we7sid-edfe8fd9d4420839d08de6767f9d2a83&sign=37fde5c30541e9079f55c2f8b46924bf op=order; orderid=8520; pn=upload; 
上传
[2018-06-21 13:08:15] trace  /app/index.php?i=1&uniacid=1&t=undefined&v=1.3&m=ewei_shopv2&from=wxapp&c=entry&a=wxapp&do=main&&state=we7sid-edfe8fd9d4420839d08de6767f9d2a83&sign=37fde5c30541e9079f55c2f8b46924bf op=order; orderid=8521; pn=upload; 
上传
[2018-06-21 13:20:57] trace  /app/index.php?i=1&uniacid=1&t=undefined&v=1.3&m=ewei_shopv2&from=wxapp&c=entry&a=wxapp&do=main&&state=we7sid-7dade1b84ebe2926e0005e8f1326c831&sign=0ea7e9e70dc7e75160f9e6fe659df346 pn=upload; op=order; orderid=8522; 
上传
[2018-06-21 13:51:13] trace  /app/index.php?i=1&uniacid=1&t=undefined&v=1.3&m=ewei_shopv2&from=wxapp&c=entry&a=wxapp&do=main&&state=we7sid-e96e7548d07b93a279aabd7f02eb3559&sign=320fbc47c8d30ecf3860f3541df48539 pn=upload; op=order; orderid=8523; 
上传
[2018-06-21 14:22:45] trace  /app/index.php?i=1&uniacid=1&t=undefined&v=1.3&m=ewei_shopv2&from=wxapp&c=entry&a=wxapp&do=main&&state=we7sid-d867087d68b425e20c70bb33129345ce&sign=0f2fce6e6e5fd62b2a4077662897f234 op=order; orderid=8524; pn=upload; 
上传
[2018-06-21 14:25:12] trace  /app/index.php?i=1&uniacid=1&t=undefined&v=1.3&m=ewei_shopv2&from=wxapp&c=entry&a=wxapp&do=main&&state=we7sid-d6e49f4f1d87c2461b43ccd5c9a9d9d7&sign=064e26e9f49c2ace21e7882275f376e2 pn=upload; op=order; orderid=8525; 
上传
[2018-06-21 14:46:59] trace  /app/index.php?i=1&uniacid=1&t=undefined&v=1.3&m=ewei_shopv2&from=wxapp&c=entry&a=wxapp&do=main&&state=we7sid-356b613182250c12b8ea1d99039d67f0&sign=e6914e763dd7c488b2bfd8aa8c2bba35 pn=upload; op=order; orderid=8526; 
上传
[2018-06-21 15:29:48] trace  /app/index.php?i=1&uniacid=1&t=undefined&v=1.3&m=ewei_shopv2&from=wxapp&c=entry&a=wxapp&do=main&&state=we7sid-790b6fe97d776b6f808ea2920355810e&sign=6806805ac3de3d404a43396746201fbe op=order; pn=upload; orderid=8527; 
上传
[2018-06-21 15:30:21] trace  /app/index.php?i=1&uniacid=1&t=undefined&v=1.3&m=ewei_shopv2&from=wxapp&c=entry&a=wxapp&do=main&&state=we7sid-d44425f5986e7678a43186a7c52406c9&sign=5d66d3763889d0f7727e954f5fbf2aca pn=upload; op=order; orderid=8528; 
上传
[2018-06-21 15:33:00] trace  /app/index.php?i=1&uniacid=1&t=undefined&v=1.3&m=ewei_shopv2&from=wxapp&c=entry&a=wxapp&do=main&&state=we7sid-641c94db24bc44ff63d9f9a04841737d&sign=0bf6b34e8d58fa17753c5600ca065685 pn=upload; op=order; orderid=8529; 
上传
[2018-06-21 15:38:33] trace  /app/index.php?i=1&uniacid=1&t=undefined&v=1.3&m=ewei_shopv2&from=wxapp&c=entry&a=wxapp&do=main&&state=we7sid-e16c5ae4dffbb90313aa6069225afdfc&sign=f4fd4524e82b31a28a16854b759d019a pn=upload; op=author; orderid=8297; 
上传
[2018-06-21 15:44:12] trace  /app/index.php?i=1&uniacid=1&t=undefined&v=1.3&m=ewei_shopv2&from=wxapp&c=entry&a=wxapp&do=main&&state=we7sid-b869231ca2313b4704e1997bf9b360c2&sign=fa5f356189022f7ab4c22633faf3cbfd pn=upload; op=order; orderid=8530; 
上传
[2018-06-21 15:46:16] trace  /app/index.php?i=1&uniacid=1&t=undefined&v=1.3&m=ewei_shopv2&from=wxapp&c=entry&a=wxapp&do=main&&state=we7sid-e16c5ae4dffbb90313aa6069225afdfc&sign=f4fd4524e82b31a28a16854b759d019a pn=upload; op=author; orderid=8298; 
上传
[2018-06-21 15:46:17] trace  /app/index.php?i=1&uniacid=1&t=undefined&v=1.3&m=ewei_shopv2&from=wxapp&c=entry&a=wxapp&do=main&&state=we7sid-2b169555829d800bb4b9832ddbc8cdda&sign=d4a34a3860b68e76afcf9d0d2a6acbb0 op=order; orderid=8531; pn=upload; 
上传
[2018-06-21 15:50:21] trace  /app/index.php?i=1&uniacid=1&t=undefined&v=1.3&m=ewei_shopv2&from=wxapp&c=entry&a=wxapp&do=main&&state=we7sid-f3abe0fe59189a7358f9ccfc0b840fc1&sign=b8acfcda12bd44652000fcfffee74a7c pn=upload; op=order; orderid=8532; 
上传
[2018-06-21 15:52:25] trace  /app/index.php?i=1&uniacid=1&t=undefined&v=1.3&m=ewei_shopv2&from=wxapp&c=entry&a=wxapp&do=main&&state=we7sid-e16c5ae4dffbb90313aa6069225afdfc&sign=f4fd4524e82b31a28a16854b759d019a pn=upload; op=author; orderid=8308; 
上传
[2018-06-21 16:05:47] trace  /app/index.php?i=1&uniacid=1&t=undefined&v=1.3&m=ewei_shopv2&from=wxapp&c=entry&a=wxapp&do=main&&state=we7sid-e16c5ae4dffbb90313aa6069225afdfc&sign=f4fd4524e82b31a28a16854b759d019a pn=upload; op=author; orderid=8318; 
上传
[2018-06-21 16:11:10] trace  /app/index.php?i=1&uniacid=1&t=undefined&v=1.3&m=ewei_shopv2&from=wxapp&c=entry&a=wxapp&do=main&&state=we7sid-e16c5ae4dffbb90313aa6069225afdfc&sign=f4fd4524e82b31a28a16854b759d019a pn=upload; op=author; orderid=8331; 
上传
[2018-06-21 16:15:31] trace  /app/index.php?i=1&uniacid=1&t=undefined&v=1.3&m=ewei_shopv2&from=wxapp&c=entry&a=wxapp&do=main&&state=we7sid-ecbb9c34e3f610729ffab782ac372667&sign=2d701b8252f6d04c44e7c8487ae9df8d op=order; orderid=8533; pn=upload; 
上传
[2018-06-21 16:15:52] trace  /app/index.php?i=1&uniacid=1&t=undefined&v=1.3&m=ewei_shopv2&from=wxapp&c=entry&a=wxapp&do=main&&state=we7sid-8f9485fcdeb48809d75f07719c682695&sign=dbb17828093d56e0eb97a71a31476784 pn=upload; op=order; orderid=8534; 
上传
[2018-06-21 16:17:53] trace  /app/index.php?i=1&uniacid=1&t=undefined&v=1.3&m=ewei_shopv2&from=wxapp&c=entry&a=wxapp&do=main&&state=we7sid-e16c5ae4dffbb90313aa6069225afdfc&sign=f4fd4524e82b31a28a16854b759d019a pn=upload; op=author; orderid=8372; 
上传
[2018-06-21 16:25:06] trace  /app/index.php?i=1&uniacid=1&t=undefined&v=1.3&m=ewei_shopv2&from=wxapp&c=entry&a=wxapp&do=main&&state=we7sid-e16c5ae4dffbb90313aa6069225afdfc&sign=f4fd4524e82b31a28a16854b759d019a pn=upload; op=author; orderid=8374; 
上传
[2018-06-21 16:29:45] trace  /app/index.php?i=1&uniacid=1&t=undefined&v=1.3&m=ewei_shopv2&from=wxapp&c=entry&a=wxapp&do=main&&state=we7sid-e16c5ae4dffbb90313aa6069225afdfc&sign=f4fd4524e82b31a28a16854b759d019a pn=upload; op=author; orderid=8380; 
上传
[2018-06-21 16:33:52] trace  /app/index.php?i=1&uniacid=1&t=undefined&v=1.3&m=ewei_shopv2&from=wxapp&c=entry&a=wxapp&do=main&&state=we7sid-6606dc059c3877d5b85769eee101cf33&sign=6a8b8eba0478c1d007a0fe8bbb3c6552 pn=upload; op=order; orderid=8535; 
上传
[2018-06-21 16:47:06] trace  /app/index.php?i=1&uniacid=1&t=undefined&v=1.3&m=ewei_shopv2&from=wxapp&c=entry&a=wxapp&do=main&&state=we7sid-a7db1690b6d45bac0313db35c611d8cd&sign=f4d69dda4a3b661559885a892f6aaef2 pn=upload; op=order; orderid=8536; 
上传
[2018-06-21 16:58:54] trace  /app/index.php?i=1&uniacid=1&t=undefined&v=1.3&m=ewei_shopv2&from=wxapp&c=entry&a=wxapp&do=main&&state=we7sid-7ade8442653b8bf46108e936e3424a20&sign=ccb8b372049bc50c1afd50f48765183b op=order; orderid=8537; pn=upload; 
上传
[2018-06-21 17:02:54] trace  /app/index.php?i=1&uniacid=1&t=undefined&v=1.3&m=ewei_shopv2&from=wxapp&c=entry&a=wxapp&do=main&&state=we7sid-65c7da72c2ab626350d2adb0d0b60e78&sign=c4c12c84f4eacdd529eb3ab80480755a pn=upload; op=order; orderid=8538; 
上传
[2018-06-21 17:07:09] trace  /app/index.php?i=1&uniacid=1&t=undefined&v=1.3&m=ewei_shopv2&from=wxapp&c=entry&a=wxapp&do=main&&state=we7sid-486d316e3d913f18c68e179839c7a262&sign=a47c4b727b34c57b703a87d8bda42a65 pn=upload; op=order; orderid=8539; 
上传
[2018-06-21 17:29:13] trace  /app/index.php?i=1&uniacid=1&t=undefined&v=1.3&m=ewei_shopv2&from=wxapp&c=entry&a=wxapp&do=main&&state=we7sid-2aa86c6624726a7986c665682e82b4b3&sign=87639ac4d53f5563fe0ca0f5efbd8023 pn=upload; op=order; orderid=8540; 
上传
[2018-06-21 17:39:31] trace  /app/index.php?i=1&uniacid=1&t=undefined&v=1.3&m=ewei_shopv2&from=wxapp&c=entry&a=wxapp&do=main&&state=we7sid-d4741984cc5bda9b8550f9fcef007bf0&sign=6ee7f832af67f5d59beb924dc42c59db pn=upload; op=order; orderid=8541; 
上传
[2018-06-21 17:43:58] trace  /app/index.php?i=1&uniacid=1&t=undefined&v=1.3&m=ewei_shopv2&from=wxapp&c=entry&a=wxapp&do=main&&state=we7sid-d4741984cc5bda9b8550f9fcef007bf0&sign=6ee7f832af67f5d59beb924dc42c59db pn=upload; op=order; orderid=8542; 
上传
[2018-06-21 17:45:04] trace  /app/index.php?i=1&uniacid=1&t=undefined&v=1.3&m=ewei_shopv2&from=wxapp&c=entry&a=wxapp&do=main&&state=we7sid-d4741984cc5bda9b8550f9fcef007bf0&sign=6ee7f832af67f5d59beb924dc42c59db pn=upload; op=order; orderid=8543; 
上传
[2018-06-21 18:01:53] trace  /app/index.php?i=1&uniacid=1&t=undefined&v=1.3&m=ewei_shopv2&from=wxapp&c=entry&a=wxapp&do=main&&state=we7sid-20264b5f07054c9d47355b1fc5cd8bf4&sign=26294263db088e2603e105e1e9fc8451 pn=upload; op=order; orderid=8544; 
上传
[2018-06-21 18:02:40] trace  /app/index.php?i=1&uniacid=1&t=undefined&v=1.3&m=ewei_shopv2&from=wxapp&c=entry&a=wxapp&do=main&&state=we7sid-49a7274c44b5d2ba9584355105774469&sign=a71f7ed0ed03b4831a381391c5288629 pn=upload; op=order; orderid=8545; 
上传
[2018-06-21 18:21:51] trace  /app/index.php?i=1&uniacid=1&t=undefined&v=1.3&m=ewei_shopv2&from=wxapp&c=entry&a=wxapp&do=main&&state=we7sid-2448ca50184e2f4db438d1411d1a541c&sign=078f0289974fbfdd81397e533a707fdd pn=upload; op=order; orderid=8546; 
上传
[2018-06-21 18:22:09] trace  /app/index.php?i=1&uniacid=1&t=undefined&v=1.3&m=ewei_shopv2&from=wxapp&c=entry&a=wxapp&do=main&&state=we7sid-8f392573ccb04ef440c678b2cd3c6554&sign=fee5c97b7a0936b7fee47e981bb0caac pn=upload; op=order; orderid=8547; 
上传
[2018-06-21 18:24:02] trace  /app/index.php?i=1&uniacid=1&t=undefined&v=1.3&m=ewei_shopv2&from=wxapp&c=entry&a=wxapp&do=main&&state=we7sid-50378e14124f06903e507e38e3473002&sign=18b913eb71e1a5c76a49ab1a838a09f8 pn=upload; op=order; orderid=8548; 
上传
[2018-06-21 18:27:33] trace  /app/index.php?i=1&uniacid=1&t=undefined&v=1.3&m=ewei_shopv2&from=wxapp&c=entry&a=wxapp&do=main&&state=we7sid-82ebb05aac233e5f437270b5ed50595e&sign=d2fb7b4a7f83b57637938fac4eb0aeb6 pn=upload; op=order; orderid=8549; 
上传
[2018-06-21 18:28:03] trace  /app/index.php?i=1&uniacid=1&t=undefined&v=1.3&m=ewei_shopv2&from=wxapp&c=entry&a=wxapp&do=main&&state=we7sid-f8ce4480d91a8b13181c46d4b840f056&sign=613ecf8e44633eda936c9b9a21b083c8 pn=upload; op=order; orderid=8550; 
上传
[2018-06-21 18:41:58] trace  /app/index.php?i=1&uniacid=1&t=undefined&v=1.3&m=ewei_shopv2&from=wxapp&c=entry&a=wxapp&do=main&&state=we7sid-1a1a10eb1c86cacf1881a30eefe47d60&sign=cafd20f45efec8b6109081a41dc4d4ea pn=upload; op=order; orderid=8551; 
上传
[2018-06-21 18:52:28] trace  /app/index.php?i=1&uniacid=1&t=undefined&v=1.3&m=ewei_shopv2&from=wxapp&c=entry&a=wxapp&do=main&&state=we7sid-6a1870ea60f04ea58876ba7c8cd24f35&sign=26f85f1377a9ec6b95a7c9b264bb0297 pn=upload; op=order; orderid=8552; 
上传
[2018-06-21 18:57:01] trace  /app/index.php?i=1&uniacid=1&t=undefined&v=1.3&m=ewei_shopv2&from=wxapp&c=entry&a=wxapp&do=main&&state=we7sid-a32f16cbb37facd699143a5bb4e0addf&sign=d897508ee699ddd3ea5f42825ef5815c pn=upload; op=order; orderid=8553; 
上传
[2018-06-21 19:06:43] trace  /app/index.php?i=1&uniacid=1&t=undefined&v=1.3&m=ewei_shopv2&from=wxapp&c=entry&a=wxapp&do=main&&state=we7sid-98daab02bf1ee070515d670acc3ada84&sign=c848c047874c6b2b808589ca352508ff pn=upload; op=order; orderid=8554; 
上传
[2018-06-21 19:25:48] trace  /app/index.php?i=1&uniacid=1&t=undefined&v=1.3&m=ewei_shopv2&from=wxapp&c=entry&a=wxapp&do=main&&state=we7sid-32afa6223383beb96048a8d4ff4d6f36&sign=64344a096f65e3246a6e0f8e0b558dfb pn=upload; op=order; orderid=8555; 
上传
[2018-06-21 19:48:17] trace  /app/index.php?i=1&uniacid=1&t=undefined&v=1.3&m=ewei_shopv2&from=wxapp&c=entry&a=wxapp&do=main&&state=we7sid-76404ed5886b0aeaddbe091b378b4dba&sign=74f5beea11d5f55f94aa06a4a106ea12 pn=upload; op=order; orderid=8556; 
上传
[2018-06-21 19:55:07] trace  /app/index.php?i=1&uniacid=1&t=undefined&v=1.3&m=ewei_shopv2&from=wxapp&c=entry&a=wxapp&do=main&&state=we7sid-46f1dbe044442f3af6dbc810400d0069&sign=e14645d0e10cf1c03bbbbda0103c7f25 op=order; orderid=8557; pn=upload; 
上传
[2018-06-21 19:55:29] trace  /app/index.php?i=1&uniacid=1&t=undefined&v=1.3&m=ewei_shopv2&from=wxapp&c=entry&a=wxapp&do=main&&state=we7sid-46f1dbe044442f3af6dbc810400d0069&sign=e14645d0e10cf1c03bbbbda0103c7f25 op=order; orderid=8558; pn=upload; 
上传
[2018-06-21 19:55:53] trace  /app/index.php?i=1&uniacid=1&t=undefined&v=1.3&m=ewei_shopv2&from=wxapp&c=entry&a=wxapp&do=main&&state=we7sid-46f1dbe044442f3af6dbc810400d0069&sign=e14645d0e10cf1c03bbbbda0103c7f25 op=order; orderid=8559; pn=upload; 
上传
[2018-06-21 19:58:53] trace  /app/index.php?i=1&uniacid=1&t=undefined&v=1.3&m=ewei_shopv2&from=wxapp&c=entry&a=wxapp&do=main&&state=we7sid-f70551d63685be4ae84b070e01cd37f6&sign=b163768faf4d34453dc78a78b4f326f8 pn=upload; op=order; orderid=8560; 
上传
[2018-06-21 20:16:11] trace  /app/index.php?i=1&uniacid=1&t=undefined&v=1.3&m=ewei_shopv2&from=wxapp&c=entry&a=wxapp&do=main&&state=we7sid-f0ab5541e7c1949a53f6b18de134ceb3&sign=9ef9348522e6b4778e513d3be1f8a8f1 pn=upload; op=order; orderid=8561; 
上传
[2018-06-21 20:17:49] trace  /app/index.php?i=1&uniacid=1&t=undefined&v=1.3&m=ewei_shopv2&from=wxapp&c=entry&a=wxapp&do=main&&state=we7sid-b204b21b7c17533c5f95d83ab81450d4&sign=663f10eb42759ed7aba23768f7f8e639 pn=upload; op=order; orderid=8562; 
上传
[2018-06-21 20:17:57] trace  /app/index.php?i=1&uniacid=1&t=undefined&v=1.3&m=ewei_shopv2&from=wxapp&c=entry&a=wxapp&do=main&&state=we7sid-b204b21b7c17533c5f95d83ab81450d4&sign=663f10eb42759ed7aba23768f7f8e639 pn=upload; op=order; orderid=8562; 
上传
[2018-06-21 20:35:21] trace  /app/index.php?i=1&uniacid=1&t=undefined&v=1.3&m=ewei_shopv2&from=wxapp&c=entry&a=wxapp&do=main&&state=we7sid-e118d1c203d3d817af827307a32e3964&sign=05a555e807bfc8c611c8c5b36c6d1b59 pn=upload; op=order; orderid=8563; 
上传
[2018-06-21 20:37:18] trace  /app/index.php?i=1&uniacid=1&t=undefined&v=1.3&m=ewei_shopv2&from=wxapp&c=entry&a=wxapp&do=main&&state=we7sid-871460a7dc8edea99bb2a219b78be108&sign=7e0b7518fcbdf6b030c443e0d665291f pn=upload; op=order; orderid=8564; 
上传
[2018-06-21 20:39:37] trace  /app/index.php?i=1&uniacid=1&t=undefined&v=1.3&m=ewei_shopv2&from=wxapp&c=entry&a=wxapp&do=main&&state=we7sid-9857ce4dbd0f4ba207697433792c8dbb&sign=411dafad7d898768f4c237e67224c709 pn=upload; op=order; orderid=8565; 
上传
[2018-06-21 20:53:31] trace  /app/index.php?i=1&uniacid=1&t=undefined&v=1.3&m=ewei_shopv2&from=wxapp&c=entry&a=wxapp&do=main&&state=we7sid-5d6af3da387274031738ae33ac598c0e&sign=79b0618a9dc0675a227cdf1588f26e3f pn=upload; op=order; orderid=8566; 
上传
[2018-06-21 20:58:00] trace  /app/index.php?i=1&uniacid=1&t=undefined&v=1.3&m=ewei_shopv2&from=wxapp&c=entry&a=wxapp&do=main&&state=we7sid-d1e17043d180eb89aeab231001b823e2&sign=0cdc9e4d1de910bbd16d25f9bb4d5372 pn=upload; op=order; orderid=8567; 
上传
[2018-06-21 21:06:04] trace  /app/index.php?i=1&uniacid=1&t=undefined&v=1.3&m=ewei_shopv2&from=wxapp&c=entry&a=wxapp&do=main&&state=we7sid-f91f185756f3cba58e7a94b78ea8585f&sign=60df48475e693332d8a2be5579a7e942 pn=upload; op=order; orderid=8568; 
上传
[2018-06-21 21:14:31] trace  /app/index.php?i=1&uniacid=1&t=undefined&v=1.3&m=ewei_shopv2&from=wxapp&c=entry&a=wxapp&do=main&&state=we7sid-4ba14c1b2c61ef917f14840b16255702&sign=6a2ed8c22de05471e1f7a501de48078e pn=upload; op=order; orderid=8569; 
上传
[2018-06-21 21:31:33] trace  /app/index.php?i=1&uniacid=1&t=undefined&v=1.3&m=ewei_shopv2&from=wxapp&c=entry&a=wxapp&do=main&&state=we7sid-8afa84d132b8102cb1f9ad55b481bcf4&sign=3ab2534058638ccae475be4b6ffba7d5 pn=upload; op=order; orderid=8570; 
上传
[2018-06-21 22:00:32] trace  /app/index.php?i=1&uniacid=1&t=undefined&v=1.3&m=ewei_shopv2&from=wxapp&c=entry&a=wxapp&do=main&&state=we7sid-94a1dec4c994f907c9ca3aafab1d7e71&sign=51e18ee5f63b826af767bae480370d88 pn=upload; op=order; orderid=8571; 
上传
[2018-06-21 22:01:58] trace  /app/index.php?i=1&uniacid=1&t=undefined&v=1.3&m=ewei_shopv2&from=wxapp&c=entry&a=wxapp&do=main&&state=we7sid-83148712d505d6f8d4f57d5b5ec1d47e&sign=92b08c3d749d55334357cf439891c0db pn=upload; op=order; orderid=8572; 
上传
[2018-06-21 22:08:19] trace  /app/index.php?i=1&uniacid=1&t=undefined&v=1.3&m=ewei_shopv2&from=wxapp&c=entry&a=wxapp&do=main&&state=we7sid-1e88048b9b9f76ccb406cd3be7e8b4be&sign=ad260a5b42103fff5248f802d5178bc2 pn=upload; op=order; orderid=8573; 
上传
[2018-06-21 22:25:50] trace  /app/index.php?i=1&uniacid=1&t=undefined&v=1.3&m=ewei_shopv2&from=wxapp&c=entry&a=wxapp&do=main&&state=we7sid-459e948ccfd7e8987730686b857f09ed&sign=efbe67191839cf2df6f6482ddfe5c034 pn=upload; op=order; orderid=8574; 
上传
[2018-06-21 22:36:53] trace  /app/index.php?i=1&uniacid=1&t=undefined&v=1.3&m=ewei_shopv2&from=wxapp&c=entry&a=wxapp&do=main&&state=we7sid-f96935a0828e8952e0c7449aaab09f3c&sign=c39f7f064229bfe0bfc43c4a873b0bf9 pn=upload; op=order; orderid=8575; 
上传
[2018-06-21 22:36:59] trace  /app/index.php?i=1&uniacid=1&t=undefined&v=1.3&m=ewei_shopv2&from=wxapp&c=entry&a=wxapp&do=main&&state=we7sid-43d4e4fa87c7bb9f203cbd7a4bf4bf67&sign=cf476c226c5028f2b28d0a4066a43e22 pn=upload; op=order; orderid=8576; 
上传
[2018-06-21 22:43:16] trace  /app/index.php?i=1&uniacid=1&t=undefined&v=1.3&m=ewei_shopv2&from=wxapp&c=entry&a=wxapp&do=main&&state=we7sid-f3b4cf69115e4a3098a00454206ad21b&sign=1a38ef23ace0e69cad8707286f682666 pn=upload; op=order; orderid=8577; 
上传
[2018-06-21 23:23:02] trace  /app/index.php?i=1&uniacid=1&t=undefined&v=1.3&m=ewei_shopv2&from=wxapp&c=entry&a=wxapp&do=main&&state=we7sid-459e948ccfd7e8987730686b857f09ed&sign=efbe67191839cf2df6f6482ddfe5c034 pn=upload; op=order; orderid=8578; 
上传
[2018-06-21 23:33:45] trace  /app/index.php?i=1&uniacid=1&t=undefined&v=1.3&m=ewei_shopv2&from=wxapp&c=entry&a=wxapp&do=main&&state=we7sid-f6d9029194081c156cb78eae3f61429e&sign=476be0ec16048e3b6feb55f3c837ce63 pn=upload; op=order; orderid=8579; 
上传
[2018-06-21 23:42:43] trace  /app/index.php?i=1&uniacid=1&t=undefined&v=1.3&m=ewei_shopv2&from=wxapp&c=entry&a=wxapp&do=main&&state=we7sid-b322312a4bc3f6bda458a71e9161ba0d&sign=1f5bb693071d1b1cebbdb4692f2276ba pn=upload; op=order; orderid=8580; 
上传
[2018-06-21 23:43:03] trace  /app/index.php?i=1&uniacid=1&t=undefined&v=1.3&m=ewei_shopv2&from=wxapp&c=entry&a=wxapp&do=main&&state=we7sid-b322312a4bc3f6bda458a71e9161ba0d&sign=1f5bb693071d1b1cebbdb4692f2276ba pn=upload; op=order; orderid=8581; 
上传
[2018-06-21 23:44:32] trace  /app/index.php?i=1&uniacid=1&t=undefined&v=1.3&m=ewei_shopv2&from=wxapp&c=entry&a=wxapp&do=main&&state=we7sid-b322312a4bc3f6bda458a71e9161ba0d&sign=1f5bb693071d1b1cebbdb4692f2276ba pn=upload; op=order; orderid=8582; 
上传
[2018-06-21 23:56:31] trace  /app/index.php?i=1&uniacid=1&t=undefined&v=1.3&m=ewei_shopv2&from=wxapp&c=entry&a=wxapp&do=main&&state=we7sid-ed1dd4210224c89c03d5b1b8a01db0da&sign=913888d5c1b256f9b95cc06e4c488300 pn=upload; op=order; orderid=8583; 
上传
