[2018-05-22 00:13:04] trace  /app/index.php?i=1&uniacid=1&t=undefined&v=1.1&m=ewei_shopv2&from=wxapp&c=entry&a=wxapp&do=main&&state=we7sid-097f6385527079ff58d75b24b7461d3b&sign=0a73888ebaece1be6843fe81f19d2854 pn=upload; op=order; orderid=5205; 
上传
[2018-05-22 00:30:47] trace  /app/index.php?i=1&uniacid=1&t=undefined&v=1.1&m=ewei_shopv2&from=wxapp&c=entry&a=wxapp&do=main&&state=we7sid-837aff89ff24b082e21947774e97a498&sign=f03355e300ea98d839abd6f536d6b7cc pn=upload; op=order; orderid=5206; 
上传
[2018-05-22 06:15:59] trace  /app/index.php?i=1&uniacid=1&t=undefined&v=1.1&m=ewei_shopv2&from=wxapp&c=entry&a=wxapp&do=main&&state=we7sid-ba8793dba4e004df1e14910b5b53742a&sign=1cbeca997f13cdfe9805c2d498c14559 pn=upload; op=order; orderid=5207; 
上传
[2018-05-22 06:25:14] trace  /app/index.php?i=1&uniacid=1&t=undefined&v=1.1&m=ewei_shopv2&from=wxapp&c=entry&a=wxapp&do=main&&state=we7sid-ba8793dba4e004df1e14910b5b53742a&sign=1cbeca997f13cdfe9805c2d498c14559 pn=upload; op=order; orderid=5208; 
上传
[2018-05-22 06:39:15] trace  /app/index.php?i=1&uniacid=1&t=undefined&v=1.1&m=ewei_shopv2&from=wxapp&c=entry&a=wxapp&do=main&&state=we7sid-fe9b37fbb57efbb34d04e37b4661b3ee&sign=4d9e80c98826b095fc00718604d216a2 pn=upload; op=order; orderid=5209; 
上传
[2018-05-22 06:40:31] trace  /app/index.php?i=1&uniacid=1&t=undefined&v=1.1&m=ewei_shopv2&from=wxapp&c=entry&a=wxapp&do=main&&state=we7sid-fe9b37fbb57efbb34d04e37b4661b3ee&sign=4d9e80c98826b095fc00718604d216a2 pn=upload; op=order; orderid=5210; 
上传
[2018-05-22 06:58:18] trace  /app/index.php?i=1&uniacid=1&t=undefined&v=1.1&m=ewei_shopv2&from=wxapp&c=entry&a=wxapp&do=main&&state=we7sid-1b229b6bb8cd5f1061bdee89d67f46b3&sign=9f190943d51aceb3fb3b28196a573f13 pn=upload; op=order; orderid=5211; 
上传
[2018-05-22 07:05:25] trace  /app/index.php?i=1&uniacid=1&t=undefined&v=1.1&m=ewei_shopv2&from=wxapp&c=entry&a=wxapp&do=main&&state=we7sid-c31edb808b87432dcefcf8d6efbb28be&sign=44bbac9155eab3814fc1e6a1374bf4c2 pn=upload; op=order; orderid=5212; 
上传
[2018-05-22 07:52:20] trace  /app/index.php?i=1&uniacid=1&t=undefined&v=1.1&m=ewei_shopv2&from=wxapp&c=entry&a=wxapp&do=main&&state=we7sid-cdd9e8373c1f483669a3e6d06bf78f9d&sign=9a1caa3e5c6fc082a2d01aada1566cb7 pn=upload; op=order; orderid=5213; 
上传
[2018-05-22 08:14:51] trace  /app/index.php?i=1&uniacid=1&t=undefined&v=1.1&m=ewei_shopv2&from=wxapp&c=entry&a=wxapp&do=main&&state=we7sid-678da2dfbd2ace1c61b00f0aea860e35&sign=8759570b164da5c306b23938fcda437d pn=upload; op=order; orderid=5214; 
上传
[2018-05-22 09:17:44] trace  /app/index.php?i=1&uniacid=1&t=undefined&v=1.1&m=ewei_shopv2&from=wxapp&c=entry&a=wxapp&do=main&&state=we7sid-a85ababa735fd26cd6aa4240dfd4656f&sign=bf4bbf295c7e5a0dd75956e8b81c90aa pn=upload; op=order; orderid=5215; 
上传
[2018-05-22 09:39:08] trace  /app/index.php?i=1&uniacid=1&t=undefined&v=1.1&m=ewei_shopv2&from=wxapp&c=entry&a=wxapp&do=main&&state=we7sid-56d6590f394444836d446eda9a2a5b1f&sign=d99642bafe0ee7f8c5d08a6e0cd51e35 pn=upload; op=order; orderid=5216; 
上传
[2018-05-22 09:39:22] trace  /app/index.php?i=1&uniacid=1&t=undefined&v=1.1&m=ewei_shopv2&from=wxapp&c=entry&a=wxapp&do=main&&state=we7sid-56d6590f394444836d446eda9a2a5b1f&sign=d99642bafe0ee7f8c5d08a6e0cd51e35 pn=upload; op=order; orderid=5217; 
上传
[2018-05-22 09:56:37] trace  /app/index.php?i=1&uniacid=1&t=undefined&v=1.1&m=ewei_shopv2&from=wxapp&c=entry&a=wxapp&do=main&&state=we7sid-4f501b7bab3e79e757a49a2b52c080e9&sign=c8b2bdcf199cf44e4a2f57bcf1735102 pn=upload; op=order; orderid=5218; 
上传
[2018-05-22 10:01:47] trace  /app/index.php?i=1&uniacid=1&t=undefined&v=1.1&m=ewei_shopv2&from=wxapp&c=entry&a=wxapp&do=main&&state=we7sid-43251efc2803f91916c0252627f96f28&sign=fc0a2f3e94f395403a8e4a25553b0aa6 op=order; orderid=5219; pn=upload; 
上传
[2018-05-22 10:05:51] trace  /app/index.php?i=1&uniacid=1&t=undefined&v=1.1&m=ewei_shopv2&from=wxapp&c=entry&a=wxapp&do=main&&state=we7sid-36e6f2863a8ee8c1ae1e029c687c55af&sign=b257516b9d02265026a806ff765279a5 pn=upload; op=order; orderid=5220; 
上传
[2018-05-22 10:21:47] trace  /app/index.php?i=1&uniacid=1&t=undefined&v=1.1&m=ewei_shopv2&from=wxapp&c=entry&a=wxapp&do=main&&state=we7sid-fef5a9f4091002ec92e6a5f9e1be2c06&sign=51db0744e4f8d8102e4bb99dabf35074 pn=upload; op=order; orderid=5221; 
上传
[2018-05-22 11:44:46] trace  /app/index.php?i=1&uniacid=1&t=undefined&v=1.1&m=ewei_shopv2&from=wxapp&c=entry&a=wxapp&do=main&&state=we7sid-9e2158892979fe8c8ffebe5914243c3b&sign=38abd1455279516ca1c0002bc8a29149 pn=upload; op=order; orderid=5222; 
上传
[2018-05-22 11:54:29] trace  /app/index.php?i=1&uniacid=1&t=undefined&v=1.1&m=ewei_shopv2&from=wxapp&c=entry&a=wxapp&do=main&&state=we7sid-cd6eadf7a5bed8e2e5c52aa72e3a332f&sign=d812e637cc853214e33a056aba2696b4 op=order; pn=upload; orderid=5223; 
上传
[2018-05-22 12:34:47] trace  /app/index.php?i=1&uniacid=1&t=undefined&v=1.1&m=ewei_shopv2&from=wxapp&c=entry&a=wxapp&do=main&&state=we7sid-9b1d337f98fe13c72cc6ad26a6294fb6&sign=763596b1a2b3f2a6d26b25d6dcfe56c9 pn=upload; op=order; orderid=5224; 
上传
[2018-05-22 12:57:53] trace  /app/index.php?i=1&uniacid=1&t=undefined&v=1.1&m=ewei_shopv2&from=wxapp&c=entry&a=wxapp&do=main&&state=we7sid-bcecc81a33589a1d145e20bdb4e4d128&sign=a8eb185f106a3498ab26aca8547d9f5d pn=upload; op=order; orderid=5225; 
上传
[2018-05-22 13:03:53] trace  /app/index.php?i=1&uniacid=1&t=undefined&v=1.1&m=ewei_shopv2&from=wxapp&c=entry&a=wxapp&do=main&&state=we7sid-c2cac909486aebb749ae2c504b243d54&sign=2a77dd37843daffc3d1331859de31966 pn=upload; op=order; orderid=5226; 
上传
[2018-05-22 13:04:54] trace  /app/index.php?i=1&uniacid=1&t=undefined&v=1.1&m=ewei_shopv2&from=wxapp&c=entry&a=wxapp&do=main&&state=we7sid-c2cac909486aebb749ae2c504b243d54&sign=2a77dd37843daffc3d1331859de31966 pn=upload; op=order; orderid=5227; 
上传
[2018-05-22 13:06:30] trace  /app/index.php?i=1&uniacid=1&t=undefined&v=1.1&m=ewei_shopv2&from=wxapp&c=entry&a=wxapp&do=main&&state=we7sid-3943f8bad7129f632f7fe95f4350c017&sign=829c3060f8ded3aa945ef03e3662be2a pn=upload; op=order; orderid=5228; 
上传
[2018-05-22 13:26:03] trace  /app/index.php?i=1&uniacid=1&t=undefined&v=1.1&m=ewei_shopv2&from=wxapp&c=entry&a=wxapp&do=main&&state=we7sid-e58feab4ac3bde1f35dd0ed867cfe1d6&sign=93a92dcf93b5114f51f1fb29e174f126 pn=upload; op=order; orderid=5229; 
上传
[2018-05-22 13:33:30] trace  /app/index.php?i=1&uniacid=1&t=undefined&v=1.1&m=ewei_shopv2&from=wxapp&c=entry&a=wxapp&do=main&&state=we7sid-2264e39731477880f4abd72e43a8ec53&sign=ea74d4a8d87896769b3f1e17cdc46205 pn=upload; op=order; orderid=5230; 
上传
[2018-05-22 13:52:34] trace  /app/index.php?i=1&uniacid=1&t=undefined&v=1.1&m=ewei_shopv2&from=wxapp&c=entry&a=wxapp&do=main&&state=we7sid-5ecb26b49eef22ab6050f915d704bc1f&sign=3b81f737f48f3f4734f7f69db7ef9ee1 pn=upload; op=order; orderid=5231; 
上传
[2018-05-22 13:59:11] trace  /app/index.php?i=1&uniacid=1&t=undefined&v=1.1&m=ewei_shopv2&from=wxapp&c=entry&a=wxapp&do=main&&state=we7sid-555a908fb0b19665ec12e4884b176c33&sign=1367572de1de03c3f43b95f1e44f8f87 pn=upload; op=order; orderid=5232; 
上传
[2018-05-22 14:03:32] trace  /app/index.php?i=1&uniacid=1&t=undefined&v=1.1&m=ewei_shopv2&from=wxapp&c=entry&a=wxapp&do=main&&state=we7sid-cc34ea11f9a1ed3895d46b399fac2c33&sign=ff77be0455cb61ebd956677a2981efd8 pn=upload; op=order; orderid=5233; 
上传
[2018-05-22 14:05:38] trace  /app/index.php?i=1&uniacid=1&t=undefined&v=1.1&m=ewei_shopv2&from=wxapp&c=entry&a=wxapp&do=main&&state=we7sid-f5e5e67ffa92099d257d0f2e214784cd&sign=048fc11988511a3146578e35be3156cd pn=upload; op=order; orderid=5234; 
上传
[2018-05-22 14:41:36] trace  /app/index.php?i=1&uniacid=1&t=undefined&v=1.1&m=ewei_shopv2&from=wxapp&c=entry&a=wxapp&do=main&&state=we7sid-218495565027463cd6265e8f553d4e9a&sign=2a977d56c7f79e978a09aaf4af3069be pn=upload; op=order; orderid=5235; 
上传
[2018-05-22 14:42:44] trace  /app/index.php?i=1&uniacid=1&t=undefined&v=1.1&m=ewei_shopv2&from=wxapp&c=entry&a=wxapp&do=main&&state=we7sid-218495565027463cd6265e8f553d4e9a&sign=2a977d56c7f79e978a09aaf4af3069be pn=upload; op=order; orderid=5236; 
上传
[2018-05-22 14:43:00] trace  /app/index.php?i=1&uniacid=1&t=undefined&v=1.1&m=ewei_shopv2&from=wxapp&c=entry&a=wxapp&do=main&&state=we7sid-218495565027463cd6265e8f553d4e9a&sign=2a977d56c7f79e978a09aaf4af3069be pn=upload; op=order; orderid=5237; 
上传
[2018-05-22 15:05:33] trace  /app/index.php?i=1&uniacid=1&t=undefined&v=1.1&m=ewei_shopv2&from=wxapp&c=entry&a=wxapp&do=main&&state=we7sid-a6064e1660120d8656d62c1dceed9a54&sign=17d5b7502569019431f66f3c34f084c3 pn=upload; op=order; orderid=5238; 
上传
[2018-05-22 15:14:51] trace  /app/index.php?i=1&uniacid=1&t=undefined&v=1.1&m=ewei_shopv2&from=wxapp&c=entry&a=wxapp&do=main&&state=we7sid-241a4ebe18c4105f1eea8263430eb74a&sign=0b2766f336804d7099a50920969a6e9d pn=upload; op=order; orderid=5239; 
上传
[2018-05-22 15:42:40] trace  /app/index.php?i=1&uniacid=1&t=undefined&v=1.1&m=ewei_shopv2&from=wxapp&c=entry&a=wxapp&do=main&&state=we7sid-c11c4887d27f2d8703ffcf2ab4e8eef8&sign=4218829daf029868063d82d47f0ed00a pn=upload; op=order; orderid=5240; 
上传
[2018-05-22 15:51:59] trace  /app/index.php?i=1&uniacid=1&t=undefined&v=1.1&m=ewei_shopv2&from=wxapp&c=entry&a=wxapp&do=main&&state=we7sid-e2e5e243f21d21a135a692956a1aa1f9&sign=3539cdeeaea83847b14203052f2be7cc pn=upload; op=order; orderid=5241; 
上传
[2018-05-22 16:02:48] trace  /app/index.php?i=1&uniacid=1&t=undefined&v=1.1&m=ewei_shopv2&from=wxapp&c=entry&a=wxapp&do=main&&state=we7sid-1bd2726d6d8a0beeef7a4279fcd8c8bb&sign=6f22856cb231018a45391e8d00d53c59 pn=upload; op=order; orderid=5242; 
上传
[2018-05-22 16:24:22] trace  /app/index.php?i=1&uniacid=1&t=undefined&v=1.1&m=ewei_shopv2&from=wxapp&c=entry&a=wxapp&do=main&&state=we7sid-cd629df615a864e0ab9f28e03dd51a06&sign=cfcc901c3cdd79f04e5aca5e0bb811dd pn=upload; op=order; orderid=5243; 
上传
[2018-05-22 16:25:22] trace  /app/index.php?i=1&uniacid=1&t=undefined&v=1.1&m=ewei_shopv2&from=wxapp&c=entry&a=wxapp&do=main&&state=we7sid-cd629df615a864e0ab9f28e03dd51a06&sign=cfcc901c3cdd79f04e5aca5e0bb811dd pn=upload; op=order; orderid=5244; 
上传
[2018-05-22 16:41:35] trace  /app/index.php?i=1&uniacid=1&t=undefined&v=1.1&m=ewei_shopv2&from=wxapp&c=entry&a=wxapp&do=main&&state=we7sid-344483fe499b366834331bf741d514e1&sign=275dd453ed614b18bb9f21ac70d2a755 pn=upload; op=order; orderid=5245; 
上传
[2018-05-22 17:13:50] trace  /app/index.php?i=1&uniacid=1&t=undefined&v=1.1&m=ewei_shopv2&from=wxapp&c=entry&a=wxapp&do=main&&state=we7sid-325227be6fca02d3c59a0efc8475c349&sign=4d1d442af182edc35a81e5d5297d2970 pn=upload; op=order; orderid=5246; 
上传
[2018-05-22 17:21:05] trace  /app/index.php?i=1&uniacid=1&t=undefined&v=1.1&m=ewei_shopv2&from=wxapp&c=entry&a=wxapp&do=main&&state=we7sid-9d07e978fe2414241ee23b94ec7dcf9e&sign=54572ba00daa84725248d8b9d61160c2 op=order; orderid=5247; pn=upload; 
上传
[2018-05-22 17:21:41] trace  /app/index.php?i=1&uniacid=1&t=undefined&v=1.1&m=ewei_shopv2&from=wxapp&c=entry&a=wxapp&do=main&&state=we7sid-9d07e978fe2414241ee23b94ec7dcf9e&sign=54572ba00daa84725248d8b9d61160c2 op=order; orderid=5248; pn=upload; 
上传
[2018-05-22 17:33:56] trace  /app/index.php?i=1&uniacid=1&t=undefined&v=1.1&m=ewei_shopv2&from=wxapp&c=entry&a=wxapp&do=main&&state=we7sid-99a4a31acbb9333e74e6f0131529afaa&sign=026cf4ff6afe9f7772c6df94a4465ace pn=upload; op=order; orderid=5249; 
上传
[2018-05-22 17:46:09] trace  /app/index.php?i=1&uniacid=1&t=undefined&v=1.1&m=ewei_shopv2&from=wxapp&c=entry&a=wxapp&do=main&&state=we7sid-de002a992dacbc1b49e23930972794a4&sign=24daa7149ba1fdfcd84e14c5af75b2c6 pn=upload; op=order; orderid=5250; 
上传
[2018-05-22 17:53:31] trace  /app/index.php?i=1&uniacid=1&t=undefined&v=1.1&m=ewei_shopv2&from=wxapp&c=entry&a=wxapp&do=main&&state=we7sid-0e7ecce5c9da6ef55c6bbf49543f59f8&sign=4ef060b65e6b43a9418cfb511d7a9536 pn=upload; op=order; orderid=5251; 
上传
[2018-05-22 17:54:35] trace  /app/index.php?i=1&uniacid=1&t=undefined&v=1.1&m=ewei_shopv2&from=wxapp&c=entry&a=wxapp&do=main&&state=we7sid-910aef82a64bf7418d0e0af7a65711ba&sign=7e37189b2b74456b6c8a63dd6491783a pn=upload; op=order; orderid=5252; 
上传
[2018-05-22 17:55:15] trace  /app/index.php?i=1&uniacid=1&t=undefined&v=1.1&m=ewei_shopv2&from=wxapp&c=entry&a=wxapp&do=main&&state=we7sid-910aef82a64bf7418d0e0af7a65711ba&sign=7e37189b2b74456b6c8a63dd6491783a pn=upload; op=order; orderid=5253; 
上传
[2018-05-22 18:10:11] trace  /app/index.php?i=1&uniacid=1&t=undefined&v=1.1&m=ewei_shopv2&from=wxapp&c=entry&a=wxapp&do=main&&state=we7sid-d8425dcb46f32d215e794c03503bce25&sign=4062805e14648a7f0b2298585efdb590 pn=upload; op=order; orderid=5254; 
上传
[2018-05-22 18:42:41] trace  /app/index.php?i=1&uniacid=1&t=undefined&v=1.1&m=ewei_shopv2&from=wxapp&c=entry&a=wxapp&do=main&&state=we7sid-70ae6f26d4cbabe0c50ec3968b29ce21&sign=72171cf99a66c28aca1d811897a6338b pn=upload; op=order; orderid=5255; 
上传
[2018-05-22 18:53:00] trace  /app/index.php?i=1&uniacid=1&t=undefined&v=1.1&m=ewei_shopv2&from=wxapp&c=entry&a=wxapp&do=main&&state=we7sid-56b634aa6664b2b09c6b0df34c5cfea0&sign=97d39e2987ed79754d834b227eda8aeb pn=upload; op=order; orderid=5256; 
上传
[2018-05-22 18:58:36] trace  /app/index.php?i=1&uniacid=1&t=undefined&v=1.1&m=ewei_shopv2&from=wxapp&c=entry&a=wxapp&do=main&&state=we7sid-491d4729bed7f97d2a68bf2381ad19ef&sign=9bdcef8c3f7c93ca176df26deeb9fd82 pn=upload; op=order; orderid=5257; 
上传
[2018-05-22 19:01:13] trace  /app/index.php?i=1&uniacid=1&t=undefined&v=1.1&m=ewei_shopv2&from=wxapp&c=entry&a=wxapp&do=main&&state=we7sid-1763aa05f644e1b37eacfdc04cfa0abd&sign=6c8f91fd215463d5cb2ae8a9bacab9e0 pn=upload; op=order; orderid=5258; 
上传
[2018-05-22 19:07:15] trace  /app/index.php?i=1&uniacid=1&t=undefined&v=1.1&m=ewei_shopv2&from=wxapp&c=entry&a=wxapp&do=main&&state=we7sid-9c0a4e4c15a3d0933cac0d0c55094a6d&sign=7f3a828d60b0650697588d58e1518f6b pn=upload; op=order; orderid=5259; 
上传
[2018-05-22 19:42:47] trace  /app/index.php?i=1&uniacid=1&t=undefined&v=1.1&m=ewei_shopv2&from=wxapp&c=entry&a=wxapp&do=main&&state=we7sid-3cc92b090702a829684c49ff2ec97402&sign=8aff8a17179b5634c24ce3146b41ce82 pn=upload; op=order; orderid=5260; 
上传
[2018-05-22 19:44:37] trace  /app/index.php?i=1&uniacid=1&t=undefined&v=1.1&m=ewei_shopv2&from=wxapp&c=entry&a=wxapp&do=main&&state=we7sid-e22fcc7e8ef058031b4576d3bc502e5a&sign=8f92f72b7118fac143ad5bbca9d8abb1 pn=upload; op=order; orderid=5261; 
上传
[2018-05-22 19:47:49] trace  /app/index.php?i=1&uniacid=1&t=undefined&v=1.1&m=ewei_shopv2&from=wxapp&c=entry&a=wxapp&do=main&&state=we7sid-40faace72db22d035e227793d6a0b989&sign=2546688fdfa00036ac08a3b54a570cbc pn=upload; op=order; orderid=5262; 
上传
[2018-05-22 19:50:36] trace  /app/index.php?i=1&uniacid=1&t=undefined&v=1.1&m=ewei_shopv2&from=wxapp&c=entry&a=wxapp&do=main&&state=we7sid-8a117d4685edc27616a49fbb32210999&sign=6984ba45295ce0dec567f6c2e3c7295f pn=upload; op=order; orderid=5263; 
上传
[2018-05-22 19:53:39] trace  /app/index.php?i=1&uniacid=1&t=undefined&v=1.1&m=ewei_shopv2&from=wxapp&c=entry&a=wxapp&do=main&&state=we7sid-7e46d83bbc7e298092f64f60e4b90d2a&sign=ad0d24c2bcea1fca55ad9a6278f31610 pn=upload; op=order; orderid=5264; 
上传
[2018-05-22 20:05:11] trace  /app/index.php?i=1&uniacid=1&t=undefined&v=1.1&m=ewei_shopv2&from=wxapp&c=entry&a=wxapp&do=main&&state=we7sid-7c7a30bccd057cea9929bdeb5134844d&sign=2248a0fbff5ef60a3b91d6f5c58631d9 pn=upload; op=order; orderid=5265; 
上传
[2018-05-22 20:19:15] trace  /app/index.php?i=1&uniacid=1&t=undefined&v=1.1&m=ewei_shopv2&from=wxapp&c=entry&a=wxapp&do=main&&state=we7sid-62b647819cfd2fdafa582f80665471b2&sign=bbcafee8beff8e802d7cf27aa9c3a861 pn=upload; op=order; orderid=5266; 
上传
[2018-05-22 20:42:57] trace  /app/index.php?i=1&uniacid=1&t=undefined&v=1.1&m=ewei_shopv2&from=wxapp&c=entry&a=wxapp&do=main&&state=we7sid-b9819b75017e8a9c2832f4b369368b97&sign=eecafcebc29df60b5d07b9d1914fc336 pn=upload; op=author; orderid=4775; 
上传
[2018-05-22 20:49:36] trace  /app/index.php?i=1&uniacid=1&t=undefined&v=1.1&m=ewei_shopv2&from=wxapp&c=entry&a=wxapp&do=main&&state=we7sid-2ce96e131d37da0001f5f376a1b4c7d0&sign=c108d83ab6e31b802658508303e21334 pn=upload; op=order; orderid=5267; 
上传
[2018-05-22 20:51:09] trace  /app/index.php?i=1&uniacid=1&t=undefined&v=1.1&m=ewei_shopv2&from=wxapp&c=entry&a=wxapp&do=main&&state=we7sid-b9819b75017e8a9c2832f4b369368b97&sign=eecafcebc29df60b5d07b9d1914fc336 pn=upload; op=author; orderid=4789; 
上传
[2018-05-22 20:57:16] trace  /app/index.php?i=1&uniacid=1&t=undefined&v=1.1&m=ewei_shopv2&from=wxapp&c=entry&a=wxapp&do=main&&state=we7sid-b9819b75017e8a9c2832f4b369368b97&sign=eecafcebc29df60b5d07b9d1914fc336 pn=upload; op=author; orderid=4791; 
上传
[2018-05-22 21:05:36] trace  /app/index.php?i=1&uniacid=1&t=undefined&v=1.1&m=ewei_shopv2&from=wxapp&c=entry&a=wxapp&do=main&&state=we7sid-112c2860573ce83bd2c9f4feeeeae040&sign=2dc333217da3d749774cc468101a7293 pn=upload; op=order; orderid=5268; 
上传
[2018-05-22 21:11:05] trace  /app/index.php?i=1&uniacid=1&t=undefined&v=1.1&m=ewei_shopv2&from=wxapp&c=entry&a=wxapp&do=main&&state=we7sid-b9819b75017e8a9c2832f4b369368b97&sign=eecafcebc29df60b5d07b9d1914fc336 pn=upload; op=author; orderid=4861; 
上传
[2018-05-22 21:19:35] trace  /app/index.php?i=1&uniacid=1&t=undefined&v=1.1&m=ewei_shopv2&from=wxapp&c=entry&a=wxapp&do=main&&state=we7sid-b9819b75017e8a9c2832f4b369368b97&sign=eecafcebc29df60b5d07b9d1914fc336 pn=upload; op=author; orderid=4874; 
上传
[2018-05-22 21:20:04] trace  /app/index.php?i=1&uniacid=1&t=undefined&v=1.1&m=ewei_shopv2&from=wxapp&c=entry&a=wxapp&do=main&&state=we7sid-d872a16dcf8fd4a03c6e8b466ffa8145&sign=15ee46fcb046d71b056954f05a08facc pn=upload; op=order; orderid=5270; 
上传
[2018-05-22 21:28:13] trace  /app/index.php?i=1&uniacid=1&t=undefined&v=1.1&m=ewei_shopv2&from=wxapp&c=entry&a=wxapp&do=main&&state=we7sid-b9819b75017e8a9c2832f4b369368b97&sign=eecafcebc29df60b5d07b9d1914fc336 pn=upload; op=author; orderid=4911; 
上传
[2018-05-22 21:29:37] trace  /app/index.php?i=1&uniacid=1&t=undefined&v=1.1&m=ewei_shopv2&from=wxapp&c=entry&a=wxapp&do=main&&state=we7sid-eda8ec54ee6385b2cfeea0da6d1be1de&sign=d8dd4f737b8a1f8b160afe64a8fa3a05 pn=upload; op=order; orderid=5271; 
上传
[2018-05-22 21:33:01] trace  /app/index.php?i=1&uniacid=1&t=undefined&v=1.1&m=ewei_shopv2&from=wxapp&c=entry&a=wxapp&do=main&&state=we7sid-338bbf460131c93990ad41cd31f2ba69&sign=4c45882d065d6f42ec62b1a80414ee7c pn=upload; op=order; orderid=5272; 
上传
[2018-05-22 21:37:35] trace  /app/index.php?i=1&uniacid=1&t=undefined&v=1.1&m=ewei_shopv2&from=wxapp&c=entry&a=wxapp&do=main&&state=we7sid-b9819b75017e8a9c2832f4b369368b97&sign=eecafcebc29df60b5d07b9d1914fc336 pn=upload; op=author; orderid=4992; 
上传
[2018-05-22 21:42:21] trace  /app/index.php?i=1&uniacid=1&t=undefined&v=1.1&m=ewei_shopv2&from=wxapp&c=entry&a=wxapp&do=main&&state=we7sid-5ab92030e8f6fc04f2cf197986859060&sign=f325093f950ccf61acfc41bfcf940131 op=order; pn=upload; orderid=5273; 
上传
[2018-05-22 21:52:08] trace  /app/index.php?i=1&uniacid=1&t=undefined&v=1.1&m=ewei_shopv2&from=wxapp&c=entry&a=wxapp&do=main&&state=we7sid-b9819b75017e8a9c2832f4b369368b97&sign=eecafcebc29df60b5d07b9d1914fc336 pn=upload; op=author; orderid=5019; 
上传
[2018-05-22 22:01:07] trace  /app/index.php?i=1&uniacid=1&t=undefined&v=1.1&m=ewei_shopv2&from=wxapp&c=entry&a=wxapp&do=main&&state=we7sid-79cac6b73440e094b23b90c222abab07&sign=a9efe511f1a8e549bb2221c6cd11c1a7 pn=upload; op=order; orderid=5274; 
上传
[2018-05-22 22:06:25] trace  /app/index.php?i=1&uniacid=1&t=undefined&v=1.1&m=ewei_shopv2&from=wxapp&c=entry&a=wxapp&do=main&&state=we7sid-b9819b75017e8a9c2832f4b369368b97&sign=eecafcebc29df60b5d07b9d1914fc336 pn=upload; op=author; orderid=5026; 
上传
[2018-05-22 22:09:13] trace  /app/index.php?i=1&uniacid=1&t=undefined&v=1.1&m=ewei_shopv2&from=wxapp&c=entry&a=wxapp&do=main&&state=we7sid-4e847a4011802dc2da8ccf57122233a2&sign=c396ad91bbca1309304900b71415048e op=order; orderid=5275; pn=upload; 
上传
[2018-05-22 22:15:58] trace  /app/index.php?i=1&uniacid=1&t=undefined&v=1.1&m=ewei_shopv2&from=wxapp&c=entry&a=wxapp&do=main&&state=we7sid-b9819b75017e8a9c2832f4b369368b97&sign=eecafcebc29df60b5d07b9d1914fc336 pn=upload; op=author; orderid=5066; 
上传
[2018-05-22 22:22:26] trace  /app/index.php?i=1&uniacid=1&t=undefined&v=1.1&m=ewei_shopv2&from=wxapp&c=entry&a=wxapp&do=main&&state=we7sid-b9819b75017e8a9c2832f4b369368b97&sign=eecafcebc29df60b5d07b9d1914fc336 pn=upload; op=author; orderid=5067; 
上传
[2018-05-22 22:26:00] trace  /app/index.php?i=1&uniacid=1&t=undefined&v=1.1&m=ewei_shopv2&from=wxapp&c=entry&a=wxapp&do=main&&state=we7sid-dc95f62a45688491cdcddbe159ac9fa1&sign=ef701546c22d683d78647f716175d917 pn=upload; op=order; orderid=5276; 
上传
[2018-05-22 22:29:40] trace  /app/index.php?i=1&uniacid=1&t=undefined&v=1.1&m=ewei_shopv2&from=wxapp&c=entry&a=wxapp&do=main&&state=we7sid-b9819b75017e8a9c2832f4b369368b97&sign=eecafcebc29df60b5d07b9d1914fc336 pn=upload; op=author; orderid=5075; 
上传
[2018-05-22 22:36:27] trace  /app/index.php?i=1&uniacid=1&t=undefined&v=1.1&m=ewei_shopv2&from=wxapp&c=entry&a=wxapp&do=main&&state=we7sid-b9819b75017e8a9c2832f4b369368b97&sign=eecafcebc29df60b5d07b9d1914fc336 pn=upload; op=author; orderid=5097; 
上传
[2018-05-22 22:42:30] trace  /app/index.php?i=1&uniacid=1&t=undefined&v=1.1&m=ewei_shopv2&from=wxapp&c=entry&a=wxapp&do=main&&state=we7sid-b9819b75017e8a9c2832f4b369368b97&sign=eecafcebc29df60b5d07b9d1914fc336 pn=upload; op=author; orderid=5109; 
上传
[2018-05-22 22:50:57] trace  /app/index.php?i=1&uniacid=1&t=undefined&v=1.1&m=ewei_shopv2&from=wxapp&c=entry&a=wxapp&do=main&&state=we7sid-b9819b75017e8a9c2832f4b369368b97&sign=eecafcebc29df60b5d07b9d1914fc336 pn=upload; op=author; orderid=5169; 
上传
[2018-05-22 22:57:17] trace  /app/index.php?i=1&uniacid=1&t=undefined&v=1.1&m=ewei_shopv2&from=wxapp&c=entry&a=wxapp&do=main&&state=we7sid-e29ba389339b25c7ba5c265548ff3980&sign=446291f19c7e7648f09c35c299fa1840 pn=upload; op=order; orderid=5277; 
上传
[2018-05-22 23:02:16] trace  /app/index.php?i=1&uniacid=1&t=undefined&v=1.1&m=ewei_shopv2&from=wxapp&c=entry&a=wxapp&do=main&&state=we7sid-b9819b75017e8a9c2832f4b369368b97&sign=eecafcebc29df60b5d07b9d1914fc336 pn=upload; op=author; orderid=5172; 
上传
[2018-05-22 23:09:16] trace  /app/index.php?i=1&uniacid=1&t=undefined&v=1.1&m=ewei_shopv2&from=wxapp&c=entry&a=wxapp&do=main&&state=we7sid-d5b55405895721353b9c29b1c47df67f&sign=2e9c28cd61978266368e7353e46c8756 pn=upload; op=order; orderid=5278; 
上传
[2018-05-22 23:12:23] trace  /app/index.php?i=1&uniacid=1&t=undefined&v=1.1&m=ewei_shopv2&from=wxapp&c=entry&a=wxapp&do=main&&state=we7sid-b9819b75017e8a9c2832f4b369368b97&sign=eecafcebc29df60b5d07b9d1914fc336 pn=upload; op=author; orderid=5173; 
上传
[2018-05-22 23:23:10] trace  /app/index.php?i=1&uniacid=1&t=undefined&v=1.1&m=ewei_shopv2&from=wxapp&c=entry&a=wxapp&do=main&&state=we7sid-b9819b75017e8a9c2832f4b369368b97&sign=eecafcebc29df60b5d07b9d1914fc336 pn=upload; op=author; orderid=5199; 
上传
[2018-05-22 23:49:41] trace  /app/index.php?i=1&uniacid=1&t=undefined&v=1.1&m=ewei_shopv2&from=wxapp&c=entry&a=wxapp&do=main&&state=we7sid-afb6b6f6264ba2a22c36e4817c981d03&sign=257fa5d982fb40039d652f659e238dbf pn=upload; op=order; orderid=5279; 
上传
[2018-05-22 23:53:52] trace  /app/index.php?i=1&uniacid=1&t=undefined&v=1.1&m=ewei_shopv2&from=wxapp&c=entry&a=wxapp&do=main&&state=we7sid-6089142630e0eef7ba6f55d8756b6e92&sign=f2a351a7bc5b78c2695fba666bd79406 pn=upload; op=order; orderid=5280; 
上传
[2018-05-22 23:57:41] trace  /app/index.php?i=1&uniacid=1&t=undefined&v=1.1&m=ewei_shopv2&from=wxapp&c=entry&a=wxapp&do=main&&state=we7sid-080ff3f87a0f62fc40617f7ead3b9a43&sign=8f5be8ad509b181fb5ec57fc8e0b4d91 pn=upload; op=order; orderid=5281; 
上传
