[2018-08-14 00:04:40] trace  /app/index.php?i=1&uniacid=1&t=undefined&v=1.3&m=ewei_shopv2&from=wxapp&c=entry&a=wxapp&do=main&&state=we7sid-d462f74b9fc731a07700f03dd65e37e8&sign=7ba45882c7ff3677e996adee4e858a60 pn=upload; op=order; orderid=14516; 
上传
[2018-08-14 00:39:34] trace  /app/index.php?i=1&uniacid=1&t=undefined&v=1.3&m=ewei_shopv2&from=wxapp&c=entry&a=wxapp&do=main&&state=we7sid-cb6530d1110f6a416400a4bba98a2292&sign=b33705a699be255d305f108e8e5dcfc8 pn=upload; op=order; orderid=14517; 
上传
[2018-08-14 00:40:56] trace  /app/index.php?i=1&uniacid=1&t=undefined&v=1.3&m=ewei_shopv2&from=wxapp&c=entry&a=wxapp&do=main&&state=we7sid-cb6530d1110f6a416400a4bba98a2292&sign=b33705a699be255d305f108e8e5dcfc8 pn=upload; op=order; orderid=14518; 
上传
[2018-08-14 01:46:56] trace  /app/index.php?i=1&uniacid=1&t=undefined&v=1.3&m=ewei_shopv2&from=wxapp&c=entry&a=wxapp&do=main&&state=we7sid-6d5f188dd13adce44d68c8d387d8e82e&sign=37387c7bd87ab201f8911740cdbc10d4 op=order; orderid=14519; pn=upload; 
上传
[2018-08-14 01:52:27] trace  /app/index.php?i=1&uniacid=1&t=undefined&v=1.3&m=ewei_shopv2&from=wxapp&c=entry&a=wxapp&do=main&&state=we7sid-ae2a13a0573ef727e01fbc4ec184c0cd&sign=e66e3f047e894e03f46afd73df313b0d pn=upload; op=order; orderid=14520; 
上传
[2018-08-14 03:16:07] trace  /app/index.php?i=1&uniacid=1&t=undefined&v=1.3&m=ewei_shopv2&from=wxapp&c=entry&a=wxapp&do=main&&state=we7sid-1874eca1b3ec432cd8e3c4375a1dc9b9&sign=460df6e0527427c652cfa662f01aa4ab op=order; orderid=14521; pn=upload; 
上传
[2018-08-14 04:00:29] trace  /app/index.php?i=1&uniacid=1&t=undefined&v=1.3&m=ewei_shopv2&from=wxapp&c=entry&a=wxapp&do=main&&state=we7sid-28e61588de6038cb1a1b81b40a3f44db&sign=e664b0c35d2a6a1f4f34e890952cd863 op=order; orderid=14522; pn=upload; 
上传
[2018-08-14 04:09:02] trace  /app/index.php?i=1&uniacid=1&t=undefined&v=1.3&m=ewei_shopv2&from=wxapp&c=entry&a=wxapp&do=main&&state=we7sid-5b45ee076cf1841ff4cc06ed5aff7d82&sign=2016519704e47dd3d6679472e6a285a0 pn=upload; op=order; orderid=14523; 
上传
[2018-08-14 04:41:51] trace  /app/index.php?i=1&uniacid=1&t=undefined&v=1.3&m=ewei_shopv2&from=wxapp&c=entry&a=wxapp&do=main&&state=we7sid-ebdd905fdb6a62962e1d7b6dc7349254&sign=44be09a08c7b8a7bc41df73fe548b775 pn=upload; op=order; orderid=14524; 
上传
[2018-08-14 05:28:29] trace  /app/index.php?i=1&uniacid=1&t=undefined&v=1.3&m=ewei_shopv2&from=wxapp&c=entry&a=wxapp&do=main&&state=we7sid-7177b878736054995d537cc9dfd1dd06&sign=e5dbbcb5ea436522beacf79551d3be9f pn=upload; op=order; orderid=14525; 
上传
[2018-08-14 05:51:50] trace  /app/index.php?i=1&uniacid=1&t=undefined&v=1.3&m=ewei_shopv2&from=wxapp&c=entry&a=wxapp&do=main&&state=we7sid-7b5ec6baafa93f78e5bd4811b44e22c4&sign=a22ce06800d6cd6ecb5243b92539ae43 pn=upload; op=order; orderid=14526; 
上传
[2018-08-14 08:09:39] trace  /app/index.php?i=1&uniacid=1&t=undefined&v=1.3&m=ewei_shopv2&from=wxapp&c=entry&a=wxapp&do=main&&state=we7sid-262e8cc4dfb3cb9f8b8a58f45099e542&sign=84ffe1e5e1e6c4c2dda9f89a396c79e7 pn=upload; op=order; orderid=14527; 
上传
[2018-08-14 08:17:22] trace  /app/index.php?i=1&uniacid=1&t=undefined&v=1.3&m=ewei_shopv2&from=wxapp&c=entry&a=wxapp&do=main&&state=we7sid-8a9743a4bbb70971b8697631aa277af4&sign=cb882aca82717fdb0cd5b593da3d1aad pn=upload; op=order; orderid=14528; 
上传
[2018-08-14 08:49:59] trace  /app/index.php?i=1&uniacid=1&t=undefined&v=1.3&m=ewei_shopv2&from=wxapp&c=entry&a=wxapp&do=main&&state=we7sid-9099433635855af2b05bfb598bcc84c8&sign=c1affb13d34686f393c219377f5527c3 op=order; orderid=14529; pn=upload; 
上传
[2018-08-14 08:51:16] trace  /app/index.php?i=1&uniacid=1&t=undefined&v=1.3&m=ewei_shopv2&from=wxapp&c=entry&a=wxapp&do=main&&state=we7sid-87c75214bab8864250668671aa6bce43&sign=696c9a79c8be10a96122920925f08a42 pn=upload; op=order; orderid=14530; 
上传
[2018-08-14 09:04:19] trace  /app/index.php?i=1&uniacid=1&t=undefined&v=1.3&m=ewei_shopv2&from=wxapp&c=entry&a=wxapp&do=main&&state=we7sid-e8f60d82346e60e89b41b8dbad0ca281&sign=8fa243ed08bb68b5d8df88ffbae71ede pn=upload; op=order; orderid=14531; 
上传
[2018-08-14 09:06:14] trace  /app/index.php?i=1&uniacid=1&t=undefined&v=1.3&m=ewei_shopv2&from=wxapp&c=entry&a=wxapp&do=main&&state=we7sid-39ac05796bdacf38e70b6783057e0b54&sign=beceec090a67b03a8623f0c8435c248a op=order; pn=upload; orderid=14532; 
上传
[2018-08-14 09:34:40] trace  /app/index.php?i=1&uniacid=1&t=undefined&v=1.3&m=ewei_shopv2&from=wxapp&c=entry&a=wxapp&do=main&&state=we7sid-2c82b4c620c5c83a81b89a612dec4176&sign=7e7aa239f48764fbde8f058fabcbff31 pn=upload; op=order; orderid=14533; 
上传
[2018-08-14 09:37:17] trace  /app/index.php?i=1&uniacid=1&t=undefined&v=1.3&m=ewei_shopv2&from=wxapp&c=entry&a=wxapp&do=main&&state=we7sid-cdd3b240c5f0e7d1c2f1cbf3b9735cac&sign=dc259ddc72a050d415365d8c43607570 pn=upload; op=order; orderid=14534; 
上传
[2018-08-14 09:39:53] trace  /app/index.php?i=1&uniacid=1&t=undefined&v=1.3&m=ewei_shopv2&from=wxapp&c=entry&a=wxapp&do=main&&state=we7sid-27941a7fcd48be7e62f6a9e4fc71056d&sign=e8955abcd12b84ec497af367ca3dd0ed pn=upload; op=order; orderid=14535; 
上传
[2018-08-14 10:05:04] trace  /app/index.php?i=1&uniacid=1&t=undefined&v=1.3&m=ewei_shopv2&from=wxapp&c=entry&a=wxapp&do=main&&state=we7sid-ed290188c07c8c8747841708471af57b&sign=0da0fb44a173b8643a309f46ccddf6c8 pn=upload; op=order; orderid=14536; 
上传
[2018-08-14 10:10:37] trace  /app/index.php?i=1&uniacid=1&t=undefined&v=1.3&m=ewei_shopv2&from=wxapp&c=entry&a=wxapp&do=main&&state=we7sid-1f5e3e8d1619b94838009dafe605346f&sign=53182f9ecf83c4ec4874512c51468ec9 pn=upload; op=order; orderid=14537; 
上传
[2018-08-14 10:12:55] trace  /app/index.php?i=1&uniacid=1&t=undefined&v=1.3&m=ewei_shopv2&from=wxapp&c=entry&a=wxapp&do=main&&state=we7sid-cdd3b240c5f0e7d1c2f1cbf3b9735cac&sign=dc259ddc72a050d415365d8c43607570 pn=upload; op=order; orderid=14538; 
上传
[2018-08-14 10:14:44] trace  /app/index.php?i=1&uniacid=1&t=undefined&v=1.3&m=ewei_shopv2&from=wxapp&c=entry&a=wxapp&do=main&&state=we7sid-1f5e3e8d1619b94838009dafe605346f&sign=53182f9ecf83c4ec4874512c51468ec9 pn=upload; op=order; orderid=14539; 
上传
[2018-08-14 10:14:53] trace  /app/index.php?i=1&uniacid=1&t=undefined&v=1.3&m=ewei_shopv2&from=wxapp&c=entry&a=wxapp&do=main&&state=we7sid-dcaeddf006d2c61b6d91174fb5e68a61&sign=0df0b78660b10b9b6090282016879f99 pn=upload; op=order; orderid=14540; 
上传
[2018-08-14 10:15:59] trace  /app/index.php?i=1&uniacid=1&t=undefined&v=1.3&m=ewei_shopv2&from=wxapp&c=entry&a=wxapp&do=main&&state=we7sid-1f5e3e8d1619b94838009dafe605346f&sign=53182f9ecf83c4ec4874512c51468ec9 pn=upload; op=order; orderid=14541; 
上传
[2018-08-14 10:20:12] trace  /app/index.php?i=1&uniacid=1&t=undefined&v=1.3&m=ewei_shopv2&from=wxapp&c=entry&a=wxapp&do=main&&state=we7sid-c532f10afc857db799f3602caf936214&sign=10b786142b52f2d5260501db3c3ea436 pn=upload; op=order; orderid=14542; 
上传
[2018-08-14 10:48:54] trace  /app/index.php?i=1&uniacid=1&t=undefined&v=1.3&m=ewei_shopv2&from=wxapp&c=entry&a=wxapp&do=main&&state=we7sid-461e403cbbb75f6947db167003d6441c&sign=01d23820ee57a415906aa0bf62539eb7 pn=upload; op=order; orderid=14543; 
上传
[2018-08-14 10:57:27] trace  /app/index.php?i=1&uniacid=1&t=undefined&v=1.3&m=ewei_shopv2&from=wxapp&c=entry&a=wxapp&do=main&&state=we7sid-fc420055f88b33ffb6f74a65ceb7f236&sign=aa2d10466bd5a68de8e0373f2aa03ff8 pn=upload; op=order; orderid=14544; 
上传
[2018-08-14 10:58:50] trace  /app/index.php?i=1&uniacid=1&t=undefined&v=1.3&m=ewei_shopv2&from=wxapp&c=entry&a=wxapp&do=main&&state=we7sid-e5cf549c7bd1f231557f8e6a584d70cf&sign=5e2c4fa11979bb452fdf0c985c6227b3 pn=upload; op=order; orderid=14545; 
上传
[2018-08-14 11:07:36] trace  /app/index.php?i=1&uniacid=1&t=undefined&v=1.3&m=ewei_shopv2&from=wxapp&c=entry&a=wxapp&do=main&&state=we7sid-8c4aabbe959e5cee1d2a5e9995c437c4&sign=c949aae7c76455017b8150cde298d4cf pn=upload; op=order; orderid=14546; 
上传
[2018-08-14 11:09:10] trace  /app/index.php?i=1&uniacid=1&t=undefined&v=1.3&m=ewei_shopv2&from=wxapp&c=entry&a=wxapp&do=main&&state=we7sid-06d2a4e14cca0fa33dcd40e6fee81fa2&sign=76e85a72a0907784d6b4177f9ab4fc7f pn=upload; op=order; orderid=14547; 
上传
[2018-08-14 11:13:34] trace  /app/index.php?i=1&uniacid=1&t=undefined&v=1.3&m=ewei_shopv2&from=wxapp&c=entry&a=wxapp&do=main&&state=we7sid-48c802f13de81c6e397822a478ba2ad6&sign=a0188a049db09d03046a620ba90350b9 pn=upload; op=order; orderid=14548; 
上传
[2018-08-14 11:20:02] trace  /app/index.php?i=1&uniacid=1&t=undefined&v=1.3&m=ewei_shopv2&from=wxapp&c=entry&a=wxapp&do=main&&state=we7sid-07012b68a8fb623279d7f07619e7ecfd&sign=5612ee58d7ce8d0822163029e9c87e22 pn=upload; op=order; orderid=14549; 
上传
[2018-08-14 11:23:45] trace  /app/index.php?i=1&uniacid=1&t=undefined&v=1.3&m=ewei_shopv2&from=wxapp&c=entry&a=wxapp&do=main&&state=we7sid-379c38ed41f8e9039545e632467893d6&sign=e4ced7255865eea4e5fd5cfb88d758a3 pn=upload; op=order; orderid=14550; 
上传
[2018-08-14 11:29:33] trace  /app/index.php?i=1&uniacid=1&t=undefined&v=1.3&m=ewei_shopv2&from=wxapp&c=entry&a=wxapp&do=main&&state=we7sid-90c774531a21445c11c934c5d3245d72&sign=74a2742fec69eda46a79c03cd510f6a8 pn=upload; op=order; orderid=14551; 
上传
[2018-08-14 11:30:30] trace  /app/index.php?i=1&uniacid=1&t=undefined&v=1.3&m=ewei_shopv2&from=wxapp&c=entry&a=wxapp&do=main&&state=we7sid-90c774531a21445c11c934c5d3245d72&sign=74a2742fec69eda46a79c03cd510f6a8 pn=upload; op=order; orderid=14552; 
上传
[2018-08-14 11:31:49] trace  /app/index.php?i=1&uniacid=1&t=undefined&v=1.3&m=ewei_shopv2&from=wxapp&c=entry&a=wxapp&do=main&&state=we7sid-d2038d8f67b496c82442a66e88bbb578&sign=0b9636a747e3212aa2549ec56cf2f938 pn=upload; op=order; orderid=14553; 
上传
[2018-08-14 11:37:36] trace  /app/index.php?i=1&uniacid=1&t=undefined&v=1.3&m=ewei_shopv2&from=wxapp&c=entry&a=wxapp&do=main&&state=we7sid-46f384e80b0855a1d5bc80df895c48dc&sign=bf963c832ee54d55a59bc1ae54ef3107 pn=upload; op=order; orderid=14554; 
上传
[2018-08-14 11:38:35] trace  /app/index.php?i=1&uniacid=1&t=undefined&v=1.3&m=ewei_shopv2&from=wxapp&c=entry&a=wxapp&do=main&&state=we7sid-46f384e80b0855a1d5bc80df895c48dc&sign=bf963c832ee54d55a59bc1ae54ef3107 pn=upload; op=order; orderid=14555; 
上传
[2018-08-14 11:47:41] trace  /app/index.php?i=1&uniacid=1&t=undefined&v=1.3&m=ewei_shopv2&from=wxapp&c=entry&a=wxapp&do=main&&state=we7sid-ee8a48045f2083077b88e22ac185d529&sign=2a37a00071a385c3a36c25aa32526d31 pn=upload; op=order; orderid=14556; 
上传
[2018-08-14 11:48:43] trace  /app/index.php?i=1&uniacid=1&t=undefined&v=1.3&m=ewei_shopv2&from=wxapp&c=entry&a=wxapp&do=main&&state=we7sid-644797c65d325ff752b2c931a6c0a67e&sign=c9b9957ad2d24e5dd500a9492723217d pn=upload; op=order; orderid=14557; 
上传
[2018-08-14 11:49:20] trace  /app/index.php?i=1&uniacid=1&t=undefined&v=1.3&m=ewei_shopv2&from=wxapp&c=entry&a=wxapp&do=main&&state=we7sid-644797c65d325ff752b2c931a6c0a67e&sign=c9b9957ad2d24e5dd500a9492723217d pn=upload; op=order; orderid=14558; 
上传
[2018-08-14 11:57:11] trace  /app/index.php?i=1&uniacid=1&t=undefined&v=1.3&m=ewei_shopv2&from=wxapp&c=entry&a=wxapp&do=main&&state=we7sid-531fe108b0fdc79856b2891dce03ad68&sign=e6c28e9db8917168fa92c02cb37ee831 pn=upload; op=order; orderid=14560; 
上传
[2018-08-14 11:58:02] trace  /app/index.php?i=1&uniacid=1&t=undefined&v=1.3&m=ewei_shopv2&from=wxapp&c=entry&a=wxapp&do=main&&state=we7sid-531fe108b0fdc79856b2891dce03ad68&sign=e6c28e9db8917168fa92c02cb37ee831 pn=upload; op=order; orderid=14561; 
上传
[2018-08-14 12:03:30] trace  /app/index.php?i=1&uniacid=1&t=undefined&v=1.3&m=ewei_shopv2&from=wxapp&c=entry&a=wxapp&do=main&&state=we7sid-531fe108b0fdc79856b2891dce03ad68&sign=e6c28e9db8917168fa92c02cb37ee831 pn=upload; op=order; orderid=14562; 
上传
[2018-08-14 12:03:30] trace  /app/index.php?i=1&uniacid=1&t=undefined&v=1.3&m=ewei_shopv2&from=wxapp&c=entry&a=wxapp&do=main&&state=we7sid-531fe108b0fdc79856b2891dce03ad68&sign=e6c28e9db8917168fa92c02cb37ee831 pn=upload; op=order; orderid=14562; 
上传
[2018-08-14 12:05:29] trace  /app/index.php?i=1&uniacid=1&t=undefined&v=1.3&m=ewei_shopv2&from=wxapp&c=entry&a=wxapp&do=main&&state=we7sid-531fe108b0fdc79856b2891dce03ad68&sign=e6c28e9db8917168fa92c02cb37ee831 pn=upload; op=order; orderid=14563; 
上传
[2018-08-14 12:05:30] trace  /app/index.php?i=1&uniacid=1&t=undefined&v=1.3&m=ewei_shopv2&from=wxapp&c=entry&a=wxapp&do=main&&state=we7sid-531fe108b0fdc79856b2891dce03ad68&sign=e6c28e9db8917168fa92c02cb37ee831 pn=upload; op=order; orderid=14563; 
上传
[2018-08-14 12:06:08] trace  /app/index.php?i=1&uniacid=1&t=undefined&v=1.3&m=ewei_shopv2&from=wxapp&c=entry&a=wxapp&do=main&&state=we7sid-7ae73ceb1c5ad9ccfddc1d3564aa5f3f&sign=07034d6750264d2bc227c31064a78f92 pn=upload; op=order; orderid=14564; 
上传
[2018-08-14 12:11:59] trace  /app/index.php?i=1&uniacid=1&t=undefined&v=1.3&m=ewei_shopv2&from=wxapp&c=entry&a=wxapp&do=main&&state=we7sid-644797c65d325ff752b2c931a6c0a67e&sign=c9b9957ad2d24e5dd500a9492723217d pn=upload; op=order; orderid=14565; 
上传
[2018-08-14 12:12:00] trace  /app/index.php?i=1&uniacid=1&t=undefined&v=1.3&m=ewei_shopv2&from=wxapp&c=entry&a=wxapp&do=main&&state=we7sid-644797c65d325ff752b2c931a6c0a67e&sign=c9b9957ad2d24e5dd500a9492723217d pn=upload; op=order; orderid=14565; 
上传
[2018-08-14 12:12:02] trace  /app/index.php?i=1&uniacid=1&t=undefined&v=1.3&m=ewei_shopv2&from=wxapp&c=entry&a=wxapp&do=main&&state=we7sid-644797c65d325ff752b2c931a6c0a67e&sign=c9b9957ad2d24e5dd500a9492723217d pn=upload; op=order; orderid=14565; 
上传
[2018-08-14 12:15:08] trace  /app/index.php?i=1&uniacid=1&t=undefined&v=1.3&m=ewei_shopv2&from=wxapp&c=entry&a=wxapp&do=main&&state=we7sid-b04dca96fa182339795acef23fedbac4&sign=5d40fec5c638b72250eb2c0a8121b70f pn=upload; op=order; orderid=14566; 
上传
[2018-08-14 12:22:07] trace  /app/index.php?i=1&uniacid=1&t=undefined&v=1.3&m=ewei_shopv2&from=wxapp&c=entry&a=wxapp&do=main&&state=we7sid-306224d813542e7396cfbcb22d8bf8a8&sign=3494954c2d1806f57098248d6ecb299c pn=upload; op=order; orderid=14567; 
上传
[2018-08-14 12:22:26] trace  /app/index.php?i=1&uniacid=1&t=undefined&v=1.3&m=ewei_shopv2&from=wxapp&c=entry&a=wxapp&do=main&&state=we7sid-a503a9f1b8573e4d0a88fc446925665d&sign=39baa1874e03490a26906dfe30ceb864 op=order; pn=upload; orderid=14568; 
上传
[2018-08-14 12:33:17] trace  /app/index.php?i=1&uniacid=1&t=undefined&v=1.3&m=ewei_shopv2&from=wxapp&c=entry&a=wxapp&do=main&&state=we7sid-174aed089d7bcfc0006844ed49b93ca9&sign=be9d32a8840ef62309e5ab06ec9f72b2 pn=upload; op=order; orderid=14569; 
上传
[2018-08-14 12:34:13] trace  /app/index.php?i=1&uniacid=1&t=undefined&v=1.3&m=ewei_shopv2&from=wxapp&c=entry&a=wxapp&do=main&&state=we7sid-492ab0b026a961d10a8e096852828938&sign=33125a95bc54cabccf701a90179cb4d9 pn=upload; op=order; orderid=14570; 
上传
[2018-08-14 12:36:27] trace  /app/index.php?i=1&uniacid=1&t=undefined&v=1.3&m=ewei_shopv2&from=wxapp&c=entry&a=wxapp&do=main&&state=we7sid-70e337d3fa2f5289482f2f162957fd26&sign=e6e9881b1038574879725b266aa6b8aa pn=upload; op=order; orderid=14571; 
上传
[2018-08-14 12:55:49] trace  /app/index.php?i=1&uniacid=1&t=undefined&v=1.3&m=ewei_shopv2&from=wxapp&c=entry&a=wxapp&do=main&&state=we7sid-a000afea2b955500a1ed8329f07f2321&sign=48e4f9aac51bdf9584e58b315386c318 pn=upload; op=order; orderid=14572; 
上传
[2018-08-14 13:07:20] trace  /app/index.php?i=1&uniacid=1&t=undefined&v=1.3&m=ewei_shopv2&from=wxapp&c=entry&a=wxapp&do=main&&state=we7sid-1f2005ca18b4a13831f7bb806cde8019&sign=b34927abe0ff7bb38a62f6217d29b5ea op=order; pn=upload; orderid=14573; 
上传
[2018-08-14 13:23:38] trace  /app/index.php?i=1&uniacid=1&t=undefined&v=1.3&m=ewei_shopv2&from=wxapp&c=entry&a=wxapp&do=main&&state=we7sid-445b02e6f1c2fa02ad797677b6a05268&sign=90c4482444a147544a4bc88ac6e89df7 op=order; orderid=14574; pn=upload; 
上传
[2018-08-14 13:38:23] trace  /app/index.php?i=1&uniacid=1&t=undefined&v=1.3&m=ewei_shopv2&from=wxapp&c=entry&a=wxapp&do=main&&state=we7sid-99f20f9779170c9fd07d8845336867f5&sign=91701dd7a81a68cc4f44e44c90a7bb6d pn=upload; op=order; orderid=14575; 
上传
[2018-08-14 13:42:44] trace  /app/index.php?i=1&uniacid=1&t=undefined&v=1.3&m=ewei_shopv2&from=wxapp&c=entry&a=wxapp&do=main&&state=we7sid-f0266790d8a149204c88db20cf2aa44a&sign=f8a53fb79d53fd0f71b71e6a94169149 pn=upload; op=order; orderid=14576; 
上传
[2018-08-14 14:00:21] trace  /app/index.php?i=1&uniacid=1&t=undefined&v=1.3&m=ewei_shopv2&from=wxapp&c=entry&a=wxapp&do=main&&state=we7sid-867098a165003bcba23e6c7b0a4d3d8d&sign=36c0ac6a1f74611ec929239aaa057593 op=order; orderid=14577; pn=upload; 
上传
[2018-08-14 14:07:54] trace  /app/index.php?i=1&uniacid=1&t=undefined&v=1.3&m=ewei_shopv2&from=wxapp&c=entry&a=wxapp&do=main&&state=we7sid-71dca3d600e653096faffbd890adb301&sign=b5b85f4bc54abc5ea04ac01a2fea68dc pn=upload; op=order; orderid=14578; 
上传
[2018-08-14 14:15:35] trace  /app/index.php?i=1&uniacid=1&t=undefined&v=1.3&m=ewei_shopv2&from=wxapp&c=entry&a=wxapp&do=main&&state=we7sid-2e0c80c2a22b36bc988404b5516b27e9&sign=2db1beda61713f25db15ea32ff0960cc pn=upload; op=order; orderid=14579; 
上传
[2018-08-14 14:28:52] trace  /app/index.php?i=1&uniacid=1&t=undefined&v=1.3&m=ewei_shopv2&from=wxapp&c=entry&a=wxapp&do=main&&state=we7sid-9cbc5d20b1163cfef404fbbee5a7617f&sign=929ba569a4dd568c4cb936d836fdb120 pn=upload; op=order; orderid=14580; 
上传
[2018-08-14 14:35:22] trace  /app/index.php?i=1&uniacid=1&t=undefined&v=1.3&m=ewei_shopv2&from=wxapp&c=entry&a=wxapp&do=main&&state=we7sid-5187a6b736df5d543ac9ec0d98d38c7d&sign=114cabaa5521566c109d51c93533ef65 pn=upload; op=order; orderid=14581; 
上传
[2018-08-14 14:48:33] trace  /app/index.php?i=1&uniacid=1&t=undefined&v=1.3&m=ewei_shopv2&from=wxapp&c=entry&a=wxapp&do=main&&state=we7sid-ab9a1fb3f2addfb036f06d3e9e09d1ac&sign=3bb83b2c07bca68fc2cd926916fb619a pn=upload; op=order; orderid=14582; 
上传
[2018-08-14 14:54:47] trace  /app/index.php?i=1&uniacid=1&t=undefined&v=1.3&m=ewei_shopv2&from=wxapp&c=entry&a=wxapp&do=main&&state=we7sid-b93395f75b71511f284c304bf54bced5&sign=a13bf78100a99d3058edf7f6e1ab18fd pn=upload; op=order; orderid=14583; 
上传
[2018-08-14 14:59:20] trace  /app/index.php?i=1&uniacid=1&t=undefined&v=1.3&m=ewei_shopv2&from=wxapp&c=entry&a=wxapp&do=main&&state=we7sid-40ed2d4231a360795053db9445a0b9dd&sign=0951bace748552de3d47197e259b7bf4 pn=upload; op=order; orderid=14584; 
上传
[2018-08-14 15:24:18] trace  /app/index.php?i=1&uniacid=1&t=undefined&v=1.3&m=ewei_shopv2&from=wxapp&c=entry&a=wxapp&do=main&&state=we7sid-42b17bf84fe8cc8c4e2b6a3c346f385f&sign=a5ac6040e5ffeb6f6fd4b5e150b5a2d9 pn=upload; op=order; orderid=14585; 
上传
[2018-08-14 15:56:08] trace  /app/index.php?i=1&uniacid=1&t=undefined&v=1.3&m=ewei_shopv2&from=wxapp&c=entry&a=wxapp&do=main&&state=we7sid-fb9c00fcb1f8c1f84385eeae0bbb0a3e&sign=b0580adefcb3abb3a6b286c2387dc42c pn=upload; op=order; orderid=14586; 
上传
[2018-08-14 16:14:32] trace  /app/index.php?i=1&uniacid=1&t=undefined&v=1.3&m=ewei_shopv2&from=wxapp&c=entry&a=wxapp&do=main&&state=we7sid-3a6eb309daf9fb1854ce709715c4b014&sign=dfe24ccc1e8694e44f2f2e5d033840dd pn=upload; op=order; orderid=14587; 
上传
[2018-08-14 16:15:33] trace  /app/index.php?i=1&uniacid=1&t=undefined&v=1.3&m=ewei_shopv2&from=wxapp&c=entry&a=wxapp&do=main&&state=we7sid-c5a89e181eedbcda3d65c22e90e7d40b&sign=49752628c32348b6e4c9f9ae0827a62f pn=upload; op=order; orderid=14588; 
上传
[2018-08-14 16:35:00] trace  /app/index.php?i=1&uniacid=1&t=undefined&v=1.3&m=ewei_shopv2&from=wxapp&c=entry&a=wxapp&do=main&&state=we7sid-db49b7f17a28972beae3be98dee7399f&sign=9cb5a9ff918544e9073adccb28694f8b pn=upload; op=order; orderid=14589; 
上传
[2018-08-14 16:35:14] trace  /app/index.php?i=1&uniacid=1&t=undefined&v=1.3&m=ewei_shopv2&from=wxapp&c=entry&a=wxapp&do=main&&state=we7sid-db49b7f17a28972beae3be98dee7399f&sign=9cb5a9ff918544e9073adccb28694f8b pn=upload; op=order; orderid=14590; 
上传
[2018-08-14 16:35:15] trace  /app/index.php?i=1&uniacid=1&t=undefined&v=1.3&m=ewei_shopv2&from=wxapp&c=entry&a=wxapp&do=main&&state=we7sid-66b059c03370f43667fe35fdf83c1d54&sign=1a07c1b4a4f04733028ca15a3484b144 pn=upload; op=order; orderid=14591; 
上传
[2018-08-14 16:37:37] trace  /app/index.php?i=1&uniacid=1&t=undefined&v=1.3&m=ewei_shopv2&from=wxapp&c=entry&a=wxapp&do=main&&state=we7sid-617933ea5357334ac84d5697c410931d&sign=3422f4732de8892e8e2388fde67e600e pn=upload; op=order; orderid=14592; 
上传
[2018-08-14 16:38:36] trace  /app/index.php?i=1&uniacid=1&t=undefined&v=1.3&m=ewei_shopv2&from=wxapp&c=entry&a=wxapp&do=main&&state=we7sid-617933ea5357334ac84d5697c410931d&sign=3422f4732de8892e8e2388fde67e600e pn=upload; op=order; orderid=14593; 
上传
[2018-08-14 16:42:34] trace  /app/index.php?i=1&uniacid=1&t=undefined&v=1.3&m=ewei_shopv2&from=wxapp&c=entry&a=wxapp&do=main&&state=we7sid-8023904299795fa6534370a86d134938&sign=19d80f4de515919e4cacbe7e9e5d0cf5 pn=upload; op=order; orderid=14594; 
上传
[2018-08-14 16:43:26] trace  /app/index.php?i=1&uniacid=1&t=undefined&v=1.3&m=ewei_shopv2&from=wxapp&c=entry&a=wxapp&do=main&&state=we7sid-8023904299795fa6534370a86d134938&sign=19d80f4de515919e4cacbe7e9e5d0cf5 pn=upload; op=order; orderid=14595; 
上传
[2018-08-14 16:51:47] trace  /app/index.php?i=1&uniacid=1&t=undefined&v=1.3&m=ewei_shopv2&from=wxapp&c=entry&a=wxapp&do=main&&state=we7sid-04f263fa7d11a8c8d5b739e08113832c&sign=ec3c0985a417bc19541c9353db0d23cc pn=upload; op=order; orderid=14596; 
上传
[2018-08-14 17:03:59] trace  /app/index.php?i=1&uniacid=1&t=undefined&v=1.3&m=ewei_shopv2&from=wxapp&c=entry&a=wxapp&do=main&&state=we7sid-7a7f9d12ba9e127228533d5b80fd2dc7&sign=204541c43d212ea805f26f2e3136f31e pn=upload; op=order; orderid=14597; 
上传
[2018-08-14 17:05:21] trace  /app/index.php?i=1&uniacid=1&t=undefined&v=1.3&m=ewei_shopv2&from=wxapp&c=entry&a=wxapp&do=main&&state=we7sid-21dbaa61d0e427dd655f046216c92a01&sign=7eb1bf27925cc790c3ed194128c4f302 pn=upload; op=order; orderid=14598; 
上传
[2018-08-14 17:21:22] trace  /app/index.php?i=1&uniacid=1&t=undefined&v=1.3&m=ewei_shopv2&from=wxapp&c=entry&a=wxapp&do=main&&state=we7sid-0818211b4da63c7cf073c6e576d51225&sign=2476a29630ead9762e373973ed236e9e pn=upload; op=order; orderid=14599; 
上传
[2018-08-14 17:29:47] trace  /app/index.php?i=1&uniacid=1&t=undefined&v=1.3&m=ewei_shopv2&from=wxapp&c=entry&a=wxapp&do=main&&state=we7sid-6037324846fbce731a25d8fff6471b65&sign=39ffd8a41e1b407e6cd1528f4c97da4e op=order; orderid=14600; pn=upload; 
上传
[2018-08-14 17:45:37] trace  /app/index.php?i=1&uniacid=1&t=undefined&v=1.3&m=ewei_shopv2&from=wxapp&c=entry&a=wxapp&do=main&&state=we7sid-6037324846fbce731a25d8fff6471b65&sign=39ffd8a41e1b407e6cd1528f4c97da4e op=order; orderid=14601; pn=upload; 
上传
[2018-08-14 17:45:42] trace  /app/index.php?i=1&uniacid=1&t=undefined&v=1.3&m=ewei_shopv2&from=wxapp&c=entry&a=wxapp&do=main&&state=we7sid-1c863e6909de1ac01e7fd8e4d9ab8629&sign=4ed6ab3c43a57d4072f8bf534d13bb4d op=order; orderid=14602; pn=upload; 
上传
[2018-08-14 17:52:54] trace  /app/index.php?i=1&uniacid=1&t=undefined&v=1.3&m=ewei_shopv2&from=wxapp&c=entry&a=wxapp&do=main&&state=we7sid-6c2f4eac94146291c61235d88aa84dca&sign=05f73a6e6d715af130c95548d1b97b51 pn=upload; op=order; orderid=14603; 
上传
[2018-08-14 18:06:24] trace  /app/index.php?i=1&uniacid=1&t=undefined&v=1.3&m=ewei_shopv2&from=wxapp&c=entry&a=wxapp&do=main&&state=we7sid-c880ffb740d37fd484c50f17f1dd0092&sign=6052168f493f5d44a42c575f89ea4ecc pn=upload; op=order; orderid=14604; 
上传
[2018-08-14 18:12:16] trace  /app/index.php?i=1&uniacid=1&t=undefined&v=1.3&m=ewei_shopv2&from=wxapp&c=entry&a=wxapp&do=main&&state=we7sid-786e44bcb0acdfda6a0ef922ecb700ca&sign=6ed332f5668469618b68ea53106532a8 pn=upload; op=order; orderid=14605; 
上传
[2018-08-14 18:36:18] trace  /app/index.php?i=1&uniacid=1&t=undefined&v=1.3&m=ewei_shopv2&from=wxapp&c=entry&a=wxapp&do=main&&state=we7sid-dc248c94ebd919d46babb8aa08acbec4&sign=3d8f74cd2c2e200f6004b3b6389c52b6 pn=upload; op=order; orderid=14606; 
上传
[2018-08-14 18:40:47] trace  /app/index.php?i=1&uniacid=1&t=undefined&v=1.3&m=ewei_shopv2&from=wxapp&c=entry&a=wxapp&do=main&&state=we7sid-2e61bddce121422395d398d4e8d6773c&sign=484d9bbe6e4d4549d2b14d47d5c18168 pn=upload; op=order; orderid=14607; 
上传
[2018-08-14 18:47:20] trace  /app/index.php?i=1&uniacid=1&t=undefined&v=1.3&m=ewei_shopv2&from=wxapp&c=entry&a=wxapp&do=main&&state=we7sid-b469881f29b3f9b4c611736de01fd2dd&sign=82ae51bc401b674cb531d48f31cd9878 pn=upload; op=order; orderid=14608; 
上传
[2018-08-14 18:54:19] trace  /app/index.php?i=1&uniacid=1&t=undefined&v=1.3&m=ewei_shopv2&from=wxapp&c=entry&a=wxapp&do=main&&state=we7sid-8087482bc81520028f1442243413a588&sign=5a47a48b1d4f9d71749614ae19267591 pn=upload; op=order; orderid=14609; 
上传
[2018-08-14 19:07:42] trace  /app/index.php?i=1&uniacid=1&t=undefined&v=1.3&m=ewei_shopv2&from=wxapp&c=entry&a=wxapp&do=main&&state=we7sid-cc4ac9b37baf831dd9a1eb41628b8bae&sign=cd3bff936abe2cbc0cdd1cb8fae23768 pn=upload; op=order; orderid=14610; 
上传
[2018-08-14 19:10:33] trace  /app/index.php?i=1&uniacid=1&t=undefined&v=1.3&m=ewei_shopv2&from=wxapp&c=entry&a=wxapp&do=main&&state=we7sid-cc4ac9b37baf831dd9a1eb41628b8bae&sign=cd3bff936abe2cbc0cdd1cb8fae23768 pn=upload; op=order; orderid=14611; 
上传
[2018-08-14 19:18:07] trace  /app/index.php?i=1&uniacid=1&t=undefined&v=1.3&m=ewei_shopv2&from=wxapp&c=entry&a=wxapp&do=main&&state=we7sid-c6db64942af173a7472745c7eaed04b7&sign=dd28db70f170801be5b302f504c3fe5d pn=upload; op=order; orderid=14612; 
上传
[2018-08-14 19:19:56] trace  /app/index.php?i=1&uniacid=1&t=undefined&v=1.3&m=ewei_shopv2&from=wxapp&c=entry&a=wxapp&do=main&&state=we7sid-e72bbca588820be043a6072ef149eccb&sign=98e49542cebec2cde33fbc1cfee2936d pn=upload; op=order; orderid=14613; 
上传
[2018-08-14 19:21:53] trace  /app/index.php?i=1&uniacid=1&t=undefined&v=1.3&m=ewei_shopv2&from=wxapp&c=entry&a=wxapp&do=main&&state=we7sid-9f8befe1bcd1626e2ce703c099e9bb54&sign=f8735b826f3b61066f668d85c72e981b pn=upload; op=order; orderid=14614; 
上传
[2018-08-14 19:35:50] trace  /app/index.php?i=1&uniacid=1&t=undefined&v=1.3&m=ewei_shopv2&from=wxapp&c=entry&a=wxapp&do=main&&state=we7sid-e0e496a47c6f9a71f200037db3239e62&sign=f3366b2490922e2a8ae6319bac151a1e pn=upload; op=order; orderid=14615; 
上传
[2018-08-14 19:37:06] trace  /app/index.php?i=1&uniacid=1&t=undefined&v=1.3&m=ewei_shopv2&from=wxapp&c=entry&a=wxapp&do=main&&state=we7sid-20637c65f2dd1881bd1c80919b93d490&sign=5c19d568dcb62619435ccfe5cf33f68a pn=upload; op=order; orderid=14616; 
上传
[2018-08-14 19:41:52] trace  /app/index.php?i=1&uniacid=1&t=undefined&v=1.3&m=ewei_shopv2&from=wxapp&c=entry&a=wxapp&do=main&&state=we7sid-20637c65f2dd1881bd1c80919b93d490&sign=5c19d568dcb62619435ccfe5cf33f68a pn=upload; op=order; orderid=14617; 
上传
[2018-08-14 19:43:37] trace  /app/index.php?i=1&uniacid=1&t=undefined&v=1.3&m=ewei_shopv2&from=wxapp&c=entry&a=wxapp&do=main&&state=we7sid-20637c65f2dd1881bd1c80919b93d490&sign=5c19d568dcb62619435ccfe5cf33f68a pn=upload; op=order; orderid=14618; 
上传
[2018-08-14 19:47:56] trace  /app/index.php?i=1&uniacid=1&t=undefined&v=1.3&m=ewei_shopv2&from=wxapp&c=entry&a=wxapp&do=main&&state=we7sid-ef6a3e045b43afb5727e9390fa9fd0d2&sign=698d62c2575338e1b3f4ce9b8007199f op=order; orderid=14619; pn=upload; 
上传
[2018-08-14 19:50:29] trace  /app/index.php?i=1&uniacid=1&t=undefined&v=1.3&m=ewei_shopv2&from=wxapp&c=entry&a=wxapp&do=main&&state=we7sid-a78393b245a21cdf2f23cc400cd26fce&sign=39764263c4a258237ef649869d647437 op=order; orderid=14620; pn=upload; 
上传
[2018-08-14 19:54:28] trace  /app/index.php?i=1&uniacid=1&t=undefined&v=1.3&m=ewei_shopv2&from=wxapp&c=entry&a=wxapp&do=main&&state=we7sid-6e32341cf0907e0e5c884d65968c7f04&sign=e643478a364b2a08cf5be19684e7c6c8 pn=upload; op=order; orderid=14621; 
上传
[2018-08-14 20:14:52] trace  /app/index.php?i=1&uniacid=1&t=undefined&v=1.3&m=ewei_shopv2&from=wxapp&c=entry&a=wxapp&do=main&&state=we7sid-a6419fe8b53d186559f44066d7dba5e9&sign=5496b7518f65de7a362ee32c17c56d55 pn=upload; op=order; orderid=14622; 
上传
[2018-08-14 20:16:34] trace  /app/index.php?i=1&uniacid=1&t=undefined&v=1.3&m=ewei_shopv2&from=wxapp&c=entry&a=wxapp&do=main&&state=we7sid-eecceff237019cd6297d3d880527a82a&sign=064329fc213f59935af919b24a0be60d pn=upload; op=order; orderid=14623; 
上传
[2018-08-14 20:25:32] trace  /app/index.php?i=1&uniacid=1&t=undefined&v=1.3&m=ewei_shopv2&from=wxapp&c=entry&a=wxapp&do=main&&state=we7sid-5cd55713628e198d6464507a94b85fcf&sign=a33c59213f0b7c69e96dda7ffa5fd83c pn=upload; op=order; orderid=14624; 
上传
[2018-08-14 20:47:30] trace  /app/index.php?i=1&uniacid=1&t=undefined&v=1.3&m=ewei_shopv2&from=wxapp&c=entry&a=wxapp&do=main&&state=we7sid-98bc0c1bff2b559b7d94cd81ec07414f&sign=78059a1bd42269172527f8023695b6c8 pn=upload; op=order; orderid=14625; 
上传
[2018-08-14 20:50:45] trace  /app/index.php?i=1&uniacid=1&t=undefined&v=1.3&m=ewei_shopv2&from=wxapp&c=entry&a=wxapp&do=main&&state=we7sid-150105a55c6fe3c419214498234a8adb&sign=e0b643f3d08a151ca835b9e423fa6668 op=order; pn=upload; orderid=14626; 
上传
[2018-08-14 20:52:58] trace  /app/index.php?i=1&uniacid=1&t=undefined&v=1.3&m=ewei_shopv2&from=wxapp&c=entry&a=wxapp&do=main&&state=we7sid-bc9afe48af68cf83d434d6e89120bf66&sign=91ba2a7eea6fdefb4bb69a5172cde189 op=order; pn=upload; orderid=14627; 
上传
[2018-08-14 20:59:39] trace  /app/index.php?i=1&uniacid=1&t=undefined&v=1.3&m=ewei_shopv2&from=wxapp&c=entry&a=wxapp&do=main&&state=we7sid-d72c46b8419612c18054bf9e047b7dfc&sign=f645302c4e9437ffa58f96bcc8c5f33f pn=upload; op=order; orderid=14628; 
上传
[2018-08-14 21:01:09] trace  /app/index.php?i=1&uniacid=1&t=undefined&v=1.3&m=ewei_shopv2&from=wxapp&c=entry&a=wxapp&do=main&&state=we7sid-fb24f8c816d10ef402d371a4a38dfc2b&sign=f067a6ad3a47ad1491783fb8b0dd0154 pn=upload; op=order; orderid=14629; 
上传
[2018-08-14 21:03:26] trace  /app/index.php?i=1&uniacid=1&t=undefined&v=1.3&m=ewei_shopv2&from=wxapp&c=entry&a=wxapp&do=main&&state=we7sid-9a2073ec3fc098617153a1b7d6260dc0&sign=023f4cd1778cb0f86245228235c80499 pn=upload; op=order; orderid=14630; 
上传
[2018-08-14 21:04:12] trace  /app/index.php?i=1&uniacid=1&t=undefined&v=1.3&m=ewei_shopv2&from=wxapp&c=entry&a=wxapp&do=main&&state=we7sid-0e200dbbd054c5094e8c3a6b8ac85de1&sign=8888de378f9f197facc44bc1606c421b op=order; pn=upload; orderid=14631; 
上传
[2018-08-14 21:05:56] trace  /app/index.php?i=1&uniacid=1&t=undefined&v=1.3&m=ewei_shopv2&from=wxapp&c=entry&a=wxapp&do=main&&state=we7sid-08b403930d7e17eb58af32a107eba01e&sign=8e81ab19dd35c78317f851b5dc356760 pn=upload; op=order; orderid=14632; 
上传
[2018-08-14 21:06:58] trace  /app/index.php?i=1&uniacid=1&t=undefined&v=1.3&m=ewei_shopv2&from=wxapp&c=entry&a=wxapp&do=main&&state=we7sid-35f652070d7e5a8f7d08fbc13641d38c&sign=6ae110911ad5424db199cd2678021636 op=order; pn=upload; orderid=14633; 
上传
[2018-08-14 21:10:59] trace  /app/index.php?i=1&uniacid=1&t=undefined&v=1.3&m=ewei_shopv2&from=wxapp&c=entry&a=wxapp&do=main&&state=we7sid-1f7eae173b802d0d4d6f12c3b09978e2&sign=9fed25bfa411708a2e0538b6ad46b5f3 pn=upload; op=order; orderid=14634; 
上传
[2018-08-14 21:19:00] trace  /app/index.php?i=1&uniacid=1&t=undefined&v=1.3&m=ewei_shopv2&from=wxapp&c=entry&a=wxapp&do=main&&state=we7sid-d9cd8473dd5e9c66a3f6b35d9211fec9&sign=531154420280be448c9fc99df2b07cb5 pn=upload; op=order; orderid=14635; 
上传
[2018-08-14 21:23:01] trace  /app/index.php?i=1&uniacid=1&t=undefined&v=1.3&m=ewei_shopv2&from=wxapp&c=entry&a=wxapp&do=main&&state=we7sid-f93624c4b364e4abd7244d81ae41541c&sign=a7753e1cbd69b6c1a142e9160c3b6bce pn=upload; op=order; orderid=14636; 
上传
[2018-08-14 21:24:01] trace  /app/index.php?i=1&uniacid=1&t=undefined&v=1.3&m=ewei_shopv2&from=wxapp&c=entry&a=wxapp&do=main&&state=we7sid-f93624c4b364e4abd7244d81ae41541c&sign=a7753e1cbd69b6c1a142e9160c3b6bce pn=upload; op=order; orderid=14637; 
上传
[2018-08-14 21:34:29] trace  /app/index.php?i=1&uniacid=1&t=undefined&v=1.3&m=ewei_shopv2&from=wxapp&c=entry&a=wxapp&do=main&&state=we7sid-fb24f8c816d10ef402d371a4a38dfc2b&sign=f067a6ad3a47ad1491783fb8b0dd0154 pn=upload; op=order; orderid=14638; 
上传
[2018-08-14 21:35:02] trace  /app/index.php?i=1&uniacid=1&t=undefined&v=1.3&m=ewei_shopv2&from=wxapp&c=entry&a=wxapp&do=main&&state=we7sid-fbdd3d50b06451b8a1cefda4d315095c&sign=b5e0aacdb89ee8c0dabc6eae3aee7328 pn=upload; op=order; orderid=14639; 
上传
[2018-08-14 21:35:02] trace  /app/index.php?i=1&uniacid=1&t=undefined&v=1.3&m=ewei_shopv2&from=wxapp&c=entry&a=wxapp&do=main&&state=we7sid-fbdd3d50b06451b8a1cefda4d315095c&sign=b5e0aacdb89ee8c0dabc6eae3aee7328 pn=upload; op=order; orderid=14639; 
上传
[2018-08-14 21:35:12] trace  /app/index.php?i=1&uniacid=1&t=undefined&v=1.3&m=ewei_shopv2&from=wxapp&c=entry&a=wxapp&do=main&&state=we7sid-576c375c13dd7c0da48333c7c13340d9&sign=62bec0f3955ffc91fa697a69fba9dbaa pn=upload; op=order; orderid=14640; 
上传
[2018-08-14 21:56:40] trace  /app/index.php?i=1&uniacid=1&t=undefined&v=1.3&m=ewei_shopv2&from=wxapp&c=entry&a=wxapp&do=main&&state=we7sid-bfef24632ed09d87c0485edc2c9326a4&sign=1de52938354b84bbae96a30d917c079d pn=upload; op=order; orderid=14641; 
上传
[2018-08-14 22:25:31] trace  /app/index.php?i=1&uniacid=1&t=undefined&v=1.3&m=ewei_shopv2&from=wxapp&c=entry&a=wxapp&do=main&&state=we7sid-f2ee3db21e3921992b1c7e8aa4b0bc3d&sign=9ff2f2a14b8b8f3227fd66443d30cf40 pn=upload; op=order; orderid=14642; 
上传
[2018-08-14 22:31:45] trace  /app/index.php?i=1&uniacid=1&t=undefined&v=1.3&m=ewei_shopv2&from=wxapp&c=entry&a=wxapp&do=main&&state=we7sid-f2cc67e7ea0938d30a0875b06004c0aa&sign=ee803e3cf005d08823d9cdcfe12d1967 pn=upload; op=order; orderid=14643; 
上传
[2018-08-14 22:31:45] trace  /app/index.php?i=1&uniacid=1&t=undefined&v=1.3&m=ewei_shopv2&from=wxapp&c=entry&a=wxapp&do=main&&state=we7sid-f2cc67e7ea0938d30a0875b06004c0aa&sign=ee803e3cf005d08823d9cdcfe12d1967 pn=upload; op=order; orderid=14643; 
上传
[2018-08-14 22:35:56] trace  /app/index.php?i=1&uniacid=1&t=undefined&v=1.3&m=ewei_shopv2&from=wxapp&c=entry&a=wxapp&do=main&&state=we7sid-aa10a459429f9310c3e93150d6dc29b8&sign=848f8354bb0bbca53490fae5f324b5df op=order; orderid=14644; pn=upload; 
上传
[2018-08-14 22:39:27] trace  /app/index.php?i=1&uniacid=1&t=undefined&v=1.3&m=ewei_shopv2&from=wxapp&c=entry&a=wxapp&do=main&&state=we7sid-aa10a459429f9310c3e93150d6dc29b8&sign=848f8354bb0bbca53490fae5f324b5df op=order; orderid=14645; pn=upload; 
上传
[2018-08-14 22:40:03] trace  /app/index.php?i=1&uniacid=1&t=undefined&v=1.3&m=ewei_shopv2&from=wxapp&c=entry&a=wxapp&do=main&&state=we7sid-aa10a459429f9310c3e93150d6dc29b8&sign=848f8354bb0bbca53490fae5f324b5df op=order; orderid=14646; pn=upload; 
上传
[2018-08-14 22:48:56] trace  /app/index.php?i=1&uniacid=1&t=undefined&v=1.3&m=ewei_shopv2&from=wxapp&c=entry&a=wxapp&do=main&&state=we7sid-d3d3314efb60b7d18611257665d3e97d&sign=af383794ec8ebb2aa3832d2be3b5611f pn=upload; op=order; orderid=14647; 
上传
[2018-08-14 23:01:56] trace  /app/index.php?i=1&uniacid=1&t=undefined&v=1.3&m=ewei_shopv2&from=wxapp&c=entry&a=wxapp&do=main&&state=we7sid-74a357c9088efaa5bff35adf1bc90f5f&sign=1b54ddb4cb4a9d10f45d0f8c458e6ebf pn=upload; op=order; orderid=14648; 
上传
[2018-08-14 23:25:51] trace  /app/index.php?i=1&uniacid=1&t=undefined&v=1.3&m=ewei_shopv2&from=wxapp&c=entry&a=wxapp&do=main&&state=we7sid-6ab9e3f8ca65b478fe616424dd7e8b97&sign=65ab6e2438339b614640bb421c26d617 pn=upload; op=author; orderid=13665; 
上传
[2018-08-14 23:34:58] trace  /app/index.php?i=1&uniacid=1&t=undefined&v=1.3&m=ewei_shopv2&from=wxapp&c=entry&a=wxapp&do=main&&state=we7sid-6ab9e3f8ca65b478fe616424dd7e8b97&sign=65ab6e2438339b614640bb421c26d617 pn=upload; op=author; orderid=13670; 
上传
[2018-08-14 23:39:35] trace  /app/index.php?i=1&uniacid=1&t=undefined&v=1.3&m=ewei_shopv2&from=wxapp&c=entry&a=wxapp&do=main&&state=we7sid-6ab9e3f8ca65b478fe616424dd7e8b97&sign=65ab6e2438339b614640bb421c26d617 pn=upload; op=author; orderid=13803; 
上传
[2018-08-14 23:43:03] trace  /app/index.php?i=1&uniacid=1&t=undefined&v=1.3&m=ewei_shopv2&from=wxapp&c=entry&a=wxapp&do=main&&state=we7sid-45bf53815d690a7cbbaae6ff632928e7&sign=60c9c670366a834c6ec0b21d71eb7e7c pn=upload; op=order; orderid=14649; 
上传
[2018-08-14 23:43:40] trace  /app/index.php?i=1&uniacid=1&t=undefined&v=1.3&m=ewei_shopv2&from=wxapp&c=entry&a=wxapp&do=main&&state=we7sid-6ab9e3f8ca65b478fe616424dd7e8b97&sign=65ab6e2438339b614640bb421c26d617 pn=upload; op=author; orderid=13875; 
上传
[2018-08-14 23:43:59] trace  /app/index.php?i=1&uniacid=1&t=undefined&v=1.3&m=ewei_shopv2&from=wxapp&c=entry&a=wxapp&do=main&&state=we7sid-ed4336c36abb66e5362a3fac3f390a45&sign=5425fcf272d525cf08f544b2ed2ab835 op=order; orderid=14650; pn=upload; 
上传
[2018-08-14 23:46:23] trace  /app/index.php?i=1&uniacid=1&t=undefined&v=1.3&m=ewei_shopv2&from=wxapp&c=entry&a=wxapp&do=main&&state=we7sid-e367961141429564e64fd8f5ff2b0e0c&sign=c24e424055f0ff11ec55a9c605e452b4 pn=upload; op=order; orderid=14651; 
上传
[2018-08-14 23:56:42] trace  /app/index.php?i=1&uniacid=1&t=undefined&v=1.3&m=ewei_shopv2&from=wxapp&c=entry&a=wxapp&do=main&&state=we7sid-b420b1697b660984ac984a7e5da695d0&sign=ced507e7c35bc664e6ef2116d568578a pn=upload; op=order; orderid=14652; 
上传
[2018-08-14 23:58:27] trace  /app/index.php?i=1&uniacid=1&t=undefined&v=1.3&m=ewei_shopv2&from=wxapp&c=entry&a=wxapp&do=main&&state=we7sid-6ab9e3f8ca65b478fe616424dd7e8b97&sign=65ab6e2438339b614640bb421c26d617 pn=upload; op=author; orderid=13921; 
上传
