[2018-07-11 00:02:11] trace  /app/index.php?i=1&uniacid=1&t=undefined&v=1.3&m=ewei_shopv2&from=wxapp&c=entry&a=wxapp&do=main&&state=we7sid-25affc9e89903817a13420158d8e0e2b&sign=39d71642449dca62b8b868d30b4ecd46 pn=upload; op=order; orderid=10847; 
上传
[2018-07-11 00:11:39] trace  /app/index.php?i=1&uniacid=1&t=undefined&v=1.3&m=ewei_shopv2&from=wxapp&c=entry&a=wxapp&do=main&&state=we7sid-783c8eb98d93d6b3c4be87cc9e0232bb&sign=2c6c76aa00ad995ab6f49e99ed52c4d8 pn=upload; op=order; orderid=10848; 
上传
[2018-07-11 00:14:55] trace  /app/index.php?i=1&uniacid=1&t=undefined&v=1.3&m=ewei_shopv2&from=wxapp&c=entry&a=wxapp&do=main&&state=we7sid-783c8eb98d93d6b3c4be87cc9e0232bb&sign=2c6c76aa00ad995ab6f49e99ed52c4d8 pn=upload; op=order; orderid=10849; 
上传
[2018-07-11 00:16:09] trace  /app/index.php?i=1&uniacid=1&t=undefined&v=1.3&m=ewei_shopv2&from=wxapp&c=entry&a=wxapp&do=main&&state=we7sid-783c8eb98d93d6b3c4be87cc9e0232bb&sign=2c6c76aa00ad995ab6f49e99ed52c4d8 pn=upload; op=order; orderid=10850; 
上传
[2018-07-11 00:42:20] trace  /app/index.php?i=1&uniacid=1&t=undefined&v=1.3&m=ewei_shopv2&from=wxapp&c=entry&a=wxapp&do=main&&state=we7sid-88f5ab5a4e479b697d5ba4266be4d2c8&sign=5dac8ee34068edd2d231f6c1208acd02 pn=upload; op=order; orderid=10851; 
上传
[2018-07-11 00:44:34] trace  /app/index.php?i=1&uniacid=1&t=undefined&v=1.3&m=ewei_shopv2&from=wxapp&c=entry&a=wxapp&do=main&&state=we7sid-88f5ab5a4e479b697d5ba4266be4d2c8&sign=5dac8ee34068edd2d231f6c1208acd02 pn=upload; op=order; orderid=10852; 
上传
[2018-07-11 00:58:59] trace  /app/index.php?i=1&uniacid=1&t=undefined&v=1.3&m=ewei_shopv2&from=wxapp&c=entry&a=wxapp&do=main&&state=we7sid-8bbf5e2f30471fb331fc5fa031d91374&sign=d1f8e997fd0cf06d75275e1afb58ad28 pn=upload; op=order; orderid=10853; 
上传
[2018-07-11 01:21:48] trace  /app/index.php?i=1&uniacid=1&t=undefined&v=1.3&m=ewei_shopv2&from=wxapp&c=entry&a=wxapp&do=main&&state=we7sid-e4353099a32120fb82ee6422675bfebd&sign=986dad718393d419af1870d7484b4e52 pn=upload; op=order; orderid=10854; 
上传
[2018-07-11 01:54:47] trace  /app/index.php?i=1&uniacid=1&t=undefined&v=1.3&m=ewei_shopv2&from=wxapp&c=entry&a=wxapp&do=main&&state=we7sid-6c285ade96de778946451e40e28eec99&sign=195018bfa3c938ffb8f78156f809a435 op=order; orderid=10855; pn=upload; 
上传
[2018-07-11 01:57:28] trace  /app/index.php?i=1&uniacid=1&t=undefined&v=1.3&m=ewei_shopv2&from=wxapp&c=entry&a=wxapp&do=main&&state=we7sid-26e4161aa96b7bf23b87890c47ac42c9&sign=47cbe84eec538fc86565c204f3b08b55 pn=upload; op=order; orderid=10856; 
上传
[2018-07-11 01:59:27] trace  /app/index.php?i=1&uniacid=1&t=undefined&v=1.3&m=ewei_shopv2&from=wxapp&c=entry&a=wxapp&do=main&&state=we7sid-7c221d461b2f87ab952a79d9b5c5654a&sign=38608b273c3df16400905475c54685bf op=order; orderid=10857; pn=upload; 
上传
[2018-07-11 02:39:07] trace  /app/index.php?i=1&uniacid=1&t=undefined&v=1.3&m=ewei_shopv2&from=wxapp&c=entry&a=wxapp&do=main&&state=we7sid-9610b7623cdce6653c62feb9d4808f77&sign=dc12b7957458190d574a8f34acb6dd6f pn=upload; op=order; orderid=10858; 
上传
[2018-07-11 03:00:55] trace  /app/index.php?i=1&uniacid=1&t=undefined&v=1.3&m=ewei_shopv2&from=wxapp&c=entry&a=wxapp&do=main&&state=we7sid-af47d175fdbba16fd92af91b63a61c97&sign=fec8ff7f72ff2a257bc0a292eac031ba pn=upload; op=order; orderid=10859; 
上传
[2018-07-11 03:08:48] trace  /app/index.php?i=1&uniacid=1&t=undefined&v=1.3&m=ewei_shopv2&from=wxapp&c=entry&a=wxapp&do=main&&state=we7sid-e398cde956025209d72992cef9026c95&sign=1d5f82160daed85f16901c90365a8f0b pn=upload; op=order; orderid=10860; 
上传
[2018-07-11 03:11:26] trace  /app/index.php?i=1&uniacid=1&t=undefined&v=1.3&m=ewei_shopv2&from=wxapp&c=entry&a=wxapp&do=main&&state=we7sid-e398cde956025209d72992cef9026c95&sign=1d5f82160daed85f16901c90365a8f0b pn=upload; op=order; orderid=10861; 
上传
[2018-07-11 03:33:45] trace  /app/index.php?i=1&uniacid=1&t=undefined&v=1.3&m=ewei_shopv2&from=wxapp&c=entry&a=wxapp&do=main&&state=we7sid-74c8093d984559b96e98f3776b7dee8d&sign=1be4c87b4afcd1c20fdced4eda6b70e2 pn=upload; op=order; orderid=10862; 
上传
[2018-07-11 03:35:35] trace  /app/index.php?i=1&uniacid=1&t=undefined&v=1.3&m=ewei_shopv2&from=wxapp&c=entry&a=wxapp&do=main&&state=we7sid-74c8093d984559b96e98f3776b7dee8d&sign=1be4c87b4afcd1c20fdced4eda6b70e2 pn=upload; op=order; orderid=10863; 
上传
[2018-07-11 04:29:21] trace  /app/index.php?i=1&uniacid=1&t=undefined&v=1.3&m=ewei_shopv2&from=wxapp&c=entry&a=wxapp&do=main&&state=we7sid-e1cdbf6fcf37ebb6125b20ae7c9dedd4&sign=7b41a1ae3da1126732025e57fd71d00f pn=upload; op=order; orderid=10864; 
上传
[2018-07-11 05:19:47] trace  /app/index.php?i=1&uniacid=1&t=undefined&v=1.3&m=ewei_shopv2&from=wxapp&c=entry&a=wxapp&do=main&&state=we7sid-98ff3a52ad01e3219702a34d238b8b9e&sign=c672f8ca6a7be6ae74e7430e698a4bb8 pn=upload; op=order; orderid=10865; 
上传
[2018-07-11 06:34:56] trace  /app/index.php?i=1&uniacid=1&t=undefined&v=1.3&m=ewei_shopv2&from=wxapp&c=entry&a=wxapp&do=main&&state=we7sid-c86b722a3a17dbccc8f18c19442af2a3&sign=d13002409b5d21f7de7c0dc958fc0802 pn=upload; op=order; orderid=10866; 
上传
[2018-07-11 07:05:15] trace  /app/index.php?i=1&uniacid=1&t=undefined&v=1.3&m=ewei_shopv2&from=wxapp&c=entry&a=wxapp&do=main&&state=we7sid-0ed08f646551770254caa72e4d852254&sign=a9a71925782bd599585e734691339817 pn=upload; op=order; orderid=10867; 
上传
[2018-07-11 07:40:07] trace  /app/index.php?i=1&uniacid=1&t=undefined&v=1.3&m=ewei_shopv2&from=wxapp&c=entry&a=wxapp&do=main&&state=we7sid-5977112d8ef35a8b5dd6c70c5ed1601b&sign=a9690158e7770e17f0b4ffbff3ce7dff pn=upload; op=order; orderid=10868; 
上传
[2018-07-11 07:44:30] trace  /app/index.php?i=1&uniacid=1&t=undefined&v=1.3&m=ewei_shopv2&from=wxapp&c=entry&a=wxapp&do=main&&state=we7sid-f6fc6f60b774982231b4f94ab2b73f83&sign=2574a0389cdd4d735c11834606e13767 pn=upload; op=order; orderid=10869; 
上传
[2018-07-11 07:48:37] trace  /app/index.php?i=1&uniacid=1&t=undefined&v=1.3&m=ewei_shopv2&from=wxapp&c=entry&a=wxapp&do=main&&state=we7sid-ca2b2cd224e7f1a727242626a72eee5f&sign=bf5e239b7eaddf98ea9ddc065052c9d7 pn=upload; op=order; orderid=10870; 
上传
[2018-07-11 07:49:21] trace  /app/index.php?i=1&uniacid=1&t=undefined&v=1.3&m=ewei_shopv2&from=wxapp&c=entry&a=wxapp&do=main&&state=we7sid-8b17d42ccafc282dee62cba311fb55bb&sign=ab641d45d710b3d615929771b1405b09 pn=upload; op=order; orderid=10871; 
上传
[2018-07-11 07:50:18] trace  /app/index.php?i=1&uniacid=1&t=undefined&v=1.3&m=ewei_shopv2&from=wxapp&c=entry&a=wxapp&do=main&&state=we7sid-316cd4ad31df35b115facf3cc483f31e&sign=8cbd7be30823377301156f359e3cad9b pn=upload; op=order; orderid=10872; 
上传
[2018-07-11 08:20:04] trace  /app/index.php?i=1&uniacid=1&t=undefined&v=1.3&m=ewei_shopv2&from=wxapp&c=entry&a=wxapp&do=main&&state=we7sid-d1dfbdb8e59e419012100d460b41ecf1&sign=547bb4ac6b93a65a5c10b7753b3df39c pn=upload; op=order; orderid=10873; 
上传
[2018-07-11 09:01:10] trace  /app/index.php?i=1&uniacid=1&t=undefined&v=1.3&m=ewei_shopv2&from=wxapp&c=entry&a=wxapp&do=main&&state=we7sid-54961c02e11b9a133ff56bdeb9967333&sign=9d306ef567724a7e7275967bd648fee7 pn=upload; op=order; orderid=10874; 
上传
[2018-07-11 09:09:13] trace  /app/index.php?i=1&uniacid=1&t=undefined&v=1.3&m=ewei_shopv2&from=wxapp&c=entry&a=wxapp&do=main&&state=we7sid-ec30494f0189f18cbd0766734b50e103&sign=318a1748e844394d2930c526cb7377f6 pn=upload; op=order; orderid=10875; 
上传
[2018-07-11 09:40:47] trace  /app/index.php?i=1&uniacid=1&t=undefined&v=1.3&m=ewei_shopv2&from=wxapp&c=entry&a=wxapp&do=main&&state=we7sid-fa7951edf57624cf435bcc4ac43945f0&sign=aecd0633193c12617720cb7e90c1c86e pn=upload; op=order; orderid=10876; 
上传
[2018-07-11 09:41:44] trace  /app/index.php?i=1&uniacid=1&t=undefined&v=1.3&m=ewei_shopv2&from=wxapp&c=entry&a=wxapp&do=main&&state=we7sid-0e7bc1d4f90caefa6280210dc8dce5ae&sign=0438c95ff42c3f3c6daddcebd33932a6 pn=upload; op=order; orderid=10877; 
上传
[2018-07-11 09:43:06] trace  /app/index.php?i=1&uniacid=1&t=undefined&v=1.3&m=ewei_shopv2&from=wxapp&c=entry&a=wxapp&do=main&&state=we7sid-01d560cd95af1170fb6748ec3325e31d&sign=fe77316044de6254a5e8c731837614d8 pn=upload; op=order; orderid=10878; 
上传
[2018-07-11 09:48:14] trace  /app/index.php?i=1&uniacid=1&t=undefined&v=1.3&m=ewei_shopv2&from=wxapp&c=entry&a=wxapp&do=main&&state=we7sid-603dd2d4373b22b54f0aae6ca38243d0&sign=4ee2ce024977ca1a76824ccc6ce83d98 pn=upload; op=order; orderid=10879; 
上传
[2018-07-11 10:02:44] trace  /app/index.php?i=1&uniacid=1&t=undefined&v=1.3&m=ewei_shopv2&from=wxapp&c=entry&a=wxapp&do=main&&state=we7sid-96851ffed86da4c26081139fa8e2b7ec&sign=f0c4503f6e8b53ce46d13b6d307ce98f op=order; orderid=10880; pn=upload; 
上传
[2018-07-11 10:11:09] trace  /app/index.php?i=1&uniacid=1&t=undefined&v=1.3&m=ewei_shopv2&from=wxapp&c=entry&a=wxapp&do=main&&state=we7sid-c40ad4c229e604598fadb9932583be7f&sign=3b1be928a1cf241317a681592c6717db pn=upload; op=order; orderid=10881; 
上传
[2018-07-11 10:16:15] trace  /app/index.php?i=1&uniacid=1&t=undefined&v=1.3&m=ewei_shopv2&from=wxapp&c=entry&a=wxapp&do=main&&state=we7sid-96851ffed86da4c26081139fa8e2b7ec&sign=f0c4503f6e8b53ce46d13b6d307ce98f op=order; orderid=10882; pn=upload; 
上传
[2018-07-11 10:18:16] trace  /app/index.php?i=1&uniacid=1&t=undefined&v=1.3&m=ewei_shopv2&from=wxapp&c=entry&a=wxapp&do=main&&state=we7sid-259935a8b0f73d4bc9059de0cde2b2e6&sign=9088996a9b6176f7412d141ce219d7a0 pn=upload; op=order; orderid=10883; 
上传
[2018-07-11 10:33:59] trace  /app/index.php?i=1&uniacid=1&t=undefined&v=1.3&m=ewei_shopv2&from=wxapp&c=entry&a=wxapp&do=main&&state=we7sid-1e5e0eaa082eb51a9aeb49f2888cbef3&sign=7dc0834dead710b2131b12931818b192 pn=upload; op=order; orderid=10884; 
上传
[2018-07-11 10:34:25] trace  /app/index.php?i=1&uniacid=1&t=undefined&v=1.3&m=ewei_shopv2&from=wxapp&c=entry&a=wxapp&do=main&&state=we7sid-1e5e0eaa082eb51a9aeb49f2888cbef3&sign=7dc0834dead710b2131b12931818b192 pn=upload; op=order; orderid=10885; 
上传
[2018-07-11 10:39:37] trace  /app/index.php?i=1&uniacid=1&t=undefined&v=1.3&m=ewei_shopv2&from=wxapp&c=entry&a=wxapp&do=main&&state=we7sid-12310146dd5e51dc6eb68ca0d44ab142&sign=76135637de00563de74573193be32150 pn=upload; op=order; orderid=10886; 
上传
[2018-07-11 10:56:25] trace  /app/index.php?i=1&uniacid=1&t=undefined&v=1.3&m=ewei_shopv2&from=wxapp&c=entry&a=wxapp&do=main&&state=we7sid-af471f8e23281f49c98ed92a2ac38b9a&sign=c045228eada79a7c60a831010f093d30 pn=upload; op=order; orderid=10887; 
上传
[2018-07-11 11:10:02] trace  /app/index.php?i=1&uniacid=1&t=undefined&v=1.3&m=ewei_shopv2&from=wxapp&c=entry&a=wxapp&do=main&&state=we7sid-1837d3f616589abe075d1304999e6a4d&sign=427414950f8e03fa95f4dd5c489680e1 pn=upload; op=order; orderid=10888; 
上传
[2018-07-11 11:12:00] trace  /app/index.php?i=1&uniacid=1&t=undefined&v=1.3&m=ewei_shopv2&from=wxapp&c=entry&a=wxapp&do=main&&state=we7sid-1837d3f616589abe075d1304999e6a4d&sign=427414950f8e03fa95f4dd5c489680e1 pn=upload; op=order; orderid=10889; 
上传
[2018-07-11 11:35:50] trace  /app/index.php?i=1&uniacid=1&t=undefined&v=1.3&m=ewei_shopv2&from=wxapp&c=entry&a=wxapp&do=main&&state=we7sid-af471f8e23281f49c98ed92a2ac38b9a&sign=c045228eada79a7c60a831010f093d30 pn=upload; op=order; orderid=10890; 
上传
[2018-07-11 11:49:15] trace  /app/index.php?i=1&uniacid=1&t=undefined&v=1.3&m=ewei_shopv2&from=wxapp&c=entry&a=wxapp&do=main&&state=we7sid-e4bd312ba3d555c848a79bce478b1d53&sign=baf63d21e84588b3b773d961737664f9 pn=upload; op=order; orderid=10891; 
上传
[2018-07-11 11:49:17] trace  /app/index.php?i=1&uniacid=1&t=undefined&v=1.3&m=ewei_shopv2&from=wxapp&c=entry&a=wxapp&do=main&&state=we7sid-48cf7e04ac20db4e7ec0bdf61dbc5582&sign=4e012729ba1b69d7e2f9257e390fd8fa op=order; pn=upload; orderid=10892; 
上传
[2018-07-11 12:19:09] trace  /app/index.php?i=1&uniacid=1&t=undefined&v=1.3&m=ewei_shopv2&from=wxapp&c=entry&a=wxapp&do=main&&state=we7sid-b1dc8c4e960bba02c392fe93ff5b1779&sign=19865f35274508937907fa8da7d2435f pn=upload; op=order; orderid=10893; 
上传
[2018-07-11 12:36:35] trace  /app/index.php?i=1&uniacid=1&t=undefined&v=1.3&m=ewei_shopv2&from=wxapp&c=entry&a=wxapp&do=main&&state=we7sid-821b9aaa43185406d9296a646baaa87c&sign=dcce2a5b70537c03e81f5782dec59e01 pn=upload; op=order; orderid=10894; 
上传
[2018-07-11 13:06:04] trace  /app/index.php?i=1&uniacid=1&t=undefined&v=1.3&m=ewei_shopv2&from=wxapp&c=entry&a=wxapp&do=main&&state=we7sid-6eb5596591a7887a5826f79c54a43afd&sign=c5478bc6fad4d0b451632d224068d97b op=order; orderid=10895; pn=upload; 
上传
[2018-07-11 13:06:40] trace  /app/index.php?i=1&uniacid=1&t=undefined&v=1.3&m=ewei_shopv2&from=wxapp&c=entry&a=wxapp&do=main&&state=we7sid-6eb5596591a7887a5826f79c54a43afd&sign=c5478bc6fad4d0b451632d224068d97b op=order; orderid=10896; pn=upload; 
上传
[2018-07-11 13:14:05] trace  /app/index.php?i=1&uniacid=1&t=undefined&v=1.3&m=ewei_shopv2&from=wxapp&c=entry&a=wxapp&do=main&&state=we7sid-6eb5596591a7887a5826f79c54a43afd&sign=c5478bc6fad4d0b451632d224068d97b op=order; orderid=10897; pn=upload; 
上传
[2018-07-11 13:14:10] trace  /app/index.php?i=1&uniacid=1&t=undefined&v=1.3&m=ewei_shopv2&from=wxapp&c=entry&a=wxapp&do=main&&state=we7sid-612fafe2d29275880019013cba5f8506&sign=f902760df9fe4f9b0d057bfe1a0c3840 pn=upload; op=order; orderid=10898; 
上传
[2018-07-11 13:14:28] trace  /app/index.php?i=1&uniacid=1&t=undefined&v=1.3&m=ewei_shopv2&from=wxapp&c=entry&a=wxapp&do=main&&state=we7sid-612fafe2d29275880019013cba5f8506&sign=f902760df9fe4f9b0d057bfe1a0c3840 pn=upload; op=order; orderid=10899; 
上传
[2018-07-11 13:15:29] trace  /app/index.php?i=1&uniacid=1&t=undefined&v=1.3&m=ewei_shopv2&from=wxapp&c=entry&a=wxapp&do=main&&state=we7sid-612fafe2d29275880019013cba5f8506&sign=f902760df9fe4f9b0d057bfe1a0c3840 pn=upload; op=order; orderid=10900; 
上传
[2018-07-11 13:15:56] trace  /app/index.php?i=1&uniacid=1&t=undefined&v=1.3&m=ewei_shopv2&from=wxapp&c=entry&a=wxapp&do=main&&state=we7sid-6eb5596591a7887a5826f79c54a43afd&sign=c5478bc6fad4d0b451632d224068d97b op=order; orderid=10901; pn=upload; 
上传
[2018-07-11 13:16:22] trace  /app/index.php?i=1&uniacid=1&t=undefined&v=1.3&m=ewei_shopv2&from=wxapp&c=entry&a=wxapp&do=main&&state=we7sid-6eb5596591a7887a5826f79c54a43afd&sign=c5478bc6fad4d0b451632d224068d97b op=order; orderid=10902; pn=upload; 
上传
[2018-07-11 13:16:36] trace  /app/index.php?i=1&uniacid=1&t=undefined&v=1.3&m=ewei_shopv2&from=wxapp&c=entry&a=wxapp&do=main&&state=we7sid-6eb5596591a7887a5826f79c54a43afd&sign=c5478bc6fad4d0b451632d224068d97b op=order; orderid=10903; pn=upload; 
上传
[2018-07-11 13:19:35] trace  /app/index.php?i=1&uniacid=1&t=undefined&v=1.3&m=ewei_shopv2&from=wxapp&c=entry&a=wxapp&do=main&&state=we7sid-6e424a3fc0d0cbca3bd266d4f5c9064b&sign=ed3114adddb7563f944b5a12736135e7 op=order; orderid=10904; pn=upload; 
上传
[2018-07-11 13:22:38] trace  /app/index.php?i=1&uniacid=1&t=undefined&v=1.3&m=ewei_shopv2&from=wxapp&c=entry&a=wxapp&do=main&&state=we7sid-5246031933028dd890ba1f737f1d48b9&sign=d6c51ff3474ef91bb80a8de93281682e op=order; orderid=10905; pn=upload; 
上传
[2018-07-11 13:44:18] trace  /app/index.php?i=1&uniacid=1&t=undefined&v=1.3&m=ewei_shopv2&from=wxapp&c=entry&a=wxapp&do=main&&state=we7sid-708dc098155c1e8ade46d346fb19a286&sign=e46bf3b9c4263767cc4b2da319ed905c pn=upload; op=order; orderid=10906; 
上传
[2018-07-11 14:00:36] trace  /app/index.php?i=1&uniacid=1&t=undefined&v=1.3&m=ewei_shopv2&from=wxapp&c=entry&a=wxapp&do=main&&state=we7sid-ec89ff82058b94e142c69dc10bc6b58c&sign=e189de69ed7a093c31ca07c157d17083 pn=upload; op=order; orderid=10907; 
上传
[2018-07-11 14:14:51] trace  /app/index.php?i=1&uniacid=1&t=undefined&v=1.3&m=ewei_shopv2&from=wxapp&c=entry&a=wxapp&do=main&&state=we7sid-f1328b774d0bac05bae639d7caf896da&sign=16d9b9969dc3235090ee44d65330a09d pn=upload; op=order; orderid=10908; 
上传
[2018-07-11 14:21:46] trace  /app/index.php?i=1&uniacid=1&t=undefined&v=1.3&m=ewei_shopv2&from=wxapp&c=entry&a=wxapp&do=main&&state=we7sid-aedbee1eabeffce5d0ebae16e94b8ba5&sign=e27452c57643e7affc5d1342d36ae5b3 pn=upload; op=order; orderid=10909; 
上传
[2018-07-11 14:37:40] trace  /app/index.php?i=1&uniacid=1&t=undefined&v=1.3&m=ewei_shopv2&from=wxapp&c=entry&a=wxapp&do=main&&state=we7sid-2eb4d189146b2eb2dafbe16e83e59239&sign=750542ffcc0b38784fa9096128890cc6 pn=upload; op=order; orderid=10910; 
上传
[2018-07-11 14:59:01] trace  /app/index.php?i=1&uniacid=1&t=undefined&v=1.3&m=ewei_shopv2&from=wxapp&c=entry&a=wxapp&do=main&&state=we7sid-b6636dcbf12739ee500fdbcfe9555a62&sign=c8afa89350bb49255aed37085434fad8 pn=upload; op=order; orderid=10911; 
上传
[2018-07-11 15:24:07] trace  /app/index.php?i=1&uniacid=1&t=undefined&v=1.3&m=ewei_shopv2&from=wxapp&c=entry&a=wxapp&do=main&&state=we7sid-ef893315b3bf086d1774eef5a32ae1ee&sign=1abb8e97de54d100a8eca8a7fa0e16d8 pn=upload; op=order; orderid=10912; 
上传
[2018-07-11 15:24:08] trace  /app/index.php?i=1&uniacid=1&t=undefined&v=1.3&m=ewei_shopv2&from=wxapp&c=entry&a=wxapp&do=main&&state=we7sid-ef893315b3bf086d1774eef5a32ae1ee&sign=1abb8e97de54d100a8eca8a7fa0e16d8 pn=upload; op=order; orderid=10913; 
上传
[2018-07-11 15:32:16] trace  /app/index.php?i=1&uniacid=1&t=undefined&v=1.3&m=ewei_shopv2&from=wxapp&c=entry&a=wxapp&do=main&&state=we7sid-7f20da01175fb354f237de0e3441c440&sign=efee773c47a82a74bc29c8018b171d3e pn=upload; op=order; orderid=10914; 
上传
[2018-07-11 15:52:55] trace  /app/index.php?i=1&uniacid=1&t=undefined&v=1.3&m=ewei_shopv2&from=wxapp&c=entry&a=wxapp&do=main&&state=we7sid-99cbd0bd32a27da1a450de6f9b4baea8&sign=5637d9317fa2a5c53e64d32fe3d47b71 pn=upload; op=order; orderid=10915; 
上传
[2018-07-11 15:52:56] trace  /app/index.php?i=1&uniacid=1&t=undefined&v=1.3&m=ewei_shopv2&from=wxapp&c=entry&a=wxapp&do=main&&state=we7sid-99cbd0bd32a27da1a450de6f9b4baea8&sign=5637d9317fa2a5c53e64d32fe3d47b71 pn=upload; op=order; orderid=10915; 
上传
[2018-07-11 15:59:53] trace  /app/index.php?i=1&uniacid=1&t=undefined&v=1.3&m=ewei_shopv2&from=wxapp&c=entry&a=wxapp&do=main&&state=we7sid-20cf574ebf80b384e7429f0b585d5900&sign=5bd408794eb06003fd2eebcf85882715 pn=upload; op=order; orderid=10916; 
上传
[2018-07-11 16:17:56] trace  /app/index.php?i=1&uniacid=1&t=undefined&v=1.3&m=ewei_shopv2&from=wxapp&c=entry&a=wxapp&do=main&&state=we7sid-9810d2f0a2933042474a4e84184903a7&sign=985b0676634a6d0e2db81231042d7e2a pn=upload; op=order; orderid=10917; 
上传
[2018-07-11 16:32:28] trace  /app/index.php?i=1&uniacid=1&t=undefined&v=1.3&m=ewei_shopv2&from=wxapp&c=entry&a=wxapp&do=main&&state=we7sid-1ac4c3d9c42c243c1ec5e4f3422d7b10&sign=cf4c09935e7f68c2fc24554fd724aa7f pn=upload; op=order; orderid=10918; 
上传
[2018-07-11 16:37:54] trace  /app/index.php?i=1&uniacid=1&t=undefined&v=1.3&m=ewei_shopv2&from=wxapp&c=entry&a=wxapp&do=main&&state=we7sid-736cfe63741f3aec5d07acfc52309fed&sign=0226e4a806605a8556a8d0aba6fa1630 pn=upload; op=order; orderid=10920; 
上传
[2018-07-11 16:37:56] trace  /app/index.php?i=1&uniacid=1&t=undefined&v=1.3&m=ewei_shopv2&from=wxapp&c=entry&a=wxapp&do=main&&state=we7sid-cc2435cb24867e8114a2b066073b3698&sign=fc0245e431516b34aa46057ded393180 pn=upload; op=order; orderid=10919; 
上传
[2018-07-11 17:09:13] trace  /app/index.php?i=1&uniacid=1&t=undefined&v=1.3&m=ewei_shopv2&from=wxapp&c=entry&a=wxapp&do=main&&state=we7sid-36c711771378ecbcfa8fea6b89d59fff&sign=dc84e7fe814b749782d52aea38fcc346 pn=upload; op=order; orderid=10921; 
上传
[2018-07-11 17:11:53] trace  /app/index.php?i=1&uniacid=1&t=undefined&v=1.3&m=ewei_shopv2&from=wxapp&c=entry&a=wxapp&do=main&&state=we7sid-6f282a3752f164b8aa90fbea22e157bf&sign=af2191790b2d12e102b57e4ea98ec964 pn=upload; op=order; orderid=10922; 
上传
[2018-07-11 17:26:13] trace  /app/index.php?i=1&uniacid=1&t=undefined&v=1.3&m=ewei_shopv2&from=wxapp&c=entry&a=wxapp&do=main&&state=we7sid-69358a24e72b3f916e53965520cbb344&sign=338a4a57d60fe003819351f67fd72d26 pn=upload; op=order; orderid=10923; 
上传
[2018-07-11 17:42:49] trace  /app/index.php?i=1&uniacid=1&t=undefined&v=1.3&m=ewei_shopv2&from=wxapp&c=entry&a=wxapp&do=main&&state=we7sid-8aa8ba19d3bc8d3628fdd5390a36ce1b&sign=b59f2a8400e22aa8bdcd170ae1d3e001 pn=upload; op=order; orderid=10924; 
上传
[2018-07-11 18:09:25] trace  /app/index.php?i=1&uniacid=1&t=undefined&v=1.3&m=ewei_shopv2&from=wxapp&c=entry&a=wxapp&do=main&&state=we7sid-319bfe804367bc34d8e91f0c1623a774&sign=b337fe07da261d551776802270d419f9 pn=upload; op=order; orderid=10925; 
上传
[2018-07-11 18:10:40] trace  /app/index.php?i=1&uniacid=1&t=undefined&v=1.3&m=ewei_shopv2&from=wxapp&c=entry&a=wxapp&do=main&&state=we7sid-d171c33fe88f1653ef4a3d5c5feadd4a&sign=35b986f2cce9933363bbe289290195c4 pn=upload; op=order; orderid=10926; 
上传
[2018-07-11 18:24:43] trace  /app/index.php?i=1&uniacid=1&t=undefined&v=1.3&m=ewei_shopv2&from=wxapp&c=entry&a=wxapp&do=main&&state=we7sid-d525fc74708941b240b8b6c0e27343d5&sign=957928674f160b918aa8d8bb953a2a56 pn=upload; op=order; orderid=10927; 
上传
[2018-07-11 18:28:13] trace  /app/index.php?i=1&uniacid=1&t=undefined&v=1.3&m=ewei_shopv2&from=wxapp&c=entry&a=wxapp&do=main&&state=we7sid-10c108d57413d17f7b523f027756639b&sign=7a766bd255533a08bfa8c5ae6d33e6c5 pn=upload; op=order; orderid=10928; 
上传
[2018-07-11 18:47:06] trace  /app/index.php?i=1&uniacid=1&t=undefined&v=1.3&m=ewei_shopv2&from=wxapp&c=entry&a=wxapp&do=main&&state=we7sid-a5947e5f778604e3e0a21c7af26a5f11&sign=7ffa64aa19e559163eaa5a81b468a0cd op=order; orderid=10929; pn=upload; 
上传
[2018-07-11 19:09:15] trace  /app/index.php?i=1&uniacid=1&t=undefined&v=1.3&m=ewei_shopv2&from=wxapp&c=entry&a=wxapp&do=main&&state=we7sid-5bbcab941c7e0e3a74169623a090e7a9&sign=129334f22ab30457627f61736528270e pn=upload; op=order; orderid=10930; 
上传
[2018-07-11 19:22:40] trace  /app/index.php?i=1&uniacid=1&t=undefined&v=1.3&m=ewei_shopv2&from=wxapp&c=entry&a=wxapp&do=main&&state=we7sid-e0aa4f0a9de5ac6384ec25259d3864f0&sign=07bf95762171a0f14e49ee23e13a803e pn=upload; op=order; orderid=10931; 
上传
[2018-07-11 19:35:18] trace  /app/index.php?i=1&uniacid=1&t=undefined&v=1.3&m=ewei_shopv2&from=wxapp&c=entry&a=wxapp&do=main&&state=we7sid-85bb14f1e9d058a34cdfb54ee6c9be3f&sign=abc213bc222308a42d352c5b75dfed64 pn=upload; op=order; orderid=10932; 
上传
[2018-07-11 19:35:46] trace  /app/index.php?i=1&uniacid=1&t=undefined&v=1.3&m=ewei_shopv2&from=wxapp&c=entry&a=wxapp&do=main&&state=we7sid-7a24fd604ee96850191d0543db23ff98&sign=05374e54a214369383cfff82935c6f84 pn=upload; op=order; orderid=10933; 
上传
[2018-07-11 19:49:51] trace  /app/index.php?i=1&uniacid=1&t=undefined&v=1.3&m=ewei_shopv2&from=wxapp&c=entry&a=wxapp&do=main&&state=we7sid-dcccbb9223b39e2e9147c8e943429725&sign=382d67cdec9f7798143a49c2697759f4 pn=upload; op=author; orderid=9730; 
上传
[2018-07-11 19:55:37] trace  /app/index.php?i=1&uniacid=1&t=undefined&v=1.3&m=ewei_shopv2&from=wxapp&c=entry&a=wxapp&do=main&&state=we7sid-dcccbb9223b39e2e9147c8e943429725&sign=382d67cdec9f7798143a49c2697759f4 pn=upload; op=author; orderid=10381; 
上传
[2018-07-11 19:58:42] trace  /app/index.php?i=1&uniacid=1&t=undefined&v=1.3&m=ewei_shopv2&from=wxapp&c=entry&a=wxapp&do=main&&state=we7sid-42a1c33e193aef66e3237bd36117c3db&sign=8149bac2375e0d8be474364cd51b6300 pn=upload; op=order; orderid=10934; 
上传
[2018-07-11 20:02:32] trace  /app/index.php?i=1&uniacid=1&t=undefined&v=1.3&m=ewei_shopv2&from=wxapp&c=entry&a=wxapp&do=main&&state=we7sid-dcccbb9223b39e2e9147c8e943429725&sign=382d67cdec9f7798143a49c2697759f4 pn=upload; op=author; orderid=10433; 
上传
[2018-07-11 20:09:09] trace  /app/index.php?i=1&uniacid=1&t=undefined&v=1.3&m=ewei_shopv2&from=wxapp&c=entry&a=wxapp&do=main&&state=we7sid-dcccbb9223b39e2e9147c8e943429725&sign=382d67cdec9f7798143a49c2697759f4 pn=upload; op=author; orderid=10434; 
上传
[2018-07-11 20:14:48] trace  /app/index.php?i=1&uniacid=1&t=undefined&v=1.3&m=ewei_shopv2&from=wxapp&c=entry&a=wxapp&do=main&&state=we7sid-dcccbb9223b39e2e9147c8e943429725&sign=382d67cdec9f7798143a49c2697759f4 pn=upload; op=author; orderid=10444; 
上传
[2018-07-11 20:15:14] trace  /app/index.php?i=1&uniacid=1&t=undefined&v=1.3&m=ewei_shopv2&from=wxapp&c=entry&a=wxapp&do=main&&state=we7sid-dfbb13535ed5fa2112e31ab7b87325c1&sign=69d174230aae6c9c4f2d81eeacc4a854 pn=upload; op=order; orderid=10935; 
上传
[2018-07-11 20:15:14] trace  /app/index.php?i=1&uniacid=1&t=undefined&v=1.3&m=ewei_shopv2&from=wxapp&c=entry&a=wxapp&do=main&&state=we7sid-dfbb13535ed5fa2112e31ab7b87325c1&sign=69d174230aae6c9c4f2d81eeacc4a854 pn=upload; op=order; orderid=10935; 
上传
[2018-07-11 20:21:32] trace  /app/index.php?i=1&uniacid=1&t=undefined&v=1.3&m=ewei_shopv2&from=wxapp&c=entry&a=wxapp&do=main&&state=we7sid-dcccbb9223b39e2e9147c8e943429725&sign=382d67cdec9f7798143a49c2697759f4 pn=upload; op=author; orderid=10446; 
上传
[2018-07-11 20:25:45] trace  /app/index.php?i=1&uniacid=1&t=undefined&v=1.3&m=ewei_shopv2&from=wxapp&c=entry&a=wxapp&do=main&&state=we7sid-fc47f39a4a645133e1982202620cb881&sign=d06ebb9c455cb9384e4843b98101df27 op=order; orderid=10936; pn=upload; 
上传
[2018-07-11 20:27:33] trace  /app/index.php?i=1&uniacid=1&t=undefined&v=1.3&m=ewei_shopv2&from=wxapp&c=entry&a=wxapp&do=main&&state=we7sid-dcccbb9223b39e2e9147c8e943429725&sign=382d67cdec9f7798143a49c2697759f4 pn=upload; op=author; orderid=10457; 
上传
[2018-07-11 20:31:36] trace  /app/index.php?i=1&uniacid=1&t=undefined&v=1.3&m=ewei_shopv2&from=wxapp&c=entry&a=wxapp&do=main&&state=we7sid-3c60aa2842c3f7e124b2aa54dd65d05f&sign=609ffd04e8c7db2151ad2e347b7e7926 op=order; orderid=10937; pn=upload; 
上传
[2018-07-11 20:32:57] trace  /app/index.php?i=1&uniacid=1&t=undefined&v=1.3&m=ewei_shopv2&from=wxapp&c=entry&a=wxapp&do=main&&state=we7sid-c34be1c67c639f90d6a2c7805e6e9b2a&sign=dc0e1961b11025d761f0f9196ba18f83 pn=upload; op=order; orderid=10938; 
上传
[2018-07-11 20:33:27] trace  /app/index.php?i=1&uniacid=1&t=undefined&v=1.3&m=ewei_shopv2&from=wxapp&c=entry&a=wxapp&do=main&&state=we7sid-dcccbb9223b39e2e9147c8e943429725&sign=382d67cdec9f7798143a49c2697759f4 pn=upload; op=author; orderid=10503; 
上传
[2018-07-11 20:40:22] trace  /app/index.php?i=1&uniacid=1&t=undefined&v=1.3&m=ewei_shopv2&from=wxapp&c=entry&a=wxapp&do=main&&state=we7sid-dcccbb9223b39e2e9147c8e943429725&sign=382d67cdec9f7798143a49c2697759f4 pn=upload; op=author; orderid=10643; 
上传
[2018-07-11 20:41:36] trace  /app/index.php?i=1&uniacid=1&t=undefined&v=1.3&m=ewei_shopv2&from=wxapp&c=entry&a=wxapp&do=main&&state=we7sid-5569e10f5af6e0d86d787d0c054d77dc&sign=6ec3e04982c1c8e24e72eff50ff6d9fd pn=upload; op=order; orderid=10939; 
上传
[2018-07-11 20:45:45] trace  /app/index.php?i=1&uniacid=1&t=undefined&v=1.3&m=ewei_shopv2&from=wxapp&c=entry&a=wxapp&do=main&&state=we7sid-dcccbb9223b39e2e9147c8e943429725&sign=382d67cdec9f7798143a49c2697759f4 pn=upload; op=author; orderid=10644; 
上传
[2018-07-11 20:47:43] trace  /app/index.php?i=1&uniacid=1&t=undefined&v=1.3&m=ewei_shopv2&from=wxapp&c=entry&a=wxapp&do=main&&state=we7sid-7b46d46249b384f2e0e4c15c28cbf1cc&sign=4526906413110f55aa81c9af7e7fcbe9 op=order; pn=upload; orderid=10940; 
上传
[2018-07-11 20:48:18] trace  /app/index.php?i=1&uniacid=1&t=undefined&v=1.3&m=ewei_shopv2&from=wxapp&c=entry&a=wxapp&do=main&&state=we7sid-55bea86e517621e07cc5e34570285dd2&sign=5223e3e39b6adf93e5c0a4a1a1a2501f pn=upload; op=order; orderid=10941; 
上传
[2018-07-11 20:52:40] trace  /app/index.php?i=1&uniacid=1&t=undefined&v=1.3&m=ewei_shopv2&from=wxapp&c=entry&a=wxapp&do=main&&state=we7sid-dcccbb9223b39e2e9147c8e943429725&sign=382d67cdec9f7798143a49c2697759f4 pn=upload; op=author; orderid=10728; 
上传
[2018-07-11 20:57:12] trace  /app/index.php?i=1&uniacid=1&t=undefined&v=1.3&m=ewei_shopv2&from=wxapp&c=entry&a=wxapp&do=main&&state=we7sid-dcccbb9223b39e2e9147c8e943429725&sign=382d67cdec9f7798143a49c2697759f4 pn=upload; op=author; orderid=10752; 
上传
[2018-07-11 21:03:33] trace  /app/index.php?i=1&uniacid=1&t=undefined&v=1.3&m=ewei_shopv2&from=wxapp&c=entry&a=wxapp&do=main&&state=we7sid-dcccbb9223b39e2e9147c8e943429725&sign=382d67cdec9f7798143a49c2697759f4 pn=upload; op=author; orderid=10760; 
上传
[2018-07-11 21:10:12] trace  /app/index.php?i=1&uniacid=1&t=undefined&v=1.3&m=ewei_shopv2&from=wxapp&c=entry&a=wxapp&do=main&&state=we7sid-dcccbb9223b39e2e9147c8e943429725&sign=382d67cdec9f7798143a49c2697759f4 pn=upload; op=author; orderid=10773; 
上传
[2018-07-11 21:10:44] trace  /app/index.php?i=1&uniacid=1&t=undefined&v=1.3&m=ewei_shopv2&from=wxapp&c=entry&a=wxapp&do=main&&state=we7sid-f54681c898ef4f89822483c1c19daa7c&sign=001435eb4a68c91a4d3f18b6c4baa599 pn=upload; op=order; orderid=10942; 
上传
[2018-07-11 21:11:14] trace  /app/index.php?i=1&uniacid=1&t=undefined&v=1.3&m=ewei_shopv2&from=wxapp&c=entry&a=wxapp&do=main&&state=we7sid-d45832034889e5b2b862fd67995564b6&sign=d6c2d10048cca591db02f99ee91c32e1 pn=upload; op=order; orderid=10943; 
上传
[2018-07-11 21:16:47] trace  /app/index.php?i=1&uniacid=1&t=undefined&v=1.3&m=ewei_shopv2&from=wxapp&c=entry&a=wxapp&do=main&&state=we7sid-dcccbb9223b39e2e9147c8e943429725&sign=382d67cdec9f7798143a49c2697759f4 pn=upload; op=author; orderid=10808; 
上传
[2018-07-11 21:19:55] trace  /app/index.php?i=1&uniacid=1&t=undefined&v=1.3&m=ewei_shopv2&from=wxapp&c=entry&a=wxapp&do=main&&state=we7sid-1d8435fa308a24ebaf17358ff28a5e06&sign=c6bbb7154b6af978a481a24da356d289 pn=upload; op=order; orderid=10944; 
上传
[2018-07-11 21:21:56] trace  /app/index.php?i=1&uniacid=1&t=undefined&v=1.3&m=ewei_shopv2&from=wxapp&c=entry&a=wxapp&do=main&&state=we7sid-dcccbb9223b39e2e9147c8e943429725&sign=382d67cdec9f7798143a49c2697759f4 pn=upload; op=author; orderid=10815; 
上传
[2018-07-11 21:30:52] trace  /app/index.php?i=1&uniacid=1&t=undefined&v=1.3&m=ewei_shopv2&from=wxapp&c=entry&a=wxapp&do=main&&state=we7sid-8e2b8edf94246a4beb7f1164282691f2&sign=258c65d2170e806dd58d3c56945b36b8 pn=upload; op=order; orderid=10945; 
上传
[2018-07-11 21:37:17] trace  /app/index.php?i=1&uniacid=1&t=undefined&v=1.3&m=ewei_shopv2&from=wxapp&c=entry&a=wxapp&do=main&&state=we7sid-5b154e227370c4ef42bf7bab6fd85d2f&sign=e7d10e060287ac6a73540eba1ce2701a pn=upload; op=order; orderid=10946; 
上传
[2018-07-11 21:47:45] trace  /app/index.php?i=1&uniacid=1&t=undefined&v=1.3&m=ewei_shopv2&from=wxapp&c=entry&a=wxapp&do=main&&state=we7sid-75226cf86601922e279234a506c4f870&sign=79a67e3bd73d4db3c2a2722e5cf74b5b pn=upload; op=order; orderid=10947; 
上传
[2018-07-11 22:05:15] trace  /app/index.php?i=1&uniacid=1&t=undefined&v=1.3&m=ewei_shopv2&from=wxapp&c=entry&a=wxapp&do=main&&state=we7sid-194b3088d1c055cc4903576792450821&sign=580a93bd07da07d9a3aaa69d23c7b5ca pn=upload; op=order; orderid=10948; 
上传
[2018-07-11 22:14:26] trace  /app/index.php?i=1&uniacid=1&t=undefined&v=1.3&m=ewei_shopv2&from=wxapp&c=entry&a=wxapp&do=main&&state=we7sid-d049c6b2da5fae3e12ba60d54e243315&sign=ceefcf00dae9d03d0c3fe51568387b07 pn=upload; op=order; orderid=10949; 
上传
[2018-07-11 22:14:27] trace  /app/index.php?i=1&uniacid=1&t=undefined&v=1.3&m=ewei_shopv2&from=wxapp&c=entry&a=wxapp&do=main&&state=we7sid-d049c6b2da5fae3e12ba60d54e243315&sign=ceefcf00dae9d03d0c3fe51568387b07 pn=upload; op=order; orderid=10949; 
上传
[2018-07-11 22:24:21] trace  /app/index.php?i=1&uniacid=1&t=undefined&v=1.3&m=ewei_shopv2&from=wxapp&c=entry&a=wxapp&do=main&&state=we7sid-e955c6e2ef088ae0802b2be6a3324c01&sign=85954b36d12ebcbbde069e31cae22260 op=order; orderid=10950; pn=upload; 
上传
[2018-07-11 22:32:49] trace  /app/index.php?i=1&uniacid=1&t=undefined&v=1.3&m=ewei_shopv2&from=wxapp&c=entry&a=wxapp&do=main&&state=we7sid-12db9368bc526d13d17db617a9dec6bd&sign=9a1110697a0fc7d54210f03122b86311 op=order; orderid=10951; pn=upload; 
上传
[2018-07-11 22:32:50] trace  /app/index.php?i=1&uniacid=1&t=undefined&v=1.3&m=ewei_shopv2&from=wxapp&c=entry&a=wxapp&do=main&&state=we7sid-12db9368bc526d13d17db617a9dec6bd&sign=9a1110697a0fc7d54210f03122b86311 op=order; orderid=10952; pn=upload; 
上传
[2018-07-11 22:41:14] trace  /app/index.php?i=1&uniacid=1&t=undefined&v=1.3&m=ewei_shopv2&from=wxapp&c=entry&a=wxapp&do=main&&state=we7sid-9a057d9ee2ebd7bd3d729541784b9c0a&sign=61fb83e42749a0f07e0b280115b9651a pn=upload; op=order; orderid=10953; 
上传
[2018-07-11 22:42:45] trace  /app/index.php?i=1&uniacid=1&t=undefined&v=1.3&m=ewei_shopv2&from=wxapp&c=entry&a=wxapp&do=main&&state=we7sid-3aff22848046572a3e2e184182b3c906&sign=bde9ecddad44f40f2fcfb3a442b7dea2 pn=upload; op=order; orderid=10954; 
上传
[2018-07-11 22:49:29] trace  /app/index.php?i=1&uniacid=1&t=undefined&v=1.3&m=ewei_shopv2&from=wxapp&c=entry&a=wxapp&do=main&&state=we7sid-1c320f29bf9dfa8de5a4d52e9939411d&sign=d209bbed1ff0c1037af7dd68c0258aed op=order; orderid=10955; pn=upload; 
上传
[2018-07-11 22:49:32] trace  /app/index.php?i=1&uniacid=1&t=undefined&v=1.3&m=ewei_shopv2&from=wxapp&c=entry&a=wxapp&do=main&&state=we7sid-0c72b20d073d6cb544b32d71dc5b20ef&sign=1057e6e99077718bd6757f26e3f865c0 pn=upload; op=order; orderid=10956; 
上传
[2018-07-11 22:53:15] trace  /app/index.php?i=1&uniacid=1&t=undefined&v=1.3&m=ewei_shopv2&from=wxapp&c=entry&a=wxapp&do=main&&state=we7sid-1c320f29bf9dfa8de5a4d52e9939411d&sign=d209bbed1ff0c1037af7dd68c0258aed op=order; orderid=10957; pn=upload; 
上传
[2018-07-11 22:54:15] trace  /app/index.php?i=1&uniacid=1&t=undefined&v=1.3&m=ewei_shopv2&from=wxapp&c=entry&a=wxapp&do=main&&state=we7sid-5ccc4f59609260d3aa893c52bdf6e68e&sign=be863bf075cdb0118c3233f3c7153e42 pn=upload; op=order; orderid=10958; 
上传
[2018-07-11 23:25:16] trace  /app/index.php?i=1&uniacid=1&t=undefined&v=1.3&m=ewei_shopv2&from=wxapp&c=entry&a=wxapp&do=main&&state=we7sid-52164494f5047ea8cfc83e74b4425373&sign=af35e833201ea5192c1be295523beeb4 pn=upload; op=order; orderid=10959; 
上传
[2018-07-11 23:51:34] trace  /app/index.php?i=1&uniacid=1&t=undefined&v=1.3&m=ewei_shopv2&from=wxapp&c=entry&a=wxapp&do=main&&state=we7sid-1401635bc54c2273257e738250e171aa&sign=8628b2f92daa41dec5433eea5f0a7d4f op=order; orderid=10960; pn=upload; 
上传
