[2018-05-25 00:05:18] trace  /app/index.php?i=1&uniacid=1&t=undefined&v=1.1&m=ewei_shopv2&from=wxapp&c=entry&a=wxapp&do=main&&state=we7sid-52f4964895fe1a6e70a3ddbdcd0e8ef8&sign=d66e5a9943cbd59faca509d6fa1fd16d pn=upload; op=order; orderid=5455; 
上传
[2018-05-25 00:19:55] trace  /app/index.php?i=1&uniacid=1&t=undefined&v=1.1&m=ewei_shopv2&from=wxapp&c=entry&a=wxapp&do=main&&state=we7sid-b386aace8edeb31306d2950c50cafba0&sign=c8dd8644d4f09fcd18f489b150638fac pn=upload; op=order; orderid=5456; 
上传
[2018-05-25 00:23:33] trace  /app/index.php?i=1&uniacid=1&t=undefined&v=1.1&m=ewei_shopv2&from=wxapp&c=entry&a=wxapp&do=main&&state=we7sid-53038345e72340198057267d199c14db&sign=60ae4276041941e51b603c3d8f245828 pn=upload; op=order; orderid=5457; 
上传
[2018-05-25 02:00:48] trace  /app/index.php?i=1&uniacid=1&t=undefined&v=1.1&m=ewei_shopv2&from=wxapp&c=entry&a=wxapp&do=main&&state=we7sid-f4e65f00fbd1c37436b377323b1abc52&sign=d9df1229b8ba703fc542f867b2cf87fd pn=upload; op=order; orderid=5458; 
上传
[2018-05-25 02:00:49] trace  /app/index.php?i=1&uniacid=1&t=undefined&v=1.1&m=ewei_shopv2&from=wxapp&c=entry&a=wxapp&do=main&&state=we7sid-f4e65f00fbd1c37436b377323b1abc52&sign=d9df1229b8ba703fc542f867b2cf87fd pn=upload; op=order; orderid=5458; 
上传
[2018-05-25 02:32:38] trace  /app/index.php?i=1&uniacid=1&t=undefined&v=1.1&m=ewei_shopv2&from=wxapp&c=entry&a=wxapp&do=main&&state=we7sid-1ae61d86fd8e9d334ca66a7a53191a5f&sign=3a24f9b57e5cb57efbbe895924093540 op=order; orderid=5459; pn=upload; 
上传
[2018-05-25 02:48:56] trace  /app/index.php?i=1&uniacid=1&t=undefined&v=1.1&m=ewei_shopv2&from=wxapp&c=entry&a=wxapp&do=main&&state=we7sid-53891d252976196289b312596161418c&sign=d1fa8942747e08c160787d2452447ab4 pn=upload; op=order; orderid=5460; 
上传
[2018-05-25 04:47:11] trace  /app/index.php?i=1&uniacid=1&t=undefined&v=1.1&m=ewei_shopv2&from=wxapp&c=entry&a=wxapp&do=main&&state=we7sid-5e56bfe45406a1671098fa3b73de6cad&sign=5bb41f02196b2ccf49bc61d50b58ef98 pn=upload; op=order; orderid=5461; 
上传
[2018-05-25 05:35:08] trace  /app/index.php?i=1&uniacid=1&t=undefined&v=1.1&m=ewei_shopv2&from=wxapp&c=entry&a=wxapp&do=main&&state=we7sid-a6c6cb59c40c4e2dadc3a30563ded5d3&sign=7b98aeed31bddf918a1b346dd24d8a63 pn=upload; op=order; orderid=5462; 
上传
[2018-05-25 07:52:17] trace  /app/index.php?i=1&uniacid=1&t=undefined&v=1.1&m=ewei_shopv2&from=wxapp&c=entry&a=wxapp&do=main&&state=we7sid-be944295bba6f82459bc48cf0c877fc2&sign=fcbad723f18a423f2fff6ffff09402d3 pn=upload; op=order; orderid=5463; 
上传
[2018-05-25 08:14:49] trace  /app/index.php?i=1&uniacid=1&t=undefined&v=1.1&m=ewei_shopv2&from=wxapp&c=entry&a=wxapp&do=main&&state=we7sid-7afff9c80287c2bd21107521423c64bc&sign=be8e74ee4d062beccdd04f571d688070 op=order; orderid=5464; pn=upload; 
上传
[2018-05-25 08:22:53] trace  /app/index.php?i=1&uniacid=1&t=undefined&v=1.1&m=ewei_shopv2&from=wxapp&c=entry&a=wxapp&do=main&&state=we7sid-42d07ec79584eee71830691e00ad4214&sign=313f5d470ca99644f91dc764cf4a85bf op=order; orderid=5465; pn=upload; 
上传
[2018-05-25 08:28:10] trace  /app/index.php?i=1&uniacid=1&t=undefined&v=1.1&m=ewei_shopv2&from=wxapp&c=entry&a=wxapp&do=main&&state=we7sid-af9f6bcc98c44070766c7c7f10287679&sign=e3b3eaf5f72fe0722aaf499640cdd24e pn=upload; op=order; orderid=5466; 
上传
[2018-05-25 08:58:03] trace  /app/index.php?i=1&uniacid=1&t=undefined&v=1.1&m=ewei_shopv2&from=wxapp&c=entry&a=wxapp&do=main&&state=we7sid-65964a1c15a44a20e754327f290d4ea4&sign=ac49fd4ec68c242861112195aac2ebfd pn=upload; op=order; orderid=5467; 
上传
[2018-05-25 09:06:32] trace  /app/index.php?i=1&uniacid=1&t=undefined&v=1.1&m=ewei_shopv2&from=wxapp&c=entry&a=wxapp&do=main&&state=we7sid-95eb2601432ee4e711ab2c25766e81ac&sign=0861927bab95152d9afecf21445cbb7b pn=upload; op=order; orderid=5468; 
上传
[2018-05-25 10:19:02] trace  /app/index.php?i=1&uniacid=1&t=undefined&v=1.1&m=ewei_shopv2&from=wxapp&c=entry&a=wxapp&do=main&&state=we7sid-f4867eaa78d4b9f629ad5fd42c3bd2a4&sign=622c3e07cd8bedbaab2592f54284bd79 pn=upload; op=order; orderid=5469; 
上传
[2018-05-25 10:42:21] trace  /app/index.php?i=1&uniacid=1&t=undefined&v=1.1&m=ewei_shopv2&from=wxapp&c=entry&a=wxapp&do=main&&state=we7sid-ec0e0d818ac43b8ce2c0b5df6b2b0188&sign=ac77f18e2a6248b9258a70f1264e3bd2 pn=upload; op=order; orderid=5470; 
上传
[2018-05-25 11:11:51] trace  /app/index.php?i=1&uniacid=1&t=undefined&v=1.1&m=ewei_shopv2&from=wxapp&c=entry&a=wxapp&do=main&&state=we7sid-e433bf7f189d5af875b628e74c6c068f&sign=124e6564eefb6ef75b744173199c2500 pn=upload; op=order; orderid=5471; 
上传
[2018-05-25 11:31:46] trace  /app/index.php?i=1&uniacid=1&t=undefined&v=1.1&m=ewei_shopv2&from=wxapp&c=entry&a=wxapp&do=main&&state=we7sid-e701515085d4c6e1d24830586b1e15b2&sign=09c048cf6232bae07e01d66dff1903cb pn=upload; op=order; orderid=5472; 
上传
[2018-05-25 11:33:14] trace  /app/index.php?i=1&uniacid=1&t=undefined&v=1.1&m=ewei_shopv2&from=wxapp&c=entry&a=wxapp&do=main&&state=we7sid-e701515085d4c6e1d24830586b1e15b2&sign=09c048cf6232bae07e01d66dff1903cb pn=upload; op=order; orderid=5473; 
上传
[2018-05-25 11:34:36] trace  /app/index.php?i=1&uniacid=1&t=undefined&v=1.1&m=ewei_shopv2&from=wxapp&c=entry&a=wxapp&do=main&&state=we7sid-e701515085d4c6e1d24830586b1e15b2&sign=09c048cf6232bae07e01d66dff1903cb pn=upload; op=order; orderid=5474; 
上传
[2018-05-25 11:38:28] trace  /app/index.php?i=1&uniacid=1&t=undefined&v=1.1&m=ewei_shopv2&from=wxapp&c=entry&a=wxapp&do=main&&state=we7sid-4a4c9b47829c80cbbe485ed5b754b9b5&sign=8b61d667e00774ff0d11c1c9a32034da pn=upload; op=order; orderid=5475; 
上传
[2018-05-25 11:42:28] trace  /app/index.php?i=1&uniacid=1&t=undefined&v=1.1&m=ewei_shopv2&from=wxapp&c=entry&a=wxapp&do=main&&state=we7sid-4a4c9b47829c80cbbe485ed5b754b9b5&sign=8b61d667e00774ff0d11c1c9a32034da pn=upload; op=order; orderid=5476; 
上传
[2018-05-25 11:46:43] trace  /app/index.php?i=1&uniacid=1&t=undefined&v=1.1&m=ewei_shopv2&from=wxapp&c=entry&a=wxapp&do=main&&state=we7sid-4a4c9b47829c80cbbe485ed5b754b9b5&sign=8b61d667e00774ff0d11c1c9a32034da pn=upload; op=order; orderid=5477; 
上传
[2018-05-25 11:48:07] trace  /app/index.php?i=1&uniacid=1&t=undefined&v=1.1&m=ewei_shopv2&from=wxapp&c=entry&a=wxapp&do=main&&state=we7sid-cecb2161d453f754d110f3c1336c14c6&sign=8aa318689a75023d5e9e432535ca451c pn=upload; op=order; orderid=5478; 
上传
[2018-05-25 11:54:51] trace  /app/index.php?i=1&uniacid=1&t=undefined&v=1.1&m=ewei_shopv2&from=wxapp&c=entry&a=wxapp&do=main&&state=we7sid-9fe7e6f1f4a28b122fee63f383000acb&sign=69e6f9501fb825a93dffdba30e4f9e55 pn=upload; op=order; orderid=5479; 
上传
[2018-05-25 12:23:54] trace  /app/index.php?i=1&uniacid=1&t=undefined&v=1.1&m=ewei_shopv2&from=wxapp&c=entry&a=wxapp&do=main&&state=we7sid-68097edc72070b330bc699792d797318&sign=d68af1db1de59cea72d44db580cdc7f7 pn=upload; op=order; orderid=5480; 
上传
[2018-05-25 12:48:20] trace  /app/index.php?i=1&uniacid=1&t=undefined&v=1.1&m=ewei_shopv2&from=wxapp&c=entry&a=wxapp&do=main&&state=we7sid-f361c5706d2b219e164f42be66609cc8&sign=d0222c73934344a6176eea4e08101696 op=order; pn=upload; orderid=5481; 
上传
[2018-05-25 12:55:38] trace  /app/index.php?i=1&uniacid=1&t=undefined&v=1.1&m=ewei_shopv2&from=wxapp&c=entry&a=wxapp&do=main&&state=we7sid-227d8dcc96f7d4cf7d5ea8ccf2f52e21&sign=dde7ac39db5e0a0297b14b4e12523061 pn=upload; op=order; orderid=5482; 
上传
[2018-05-25 13:28:16] trace  /app/index.php?i=1&uniacid=1&t=undefined&v=1.1&m=ewei_shopv2&from=wxapp&c=entry&a=wxapp&do=main&&state=we7sid-d038abf40ebb77b165b682e2ef3ec221&sign=3cc980ed08ba6bf047d2568fe7bd1279 pn=upload; op=order; orderid=5483; 
上传
[2018-05-25 13:42:24] trace  /app/index.php?i=1&uniacid=1&t=undefined&v=1.1&m=ewei_shopv2&from=wxapp&c=entry&a=wxapp&do=main&&state=we7sid-75b75f6727b1087ed00a070c5e97851a&sign=895ccf0b1abf195a45e1188a5516d5c4 pn=upload; op=order; orderid=5484; 
上传
[2018-05-25 13:53:01] trace  /app/index.php?i=1&uniacid=1&t=undefined&v=1.1&m=ewei_shopv2&from=wxapp&c=entry&a=wxapp&do=main&&state=we7sid-7c1d870fa39e38bf88f94ae773a64372&sign=484f531f7cff8b859a4b44181b7f3a90 pn=upload; op=order; orderid=5485; 
上传
[2018-05-25 14:03:15] trace  /app/index.php?i=1&uniacid=1&t=undefined&v=1.1&m=ewei_shopv2&from=wxapp&c=entry&a=wxapp&do=main&&state=we7sid-a63d1d4b2a31ae2b4089d5a3a434e3ce&sign=76c59ed8d9b207e0effe40cc8e4f8f8c pn=upload; op=order; orderid=5486; 
上传
[2018-05-25 14:05:41] trace  /app/index.php?i=1&uniacid=1&t=undefined&v=1.1&m=ewei_shopv2&from=wxapp&c=entry&a=wxapp&do=main&&state=we7sid-a63d1d4b2a31ae2b4089d5a3a434e3ce&sign=76c59ed8d9b207e0effe40cc8e4f8f8c pn=upload; op=order; orderid=5487; 
上传
[2018-05-25 14:08:10] trace  /app/index.php?i=1&uniacid=1&t=undefined&v=1.1&m=ewei_shopv2&from=wxapp&c=entry&a=wxapp&do=main&&state=we7sid-2ec6a51f6b6499c79f367efb2c965c77&sign=598eb87506807c5c20ba558989af64d6 pn=upload; op=order; orderid=5488; 
上传
[2018-05-25 15:22:19] trace  /app/index.php?i=1&uniacid=1&t=undefined&v=1.1&m=ewei_shopv2&from=wxapp&c=entry&a=wxapp&do=main&&state=we7sid-18ac3c1738409a3d6bb51f1fb34b6d24&sign=9901e6be3fc84a3b899a40505d4c77f0 pn=upload; op=order; orderid=5489; 
上传
[2018-05-25 15:51:01] trace  /app/index.php?i=1&uniacid=1&t=undefined&v=1.1&m=ewei_shopv2&from=wxapp&c=entry&a=wxapp&do=main&&state=we7sid-31113f531b343a77762c7e69bc22ca61&sign=bc11ad7a7fac94836973d70588061e91 pn=upload; op=order; orderid=5490; 
上传
[2018-05-25 15:51:21] trace  /app/index.php?i=1&uniacid=1&t=undefined&v=1.1&m=ewei_shopv2&from=wxapp&c=entry&a=wxapp&do=main&&state=we7sid-31113f531b343a77762c7e69bc22ca61&sign=bc11ad7a7fac94836973d70588061e91 pn=upload; op=order; orderid=5491; 
上传
[2018-05-25 16:08:00] trace  /app/index.php?i=1&uniacid=1&t=undefined&v=1.1&m=ewei_shopv2&from=wxapp&c=entry&a=wxapp&do=main&&state=we7sid-a35b5a4e1f33d2c3b7573d3c6c500c3e&sign=f4c07ddb00eefd3ac395bd3ab428767a pn=upload; op=author; orderid=5204; 
上传
[2018-05-25 16:17:13] trace  /app/index.php?i=1&uniacid=1&t=undefined&v=1.1&m=ewei_shopv2&from=wxapp&c=entry&a=wxapp&do=main&&state=we7sid-ec0d7c271e1d4289473fa85760492580&sign=0debd621c8bf775c577e9e0e1fc32c02 pn=upload; op=order; orderid=5492; 
上传
[2018-05-25 16:27:17] trace  /app/index.php?i=1&uniacid=1&t=undefined&v=1.1&m=ewei_shopv2&from=wxapp&c=entry&a=wxapp&do=main&&state=we7sid-a35b5a4e1f33d2c3b7573d3c6c500c3e&sign=f4c07ddb00eefd3ac395bd3ab428767a pn=upload; op=author; orderid=5227; 
上传
[2018-05-25 16:48:02] trace  /app/index.php?i=1&uniacid=1&t=undefined&v=1.1&m=ewei_shopv2&from=wxapp&c=entry&a=wxapp&do=main&&state=we7sid-a35b5a4e1f33d2c3b7573d3c6c500c3e&sign=f4c07ddb00eefd3ac395bd3ab428767a pn=upload; op=author; orderid=5248; 
上传
[2018-05-25 16:57:28] trace  /app/index.php?i=1&uniacid=1&t=undefined&v=1.1&m=ewei_shopv2&from=wxapp&c=entry&a=wxapp&do=main&&state=we7sid-a35b5a4e1f33d2c3b7573d3c6c500c3e&sign=f4c07ddb00eefd3ac395bd3ab428767a pn=upload; op=author; orderid=5250; 
上传
[2018-05-25 17:04:20] trace  /app/index.php?i=1&uniacid=1&t=undefined&v=1.1&m=ewei_shopv2&from=wxapp&c=entry&a=wxapp&do=main&&state=we7sid-a35b5a4e1f33d2c3b7573d3c6c500c3e&sign=f4c07ddb00eefd3ac395bd3ab428767a pn=upload; op=author; orderid=5253; 
上传
[2018-05-25 17:05:13] trace  /app/index.php?i=1&uniacid=1&t=undefined&v=1.1&m=ewei_shopv2&from=wxapp&c=entry&a=wxapp&do=main&&state=we7sid-a5ca6919c31968faef96f52ce8474aa6&sign=4f6e57dc391da8e61552fd7d678024cd pn=upload; op=order; orderid=5493; 
上传
[2018-05-25 17:07:43] trace  /app/index.php?i=1&uniacid=1&t=undefined&v=1.1&m=ewei_shopv2&from=wxapp&c=entry&a=wxapp&do=main&&state=we7sid-7f306247311d07e38ae904f3a1e6b26a&sign=a9cee54a98bcf50ca79ebe0645a51b92 op=order; pn=upload; orderid=5494; 
上传
[2018-05-25 17:10:43] trace  /app/index.php?i=1&uniacid=1&t=undefined&v=1.1&m=ewei_shopv2&from=wxapp&c=entry&a=wxapp&do=main&&state=we7sid-a35b5a4e1f33d2c3b7573d3c6c500c3e&sign=f4c07ddb00eefd3ac395bd3ab428767a pn=upload; op=author; orderid=5280; 
上传
[2018-05-25 17:18:15] trace  /app/index.php?i=1&uniacid=1&t=undefined&v=1.1&m=ewei_shopv2&from=wxapp&c=entry&a=wxapp&do=main&&state=we7sid-f1b7ba0d7b79995e7f1cd280c149076f&sign=8a3663e10bbd750623813f7593ded86b pn=upload; op=order; orderid=5495; 
上传
[2018-05-25 17:19:40] trace  /app/index.php?i=1&uniacid=1&t=undefined&v=1.1&m=ewei_shopv2&from=wxapp&c=entry&a=wxapp&do=main&&state=we7sid-a35b5a4e1f33d2c3b7573d3c6c500c3e&sign=f4c07ddb00eefd3ac395bd3ab428767a pn=upload; op=author; orderid=5300; 
上传
[2018-05-25 17:32:36] trace  /app/index.php?i=1&uniacid=1&t=undefined&v=1.1&m=ewei_shopv2&from=wxapp&c=entry&a=wxapp&do=main&&state=we7sid-a35b5a4e1f33d2c3b7573d3c6c500c3e&sign=f4c07ddb00eefd3ac395bd3ab428767a pn=upload; op=author; orderid=5309; 
上传
[2018-05-25 17:32:36] trace  /app/index.php?i=1&uniacid=1&t=undefined&v=1.1&m=ewei_shopv2&from=wxapp&c=entry&a=wxapp&do=main&&state=we7sid-a35b5a4e1f33d2c3b7573d3c6c500c3e&sign=f4c07ddb00eefd3ac395bd3ab428767a pn=upload; op=author; orderid=5309; 
上传
[2018-05-25 17:35:49] trace  /app/index.php?i=1&uniacid=1&t=undefined&v=1.1&m=ewei_shopv2&from=wxapp&c=entry&a=wxapp&do=main&&state=we7sid-9342fdb6080439fc5329cbe48bdf49a5&sign=52af703f9661f6de3f3320121f2623c4 pn=upload; op=order; orderid=5496; 
上传
[2018-05-25 17:38:36] trace  /app/index.php?i=1&uniacid=1&t=undefined&v=1.1&m=ewei_shopv2&from=wxapp&c=entry&a=wxapp&do=main&&state=we7sid-a35b5a4e1f33d2c3b7573d3c6c500c3e&sign=f4c07ddb00eefd3ac395bd3ab428767a pn=upload; op=author; orderid=5316; 
上传
[2018-05-25 17:52:09] trace  /app/index.php?i=1&uniacid=1&t=undefined&v=1.1&m=ewei_shopv2&from=wxapp&c=entry&a=wxapp&do=main&&state=we7sid-a35b5a4e1f33d2c3b7573d3c6c500c3e&sign=f4c07ddb00eefd3ac395bd3ab428767a pn=upload; op=author; orderid=5321; 
上传
[2018-05-25 18:00:37] trace  /app/index.php?i=1&uniacid=1&t=undefined&v=1.1&m=ewei_shopv2&from=wxapp&c=entry&a=wxapp&do=main&&state=we7sid-a35b5a4e1f33d2c3b7573d3c6c500c3e&sign=f4c07ddb00eefd3ac395bd3ab428767a pn=upload; op=author; orderid=5334; 
上传
[2018-05-25 18:01:47] trace  /app/index.php?i=1&uniacid=1&t=undefined&v=1.1&m=ewei_shopv2&from=wxapp&c=entry&a=wxapp&do=main&&state=we7sid-4f6312a6788b87c2b55cc161d87e0dd3&sign=f44d52d408198217e32a93573bd4e525 pn=upload; op=order; orderid=5497; 
上传
[2018-05-25 18:09:57] trace  /app/index.php?i=1&uniacid=1&t=undefined&v=1.1&m=ewei_shopv2&from=wxapp&c=entry&a=wxapp&do=main&&state=we7sid-a35b5a4e1f33d2c3b7573d3c6c500c3e&sign=f4c07ddb00eefd3ac395bd3ab428767a pn=upload; op=author; orderid=5336; 
上传
[2018-05-25 18:11:23] trace  /app/index.php?i=1&uniacid=1&t=undefined&v=1.1&m=ewei_shopv2&from=wxapp&c=entry&a=wxapp&do=main&&state=we7sid-25b75af82d6ab24d2e0571349ca61435&sign=e49ffe005282bfb53ab5ceff50638296 pn=upload; op=order; orderid=5498; 
上传
[2018-05-25 18:13:40] trace  /app/index.php?i=1&uniacid=1&t=undefined&v=1.1&m=ewei_shopv2&from=wxapp&c=entry&a=wxapp&do=main&&state=we7sid-25b75af82d6ab24d2e0571349ca61435&sign=e49ffe005282bfb53ab5ceff50638296 pn=upload; op=order; orderid=5499; 
上传
[2018-05-25 18:26:24] trace  /app/index.php?i=1&uniacid=1&t=undefined&v=1.1&m=ewei_shopv2&from=wxapp&c=entry&a=wxapp&do=main&&state=we7sid-a35b5a4e1f33d2c3b7573d3c6c500c3e&sign=f4c07ddb00eefd3ac395bd3ab428767a pn=upload; op=author; orderid=5346; 
上传
[2018-05-25 18:48:19] trace  /app/index.php?i=1&uniacid=1&t=undefined&v=1.1&m=ewei_shopv2&from=wxapp&c=entry&a=wxapp&do=main&&state=we7sid-4001fd120bb3e6d91d44ed00840ab246&sign=81b7d1fce869ac8d69ceaff18d63d6f4 pn=upload; op=order; orderid=5500; 
上传
[2018-05-25 18:57:58] trace  /app/index.php?i=1&uniacid=1&t=undefined&v=1.1&m=ewei_shopv2&from=wxapp&c=entry&a=wxapp&do=main&&state=we7sid-dada10558454df3e49b2ff8230e5be8b&sign=5871f3f99cd445239fd596fb78a8c7b9 pn=upload; op=order; orderid=5501; 
上传
[2018-05-25 19:09:54] trace  /app/index.php?i=1&uniacid=1&t=undefined&v=1.1&m=ewei_shopv2&from=wxapp&c=entry&a=wxapp&do=main&&state=we7sid-93dc82d65ac1eb2a77562eaab9e6f249&sign=7f6a0955b5706a160258a656df253f3c pn=upload; op=order; orderid=5502; 
上传
[2018-05-25 19:10:09] trace  /app/index.php?i=1&uniacid=1&t=undefined&v=1.1&m=ewei_shopv2&from=wxapp&c=entry&a=wxapp&do=main&&state=we7sid-93dc82d65ac1eb2a77562eaab9e6f249&sign=7f6a0955b5706a160258a656df253f3c pn=upload; op=order; orderid=5503; 
上传
[2018-05-25 19:10:16] trace  /app/index.php?i=1&uniacid=1&t=undefined&v=1.1&m=ewei_shopv2&from=wxapp&c=entry&a=wxapp&do=main&&state=we7sid-a35b5a4e1f33d2c3b7573d3c6c500c3e&sign=f4c07ddb00eefd3ac395bd3ab428767a pn=upload; op=author; orderid=5352; 
上传
[2018-05-25 19:10:31] trace  /app/index.php?i=1&uniacid=1&t=undefined&v=1.1&m=ewei_shopv2&from=wxapp&c=entry&a=wxapp&do=main&&state=we7sid-93dc82d65ac1eb2a77562eaab9e6f249&sign=7f6a0955b5706a160258a656df253f3c pn=upload; op=order; orderid=5504; 
上传
[2018-05-25 19:17:05] trace  /app/index.php?i=1&uniacid=1&t=undefined&v=1.1&m=ewei_shopv2&from=wxapp&c=entry&a=wxapp&do=main&&state=we7sid-93dc82d65ac1eb2a77562eaab9e6f249&sign=7f6a0955b5706a160258a656df253f3c pn=upload; op=order; orderid=5505; 
上传
[2018-05-25 19:24:02] trace  /app/index.php?i=1&uniacid=1&t=undefined&v=1.1&m=ewei_shopv2&from=wxapp&c=entry&a=wxapp&do=main&&state=we7sid-a35b5a4e1f33d2c3b7573d3c6c500c3e&sign=f4c07ddb00eefd3ac395bd3ab428767a pn=upload; op=author; orderid=5359; 
上传
[2018-05-25 19:29:40] trace  /app/index.php?i=1&uniacid=1&t=undefined&v=1.1&m=ewei_shopv2&from=wxapp&c=entry&a=wxapp&do=main&&state=we7sid-27fd2f80723f100527cea75cc26e8d49&sign=5b611bb0b5f89298b1f153f42b346a3e pn=upload; op=order; orderid=5506; 
上传
[2018-05-25 19:30:23] trace  /app/index.php?i=1&uniacid=1&t=undefined&v=1.1&m=ewei_shopv2&from=wxapp&c=entry&a=wxapp&do=main&&state=we7sid-a35b5a4e1f33d2c3b7573d3c6c500c3e&sign=f4c07ddb00eefd3ac395bd3ab428767a pn=upload; op=author; orderid=5363; 
上传
[2018-05-25 19:31:30] trace  /app/index.php?i=1&uniacid=1&t=undefined&v=1.1&m=ewei_shopv2&from=wxapp&c=entry&a=wxapp&do=main&&state=we7sid-bdf8ac3cc6430729f43eeae47269f1c5&sign=040adf5a61105f8da74efbca6fee6670 pn=upload; op=order; orderid=5507; 
上传
[2018-05-25 19:36:09] trace  /app/index.php?i=1&uniacid=1&t=undefined&v=1.1&m=ewei_shopv2&from=wxapp&c=entry&a=wxapp&do=main&&state=we7sid-a35b5a4e1f33d2c3b7573d3c6c500c3e&sign=f4c07ddb00eefd3ac395bd3ab428767a pn=upload; op=author; orderid=5370; 
上传
[2018-05-25 19:42:38] trace  /app/index.php?i=1&uniacid=1&t=undefined&v=1.1&m=ewei_shopv2&from=wxapp&c=entry&a=wxapp&do=main&&state=we7sid-d57be0a334dfa3105a6703f9669fb971&sign=e74db4a8e35a731522521a171d977f9c pn=upload; op=order; orderid=5508; 
上传
[2018-05-25 19:42:39] trace  /app/index.php?i=1&uniacid=1&t=undefined&v=1.1&m=ewei_shopv2&from=wxapp&c=entry&a=wxapp&do=main&&state=we7sid-d57be0a334dfa3105a6703f9669fb971&sign=e74db4a8e35a731522521a171d977f9c pn=upload; op=order; orderid=5508; 
上传
[2018-05-25 19:43:06] trace  /app/index.php?i=1&uniacid=1&t=undefined&v=1.1&m=ewei_shopv2&from=wxapp&c=entry&a=wxapp&do=main&&state=we7sid-a35b5a4e1f33d2c3b7573d3c6c500c3e&sign=f4c07ddb00eefd3ac395bd3ab428767a pn=upload; op=author; orderid=5379; 
上传
[2018-05-25 19:54:51] trace  /app/index.php?i=1&uniacid=1&t=undefined&v=1.1&m=ewei_shopv2&from=wxapp&c=entry&a=wxapp&do=main&&state=we7sid-a35b5a4e1f33d2c3b7573d3c6c500c3e&sign=f4c07ddb00eefd3ac395bd3ab428767a pn=upload; op=author; orderid=5388; 
上传
[2018-05-25 19:59:05] trace  /app/index.php?i=1&uniacid=1&t=undefined&v=1.1&m=ewei_shopv2&from=wxapp&c=entry&a=wxapp&do=main&&state=we7sid-78e0ec015ca512f568dff9a5c51afa14&sign=897d976a0e7cfc99ef9afc5a7d01fc49 pn=upload; op=order; orderid=5509; 
上传
[2018-05-25 20:02:17] trace  /app/index.php?i=1&uniacid=1&t=undefined&v=1.1&m=ewei_shopv2&from=wxapp&c=entry&a=wxapp&do=main&&state=we7sid-a35b5a4e1f33d2c3b7573d3c6c500c3e&sign=f4c07ddb00eefd3ac395bd3ab428767a pn=upload; op=author; orderid=5453; 
上传
[2018-05-25 20:18:18] trace  /app/index.php?i=1&uniacid=1&t=undefined&v=1.1&m=ewei_shopv2&from=wxapp&c=entry&a=wxapp&do=main&&state=we7sid-a35b5a4e1f33d2c3b7573d3c6c500c3e&sign=f4c07ddb00eefd3ac395bd3ab428767a pn=upload; op=author; orderid=5479; 
上传
[2018-05-25 20:21:58] trace  /app/index.php?i=1&uniacid=1&t=undefined&v=1.1&m=ewei_shopv2&from=wxapp&c=entry&a=wxapp&do=main&&state=we7sid-da5a65a2defa6ede8a6aa312f79f56c2&sign=41b57f3619ee23ed49eb01316a04ee2b pn=upload; op=order; orderid=5510; 
上传
[2018-05-25 20:33:26] trace  /app/index.php?i=1&uniacid=1&t=undefined&v=1.1&m=ewei_shopv2&from=wxapp&c=entry&a=wxapp&do=main&&state=we7sid-19e47906dc4e9d0dff70012b51ef4e6b&sign=a851b77b02771f1b32963176e3a005a1 pn=upload; op=order; orderid=5511; 
上传
[2018-05-25 20:34:29] trace  /app/index.php?i=1&uniacid=1&t=undefined&v=1.1&m=ewei_shopv2&from=wxapp&c=entry&a=wxapp&do=main&&state=we7sid-63ed5c4f9761eb023a0fe4435aa94109&sign=189b7616a88910744440d47371f3712b pn=upload; op=order; orderid=5512; 
上传
[2018-05-25 20:34:29] trace  /app/index.php?i=1&uniacid=1&t=undefined&v=1.1&m=ewei_shopv2&from=wxapp&c=entry&a=wxapp&do=main&&state=we7sid-6e3e052245f3d3a5513b2e0f5ecf6cf3&sign=0ea62c8839d93ef621f70f038a142904 pn=upload; op=order; orderid=5513; 
上传
[2018-05-25 20:58:39] trace  /app/index.php?i=1&uniacid=1&t=undefined&v=1.1&m=ewei_shopv2&from=wxapp&c=entry&a=wxapp&do=main&&state=we7sid-e47f3af049a0d54dea5b1c542992381c&sign=fc594b8d254d3c116ee67f7d7f21ee79 pn=upload; op=order; orderid=5514; 
上传
[2018-05-25 21:13:19] trace  /app/index.php?i=1&uniacid=1&t=undefined&v=1.1&m=ewei_shopv2&from=wxapp&c=entry&a=wxapp&do=main&&state=we7sid-a011b0e7ab4d39254a85d044c77914b5&sign=436b17b0463fe9097e706a60a7016069 pn=upload; op=order; orderid=5515; 
上传
[2018-05-25 22:11:10] trace  /app/index.php?i=1&uniacid=1&t=undefined&v=1.1&m=ewei_shopv2&from=wxapp&c=entry&a=wxapp&do=main&&state=we7sid-85f253055716685b0512c7c8a0236c2e&sign=306a3f4cd6aed25e4fafbd666383f623 pn=upload; op=order; orderid=5516; 
上传
[2018-05-25 22:12:08] trace  /app/index.php?i=1&uniacid=1&t=undefined&v=1.1&m=ewei_shopv2&from=wxapp&c=entry&a=wxapp&do=main&&state=we7sid-d064843718319103f85961a86ee79d77&sign=e311aa2949b581259dbf80cf9a9888d6 pn=upload; op=order; orderid=5517; 
上传
[2018-05-25 22:19:41] trace  /app/index.php?i=1&uniacid=1&t=undefined&v=1.1&m=ewei_shopv2&from=wxapp&c=entry&a=wxapp&do=main&&state=we7sid-1d39739d2a64fcc7ecd63a09d417c183&sign=c7733dd6e048fba7f6b629de0f2b2033 op=order; orderid=5518; pn=upload; 
上传
[2018-05-25 22:27:54] trace  /app/index.php?i=1&uniacid=1&t=undefined&v=1.1&m=ewei_shopv2&from=wxapp&c=entry&a=wxapp&do=main&&state=we7sid-cb80b427e4842fcec59801894d7257d8&sign=ec8f709e49c58df8854239ae3e309404 pn=upload; op=order; orderid=5519; 
上传
[2018-05-25 22:35:49] trace  /app/index.php?i=1&uniacid=1&t=undefined&v=1.1&m=ewei_shopv2&from=wxapp&c=entry&a=wxapp&do=main&&state=we7sid-f8a2ee40d9f2e53a793241cb8cef6930&sign=5bb6b9f1335716486cd5b28e610348a8 pn=upload; op=order; orderid=5520; 
上传
[2018-05-25 22:36:17] trace  /app/index.php?i=1&uniacid=1&t=undefined&v=1.1&m=ewei_shopv2&from=wxapp&c=entry&a=wxapp&do=main&&state=we7sid-cb80b427e4842fcec59801894d7257d8&sign=ec8f709e49c58df8854239ae3e309404 pn=upload; op=order; orderid=5521; 
上传
[2018-05-25 22:38:14] trace  /app/index.php?i=1&uniacid=1&t=undefined&v=1.1&m=ewei_shopv2&from=wxapp&c=entry&a=wxapp&do=main&&state=we7sid-3d70231ee25e7bc33a3c9d9c293c093d&sign=77399ce46ac2c863797c95f7b904071f pn=upload; op=order; orderid=5522; 
上传
[2018-05-25 22:45:26] trace  /app/index.php?i=1&uniacid=1&t=undefined&v=1.1&m=ewei_shopv2&from=wxapp&c=entry&a=wxapp&do=main&&state=we7sid-0fa7d8fc56692f2e6d10360a5d7c968e&sign=79d4e9067cb83b34aac466d0260c41ad op=order; pn=upload; orderid=5523; 
上传
[2018-05-25 22:49:11] trace  /app/index.php?i=1&uniacid=1&t=undefined&v=1.1&m=ewei_shopv2&from=wxapp&c=entry&a=wxapp&do=main&&state=we7sid-4a3fa746d524080bbe5d07969cdfd25c&sign=364e3b77f6cd683c476d858004a2c3e3 pn=upload; op=order; orderid=5524; 
上传
[2018-05-25 22:49:47] trace  /app/index.php?i=1&uniacid=1&t=undefined&v=1.1&m=ewei_shopv2&from=wxapp&c=entry&a=wxapp&do=main&&state=we7sid-4a3fa746d524080bbe5d07969cdfd25c&sign=364e3b77f6cd683c476d858004a2c3e3 pn=upload; op=order; orderid=5525; 
上传
[2018-05-25 22:55:42] trace  /app/index.php?i=1&uniacid=1&t=undefined&v=1.1&m=ewei_shopv2&from=wxapp&c=entry&a=wxapp&do=main&&state=we7sid-9cf278081ad8bdf6c8634ec6ca0dee97&sign=807444b78e6921fc635600a376b9e633 pn=upload; op=order; orderid=5526; 
上传
[2018-05-25 22:56:02] trace  /app/index.php?i=1&uniacid=1&t=undefined&v=1.1&m=ewei_shopv2&from=wxapp&c=entry&a=wxapp&do=main&&state=we7sid-4a3fa746d524080bbe5d07969cdfd25c&sign=364e3b77f6cd683c476d858004a2c3e3 pn=upload; op=order; orderid=5527; 
上传
[2018-05-25 22:57:19] trace  /app/index.php?i=1&uniacid=1&t=undefined&v=1.1&m=ewei_shopv2&from=wxapp&c=entry&a=wxapp&do=main&&state=we7sid-a79cd5fd32463c362605501b43484090&sign=bd699efc0b628ebabc2972223937f795 pn=upload; op=order; orderid=5528; 
上传
[2018-05-25 23:05:51] trace  /app/index.php?i=1&uniacid=1&t=undefined&v=1.1&m=ewei_shopv2&from=wxapp&c=entry&a=wxapp&do=main&&state=we7sid-8ee43cfa4ab0cfee115bc81e23c24a63&sign=e2a37c6efc616f55a25c2b2202d029ec pn=upload; op=order; orderid=5529; 
上传
[2018-05-25 23:18:06] trace  /app/index.php?i=1&uniacid=1&t=undefined&v=1.1&m=ewei_shopv2&from=wxapp&c=entry&a=wxapp&do=main&&state=we7sid-1aba22cf396357f7d4dd9f341f9a1835&sign=a6f29b04322865b6f71fce5d4a6364f5 pn=upload; op=order; orderid=5530; 
上传
[2018-05-25 23:20:02] trace  /app/index.php?i=1&uniacid=1&t=undefined&v=1.1&m=ewei_shopv2&from=wxapp&c=entry&a=wxapp&do=main&&state=we7sid-4a03f26faaccc2891c45e6e3902b8cdf&sign=84127a8b6163a861389e2ed7fd2d947f pn=upload; op=order; orderid=5531; 
上传
[2018-05-25 23:25:58] trace  /app/index.php?i=1&uniacid=1&t=undefined&v=1.1&m=ewei_shopv2&from=wxapp&c=entry&a=wxapp&do=main&&state=we7sid-bfbe727c26f6c28b1745e11290c6b8dd&sign=c04e88d2d1375b67d17a464901fd9709 op=order; pn=upload; orderid=5532; 
上传
[2018-05-25 23:42:17] trace  /app/index.php?i=1&uniacid=1&t=undefined&v=1.1&m=ewei_shopv2&from=wxapp&c=entry&a=wxapp&do=main&&state=we7sid-7600d2a806d090503c14e56e817ab063&sign=ab5d5b1205226727d2a66fd58739589a pn=upload; op=order; orderid=5533; 
上传
