[2018-10-20 00:22:36] trace  /app/index.php?i=1&uniacid=1&t=undefined&v=1.3&m=ewei_shopv2&from=wxapp&c=entry&a=wxapp&do=main&&state=we7sid-c10660552539a82d0cfea1a23ca8c7c4&sign=e692b58ad7b728101fcf9e1cd6e8a478 op=order; orderid=19303; pn=upload; 
上传
[2018-10-20 01:34:33] trace  /app/index.php?i=1&uniacid=1&t=undefined&v=1.3&m=ewei_shopv2&from=wxapp&c=entry&a=wxapp&do=main&&state=we7sid-4c4841626247c769da205b49471047c3&sign=5f8f4e9de10e4c2d24fba095bd5de11c pn=upload; op=order; orderid=19304; 
上传
[2018-10-20 01:34:41] trace  /app/index.php?i=1&uniacid=1&t=undefined&v=1.3&m=ewei_shopv2&from=wxapp&c=entry&a=wxapp&do=main&&state=we7sid-4c4841626247c769da205b49471047c3&sign=5f8f4e9de10e4c2d24fba095bd5de11c pn=upload; op=order; orderid=19305; 
上传
[2018-10-20 03:35:38] trace  /app/index.php?i=1&uniacid=1&t=undefined&v=1.3&m=ewei_shopv2&from=wxapp&c=entry&a=wxapp&do=main&&state=we7sid-c87b644205f3aa5cacd3c221cde2ac33&sign=50e18cf0e9561a04aca0ba2abc6d0e84 pn=upload; op=author; orderid=19141; 
上传
[2018-10-20 03:41:16] trace  /app/index.php?i=1&uniacid=1&t=undefined&v=1.3&m=ewei_shopv2&from=wxapp&c=entry&a=wxapp&do=main&&state=we7sid-c87b644205f3aa5cacd3c221cde2ac33&sign=50e18cf0e9561a04aca0ba2abc6d0e84 pn=upload; op=author; orderid=19175; 
上传
[2018-10-20 03:46:43] trace  /app/index.php?i=1&uniacid=1&t=undefined&v=1.3&m=ewei_shopv2&from=wxapp&c=entry&a=wxapp&do=main&&state=we7sid-c87b644205f3aa5cacd3c221cde2ac33&sign=50e18cf0e9561a04aca0ba2abc6d0e84 pn=upload; op=author; orderid=19214; 
上传
[2018-10-20 03:51:56] trace  /app/index.php?i=1&uniacid=1&t=undefined&v=1.3&m=ewei_shopv2&from=wxapp&c=entry&a=wxapp&do=main&&state=we7sid-c87b644205f3aa5cacd3c221cde2ac33&sign=50e18cf0e9561a04aca0ba2abc6d0e84 pn=upload; op=author; orderid=19219; 
上传
[2018-10-20 04:26:37] trace  /app/index.php?i=1&uniacid=1&t=undefined&v=1.3&m=ewei_shopv2&from=wxapp&c=entry&a=wxapp&do=main&&state=we7sid-9d2c7989745a631cb7b1d0b27f9c84dd&sign=6230dd90bc58c4fcc60ade0893731951 pn=upload; op=order; orderid=19306; 
上传
[2018-10-20 07:43:39] trace  /app/index.php?i=1&uniacid=1&t=undefined&v=1.3&m=ewei_shopv2&from=wxapp&c=entry&a=wxapp&do=main&&state=we7sid-1257b98c60e0e24282263b213ebace97&sign=272c38976044a79c9a2df5b0b2d28d49 pn=upload; op=order; orderid=19307; 
上传
[2018-10-20 08:33:56] trace  /app/index.php?i=1&uniacid=1&t=undefined&v=1.3&m=ewei_shopv2&from=wxapp&c=entry&a=wxapp&do=main&&state=we7sid-726c6a79da163c53e62b733a7100f074&sign=5b41b92f95480e79b4bc411b5f545cbb pn=upload; op=order; orderid=19308; 
上传
[2018-10-20 08:49:58] trace  /app/index.php?i=1&uniacid=1&t=undefined&v=1.3&m=ewei_shopv2&from=wxapp&c=entry&a=wxapp&do=main&&state=we7sid-2669bcd67548a035344dc0809175f291&sign=5408d870eb0c997d25c96f1833d1d3ed pn=upload; op=order; orderid=19309; 
上传
[2018-10-20 08:56:31] trace  /app/index.php?i=1&uniacid=1&t=undefined&v=1.3&m=ewei_shopv2&from=wxapp&c=entry&a=wxapp&do=main&&state=we7sid-491d8f24eae3217aa843af5080120349&sign=f8d5501b0ce8512b02acb4a2ef9e4bc8 pn=upload; op=order; orderid=19310; 
上传
[2018-10-20 09:09:25] trace  /app/index.php?i=1&uniacid=1&t=undefined&v=1.3&m=ewei_shopv2&from=wxapp&c=entry&a=wxapp&do=main&&state=we7sid-fc364d66b27de8a242dfe702befa6c1d&sign=33f1eca57f72590f85f12411ce39fb18 pn=upload; op=order; orderid=19311; 
上传
[2018-10-20 09:33:00] trace  /app/index.php?i=1&uniacid=1&t=undefined&v=1.3&m=ewei_shopv2&from=wxapp&c=entry&a=wxapp&do=main&&state=we7sid-6f0614ebfa46dfccafab1483252e245a&sign=4263835df9b13822833e88f832a381a4 pn=upload; op=order; orderid=19312; 
上传
[2018-10-20 10:24:07] trace  /app/index.php?i=1&uniacid=1&t=undefined&v=1.3&m=ewei_shopv2&from=wxapp&c=entry&a=wxapp&do=main&&state=we7sid-3b115b3e99978137424119fd17a623eb&sign=0202c50a710af43d22e9f8f1ed51d0a3 pn=upload; op=order; orderid=19313; 
上传
[2018-10-20 10:27:55] trace  /app/index.php?i=1&uniacid=1&t=undefined&v=1.3&m=ewei_shopv2&from=wxapp&c=entry&a=wxapp&do=main&&state=we7sid-bbf6394526ad364963a58fe1407e32cb&sign=72a68c969c2f6fd9d174522e5e722f69 pn=upload; op=order; orderid=19314; 
上传
[2018-10-20 10:43:08] trace  /app/index.php?i=1&uniacid=1&t=undefined&v=1.3&m=ewei_shopv2&from=wxapp&c=entry&a=wxapp&do=main&&state=we7sid-976b4f78f063179cbb850625e02ea523&sign=c4811afde3ea55fc6a7f049c4c76b24a pn=upload; op=order; orderid=19316; 
上传
[2018-10-20 10:44:56] trace  /app/index.php?i=1&uniacid=1&t=undefined&v=1.3&m=ewei_shopv2&from=wxapp&c=entry&a=wxapp&do=main&&state=we7sid-8e7d4e9b388cc2e57bf4046a3b935260&sign=ccc49f7098fe3288db396202c55bb236 op=order; orderid=19317; pn=upload; 
上传
[2018-10-20 10:46:21] trace  /app/index.php?i=1&uniacid=1&t=undefined&v=1.3&m=ewei_shopv2&from=wxapp&c=entry&a=wxapp&do=main&&state=we7sid-38defa2d217bff30b7b385cb7c783727&sign=def8b8b15df43c2046babd6e9520c68d pn=upload; op=order; orderid=19318; 
上传
[2018-10-20 10:47:09] trace  /app/index.php?i=1&uniacid=1&t=undefined&v=1.3&m=ewei_shopv2&from=wxapp&c=entry&a=wxapp&do=main&&state=we7sid-504eb7ecba8a6fd74da2974fa92ffea6&sign=85113a31fdc3da7530e58accbc0cf716 op=order; orderid=19319; pn=upload; 
上传
[2018-10-20 10:48:11] trace  /app/index.php?i=1&uniacid=1&t=undefined&v=1.3&m=ewei_shopv2&from=wxapp&c=entry&a=wxapp&do=main&&state=we7sid-e64671fc040e3cf6a3ced7afdca0f1f7&sign=815f6c607ec63c1fff36ca0374ce0dc2 op=order; orderid=19320; pn=upload; 
上传
[2018-10-20 10:49:36] trace  /app/index.php?i=1&uniacid=1&t=undefined&v=1.3&m=ewei_shopv2&from=wxapp&c=entry&a=wxapp&do=main&&state=we7sid-5c9601ae6d360d469a5cc386c01ae105&sign=d7a3f3d8277b849b08e599f32b9e58a4 op=order; orderid=19321; pn=upload; 
上传
[2018-10-20 10:54:17] trace  /app/index.php?i=1&uniacid=1&t=undefined&v=1.3&m=ewei_shopv2&from=wxapp&c=entry&a=wxapp&do=main&&state=we7sid-3b73d0157fb877aaa9c519f87e70a4e5&sign=f470d9252a6a86e0a852f18ce4434d05 pn=upload; op=order; orderid=19322; 
上传
[2018-10-20 10:59:34] trace  /app/index.php?i=1&uniacid=1&t=undefined&v=1.3&m=ewei_shopv2&from=wxapp&c=entry&a=wxapp&do=main&&state=we7sid-c938efafa1806d937da46e2c5ce6b7dc&sign=f2b71f1b768f81a5c1fe1e3c79a9829d pn=upload; op=order; orderid=19323; 
上传
[2018-10-20 11:00:50] trace  /app/index.php?i=1&uniacid=1&t=undefined&v=1.3&m=ewei_shopv2&from=wxapp&c=entry&a=wxapp&do=main&&state=we7sid-21976b1c6853c4fba7688a45d87a84b0&sign=b060ac59ab8960dbed1065a48e1c2fcc op=order; orderid=19324; pn=upload; 
上传
[2018-10-20 11:01:04] trace  /app/index.php?i=1&uniacid=1&t=undefined&v=1.3&m=ewei_shopv2&from=wxapp&c=entry&a=wxapp&do=main&&state=we7sid-13f9a2cac04f1174ae1598238495cbfc&sign=de56c10e4f00f4a08bef574ef8fd581c pn=upload; op=order; orderid=19325; 
上传
[2018-10-20 11:06:13] trace  /app/index.php?i=1&uniacid=1&t=undefined&v=1.3&m=ewei_shopv2&from=wxapp&c=entry&a=wxapp&do=main&&state=we7sid-b2835d238001ab7e3426a801f31b8432&sign=9b916d8969e6edaaa169839cdc8464e6 op=order; orderid=19326; pn=upload; 
上传
[2018-10-20 11:10:20] trace  /app/index.php?i=1&uniacid=1&t=undefined&v=1.3&m=ewei_shopv2&from=wxapp&c=entry&a=wxapp&do=main&&state=we7sid-3e018523b2592adb55e8aeab16ed3c12&sign=795e1ee4ee9a3e6a30fa4548dbb6b6a5 pn=upload; op=order; orderid=19327; 
上传
[2018-10-20 11:11:33] trace  /app/index.php?i=1&uniacid=1&t=undefined&v=1.3&m=ewei_shopv2&from=wxapp&c=entry&a=wxapp&do=main&&state=we7sid-3f0420b400585094279fca78460f5e9f&sign=7f2cbd97b1fb6cdf22bc1920c7d727e2 op=order; orderid=19328; pn=upload; 
上传
[2018-10-20 11:15:12] trace  /app/index.php?i=1&uniacid=1&t=undefined&v=1.3&m=ewei_shopv2&from=wxapp&c=entry&a=wxapp&do=main&&state=we7sid-3e018523b2592adb55e8aeab16ed3c12&sign=795e1ee4ee9a3e6a30fa4548dbb6b6a5 pn=upload; op=order; orderid=19329; 
上传
[2018-10-20 11:24:49] trace  /app/index.php?i=1&uniacid=1&t=undefined&v=1.3&m=ewei_shopv2&from=wxapp&c=entry&a=wxapp&do=main&&state=we7sid-2b39175ecc4cd1598c7f5b20c2ff324d&sign=a1d6ce92a6d27998f26dd230e76e6a85 pn=upload; op=order; orderid=19330; 
上传
[2018-10-20 11:26:31] trace  /app/index.php?i=1&uniacid=1&t=undefined&v=1.3&m=ewei_shopv2&from=wxapp&c=entry&a=wxapp&do=main&&state=we7sid-4b757c8033eb158b88030aad4edfed24&sign=d99efee1acc6fabb4e018665165e6e5c pn=upload; op=order; orderid=19331; 
上传
[2018-10-20 11:39:01] trace  /app/index.php?i=1&uniacid=1&t=undefined&v=1.3&m=ewei_shopv2&from=wxapp&c=entry&a=wxapp&do=main&&state=we7sid-7d02407a90c7b9d6eff99c2fbef2c2c5&sign=5ebca69c9e3e8bc53fbfefa5de642d1c pn=upload; op=order; orderid=19332; 
上传
[2018-10-20 11:49:41] trace  /app/index.php?i=1&uniacid=1&t=undefined&v=1.3&m=ewei_shopv2&from=wxapp&c=entry&a=wxapp&do=main&&state=we7sid-f90fa8f14fa771c0d15efe8f27a3a7d4&sign=71816fccd2fd1992ce3f041be9f74806 pn=upload; op=order; orderid=19333; 
上传
[2018-10-20 11:51:23] trace  /app/index.php?i=1&uniacid=1&t=undefined&v=1.3&m=ewei_shopv2&from=wxapp&c=entry&a=wxapp&do=main&&state=we7sid-1f9743a59f165f128132df8b0a981d61&sign=7bf43c096210740329be2d0622aa9ceb pn=upload; op=order; orderid=19334; 
上传
[2018-10-20 12:03:07] trace  /app/index.php?i=1&uniacid=1&t=undefined&v=1.3&m=ewei_shopv2&from=wxapp&c=entry&a=wxapp&do=main&&state=we7sid-6102afaabbf7ea3502f9882d64603475&sign=1c1961d74d2a1cf0c6853ca3513fd16e pn=upload; op=order; orderid=19335; 
上传
[2018-10-20 12:08:42] trace  /app/index.php?i=1&uniacid=1&t=undefined&v=1.3&m=ewei_shopv2&from=wxapp&c=entry&a=wxapp&do=main&&state=we7sid-dd9973ec408055d4cd6cc7d461e77023&sign=1c18f9b85f2d6b9d681a08ea8083b016 op=order; orderid=19336; pn=upload; 
上传
[2018-10-20 12:16:14] trace  /app/index.php?i=1&uniacid=1&t=undefined&v=1.3&m=ewei_shopv2&from=wxapp&c=entry&a=wxapp&do=main&&state=we7sid-1a3f250c20eea9b459c619bfb1aa5260&sign=ee7fe07eac4a804431abee260212e425 pn=upload; op=order; orderid=19338; 
上传
[2018-10-20 12:33:09] trace  /app/index.php?i=1&uniacid=1&t=undefined&v=1.3&m=ewei_shopv2&from=wxapp&c=entry&a=wxapp&do=main&&state=we7sid-e702fbbfed0756915b1c6e5c4c9f51c1&sign=0bc3ac1a77c80639da252211645e4a6c pn=upload; op=order; orderid=19339; 
上传
[2018-10-20 12:55:28] trace  /app/index.php?i=1&uniacid=1&t=undefined&v=1.3&m=ewei_shopv2&from=wxapp&c=entry&a=wxapp&do=main&&state=we7sid-5f2c1c6c35453f5978a358185e786744&sign=84cf1766a5e9582604ad2cad179dc4b7 op=order; orderid=19340; pn=upload; 
上传
[2018-10-20 13:04:31] trace  /app/index.php?i=1&uniacid=1&t=undefined&v=1.3&m=ewei_shopv2&from=wxapp&c=entry&a=wxapp&do=main&&state=we7sid-5d77354d91b01a8b86feb750c6c575ee&sign=880ab33b32dc8b9fd04178e3bb95b66d op=order; orderid=19341; pn=upload; 
上传
[2018-10-20 13:05:45] trace  /app/index.php?i=1&uniacid=1&t=undefined&v=1.3&m=ewei_shopv2&from=wxapp&c=entry&a=wxapp&do=main&&state=we7sid-7575604039afd03e2ba3084cf19d8231&sign=28254afebbe36d49e05d08fcaea7f315 pn=upload; op=order; orderid=19342; 
上传
[2018-10-20 13:24:17] trace  /app/index.php?i=1&uniacid=1&t=undefined&v=1.3&m=ewei_shopv2&from=wxapp&c=entry&a=wxapp&do=main&&state=we7sid-f492a6c6344dd4fd1cd2a5f94ce6971c&sign=4e1b984ca4e668c1fc3591cef2289459 pn=upload; op=order; orderid=19343; 
上传
[2018-10-20 13:28:09] trace  /app/index.php?i=1&uniacid=1&t=undefined&v=1.3&m=ewei_shopv2&from=wxapp&c=entry&a=wxapp&do=main&&state=we7sid-aed8c9dbd3894fd04c64341a564597cb&sign=e44dc086e3354199c4feae9ece4659b5 pn=upload; op=order; orderid=19344; 
上传
[2018-10-20 13:31:13] trace  /app/index.php?i=1&uniacid=1&t=undefined&v=1.3&m=ewei_shopv2&from=wxapp&c=entry&a=wxapp&do=main&&state=we7sid-d655c37dad1a1c1cf0f01551cb4263f8&sign=c1ad91d1bbbd60c25addc83fe92e654e op=order; orderid=19345; pn=upload; 
上传
[2018-10-20 13:32:25] trace  /app/index.php?i=1&uniacid=1&t=undefined&v=1.3&m=ewei_shopv2&from=wxapp&c=entry&a=wxapp&do=main&&state=we7sid-ff877927dcf7f1e6b7ef1ed29bfcdced&sign=1cb60a5858e0cc7447e3011f7e39961e op=order; orderid=19346; pn=upload; 
上传
[2018-10-20 13:38:00] trace  /app/index.php?i=1&uniacid=1&t=undefined&v=1.3&m=ewei_shopv2&from=wxapp&c=entry&a=wxapp&do=main&&state=we7sid-48cc8ad33c7e324f37be302411a532fc&sign=0121a19d4da4db062374a3dbf0fd7cc9 op=order; orderid=19347; pn=upload; 
上传
[2018-10-20 13:44:24] trace  /app/index.php?i=1&uniacid=1&t=undefined&v=1.3&m=ewei_shopv2&from=wxapp&c=entry&a=wxapp&do=main&&state=we7sid-d091822af04ecf95a84634374fc41d79&sign=8125a8135092313b08ff9dfc21a3556a op=order; orderid=19348; pn=upload; 
上传
[2018-10-20 14:01:14] trace  /app/index.php?i=1&uniacid=1&t=undefined&v=1.3&m=ewei_shopv2&from=wxapp&c=entry&a=wxapp&do=main&&state=we7sid-1275a042aba25c4da4ebcb6cc0e2bb5e&sign=178115f90dab90d5e8f1e791f3ff6b1f pn=upload; op=order; orderid=19349; 
上传
[2018-10-20 14:04:27] trace  /app/index.php?i=1&uniacid=1&t=undefined&v=1.3&m=ewei_shopv2&from=wxapp&c=entry&a=wxapp&do=main&&state=we7sid-d65be013a97b24383292564ec8a7f058&sign=76c1a082c6634eeae45aa8cd596951cb pn=upload; op=order; orderid=19350; 
上传
[2018-10-20 14:04:39] trace  /app/index.php?i=1&uniacid=1&t=undefined&v=1.3&m=ewei_shopv2&from=wxapp&c=entry&a=wxapp&do=main&&state=we7sid-d65be013a97b24383292564ec8a7f058&sign=76c1a082c6634eeae45aa8cd596951cb pn=upload; op=order; orderid=19351; 
上传
[2018-10-20 14:06:08] trace  /app/index.php?i=1&uniacid=1&t=undefined&v=1.3&m=ewei_shopv2&from=wxapp&c=entry&a=wxapp&do=main&&state=we7sid-c9fb9337040d36598cfcdca702ae3542&sign=d89206ba6f53e85dc3574430fa98ea14 op=order; orderid=19352; pn=upload; 
上传
[2018-10-20 14:32:44] trace  /app/index.php?i=1&uniacid=1&t=undefined&v=1.3&m=ewei_shopv2&from=wxapp&c=entry&a=wxapp&do=main&&state=we7sid-18198a914ac3c1f639f8015069b0d76d&sign=b590f035909d9306b19b4e3c015873bf pn=upload; op=order; orderid=19353; 
上传
[2018-10-20 15:15:34] trace  /app/index.php?i=1&uniacid=1&t=undefined&v=1.3&m=ewei_shopv2&from=wxapp&c=entry&a=wxapp&do=main&&state=we7sid-6a27072b5ea01671a7b0d6edb751fabf&sign=6d8bb570f62e676b864ad6c0dc0e5315 pn=upload; op=order; orderid=19354; 
上传
[2018-10-20 15:31:02] trace  /app/index.php?i=1&uniacid=1&t=undefined&v=1.3&m=ewei_shopv2&from=wxapp&c=entry&a=wxapp&do=main&&state=we7sid-5a54db89db784efa0f3315f7c98c6ce5&sign=a34c345c1be559c73c826b86f5be5e6a pn=upload; op=order; orderid=19355; 
上传
[2018-10-20 15:45:50] trace  /app/index.php?i=1&uniacid=1&t=undefined&v=1.3&m=ewei_shopv2&from=wxapp&c=entry&a=wxapp&do=main&&state=we7sid-dd303afe8cff3a67204b88a29321fe77&sign=b213a1b8fa5f479b20ef1d67e7553319 pn=upload; op=order; orderid=19356; 
上传
[2018-10-20 15:49:36] trace  /app/index.php?i=1&uniacid=1&t=undefined&v=1.3&m=ewei_shopv2&from=wxapp&c=entry&a=wxapp&do=main&&state=we7sid-0b7fe8b2315eff331d18aa5538b5059b&sign=2e01fbe8192f298ba308a87e15b52232 op=order; pn=upload; orderid=19357; 
上传
[2018-10-20 16:10:57] trace  /app/index.php?i=1&uniacid=1&t=undefined&v=1.3&m=ewei_shopv2&from=wxapp&c=entry&a=wxapp&do=main&&state=we7sid-57a78515f17eac657fbfd2f7949085f4&sign=698bef210945732fd26148356845481e pn=upload; op=order; orderid=19358; 
上传
[2018-10-20 16:12:24] trace  /app/index.php?i=1&uniacid=1&t=undefined&v=1.3&m=ewei_shopv2&from=wxapp&c=entry&a=wxapp&do=main&&state=we7sid-57a78515f17eac657fbfd2f7949085f4&sign=698bef210945732fd26148356845481e pn=upload; op=order; orderid=19359; 
上传
[2018-10-20 16:56:16] trace  /app/index.php?i=1&uniacid=1&t=undefined&v=1.3&m=ewei_shopv2&from=wxapp&c=entry&a=wxapp&do=main&&state=we7sid-0e2f4caabc7bdcdbc82d328044389759&sign=22b95db6fb63ddc3615c8115308c5aa9 pn=upload; op=order; orderid=19360; 
上传
[2018-10-20 17:06:02] trace  /app/index.php?i=1&uniacid=1&t=undefined&v=1.3&m=ewei_shopv2&from=wxapp&c=entry&a=wxapp&do=main&&state=we7sid-994047f488b0cdf5788842392a8b26c1&sign=bcb458e5f4b421535cee6d3d93fbe5a1 op=order; orderid=19361; pn=upload; 
上传
[2018-10-20 17:09:55] trace  /app/index.php?i=1&uniacid=1&t=undefined&v=1.3&m=ewei_shopv2&from=wxapp&c=entry&a=wxapp&do=main&&state=we7sid-77d2bab9ff10df9ae6f8b136b406fc2c&sign=f50b1d343437fcab0d3d4e6838a0c35c op=order; orderid=19362; pn=upload; 
上传
[2018-10-20 17:15:00] trace  /app/index.php?i=1&uniacid=1&t=undefined&v=1.3&m=ewei_shopv2&from=wxapp&c=entry&a=wxapp&do=main&&state=we7sid-00557826546815e82e463a5493baf8b5&sign=65b052482974ae3324dff06b62b8fc9d pn=upload; op=order; orderid=19363; 
上传
[2018-10-20 17:45:34] trace  /app/index.php?i=1&uniacid=1&t=undefined&v=1.3&m=ewei_shopv2&from=wxapp&c=entry&a=wxapp&do=main&&state=we7sid-27dc77d15060e20be2b9041361a2ef0e&sign=b1b4848f9d481638f52143a3087d183a pn=upload; op=order; orderid=19364; 
上传
[2018-10-20 18:55:26] trace  /app/index.php?i=1&uniacid=1&t=undefined&v=1.3&m=ewei_shopv2&from=wxapp&c=entry&a=wxapp&do=main&&state=we7sid-33aba41457049060a5f57278594a94f4&sign=b65381b2c9825009654ac7724b597e3b pn=upload; op=order; orderid=19365; 
上传
[2018-10-20 19:00:22] trace  /app/index.php?i=1&uniacid=1&t=undefined&v=1.3&m=ewei_shopv2&from=wxapp&c=entry&a=wxapp&do=main&&state=we7sid-72381fe02bc659832aa3fc1d161137cc&sign=c9e64df501428bb9c5d2b1657482f4f5 pn=upload; op=order; orderid=19366; 
上传
[2018-10-20 19:01:16] trace  /app/index.php?i=1&uniacid=1&t=undefined&v=1.3&m=ewei_shopv2&from=wxapp&c=entry&a=wxapp&do=main&&state=we7sid-f90c2c0864d928c0d3922418c42564f4&sign=07fdd5a82437f3e6dc3f031a4001f3bf pn=upload; op=order; orderid=19367; 
上传
[2018-10-20 19:29:09] trace  /app/index.php?i=1&uniacid=1&t=undefined&v=1.3&m=ewei_shopv2&from=wxapp&c=entry&a=wxapp&do=main&&state=we7sid-473de5d052ea5b82e6eed1b14fbe4191&sign=07de8971e81a96ad15727180e553e911 pn=upload; op=order; orderid=19368; 
上传
[2018-10-20 19:36:41] trace  /app/index.php?i=1&uniacid=1&t=undefined&v=1.3&m=ewei_shopv2&from=wxapp&c=entry&a=wxapp&do=main&&state=we7sid-4ccbecf57486da11a95380594efec0de&sign=8738684e462f004e650ebe02fe41de8f op=order; orderid=19369; pn=upload; 
上传
[2018-10-20 19:37:41] trace  /app/index.php?i=1&uniacid=1&t=undefined&v=1.3&m=ewei_shopv2&from=wxapp&c=entry&a=wxapp&do=main&&state=we7sid-2e13897ef665fb99c4059f91ec80c992&sign=08a73249b2c89a4d92d61b92fb22c022 pn=upload; op=order; orderid=19370; 
上传
[2018-10-20 19:44:45] trace  /app/index.php?i=1&uniacid=1&t=undefined&v=1.3&m=ewei_shopv2&from=wxapp&c=entry&a=wxapp&do=main&&state=we7sid-57ff3ecaba97d38e3007e5909485dd64&sign=90ef21190050727bbc707d1a1b165f67 op=order; orderid=19371; pn=upload; 
上传
[2018-10-20 19:55:57] trace  /app/index.php?i=1&uniacid=1&t=undefined&v=1.3&m=ewei_shopv2&from=wxapp&c=entry&a=wxapp&do=main&&state=we7sid-f6dfc099c8203c64ad53e8dd434d27bc&sign=76934cfc57723452fde83c1ce79582e6 pn=upload; op=order; orderid=19372; 
上传
[2018-10-20 19:59:27] trace  /app/index.php?i=1&uniacid=1&t=undefined&v=1.3&m=ewei_shopv2&from=wxapp&c=entry&a=wxapp&do=main&&state=we7sid-3d4124237395602c4002f3c1040dbb8d&sign=1e81ac7a88bd517fe8c13bb1b69bf84e pn=upload; op=order; orderid=19373; 
上传
[2018-10-20 21:05:03] trace  /app/index.php?i=1&uniacid=1&t=undefined&v=1.3&m=ewei_shopv2&from=wxapp&c=entry&a=wxapp&do=main&&state=we7sid-12c7af2d69e4b5c5707013686abd0ff3&sign=b5cd526efcfb887f89caef844dce32c5 op=order; orderid=19375; pn=upload; 
上传
[2018-10-20 21:53:39] trace  /app/index.php?i=1&uniacid=1&t=undefined&v=1.3&m=ewei_shopv2&from=wxapp&c=entry&a=wxapp&do=main&&state=we7sid-0356eb0653c26062f3f7e64cee75b33b&sign=5bb18cdf52167a0da527e7ef728d9177 pn=upload; op=order; orderid=19376; 
上传
[2018-10-20 22:47:48] trace  /app/index.php?i=1&uniacid=1&t=undefined&v=1.3&m=ewei_shopv2&from=wxapp&c=entry&a=wxapp&do=main&&state=we7sid-0df5a953ffa3bdaeefb5ecc909ab0b17&sign=280a334f46bfe072e1a137465367487a pn=upload; op=order; orderid=19377; 
上传
[2018-10-20 23:04:25] trace  /app/index.php?i=1&uniacid=1&t=undefined&v=1.3&m=ewei_shopv2&from=wxapp&c=entry&a=wxapp&do=main&&state=we7sid-7ceaee3aad57d7956373b57b0ce34deb&sign=151f95c433a1b396c4e2c4ac9ede303a pn=upload; op=order; orderid=19378; 
上传
[2018-10-20 23:07:07] trace  /app/index.php?i=1&uniacid=1&t=undefined&v=1.3&m=ewei_shopv2&from=wxapp&c=entry&a=wxapp&do=main&&state=we7sid-7ceaee3aad57d7956373b57b0ce34deb&sign=151f95c433a1b396c4e2c4ac9ede303a pn=upload; op=order; orderid=19379; 
上传
[2018-10-20 23:17:02] trace  /app/index.php?i=1&uniacid=1&t=undefined&v=1.3&m=ewei_shopv2&from=wxapp&c=entry&a=wxapp&do=main&&state=we7sid-a3d2c307c889b76cff9f52ab399e0a26&sign=bf8c14bf3d5bf68c4e39fe77cd54abd9 pn=upload; op=order; orderid=19380; 
上传
[2018-10-20 23:17:49] trace  /app/index.php?i=1&uniacid=1&t=undefined&v=1.3&m=ewei_shopv2&from=wxapp&c=entry&a=wxapp&do=main&&state=we7sid-a3d2c307c889b76cff9f52ab399e0a26&sign=bf8c14bf3d5bf68c4e39fe77cd54abd9 pn=upload; op=order; orderid=19381; 
上传
[2018-10-20 23:29:56] trace  /app/index.php?i=1&uniacid=1&t=undefined&v=1.3&m=ewei_shopv2&from=wxapp&c=entry&a=wxapp&do=main&&state=we7sid-7ceaee3aad57d7956373b57b0ce34deb&sign=151f95c433a1b396c4e2c4ac9ede303a pn=upload; op=order; orderid=19382; 
上传
[2018-10-20 23:38:29] trace  /app/index.php?i=1&uniacid=1&t=undefined&v=1.3&m=ewei_shopv2&from=wxapp&c=entry&a=wxapp&do=main&&state=we7sid-c174a170130aadafe5e18a263dc53706&sign=8bb2fcebc5e007f34916f9b6b770dbeb pn=upload; op=order; orderid=19383; 
上传
[2018-10-20 23:43:25] trace  /app/index.php?i=1&uniacid=1&t=undefined&v=1.3&m=ewei_shopv2&from=wxapp&c=entry&a=wxapp&do=main&&state=we7sid-7ceaee3aad57d7956373b57b0ce34deb&sign=151f95c433a1b396c4e2c4ac9ede303a pn=upload; op=order; orderid=19384; 
上传
