[2018-07-23 00:20:47] trace  /app/index.php?i=1&uniacid=1&t=undefined&v=1.3&m=ewei_shopv2&from=wxapp&c=entry&a=wxapp&do=main&&state=we7sid-f2de9890083b5fc17b01017c2de2ff56&sign=6840f28fee4fcf6448c7db1b94486deb pn=upload; op=order; orderid=12429; 
上传
[2018-07-23 00:22:11] trace  /app/index.php?i=1&uniacid=1&t=undefined&v=1.3&m=ewei_shopv2&from=wxapp&c=entry&a=wxapp&do=main&&state=we7sid-7336854fca3572e6e0064af69fe36bd0&sign=3214d14e04ad95d3f142fd6f03358a87 pn=upload; op=order; orderid=12430; 
上传
[2018-07-23 01:20:45] trace  /app/index.php?i=1&uniacid=1&t=undefined&v=1.3&m=ewei_shopv2&from=wxapp&c=entry&a=wxapp&do=main&&state=we7sid-1c4b97ca4c86e55864987cd2ad800c65&sign=34709395e8db6dbbfc758c442174f828 pn=upload; op=order; orderid=12431; 
上传
[2018-07-23 02:12:51] trace  /app/index.php?i=1&uniacid=1&t=undefined&v=1.3&m=ewei_shopv2&from=wxapp&c=entry&a=wxapp&do=main&&state=we7sid-d26269cdd32db9796290cdd18c5ae290&sign=46317c713f69e917daa367c641a6cc67 pn=upload; op=order; orderid=12432; 
上传
[2018-07-23 05:03:29] trace  /app/index.php?i=1&uniacid=1&t=undefined&v=1.3&m=ewei_shopv2&from=wxapp&c=entry&a=wxapp&do=main&&state=we7sid-16caea0cd18b6208f226719d46c0521d&sign=e939258bade5e28cfd223469ded74c83 op=order; orderid=12433; pn=upload; 
上传
[2018-07-23 05:26:58] trace  /app/index.php?i=1&uniacid=1&t=undefined&v=1.3&m=ewei_shopv2&from=wxapp&c=entry&a=wxapp&do=main&&state=we7sid-83c521f19d93d2eb460a845b6857965f&sign=fdd8985a23f81391611c267b7d326cc6 pn=upload; op=order; orderid=12434; 
上传
[2018-07-23 05:27:09] trace  /app/index.php?i=1&uniacid=1&t=undefined&v=1.3&m=ewei_shopv2&from=wxapp&c=entry&a=wxapp&do=main&&state=we7sid-78fd51784c581f393f55fc2986649866&sign=7ccddc1d81505dd5782cd2cca790a3cc pn=upload; op=order; orderid=12435; 
上传
[2018-07-23 05:27:23] trace  /app/index.php?i=1&uniacid=1&t=undefined&v=1.3&m=ewei_shopv2&from=wxapp&c=entry&a=wxapp&do=main&&state=we7sid-78fd51784c581f393f55fc2986649866&sign=7ccddc1d81505dd5782cd2cca790a3cc pn=upload; op=order; orderid=12436; 
上传
[2018-07-23 05:45:34] trace  /app/index.php?i=1&uniacid=1&t=undefined&v=1.3&m=ewei_shopv2&from=wxapp&c=entry&a=wxapp&do=main&&state=we7sid-67cf8e83441e385ce4a91915c67e98b8&sign=6da8aaf1f3dcbd41ed52ac1a0c942084 pn=upload; op=order; orderid=12437; 
上传
[2018-07-23 05:52:30] trace  /app/index.php?i=1&uniacid=1&t=undefined&v=1.3&m=ewei_shopv2&from=wxapp&c=entry&a=wxapp&do=main&&state=we7sid-67cf8e83441e385ce4a91915c67e98b8&sign=6da8aaf1f3dcbd41ed52ac1a0c942084 pn=upload; op=order; orderid=12438; 
上传
[2018-07-23 05:52:30] trace  /app/index.php?i=1&uniacid=1&t=undefined&v=1.3&m=ewei_shopv2&from=wxapp&c=entry&a=wxapp&do=main&&state=we7sid-67cf8e83441e385ce4a91915c67e98b8&sign=6da8aaf1f3dcbd41ed52ac1a0c942084 pn=upload; op=order; orderid=12438; 
上传
[2018-07-23 05:52:30] trace  /app/index.php?i=1&uniacid=1&t=undefined&v=1.3&m=ewei_shopv2&from=wxapp&c=entry&a=wxapp&do=main&&state=we7sid-67cf8e83441e385ce4a91915c67e98b8&sign=6da8aaf1f3dcbd41ed52ac1a0c942084 pn=upload; op=order; orderid=12438; 
上传
[2018-07-23 05:52:46] trace  /app/index.php?i=1&uniacid=1&t=undefined&v=1.3&m=ewei_shopv2&from=wxapp&c=entry&a=wxapp&do=main&&state=we7sid-67cf8e83441e385ce4a91915c67e98b8&sign=6da8aaf1f3dcbd41ed52ac1a0c942084 pn=upload; op=order; orderid=12439; 
上传
[2018-07-23 05:52:47] trace  /app/index.php?i=1&uniacid=1&t=undefined&v=1.3&m=ewei_shopv2&from=wxapp&c=entry&a=wxapp&do=main&&state=we7sid-67cf8e83441e385ce4a91915c67e98b8&sign=6da8aaf1f3dcbd41ed52ac1a0c942084 pn=upload; op=order; orderid=12439; 
上传
[2018-07-23 05:52:47] trace  /app/index.php?i=1&uniacid=1&t=undefined&v=1.3&m=ewei_shopv2&from=wxapp&c=entry&a=wxapp&do=main&&state=we7sid-67cf8e83441e385ce4a91915c67e98b8&sign=6da8aaf1f3dcbd41ed52ac1a0c942084 pn=upload; op=order; orderid=12439; 
上传
[2018-07-23 06:33:13] trace  /app/index.php?i=1&uniacid=1&t=undefined&v=1.3&m=ewei_shopv2&from=wxapp&c=entry&a=wxapp&do=main&&state=we7sid-29e09ccaf990b94f6176bdd3a9445e91&sign=ebe5960d3a0268f33b4862d2f8989a8e pn=upload; op=order; orderid=12440; 
上传
[2018-07-23 07:08:15] trace  /app/index.php?i=1&uniacid=1&t=undefined&v=1.3&m=ewei_shopv2&from=wxapp&c=entry&a=wxapp&do=main&&state=we7sid-55e7c7895b968ea46dcd4cc6c14e3b22&sign=306e4cfd43394c7fd9709f6c0a45c5cc pn=upload; op=order; orderid=12441; 
上传
[2018-07-23 07:42:55] trace  /app/index.php?i=1&uniacid=1&t=undefined&v=1.3&m=ewei_shopv2&from=wxapp&c=entry&a=wxapp&do=main&&state=we7sid-83a84d785578fdd06961f77f8b3f5430&sign=73c32a63156038d649bd92f776d372ee pn=upload; op=order; orderid=12442; 
上传
[2018-07-23 07:55:46] trace  /app/index.php?i=1&uniacid=1&t=undefined&v=1.3&m=ewei_shopv2&from=wxapp&c=entry&a=wxapp&do=main&&state=we7sid-243e4ab2bafd7be1958ef29b17ec27c0&sign=934bbb3512296775e9747ca2bb19b710 pn=upload; op=order; orderid=12443; 
上传
[2018-07-23 07:57:05] trace  /app/index.php?i=1&uniacid=1&t=undefined&v=1.3&m=ewei_shopv2&from=wxapp&c=entry&a=wxapp&do=main&&state=we7sid-9173db387babfb0ebd76fe2125c03a89&sign=5576ca5529fbb4c5e4a324590245ce16 pn=upload; op=order; orderid=12444; 
上传
[2018-07-23 08:45:57] trace  /app/index.php?i=1&uniacid=1&t=undefined&v=1.3&m=ewei_shopv2&from=wxapp&c=entry&a=wxapp&do=main&&state=we7sid-3fb3b881588e08db59d6024dfd379f1c&sign=30984bce2ceccf401b21773ab3f01f09 pn=upload; op=order; orderid=12445; 
上传
[2018-07-23 08:51:36] trace  /app/index.php?i=1&uniacid=1&t=undefined&v=1.3&m=ewei_shopv2&from=wxapp&c=entry&a=wxapp&do=main&&state=we7sid-9173db387babfb0ebd76fe2125c03a89&sign=5576ca5529fbb4c5e4a324590245ce16 pn=upload; op=order; orderid=12446; 
上传
[2018-07-23 09:02:23] trace  /app/index.php?i=1&uniacid=1&t=undefined&v=1.3&m=ewei_shopv2&from=wxapp&c=entry&a=wxapp&do=main&&state=we7sid-becf7a48f4affaeddcce4cbd4ce24123&sign=91a30ec495e5c4b864f8990d0be9864a pn=upload; op=order; orderid=12447; 
上传
[2018-07-23 09:03:21] trace  /app/index.php?i=1&uniacid=1&t=undefined&v=1.3&m=ewei_shopv2&from=wxapp&c=entry&a=wxapp&do=main&&state=we7sid-02fcaaabd4f42c5028bccc8086263f6b&sign=e86d73592f2d7f5b96eff0063bda6f13 pn=upload; op=order; orderid=12448; 
上传
[2018-07-23 09:19:43] trace  /app/index.php?i=1&uniacid=1&t=undefined&v=1.3&m=ewei_shopv2&from=wxapp&c=entry&a=wxapp&do=main&&state=we7sid-e6457446b7a3417f99fe8e860e706873&sign=7e9547628fb8b7f287d090007d07cb3d pn=upload; op=order; orderid=12449; 
上传
[2018-07-23 09:19:47] trace  /app/index.php?i=1&uniacid=1&t=undefined&v=1.3&m=ewei_shopv2&from=wxapp&c=entry&a=wxapp&do=main&&state=we7sid-629993a615928cb35167c4ffc76c4a4d&sign=4080002d45c4e7ce4db35330138c02f9 pn=upload; op=order; orderid=12450; 
上传
[2018-07-23 09:20:01] trace  /app/index.php?i=1&uniacid=1&t=undefined&v=1.3&m=ewei_shopv2&from=wxapp&c=entry&a=wxapp&do=main&&state=we7sid-88a6451728c2de09131e0dd53448599b&sign=458b8b53e10118996b4b5cf4525fca76 pn=upload; op=order; orderid=12451; 
上传
[2018-07-23 09:40:13] trace  /app/index.php?i=1&uniacid=1&t=undefined&v=1.3&m=ewei_shopv2&from=wxapp&c=entry&a=wxapp&do=main&&state=we7sid-663aa15ee37bb23290fe793ff1efd2a9&sign=723ef61e16914dd9a3a9b71ea2b22e1b pn=upload; op=order; orderid=12452; 
上传
[2018-07-23 10:08:33] trace  /app/index.php?i=1&uniacid=1&t=undefined&v=1.3&m=ewei_shopv2&from=wxapp&c=entry&a=wxapp&do=main&&state=we7sid-7439608f2a13d80f6e3efa796cda8aa7&sign=ca9c26acbe36c0649c36aaaf6acd330e pn=upload; op=order; orderid=12453; 
上传
[2018-07-23 10:09:54] trace  /app/index.php?i=1&uniacid=1&t=undefined&v=1.3&m=ewei_shopv2&from=wxapp&c=entry&a=wxapp&do=main&&state=we7sid-7439608f2a13d80f6e3efa796cda8aa7&sign=ca9c26acbe36c0649c36aaaf6acd330e pn=upload; op=order; orderid=12454; 
上传
[2018-07-23 10:21:01] trace  /app/index.php?i=1&uniacid=1&t=undefined&v=1.3&m=ewei_shopv2&from=wxapp&c=entry&a=wxapp&do=main&&state=we7sid-5959718d590a9bf73f92e6372eafb7bb&sign=9a6a0dac4648d27310ff40b77a103724 pn=upload; op=order; orderid=12455; 
上传
[2018-07-23 10:24:41] trace  /app/index.php?i=1&uniacid=1&t=undefined&v=1.3&m=ewei_shopv2&from=wxapp&c=entry&a=wxapp&do=main&&state=we7sid-e6457446b7a3417f99fe8e860e706873&sign=7e9547628fb8b7f287d090007d07cb3d pn=upload; op=order; orderid=12456; 
上传
[2018-07-23 10:24:55] trace  /app/index.php?i=1&uniacid=1&t=undefined&v=1.3&m=ewei_shopv2&from=wxapp&c=entry&a=wxapp&do=main&&state=we7sid-e6457446b7a3417f99fe8e860e706873&sign=7e9547628fb8b7f287d090007d07cb3d pn=upload; op=order; orderid=12457; 
上传
[2018-07-23 10:36:02] trace  /app/index.php?i=1&uniacid=1&t=undefined&v=1.3&m=ewei_shopv2&from=wxapp&c=entry&a=wxapp&do=main&&state=we7sid-38038c14e066ad2c0a4afd564f024121&sign=1e255d6898b3a8e7974beb2e3d9ae0f2 pn=upload; op=order; orderid=12458; 
上传
[2018-07-23 11:00:28] trace  /app/index.php?i=1&uniacid=1&t=undefined&v=1.3&m=ewei_shopv2&from=wxapp&c=entry&a=wxapp&do=main&&state=we7sid-3162547e0eb624c6c0447f9514375c7b&sign=4dc6131f0834b1c2829d16c0cec530cb pn=upload; op=order; orderid=12459; 
上传
[2018-07-23 11:01:28] trace  /app/index.php?i=1&uniacid=1&t=undefined&v=1.3&m=ewei_shopv2&from=wxapp&c=entry&a=wxapp&do=main&&state=we7sid-155f26369081235012c1152f086d3c91&sign=a7e643d794ed54e3e21d150eab1d4752 pn=upload; op=order; orderid=12460; 
上传
[2018-07-23 11:22:38] trace  /app/index.php?i=1&uniacid=1&t=undefined&v=1.3&m=ewei_shopv2&from=wxapp&c=entry&a=wxapp&do=main&&state=we7sid-55c6382a7ff542ad2c7072cd92817c12&sign=b0fde3c6cb9ad6b4924e6f49ecb369ed pn=upload; op=order; orderid=12461; 
上传
[2018-07-23 11:24:41] trace  /app/index.php?i=1&uniacid=1&t=undefined&v=1.3&m=ewei_shopv2&from=wxapp&c=entry&a=wxapp&do=main&&state=we7sid-779b65ae4209339f513726b2a0651ca9&sign=4be8e3ce89686d8cfc8c02ed546c4abb pn=upload; op=order; orderid=12462; 
上传
[2018-07-23 11:26:21] trace  /app/index.php?i=1&uniacid=1&t=undefined&v=1.3&m=ewei_shopv2&from=wxapp&c=entry&a=wxapp&do=main&&state=we7sid-55c6382a7ff542ad2c7072cd92817c12&sign=b0fde3c6cb9ad6b4924e6f49ecb369ed pn=upload; op=order; orderid=12463; 
上传
[2018-07-23 11:28:23] trace  /app/index.php?i=1&uniacid=1&t=undefined&v=1.3&m=ewei_shopv2&from=wxapp&c=entry&a=wxapp&do=main&&state=we7sid-779b65ae4209339f513726b2a0651ca9&sign=4be8e3ce89686d8cfc8c02ed546c4abb pn=upload; op=order; orderid=12464; 
上传
[2018-07-23 11:31:04] trace  /app/index.php?i=1&uniacid=1&t=undefined&v=1.3&m=ewei_shopv2&from=wxapp&c=entry&a=wxapp&do=main&&state=we7sid-779b65ae4209339f513726b2a0651ca9&sign=4be8e3ce89686d8cfc8c02ed546c4abb pn=upload; op=order; orderid=12465; 
上传
[2018-07-23 11:31:46] trace  /app/index.php?i=1&uniacid=1&t=undefined&v=1.3&m=ewei_shopv2&from=wxapp&c=entry&a=wxapp&do=main&&state=we7sid-779b65ae4209339f513726b2a0651ca9&sign=4be8e3ce89686d8cfc8c02ed546c4abb pn=upload; op=order; orderid=12466; 
上传
[2018-07-23 11:33:21] trace  /app/index.php?i=1&uniacid=1&t=undefined&v=1.3&m=ewei_shopv2&from=wxapp&c=entry&a=wxapp&do=main&&state=we7sid-779b65ae4209339f513726b2a0651ca9&sign=4be8e3ce89686d8cfc8c02ed546c4abb pn=upload; op=order; orderid=12467; 
上传
[2018-07-23 11:34:48] trace  /app/index.php?i=1&uniacid=1&t=undefined&v=1.3&m=ewei_shopv2&from=wxapp&c=entry&a=wxapp&do=main&&state=we7sid-779b65ae4209339f513726b2a0651ca9&sign=4be8e3ce89686d8cfc8c02ed546c4abb pn=upload; op=order; orderid=12468; 
上传
[2018-07-23 12:09:25] trace  /app/index.php?i=1&uniacid=1&t=undefined&v=1.3&m=ewei_shopv2&from=wxapp&c=entry&a=wxapp&do=main&&state=we7sid-dbe9ff5d60bff0664d41eb585e3ad353&sign=7c68e6b5aec858a68749d47a25a0829b pn=upload; op=order; orderid=12469; 
上传
[2018-07-23 12:19:01] trace  /app/index.php?i=1&uniacid=1&t=undefined&v=1.3&m=ewei_shopv2&from=wxapp&c=entry&a=wxapp&do=main&&state=we7sid-323cd52f9caeb3fd317e1132b46f4bff&sign=ab1f9a12df3df6c93fba52730c02fbe1 op=order; orderid=12470; pn=upload; 
上传
[2018-07-23 12:24:23] trace  /app/index.php?i=1&uniacid=1&t=undefined&v=1.3&m=ewei_shopv2&from=wxapp&c=entry&a=wxapp&do=main&&state=we7sid-09d4d2a9cae4f3f88a56864eec3d6c1d&sign=696c220355920dbfb0f4a825aa39831c pn=upload; op=order; orderid=12471; 
上传
[2018-07-23 12:46:01] trace  /app/index.php?i=1&uniacid=1&t=undefined&v=1.3&m=ewei_shopv2&from=wxapp&c=entry&a=wxapp&do=main&&state=we7sid-8d6679ce487c78a59f6fd070d168b2d0&sign=68728b15ef648bbdf0dbbe5b64f8fab0 pn=upload; op=order; orderid=12472; 
上传
[2018-07-23 12:47:32] trace  /app/index.php?i=1&uniacid=1&t=undefined&v=1.3&m=ewei_shopv2&from=wxapp&c=entry&a=wxapp&do=main&&state=we7sid-e85ec38ad309d19c66264f6d80da2fa7&sign=fc5c774dbdcef85aa6e5bccfef93326f pn=upload; op=order; orderid=12473; 
上传
[2018-07-23 12:50:51] trace  /app/index.php?i=1&uniacid=1&t=undefined&v=1.3&m=ewei_shopv2&from=wxapp&c=entry&a=wxapp&do=main&&state=we7sid-f0a7847f1ee5a41fef5959230bdf0d57&sign=ee920da4238749d68428b248a732d5d4 pn=upload; op=order; orderid=12474; 
上传
[2018-07-23 12:51:36] trace  /app/index.php?i=1&uniacid=1&t=undefined&v=1.3&m=ewei_shopv2&from=wxapp&c=entry&a=wxapp&do=main&&state=we7sid-f0a7847f1ee5a41fef5959230bdf0d57&sign=ee920da4238749d68428b248a732d5d4 pn=upload; op=order; orderid=12475; 
上传
[2018-07-23 12:54:28] trace  /app/index.php?i=1&uniacid=1&t=undefined&v=1.3&m=ewei_shopv2&from=wxapp&c=entry&a=wxapp&do=main&&state=we7sid-f0a7847f1ee5a41fef5959230bdf0d57&sign=ee920da4238749d68428b248a732d5d4 pn=upload; op=order; orderid=12476; 
上传
[2018-07-23 13:00:20] trace  /app/index.php?i=1&uniacid=1&t=undefined&v=1.3&m=ewei_shopv2&from=wxapp&c=entry&a=wxapp&do=main&&state=we7sid-f07a52e230600cf456dd1145f609704a&sign=6a9aedf137085b6714024164389ba7a6 pn=upload; op=order; orderid=12477; 
上传
[2018-07-23 13:01:05] trace  /app/index.php?i=1&uniacid=1&t=undefined&v=1.3&m=ewei_shopv2&from=wxapp&c=entry&a=wxapp&do=main&&state=we7sid-f07a52e230600cf456dd1145f609704a&sign=6a9aedf137085b6714024164389ba7a6 pn=upload; op=order; orderid=12478; 
上传
[2018-07-23 13:03:13] trace  /app/index.php?i=1&uniacid=1&t=undefined&v=1.3&m=ewei_shopv2&from=wxapp&c=entry&a=wxapp&do=main&&state=we7sid-c60caf5005c06f0bbeb454745653b970&sign=2ff322e059979400e29558a1b976c803 pn=upload; op=order; orderid=12479; 
上传
[2018-07-23 13:10:52] trace  /app/index.php?i=1&uniacid=1&t=undefined&v=1.3&m=ewei_shopv2&from=wxapp&c=entry&a=wxapp&do=main&&state=we7sid-5ef707e7a74298552fcf53b4eb178891&sign=020036c9120ea0d2b36182c3d548daaa pn=upload; op=order; orderid=12480; 
上传
[2018-07-23 13:11:32] trace  /app/index.php?i=1&uniacid=1&t=undefined&v=1.3&m=ewei_shopv2&from=wxapp&c=entry&a=wxapp&do=main&&state=we7sid-33500f83b2c6359c47e7c618da4a175a&sign=2423b406df701e59805668a112084f74 pn=upload; op=order; orderid=12481; 
上传
[2018-07-23 13:13:04] trace  /app/index.php?i=1&uniacid=1&t=undefined&v=1.3&m=ewei_shopv2&from=wxapp&c=entry&a=wxapp&do=main&&state=we7sid-03a9a0c83f3aba1cacfb199a2ce6494b&sign=587cb08ea336d9f2d54ad75c8426b9f9 pn=upload; op=order; orderid=12482; 
上传
[2018-07-23 13:14:45] trace  /app/index.php?i=1&uniacid=1&t=undefined&v=1.3&m=ewei_shopv2&from=wxapp&c=entry&a=wxapp&do=main&&state=we7sid-33500f83b2c6359c47e7c618da4a175a&sign=2423b406df701e59805668a112084f74 pn=upload; op=order; orderid=12483; 
上传
[2018-07-23 13:15:05] trace  /app/index.php?i=1&uniacid=1&t=undefined&v=1.3&m=ewei_shopv2&from=wxapp&c=entry&a=wxapp&do=main&&state=we7sid-e4c98bad0de21792c6281a071a13f460&sign=8932581a9089dd15ba60378536716186 pn=upload; op=order; orderid=12484; 
上传
[2018-07-23 13:24:10] trace  /app/index.php?i=1&uniacid=1&t=undefined&v=1.3&m=ewei_shopv2&from=wxapp&c=entry&a=wxapp&do=main&&state=we7sid-3bcf221104de26bec48b97b9a6cdbeb4&sign=db55278b74999b80464511e6a11ed2ab pn=upload; op=order; orderid=12485; 
上传
[2018-07-23 13:31:31] trace  /app/index.php?i=1&uniacid=1&t=undefined&v=1.3&m=ewei_shopv2&from=wxapp&c=entry&a=wxapp&do=main&&state=we7sid-a30e12b1f5ff33205e754142ad7b60f5&sign=a853173b32de09321e2173578221bb11 op=order; pn=upload; orderid=12486; 
上传
[2018-07-23 14:01:32] trace  /app/index.php?i=1&uniacid=1&t=undefined&v=1.3&m=ewei_shopv2&from=wxapp&c=entry&a=wxapp&do=main&&state=we7sid-398348da55c3378dd39ad46e0450eb84&sign=daa6be02ff74c390bc5798c66a4d3fc9 pn=upload; op=order; orderid=12487; 
上传
[2018-07-23 14:04:23] trace  /app/index.php?i=1&uniacid=1&t=undefined&v=1.3&m=ewei_shopv2&from=wxapp&c=entry&a=wxapp&do=main&&state=we7sid-ec8fd9417dfc1fcd21c2d2e8510de169&sign=57f57b66f64bb2514941760adb07d401 op=order; orderid=12488; pn=upload; 
上传
[2018-07-23 14:21:20] trace  /app/index.php?i=1&uniacid=1&t=undefined&v=1.3&m=ewei_shopv2&from=wxapp&c=entry&a=wxapp&do=main&&state=we7sid-afc7eb661e7ee03ff5f6159be00f8ae6&sign=9883bb95ad1d54f5e520708cbc1f3130 pn=upload; op=order; orderid=12489; 
上传
[2018-07-23 14:25:06] trace  /app/index.php?i=1&uniacid=1&t=undefined&v=1.3&m=ewei_shopv2&from=wxapp&c=entry&a=wxapp&do=main&&state=we7sid-58160fb724c669015cd1db3d09c52f5e&sign=c5a952f71dcdf2ca1520909b4c805d6e pn=upload; op=order; orderid=12490; 
上传
[2018-07-23 14:26:39] trace  /app/index.php?i=1&uniacid=1&t=undefined&v=1.3&m=ewei_shopv2&from=wxapp&c=entry&a=wxapp&do=main&&state=we7sid-afc7eb661e7ee03ff5f6159be00f8ae6&sign=9883bb95ad1d54f5e520708cbc1f3130 pn=upload; op=order; orderid=12491; 
上传
[2018-07-23 14:42:58] trace  /app/index.php?i=1&uniacid=1&t=undefined&v=1.3&m=ewei_shopv2&from=wxapp&c=entry&a=wxapp&do=main&&state=we7sid-feedd07892c9943cb080563c85eec5fc&sign=94255aa5fa18f672938ca5b0ab4738c8 pn=upload; op=order; orderid=12492; 
上传
[2018-07-23 14:44:55] trace  /app/index.php?i=1&uniacid=1&t=undefined&v=1.3&m=ewei_shopv2&from=wxapp&c=entry&a=wxapp&do=main&&state=we7sid-67430944c742733f742dea580383e4bf&sign=3073df7b84f266dad3267b65d7ddbd2e pn=upload; op=order; orderid=12493; 
上传
[2018-07-23 14:48:06] trace  /app/index.php?i=1&uniacid=1&t=undefined&v=1.3&m=ewei_shopv2&from=wxapp&c=entry&a=wxapp&do=main&&state=we7sid-bbab8a2cf2ef6374ea89d7fbaf83d105&sign=6baa6882af6ddd7520913413604f0ca9 pn=upload; op=order; orderid=12494; 
上传
[2018-07-23 14:49:10] trace  /app/index.php?i=1&uniacid=1&t=undefined&v=1.3&m=ewei_shopv2&from=wxapp&c=entry&a=wxapp&do=main&&state=we7sid-741cd1e02df6dc26c9029798f733ec2b&sign=34a7e8f4cd02711ea06fb050c7a14507 pn=upload; op=author; orderid=11118; 
上传
[2018-07-23 14:53:55] trace  /app/index.php?i=1&uniacid=1&t=undefined&v=1.3&m=ewei_shopv2&from=wxapp&c=entry&a=wxapp&do=main&&state=we7sid-aaa6dec7313fc7a3d8c3f7fe53e72079&sign=3b29197b2277305f0da6dfd93ba60881 pn=upload; op=order; orderid=12495; 
上传
[2018-07-23 14:54:40] trace  /app/index.php?i=1&uniacid=1&t=undefined&v=1.3&m=ewei_shopv2&from=wxapp&c=entry&a=wxapp&do=main&&state=we7sid-2c96701825300fb31839e4630022cf1d&sign=3cc679a76ec093561760c0c6726f3b3f op=order; orderid=12496; pn=upload; 
上传
[2018-07-23 14:56:02] trace  /app/index.php?i=1&uniacid=1&t=undefined&v=1.3&m=ewei_shopv2&from=wxapp&c=entry&a=wxapp&do=main&&state=we7sid-00b30195a4c50b96ecc8f22d1fd2e3ed&sign=d58752eadc7882288022809180f770b0 pn=upload; op=order; orderid=12497; 
上传
[2018-07-23 14:58:25] trace  /app/index.php?i=1&uniacid=1&t=undefined&v=1.3&m=ewei_shopv2&from=wxapp&c=entry&a=wxapp&do=main&&state=we7sid-741cd1e02df6dc26c9029798f733ec2b&sign=34a7e8f4cd02711ea06fb050c7a14507 pn=upload; op=author; orderid=11945; 
上传
[2018-07-23 15:00:23] trace  /app/index.php?i=1&uniacid=1&t=undefined&v=1.3&m=ewei_shopv2&from=wxapp&c=entry&a=wxapp&do=main&&state=we7sid-1bcdbe87938039de8f6c7aff18afc286&sign=77fecdc5da6124e6fc5aa91326762fd9 pn=upload; op=order; orderid=12498; 
上传
[2018-07-23 15:05:32] trace  /app/index.php?i=1&uniacid=1&t=undefined&v=1.3&m=ewei_shopv2&from=wxapp&c=entry&a=wxapp&do=main&&state=we7sid-aaf3f357c37dbd8902482a3e4fa64397&sign=ce26732f9e6d83fc58d0a18bff110e48 pn=upload; op=order; orderid=12499; 
上传
[2018-07-23 15:06:09] trace  /app/index.php?i=1&uniacid=1&t=undefined&v=1.3&m=ewei_shopv2&from=wxapp&c=entry&a=wxapp&do=main&&state=we7sid-ffa2e4cfdb2c1142f562121838ba33d7&sign=04b9326983e9bde52da832a84e92e316 pn=upload; op=order; orderid=12500; 
上传
[2018-07-23 15:08:10] trace  /app/index.php?i=1&uniacid=1&t=undefined&v=1.3&m=ewei_shopv2&from=wxapp&c=entry&a=wxapp&do=main&&state=we7sid-741cd1e02df6dc26c9029798f733ec2b&sign=34a7e8f4cd02711ea06fb050c7a14507 pn=upload; op=author; orderid=11948; 
上传
[2018-07-23 15:09:30] trace  /app/index.php?i=1&uniacid=1&t=undefined&v=1.3&m=ewei_shopv2&from=wxapp&c=entry&a=wxapp&do=main&&state=we7sid-7c266ac33477e2c85086f24a5e9afe2f&sign=68242e82aac07288ce9fa814a28ae7a3 pn=upload; op=order; orderid=12501; 
上传
[2018-07-23 15:17:13] trace  /app/index.php?i=1&uniacid=1&t=undefined&v=1.3&m=ewei_shopv2&from=wxapp&c=entry&a=wxapp&do=main&&state=we7sid-741cd1e02df6dc26c9029798f733ec2b&sign=34a7e8f4cd02711ea06fb050c7a14507 pn=upload; op=author; orderid=11964; 
上传
[2018-07-23 15:29:26] trace  /app/index.php?i=1&uniacid=1&t=undefined&v=1.3&m=ewei_shopv2&from=wxapp&c=entry&a=wxapp&do=main&&state=we7sid-741cd1e02df6dc26c9029798f733ec2b&sign=34a7e8f4cd02711ea06fb050c7a14507 pn=upload; op=author; orderid=12044; 
上传
[2018-07-23 15:35:57] trace  /app/index.php?i=1&uniacid=1&t=undefined&v=1.3&m=ewei_shopv2&from=wxapp&c=entry&a=wxapp&do=main&&state=we7sid-1c97016be2d85baf561b878ec83b4cd1&sign=d3ff73c66d76ef75f1bf778ac82d1d80 op=order; orderid=12502; pn=upload; 
上传
[2018-07-23 15:46:21] trace  /app/index.php?i=1&uniacid=1&t=undefined&v=1.3&m=ewei_shopv2&from=wxapp&c=entry&a=wxapp&do=main&&state=we7sid-4e161febe57a3030f1a0e593596fff74&sign=95b5af3997d1ec3cd617e2da6c6e01d0 pn=upload; op=order; orderid=12503; 
上传
[2018-07-23 15:49:21] trace  /app/index.php?i=1&uniacid=1&t=undefined&v=1.3&m=ewei_shopv2&from=wxapp&c=entry&a=wxapp&do=main&&state=we7sid-ca733a745cd253584ce4dae850080ab9&sign=18d29ea935bd29a0d3ab8d3f0dbce334 op=order; orderid=12504; pn=upload; 
上传
[2018-07-23 15:50:17] trace  /app/index.php?i=1&uniacid=1&t=undefined&v=1.3&m=ewei_shopv2&from=wxapp&c=entry&a=wxapp&do=main&&state=we7sid-4e161febe57a3030f1a0e593596fff74&sign=95b5af3997d1ec3cd617e2da6c6e01d0 pn=upload; op=order; orderid=12505; 
上传
[2018-07-23 16:00:11] trace  /app/index.php?i=1&uniacid=1&t=undefined&v=1.3&m=ewei_shopv2&from=wxapp&c=entry&a=wxapp&do=main&&state=we7sid-180e8c669cacc275be353ee85684100a&sign=76cd2a774e46ca499eb10c2161e83304 pn=upload; op=order; orderid=12506; 
上传
[2018-07-23 16:01:56] trace  /app/index.php?i=1&uniacid=1&t=undefined&v=1.3&m=ewei_shopv2&from=wxapp&c=entry&a=wxapp&do=main&&state=we7sid-e962af34a6cc764d2a459e04f874fdee&sign=e860e6f15463af08c9d34e7bc1de82db pn=upload; op=order; orderid=12507; 
上传
[2018-07-23 16:02:47] trace  /app/index.php?i=1&uniacid=1&t=undefined&v=1.3&m=ewei_shopv2&from=wxapp&c=entry&a=wxapp&do=main&&state=we7sid-0e9d548296dcbb171e38e39fd21d1737&sign=facc4479ec18a4931ebce0e93f949d9f pn=upload; op=order; orderid=12508; 
上传
[2018-07-23 16:20:45] trace  /app/index.php?i=1&uniacid=1&t=undefined&v=1.3&m=ewei_shopv2&from=wxapp&c=entry&a=wxapp&do=main&&state=we7sid-61f97b05943399f18ff425edea3cb06b&sign=b7e48ccb1ae3642be5043c47678b1bd8 pn=upload; op=order; orderid=12509; 
上传
[2018-07-23 16:25:00] trace  /app/index.php?i=1&uniacid=1&t=undefined&v=1.3&m=ewei_shopv2&from=wxapp&c=entry&a=wxapp&do=main&&state=we7sid-d2d66fc1f823dbc5de1e4e07cb83a74e&sign=40d3fcd27a430c8e035596e31c6c244a pn=upload; op=order; orderid=12510; 
上传
[2018-07-23 16:28:03] trace  /app/index.php?i=1&uniacid=1&t=undefined&v=1.3&m=ewei_shopv2&from=wxapp&c=entry&a=wxapp&do=main&&state=we7sid-daf29b9cf6d93cf07485c067b9caeeba&sign=b695f4d044de786683488d3ef6ef1967 pn=upload; op=order; orderid=12511; 
上传
[2018-07-23 16:28:03] trace  /app/index.php?i=1&uniacid=1&t=undefined&v=1.3&m=ewei_shopv2&from=wxapp&c=entry&a=wxapp&do=main&&state=we7sid-daf29b9cf6d93cf07485c067b9caeeba&sign=b695f4d044de786683488d3ef6ef1967 pn=upload; op=order; orderid=12511; 
上传
[2018-07-23 16:35:40] trace  /app/index.php?i=1&uniacid=1&t=undefined&v=1.3&m=ewei_shopv2&from=wxapp&c=entry&a=wxapp&do=main&&state=we7sid-766dd23b9de32bf901f57674a648844b&sign=29fdaf78ae15d6bdfa6c8f09fc73836e pn=upload; op=order; orderid=12512; 
上传
[2018-07-23 16:44:55] trace  /app/index.php?i=1&uniacid=1&t=undefined&v=1.3&m=ewei_shopv2&from=wxapp&c=entry&a=wxapp&do=main&&state=we7sid-149602c70c89df835069c0f538ad94e3&sign=21b037bbf5f189e25824851e8f349c3d pn=upload; op=order; orderid=12513; 
上传
[2018-07-23 16:48:55] trace  /app/index.php?i=1&uniacid=1&t=undefined&v=1.3&m=ewei_shopv2&from=wxapp&c=entry&a=wxapp&do=main&&state=we7sid-1b3106ff778469f69235d764217e55b0&sign=2fba73986f4df75f5d42c41e627c7628 pn=upload; op=order; orderid=12514; 
上传
[2018-07-23 16:48:57] trace  /app/index.php?i=1&uniacid=1&t=undefined&v=1.3&m=ewei_shopv2&from=wxapp&c=entry&a=wxapp&do=main&&state=we7sid-1b3106ff778469f69235d764217e55b0&sign=2fba73986f4df75f5d42c41e627c7628 pn=upload; op=order; orderid=12515; 
上传
[2018-07-23 16:58:16] trace  /app/index.php?i=1&uniacid=1&t=undefined&v=1.3&m=ewei_shopv2&from=wxapp&c=entry&a=wxapp&do=main&&state=we7sid-bd6037314d34d2280b57f8c422f49f4b&sign=423a1667e52edd0822f6d0028bf57c03 pn=upload; op=order; orderid=12516; 
上传
[2018-07-23 16:58:47] trace  /app/index.php?i=1&uniacid=1&t=undefined&v=1.3&m=ewei_shopv2&from=wxapp&c=entry&a=wxapp&do=main&&state=we7sid-2eb7c416627350241886fd99bd5c62bd&sign=62a41a7abeb16954b16b22467b797cc3 pn=upload; op=order; orderid=12517; 
上传
[2018-07-23 16:59:02] trace  /app/index.php?i=1&uniacid=1&t=undefined&v=1.3&m=ewei_shopv2&from=wxapp&c=entry&a=wxapp&do=main&&state=we7sid-bd6037314d34d2280b57f8c422f49f4b&sign=423a1667e52edd0822f6d0028bf57c03 pn=upload; op=order; orderid=12518; 
上传
[2018-07-23 17:31:25] trace  /app/index.php?i=1&uniacid=1&t=undefined&v=1.3&m=ewei_shopv2&from=wxapp&c=entry&a=wxapp&do=main&&state=we7sid-f9df3ab2a04fad64c376109a9ecdd905&sign=a15f43b3986580c6cd96a6b8d7ce0265 op=order; orderid=12519; pn=upload; 
上传
[2018-07-23 17:49:22] trace  /app/index.php?i=1&uniacid=1&t=undefined&v=1.3&m=ewei_shopv2&from=wxapp&c=entry&a=wxapp&do=main&&state=we7sid-b203fa61797bfb2e9fd4e88276f5a38b&sign=a7994509e9249cea2bd8d3d682555431 pn=upload; op=order; orderid=12520; 
上传
[2018-07-23 18:01:19] trace  /app/index.php?i=1&uniacid=1&t=undefined&v=1.3&m=ewei_shopv2&from=wxapp&c=entry&a=wxapp&do=main&&state=we7sid-7b3bce6665cd7faa98414ccf22b912d2&sign=ebce565fb7720763ffe6bdb5701f9617 pn=upload; op=order; orderid=12521; 
上传
[2018-07-23 18:03:53] trace  /app/index.php?i=1&uniacid=1&t=undefined&v=1.3&m=ewei_shopv2&from=wxapp&c=entry&a=wxapp&do=main&&state=we7sid-9312837722537583d6cab273e8478887&sign=553002aac82bad72e1167b7c0fb14c98 pn=upload; op=order; orderid=12522; 
上传
[2018-07-23 18:05:03] trace  /app/index.php?i=1&uniacid=1&t=undefined&v=1.3&m=ewei_shopv2&from=wxapp&c=entry&a=wxapp&do=main&&state=we7sid-5eef65b5a0dc86d7f15e217f19e8798a&sign=1f679745e8c0b3ac58991ac351446cf3 pn=upload; op=order; orderid=12523; 
上传
[2018-07-23 18:07:26] trace  /app/index.php?i=1&uniacid=1&t=undefined&v=1.3&m=ewei_shopv2&from=wxapp&c=entry&a=wxapp&do=main&&state=we7sid-bac9b20ad5606de1eb24d2306d6c3bbe&sign=5a5e7ff02c85c6573e53bb78f90bfc00 pn=upload; op=order; orderid=12525; 
上传
[2018-07-23 18:07:26] trace  /app/index.php?i=1&uniacid=1&t=undefined&v=1.3&m=ewei_shopv2&from=wxapp&c=entry&a=wxapp&do=main&&state=we7sid-bac9b20ad5606de1eb24d2306d6c3bbe&sign=5a5e7ff02c85c6573e53bb78f90bfc00 pn=upload; op=order; orderid=12524; 
上传
[2018-07-23 18:17:06] trace  /app/index.php?i=1&uniacid=1&t=undefined&v=1.3&m=ewei_shopv2&from=wxapp&c=entry&a=wxapp&do=main&&state=we7sid-b3d41e1160d6a459a7b7f2852ea11de9&sign=695843014b9809c396bc238536a563db pn=upload; op=order; orderid=12526; 
上传
[2018-07-23 18:17:14] trace  /app/index.php?i=1&uniacid=1&t=undefined&v=1.3&m=ewei_shopv2&from=wxapp&c=entry&a=wxapp&do=main&&state=we7sid-73e292aa2ed6c5418ef17896691cb8b2&sign=c61d76955eeb4f6a66f65684273ecd55 pn=upload; op=order; orderid=12527; 
上传
[2018-07-23 18:18:42] trace  /app/index.php?i=1&uniacid=1&t=undefined&v=1.3&m=ewei_shopv2&from=wxapp&c=entry&a=wxapp&do=main&&state=we7sid-a366f9bae58b1a356f47260b551e8f56&sign=14827f599ed70419e0c88aa025211169 pn=upload; op=order; orderid=12528; 
上传
[2018-07-23 18:20:49] trace  /app/index.php?i=1&uniacid=1&t=undefined&v=1.3&m=ewei_shopv2&from=wxapp&c=entry&a=wxapp&do=main&&state=we7sid-61dbe84aa681db0d38bae0efc0062b1b&sign=826a92988531b66a507e4b35071b9494 op=order; pn=upload; orderid=12529; 
上传
[2018-07-23 18:30:20] trace  /app/index.php?i=1&uniacid=1&t=undefined&v=1.3&m=ewei_shopv2&from=wxapp&c=entry&a=wxapp&do=main&&state=we7sid-32a6daba4c334d8794be2a9331e69872&sign=b402418772e286d59ebad84e2d3745b2 pn=upload; op=order; orderid=12530; 
上传
[2018-07-23 18:31:57] trace  /app/index.php?i=1&uniacid=1&t=undefined&v=1.3&m=ewei_shopv2&from=wxapp&c=entry&a=wxapp&do=main&&state=we7sid-32a6daba4c334d8794be2a9331e69872&sign=b402418772e286d59ebad84e2d3745b2 pn=upload; op=order; orderid=12531; 
上传
[2018-07-23 18:34:27] trace  /app/index.php?i=1&uniacid=1&t=undefined&v=1.3&m=ewei_shopv2&from=wxapp&c=entry&a=wxapp&do=main&&state=we7sid-d49f9a24343bcba3ec18f339a2230309&sign=64a062e7736b9ccc98ef754a8b18d34c op=order; pn=upload; orderid=12532; 
上传
[2018-07-23 18:35:22] trace  /app/index.php?i=1&uniacid=1&t=undefined&v=1.3&m=ewei_shopv2&from=wxapp&c=entry&a=wxapp&do=main&&state=we7sid-34ef4104b7b38341b954b9035e7db72d&sign=276fc9e043ac89fd792cecf0203089f5 pn=upload; op=order; orderid=12533; 
上传
[2018-07-23 18:38:46] trace  /app/index.php?i=1&uniacid=1&t=undefined&v=1.3&m=ewei_shopv2&from=wxapp&c=entry&a=wxapp&do=main&&state=we7sid-68f8d9634f19590f2905bd16d0338cc1&sign=ec69874a5091421fa5cce23da1317be3 pn=upload; op=order; orderid=12534; 
上传
[2018-07-23 18:42:09] trace  /app/index.php?i=1&uniacid=1&t=undefined&v=1.3&m=ewei_shopv2&from=wxapp&c=entry&a=wxapp&do=main&&state=we7sid-9ff2bcda1c42ac71ab8de0ceb299ffa4&sign=358e9bba3cb1529672073c5bd91d0fec pn=upload; op=order; orderid=12535; 
上传
[2018-07-23 18:43:26] trace  /app/index.php?i=1&uniacid=1&t=undefined&v=1.3&m=ewei_shopv2&from=wxapp&c=entry&a=wxapp&do=main&&state=we7sid-788d783ee0cc34dc730c2d42551dad02&sign=69f1ee9733b2620a3733f5cede0a2ce9 pn=upload; op=order; orderid=12536; 
上传
[2018-07-23 18:46:33] trace  /app/index.php?i=1&uniacid=1&t=undefined&v=1.3&m=ewei_shopv2&from=wxapp&c=entry&a=wxapp&do=main&&state=we7sid-38d76d4cb260f4a2685f7a2002c2e6a2&sign=30977e2b209b209fc3bd4f7dae3077ba pn=upload; op=order; orderid=12537; 
上传
[2018-07-23 18:47:06] trace  /app/index.php?i=1&uniacid=1&t=undefined&v=1.3&m=ewei_shopv2&from=wxapp&c=entry&a=wxapp&do=main&&state=we7sid-936bae9a965aeedc738ddd9b86a6eeaa&sign=9448d143432cdb151159b98e826406ca pn=upload; op=order; orderid=12538; 
上传
[2018-07-23 18:47:21] trace  /app/index.php?i=1&uniacid=1&t=undefined&v=1.3&m=ewei_shopv2&from=wxapp&c=entry&a=wxapp&do=main&&state=we7sid-a3336b65616ee9ae95a4915353b3428d&sign=5a9201403519a58077749e0df3a2d5f0 pn=upload; op=order; orderid=12539; 
上传
[2018-07-23 18:51:06] trace  /app/index.php?i=1&uniacid=1&t=undefined&v=1.3&m=ewei_shopv2&from=wxapp&c=entry&a=wxapp&do=main&&state=we7sid-16338350ab6647766f5d0584f1b99db6&sign=78000ad471cb593bf994a099b04b0d94 pn=upload; op=order; orderid=12540; 
上传
[2018-07-23 18:52:21] trace  /app/index.php?i=1&uniacid=1&t=undefined&v=1.3&m=ewei_shopv2&from=wxapp&c=entry&a=wxapp&do=main&&state=we7sid-16338350ab6647766f5d0584f1b99db6&sign=78000ad471cb593bf994a099b04b0d94 pn=upload; op=order; orderid=12541; 
上传
[2018-07-23 18:52:55] trace  /app/index.php?i=1&uniacid=1&t=undefined&v=1.3&m=ewei_shopv2&from=wxapp&c=entry&a=wxapp&do=main&&state=we7sid-427046045e024857244f144e8f9b43f2&sign=2118bd2f8b1a8ec45d76f08fec4cc126 pn=upload; op=order; orderid=12542; 
上传
[2018-07-23 18:58:52] trace  /app/index.php?i=1&uniacid=1&t=undefined&v=1.3&m=ewei_shopv2&from=wxapp&c=entry&a=wxapp&do=main&&state=we7sid-ad49a1fa2a025e9e241642a2a7a15b16&sign=7cb2d3298ad90255f4830df160e316b7 pn=upload; op=order; orderid=12543; 
上传
[2018-07-23 19:03:16] trace  /app/index.php?i=1&uniacid=1&t=undefined&v=1.3&m=ewei_shopv2&from=wxapp&c=entry&a=wxapp&do=main&&state=we7sid-ef3e03635680429475599a47fc477cf5&sign=778edcd0f26e70aa8017845493a283c4 pn=upload; op=order; orderid=12544; 
上传
[2018-07-23 19:03:39] trace  /app/index.php?i=1&uniacid=1&t=undefined&v=1.3&m=ewei_shopv2&from=wxapp&c=entry&a=wxapp&do=main&&state=we7sid-6b8021e7b62f7f67911a785277424630&sign=5ede69a086c35062f4f87011de91331a pn=upload; op=order; orderid=12545; 
上传
[2018-07-23 19:10:09] trace  /app/index.php?i=1&uniacid=1&t=undefined&v=1.3&m=ewei_shopv2&from=wxapp&c=entry&a=wxapp&do=main&&state=we7sid-2b6ee0b52b926654973b8e48275ff114&sign=bd6669aa3234bf78dfb6e0acd79b44c6 op=order; pn=upload; orderid=12546; 
上传
[2018-07-23 19:19:01] trace  /app/index.php?i=1&uniacid=1&t=undefined&v=1.3&m=ewei_shopv2&from=wxapp&c=entry&a=wxapp&do=main&&state=we7sid-c7ea03ba7c82badfc4881c7ef01c3aac&sign=572d5ca37c41ee62c3e4e087edd9f974 op=order; pn=upload; orderid=12547; 
上传
[2018-07-23 19:51:13] trace  /app/index.php?i=1&uniacid=1&t=undefined&v=1.3&m=ewei_shopv2&from=wxapp&c=entry&a=wxapp&do=main&&state=we7sid-9b0fb935ded5478073690196c32832ae&sign=17087dbcffaba2c4bf127177a78a2972 pn=upload; op=order; orderid=12548; 
上传
[2018-07-23 20:01:59] trace  /app/index.php?i=1&uniacid=1&t=undefined&v=1.3&m=ewei_shopv2&from=wxapp&c=entry&a=wxapp&do=main&&state=we7sid-a8412ee7484214ed0b03bec7ac7949a7&sign=984d0a1dd0283e68235e0577c8efd29c pn=upload; op=order; orderid=12549; 
上传
[2018-07-23 20:53:56] trace  /app/index.php?i=1&uniacid=1&t=undefined&v=1.3&m=ewei_shopv2&from=wxapp&c=entry&a=wxapp&do=main&&state=we7sid-e7efbd4195c88e781dfa4f23db6d9b2c&sign=dd80af18cba378835fab774219aa5eb0 op=order; orderid=12550; pn=upload; 
上传
[2018-07-23 20:54:46] trace  /app/index.php?i=1&uniacid=1&t=undefined&v=1.3&m=ewei_shopv2&from=wxapp&c=entry&a=wxapp&do=main&&state=we7sid-be269f17b69049088f51b1eb47e48631&sign=fc983b09dbdd5b727c36a1f52b1cdc32 pn=upload; op=order; orderid=12551; 
上传
[2018-07-23 21:19:53] trace  /app/index.php?i=1&uniacid=1&t=undefined&v=1.3&m=ewei_shopv2&from=wxapp&c=entry&a=wxapp&do=main&&state=we7sid-ceb7b40929d84b25c20ce341369042af&sign=ad03bfd02eea221a1a18774349ea2ba2 pn=upload; op=order; orderid=12552; 
上传
[2018-07-23 21:27:22] trace  /app/index.php?i=1&uniacid=1&t=undefined&v=1.3&m=ewei_shopv2&from=wxapp&c=entry&a=wxapp&do=main&&state=we7sid-1359c3345e24b90d04fa01230ef1edc1&sign=81be416fbe127be1927f655e89d5c7fa pn=upload; op=order; orderid=12553; 
上传
[2018-07-23 21:29:24] trace  /app/index.php?i=1&uniacid=1&t=undefined&v=1.3&m=ewei_shopv2&from=wxapp&c=entry&a=wxapp&do=main&&state=we7sid-3bec2692e19dabf112fb301950fcc2d2&sign=de5cb5f0403fc4afe07fbfd2e10564c1 pn=upload; op=order; orderid=12554; 
上传
[2018-07-23 21:46:27] trace  /app/index.php?i=1&uniacid=1&t=undefined&v=1.3&m=ewei_shopv2&from=wxapp&c=entry&a=wxapp&do=main&&state=we7sid-1516092e88e4e930e234c05781bdb18a&sign=03b5296f8b133b3ae751416a038498ae pn=upload; op=order; orderid=12555; 
上传
[2018-07-23 21:48:47] trace  /app/index.php?i=1&uniacid=1&t=undefined&v=1.3&m=ewei_shopv2&from=wxapp&c=entry&a=wxapp&do=main&&state=we7sid-614a18e40a870b0e140066e0c54d2a1f&sign=29ff3bd4d8acc7f88a55d5503ad88f13 pn=upload; op=order; orderid=12556; 
上传
[2018-07-23 22:30:08] trace  /app/index.php?i=1&uniacid=1&t=undefined&v=1.3&m=ewei_shopv2&from=wxapp&c=entry&a=wxapp&do=main&&state=we7sid-05ad7a685178fc019644f1ae64038b4d&sign=0e8a0579df559c660b7ed70a847f19f2 pn=upload; op=order; orderid=12557; 
上传
[2018-07-23 22:31:06] trace  /app/index.php?i=1&uniacid=1&t=undefined&v=1.3&m=ewei_shopv2&from=wxapp&c=entry&a=wxapp&do=main&&state=we7sid-05ad7a685178fc019644f1ae64038b4d&sign=0e8a0579df559c660b7ed70a847f19f2 pn=upload; op=order; orderid=12558; 
上传
[2018-07-23 22:35:45] trace  /app/index.php?i=1&uniacid=1&t=undefined&v=1.3&m=ewei_shopv2&from=wxapp&c=entry&a=wxapp&do=main&&state=we7sid-c9e338d9937002c30e0591005a27f4b1&sign=4bef4ceef58c3f3ff9f284ec8c893a0a pn=upload; op=author; orderid=12056; 
上传
[2018-07-23 22:38:16] trace  /app/index.php?i=1&uniacid=1&t=undefined&v=1.3&m=ewei_shopv2&from=wxapp&c=entry&a=wxapp&do=main&&state=we7sid-4ef6e69aed58d93c5c9bf458c2c30c61&sign=70e433f5c40278edc7436889a9789f3b pn=upload; op=order; orderid=12559; 
上传
[2018-07-23 22:47:25] trace  /app/index.php?i=1&uniacid=1&t=undefined&v=1.3&m=ewei_shopv2&from=wxapp&c=entry&a=wxapp&do=main&&state=we7sid-e3eab394dba44896fa681edfcadcf811&sign=ed522b519246dd87aded462b166158eb pn=upload; op=order; orderid=12560; 
上传
[2018-07-23 22:49:30] trace  /app/index.php?i=1&uniacid=1&t=undefined&v=1.3&m=ewei_shopv2&from=wxapp&c=entry&a=wxapp&do=main&&state=we7sid-c9e338d9937002c30e0591005a27f4b1&sign=4bef4ceef58c3f3ff9f284ec8c893a0a pn=upload; op=author; orderid=12069; 
上传
[2018-07-23 22:52:12] trace  /app/index.php?i=1&uniacid=1&t=undefined&v=1.3&m=ewei_shopv2&from=wxapp&c=entry&a=wxapp&do=main&&state=we7sid-fed0a9db62717eefed98a73412ba977b&sign=d295e489e923a87da72eb45cc971335a pn=upload; op=order; orderid=12561; 
上传
[2018-07-23 22:52:59] trace  /app/index.php?i=1&uniacid=1&t=undefined&v=1.3&m=ewei_shopv2&from=wxapp&c=entry&a=wxapp&do=main&&state=we7sid-c692d40c800409cf7caf8d4315c4a125&sign=2aea83741318639959d359505aaf0040 pn=upload; op=order; orderid=12562; 
上传
[2018-07-23 22:57:05] trace  /app/index.php?i=1&uniacid=1&t=undefined&v=1.3&m=ewei_shopv2&from=wxapp&c=entry&a=wxapp&do=main&&state=we7sid-c9e338d9937002c30e0591005a27f4b1&sign=4bef4ceef58c3f3ff9f284ec8c893a0a pn=upload; op=author; orderid=12107; 
上传
[2018-07-23 23:07:42] trace  /app/index.php?i=1&uniacid=1&t=undefined&v=1.3&m=ewei_shopv2&from=wxapp&c=entry&a=wxapp&do=main&&state=we7sid-c9e338d9937002c30e0591005a27f4b1&sign=4bef4ceef58c3f3ff9f284ec8c893a0a pn=upload; op=author; orderid=12217; 
上传
[2018-07-23 23:10:07] trace  /app/index.php?i=1&uniacid=1&t=undefined&v=1.3&m=ewei_shopv2&from=wxapp&c=entry&a=wxapp&do=main&&state=we7sid-f7a390108b6e7ea7ca01f42cf955d39f&sign=57ef62aed010aecd91e77194d9bc04f8 pn=upload; op=order; orderid=12563; 
上传
[2018-07-23 23:11:13] trace  /app/index.php?i=1&uniacid=1&t=undefined&v=1.3&m=ewei_shopv2&from=wxapp&c=entry&a=wxapp&do=main&&state=we7sid-f7a390108b6e7ea7ca01f42cf955d39f&sign=57ef62aed010aecd91e77194d9bc04f8 pn=upload; op=order; orderid=12564; 
上传
[2018-07-23 23:14:54] trace  /app/index.php?i=1&uniacid=1&t=undefined&v=1.3&m=ewei_shopv2&from=wxapp&c=entry&a=wxapp&do=main&&state=we7sid-c9e338d9937002c30e0591005a27f4b1&sign=4bef4ceef58c3f3ff9f284ec8c893a0a pn=upload; op=author; orderid=12218; 
上传
[2018-07-23 23:24:03] trace  /app/index.php?i=1&uniacid=1&t=undefined&v=1.3&m=ewei_shopv2&from=wxapp&c=entry&a=wxapp&do=main&&state=we7sid-c9e338d9937002c30e0591005a27f4b1&sign=4bef4ceef58c3f3ff9f284ec8c893a0a pn=upload; op=author; orderid=12287; 
上传
[2018-07-23 23:28:53] trace  /app/index.php?i=1&uniacid=1&t=undefined&v=1.3&m=ewei_shopv2&from=wxapp&c=entry&a=wxapp&do=main&&state=we7sid-a6a65c56b7aec5b486b9c37891c6e15a&sign=36a940e256cbc2fe462746b1cff82a25 pn=upload; op=order; orderid=12565; 
上传
[2018-07-23 23:29:47] trace  /app/index.php?i=1&uniacid=1&t=undefined&v=1.3&m=ewei_shopv2&from=wxapp&c=entry&a=wxapp&do=main&&state=we7sid-e6486851d974d798b304a029665727a2&sign=a4fb00389f573fc40427ff43d396568c pn=upload; op=order; orderid=12566; 
上传
[2018-07-23 23:30:02] trace  /app/index.php?i=1&uniacid=1&t=undefined&v=1.3&m=ewei_shopv2&from=wxapp&c=entry&a=wxapp&do=main&&state=we7sid-a6a65c56b7aec5b486b9c37891c6e15a&sign=36a940e256cbc2fe462746b1cff82a25 pn=upload; op=order; orderid=12567; 
上传
[2018-07-23 23:31:10] trace  /app/index.php?i=1&uniacid=1&t=undefined&v=1.3&m=ewei_shopv2&from=wxapp&c=entry&a=wxapp&do=main&&state=we7sid-a6a65c56b7aec5b486b9c37891c6e15a&sign=36a940e256cbc2fe462746b1cff82a25 pn=upload; op=order; orderid=12568; 
上传
[2018-07-23 23:31:23] trace  /app/index.php?i=1&uniacid=1&t=undefined&v=1.3&m=ewei_shopv2&from=wxapp&c=entry&a=wxapp&do=main&&state=we7sid-a6a65c56b7aec5b486b9c37891c6e15a&sign=36a940e256cbc2fe462746b1cff82a25 pn=upload; op=order; orderid=12569; 
上传
[2018-07-23 23:31:33] trace  /app/index.php?i=1&uniacid=1&t=undefined&v=1.3&m=ewei_shopv2&from=wxapp&c=entry&a=wxapp&do=main&&state=we7sid-a6a65c56b7aec5b486b9c37891c6e15a&sign=36a940e256cbc2fe462746b1cff82a25 pn=upload; op=order; orderid=12570; 
上传
[2018-07-23 23:33:53] trace  /app/index.php?i=1&uniacid=1&t=undefined&v=1.3&m=ewei_shopv2&from=wxapp&c=entry&a=wxapp&do=main&&state=we7sid-e0c02031f89c54d5cea77b44a934ac28&sign=ac00ebcbb7299907379c074e73e6c0ab pn=upload; op=order; orderid=12571; 
上传
[2018-07-23 23:34:13] trace  /app/index.php?i=1&uniacid=1&t=undefined&v=1.3&m=ewei_shopv2&from=wxapp&c=entry&a=wxapp&do=main&&state=we7sid-c9e338d9937002c30e0591005a27f4b1&sign=4bef4ceef58c3f3ff9f284ec8c893a0a pn=upload; op=author; orderid=12329; 
上传
[2018-07-23 23:41:50] trace  /app/index.php?i=1&uniacid=1&t=undefined&v=1.3&m=ewei_shopv2&from=wxapp&c=entry&a=wxapp&do=main&&state=we7sid-c9e338d9937002c30e0591005a27f4b1&sign=4bef4ceef58c3f3ff9f284ec8c893a0a pn=upload; op=author; orderid=12332; 
上传
[2018-07-23 23:46:54] trace  /app/index.php?i=1&uniacid=1&t=undefined&v=1.3&m=ewei_shopv2&from=wxapp&c=entry&a=wxapp&do=main&&state=we7sid-1e66f11be27027afafa0d5729d8fca32&sign=dc09fd0b1221d3ec0f3fe612ce9f35bf pn=upload; op=order; orderid=12572; 
上传
[2018-07-23 23:49:35] trace  /app/index.php?i=1&uniacid=1&t=undefined&v=1.3&m=ewei_shopv2&from=wxapp&c=entry&a=wxapp&do=main&&state=we7sid-c9e338d9937002c30e0591005a27f4b1&sign=4bef4ceef58c3f3ff9f284ec8c893a0a pn=upload; op=author; orderid=12333; 
上传
