[2018-05-31 00:03:07] trace  /app/index.php?i=1&uniacid=1&t=undefined&v=1.1&m=ewei_shopv2&from=wxapp&c=entry&a=wxapp&do=main&&state=we7sid-ddbe0e64f0506813ea02a47ccbde0173&sign=2fbc637aeeea91aec79f503a069c1d07 pn=upload; op=order; orderid=6105; 
上传
[2018-05-31 00:26:09] trace  /app/index.php?i=1&uniacid=1&t=undefined&v=1.1&m=ewei_shopv2&from=wxapp&c=entry&a=wxapp&do=main&&state=we7sid-ea735a40c418c894b4809e2a95e5655a&sign=254c84896f7d2754135d43a9ccf4b89a pn=upload; op=order; orderid=6106; 
上传
[2018-05-31 01:34:00] trace  /app/index.php?i=1&uniacid=1&t=undefined&v=1.1&m=ewei_shopv2&from=wxapp&c=entry&a=wxapp&do=main&&state=we7sid-b56c00a185a092a5f66b50e09b1d34c9&sign=39eb16f9de7c6865d57aed2e88e56e3e pn=upload; op=author; orderid=5629; 
上传
[2018-05-31 01:42:50] trace  /app/index.php?i=1&uniacid=1&t=undefined&v=1.1&m=ewei_shopv2&from=wxapp&c=entry&a=wxapp&do=main&&state=we7sid-b56c00a185a092a5f66b50e09b1d34c9&sign=39eb16f9de7c6865d57aed2e88e56e3e pn=upload; op=author; orderid=5638; 
上传
[2018-05-31 02:06:11] trace  /app/index.php?i=1&uniacid=1&t=undefined&v=1.1&m=ewei_shopv2&from=wxapp&c=entry&a=wxapp&do=main&&state=we7sid-cd812b16ec03c31b7157255474b0d238&sign=ffc91b769cd5faa2b01c4f56a3aebd20 pn=upload; op=order; orderid=6107; 
上传
[2018-05-31 02:09:08] trace  /app/index.php?i=1&uniacid=1&t=undefined&v=1.1&m=ewei_shopv2&from=wxapp&c=entry&a=wxapp&do=main&&state=we7sid-cd812b16ec03c31b7157255474b0d238&sign=ffc91b769cd5faa2b01c4f56a3aebd20 pn=upload; op=order; orderid=6108; 
上传
[2018-05-31 02:31:39] trace  /app/index.php?i=1&uniacid=1&t=undefined&v=1.1&m=ewei_shopv2&from=wxapp&c=entry&a=wxapp&do=main&&state=we7sid-b56c00a185a092a5f66b50e09b1d34c9&sign=39eb16f9de7c6865d57aed2e88e56e3e pn=upload; op=author; orderid=5640; 
上传
[2018-05-31 02:38:01] trace  /app/index.php?i=1&uniacid=1&t=undefined&v=1.1&m=ewei_shopv2&from=wxapp&c=entry&a=wxapp&do=main&&state=we7sid-b56c00a185a092a5f66b50e09b1d34c9&sign=39eb16f9de7c6865d57aed2e88e56e3e pn=upload; op=author; orderid=5646; 
上传
[2018-05-31 02:41:55] trace  /app/index.php?i=1&uniacid=1&t=undefined&v=1.1&m=ewei_shopv2&from=wxapp&c=entry&a=wxapp&do=main&&state=we7sid-87bae2ac1e560d72acbea1e220489176&sign=2dbf496443077754c2659261392ab1db pn=upload; op=order; orderid=6109; 
上传
[2018-05-31 02:47:15] trace  /app/index.php?i=1&uniacid=1&t=undefined&v=1.1&m=ewei_shopv2&from=wxapp&c=entry&a=wxapp&do=main&&state=we7sid-b56c00a185a092a5f66b50e09b1d34c9&sign=39eb16f9de7c6865d57aed2e88e56e3e pn=upload; op=author; orderid=5681; 
上传
[2018-05-31 02:50:44] trace  /app/index.php?i=1&uniacid=1&t=undefined&v=1.1&m=ewei_shopv2&from=wxapp&c=entry&a=wxapp&do=main&&state=we7sid-5ce9778d3dfc5fe38e8e8fa5928dcd0b&sign=593b16c84225dbbf390f87a466825b2b pn=upload; op=order; orderid=6110; 
上传
[2018-05-31 02:56:26] trace  /app/index.php?i=1&uniacid=1&t=undefined&v=1.1&m=ewei_shopv2&from=wxapp&c=entry&a=wxapp&do=main&&state=we7sid-b56c00a185a092a5f66b50e09b1d34c9&sign=39eb16f9de7c6865d57aed2e88e56e3e pn=upload; op=author; orderid=5699; 
上传
[2018-05-31 05:49:49] trace  /app/index.php?i=1&uniacid=1&t=undefined&v=1.1&m=ewei_shopv2&from=wxapp&c=entry&a=wxapp&do=main&&state=we7sid-a13153015160c92cf11e9599b77b449b&sign=6d2f9b7db80f3013d88b8d6cd290952c op=order; orderid=6111; pn=upload; 
上传
[2018-05-31 05:55:15] trace  /app/index.php?i=1&uniacid=1&t=undefined&v=1.1&m=ewei_shopv2&from=wxapp&c=entry&a=wxapp&do=main&&state=we7sid-ca07a5de09f4e007eac689c9a8107ed7&sign=dc274f969777d998cd100c50c1afa487 pn=upload; op=order; orderid=6112; 
上传
[2018-05-31 06:11:27] trace  /app/index.php?i=1&uniacid=1&t=undefined&v=1.1&m=ewei_shopv2&from=wxapp&c=entry&a=wxapp&do=main&&state=we7sid-d1cba3921506112bf5ef120e143cd843&sign=d5a6a2b31fe428d517fcb211c2dc7837 pn=upload; op=order; orderid=6113; 
上传
[2018-05-31 06:33:05] trace  /app/index.php?i=1&uniacid=1&t=undefined&v=1.1&m=ewei_shopv2&from=wxapp&c=entry&a=wxapp&do=main&&state=we7sid-9366a20f3254793a04a2140273d200a8&sign=77c81b32d220f0be11e3c0b888342b50 pn=upload; op=order; orderid=6114; 
上传
[2018-05-31 06:53:14] trace  /app/index.php?i=1&uniacid=1&t=undefined&v=1.1&m=ewei_shopv2&from=wxapp&c=entry&a=wxapp&do=main&&state=we7sid-d3003f462bc790d047c8e4f556107cb9&sign=d1ae14fdfef5aa2c16c01d74ab233d62 pn=upload; op=order; orderid=6115; 
上传
[2018-05-31 07:04:20] trace  /app/index.php?i=1&uniacid=1&t=undefined&v=1.1&m=ewei_shopv2&from=wxapp&c=entry&a=wxapp&do=main&&state=we7sid-e3698b502b71ecd53cf86e4e9edfe1cc&sign=bb9a00908f74af2d03388ce0ea9bf212 pn=upload; op=order; orderid=6116; 
上传
[2018-05-31 07:32:49] trace  /app/index.php?i=1&uniacid=1&t=undefined&v=1.1&m=ewei_shopv2&from=wxapp&c=entry&a=wxapp&do=main&&state=we7sid-67864b958f69ee84c6611e05ad641c82&sign=8e10b3b5b2719627f93b462d610a9041 op=order; orderid=6117; pn=upload; 
上传
[2018-05-31 08:09:00] trace  /app/index.php?i=1&uniacid=1&t=undefined&v=1.1&m=ewei_shopv2&from=wxapp&c=entry&a=wxapp&do=main&&state=we7sid-4dea7778326027c69452afc733ee1636&sign=3324ec0b235ac8e978100c410ac4aa6e pn=upload; op=order; orderid=6118; 
上传
[2018-05-31 08:10:40] trace  /app/index.php?i=1&uniacid=1&t=undefined&v=1.1&m=ewei_shopv2&from=wxapp&c=entry&a=wxapp&do=main&&state=we7sid-4dea7778326027c69452afc733ee1636&sign=3324ec0b235ac8e978100c410ac4aa6e pn=upload; op=order; orderid=6119; 
上传
[2018-05-31 08:11:40] trace  /app/index.php?i=1&uniacid=1&t=undefined&v=1.1&m=ewei_shopv2&from=wxapp&c=entry&a=wxapp&do=main&&state=we7sid-4dea7778326027c69452afc733ee1636&sign=3324ec0b235ac8e978100c410ac4aa6e pn=upload; op=order; orderid=6120; 
上传
[2018-05-31 08:11:54] trace  /app/index.php?i=1&uniacid=1&t=undefined&v=1.1&m=ewei_shopv2&from=wxapp&c=entry&a=wxapp&do=main&&state=we7sid-4dea7778326027c69452afc733ee1636&sign=3324ec0b235ac8e978100c410ac4aa6e pn=upload; op=order; orderid=6121; 
上传
[2018-05-31 08:17:57] trace  /app/index.php?i=1&uniacid=1&t=undefined&v=1.1&m=ewei_shopv2&from=wxapp&c=entry&a=wxapp&do=main&&state=we7sid-d1031c99c7128669bb939d11d7cea6d2&sign=1d9d9ec69f3f9d04485f8d82adcd049f pn=upload; op=order; orderid=6122; 
上传
[2018-05-31 08:53:08] trace  /app/index.php?i=1&uniacid=1&t=undefined&v=1.1&m=ewei_shopv2&from=wxapp&c=entry&a=wxapp&do=main&&state=we7sid-09a1ec0653141670b3be80bc372892da&sign=1e116aa53d98f43537cc56cc9c2724e5 pn=upload; op=order; orderid=6123; 
上传
[2018-05-31 10:12:44] trace  /app/index.php?i=1&uniacid=1&t=undefined&v=1.1&m=ewei_shopv2&from=wxapp&c=entry&a=wxapp&do=main&&state=we7sid-daf736c2ef5d97513589cd39e31bf726&sign=fb0c235347d3dec4244e034cdaa4b7e0 pn=upload; op=order; orderid=6124; 
上传
[2018-05-31 10:15:37] trace  /app/index.php?i=1&uniacid=1&t=undefined&v=1.1&m=ewei_shopv2&from=wxapp&c=entry&a=wxapp&do=main&&state=we7sid-98cc9641c3228c619456d57e7d216dde&sign=6b0b2afd60abb3bb27cbabcfd6fb8e17 pn=upload; op=order; orderid=6125; 
上传
[2018-05-31 10:43:00] trace  /app/index.php?i=1&uniacid=1&t=undefined&v=1.1&m=ewei_shopv2&from=wxapp&c=entry&a=wxapp&do=main&&state=we7sid-f4f5137e17751288223e27237baf7749&sign=7c2e131a350f0cb4b6887577a466ebba pn=upload; op=order; orderid=6126; 
上传
[2018-05-31 11:02:03] trace  /app/index.php?i=1&uniacid=1&t=undefined&v=1.1&m=ewei_shopv2&from=wxapp&c=entry&a=wxapp&do=main&&state=we7sid-5b5c3bded0bae1c1fa8009f3fce13886&sign=e51d96ea8210c7f07292bc7642f070af pn=upload; op=order; orderid=6127; 
上传
[2018-05-31 11:07:49] trace  /app/index.php?i=1&uniacid=1&t=undefined&v=1.1&m=ewei_shopv2&from=wxapp&c=entry&a=wxapp&do=main&&state=we7sid-c17661a075de570afbdda20afe87ff54&sign=e98290a2d4631c40519e928cbfd16ae0 pn=upload; op=order; orderid=6128; 
上传
[2018-05-31 11:12:01] trace  /app/index.php?i=1&uniacid=1&t=undefined&v=1.1&m=ewei_shopv2&from=wxapp&c=entry&a=wxapp&do=main&&state=we7sid-5ae78e8b71a252fdea2811b3c2c176d1&sign=6126b2e083b5cbd61370c373f66ec423 op=order; orderid=6129; pn=upload; 
上传
[2018-05-31 11:21:28] trace  /app/index.php?i=1&uniacid=1&t=undefined&v=1.1&m=ewei_shopv2&from=wxapp&c=entry&a=wxapp&do=main&&state=we7sid-d858c30df9523212dd43718ce165fa3d&sign=3721cff50c0786fedc950bcd798af14d pn=upload; op=order; orderid=6130; 
上传
[2018-05-31 11:42:23] trace  /app/index.php?i=1&uniacid=1&t=undefined&v=1.1&m=ewei_shopv2&from=wxapp&c=entry&a=wxapp&do=main&&state=we7sid-66137571a3c5a70cdf0faf4baf0e42f2&sign=51f92deaeb7f11bcebf8ed72e9530f37 pn=upload; op=order; orderid=6131; 
上传
[2018-05-31 12:25:55] trace  /app/index.php?i=1&uniacid=1&t=undefined&v=1.1&m=ewei_shopv2&from=wxapp&c=entry&a=wxapp&do=main&&state=we7sid-6aad9708a408839d31af774f20a2f7eb&sign=a5ef72ef2dc42eb2bbd1c11e840d3772 op=order; pn=upload; orderid=6132; 
上传
[2018-05-31 12:40:28] trace  /app/index.php?i=1&uniacid=1&t=undefined&v=1.1&m=ewei_shopv2&from=wxapp&c=entry&a=wxapp&do=main&&state=we7sid-2494ee4d91d64258d0d1e7359f5813f5&sign=de74d2e5f508473252f123f2402ce6fd pn=upload; op=order; orderid=6133; 
上传
[2018-05-31 12:41:13] trace  /app/index.php?i=1&uniacid=1&t=undefined&v=1.1&m=ewei_shopv2&from=wxapp&c=entry&a=wxapp&do=main&&state=we7sid-29583d34f02eaed7e14b417994573071&sign=8b1d820e6a6ca148485b315563e60bdb pn=upload; op=order; orderid=6134; 
上传
[2018-05-31 12:42:33] trace  /app/index.php?i=1&uniacid=1&t=undefined&v=1.1&m=ewei_shopv2&from=wxapp&c=entry&a=wxapp&do=main&&state=we7sid-9f683773358fcd3b20514e9f31c830e2&sign=f2893733104c7fb63e1b5c08f366dd28 pn=upload; op=order; orderid=6135; 
上传
[2018-05-31 12:44:31] trace  /app/index.php?i=1&uniacid=1&t=undefined&v=1.1&m=ewei_shopv2&from=wxapp&c=entry&a=wxapp&do=main&&state=we7sid-77f2897b7d2753697cdb5df62644f2b5&sign=abea9d3ce82d2fcdb81ec2021cff23eb pn=upload; op=order; orderid=6136; 
上传
[2018-05-31 12:54:59] trace  /app/index.php?i=1&uniacid=1&t=undefined&v=1.1&m=ewei_shopv2&from=wxapp&c=entry&a=wxapp&do=main&&state=we7sid-3f300c7a1127a2d018f88c9d7d4e5062&sign=892231a3559e1456af40d47375e959af pn=upload; op=order; orderid=6137; 
上传
[2018-05-31 13:30:11] trace  /app/index.php?i=1&uniacid=1&t=undefined&v=1.1&m=ewei_shopv2&from=wxapp&c=entry&a=wxapp&do=main&&state=we7sid-7696eb875ab5d24badb3160ec4be2482&sign=46e853b9730a16a6afa16ef0165aaab2 pn=upload; op=order; orderid=6138; 
上传
[2018-05-31 13:49:01] trace  /app/index.php?i=1&uniacid=1&t=undefined&v=1.1&m=ewei_shopv2&from=wxapp&c=entry&a=wxapp&do=main&&state=we7sid-a1f30c25e7d78e3646eab8fd7addda08&sign=24940cceb042f6adcab51aab01386bc0 pn=upload; op=order; orderid=6139; 
上传
[2018-05-31 13:53:06] trace  /app/index.php?i=1&uniacid=1&t=undefined&v=1.1&m=ewei_shopv2&from=wxapp&c=entry&a=wxapp&do=main&&state=we7sid-f13130b60c7c78c61fb3169e9911012c&sign=da90055fc19cf249411ac2494617035c pn=upload; op=order; orderid=6140; 
上传
[2018-05-31 13:53:13] trace  /app/index.php?i=1&uniacid=1&t=undefined&v=1.1&m=ewei_shopv2&from=wxapp&c=entry&a=wxapp&do=main&&state=we7sid-f2157174a12e932dffbb3b051e5f92e4&sign=20023c7377bb869c93a464509c3301d2 pn=upload; op=order; orderid=6141; 
上传
[2018-05-31 13:53:42] trace  /app/index.php?i=1&uniacid=1&t=undefined&v=1.1&m=ewei_shopv2&from=wxapp&c=entry&a=wxapp&do=main&&state=we7sid-f2157174a12e932dffbb3b051e5f92e4&sign=20023c7377bb869c93a464509c3301d2 pn=upload; op=order; orderid=6142; 
上传
[2018-05-31 14:04:27] trace  /app/index.php?i=1&uniacid=1&t=undefined&v=1.1&m=ewei_shopv2&from=wxapp&c=entry&a=wxapp&do=main&&state=we7sid-969e4a50b38314871fd7d0b8e0ea7a09&sign=ca4c3de65ea8b9efd09a8e0c9ea418ce op=order; pn=upload; orderid=6143; 
上传
[2018-05-31 14:18:17] trace  /app/index.php?i=1&uniacid=1&t=undefined&v=1.1&m=ewei_shopv2&from=wxapp&c=entry&a=wxapp&do=main&&state=we7sid-f79895b06daa5e3395e645f6a152a767&sign=7fd93d146a866d233281dc9789e54472 pn=upload; op=order; orderid=6144; 
上传
[2018-05-31 14:25:19] trace  /app/index.php?i=1&uniacid=1&t=undefined&v=1.1&m=ewei_shopv2&from=wxapp&c=entry&a=wxapp&do=main&&state=we7sid-e9d1123503450c2e998338175e9b1a30&sign=dc8dc1e943e3052bdeed9b43cd7feec2 pn=upload; op=order; orderid=6145; 
上传
[2018-05-31 14:50:36] trace  /app/index.php?i=1&uniacid=1&t=undefined&v=1.1&m=ewei_shopv2&from=wxapp&c=entry&a=wxapp&do=main&&state=we7sid-dad6a90025d2eb0812869ecb9ad06792&sign=14aacb43961350ed7f2ff9845ea051a2 pn=upload; op=order; orderid=6146; 
上传
[2018-05-31 14:56:10] trace  /app/index.php?i=1&uniacid=1&t=undefined&v=1.1&m=ewei_shopv2&from=wxapp&c=entry&a=wxapp&do=main&&state=we7sid-1bb2dd1d732662cd11025171181fc5f1&sign=df8c92dcabbbb2957a7e5806e5334fea pn=upload; op=order; orderid=6147; 
上传
[2018-05-31 15:16:29] trace  /app/index.php?i=1&uniacid=1&t=undefined&v=1.1&m=ewei_shopv2&from=wxapp&c=entry&a=wxapp&do=main&&state=we7sid-fb40e524ec2217b85c03e9db7acda2a2&sign=38558ee06c2215cfae869e23ccac39ac pn=upload; op=order; orderid=6148; 
上传
[2018-05-31 15:35:41] trace  /app/index.php?i=1&uniacid=1&t=undefined&v=1.1&m=ewei_shopv2&from=wxapp&c=entry&a=wxapp&do=main&&state=we7sid-1e3e633a9ff7a0bea29648355d4b33f6&sign=8fd4eca8a69bc025f0aff66b1973071a pn=upload; op=order; orderid=6149; 
上传
[2018-05-31 15:41:34] trace  /app/index.php?i=1&uniacid=1&t=undefined&v=1.1&m=ewei_shopv2&from=wxapp&c=entry&a=wxapp&do=main&&state=we7sid-6d16b54ec98fedd476ab81efaba0c1e2&sign=f83ca04aa1880c6cce3c8fb49053e71f pn=upload; op=order; orderid=6150; 
上传
[2018-05-31 15:43:58] trace  /app/index.php?i=1&uniacid=1&t=undefined&v=1.1&m=ewei_shopv2&from=wxapp&c=entry&a=wxapp&do=main&&state=we7sid-6d16b54ec98fedd476ab81efaba0c1e2&sign=f83ca04aa1880c6cce3c8fb49053e71f pn=upload; op=order; orderid=6151; 
上传
[2018-05-31 15:45:20] trace  /app/index.php?i=1&uniacid=1&t=undefined&v=1.1&m=ewei_shopv2&from=wxapp&c=entry&a=wxapp&do=main&&state=we7sid-2166968bdb6c6ad26e70375623af52b4&sign=6963ed8e3a93450e688174c7ef356e92 pn=upload; op=order; orderid=6152; 
上传
[2018-05-31 15:49:21] trace  /app/index.php?i=1&uniacid=1&t=undefined&v=1.1&m=ewei_shopv2&from=wxapp&c=entry&a=wxapp&do=main&&state=we7sid-2166968bdb6c6ad26e70375623af52b4&sign=6963ed8e3a93450e688174c7ef356e92 pn=upload; op=order; orderid=6153; 
上传
[2018-05-31 15:57:24] trace  /app/index.php?i=1&uniacid=1&t=undefined&v=1.1&m=ewei_shopv2&from=wxapp&c=entry&a=wxapp&do=main&&state=we7sid-97c61393cb5fa2e668b66771f9a017d3&sign=4cd5e00769209c21462ed2ea54f397f8 pn=upload; op=order; orderid=6154; 
上传
[2018-05-31 16:27:57] trace  /app/index.php?i=1&uniacid=1&t=undefined&v=1.1&m=ewei_shopv2&from=wxapp&c=entry&a=wxapp&do=main&&state=we7sid-9a409954e918bffb0a166576b6ee8745&sign=bb4f54eeac6c371e74117f8785d39a1e pn=upload; op=order; orderid=6155; 
上传
[2018-05-31 16:44:48] trace  /app/index.php?i=1&uniacid=1&t=undefined&v=1.1&m=ewei_shopv2&from=wxapp&c=entry&a=wxapp&do=main&&state=we7sid-0a7a5d52ea91478aa77c4f306beb10fb&sign=8b1008c108b98d1469dfb7df25daf6c6 pn=upload; op=author; orderid=5737; 
上传
[2018-05-31 16:51:24] trace  /app/index.php?i=1&uniacid=1&t=undefined&v=1.1&m=ewei_shopv2&from=wxapp&c=entry&a=wxapp&do=main&&state=we7sid-0a7a5d52ea91478aa77c4f306beb10fb&sign=8b1008c108b98d1469dfb7df25daf6c6 pn=upload; op=author; orderid=5754; 
上传
[2018-05-31 16:57:53] trace  /app/index.php?i=1&uniacid=1&t=undefined&v=1.1&m=ewei_shopv2&from=wxapp&c=entry&a=wxapp&do=main&&state=we7sid-0a7a5d52ea91478aa77c4f306beb10fb&sign=8b1008c108b98d1469dfb7df25daf6c6 pn=upload; op=author; orderid=5766; 
上传
[2018-05-31 17:00:36] trace  /app/index.php?i=1&uniacid=1&t=undefined&v=1.1&m=ewei_shopv2&from=wxapp&c=entry&a=wxapp&do=main&&state=we7sid-c7bfea75b33cfc057a10668895894228&sign=971c24d30a78db759d468c62d7cfc563 op=order; pn=upload; orderid=6156; 
上传
[2018-05-31 17:07:35] trace  /app/index.php?i=1&uniacid=1&t=undefined&v=1.1&m=ewei_shopv2&from=wxapp&c=entry&a=wxapp&do=main&&state=we7sid-0a7a5d52ea91478aa77c4f306beb10fb&sign=8b1008c108b98d1469dfb7df25daf6c6 pn=upload; op=author; orderid=5837; 
上传
[2018-05-31 17:13:10] trace  /app/index.php?i=1&uniacid=1&t=undefined&v=1.1&m=ewei_shopv2&from=wxapp&c=entry&a=wxapp&do=main&&state=we7sid-ccc04f21a75f706b5a4e3bc3efb787fc&sign=bfa8e31ca064e2874d4ba6b1cf12a045 pn=upload; op=order; orderid=6157; 
上传
[2018-05-31 17:15:49] trace  /app/index.php?i=1&uniacid=1&t=undefined&v=1.1&m=ewei_shopv2&from=wxapp&c=entry&a=wxapp&do=main&&state=we7sid-a9881a753ae82698a22f0bae5976feef&sign=f08fa31e2b1347fb166305a91da16834 pn=upload; op=order; orderid=6158; 
上传
[2018-05-31 17:22:29] trace  /app/index.php?i=1&uniacid=1&t=undefined&v=1.1&m=ewei_shopv2&from=wxapp&c=entry&a=wxapp&do=main&&state=we7sid-0a7a5d52ea91478aa77c4f306beb10fb&sign=8b1008c108b98d1469dfb7df25daf6c6 pn=upload; op=author; orderid=5874; 
上传
[2018-05-31 17:37:17] trace  /app/index.php?i=1&uniacid=1&t=undefined&v=1.1&m=ewei_shopv2&from=wxapp&c=entry&a=wxapp&do=main&&state=we7sid-0a7a5d52ea91478aa77c4f306beb10fb&sign=8b1008c108b98d1469dfb7df25daf6c6 pn=upload; op=author; orderid=5869; 
上传
[2018-05-31 17:47:01] trace  /app/index.php?i=1&uniacid=1&t=undefined&v=1.1&m=ewei_shopv2&from=wxapp&c=entry&a=wxapp&do=main&&state=we7sid-0a7a5d52ea91478aa77c4f306beb10fb&sign=8b1008c108b98d1469dfb7df25daf6c6 pn=upload; op=author; orderid=5949; 
上传
[2018-05-31 17:47:27] trace  /app/index.php?i=1&uniacid=1&t=undefined&v=1.1&m=ewei_shopv2&from=wxapp&c=entry&a=wxapp&do=main&&state=we7sid-4eb2453c5459adcf02d74de32497ab3f&sign=333c3d829bb0ee9ef0777380cb3f26e9 pn=upload; op=order; orderid=6159; 
上传
[2018-05-31 17:53:17] trace  /app/index.php?i=1&uniacid=1&t=undefined&v=1.1&m=ewei_shopv2&from=wxapp&c=entry&a=wxapp&do=main&&state=we7sid-d71413c10067d4d3cd57b095b72d3de9&sign=00437e8c40b177bbaf63b2aa83c2ec57 pn=upload; op=order; orderid=6160; 
上传
[2018-05-31 17:57:32] trace  /app/index.php?i=1&uniacid=1&t=undefined&v=1.1&m=ewei_shopv2&from=wxapp&c=entry&a=wxapp&do=main&&state=we7sid-0a7a5d52ea91478aa77c4f306beb10fb&sign=8b1008c108b98d1469dfb7df25daf6c6 pn=upload; op=author; orderid=6054; 
上传
[2018-05-31 18:05:29] trace  /app/index.php?i=1&uniacid=1&t=undefined&v=1.1&m=ewei_shopv2&from=wxapp&c=entry&a=wxapp&do=main&&state=we7sid-241923d35e08f6e9a8b9db5c75df39fe&sign=941845315b77f4bfe853ade884da65d8 pn=upload; op=order; orderid=6161; 
上传
[2018-05-31 18:11:09] trace  /app/index.php?i=1&uniacid=1&t=undefined&v=1.1&m=ewei_shopv2&from=wxapp&c=entry&a=wxapp&do=main&&state=we7sid-0a7a5d52ea91478aa77c4f306beb10fb&sign=8b1008c108b98d1469dfb7df25daf6c6 pn=upload; op=author; orderid=6091; 
上传
[2018-05-31 18:53:10] trace  /app/index.php?i=1&uniacid=1&t=undefined&v=1.1&m=ewei_shopv2&from=wxapp&c=entry&a=wxapp&do=main&&state=we7sid-32fc21444fdba94dfcc40767867167ce&sign=aaf5ca04b7cd0dd18283252530a83c21 pn=upload; op=order; orderid=6162; 
上传
[2018-05-31 18:56:47] trace  /app/index.php?i=1&uniacid=1&t=undefined&v=1.1&m=ewei_shopv2&from=wxapp&c=entry&a=wxapp&do=main&&state=we7sid-32fc21444fdba94dfcc40767867167ce&sign=aaf5ca04b7cd0dd18283252530a83c21 pn=upload; op=order; orderid=6163; 
上传
[2018-05-31 19:00:07] trace  /app/index.php?i=1&uniacid=1&t=undefined&v=1.1&m=ewei_shopv2&from=wxapp&c=entry&a=wxapp&do=main&&state=we7sid-56ec9ee4d8c83dd74c7dff9c6f9e8a49&sign=42abfbe2fb0c08a62e30b97674785be2 pn=upload; op=order; orderid=6164; 
上传
[2018-05-31 19:00:15] trace  /app/index.php?i=1&uniacid=1&t=undefined&v=1.1&m=ewei_shopv2&from=wxapp&c=entry&a=wxapp&do=main&&state=we7sid-56ec9ee4d8c83dd74c7dff9c6f9e8a49&sign=42abfbe2fb0c08a62e30b97674785be2 pn=upload; op=order; orderid=6165; 
上传
[2018-05-31 19:18:29] trace  /app/index.php?i=1&uniacid=1&t=undefined&v=1.1&m=ewei_shopv2&from=wxapp&c=entry&a=wxapp&do=main&&state=we7sid-46c416a18ada5d8a15184cc8153bdaac&sign=435d6be6c582f6987170bb99b072feba pn=upload; op=order; orderid=6166; 
上传
[2018-05-31 19:21:42] trace  /app/index.php?i=1&uniacid=1&t=undefined&v=1.1&m=ewei_shopv2&from=wxapp&c=entry&a=wxapp&do=main&&state=we7sid-a351e1f01f12a026c91ce059359d226f&sign=d3da993a76e2811320d0be32bfd5c556 pn=upload; op=order; orderid=6167; 
上传
[2018-05-31 20:01:30] trace  /app/index.php?i=1&uniacid=1&t=undefined&v=1.1&m=ewei_shopv2&from=wxapp&c=entry&a=wxapp&do=main&&state=we7sid-9c1db0a1154db192ae4e54dff2710d83&sign=d41be8523d8585aaf6359ed66ee17d6c pn=upload; op=order; orderid=6168; 
上传
[2018-05-31 20:21:36] trace  /app/index.php?i=1&uniacid=1&t=undefined&v=1.1&m=ewei_shopv2&from=wxapp&c=entry&a=wxapp&do=main&&state=we7sid-ea627ae1b99243e1d0a4b5be0747332d&sign=7aa593a1f043462dd3ceacba3ca077db pn=upload; op=order; orderid=6171; 
上传
[2018-05-31 20:28:13] trace  /app/index.php?i=1&uniacid=1&t=undefined&v=1.1&m=ewei_shopv2&from=wxapp&c=entry&a=wxapp&do=main&&state=we7sid-46f003502f501edf8d37ab21494d41c1&sign=e244c2b0af4ecf6efdc3b16719566184 pn=upload; op=order; orderid=6172; 
上传
[2018-05-31 20:36:33] trace  /app/index.php?i=1&uniacid=1&t=undefined&v=1.1&m=ewei_shopv2&from=wxapp&c=entry&a=wxapp&do=main&&state=we7sid-1b30713f3bc858ee56c9580f5bffca86&sign=b0c4ae16388982c46d413d885a4a9198 op=order; orderid=6173; pn=upload; 
上传
[2018-05-31 20:36:54] trace  /app/index.php?i=1&uniacid=1&t=undefined&v=1.1&m=ewei_shopv2&from=wxapp&c=entry&a=wxapp&do=main&&state=we7sid-e373487a330755bcb663bfa8e1f243ce&sign=e5b4f66f77e5e227c19583d89d55241d pn=upload; op=order; orderid=6174; 
上传
[2018-05-31 20:57:05] trace  /app/index.php?i=1&uniacid=1&t=undefined&v=1.1&m=ewei_shopv2&from=wxapp&c=entry&a=wxapp&do=main&&state=we7sid-c5e082531007e0f62d41edbd3a9181fb&sign=50558898cd0a8912a02abec8c0e7748b op=order; orderid=6175; pn=upload; 
上传
[2018-05-31 21:06:06] trace  /app/index.php?i=1&uniacid=1&t=undefined&v=1.1&m=ewei_shopv2&from=wxapp&c=entry&a=wxapp&do=main&&state=we7sid-3ec5e33466507d1ac95f495ee97ff003&sign=5e82b381b7033bcae081593294743c80 op=order; orderid=6176; pn=upload; 
上传
[2018-05-31 21:07:01] trace  /app/index.php?i=1&uniacid=1&t=undefined&v=1.1&m=ewei_shopv2&from=wxapp&c=entry&a=wxapp&do=main&&state=we7sid-aba5c40ec45b7ea080d814b97dfb492a&sign=925f7c512cd48dbd6f00f6307d8bc6f9 pn=upload; op=order; orderid=6177; 
上传
[2018-05-31 21:18:17] trace  /app/index.php?i=1&uniacid=1&t=undefined&v=1.1&m=ewei_shopv2&from=wxapp&c=entry&a=wxapp&do=main&&state=we7sid-2654832b2a477513991dfad8c6e2db75&sign=288fcfcd4a6f3931872c74a39b938aed pn=upload; op=order; orderid=6178; 
上传
[2018-05-31 21:29:19] trace  /app/index.php?i=1&uniacid=1&t=undefined&v=1.1&m=ewei_shopv2&from=wxapp&c=entry&a=wxapp&do=main&&state=we7sid-6d5835bac1b2528569ac2f1382f6d5e9&sign=26cb871ff3cd218263c3e3941039eafb pn=upload; op=order; orderid=6179; 
上传
[2018-05-31 21:29:46] trace  /app/index.php?i=1&uniacid=1&t=undefined&v=1.1&m=ewei_shopv2&from=wxapp&c=entry&a=wxapp&do=main&&state=we7sid-b89c46a33257f3bfc3f8e3844d40d4a6&sign=9b4328d1c641e3252752dd2782eb7954 op=order; orderid=6180; pn=upload; 
上传
[2018-05-31 21:29:47] trace  /app/index.php?i=1&uniacid=1&t=undefined&v=1.1&m=ewei_shopv2&from=wxapp&c=entry&a=wxapp&do=main&&state=we7sid-b89c46a33257f3bfc3f8e3844d40d4a6&sign=9b4328d1c641e3252752dd2782eb7954 op=order; orderid=6181; pn=upload; 
上传
[2018-05-31 21:36:16] trace  /app/index.php?i=1&uniacid=1&t=undefined&v=1.1&m=ewei_shopv2&from=wxapp&c=entry&a=wxapp&do=main&&state=we7sid-ac47995cde3a40a8ad805e3bdd055dc4&sign=32dc3e45f546b50e97bf34ca46ab8d15 pn=upload; op=order; orderid=6182; 
上传
[2018-05-31 21:53:24] trace  /app/index.php?i=1&uniacid=1&t=undefined&v=1.1&m=ewei_shopv2&from=wxapp&c=entry&a=wxapp&do=main&&state=we7sid-b6d1e1c1fa0659f581fd68ad5a83a750&sign=ba0d70589b4fe723c9e1381ca212eaf2 pn=upload; op=order; orderid=6183; 
上传
[2018-05-31 21:54:31] trace  /app/index.php?i=1&uniacid=1&t=undefined&v=1.1&m=ewei_shopv2&from=wxapp&c=entry&a=wxapp&do=main&&state=we7sid-ea95fd09917582501cc844da91e3ca71&sign=dbaf004f0aca91beb43080cbe42554d8 pn=upload; op=order; orderid=6184; 
上传
[2018-05-31 22:10:17] trace  /app/index.php?i=1&uniacid=1&t=undefined&v=1.1&m=ewei_shopv2&from=wxapp&c=entry&a=wxapp&do=main&&state=we7sid-35699a8dce80ca4e02c21f9860597c31&sign=bb47c356756152ec770e153ef7dd2d93 pn=upload; op=order; orderid=6185; 
上传
[2018-05-31 22:12:18] trace  /app/index.php?i=1&uniacid=1&t=undefined&v=1.1&m=ewei_shopv2&from=wxapp&c=entry&a=wxapp&do=main&&state=we7sid-3f74dd6f4629be9673573999b841ddad&sign=5bbd0ef6faa221c54c1959a605954f5a pn=upload; op=order; orderid=6186; 
上传
[2018-05-31 22:12:22] trace  /app/index.php?i=1&uniacid=1&t=undefined&v=1.1&m=ewei_shopv2&from=wxapp&c=entry&a=wxapp&do=main&&state=we7sid-46b940f8bb883563194c246cf0c57a60&sign=dedecc09862b8c199b908a71c42653ec pn=upload; op=order; orderid=6187; 
上传
[2018-05-31 22:30:52] trace  /app/index.php?i=1&uniacid=1&t=undefined&v=1.1&m=ewei_shopv2&from=wxapp&c=entry&a=wxapp&do=main&&state=we7sid-8973de19c1de18cdf9bf6fef51887042&sign=d8fb665551d1f4cfd97de891aa18b707 op=order; orderid=6188; pn=upload; 
上传
[2018-05-31 22:41:29] trace  /app/index.php?i=1&uniacid=1&t=undefined&v=1.1&m=ewei_shopv2&from=wxapp&c=entry&a=wxapp&do=main&&state=we7sid-c19b4e75d694cc6e876e80b7bd171604&sign=b00532de67d0ed63c3a359061e47246f pn=upload; op=order; orderid=6189; 
上传
[2018-05-31 22:41:29] trace  /app/index.php?i=1&uniacid=1&t=undefined&v=1.1&m=ewei_shopv2&from=wxapp&c=entry&a=wxapp&do=main&&state=we7sid-c19b4e75d694cc6e876e80b7bd171604&sign=b00532de67d0ed63c3a359061e47246f pn=upload; op=order; orderid=6189; 
上传
[2018-05-31 23:03:59] trace  /app/index.php?i=1&uniacid=1&t=undefined&v=1.1&m=ewei_shopv2&from=wxapp&c=entry&a=wxapp&do=main&&state=we7sid-2c7f8316584ccfe2160c3a752b5e950d&sign=ea6ab9f50563b4faa1b0362953b3c7c0 pn=upload; op=order; orderid=6190; 
上传
[2018-05-31 23:28:45] trace  /app/index.php?i=1&uniacid=1&t=undefined&v=1.1&m=ewei_shopv2&from=wxapp&c=entry&a=wxapp&do=main&&state=we7sid-225f99f7d57e91a4c10611f859d15887&sign=44a01c892796775281cd994ec475c1e3 pn=upload; op=order; orderid=6191; 
上传
[2018-05-31 23:42:41] trace  /app/index.php?i=1&uniacid=1&t=undefined&v=1.1&m=ewei_shopv2&from=wxapp&c=entry&a=wxapp&do=main&&state=we7sid-e2dad8cd75e3a4ca77a97232212e5d4d&sign=fce269a7f7b8b45ebaab9c37e6581916 pn=upload; op=order; orderid=6192; 
上传
