[2018-09-27 00:30:22] trace  /app/index.php?i=1&uniacid=1&t=undefined&v=1.3&m=ewei_shopv2&from=wxapp&c=entry&a=wxapp&do=main&&state=we7sid-1ad13fec48e609eb4197c4183fc3c164&sign=5daddc4703f3d47edc8cbbf2efb629e6 pn=upload; op=order; orderid=18096; 
上传
[2018-09-27 01:12:59] trace  /app/index.php?i=1&uniacid=1&t=undefined&v=1.3&m=ewei_shopv2&from=wxapp&c=entry&a=wxapp&do=main&&state=we7sid-bc0b4c54d960637e09495838097a53f6&sign=2ccdb984241ec747b6bc20b7ab60e55b pn=upload; op=order; orderid=18097; 
上传
[2018-09-27 01:14:16] trace  /app/index.php?i=1&uniacid=1&t=undefined&v=1.3&m=ewei_shopv2&from=wxapp&c=entry&a=wxapp&do=main&&state=we7sid-bc0b4c54d960637e09495838097a53f6&sign=2ccdb984241ec747b6bc20b7ab60e55b pn=upload; op=order; orderid=18098; 
上传
[2018-09-27 01:14:56] trace  /app/index.php?i=1&uniacid=1&t=undefined&v=1.3&m=ewei_shopv2&from=wxapp&c=entry&a=wxapp&do=main&&state=we7sid-bc0b4c54d960637e09495838097a53f6&sign=2ccdb984241ec747b6bc20b7ab60e55b pn=upload; op=order; orderid=18099; 
上传
[2018-09-27 01:56:06] trace  /app/index.php?i=1&uniacid=1&t=undefined&v=1.3&m=ewei_shopv2&from=wxapp&c=entry&a=wxapp&do=main&&state=we7sid-7480fbf4b2917f06bf26a438c9ba0223&sign=139c0c8e216675118367c727b522eab9 op=order; orderid=18100; pn=upload; 
上传
[2018-09-27 02:21:11] trace  /app/index.php?i=1&uniacid=1&t=undefined&v=1.3&m=ewei_shopv2&from=wxapp&c=entry&a=wxapp&do=main&&state=we7sid-47b9b9be5b29e5ad24e66da6ec78cc81&sign=43b3499ef8de9d654ca64cdcc2f7824e pn=upload; op=order; orderid=18101; 
上传
[2018-09-27 05:33:02] trace  /app/index.php?i=1&uniacid=1&t=undefined&v=1.3&m=ewei_shopv2&from=wxapp&c=entry&a=wxapp&do=main&&state=we7sid-943bb323cd9bc0649954a5237bd9f9cb&sign=a2367b6a9b3370721ac3a673cfbe6e2c op=order; orderid=18102; pn=upload; 
上传
[2018-09-27 06:57:23] trace  /app/index.php?i=1&uniacid=1&t=undefined&v=1.3&m=ewei_shopv2&from=wxapp&c=entry&a=wxapp&do=main&&state=we7sid-bed7201a458221f16ad4fb51bd78cd97&sign=eb47e71d2df8abca8d3df3fc94afa0bd pn=upload; op=order; orderid=18103; 
上传
[2018-09-27 09:56:33] trace  /app/index.php?i=1&uniacid=1&t=undefined&v=1.3&m=ewei_shopv2&from=wxapp&c=entry&a=wxapp&do=main&&state=we7sid-bebe5d630839ae3e04bfc06349b4b6ab&sign=082af40b456bdd878edccb9cc4bae425 pn=upload; op=order; orderid=18104; 
上传
[2018-09-27 10:04:51] trace  /app/index.php?i=1&uniacid=1&t=undefined&v=1.3&m=ewei_shopv2&from=wxapp&c=entry&a=wxapp&do=main&&state=we7sid-2b71f282eea69d62a452405efdc6679c&sign=8c7bfc146534cbbe3480ebcec4f37bac op=order; orderid=18105; pn=upload; 
上传
[2018-09-27 10:37:24] trace  /app/index.php?i=1&uniacid=1&t=undefined&v=1.3&m=ewei_shopv2&from=wxapp&c=entry&a=wxapp&do=main&&state=we7sid-781f31cf81154d95398b4cea612277a1&sign=41bc7f3a453324705f8f2759f4dd3ac1 pn=upload; op=order; orderid=18106; 
上传
[2018-09-27 10:42:25] trace  /app/index.php?i=1&uniacid=1&t=undefined&v=1.3&m=ewei_shopv2&from=wxapp&c=entry&a=wxapp&do=main&&state=we7sid-422317e87df6351449c5a460b7c88d1b&sign=beac6bbd8e05033d117c4014a93c1559 pn=upload; op=order; orderid=18107; 
上传
[2018-09-27 11:22:58] trace  /app/index.php?i=1&uniacid=1&t=undefined&v=1.3&m=ewei_shopv2&from=wxapp&c=entry&a=wxapp&do=main&&state=we7sid-b20a796e2a2c03534ba961bf00dbcc74&sign=90cb3b0aa63b4e216585b679e72bf9d5 pn=upload; op=order; orderid=18108; 
上传
[2018-09-27 11:25:00] trace  /app/index.php?i=1&uniacid=1&t=undefined&v=1.3&m=ewei_shopv2&from=wxapp&c=entry&a=wxapp&do=main&&state=we7sid-a0e6f420e7ffcb990891422c5fc74cd0&sign=7f194cdd8efe5d5d0dd5b52fd171b54c pn=upload; op=order; orderid=18109; 
上传
[2018-09-27 11:44:27] trace  /app/index.php?i=1&uniacid=1&t=undefined&v=1.3&m=ewei_shopv2&from=wxapp&c=entry&a=wxapp&do=main&&state=we7sid-d43cdef1831b3f2b5a279647b8672b47&sign=de4786b46a0c12e0f02a4920ad2394b2 pn=upload; op=order; orderid=18110; 
上传
[2018-09-27 12:13:04] trace  /app/index.php?i=1&uniacid=1&t=undefined&v=1.3&m=ewei_shopv2&from=wxapp&c=entry&a=wxapp&do=main&&state=we7sid-26de8b77174dd67100de5588e7bf2c88&sign=bb9347e34fd45fb0922d3a0194083369 pn=upload; op=order; orderid=18111; 
上传
[2018-09-27 12:13:04] trace  /app/index.php?i=1&uniacid=1&t=undefined&v=1.3&m=ewei_shopv2&from=wxapp&c=entry&a=wxapp&do=main&&state=we7sid-26de8b77174dd67100de5588e7bf2c88&sign=bb9347e34fd45fb0922d3a0194083369 pn=upload; op=order; orderid=18112; 
上传
[2018-09-27 12:40:36] trace  /app/index.php?i=1&uniacid=1&t=undefined&v=1.3&m=ewei_shopv2&from=wxapp&c=entry&a=wxapp&do=main&&state=we7sid-8af799dd275ff4ee7cb89a7dfd4580b1&sign=c4b78929bcb3cedc7b309c93430dcbda pn=upload; op=order; orderid=18113; 
上传
[2018-09-27 13:10:49] trace  /app/index.php?i=1&uniacid=1&t=undefined&v=1.3&m=ewei_shopv2&from=wxapp&c=entry&a=wxapp&do=main&&state=we7sid-80e92f90b95588002c4780d59441efe8&sign=008d9f13c073c65285811939932ec55b pn=upload; op=order; orderid=18114; 
上传
[2018-09-27 13:32:26] trace  /app/index.php?i=1&uniacid=1&t=undefined&v=1.3&m=ewei_shopv2&from=wxapp&c=entry&a=wxapp&do=main&&state=we7sid-941467817a4ab84e8af8641f98733238&sign=e73acbde24c0e6458ab77b294fc1c3e6 pn=upload; op=order; orderid=18115; 
上传
[2018-09-27 13:32:27] trace  /app/index.php?i=1&uniacid=1&t=undefined&v=1.3&m=ewei_shopv2&from=wxapp&c=entry&a=wxapp&do=main&&state=we7sid-941467817a4ab84e8af8641f98733238&sign=e73acbde24c0e6458ab77b294fc1c3e6 pn=upload; op=order; orderid=18115; 
上传
[2018-09-27 13:39:54] trace  /app/index.php?i=1&uniacid=1&t=undefined&v=1.3&m=ewei_shopv2&from=wxapp&c=entry&a=wxapp&do=main&&state=we7sid-6e5f0da41e2f325fc1c285fac6c72c4a&sign=51aac37d1c66e39af88eaf0af92c2821 pn=upload; op=order; orderid=18116; 
上传
[2018-09-27 14:06:18] trace  /app/index.php?i=1&uniacid=1&t=undefined&v=1.3&m=ewei_shopv2&from=wxapp&c=entry&a=wxapp&do=main&&state=we7sid-8af799dd275ff4ee7cb89a7dfd4580b1&sign=c4b78929bcb3cedc7b309c93430dcbda pn=upload; op=order; orderid=18117; 
上传
[2018-09-27 14:06:35] trace  /app/index.php?i=1&uniacid=1&t=undefined&v=1.3&m=ewei_shopv2&from=wxapp&c=entry&a=wxapp&do=main&&state=we7sid-8af799dd275ff4ee7cb89a7dfd4580b1&sign=c4b78929bcb3cedc7b309c93430dcbda pn=upload; op=order; orderid=18118; 
上传
[2018-09-27 14:31:39] trace  /app/index.php?i=1&uniacid=1&t=undefined&v=1.3&m=ewei_shopv2&from=wxapp&c=entry&a=wxapp&do=main&&state=we7sid-435c4f93663fb7210094f5683e84d472&sign=24140b7ffbc62d0ab95894599c7ca4f6 pn=upload; op=order; orderid=18119; 
上传
[2018-09-27 15:24:36] trace  /app/index.php?i=1&uniacid=1&t=undefined&v=1.3&m=ewei_shopv2&from=wxapp&c=entry&a=wxapp&do=main&&state=we7sid-0326852a7830cc4649c2bdcb75a6d278&sign=0f3f9d66685691fbcddf527e95686b22 pn=upload; op=order; orderid=18120; 
上传
[2018-09-27 15:34:21] trace  /app/index.php?i=1&uniacid=1&t=undefined&v=1.3&m=ewei_shopv2&from=wxapp&c=entry&a=wxapp&do=main&&state=we7sid-6a0d1d823bc78f7af44dfa7a51055ade&sign=23f54ce90207331ab685a7321649142f pn=upload; op=order; orderid=18121; 
上传
[2018-09-27 15:39:06] trace  /app/index.php?i=1&uniacid=1&t=undefined&v=1.3&m=ewei_shopv2&from=wxapp&c=entry&a=wxapp&do=main&&state=we7sid-9aa9a7c9d4eb1cd994f69ecc070f62de&sign=80c19cb3db861dc2e8744f5a46531ee7 pn=upload; op=order; orderid=18123; 
上传
[2018-09-27 15:40:59] trace  /app/index.php?i=1&uniacid=1&t=undefined&v=1.3&m=ewei_shopv2&from=wxapp&c=entry&a=wxapp&do=main&&state=we7sid-3dd8bb6175fef0f57f100d1a5049b909&sign=3b1de7d7e88c4d29bfb922a0c762d5e8 pn=upload; op=order; orderid=18124; 
上传
[2018-09-27 15:44:07] trace  /app/index.php?i=1&uniacid=1&t=undefined&v=1.3&m=ewei_shopv2&from=wxapp&c=entry&a=wxapp&do=main&&state=we7sid-db647376a7cf461147bea1cab1756ac2&sign=8c583d2c2b82a79dbefae1abd41e1fcd pn=upload; op=order; orderid=18125; 
上传
[2018-09-27 16:17:56] trace  /app/index.php?i=1&uniacid=1&t=undefined&v=1.3&m=ewei_shopv2&from=wxapp&c=entry&a=wxapp&do=main&&state=we7sid-3dd8bb6175fef0f57f100d1a5049b909&sign=3b1de7d7e88c4d29bfb922a0c762d5e8 pn=upload; op=order; orderid=18126; 
上传
[2018-09-27 16:22:15] trace  /app/index.php?i=1&uniacid=1&t=undefined&v=1.3&m=ewei_shopv2&from=wxapp&c=entry&a=wxapp&do=main&&state=we7sid-d15cd3f0af4a4b05212b9044d5d27aa6&sign=80c67296e5031c758b1b9e5f31a6add3 op=order; orderid=18127; pn=upload; 
上传
[2018-09-27 17:05:14] trace  /app/index.php?i=1&uniacid=1&t=undefined&v=1.3&m=ewei_shopv2&from=wxapp&c=entry&a=wxapp&do=main&&state=we7sid-5dd54052a630a69d3f5d738fc16e416d&sign=650746e86e59818cd771e24f9fbf6c1f pn=upload; op=order; orderid=18128; 
上传
[2018-09-27 17:25:10] trace  /app/index.php?i=1&uniacid=1&t=undefined&v=1.3&m=ewei_shopv2&from=wxapp&c=entry&a=wxapp&do=main&&state=we7sid-bc68657af31f25f133bec22b031a2dc1&sign=7cc6bf20545a80bee072895797e1d5bc op=order; orderid=18129; pn=upload; 
上传
[2018-09-27 18:45:28] trace  /app/index.php?i=1&uniacid=1&t=undefined&v=1.3&m=ewei_shopv2&from=wxapp&c=entry&a=wxapp&do=main&&state=we7sid-18429d14cb25dfa2e19525e6c1d89689&sign=28679d974a45ce2f511876d592345cb8 pn=upload; op=order; orderid=18130; 
上传
[2018-09-27 18:45:46] trace  /app/index.php?i=1&uniacid=1&t=undefined&v=1.3&m=ewei_shopv2&from=wxapp&c=entry&a=wxapp&do=main&&state=we7sid-5cbd61dc676ef8349271de94a43b47eb&sign=331e2052c3a5d7255dc34f1938bb31d0 pn=upload; op=order; orderid=18131; 
上传
[2018-09-27 19:10:14] trace  /app/index.php?i=1&uniacid=1&t=undefined&v=1.3&m=ewei_shopv2&from=wxapp&c=entry&a=wxapp&do=main&&state=we7sid-ba8c7794753728a350807b2ff0b1a7ae&sign=f612cf91454284bc70bb73588551c5da pn=upload; op=author; orderid=17541; 
上传
[2018-09-27 19:12:20] trace  /app/index.php?i=1&uniacid=1&t=undefined&v=1.3&m=ewei_shopv2&from=wxapp&c=entry&a=wxapp&do=main&&state=we7sid-ba8c7794753728a350807b2ff0b1a7ae&sign=f612cf91454284bc70bb73588551c5da pn=upload; op=author; orderid=17534; 
上传
[2018-09-27 19:17:50] trace  /app/index.php?i=1&uniacid=1&t=undefined&v=1.3&m=ewei_shopv2&from=wxapp&c=entry&a=wxapp&do=main&&state=we7sid-ba8c7794753728a350807b2ff0b1a7ae&sign=f612cf91454284bc70bb73588551c5da pn=upload; op=author; orderid=17567; 
上传
[2018-09-27 19:35:22] trace  /app/index.php?i=1&uniacid=1&t=undefined&v=1.3&m=ewei_shopv2&from=wxapp&c=entry&a=wxapp&do=main&&state=we7sid-70491aefe6599bd843fc4e6632721c5c&sign=e750df7297f49d9146410315801752cb pn=upload; op=order; orderid=18132; 
上传
[2018-09-27 19:36:01] trace  /app/index.php?i=1&uniacid=1&t=undefined&v=1.3&m=ewei_shopv2&from=wxapp&c=entry&a=wxapp&do=main&&state=we7sid-29de75e32c0639225648d767ba4548e4&sign=1b46ba38a5df4d47e0870f208c24bc3e op=order; orderid=18133; pn=upload; 
上传
[2018-09-27 19:41:49] trace  /app/index.php?i=1&uniacid=1&t=undefined&v=1.3&m=ewei_shopv2&from=wxapp&c=entry&a=wxapp&do=main&&state=we7sid-ba8c7794753728a350807b2ff0b1a7ae&sign=f612cf91454284bc70bb73588551c5da pn=upload; op=author; orderid=17915; 
上传
[2018-09-27 19:42:14] trace  /app/index.php?i=1&uniacid=1&t=undefined&v=1.3&m=ewei_shopv2&from=wxapp&c=entry&a=wxapp&do=main&&state=we7sid-ba8c7794753728a350807b2ff0b1a7ae&sign=f612cf91454284bc70bb73588551c5da pn=upload; op=author; orderid=17794; 
上传
[2018-09-27 19:42:14] trace  /app/index.php?i=1&uniacid=1&t=undefined&v=1.3&m=ewei_shopv2&from=wxapp&c=entry&a=wxapp&do=main&&state=we7sid-ba8c7794753728a350807b2ff0b1a7ae&sign=f612cf91454284bc70bb73588551c5da pn=upload; op=author; orderid=17794; 
上传
[2018-09-27 19:42:37] trace  /app/index.php?i=1&uniacid=1&t=undefined&v=1.3&m=ewei_shopv2&from=wxapp&c=entry&a=wxapp&do=main&&state=we7sid-ba8c7794753728a350807b2ff0b1a7ae&sign=f612cf91454284bc70bb73588551c5da pn=upload; op=author; orderid=17570; 
上传
[2018-09-27 19:43:05] trace  /app/index.php?i=1&uniacid=1&t=undefined&v=1.3&m=ewei_shopv2&from=wxapp&c=entry&a=wxapp&do=main&&state=we7sid-ba8c7794753728a350807b2ff0b1a7ae&sign=f612cf91454284bc70bb73588551c5da pn=upload; op=author; orderid=17818; 
上传
[2018-09-27 19:43:05] trace  /app/index.php?i=1&uniacid=1&t=undefined&v=1.3&m=ewei_shopv2&from=wxapp&c=entry&a=wxapp&do=main&&state=we7sid-ba8c7794753728a350807b2ff0b1a7ae&sign=f612cf91454284bc70bb73588551c5da pn=upload; op=author; orderid=17818; 
上传
[2018-09-27 19:43:31] trace  /app/index.php?i=1&uniacid=1&t=undefined&v=1.3&m=ewei_shopv2&from=wxapp&c=entry&a=wxapp&do=main&&state=we7sid-ba8c7794753728a350807b2ff0b1a7ae&sign=f612cf91454284bc70bb73588551c5da pn=upload; op=author; orderid=17580; 
上传
[2018-09-27 19:43:57] trace  /app/index.php?i=1&uniacid=1&t=undefined&v=1.3&m=ewei_shopv2&from=wxapp&c=entry&a=wxapp&do=main&&state=we7sid-ba8c7794753728a350807b2ff0b1a7ae&sign=f612cf91454284bc70bb73588551c5da pn=upload; op=author; orderid=17593; 
上传
[2018-09-27 19:44:22] trace  /app/index.php?i=1&uniacid=1&t=undefined&v=1.3&m=ewei_shopv2&from=wxapp&c=entry&a=wxapp&do=main&&state=we7sid-ba8c7794753728a350807b2ff0b1a7ae&sign=f612cf91454284bc70bb73588551c5da pn=upload; op=author; orderid=17689; 
上传
[2018-09-27 19:49:15] trace  /app/index.php?i=1&uniacid=1&t=undefined&v=1.3&m=ewei_shopv2&from=wxapp&c=entry&a=wxapp&do=main&&state=we7sid-ba8c7794753728a350807b2ff0b1a7ae&sign=f612cf91454284bc70bb73588551c5da pn=upload; op=author; orderid=17751; 
上传
[2018-09-27 19:49:35] trace  /app/index.php?i=1&uniacid=1&t=undefined&v=1.3&m=ewei_shopv2&from=wxapp&c=entry&a=wxapp&do=main&&state=we7sid-ba8c7794753728a350807b2ff0b1a7ae&sign=f612cf91454284bc70bb73588551c5da pn=upload; op=author; orderid=17701; 
上传
[2018-09-27 19:49:57] trace  /app/index.php?i=1&uniacid=1&t=undefined&v=1.3&m=ewei_shopv2&from=wxapp&c=entry&a=wxapp&do=main&&state=we7sid-ba8c7794753728a350807b2ff0b1a7ae&sign=f612cf91454284bc70bb73588551c5da pn=upload; op=author; orderid=17850; 
上传
[2018-09-27 19:50:36] trace  /app/index.php?i=1&uniacid=1&t=undefined&v=1.3&m=ewei_shopv2&from=wxapp&c=entry&a=wxapp&do=main&&state=we7sid-5a18bfb9192f4570c6f425b648a50249&sign=270884f8dc47f914f633274652bc192e pn=upload; op=order; orderid=18134; 
上传
[2018-09-27 21:37:37] trace  /app/index.php?i=1&uniacid=1&t=undefined&v=1.3&m=ewei_shopv2&from=wxapp&c=entry&a=wxapp&do=main&&state=we7sid-08e6e5baa24c009473775c1cee0ad1f7&sign=7694ab802100bdcdc2d14fba8ca5d3f6 pn=upload; op=order; orderid=18135; 
上传
[2018-09-27 21:39:16] trace  /app/index.php?i=1&uniacid=1&t=undefined&v=1.3&m=ewei_shopv2&from=wxapp&c=entry&a=wxapp&do=main&&state=we7sid-79d94dd670e6edefaee1af6b39b41bf7&sign=dc2992cd94a98042c408bf375b156a23 op=order; pn=upload; orderid=18136; 
上传
[2018-09-27 21:41:51] trace  /app/index.php?i=1&uniacid=1&t=undefined&v=1.3&m=ewei_shopv2&from=wxapp&c=entry&a=wxapp&do=main&&state=we7sid-08e6e5baa24c009473775c1cee0ad1f7&sign=7694ab802100bdcdc2d14fba8ca5d3f6 pn=upload; op=order; orderid=18137; 
上传
[2018-09-27 22:00:38] trace  /app/index.php?i=1&uniacid=1&t=undefined&v=1.3&m=ewei_shopv2&from=wxapp&c=entry&a=wxapp&do=main&&state=we7sid-2842ee08f37485daf00fb787087a0de7&sign=51dc26f64ba4f342c809cf13a89f8af4 pn=upload; op=order; orderid=18138; 
上传
[2018-09-27 22:01:47] trace  /app/index.php?i=1&uniacid=1&t=undefined&v=1.3&m=ewei_shopv2&from=wxapp&c=entry&a=wxapp&do=main&&state=we7sid-2842ee08f37485daf00fb787087a0de7&sign=51dc26f64ba4f342c809cf13a89f8af4 pn=upload; op=order; orderid=18139; 
上传
[2018-09-27 22:03:10] trace  /app/index.php?i=1&uniacid=1&t=undefined&v=1.3&m=ewei_shopv2&from=wxapp&c=entry&a=wxapp&do=main&&state=we7sid-08c83cc389f6cf4f80e3f1aa6360a953&sign=7478d398dd19a95d19617cb76b6fdbee op=order; orderid=18140; pn=upload; 
上传
[2018-09-27 22:06:59] trace  /app/index.php?i=1&uniacid=1&t=undefined&v=1.3&m=ewei_shopv2&from=wxapp&c=entry&a=wxapp&do=main&&state=we7sid-bebfd135d1350719b23afe5a43b3d78c&sign=27fe06e57df5b8c38e6c47faa1ac50f7 pn=upload; op=order; orderid=18141; 
上传
[2018-09-27 22:32:00] trace  /app/index.php?i=1&uniacid=1&t=undefined&v=1.3&m=ewei_shopv2&from=wxapp&c=entry&a=wxapp&do=main&&state=we7sid-f8498946c5c46298664f8a7fd3efc588&sign=7ea5a448e3f69bf86a2b617fedace08c pn=upload; op=order; orderid=18142; 
上传
[2018-09-27 22:32:01] trace  /app/index.php?i=1&uniacid=1&t=undefined&v=1.3&m=ewei_shopv2&from=wxapp&c=entry&a=wxapp&do=main&&state=we7sid-f8498946c5c46298664f8a7fd3efc588&sign=7ea5a448e3f69bf86a2b617fedace08c pn=upload; op=order; orderid=18142; 
上传
[2018-09-27 22:55:36] trace  /app/index.php?i=1&uniacid=1&t=undefined&v=1.3&m=ewei_shopv2&from=wxapp&c=entry&a=wxapp&do=main&&state=we7sid-83a7ea6a5500bc194e0f52ee308ab3ca&sign=fc819d58ec0d3be43c7049397c2d5f28 pn=upload; op=author; orderid=17488; 
上传
[2018-09-27 23:09:45] trace  /app/index.php?i=1&uniacid=1&t=undefined&v=1.3&m=ewei_shopv2&from=wxapp&c=entry&a=wxapp&do=main&&state=we7sid-0fc0a8aef5d203898b6d30280f642ed3&sign=d08c48a04744585b3dba23134f7a8ad9 pn=upload; op=order; orderid=18143; 
上传
[2018-09-27 23:11:52] trace  /app/index.php?i=1&uniacid=1&t=undefined&v=1.3&m=ewei_shopv2&from=wxapp&c=entry&a=wxapp&do=main&&state=we7sid-0fc0a8aef5d203898b6d30280f642ed3&sign=d08c48a04744585b3dba23134f7a8ad9 pn=upload; op=order; orderid=18144; 
上传
