[2018-12-15 00:05:31] trace  /app/index.php?i=1&uniacid=1&t=undefined&v=1.3&m=ewei_shopv2&from=wxapp&c=entry&a=wxapp&do=main&&state=we7sid-b536a0c9926e717c02006df37b7cb641&sign=3303790d25fbd59bffa521f13116f71e op=order; orderid=22549; pn=upload; 
上传
[2018-12-15 00:05:31] trace  /app/index.php?i=1&uniacid=1&t=undefined&v=1.3&m=ewei_shopv2&from=wxapp&c=entry&a=wxapp&do=main&&state=we7sid-b536a0c9926e717c02006df37b7cb641&sign=3303790d25fbd59bffa521f13116f71e op=order; orderid=22549; pn=upload; 
上传
[2018-12-15 02:28:02] trace  /app/index.php?i=1&uniacid=1&t=undefined&v=1.3&m=ewei_shopv2&from=wxapp&c=entry&a=wxapp&do=main&&state=we7sid-12183768ec0f77a73a67906001977527&sign=d6256ee161ea90ebe3648c90088ab7c0 pn=upload; op=order; orderid=22550; 
上传
[2018-12-15 02:44:51] trace  /app/index.php?i=1&uniacid=1&t=undefined&v=1.3&m=ewei_shopv2&from=wxapp&c=entry&a=wxapp&do=main&&state=we7sid-6c1dcd18c5ccbe30c9eb66b6e8c43a49&sign=19baf51514f11c578ac1a1650c1d75f8 op=author; orderid=21238; pn=upload; 
上传
[2018-12-15 02:45:02] trace  /app/index.php?i=1&uniacid=1&t=undefined&v=1.3&m=ewei_shopv2&from=wxapp&c=entry&a=wxapp&do=main&&state=we7sid-6c1dcd18c5ccbe30c9eb66b6e8c43a49&sign=19baf51514f11c578ac1a1650c1d75f8 op=author; orderid=21194; pn=upload; 
上传
[2018-12-15 02:45:45] trace  /app/index.php?i=1&uniacid=1&t=undefined&v=1.3&m=ewei_shopv2&from=wxapp&c=entry&a=wxapp&do=main&&state=we7sid-6c1dcd18c5ccbe30c9eb66b6e8c43a49&sign=19baf51514f11c578ac1a1650c1d75f8 op=author; orderid=21177; pn=upload; 
上传
[2018-12-15 02:45:59] trace  /app/index.php?i=1&uniacid=1&t=undefined&v=1.3&m=ewei_shopv2&from=wxapp&c=entry&a=wxapp&do=main&&state=we7sid-6c1dcd18c5ccbe30c9eb66b6e8c43a49&sign=19baf51514f11c578ac1a1650c1d75f8 op=author; orderid=21088; pn=upload; 
上传
[2018-12-15 02:46:10] trace  /app/index.php?i=1&uniacid=1&t=undefined&v=1.3&m=ewei_shopv2&from=wxapp&c=entry&a=wxapp&do=main&&state=we7sid-6c1dcd18c5ccbe30c9eb66b6e8c43a49&sign=19baf51514f11c578ac1a1650c1d75f8 op=author; orderid=21087; pn=upload; 
上传
[2018-12-15 02:46:25] trace  /app/index.php?i=1&uniacid=1&t=undefined&v=1.3&m=ewei_shopv2&from=wxapp&c=entry&a=wxapp&do=main&&state=we7sid-6c1dcd18c5ccbe30c9eb66b6e8c43a49&sign=19baf51514f11c578ac1a1650c1d75f8 op=author; orderid=21081; pn=upload; 
上传
[2018-12-15 02:47:33] trace  /app/index.php?i=1&uniacid=1&t=undefined&v=1.3&m=ewei_shopv2&from=wxapp&c=entry&a=wxapp&do=main&&state=we7sid-6c1dcd18c5ccbe30c9eb66b6e8c43a49&sign=19baf51514f11c578ac1a1650c1d75f8 op=author; orderid=21016; pn=upload; 
上传
[2018-12-15 02:47:48] trace  /app/index.php?i=1&uniacid=1&t=undefined&v=1.3&m=ewei_shopv2&from=wxapp&c=entry&a=wxapp&do=main&&state=we7sid-6c1dcd18c5ccbe30c9eb66b6e8c43a49&sign=19baf51514f11c578ac1a1650c1d75f8 op=author; orderid=21006; pn=upload; 
上传
[2018-12-15 02:48:21] trace  /app/index.php?i=1&uniacid=1&t=undefined&v=1.3&m=ewei_shopv2&from=wxapp&c=entry&a=wxapp&do=main&&state=we7sid-6c1dcd18c5ccbe30c9eb66b6e8c43a49&sign=19baf51514f11c578ac1a1650c1d75f8 op=author; orderid=20987; pn=upload; 
上传
[2018-12-15 02:48:35] trace  /app/index.php?i=1&uniacid=1&t=undefined&v=1.3&m=ewei_shopv2&from=wxapp&c=entry&a=wxapp&do=main&&state=we7sid-6c1dcd18c5ccbe30c9eb66b6e8c43a49&sign=19baf51514f11c578ac1a1650c1d75f8 op=author; orderid=20961; pn=upload; 
上传
[2018-12-15 02:48:50] trace  /app/index.php?i=1&uniacid=1&t=undefined&v=1.3&m=ewei_shopv2&from=wxapp&c=entry&a=wxapp&do=main&&state=we7sid-6c1dcd18c5ccbe30c9eb66b6e8c43a49&sign=19baf51514f11c578ac1a1650c1d75f8 op=author; orderid=20934; pn=upload; 
上传
[2018-12-15 02:49:04] trace  /app/index.php?i=1&uniacid=1&t=undefined&v=1.3&m=ewei_shopv2&from=wxapp&c=entry&a=wxapp&do=main&&state=we7sid-6c1dcd18c5ccbe30c9eb66b6e8c43a49&sign=19baf51514f11c578ac1a1650c1d75f8 op=author; orderid=20937; pn=upload; 
上传
[2018-12-15 02:56:02] trace  /app/index.php?i=1&uniacid=1&t=undefined&v=1.3&m=ewei_shopv2&from=wxapp&c=entry&a=wxapp&do=main&&state=we7sid-f02754c951b1c0a4f9ee4e91e6756e7d&sign=a1218d6c915f2b96c684494b3712794b pn=upload; op=order; orderid=22551; 
上传
[2018-12-15 04:46:52] trace  /app/index.php?i=1&uniacid=1&t=undefined&v=1.3&m=ewei_shopv2&from=wxapp&c=entry&a=wxapp&do=main&&state=we7sid-464210a01ddd4b4c99e3f8683ef21746&sign=c5a1e5f3ee882b74017930095c4cac53 op=author; orderid=21030; pn=upload; 
上传
[2018-12-15 04:47:04] trace  /app/index.php?i=1&uniacid=1&t=undefined&v=1.3&m=ewei_shopv2&from=wxapp&c=entry&a=wxapp&do=main&&state=we7sid-464210a01ddd4b4c99e3f8683ef21746&sign=c5a1e5f3ee882b74017930095c4cac53 op=author; orderid=20887; pn=upload; 
上传
[2018-12-15 04:47:29] trace  /app/index.php?i=1&uniacid=1&t=undefined&v=1.3&m=ewei_shopv2&from=wxapp&c=entry&a=wxapp&do=main&&state=we7sid-464210a01ddd4b4c99e3f8683ef21746&sign=c5a1e5f3ee882b74017930095c4cac53 op=author; orderid=20730; pn=upload; 
上传
[2018-12-15 04:47:44] trace  /app/index.php?i=1&uniacid=1&t=undefined&v=1.3&m=ewei_shopv2&from=wxapp&c=entry&a=wxapp&do=main&&state=we7sid-464210a01ddd4b4c99e3f8683ef21746&sign=c5a1e5f3ee882b74017930095c4cac53 op=author; orderid=3784; pn=upload; 
上传
[2018-12-15 04:47:58] trace  /app/index.php?i=1&uniacid=1&t=undefined&v=1.3&m=ewei_shopv2&from=wxapp&c=entry&a=wxapp&do=main&&state=we7sid-464210a01ddd4b4c99e3f8683ef21746&sign=c5a1e5f3ee882b74017930095c4cac53 op=author; orderid=20845; pn=upload; 
上传
[2018-12-15 04:48:11] trace  /app/index.php?i=1&uniacid=1&t=undefined&v=1.3&m=ewei_shopv2&from=wxapp&c=entry&a=wxapp&do=main&&state=we7sid-464210a01ddd4b4c99e3f8683ef21746&sign=c5a1e5f3ee882b74017930095c4cac53 op=author; orderid=20498; pn=upload; 
上传
[2018-12-15 04:48:26] trace  /app/index.php?i=1&uniacid=1&t=undefined&v=1.3&m=ewei_shopv2&from=wxapp&c=entry&a=wxapp&do=main&&state=we7sid-464210a01ddd4b4c99e3f8683ef21746&sign=c5a1e5f3ee882b74017930095c4cac53 op=author; orderid=20571; pn=upload; 
上传
[2018-12-15 04:48:39] trace  /app/index.php?i=1&uniacid=1&t=undefined&v=1.3&m=ewei_shopv2&from=wxapp&c=entry&a=wxapp&do=main&&state=we7sid-464210a01ddd4b4c99e3f8683ef21746&sign=c5a1e5f3ee882b74017930095c4cac53 op=author; orderid=20587; pn=upload; 
上传
[2018-12-15 05:11:16] trace  /app/index.php?i=1&uniacid=1&t=undefined&v=1.3&m=ewei_shopv2&from=wxapp&c=entry&a=wxapp&do=main&&state=we7sid-464210a01ddd4b4c99e3f8683ef21746&sign=c5a1e5f3ee882b74017930095c4cac53 op=author; orderid=21061; pn=upload; 
上传
[2018-12-15 05:11:46] trace  /app/index.php?i=1&uniacid=1&t=undefined&v=1.3&m=ewei_shopv2&from=wxapp&c=entry&a=wxapp&do=main&&state=we7sid-464210a01ddd4b4c99e3f8683ef21746&sign=c5a1e5f3ee882b74017930095c4cac53 op=author; orderid=21018; pn=upload; 
上传
[2018-12-15 05:12:11] trace  /app/index.php?i=1&uniacid=1&t=undefined&v=1.3&m=ewei_shopv2&from=wxapp&c=entry&a=wxapp&do=main&&state=we7sid-464210a01ddd4b4c99e3f8683ef21746&sign=c5a1e5f3ee882b74017930095c4cac53 op=author; orderid=20752; pn=upload; 
上传
[2018-12-15 06:27:40] trace  /app/index.php?i=1&uniacid=1&t=undefined&v=1.3&m=ewei_shopv2&from=wxapp&c=entry&a=wxapp&do=main&&state=we7sid-464210a01ddd4b4c99e3f8683ef21746&sign=c5a1e5f3ee882b74017930095c4cac53 op=author; orderid=21079; pn=upload; 
上传
[2018-12-15 06:27:52] trace  /app/index.php?i=1&uniacid=1&t=undefined&v=1.3&m=ewei_shopv2&from=wxapp&c=entry&a=wxapp&do=main&&state=we7sid-464210a01ddd4b4c99e3f8683ef21746&sign=c5a1e5f3ee882b74017930095c4cac53 op=author; orderid=20857; pn=upload; 
上传
[2018-12-15 06:28:05] trace  /app/index.php?i=1&uniacid=1&t=undefined&v=1.3&m=ewei_shopv2&from=wxapp&c=entry&a=wxapp&do=main&&state=we7sid-464210a01ddd4b4c99e3f8683ef21746&sign=c5a1e5f3ee882b74017930095c4cac53 op=author; orderid=20818; pn=upload; 
上传
[2018-12-15 06:28:16] trace  /app/index.php?i=1&uniacid=1&t=undefined&v=1.3&m=ewei_shopv2&from=wxapp&c=entry&a=wxapp&do=main&&state=we7sid-464210a01ddd4b4c99e3f8683ef21746&sign=c5a1e5f3ee882b74017930095c4cac53 op=author; orderid=20654; pn=upload; 
上传
[2018-12-15 06:58:03] trace  /app/index.php?i=1&uniacid=1&t=undefined&v=1.3&m=ewei_shopv2&from=wxapp&c=entry&a=wxapp&do=main&&state=we7sid-a65446be27b34c7371b0bc6745296ac4&sign=4a49daded6a8f11574c8b53d52ae600f pn=upload; op=order; orderid=22552; 
上传
[2018-12-15 07:44:56] trace  /app/index.php?i=1&uniacid=1&t=undefined&v=1.3&m=ewei_shopv2&from=wxapp&c=entry&a=wxapp&do=main&&state=we7sid-7df2e9f2f3294056724905681163f45b&sign=ed5ff27e693e21710c5e2e76332cc555 op=order; orderid=22553; pn=upload; 
上传
[2018-12-15 08:04:56] trace  /app/index.php?i=1&uniacid=1&t=undefined&v=1.3&m=ewei_shopv2&from=wxapp&c=entry&a=wxapp&do=main&&state=we7sid-f74bc0370b67fe1da395d32d3d659bf8&sign=dca518c28d33b25afbb6167f14d3a58f pn=upload; op=order; orderid=22554; 
上传
[2018-12-15 08:07:59] trace  /app/index.php?i=1&uniacid=1&t=undefined&v=1.3&m=ewei_shopv2&from=wxapp&c=entry&a=wxapp&do=main&&state=we7sid-42dfb63202665e5101fdf2e497ff49f6&sign=87524126284a6c7b2aa98759c87bb34e op=order; orderid=22555; pn=upload; 
上传
[2018-12-15 08:32:42] trace  /app/index.php?i=1&uniacid=1&t=undefined&v=1.3&m=ewei_shopv2&from=wxapp&c=entry&a=wxapp&do=main&&state=we7sid-7bb82428726836165942521c1222442a&sign=9886768dbcadbaebc445b3ff1fd072c0 op=order; orderid=22556; pn=upload; 
上传
[2018-12-15 09:41:41] trace  /app/index.php?i=1&uniacid=1&t=undefined&v=1.3&m=ewei_shopv2&from=wxapp&c=entry&a=wxapp&do=main&&state=we7sid-76c4bff14b54060b7f0281760815877a&sign=99898663369f3a2c10e11e5ae4e3f9a6 pn=upload; op=order; orderid=22557; 
上传
[2018-12-15 09:43:46] trace  /app/index.php?i=1&uniacid=1&t=undefined&v=1.3&m=ewei_shopv2&from=wxapp&c=entry&a=wxapp&do=main&&state=we7sid-419c4e78d7d6197744b1bfa865e5e1a4&sign=9b70b2c4b1bedcb4b4d0cb8346edb43a pn=upload; op=order; orderid=22558; 
上传
[2018-12-15 10:38:41] trace  /app/index.php?i=1&uniacid=1&t=undefined&v=1.3&m=ewei_shopv2&from=wxapp&c=entry&a=wxapp&do=main&&state=we7sid-93175c69fcd72d903f69e48e35a87558&sign=73b09ff909cecfcebc00a7766ff86a7d pn=upload; op=order; orderid=22559; 
上传
[2018-12-15 10:39:19] trace  /app/index.php?i=1&uniacid=1&t=undefined&v=1.3&m=ewei_shopv2&from=wxapp&c=entry&a=wxapp&do=main&&state=we7sid-20702613bb6dddcd97e4a205d19ee4fe&sign=2624405e897d1e484d67c260e5ed394a pn=upload; op=order; orderid=22560; 
上传
[2018-12-15 10:40:29] trace  /app/index.php?i=1&uniacid=1&t=undefined&v=1.3&m=ewei_shopv2&from=wxapp&c=entry&a=wxapp&do=main&&state=we7sid-486ec1279d0b58b15645b74f8b02aafe&sign=e8a8f17e01c78254c70e39895351ce20 pn=upload; op=order; orderid=22561; 
上传
[2018-12-15 10:42:56] trace  /app/index.php?i=1&uniacid=1&t=undefined&v=1.3&m=ewei_shopv2&from=wxapp&c=entry&a=wxapp&do=main&&state=we7sid-fc983327b0f4982cefe018d4a7a11764&sign=73945938df1d1345411078b07ba52fbe pn=upload; op=order; orderid=22562; 
上传
[2018-12-15 10:43:31] trace  /app/index.php?i=1&uniacid=1&t=undefined&v=1.3&m=ewei_shopv2&from=wxapp&c=entry&a=wxapp&do=main&&state=we7sid-b1c2c3d03c6321e4106ae1cf7a2602c2&sign=baea891cbbdb8c3225351f0f8697bd5d pn=upload; op=order; orderid=22563; 
上传
[2018-12-15 10:44:28] trace  /app/index.php?i=1&uniacid=1&t=undefined&v=1.3&m=ewei_shopv2&from=wxapp&c=entry&a=wxapp&do=main&&state=we7sid-6f66e6382e7ce328f9d21e8581dc7172&sign=20ed382974877ba748a356e5f842991a pn=upload; op=order; orderid=22564; 
上传
[2018-12-15 10:45:34] trace  /app/index.php?i=1&uniacid=1&t=undefined&v=1.3&m=ewei_shopv2&from=wxapp&c=entry&a=wxapp&do=main&&state=we7sid-6584e7f91808bb8796571eb1453547cf&sign=7f281f2813ac75e2741c9256e75bce43 pn=upload; op=order; orderid=22565; 
上传
[2018-12-15 10:45:52] trace  /app/index.php?i=1&uniacid=1&t=undefined&v=1.3&m=ewei_shopv2&from=wxapp&c=entry&a=wxapp&do=main&&state=we7sid-6584e7f91808bb8796571eb1453547cf&sign=7f281f2813ac75e2741c9256e75bce43 pn=upload; op=order; orderid=22566; 
上传
[2018-12-15 10:46:27] trace  /app/index.php?i=1&uniacid=1&t=undefined&v=1.3&m=ewei_shopv2&from=wxapp&c=entry&a=wxapp&do=main&&state=we7sid-3d1c80ac239d4909c2b89440dc4c426b&sign=490cbb5a08a442d154299a71780d68ea pn=upload; op=order; orderid=22567; 
上传
[2018-12-15 10:56:08] trace  /app/index.php?i=1&uniacid=1&t=undefined&v=1.3&m=ewei_shopv2&from=wxapp&c=entry&a=wxapp&do=main&&state=we7sid-89573205fd6135f90cad642d6734a0f9&sign=c8841d40d405162f18719998be3ae120 pn=upload; op=order; orderid=22568; 
上传
[2018-12-15 10:56:09] trace  /app/index.php?i=1&uniacid=1&t=undefined&v=1.3&m=ewei_shopv2&from=wxapp&c=entry&a=wxapp&do=main&&state=we7sid-e42bcc108a222565e8733c5aa9778c0a&sign=8a137370a849218441224826b8d7dc52 op=order; orderid=22569; pn=upload; 
上传
[2018-12-15 11:09:38] trace  /app/index.php?i=1&uniacid=1&t=undefined&v=1.3&m=ewei_shopv2&from=wxapp&c=entry&a=wxapp&do=main&&state=we7sid-642fae76622a5eaf2e0a5c421c68fb78&sign=5e8b2878b98d8790e99691d9b849a68a pn=upload; op=order; orderid=22570; 
上传
[2018-12-15 11:12:34] trace  /app/index.php?i=1&uniacid=1&t=undefined&v=1.3&m=ewei_shopv2&from=wxapp&c=entry&a=wxapp&do=main&&state=we7sid-36c83c2cba7ef9533bebb25cc5d7bc12&sign=fb97a63e6d6375b7fc8cef0dc919226c op=order; orderid=22571; pn=upload; 
上传
[2018-12-15 11:14:26] trace  /app/index.php?i=1&uniacid=1&t=undefined&v=1.3&m=ewei_shopv2&from=wxapp&c=entry&a=wxapp&do=main&&state=we7sid-1be83e9f4f76fe0161ad669a37b375b4&sign=01359decbfc226bd5c31ffcefd49a42b pn=upload; op=order; orderid=22572; 
上传
[2018-12-15 11:17:37] trace  /app/index.php?i=1&uniacid=1&t=undefined&v=1.3&m=ewei_shopv2&from=wxapp&c=entry&a=wxapp&do=main&&state=we7sid-4320c858e195f1e8616756bbc8f3faa8&sign=54e291b54212dd10599506ddb5d7fda9 pn=upload; op=order; orderid=22573; 
上传
[2018-12-15 11:19:48] trace  /app/index.php?i=1&uniacid=1&t=undefined&v=1.3&m=ewei_shopv2&from=wxapp&c=entry&a=wxapp&do=main&&state=we7sid-d8ae687c46ecd36de893260c14b6c2fc&sign=0da2a21716ee55f1e5daf4c580e7720e pn=upload; op=order; orderid=22574; 
上传
[2018-12-15 11:20:30] trace  /app/index.php?i=1&uniacid=1&t=undefined&v=1.3&m=ewei_shopv2&from=wxapp&c=entry&a=wxapp&do=main&&state=we7sid-00700afddb0b44ee00a115f4eb1f6f77&sign=67e946669519a1a65a7ed420501191c0 pn=upload; op=order; orderid=22575; 
上传
[2018-12-15 11:23:15] trace  /app/index.php?i=1&uniacid=1&t=undefined&v=1.3&m=ewei_shopv2&from=wxapp&c=entry&a=wxapp&do=main&&state=we7sid-c9076aa48707221e683b3ffb51214929&sign=9eea343344e49d5858ca4f7d4ce926cd pn=upload; op=order; orderid=22576; 
上传
[2018-12-15 11:33:04] trace  /app/index.php?i=1&uniacid=1&t=undefined&v=1.3&m=ewei_shopv2&from=wxapp&c=entry&a=wxapp&do=main&&state=we7sid-0d5d5a9dbd452e13a8abc3e38f462ee6&sign=fe11ed266d49bc3bfd27dbca496abff8 pn=upload; op=order; orderid=22577; 
上传
[2018-12-15 11:34:16] trace  /app/index.php?i=1&uniacid=1&t=undefined&v=1.3&m=ewei_shopv2&from=wxapp&c=entry&a=wxapp&do=main&&state=we7sid-b04b18d30e31c3364a2bdad2a5e457e8&sign=2b1f6c0d8f538201bf367179f57f01cd pn=upload; op=order; orderid=22578; 
上传
[2018-12-15 11:36:18] trace  /app/index.php?i=1&uniacid=1&t=undefined&v=1.3&m=ewei_shopv2&from=wxapp&c=entry&a=wxapp&do=main&&state=we7sid-cfe32a6f13d06fc50a592354fc72cf39&sign=52b8c2acb3f1c0a5f49e9574ff7db73f op=order; orderid=22579; pn=upload; 
上传
[2018-12-15 11:38:33] trace  /app/index.php?i=1&uniacid=1&t=undefined&v=1.3&m=ewei_shopv2&from=wxapp&c=entry&a=wxapp&do=main&&state=we7sid-69703d938e8f6837b92188d663c22a77&sign=9750d26dd2e49fca844b95efcbd69143 pn=upload; op=order; orderid=22580; 
上传
[2018-12-15 11:40:50] trace  /app/index.php?i=1&uniacid=1&t=undefined&v=1.3&m=ewei_shopv2&from=wxapp&c=entry&a=wxapp&do=main&&state=we7sid-ca2e97082b312512b748e9af0a4bb808&sign=3dd9cf4156929473f1df74defc67f5ff pn=upload; op=order; orderid=22581; 
上传
[2018-12-15 11:43:13] trace  /app/index.php?i=1&uniacid=1&t=undefined&v=1.3&m=ewei_shopv2&from=wxapp&c=entry&a=wxapp&do=main&&state=we7sid-5e31ca57bb5da8f77570da5fefe704b7&sign=b4e31f4c9327d674fd64e8166007d31f pn=upload; op=order; orderid=22582; 
上传
[2018-12-15 11:44:32] trace  /app/index.php?i=1&uniacid=1&t=undefined&v=1.3&m=ewei_shopv2&from=wxapp&c=entry&a=wxapp&do=main&&state=we7sid-3886a8e19543c3f7575f1bce177e7483&sign=bb72e1dce74eb4952cec8631a683e71f pn=upload; op=order; orderid=22583; 
上传
[2018-12-15 11:50:59] trace  /app/index.php?i=1&uniacid=1&t=undefined&v=1.3&m=ewei_shopv2&from=wxapp&c=entry&a=wxapp&do=main&&state=we7sid-73190741616dd020fea61e64ef59717c&sign=467a910ec729e856f66aa69fdae367cb pn=upload; op=order; orderid=22584; 
上传
[2018-12-15 11:52:41] trace  /app/index.php?i=1&uniacid=1&t=undefined&v=1.3&m=ewei_shopv2&from=wxapp&c=entry&a=wxapp&do=main&&state=we7sid-9c03c3a8cf5c9d05e931c2d499c34d03&sign=a4090aa8c8c32497f1fc62afc646949a op=order; orderid=22585; pn=upload; 
上传
[2018-12-15 11:56:36] trace  /app/index.php?i=1&uniacid=1&t=undefined&v=1.3&m=ewei_shopv2&from=wxapp&c=entry&a=wxapp&do=main&&state=we7sid-3862475aa5ad86d52cabf0f28bad44a0&sign=2ee53a563b6fe9707e132ec0fdaeaa85 pn=upload; op=order; orderid=22586; 
上传
[2018-12-15 12:02:51] trace  /app/index.php?i=1&uniacid=1&t=undefined&v=1.3&m=ewei_shopv2&from=wxapp&c=entry&a=wxapp&do=main&&state=we7sid-2cfa92e2d1c589705dd7b6c8272c21f8&sign=6934e02a11dc5bde864ef3e1b8598f7a pn=upload; op=order; orderid=22587; 
上传
[2018-12-15 12:08:20] trace  /app/index.php?i=1&uniacid=1&t=undefined&v=1.3&m=ewei_shopv2&from=wxapp&c=entry&a=wxapp&do=main&&state=we7sid-5c320d7bd6ded9404404946dbde8f585&sign=727b8a4e138410c6cc5ac88e9178c65f op=order; orderid=22588; pn=upload; 
上传
[2018-12-15 12:19:20] trace  /app/index.php?i=1&uniacid=1&t=undefined&v=1.3&m=ewei_shopv2&from=wxapp&c=entry&a=wxapp&do=main&&state=we7sid-e9991d674423499cd1fc508c904f3fc8&sign=6c3c9e05fb267601f8b399c3035ee0a8 pn=upload; op=order; orderid=22589; 
上传
[2018-12-15 12:19:39] trace  /app/index.php?i=1&uniacid=1&t=undefined&v=1.3&m=ewei_shopv2&from=wxapp&c=entry&a=wxapp&do=main&&state=we7sid-2a8ab9f06670eb0b5e846c98848817fd&sign=4a406811eb61f0ab54287aca8ba81b83 pn=upload; op=order; orderid=22590; 
上传
[2018-12-15 12:35:26] trace  /app/index.php?i=1&uniacid=1&t=undefined&v=1.3&m=ewei_shopv2&from=wxapp&c=entry&a=wxapp&do=main&&state=we7sid-d8fc55b5076798bba5572494ee8b5949&sign=d1d799957964ba748d3daa8718c6d8e0 pn=upload; op=order; orderid=22591; 
上传
[2018-12-15 12:42:39] trace  /app/index.php?i=1&uniacid=1&t=undefined&v=1.3&m=ewei_shopv2&from=wxapp&c=entry&a=wxapp&do=main&&state=we7sid-bcef4e52e3e691ffacf3bea7e2f19a9b&sign=8554583aa5811daf0733d6f640ee1a09 pn=upload; op=order; orderid=22592; 
上传
[2018-12-15 12:45:29] trace  /app/index.php?i=1&uniacid=1&t=undefined&v=1.3&m=ewei_shopv2&from=wxapp&c=entry&a=wxapp&do=main&&state=we7sid-d337a02b0e31a8f86a356a15789f91df&sign=2486d9b0284ca366bd316f165987eb60 pn=upload; op=order; orderid=22593; 
上传
[2018-12-15 12:45:51] trace  /app/index.php?i=1&uniacid=1&t=undefined&v=1.3&m=ewei_shopv2&from=wxapp&c=entry&a=wxapp&do=main&&state=we7sid-bedff793b3d8535412d41052dcb0ae16&sign=4c36ccd0f9f895aef18bd54734105d48 pn=upload; op=order; orderid=22596; 
上传
[2018-12-15 12:48:46] trace  /app/index.php?i=1&uniacid=1&t=undefined&v=1.3&m=ewei_shopv2&from=wxapp&c=entry&a=wxapp&do=main&&state=we7sid-b617981d81a4a8bae55b31dc30c9178b&sign=da7aaa2a42dcff4365c5eb37ee9fd409 pn=upload; op=order; orderid=22597; 
上传
[2018-12-15 13:02:41] trace  /app/index.php?i=1&uniacid=1&t=undefined&v=1.3&m=ewei_shopv2&from=wxapp&c=entry&a=wxapp&do=main&&state=we7sid-11838e8126a86b2d244d95e196c23fbe&sign=7736ff5dbf486fdd12b60d6f068ee9ec pn=upload; op=order; orderid=22598; 
上传
[2018-12-15 13:39:04] trace  /app/index.php?i=1&uniacid=1&t=undefined&v=1.3&m=ewei_shopv2&from=wxapp&c=entry&a=wxapp&do=main&&state=we7sid-d9bb58b50b5c53e1e6c0602739871724&sign=be016331d775466df24fcbf3e9682823 pn=upload; op=order; orderid=22599; 
上传
[2018-12-15 13:40:48] trace  /app/index.php?i=1&uniacid=1&t=undefined&v=1.3&m=ewei_shopv2&from=wxapp&c=entry&a=wxapp&do=main&&state=we7sid-8da9cfa5b6b61c4eaa55919c82f00601&sign=9864395514687ac5d933cbc7a0c6a389 op=order; orderid=22600; pn=upload; 
上传
[2018-12-15 13:51:52] trace  /app/index.php?i=1&uniacid=1&t=undefined&v=1.3&m=ewei_shopv2&from=wxapp&c=entry&a=wxapp&do=main&&state=we7sid-5ad1459ec74f1126dc511a23e09b94c6&sign=365e583c3aef765d38b5b6f4d55e14ca op=order; orderid=22601; pn=upload; 
上传
[2018-12-15 13:52:05] trace  /app/index.php?i=1&uniacid=1&t=undefined&v=1.3&m=ewei_shopv2&from=wxapp&c=entry&a=wxapp&do=main&&state=we7sid-71cfc96cab8f69903805a944075d7ea2&sign=93d57afc193cedccd2e98c23a4d21d77 pn=upload; op=order; orderid=22602; 
上传
[2018-12-15 13:52:31] trace  /app/index.php?i=1&uniacid=1&t=undefined&v=1.3&m=ewei_shopv2&from=wxapp&c=entry&a=wxapp&do=main&&state=we7sid-79dab42e597842490af35bec204608d2&sign=68fdeff3c9b755e9a44ad1614c136eac pn=upload; op=order; orderid=22603; 
上传
[2018-12-15 13:55:53] trace  /app/index.php?i=1&uniacid=1&t=undefined&v=1.3&m=ewei_shopv2&from=wxapp&c=entry&a=wxapp&do=main&&state=we7sid-9af49d7ca18bb0ed3757d823c8aa6cf7&sign=f0e0f441d98979755c956af0ccc41099 op=order; orderid=22604; pn=upload; 
上传
[2018-12-15 14:14:07] trace  /app/index.php?i=1&uniacid=1&t=undefined&v=1.3&m=ewei_shopv2&from=wxapp&c=entry&a=wxapp&do=main&&state=we7sid-07e426f5ae0a8237d2d4f92057c95041&sign=c3d137c0f3b2f6cfd75e6fd95ab1f452 pn=upload; op=order; orderid=22605; 
上传
[2018-12-15 14:14:10] trace  /app/index.php?i=1&uniacid=1&t=undefined&v=1.3&m=ewei_shopv2&from=wxapp&c=entry&a=wxapp&do=main&&state=we7sid-07e426f5ae0a8237d2d4f92057c95041&sign=c3d137c0f3b2f6cfd75e6fd95ab1f452 pn=upload; op=order; orderid=22605; 
上传
[2018-12-15 14:22:01] trace  /app/index.php?i=1&uniacid=1&t=undefined&v=1.3&m=ewei_shopv2&from=wxapp&c=entry&a=wxapp&do=main&&state=we7sid-bcb28ff3c2401b08a9a5115728a7c5c5&sign=386e5436b6cfdaaa43c0081f73f316fe pn=upload; op=order; orderid=22606; 
上传
[2018-12-15 14:32:15] trace  /app/index.php?i=1&uniacid=1&t=undefined&v=1.3&m=ewei_shopv2&from=wxapp&c=entry&a=wxapp&do=main&&state=we7sid-81f3ca3d9451c438789ec6925910e18c&sign=df194ee72e19e695ddea6821f21146ac pn=upload; op=order; orderid=22607; 
上传
[2018-12-15 14:45:07] trace  /app/index.php?i=1&uniacid=1&t=undefined&v=1.3&m=ewei_shopv2&from=wxapp&c=entry&a=wxapp&do=main&&state=we7sid-0b92a5d1ffd9bd154db99aab20d618d6&sign=2d3648faf0334bd98245b1f623492035 op=order; orderid=22608; pn=upload; 
上传
[2018-12-15 14:46:26] trace  /app/index.php?i=1&uniacid=1&t=undefined&v=1.3&m=ewei_shopv2&from=wxapp&c=entry&a=wxapp&do=main&&state=we7sid-24c98aa79be55f3b3a29a0b0e702e0a1&sign=11d7ba0b62e0ee6aa1b7add655a7e0de op=order; orderid=22609; pn=upload; 
上传
[2018-12-15 14:49:48] trace  /app/index.php?i=1&uniacid=1&t=undefined&v=1.3&m=ewei_shopv2&from=wxapp&c=entry&a=wxapp&do=main&&state=we7sid-86bd30eb9ff2c079a974173b23dfc20f&sign=76bbce4f375bdd75a7b78ba4821076b5 op=order; orderid=22610; pn=upload; 
上传
[2018-12-15 14:55:00] trace  /app/index.php?i=1&uniacid=1&t=undefined&v=1.3&m=ewei_shopv2&from=wxapp&c=entry&a=wxapp&do=main&&state=we7sid-6df330e57f780c442a227b9679502175&sign=5319bf5330a5bf3eec5ccc0cb231ae27 op=order; orderid=22611; pn=upload; 
上传
[2018-12-15 14:57:39] trace  /app/index.php?i=1&uniacid=1&t=undefined&v=1.3&m=ewei_shopv2&from=wxapp&c=entry&a=wxapp&do=main&&state=we7sid-6b2cb746a76f6b862413db358c8669e0&sign=2561eb0edc64a17d002b872062cdea1b op=order; orderid=22612; pn=upload; 
上传
[2018-12-15 15:12:18] trace  /app/index.php?i=1&uniacid=1&t=undefined&v=1.3&m=ewei_shopv2&from=wxapp&c=entry&a=wxapp&do=main&&state=we7sid-839bc7faeea0cb240b8710451d704119&sign=5042c692eadb1d9247f7aebf5db50520 pn=upload; op=order; orderid=22613; 
上传
[2018-12-15 15:12:18] trace  /app/index.php?i=1&uniacid=1&t=undefined&v=1.3&m=ewei_shopv2&from=wxapp&c=entry&a=wxapp&do=main&&state=we7sid-839bc7faeea0cb240b8710451d704119&sign=5042c692eadb1d9247f7aebf5db50520 pn=upload; op=order; orderid=22614; 
上传
[2018-12-15 15:15:32] trace  /app/index.php?i=1&uniacid=1&t=undefined&v=1.3&m=ewei_shopv2&from=wxapp&c=entry&a=wxapp&do=main&&state=we7sid-08c31801f7228f0af005b50c872f323b&sign=0102c365c419a6b325335789d6ad3704 pn=upload; op=order; orderid=22615; 
上传
[2018-12-15 15:19:54] trace  /app/index.php?i=1&uniacid=1&t=undefined&v=1.3&m=ewei_shopv2&from=wxapp&c=entry&a=wxapp&do=main&&state=we7sid-5348f2fa94411d5107b2b75ab0129326&sign=e152a9b8ba52d8d19583a3cfcb121d58 pn=upload; op=order; orderid=22616; 
上传
[2018-12-15 15:23:06] trace  /app/index.php?i=1&uniacid=1&t=undefined&v=1.3&m=ewei_shopv2&from=wxapp&c=entry&a=wxapp&do=main&&state=we7sid-ed871d5a9342422a95f48e699f523485&sign=4d2e3f8062e4f888dafd7674bcdb5acb pn=upload; op=order; orderid=22617; 
上传
[2018-12-15 15:30:33] trace  /app/index.php?i=1&uniacid=1&t=undefined&v=1.3&m=ewei_shopv2&from=wxapp&c=entry&a=wxapp&do=main&&state=we7sid-16d55e568a7cfe1fb7bdc495c163ee36&sign=c2186f0d9a8d3d16e111509dc65f98e8 op=order; orderid=22618; pn=upload; 
上传
[2018-12-15 15:31:12] trace  /app/index.php?i=1&uniacid=1&t=undefined&v=1.3&m=ewei_shopv2&from=wxapp&c=entry&a=wxapp&do=main&&state=we7sid-9e72d16ed1481e6bfbe58359945a2bbb&sign=45b12210c83dee1e401310d7d36396c3 pn=upload; op=order; orderid=22619; 
上传
[2018-12-15 15:40:54] trace  /app/index.php?i=1&uniacid=1&t=undefined&v=1.3&m=ewei_shopv2&from=wxapp&c=entry&a=wxapp&do=main&&state=we7sid-06486c7b0c68d0fca2415abbbbf3fdd8&sign=fc872e59abe32124bcde29d5c9d7c6aa pn=upload; op=order; orderid=22620; 
上传
[2018-12-15 15:51:13] trace  /app/index.php?i=1&uniacid=1&t=undefined&v=1.3&m=ewei_shopv2&from=wxapp&c=entry&a=wxapp&do=main&&state=we7sid-7aebeab410e77bb57f71a742d01f9662&sign=f16927327a4e588cc5a68b9227dd5023 op=order; orderid=22621; pn=upload; 
上传
[2018-12-15 15:54:12] trace  /app/index.php?i=1&uniacid=1&t=undefined&v=1.3&m=ewei_shopv2&from=wxapp&c=entry&a=wxapp&do=main&&state=we7sid-7aebeab410e77bb57f71a742d01f9662&sign=f16927327a4e588cc5a68b9227dd5023 op=order; orderid=22622; pn=upload; 
上传
[2018-12-15 16:00:44] trace  /app/index.php?i=1&uniacid=1&t=undefined&v=1.3&m=ewei_shopv2&from=wxapp&c=entry&a=wxapp&do=main&&state=we7sid-07ecc7b1efbef952f298a62c5d0504f7&sign=e862a81fe2e91bb993eb6ccaa8f02da6 pn=upload; op=order; orderid=22623; 
上传
[2018-12-15 16:07:37] trace  /app/index.php?i=1&uniacid=1&t=undefined&v=1.3&m=ewei_shopv2&from=wxapp&c=entry&a=wxapp&do=main&&state=we7sid-a1ed772eb41f3769bd31d999731f00d9&sign=a2d8c6e178baec2d0fc70958b2228a45 pn=upload; op=order; orderid=22624; 
上传
[2018-12-15 16:17:57] trace  /app/index.php?i=1&uniacid=1&t=undefined&v=1.3&m=ewei_shopv2&from=wxapp&c=entry&a=wxapp&do=main&&state=we7sid-f5f45dfc268e7b43e6d3fdb530c63995&sign=24a7e7c9a3cd93b658e2fad13ba223aa op=order; orderid=22625; pn=upload; 
上传
[2018-12-15 16:18:04] trace  /app/index.php?i=1&uniacid=1&t=undefined&v=1.3&m=ewei_shopv2&from=wxapp&c=entry&a=wxapp&do=main&&state=we7sid-f5f45dfc268e7b43e6d3fdb530c63995&sign=24a7e7c9a3cd93b658e2fad13ba223aa op=order; orderid=22626; pn=upload; 
上传
[2018-12-15 16:18:10] trace  /app/index.php?i=1&uniacid=1&t=undefined&v=1.3&m=ewei_shopv2&from=wxapp&c=entry&a=wxapp&do=main&&state=we7sid-f5f45dfc268e7b43e6d3fdb530c63995&sign=24a7e7c9a3cd93b658e2fad13ba223aa op=order; orderid=22627; pn=upload; 
上传
[2018-12-15 16:18:59] trace  /app/index.php?i=1&uniacid=1&t=undefined&v=1.3&m=ewei_shopv2&from=wxapp&c=entry&a=wxapp&do=main&&state=we7sid-1cf90d00e4b70453ac2f74c375670e23&sign=310b295ce83cff49e9788f525d8a8cc6 pn=upload; op=order; orderid=22628; 
上传
[2018-12-15 16:19:30] trace  /app/index.php?i=1&uniacid=1&t=undefined&v=1.3&m=ewei_shopv2&from=wxapp&c=entry&a=wxapp&do=main&&state=we7sid-31c114172d3c898b2234c59771571cbb&sign=114ca23bcc572eed4451bbc6c56a38ec pn=upload; op=order; orderid=22629; 
上传
[2018-12-15 16:52:45] trace  /app/index.php?i=1&uniacid=1&t=undefined&v=1.3&m=ewei_shopv2&from=wxapp&c=entry&a=wxapp&do=main&&state=we7sid-6904aef177c3facc78384c1167e98c7c&sign=22556bceaede63c0209f25583cb7b1e6 pn=upload; op=order; orderid=22630; 
上传
[2018-12-15 16:52:46] trace  /app/index.php?i=1&uniacid=1&t=undefined&v=1.3&m=ewei_shopv2&from=wxapp&c=entry&a=wxapp&do=main&&state=we7sid-6904aef177c3facc78384c1167e98c7c&sign=22556bceaede63c0209f25583cb7b1e6 pn=upload; op=order; orderid=22631; 
上传
[2018-12-15 17:14:45] trace  /app/index.php?i=1&uniacid=1&t=undefined&v=1.3&m=ewei_shopv2&from=wxapp&c=entry&a=wxapp&do=main&&state=we7sid-8a1d26934ece9e0d796e81b4cb673500&sign=a6111843d1b646022cca916c2f21aafc pn=upload; op=order; orderid=22632; 
上传
[2018-12-15 17:15:56] trace  /app/index.php?i=1&uniacid=1&t=undefined&v=1.3&m=ewei_shopv2&from=wxapp&c=entry&a=wxapp&do=main&&state=we7sid-4d71a67dc98151664df7ba4283c9f99a&sign=ac5ddea55da84b905ee2c625b4a2bd5b pn=upload; op=order; orderid=22633; 
上传
[2018-12-15 17:22:50] trace  /app/index.php?i=1&uniacid=1&t=undefined&v=1.3&m=ewei_shopv2&from=wxapp&c=entry&a=wxapp&do=main&&state=we7sid-6727f14a6c69f542eb58cce772380128&sign=03bb3f344a5b2ada89105c5dc4cb45d1 pn=upload; op=order; orderid=22634; 
上传
[2018-12-15 17:28:13] trace  /app/index.php?i=1&uniacid=1&t=undefined&v=1.3&m=ewei_shopv2&from=wxapp&c=entry&a=wxapp&do=main&&state=we7sid-df7099b1110654d33c3a0c0f6c23618c&sign=64ad219a33679f4d5321a40fa00fcfde pn=upload; op=order; orderid=22635; 
上传
[2018-12-15 17:29:02] trace  /app/index.php?i=1&uniacid=1&t=undefined&v=1.3&m=ewei_shopv2&from=wxapp&c=entry&a=wxapp&do=main&&state=we7sid-35a277d49f5f8e5b5e67128c83c6ee7e&sign=6a12d6a19f9fc268a08ee5e2e28559dc pn=upload; op=order; orderid=22636; 
上传
[2018-12-15 17:59:22] trace  /app/index.php?i=1&uniacid=1&t=undefined&v=1.3&m=ewei_shopv2&from=wxapp&c=entry&a=wxapp&do=main&&state=we7sid-4630ee6983d08334b8d44a5764085ef3&sign=699bae57696bdddfb362b1bb3fdfd9f5 op=order; orderid=22637; pn=upload; 
上传
[2018-12-15 18:31:02] trace  /app/index.php?i=1&uniacid=1&t=undefined&v=1.3&m=ewei_shopv2&from=wxapp&c=entry&a=wxapp&do=main&&state=we7sid-15429126b13ba185ae77f46bffe19e5f&sign=2612d6ea69bc00b870e8f558264b6a1e op=order; orderid=22638; pn=upload; 
上传
[2018-12-15 18:54:17] trace  /app/index.php?i=1&uniacid=1&t=undefined&v=1.3&m=ewei_shopv2&from=wxapp&c=entry&a=wxapp&do=main&&state=we7sid-f783e31c2bf2718db94d9f5226766b2c&sign=1687295cffdacbaabc32165eaddda579 pn=upload; op=order; orderid=22639; 
上传
[2018-12-15 18:54:29] trace  /app/index.php?i=1&uniacid=1&t=undefined&v=1.3&m=ewei_shopv2&from=wxapp&c=entry&a=wxapp&do=main&&state=we7sid-f783e31c2bf2718db94d9f5226766b2c&sign=1687295cffdacbaabc32165eaddda579 pn=upload; op=order; orderid=22640; 
上传
[2018-12-15 18:57:10] trace  /app/index.php?i=1&uniacid=1&t=undefined&v=1.3&m=ewei_shopv2&from=wxapp&c=entry&a=wxapp&do=main&&state=we7sid-56a3953a235e1af8e2ce9cce29d1e4bf&sign=73fb79c7e23c1ca3fb0dfd0a47a6d76d pn=upload; op=order; orderid=22641; 
上传
[2018-12-15 19:20:22] trace  /app/index.php?i=1&uniacid=1&t=undefined&v=1.3&m=ewei_shopv2&from=wxapp&c=entry&a=wxapp&do=main&&state=we7sid-f609417b05a3fe5643648eba1812dadc&sign=e4c4efe11ff807edc19dea86f4a509dd pn=upload; op=order; orderid=22642; 
上传
[2018-12-15 19:21:09] trace  /app/index.php?i=1&uniacid=1&t=undefined&v=1.3&m=ewei_shopv2&from=wxapp&c=entry&a=wxapp&do=main&&state=we7sid-43d3a010f4a0efc09895dba719211bd2&sign=46d9ebe612b00cef3d4f89c6ae41c5c6 pn=upload; op=order; orderid=22643; 
上传
[2018-12-15 19:21:09] trace  /app/index.php?i=1&uniacid=1&t=undefined&v=1.3&m=ewei_shopv2&from=wxapp&c=entry&a=wxapp&do=main&&state=we7sid-43d3a010f4a0efc09895dba719211bd2&sign=46d9ebe612b00cef3d4f89c6ae41c5c6 pn=upload; op=order; orderid=22644; 
上传
[2018-12-15 19:26:03] trace  /app/index.php?i=1&uniacid=1&t=undefined&v=1.3&m=ewei_shopv2&from=wxapp&c=entry&a=wxapp&do=main&&state=we7sid-b8d0b17b0083ce01c1f5b28d327e9f35&sign=f78f9c7a588785987d9677607523330a op=order; orderid=22645; pn=upload; 
上传
[2018-12-15 19:29:52] trace  /app/index.php?i=1&uniacid=1&t=undefined&v=1.3&m=ewei_shopv2&from=wxapp&c=entry&a=wxapp&do=main&&state=we7sid-afe4cab3054773c2db5d4dba9b8967b9&sign=7d435907c463c2fa6dbd2bd5d6ae7879 pn=upload; op=order; orderid=22646; 
上传
[2018-12-15 19:43:49] trace  /app/index.php?i=1&uniacid=1&t=undefined&v=1.3&m=ewei_shopv2&from=wxapp&c=entry&a=wxapp&do=main&&state=we7sid-f5641c66fc472c3dd7710f3ad0939630&sign=1ad615ca301d8da0fe58c09c43eb06de pn=upload; op=order; orderid=22647; 
上传
[2018-12-15 19:44:15] trace  /app/index.php?i=1&uniacid=1&t=undefined&v=1.3&m=ewei_shopv2&from=wxapp&c=entry&a=wxapp&do=main&&state=we7sid-c6f803fd0e3acee3c4d1b0b5393865b6&sign=47092ae39569f61bd097ad2d8d23617b op=order; pn=upload; orderid=22648; 
上传
[2018-12-15 19:44:33] trace  /app/index.php?i=1&uniacid=1&t=undefined&v=1.3&m=ewei_shopv2&from=wxapp&c=entry&a=wxapp&do=main&&state=we7sid-f5641c66fc472c3dd7710f3ad0939630&sign=1ad615ca301d8da0fe58c09c43eb06de pn=upload; op=order; orderid=22649; 
上传
[2018-12-15 19:44:58] trace  /app/index.php?i=1&uniacid=1&t=undefined&v=1.3&m=ewei_shopv2&from=wxapp&c=entry&a=wxapp&do=main&&state=we7sid-f5641c66fc472c3dd7710f3ad0939630&sign=1ad615ca301d8da0fe58c09c43eb06de pn=upload; op=order; orderid=22650; 
上传
[2018-12-15 19:48:04] trace  /app/index.php?i=1&uniacid=1&t=undefined&v=1.3&m=ewei_shopv2&from=wxapp&c=entry&a=wxapp&do=main&&state=we7sid-c442b6040b13f9ed96c5dbabf449d71e&sign=3acfc116daabb739ce893fa3db17411d op=order; orderid=22651; pn=upload; 
上传
[2018-12-15 19:49:10] trace  /app/index.php?i=1&uniacid=1&t=undefined&v=1.3&m=ewei_shopv2&from=wxapp&c=entry&a=wxapp&do=main&&state=we7sid-f5641c66fc472c3dd7710f3ad0939630&sign=1ad615ca301d8da0fe58c09c43eb06de pn=upload; op=order; orderid=22652; 
上传
[2018-12-15 20:03:41] trace  /app/index.php?i=1&uniacid=1&t=undefined&v=1.3&m=ewei_shopv2&from=wxapp&c=entry&a=wxapp&do=main&&state=we7sid-50255a2bc38d650046a19371d0665258&sign=18fabba7c210da8f9ec5a7f1d637c81f pn=upload; op=order; orderid=22653; 
上传
[2018-12-15 20:27:16] trace  /app/index.php?i=1&uniacid=1&t=undefined&v=1.3&m=ewei_shopv2&from=wxapp&c=entry&a=wxapp&do=main&&state=we7sid-e2d6fe249058ed3e5c50f25a706dfbd4&sign=5d74fac84abafb0ee7aefafd6e831647 op=order; orderid=22654; pn=upload; 
上传
[2018-12-15 20:33:27] trace  /app/index.php?i=1&uniacid=1&t=undefined&v=1.3&m=ewei_shopv2&from=wxapp&c=entry&a=wxapp&do=main&&state=we7sid-2a3adf5ac924fc1a8aa99ba32bd20d76&sign=e0d2e28baee70730e3ba4340026ebe8a pn=upload; op=order; orderid=22655; 
上传
[2018-12-15 20:54:27] trace  /app/index.php?i=1&uniacid=1&t=undefined&v=1.3&m=ewei_shopv2&from=wxapp&c=entry&a=wxapp&do=main&&state=we7sid-9a7537bb9303f3d8fa78b28e4da893c2&sign=4c48c3662d87df9837581a78ef5bd76a pn=upload; op=order; orderid=22656; 
上传
[2018-12-15 21:04:31] trace  /app/index.php?i=1&uniacid=1&t=undefined&v=1.3&m=ewei_shopv2&from=wxapp&c=entry&a=wxapp&do=main&&state=we7sid-026ec424f30de6d7e0c394c5e6b2c7ea&sign=8c8e6a55e7f13a9d90ab24c657032612 op=order; orderid=22657; pn=upload; 
上传
[2018-12-15 21:04:33] trace  /app/index.php?i=1&uniacid=1&t=undefined&v=1.3&m=ewei_shopv2&from=wxapp&c=entry&a=wxapp&do=main&&state=we7sid-026ec424f30de6d7e0c394c5e6b2c7ea&sign=8c8e6a55e7f13a9d90ab24c657032612 op=order; orderid=22657; pn=upload; 
上传
[2018-12-15 21:20:52] trace  /app/index.php?i=1&uniacid=1&t=undefined&v=1.3&m=ewei_shopv2&from=wxapp&c=entry&a=wxapp&do=main&&state=we7sid-085bd82e8d6fd41776ef3885dbc7f9a2&sign=f85053f36524795704f30dbf43afedb8 pn=upload; op=order; orderid=22658; 
上传
[2018-12-15 21:36:57] trace  /app/index.php?i=1&uniacid=1&t=undefined&v=1.3&m=ewei_shopv2&from=wxapp&c=entry&a=wxapp&do=main&&state=we7sid-ce5fa452f839bfe2cf40ca209b4c3c03&sign=482723afe5756205e0732b2bba6a1fcf op=order; orderid=22659; pn=upload; 
上传
[2018-12-15 22:04:10] trace  /app/index.php?i=1&uniacid=1&t=undefined&v=1.3&m=ewei_shopv2&from=wxapp&c=entry&a=wxapp&do=main&&state=we7sid-464a4f9edb4eec45358857137ad2919e&sign=76b8c4bc64776e166211e2fefaf0d4f9 pn=upload; op=order; orderid=22660; 
上传
[2018-12-15 22:17:04] trace  /app/index.php?i=1&uniacid=1&t=undefined&v=1.3&m=ewei_shopv2&from=wxapp&c=entry&a=wxapp&do=main&&state=we7sid-edcb84aada04b4696c84c394da765000&sign=0c81a14fcc2c688a992fa3444938abb2 op=order; orderid=22661; pn=upload; 
上传
[2018-12-15 22:42:19] trace  /app/index.php?i=1&uniacid=1&t=undefined&v=1.3&m=ewei_shopv2&from=wxapp&c=entry&a=wxapp&do=main&&state=we7sid-4f308dfbaeb683c4ad8c696a6bca40e1&sign=7f93fbf085ef7b12b796d39a77c78c00 op=order; pn=upload; orderid=22662; 
上传
[2018-12-15 23:14:56] trace  /app/index.php?i=1&uniacid=1&t=undefined&v=1.3&m=ewei_shopv2&from=wxapp&c=entry&a=wxapp&do=main&&state=we7sid-d376844bf2b8491bc351a2f1ff255538&sign=02c2e05dcbce0b69bc3b4ac73c95f895 pn=upload; op=order; orderid=22663; 
上传
[2018-12-15 23:20:58] trace  /app/index.php?i=1&uniacid=1&t=undefined&v=1.3&m=ewei_shopv2&from=wxapp&c=entry&a=wxapp&do=main&&state=we7sid-6056b89fdc76e449672543156ed5f86e&sign=fe7cc05fbcca2188ab7ea5dce8ce9b7f op=order; orderid=22664; pn=upload; 
上传
[2018-12-15 23:29:54] trace  /app/index.php?i=1&uniacid=1&t=undefined&v=1.3&m=ewei_shopv2&from=wxapp&c=entry&a=wxapp&do=main&&state=we7sid-9eeabba45d88b5303dd99154e91495b9&sign=d7b5b0e52fda745d27db9a60a5193aa2 pn=upload; op=order; orderid=22665; 
上传
[2018-12-15 23:29:55] trace  /app/index.php?i=1&uniacid=1&t=undefined&v=1.3&m=ewei_shopv2&from=wxapp&c=entry&a=wxapp&do=main&&state=we7sid-9eeabba45d88b5303dd99154e91495b9&sign=d7b5b0e52fda745d27db9a60a5193aa2 pn=upload; op=order; orderid=22666; 
上传
