[2018-12-16 00:26:30] trace  /app/index.php?i=1&uniacid=1&t=undefined&v=1.3&m=ewei_shopv2&from=wxapp&c=entry&a=wxapp&do=main&&state=we7sid-7eab4fc62829458d1b2ca599fe765cf5&sign=ce8f4dd51df1348ae701991b5edaa9ca pn=upload; op=order; orderid=22667; 
上传
[2018-12-16 00:29:26] trace  /app/index.php?i=1&uniacid=1&t=undefined&v=1.3&m=ewei_shopv2&from=wxapp&c=entry&a=wxapp&do=main&&state=we7sid-36d4496b95f85759d69dd84377fecd1e&sign=16d376c73ad40b02c7b36efd8dbea42c op=order; orderid=22668; pn=upload; 
上传
[2018-12-16 00:33:40] trace  /app/index.php?i=1&uniacid=1&t=undefined&v=1.3&m=ewei_shopv2&from=wxapp&c=entry&a=wxapp&do=main&&state=we7sid-1a79aa26a0ab8951da79a9b2d0d43db4&sign=8190c30f40ae613a3c90d5f8fb0c516b pn=upload; op=order; orderid=22669; 
上传
[2018-12-16 00:49:07] trace  /app/index.php?i=1&uniacid=1&t=undefined&v=1.3&m=ewei_shopv2&from=wxapp&c=entry&a=wxapp&do=main&&state=we7sid-a5f8de43aa215fe5d4af782ef950ff17&sign=176007bbaa845126b04fca75e392df08 pn=upload; op=order; orderid=22670; 
上传
[2018-12-16 00:50:31] trace  /app/index.php?i=1&uniacid=1&t=undefined&v=1.3&m=ewei_shopv2&from=wxapp&c=entry&a=wxapp&do=main&&state=we7sid-a5f8de43aa215fe5d4af782ef950ff17&sign=176007bbaa845126b04fca75e392df08 pn=upload; op=order; orderid=22671; 
上传
[2018-12-16 00:55:07] trace  /app/index.php?i=1&uniacid=1&t=undefined&v=1.3&m=ewei_shopv2&from=wxapp&c=entry&a=wxapp&do=main&&state=we7sid-1555b99bfef46e7bda72bab0c50be332&sign=dd323f47dc95048f121a6af221b4bcb2 op=order; orderid=22672; pn=upload; 
上传
[2018-12-16 01:10:15] trace  /app/index.php?i=1&uniacid=1&t=undefined&v=1.3&m=ewei_shopv2&from=wxapp&c=entry&a=wxapp&do=main&&state=we7sid-8dc755638001610f50061ce95ec7bce2&sign=fe4b02b45a246f8ac72de0519ac204f9 pn=upload; op=order; orderid=22673; 
上传
[2018-12-16 02:12:15] trace  /app/index.php?i=1&uniacid=1&t=undefined&v=1.3&m=ewei_shopv2&from=wxapp&c=entry&a=wxapp&do=main&&state=we7sid-0e3d4768d102b4064366f0988d05a9e9&sign=906ae0b6db99e141455abf235592b809 pn=upload; op=order; orderid=22674; 
上传
[2018-12-16 02:41:13] trace  /app/index.php?i=1&uniacid=1&t=undefined&v=1.3&m=ewei_shopv2&from=wxapp&c=entry&a=wxapp&do=main&&state=we7sid-0af131b7b4d1a44562e1b36b99918803&sign=7293a197bdfe30512d96321e133380de pn=upload; op=order; orderid=22675; 
上传
[2018-12-16 02:46:31] trace  /app/index.php?i=1&uniacid=1&t=undefined&v=1.3&m=ewei_shopv2&from=wxapp&c=entry&a=wxapp&do=main&&state=we7sid-0af131b7b4d1a44562e1b36b99918803&sign=7293a197bdfe30512d96321e133380de pn=upload; op=order; orderid=22676; 
上传
[2018-12-16 04:42:44] trace  /app/index.php?i=1&uniacid=1&t=undefined&v=1.3&m=ewei_shopv2&from=wxapp&c=entry&a=wxapp&do=main&&state=we7sid-d7ed8a6901c755980c0449a617ddb0a1&sign=1a3cdb143644316629938dcf75a9a73a pn=upload; op=order; orderid=22677; 
上传
[2018-12-16 06:54:18] trace  /app/index.php?i=1&uniacid=1&t=undefined&v=1.3&m=ewei_shopv2&from=wxapp&c=entry&a=wxapp&do=main&&state=we7sid-30418a196d65dd7e35093096d636218b&sign=b55b0f35ac72ea4892ce0bfe7fc28edd pn=upload; op=order; orderid=22678; 
上传
[2018-12-16 07:49:44] trace  /app/index.php?i=1&uniacid=1&t=undefined&v=1.3&m=ewei_shopv2&from=wxapp&c=entry&a=wxapp&do=main&&state=we7sid-933cf18a30dcdcf4464c642148d0e48a&sign=6c600ebcfbe1ac753ff8ece35b6906d7 pn=upload; op=order; orderid=22679; 
上传
[2018-12-16 07:49:53] trace  /app/index.php?i=1&uniacid=1&t=undefined&v=1.3&m=ewei_shopv2&from=wxapp&c=entry&a=wxapp&do=main&&state=we7sid-933cf18a30dcdcf4464c642148d0e48a&sign=6c600ebcfbe1ac753ff8ece35b6906d7 pn=upload; op=order; orderid=22680; 
上传
[2018-12-16 07:54:50] trace  /app/index.php?i=1&uniacid=1&t=undefined&v=1.3&m=ewei_shopv2&from=wxapp&c=entry&a=wxapp&do=main&&state=we7sid-933cf18a30dcdcf4464c642148d0e48a&sign=6c600ebcfbe1ac753ff8ece35b6906d7 pn=upload; op=order; orderid=22681; 
上传
[2018-12-16 08:02:07] trace  /app/index.php?i=1&uniacid=1&t=undefined&v=1.3&m=ewei_shopv2&from=wxapp&c=entry&a=wxapp&do=main&&state=we7sid-57bccb35428be281298f2ee410b7721b&sign=d68e87aef50172543664d214877d88ba pn=upload; op=order; orderid=22682; 
上传
[2018-12-16 08:23:36] trace  /app/index.php?i=1&uniacid=1&t=undefined&v=1.3&m=ewei_shopv2&from=wxapp&c=entry&a=wxapp&do=main&&state=we7sid-0cbdf5d91daab65d014a00267aa40165&sign=60e3f3bb3b9b9b963e85365b4497236f pn=upload; op=order; orderid=22683; 
上传
[2018-12-16 08:55:00] trace  /app/index.php?i=1&uniacid=1&t=undefined&v=1.3&m=ewei_shopv2&from=wxapp&c=entry&a=wxapp&do=main&&state=we7sid-9416aa39cbb68e882ed7ff9ebf101166&sign=632f5f6bc8d6d4395f075e75cb0ca388 pn=upload; op=order; orderid=22684; 
上传
[2018-12-16 09:03:01] trace  /app/index.php?i=1&uniacid=1&t=undefined&v=1.3&m=ewei_shopv2&from=wxapp&c=entry&a=wxapp&do=main&&state=we7sid-d22f42a1d5f1de3ae6f92433f3095658&sign=d7a4ccb1a0e754d1e5426e53063b281a pn=upload; op=order; orderid=22685; 
上传
[2018-12-16 09:06:43] trace  /app/index.php?i=1&uniacid=1&t=undefined&v=1.3&m=ewei_shopv2&from=wxapp&c=entry&a=wxapp&do=main&&state=we7sid-e01701517a5a0b74e44a0fde7b19dd50&sign=754ba0ac2b2dfd7f0855cde358d9dc95 op=order; orderid=22686; pn=upload; 
上传
[2018-12-16 09:25:13] trace  /app/index.php?i=1&uniacid=1&t=undefined&v=1.3&m=ewei_shopv2&from=wxapp&c=entry&a=wxapp&do=main&&state=we7sid-154b7b015bf2a7c72826f33326ad44e6&sign=51461daa30aba2b38c8d90d55d017510 pn=upload; op=order; orderid=22687; 
上传
[2018-12-16 09:29:44] trace  /app/index.php?i=1&uniacid=1&t=undefined&v=1.3&m=ewei_shopv2&from=wxapp&c=entry&a=wxapp&do=main&&state=we7sid-4529b2ea43cda866a70bff8795d4888d&sign=dcc40f493da28c9090a250254789d5be pn=upload; op=order; orderid=22688; 
上传
[2018-12-16 09:50:45] trace  /app/index.php?i=1&uniacid=1&t=undefined&v=1.3&m=ewei_shopv2&from=wxapp&c=entry&a=wxapp&do=main&&state=we7sid-eef6e446369c521468f72093acf855d7&sign=ca11a8114cc3a34634ed81cc11003819 pn=upload; op=order; orderid=22689; 
上传
[2018-12-16 10:34:10] trace  /app/index.php?i=1&uniacid=1&t=undefined&v=1.3&m=ewei_shopv2&from=wxapp&c=entry&a=wxapp&do=main&&state=we7sid-d18a8707fc6580cc82ad8daa29249c6c&sign=03429fe6955e5a127e742b3071d4a66e pn=upload; op=order; orderid=22690; 
上传
[2018-12-16 10:56:16] trace  /app/index.php?i=1&uniacid=1&t=undefined&v=1.3&m=ewei_shopv2&from=wxapp&c=entry&a=wxapp&do=main&&state=we7sid-1ccb54675796b62c25e150e85bfa76d5&sign=59adcc38f84b9362622cefb13ceb6a51 pn=upload; op=order; orderid=22691; 
上传
[2018-12-16 11:05:52] trace  /app/index.php?i=1&uniacid=1&t=undefined&v=1.3&m=ewei_shopv2&from=wxapp&c=entry&a=wxapp&do=main&&state=we7sid-56f9928b61b2bd41075faa36f67e0832&sign=f1d1f56e4014012582cc373d237743e8 op=order; orderid=22692; pn=upload; 
上传
[2018-12-16 11:08:35] trace  /app/index.php?i=1&uniacid=1&t=undefined&v=1.3&m=ewei_shopv2&from=wxapp&c=entry&a=wxapp&do=main&&state=we7sid-b381e1d5a91162d787a3cccd8f745df2&sign=a915b18f738237bf4eee6c3410c6baab pn=upload; op=order; orderid=22693; 
上传
[2018-12-16 11:13:13] trace  /app/index.php?i=1&uniacid=1&t=undefined&v=1.3&m=ewei_shopv2&from=wxapp&c=entry&a=wxapp&do=main&&state=we7sid-b381e1d5a91162d787a3cccd8f745df2&sign=a915b18f738237bf4eee6c3410c6baab pn=upload; op=order; orderid=22694; 
上传
[2018-12-16 11:21:37] trace  /app/index.php?i=1&uniacid=1&t=undefined&v=1.3&m=ewei_shopv2&from=wxapp&c=entry&a=wxapp&do=main&&state=we7sid-f1105d46656a58b80e7105f8186f0496&sign=39f543de375ab59cadbd422f3976ba83 op=order; orderid=22695; pn=upload; 
上传
[2018-12-16 11:39:13] trace  /app/index.php?i=1&uniacid=1&t=undefined&v=1.3&m=ewei_shopv2&from=wxapp&c=entry&a=wxapp&do=main&&state=we7sid-117cf8552a780c96b1ea363f06c69a3b&sign=11a0db8437adaa75e1675cd016e6d73b pn=upload; op=order; orderid=22696; 
上传
[2018-12-16 11:41:31] trace  /app/index.php?i=1&uniacid=1&t=undefined&v=1.3&m=ewei_shopv2&from=wxapp&c=entry&a=wxapp&do=main&&state=we7sid-117cf8552a780c96b1ea363f06c69a3b&sign=11a0db8437adaa75e1675cd016e6d73b pn=upload; op=order; orderid=22697; 
上传
[2018-12-16 12:15:15] trace  /app/index.php?i=1&uniacid=1&t=undefined&v=1.3&m=ewei_shopv2&from=wxapp&c=entry&a=wxapp&do=main&&state=we7sid-9304538bbe7886e3cf71aea46df137d6&sign=73f78691c633dc3d009ced2a3e445b4b pn=upload; op=order; orderid=22698; 
上传
[2018-12-16 12:15:15] trace  /app/index.php?i=1&uniacid=1&t=undefined&v=1.3&m=ewei_shopv2&from=wxapp&c=entry&a=wxapp&do=main&&state=we7sid-9304538bbe7886e3cf71aea46df137d6&sign=73f78691c633dc3d009ced2a3e445b4b pn=upload; op=order; orderid=22698; 
上传
[2018-12-16 12:21:21] trace  /app/index.php?i=1&uniacid=1&t=undefined&v=1.3&m=ewei_shopv2&from=wxapp&c=entry&a=wxapp&do=main&&state=we7sid-c65b8adc51c362f36e4b44321ff2be31&sign=e75da256c735d405323ae53d2e284723 op=order; orderid=22699; pn=upload; 
上传
[2018-12-16 12:22:06] trace  /app/index.php?i=1&uniacid=1&t=undefined&v=1.3&m=ewei_shopv2&from=wxapp&c=entry&a=wxapp&do=main&&state=we7sid-4cc943c8f62a13089233a2411b1b0a5b&sign=91d3a4d0a4562d3c34d42cbb54b20b15 op=order; orderid=22700; pn=upload; 
上传
[2018-12-16 12:33:59] trace  /app/index.php?i=1&uniacid=1&t=undefined&v=1.3&m=ewei_shopv2&from=wxapp&c=entry&a=wxapp&do=main&&state=we7sid-8abc725857befcc5af4029444610e315&sign=2eb5df5704d0ae0848621f881074799f op=order; orderid=22701; pn=upload; 
上传
[2018-12-16 12:34:00] trace  /app/index.php?i=1&uniacid=1&t=undefined&v=1.3&m=ewei_shopv2&from=wxapp&c=entry&a=wxapp&do=main&&state=we7sid-8abc725857befcc5af4029444610e315&sign=2eb5df5704d0ae0848621f881074799f op=order; orderid=22701; pn=upload; 
上传
[2018-12-16 12:46:06] trace  /app/index.php?i=1&uniacid=1&t=undefined&v=1.3&m=ewei_shopv2&from=wxapp&c=entry&a=wxapp&do=main&&state=we7sid-2ca543fad89269f9fe5bd05d3b86cfc7&sign=14b4a32cf724fddac19c45bc145da388 pn=upload; op=order; orderid=22702; 
上传
[2018-12-16 12:53:09] trace  /app/index.php?i=1&uniacid=1&t=undefined&v=1.3&m=ewei_shopv2&from=wxapp&c=entry&a=wxapp&do=main&&state=we7sid-92f24b4e16532162e507a16a9f3b6c2c&sign=53716b322def30a52ebee9862ed3dd5b op=order; pn=upload; orderid=22703; 
上传
[2018-12-16 13:14:32] trace  /app/index.php?i=1&uniacid=1&t=undefined&v=1.3&m=ewei_shopv2&from=wxapp&c=entry&a=wxapp&do=main&&state=we7sid-6a56e285af56fcbbdf1a7d3c8f8181a3&sign=42d78c2447add72388fca6cebb4e928a pn=upload; op=order; orderid=22704; 
上传
[2018-12-16 13:57:26] trace  /app/index.php?i=1&uniacid=1&t=undefined&v=1.3&m=ewei_shopv2&from=wxapp&c=entry&a=wxapp&do=main&&state=we7sid-0b250b0ca9440e621ecd863babaa731f&sign=1fe47d76d780a4bd50c05f7030454487 pn=upload; op=order; orderid=22705; 
上传
[2018-12-16 14:05:54] trace  /app/index.php?i=1&uniacid=1&t=undefined&v=1.3&m=ewei_shopv2&from=wxapp&c=entry&a=wxapp&do=main&&state=we7sid-a5925ad891faca207697fe0f346c0b83&sign=fd386fd41f5334c2e35f32783998c4c8 pn=upload; op=order; orderid=22706; 
上传
[2018-12-16 14:07:21] trace  /app/index.php?i=1&uniacid=1&t=undefined&v=1.3&m=ewei_shopv2&from=wxapp&c=entry&a=wxapp&do=main&&state=we7sid-ae7639b3cb429a5a0fd7ea6da6ac1868&sign=68c77cda4b62a195cf347bf7fb48533c pn=upload; op=order; orderid=22707; 
上传
[2018-12-16 14:49:44] trace  /app/index.php?i=1&uniacid=1&t=undefined&v=1.3&m=ewei_shopv2&from=wxapp&c=entry&a=wxapp&do=main&&state=we7sid-bdfeccdc270735faaab8e1a45ab34816&sign=57f485cf9ccb10ad2e022cb5f30530cf op=order; orderid=22708; pn=upload; 
上传
[2018-12-16 14:54:07] trace  /app/index.php?i=1&uniacid=1&t=undefined&v=1.3&m=ewei_shopv2&from=wxapp&c=entry&a=wxapp&do=main&&state=we7sid-bdfeccdc270735faaab8e1a45ab34816&sign=57f485cf9ccb10ad2e022cb5f30530cf op=order; orderid=22709; pn=upload; 
上传
[2018-12-16 15:09:17] trace  /app/index.php?i=1&uniacid=1&t=undefined&v=1.3&m=ewei_shopv2&from=wxapp&c=entry&a=wxapp&do=main&&state=we7sid-a486eca976554860fcd39781ac35453c&sign=cd1346dbc4e1506b9b3780e417aa8860 pn=upload; op=author; orderid=22308; 
上传
[2018-12-16 15:15:15] trace  /app/index.php?i=1&uniacid=1&t=undefined&v=1.3&m=ewei_shopv2&from=wxapp&c=entry&a=wxapp&do=main&&state=we7sid-3b80b2f398c37c5b1874ad13bb4434b0&sign=5d2a0491da60f6d2dada272632749450 pn=upload; op=order; orderid=22710; 
上传
[2018-12-16 15:17:49] trace  /app/index.php?i=1&uniacid=1&t=undefined&v=1.3&m=ewei_shopv2&from=wxapp&c=entry&a=wxapp&do=main&&state=we7sid-3b80b2f398c37c5b1874ad13bb4434b0&sign=5d2a0491da60f6d2dada272632749450 pn=upload; op=order; orderid=22711; 
上传
[2018-12-16 15:22:15] trace  /app/index.php?i=1&uniacid=1&t=undefined&v=1.3&m=ewei_shopv2&from=wxapp&c=entry&a=wxapp&do=main&&state=we7sid-3b80b2f398c37c5b1874ad13bb4434b0&sign=5d2a0491da60f6d2dada272632749450 pn=upload; op=order; orderid=22712; 
上传
[2018-12-16 15:30:33] trace  /app/index.php?i=1&uniacid=1&t=undefined&v=1.3&m=ewei_shopv2&from=wxapp&c=entry&a=wxapp&do=main&&state=we7sid-a486eca976554860fcd39781ac35453c&sign=cd1346dbc4e1506b9b3780e417aa8860 pn=upload; op=author; orderid=22329; 
上传
[2018-12-16 15:37:06] trace  /app/index.php?i=1&uniacid=1&t=undefined&v=1.3&m=ewei_shopv2&from=wxapp&c=entry&a=wxapp&do=main&&state=we7sid-a486eca976554860fcd39781ac35453c&sign=cd1346dbc4e1506b9b3780e417aa8860 pn=upload; op=author; orderid=22351; 
上传
[2018-12-16 16:06:57] trace  /app/index.php?i=1&uniacid=1&t=undefined&v=1.3&m=ewei_shopv2&from=wxapp&c=entry&a=wxapp&do=main&&state=we7sid-a486eca976554860fcd39781ac35453c&sign=cd1346dbc4e1506b9b3780e417aa8860 pn=upload; op=author; orderid=22375; 
上传
[2018-12-16 16:16:50] trace  /app/index.php?i=1&uniacid=1&t=undefined&v=1.3&m=ewei_shopv2&from=wxapp&c=entry&a=wxapp&do=main&&state=we7sid-248d7fbd4c78a682bd6f77248a72ffd2&sign=425520d4675c964191f86bc5199097c5 pn=upload; op=order; orderid=22713; 
上传
[2018-12-16 16:24:20] trace  /app/index.php?i=1&uniacid=1&t=undefined&v=1.3&m=ewei_shopv2&from=wxapp&c=entry&a=wxapp&do=main&&state=we7sid-f8378d186e98ac1f55dc681239f04844&sign=c9d011d1fdad429e15208809cf08c087 pn=upload; op=order; orderid=22714; 
上传
[2018-12-16 17:26:48] trace  /app/index.php?i=1&uniacid=1&t=undefined&v=1.3&m=ewei_shopv2&from=wxapp&c=entry&a=wxapp&do=main&&state=we7sid-f005baaea8d850008349c540bf743821&sign=89de8bae35b5ac2ef976e09f8bca567c op=order; orderid=22715; pn=upload; 
上传
[2018-12-16 17:35:31] trace  /app/index.php?i=1&uniacid=1&t=undefined&v=1.3&m=ewei_shopv2&from=wxapp&c=entry&a=wxapp&do=main&&state=we7sid-d9e0c64178fb48b3fbce99a03df9385c&sign=2bfc1ff5aef81c8d7503c64dc56065d7 op=order; orderid=22716; pn=upload; 
上传
[2018-12-16 18:07:57] trace  /app/index.php?i=1&uniacid=1&t=undefined&v=1.3&m=ewei_shopv2&from=wxapp&c=entry&a=wxapp&do=main&&state=we7sid-7f7b10656e6a73f3873b4d7799b79020&sign=bd7b27de11cec9a3e8bb2e83144d48e2 pn=upload; op=order; orderid=22717; 
上传
[2018-12-16 18:29:09] trace  /app/index.php?i=1&uniacid=1&t=undefined&v=1.3&m=ewei_shopv2&from=wxapp&c=entry&a=wxapp&do=main&&state=we7sid-00fb36c26399178b2febf429e97f21c7&sign=3de92c40866208124bd6bb7dc02ec789 op=order; orderid=22718; pn=upload; 
上传
[2018-12-16 18:52:10] trace  /app/index.php?i=1&uniacid=1&t=undefined&v=1.3&m=ewei_shopv2&from=wxapp&c=entry&a=wxapp&do=main&&state=we7sid-854f919e0ee4834c704522cc2aeffecf&sign=effda5d7e39cdd2fe0f4c612e15914dc pn=upload; op=order; orderid=22719; 
上传
[2018-12-16 18:54:12] trace  /app/index.php?i=1&uniacid=1&t=undefined&v=1.3&m=ewei_shopv2&from=wxapp&c=entry&a=wxapp&do=main&&state=we7sid-9bed380f359dba20b8fbe46eebc7f7ae&sign=013880fc355bc710373772987d811ea8 pn=upload; op=author; orderid=22397; 
上传
[2018-12-16 19:00:00] trace  /app/index.php?i=1&uniacid=1&t=undefined&v=1.3&m=ewei_shopv2&from=wxapp&c=entry&a=wxapp&do=main&&state=we7sid-9bed380f359dba20b8fbe46eebc7f7ae&sign=013880fc355bc710373772987d811ea8 pn=upload; op=author; orderid=22431; 
上传
[2018-12-16 19:05:25] trace  /app/index.php?i=1&uniacid=1&t=undefined&v=1.3&m=ewei_shopv2&from=wxapp&c=entry&a=wxapp&do=main&&state=we7sid-9bed380f359dba20b8fbe46eebc7f7ae&sign=013880fc355bc710373772987d811ea8 pn=upload; op=author; orderid=22461; 
上传
[2018-12-16 19:08:48] trace  /app/index.php?i=1&uniacid=1&t=undefined&v=1.3&m=ewei_shopv2&from=wxapp&c=entry&a=wxapp&do=main&&state=we7sid-9bed380f359dba20b8fbe46eebc7f7ae&sign=013880fc355bc710373772987d811ea8 pn=upload; op=author; orderid=22472; 
上传
[2018-12-16 19:12:30] trace  /app/index.php?i=1&uniacid=1&t=undefined&v=1.3&m=ewei_shopv2&from=wxapp&c=entry&a=wxapp&do=main&&state=we7sid-b6fc5520eabe3f0ffc76917f9ee27dc5&sign=da91a242924cb6b60fdcbb2b736555d0 op=order; orderid=22720; pn=upload; 
上传
[2018-12-16 19:14:39] trace  /app/index.php?i=1&uniacid=1&t=undefined&v=1.3&m=ewei_shopv2&from=wxapp&c=entry&a=wxapp&do=main&&state=we7sid-9bed380f359dba20b8fbe46eebc7f7ae&sign=013880fc355bc710373772987d811ea8 pn=upload; op=author; orderid=22477; 
上传
[2018-12-16 19:14:46] trace  /app/index.php?i=1&uniacid=1&t=undefined&v=1.3&m=ewei_shopv2&from=wxapp&c=entry&a=wxapp&do=main&&state=we7sid-e9360f6d59703ec22e8f44645347a7a8&sign=4eb9a5551ddf59d9b170b0ab9fa80017 pn=upload; op=order; orderid=22721; 
上传
[2018-12-16 19:23:08] trace  /app/index.php?i=1&uniacid=1&t=undefined&v=1.3&m=ewei_shopv2&from=wxapp&c=entry&a=wxapp&do=main&&state=we7sid-9bed380f359dba20b8fbe46eebc7f7ae&sign=013880fc355bc710373772987d811ea8 pn=upload; op=author; orderid=22505; 
上传
[2018-12-16 19:31:36] trace  /app/index.php?i=1&uniacid=1&t=undefined&v=1.3&m=ewei_shopv2&from=wxapp&c=entry&a=wxapp&do=main&&state=we7sid-9bed380f359dba20b8fbe46eebc7f7ae&sign=013880fc355bc710373772987d811ea8 pn=upload; op=author; orderid=22553; 
上传
[2018-12-16 19:32:10] trace  /app/index.php?i=1&uniacid=1&t=undefined&v=1.3&m=ewei_shopv2&from=wxapp&c=entry&a=wxapp&do=main&&state=we7sid-1908841c6ab0be56b529cecda88659c8&sign=32c94d06923255760f89214df00b0daf pn=upload; op=order; orderid=22722; 
上传
[2018-12-16 19:34:45] trace  /app/index.php?i=1&uniacid=1&t=undefined&v=1.3&m=ewei_shopv2&from=wxapp&c=entry&a=wxapp&do=main&&state=we7sid-5402db36d49dcc7f41e40fc7d5901a74&sign=9b0ea94178f468933689a5222abf00d5 pn=upload; op=order; orderid=22723; 
上传
[2018-12-16 19:39:14] trace  /app/index.php?i=1&uniacid=1&t=undefined&v=1.3&m=ewei_shopv2&from=wxapp&c=entry&a=wxapp&do=main&&state=we7sid-9bed380f359dba20b8fbe46eebc7f7ae&sign=013880fc355bc710373772987d811ea8 pn=upload; op=author; orderid=22587; 
上传
[2018-12-16 20:38:36] trace  /app/index.php?i=1&uniacid=1&t=undefined&v=1.3&m=ewei_shopv2&from=wxapp&c=entry&a=wxapp&do=main&&state=we7sid-d936927aecd489da288ba01e6db0f967&sign=a573d2fc328630a0f50d537ea8c65d14 pn=upload; op=order; orderid=22724; 
上传
[2018-12-16 20:39:45] trace  /app/index.php?i=1&uniacid=1&t=undefined&v=1.3&m=ewei_shopv2&from=wxapp&c=entry&a=wxapp&do=main&&state=we7sid-d936927aecd489da288ba01e6db0f967&sign=a573d2fc328630a0f50d537ea8c65d14 pn=upload; op=order; orderid=22725; 
上传
[2018-12-16 20:48:44] trace  /app/index.php?i=1&uniacid=1&t=undefined&v=1.3&m=ewei_shopv2&from=wxapp&c=entry&a=wxapp&do=main&&state=we7sid-0e549ad5ccf8774d44bb1defb098cdd8&sign=4db840e1c50b7023a395a98d664dd03d pn=upload; op=order; orderid=22726; 
上传
[2018-12-16 21:14:43] trace  /app/index.php?i=1&uniacid=1&t=undefined&v=1.3&m=ewei_shopv2&from=wxapp&c=entry&a=wxapp&do=main&&state=we7sid-7ace0ecaad928b7cead5129d6c7bffe6&sign=c043276cae2e87447c2ab7cbdc6c10ea pn=upload; op=order; orderid=22727; 
上传
[2018-12-16 21:24:07] trace  /app/index.php?i=1&uniacid=1&t=undefined&v=1.3&m=ewei_shopv2&from=wxapp&c=entry&a=wxapp&do=main&&state=we7sid-c7c6b19a63dbc714b6fd6be46fc3a7ab&sign=fadb455d50159b608994cae5405e0683 pn=upload; op=order; orderid=22728; 
上传
[2018-12-16 21:26:21] trace  /app/index.php?i=1&uniacid=1&t=undefined&v=1.3&m=ewei_shopv2&from=wxapp&c=entry&a=wxapp&do=main&&state=we7sid-1e1943d7729d7f4e07ad49fd71e360d0&sign=e6c796d63242f5ceab4599b9fb0f523e op=order; orderid=22729; pn=upload; 
上传
[2018-12-16 21:36:45] trace  /app/index.php?i=1&uniacid=1&t=undefined&v=1.3&m=ewei_shopv2&from=wxapp&c=entry&a=wxapp&do=main&&state=we7sid-04e54dcc2bcc313103e841ae069a7354&sign=32b19da1d5b5766ec81b5d1085bc46bc pn=upload; op=order; orderid=22730; 
上传
[2018-12-16 21:58:07] trace  /app/index.php?i=1&uniacid=1&t=undefined&v=1.3&m=ewei_shopv2&from=wxapp&c=entry&a=wxapp&do=main&&state=we7sid-8464d0cb00256da6884acb7705f23fbd&sign=7bc9b9ec243218d5654375a5cbad7054 pn=upload; op=order; orderid=22731; 
上传
[2018-12-16 21:58:49] trace  /app/index.php?i=1&uniacid=1&t=undefined&v=1.3&m=ewei_shopv2&from=wxapp&c=entry&a=wxapp&do=main&&state=we7sid-1e1943d7729d7f4e07ad49fd71e360d0&sign=e6c796d63242f5ceab4599b9fb0f523e op=order; orderid=22732; pn=upload; 
上传
[2018-12-16 22:01:38] trace  /app/index.php?i=1&uniacid=1&t=undefined&v=1.3&m=ewei_shopv2&from=wxapp&c=entry&a=wxapp&do=main&&state=we7sid-6dd87bd441b5b89caadf8eaf8708bcf3&sign=e46f9ff16e8ce7de445bb1e159569259 pn=upload; op=order; orderid=22733; 
上传
[2018-12-16 22:06:03] trace  /app/index.php?i=1&uniacid=1&t=undefined&v=1.3&m=ewei_shopv2&from=wxapp&c=entry&a=wxapp&do=main&&state=we7sid-fa109b4f9d7fdd6e5e1f9bf01b5b6f42&sign=879240b3526e78346e32e20b574a56e3 pn=upload; op=order; orderid=22734; 
上传
[2018-12-16 22:07:04] trace  /app/index.php?i=1&uniacid=1&t=undefined&v=1.3&m=ewei_shopv2&from=wxapp&c=entry&a=wxapp&do=main&&state=we7sid-887e80053edf5dbb77d3a791250e402a&sign=806fadd15110c05135bc98b90f5c41c0 pn=upload; op=order; orderid=22735; 
上传
[2018-12-16 22:09:54] trace  /app/index.php?i=1&uniacid=1&t=undefined&v=1.3&m=ewei_shopv2&from=wxapp&c=entry&a=wxapp&do=main&&state=we7sid-7127bc59cfcd6ca0947b617a4028bf30&sign=2ca0b232bf31759bedca199d211dbfee pn=upload; op=order; orderid=22736; 
上传
[2018-12-16 22:09:54] trace  /app/index.php?i=1&uniacid=1&t=undefined&v=1.3&m=ewei_shopv2&from=wxapp&c=entry&a=wxapp&do=main&&state=we7sid-882e71be12b34507589d4386c629e7b8&sign=404945f2f5e300f32ea9907ab1ecf3b1 op=order; orderid=22737; pn=upload; 
上传
[2018-12-16 22:22:08] trace  /app/index.php?i=1&uniacid=1&t=undefined&v=1.3&m=ewei_shopv2&from=wxapp&c=entry&a=wxapp&do=main&&state=we7sid-b0ee1ca5e1529c5a56939bb8bd5c1995&sign=89b7459fca5ee9dfef2cabd82d2e7e84 op=order; orderid=22738; pn=upload; 
上传
[2018-12-16 22:29:20] trace  /app/index.php?i=1&uniacid=1&t=undefined&v=1.3&m=ewei_shopv2&from=wxapp&c=entry&a=wxapp&do=main&&state=we7sid-4a2b8488cdc6eb4ccf64c282785a7d75&sign=2eb29cdb89d3ae688625e01ef7a1af4d pn=upload; op=order; orderid=22739; 
上传
[2018-12-16 23:14:11] trace  /app/index.php?i=1&uniacid=1&t=undefined&v=1.3&m=ewei_shopv2&from=wxapp&c=entry&a=wxapp&do=main&&state=we7sid-f6dce589af45874715f7509045b6a9ba&sign=181b27b01e514149f2824b99398e77e2 op=order; orderid=22740; pn=upload; 
上传
[2018-12-16 23:28:52] trace  /app/index.php?i=1&uniacid=1&t=undefined&v=1.3&m=ewei_shopv2&from=wxapp&c=entry&a=wxapp&do=main&&state=we7sid-896d1d66dd9d49863b63ea0c7fffa36f&sign=fa8a66b15a05417c0a7300f484bc51b8 pn=upload; op=order; orderid=22741; 
上传
[2018-12-16 23:58:04] trace  /app/index.php?i=1&uniacid=1&t=undefined&v=1.3&m=ewei_shopv2&from=wxapp&c=entry&a=wxapp&do=main&&state=we7sid-73c7352c3086eaf99fbd4c8b495613a0&sign=328770811ea5ab7e87b3795f36f353a3 pn=upload; op=order; orderid=22742; 
上传
[2018-12-16 23:58:52] trace  /app/index.php?i=1&uniacid=1&t=undefined&v=1.3&m=ewei_shopv2&from=wxapp&c=entry&a=wxapp&do=main&&state=we7sid-71df0c911e7ac739a70e252f9f1f0cb8&sign=53889df247643724be52ef3b77b400fa pn=upload; op=order; orderid=22743; 
上传
