[2018-06-09 00:02:17] trace  /app/index.php?i=1&uniacid=1&t=undefined&v=1.1&m=ewei_shopv2&from=wxapp&c=entry&a=wxapp&do=main&&state=we7sid-2946284e4d114628067319de15e7e481&sign=88da92c6220e469dd95af66bf63f2989 pn=upload; op=order; orderid=7095; 
上传
[2018-06-09 00:18:57] trace  /app/index.php?i=1&uniacid=1&t=undefined&v=1.1&m=ewei_shopv2&from=wxapp&c=entry&a=wxapp&do=main&&state=we7sid-d8f105255bf0a4be21dcceef1504f296&sign=a3ca6c9b3bc75b3654b9f98fc37e4aa2 pn=upload; op=order; orderid=7096; 
上传
[2018-06-09 00:43:59] trace  /app/index.php?i=1&uniacid=1&t=undefined&v=1.1&m=ewei_shopv2&from=wxapp&c=entry&a=wxapp&do=main&&state=we7sid-4b72986309a4fd89d4c400f613753802&sign=6a5b8a1128b146e48d8eaa4e11f5cb40 pn=upload; op=order; orderid=7097; 
上传
[2018-06-09 02:47:18] trace  /app/index.php?i=1&uniacid=1&t=undefined&v=1.1&m=ewei_shopv2&from=wxapp&c=entry&a=wxapp&do=main&&state=we7sid-bd6d59946e5e8112632aa314c9d13ba8&sign=040d14c70cf2be4248c6f1a79ae4487b pn=upload; op=order; orderid=7100; 
上传
[2018-06-09 02:59:51] trace  /app/index.php?i=1&uniacid=1&t=undefined&v=1.1&m=ewei_shopv2&from=wxapp&c=entry&a=wxapp&do=main&&state=we7sid-0da0d2b7169896a8da711eec14906d74&sign=bcfc9c3055c60e09ca8eb55951c9bca7 pn=upload; op=author; orderid=6811; 
上传
[2018-06-09 02:59:51] trace  /app/index.php?i=1&uniacid=1&t=undefined&v=1.1&m=ewei_shopv2&from=wxapp&c=entry&a=wxapp&do=main&&state=we7sid-0da0d2b7169896a8da711eec14906d74&sign=bcfc9c3055c60e09ca8eb55951c9bca7 pn=upload; op=author; orderid=6811; 
上传
[2018-06-09 03:17:52] trace  /app/index.php?i=1&uniacid=1&t=undefined&v=1.1&m=ewei_shopv2&from=wxapp&c=entry&a=wxapp&do=main&&state=we7sid-0da0d2b7169896a8da711eec14906d74&sign=bcfc9c3055c60e09ca8eb55951c9bca7 pn=upload; op=author; orderid=6842; 
上传
[2018-06-09 03:17:52] trace  /app/index.php?i=1&uniacid=1&t=undefined&v=1.1&m=ewei_shopv2&from=wxapp&c=entry&a=wxapp&do=main&&state=we7sid-0da0d2b7169896a8da711eec14906d74&sign=bcfc9c3055c60e09ca8eb55951c9bca7 pn=upload; op=author; orderid=6842; 
上传
[2018-06-09 03:27:00] trace  /app/index.php?i=1&uniacid=1&t=undefined&v=1.1&m=ewei_shopv2&from=wxapp&c=entry&a=wxapp&do=main&&state=we7sid-0da0d2b7169896a8da711eec14906d74&sign=bcfc9c3055c60e09ca8eb55951c9bca7 pn=upload; op=author; orderid=6926; 
上传
[2018-06-09 03:28:15] trace  /app/index.php?i=1&uniacid=1&t=undefined&v=1.1&m=ewei_shopv2&from=wxapp&c=entry&a=wxapp&do=main&&state=we7sid-c37183ae6e6d68c2018e0a33a5c00197&sign=3355779d2487401d4c6eaafc7a923dd1 pn=upload; op=order; orderid=7101; 
上传
[2018-06-09 03:35:34] trace  /app/index.php?i=1&uniacid=1&t=undefined&v=1.1&m=ewei_shopv2&from=wxapp&c=entry&a=wxapp&do=main&&state=we7sid-0da0d2b7169896a8da711eec14906d74&sign=bcfc9c3055c60e09ca8eb55951c9bca7 pn=upload; op=author; orderid=6940; 
上传
[2018-06-09 03:41:29] trace  /app/index.php?i=1&uniacid=1&t=undefined&v=1.1&m=ewei_shopv2&from=wxapp&c=entry&a=wxapp&do=main&&state=we7sid-0da0d2b7169896a8da711eec14906d74&sign=bcfc9c3055c60e09ca8eb55951c9bca7 pn=upload; op=author; orderid=6945; 
上传
[2018-06-09 03:47:07] trace  /app/index.php?i=1&uniacid=1&t=undefined&v=1.1&m=ewei_shopv2&from=wxapp&c=entry&a=wxapp&do=main&&state=we7sid-0da0d2b7169896a8da711eec14906d74&sign=bcfc9c3055c60e09ca8eb55951c9bca7 pn=upload; op=author; orderid=6964; 
上传
[2018-06-09 03:55:46] trace  /app/index.php?i=1&uniacid=1&t=undefined&v=1.1&m=ewei_shopv2&from=wxapp&c=entry&a=wxapp&do=main&&state=we7sid-0da0d2b7169896a8da711eec14906d74&sign=bcfc9c3055c60e09ca8eb55951c9bca7 pn=upload; op=author; orderid=6977; 
上传
[2018-06-09 04:01:28] trace  /app/index.php?i=1&uniacid=1&t=undefined&v=1.1&m=ewei_shopv2&from=wxapp&c=entry&a=wxapp&do=main&&state=we7sid-0da0d2b7169896a8da711eec14906d74&sign=bcfc9c3055c60e09ca8eb55951c9bca7 pn=upload; op=author; orderid=6989; 
上传
[2018-06-09 04:08:49] trace  /app/index.php?i=1&uniacid=1&t=undefined&v=1.1&m=ewei_shopv2&from=wxapp&c=entry&a=wxapp&do=main&&state=we7sid-0da0d2b7169896a8da711eec14906d74&sign=bcfc9c3055c60e09ca8eb55951c9bca7 pn=upload; op=author; orderid=7051; 
上传
[2018-06-09 04:13:41] trace  /app/index.php?i=1&uniacid=1&t=undefined&v=1.1&m=ewei_shopv2&from=wxapp&c=entry&a=wxapp&do=main&&state=we7sid-0da0d2b7169896a8da711eec14906d74&sign=bcfc9c3055c60e09ca8eb55951c9bca7 pn=upload; op=author; orderid=7052; 
上传
[2018-06-09 04:24:19] trace  /app/index.php?i=1&uniacid=1&t=undefined&v=1.1&m=ewei_shopv2&from=wxapp&c=entry&a=wxapp&do=main&&state=we7sid-0da0d2b7169896a8da711eec14906d74&sign=bcfc9c3055c60e09ca8eb55951c9bca7 pn=upload; op=author; orderid=7058; 
上传
[2018-06-09 05:58:59] trace  /app/index.php?i=1&uniacid=1&t=undefined&v=1.1&m=ewei_shopv2&from=wxapp&c=entry&a=wxapp&do=main&&state=we7sid-9c8d191321a1555b8be2b3fc8df295d0&sign=cbe800b1ba309904f893e309dcaabbf2 op=order; orderid=7102; pn=upload; 
上传
[2018-06-09 06:55:31] trace  /app/index.php?i=1&uniacid=1&t=undefined&v=1.1&m=ewei_shopv2&from=wxapp&c=entry&a=wxapp&do=main&&state=we7sid-ba9496905d630e4a22bd0d6a56f7c92a&sign=61fba82454100673c776089d4d2e8bc3 pn=upload; op=order; orderid=7103; 
上传
[2018-06-09 07:51:53] trace  /app/index.php?i=1&uniacid=1&t=undefined&v=1.1&m=ewei_shopv2&from=wxapp&c=entry&a=wxapp&do=main&&state=we7sid-2731276f3413a8372a3ed7e2926b076b&sign=98315549faa6ae971f7ff177b14e08cf pn=upload; op=order; orderid=7104; 
上传
[2018-06-09 08:16:27] trace  /app/index.php?i=1&uniacid=1&t=undefined&v=1.1&m=ewei_shopv2&from=wxapp&c=entry&a=wxapp&do=main&&state=we7sid-a3fa09edcddfe9127e36db924922712d&sign=b6b10ec4199d9f9f70def9af166f054a pn=upload; op=order; orderid=7105; 
上传
[2018-06-09 08:21:56] trace  /app/index.php?i=1&uniacid=1&t=undefined&v=1.1&m=ewei_shopv2&from=wxapp&c=entry&a=wxapp&do=main&&state=we7sid-012c74c55bcb042fb34d8a4b1e0ca39f&sign=114e4162d894112e1b8e38b6df51c184 pn=upload; op=order; orderid=7106; 
上传
[2018-06-09 08:21:57] trace  /app/index.php?i=1&uniacid=1&t=undefined&v=1.1&m=ewei_shopv2&from=wxapp&c=entry&a=wxapp&do=main&&state=we7sid-012c74c55bcb042fb34d8a4b1e0ca39f&sign=114e4162d894112e1b8e38b6df51c184 pn=upload; op=order; orderid=7106; 
上传
[2018-06-09 08:25:14] trace  /app/index.php?i=1&uniacid=1&t=undefined&v=1.1&m=ewei_shopv2&from=wxapp&c=entry&a=wxapp&do=main&&state=we7sid-11eac761e2ac269e29c7a55d730e19eb&sign=5b798ce6f354b9fdb6987eb152c67134 pn=upload; op=order; orderid=7107; 
上传
[2018-06-09 08:28:23] trace  /app/index.php?i=1&uniacid=1&t=undefined&v=1.1&m=ewei_shopv2&from=wxapp&c=entry&a=wxapp&do=main&&state=we7sid-df706727e95135969bab39330600ee86&sign=911b7d1363e52c8bfa74dd1972ac8ab9 pn=upload; op=order; orderid=7108; 
上传
[2018-06-09 08:31:55] trace  /app/index.php?i=1&uniacid=1&t=undefined&v=1.1&m=ewei_shopv2&from=wxapp&c=entry&a=wxapp&do=main&&state=we7sid-5a9bb6c57cd60fc4132554227824c5bb&sign=f96bdfa46dce53faf0cb7754c6449c0c pn=upload; op=order; orderid=7109; 
上传
[2018-06-09 08:36:52] trace  /app/index.php?i=1&uniacid=1&t=undefined&v=1.1&m=ewei_shopv2&from=wxapp&c=entry&a=wxapp&do=main&&state=we7sid-5a9bb6c57cd60fc4132554227824c5bb&sign=f96bdfa46dce53faf0cb7754c6449c0c pn=upload; op=order; orderid=7110; 
上传
[2018-06-09 08:37:03] trace  /app/index.php?i=1&uniacid=1&t=undefined&v=1.1&m=ewei_shopv2&from=wxapp&c=entry&a=wxapp&do=main&&state=we7sid-5a9bb6c57cd60fc4132554227824c5bb&sign=f96bdfa46dce53faf0cb7754c6449c0c pn=upload; op=order; orderid=7111; 
上传
[2018-06-09 08:37:31] trace  /app/index.php?i=1&uniacid=1&t=undefined&v=1.1&m=ewei_shopv2&from=wxapp&c=entry&a=wxapp&do=main&&state=we7sid-79c91ab06cb6feb71524e0d4e7ad7d84&sign=0ea6ce3fcfafe16b0f5cc3aa0a7a1b13 pn=upload; op=order; orderid=7112; 
上传
[2018-06-09 08:44:31] trace  /app/index.php?i=1&uniacid=1&t=undefined&v=1.1&m=ewei_shopv2&from=wxapp&c=entry&a=wxapp&do=main&&state=we7sid-13b9afa2a383030111f51ce0b72594ca&sign=d9342050e3f2ab24ef00254093d4af4d pn=upload; op=order; orderid=7113; 
上传
[2018-06-09 08:56:41] trace  /app/index.php?i=1&uniacid=1&t=undefined&v=1.1&m=ewei_shopv2&from=wxapp&c=entry&a=wxapp&do=main&&state=we7sid-bd114fe8528e6ec9bdf91c1cd9aee6b7&sign=2bf30d4c01e6b4d73770325e6626bca4 pn=upload; op=order; orderid=7114; 
上传
[2018-06-09 09:00:25] trace  /app/index.php?i=1&uniacid=1&t=undefined&v=1.1&m=ewei_shopv2&from=wxapp&c=entry&a=wxapp&do=main&&state=we7sid-40cac2a07d73ee321f4159c0245340d7&sign=22b02608805cc4a2fcf455828506faf4 pn=upload; op=order; orderid=7115; 
上传
[2018-06-09 09:24:03] trace  /app/index.php?i=1&uniacid=1&t=undefined&v=1.1&m=ewei_shopv2&from=wxapp&c=entry&a=wxapp&do=main&&state=we7sid-7e92609dd51c0f35b7da1680d272f7db&sign=a76fdea45b77d66246ed9626b9d62d04 pn=upload; op=order; orderid=7116; 
上传
[2018-06-09 09:49:06] trace  /app/index.php?i=1&uniacid=1&t=undefined&v=1.1&m=ewei_shopv2&from=wxapp&c=entry&a=wxapp&do=main&&state=we7sid-a79f77cbc1ecd555dc42bf62a1068a59&sign=bf24ea9f50e756073d326e6a1b7aaceb pn=upload; op=order; orderid=7117; 
上传
[2018-06-09 10:07:33] trace  /app/index.php?i=1&uniacid=1&t=undefined&v=1.1&m=ewei_shopv2&from=wxapp&c=entry&a=wxapp&do=main&&state=we7sid-0b0238ab71733044542170aa6382c8df&sign=6f7d5ae50b74e289e7c1305706efff14 op=order; pn=upload; orderid=7118; 
上传
[2018-06-09 10:08:52] trace  /app/index.php?i=1&uniacid=1&t=undefined&v=1.1&m=ewei_shopv2&from=wxapp&c=entry&a=wxapp&do=main&&state=we7sid-9cbb530cee2ef693266a0a43a49fd950&sign=e6b407fdd45037b85a2a266b918f6c6d pn=upload; op=order; orderid=7119; 
上传
[2018-06-09 10:24:34] trace  /app/index.php?i=1&uniacid=1&t=undefined&v=1.1&m=ewei_shopv2&from=wxapp&c=entry&a=wxapp&do=main&&state=we7sid-df59a731cba7bd9f159c3b217559e795&sign=d839cbbf5e28f744f208b896a7b1d8da pn=upload; op=order; orderid=7120; 
上传
[2018-06-09 10:24:35] trace  /app/index.php?i=1&uniacid=1&t=undefined&v=1.1&m=ewei_shopv2&from=wxapp&c=entry&a=wxapp&do=main&&state=we7sid-df59a731cba7bd9f159c3b217559e795&sign=d839cbbf5e28f744f208b896a7b1d8da pn=upload; op=order; orderid=7120; 
上传
[2018-06-09 10:29:37] trace  /app/index.php?i=1&uniacid=1&t=undefined&v=1.1&m=ewei_shopv2&from=wxapp&c=entry&a=wxapp&do=main&&state=we7sid-8ebe05556f58f627eef1e0095fa66c06&sign=7251c1185366ad13359014c8cc511865 pn=upload; op=order; orderid=7121; 
上传
[2018-06-09 10:53:38] trace  /app/index.php?i=1&uniacid=1&t=undefined&v=1.1&m=ewei_shopv2&from=wxapp&c=entry&a=wxapp&do=main&&state=we7sid-35e9a3091fe2f9b11ec46a1293c24ef3&sign=e2fbf192f15fb608ee8f184f7ade09c2 op=order; orderid=7122; pn=upload; 
上传
[2018-06-09 10:59:58] trace  /app/index.php?i=1&uniacid=1&t=undefined&v=1.1&m=ewei_shopv2&from=wxapp&c=entry&a=wxapp&do=main&&state=we7sid-2304034cdf8d93222c4f1edb7e89f76a&sign=6511e13403e4145da0fe26d468312446 pn=upload; op=order; orderid=7123; 
上传
[2018-06-09 11:01:18] trace  /app/index.php?i=1&uniacid=1&t=undefined&v=1.1&m=ewei_shopv2&from=wxapp&c=entry&a=wxapp&do=main&&state=we7sid-b664c7a856234204548c6e6a86524b35&sign=dc94f7f5fff8ef9d734afc888c258fbf op=order; pn=upload; orderid=7124; 
上传
[2018-06-09 11:07:01] trace  /app/index.php?i=1&uniacid=1&t=undefined&v=1.1&m=ewei_shopv2&from=wxapp&c=entry&a=wxapp&do=main&&state=we7sid-33914b56f3b56fc2d3c3d66f5203567c&sign=18049299be47ee4edb9c9ccb97dcd307 pn=upload; op=order; orderid=7125; 
上传
[2018-06-09 11:31:20] trace  /app/index.php?i=1&uniacid=1&t=undefined&v=1.1&m=ewei_shopv2&from=wxapp&c=entry&a=wxapp&do=main&&state=we7sid-7ef20c7631ac92eec343b76a1bd0f793&sign=821bd85bb709c4275dc2da8adbb34554 pn=upload; op=order; orderid=7126; 
上传
[2018-06-09 11:32:20] trace  /app/index.php?i=1&uniacid=1&t=undefined&v=1.1&m=ewei_shopv2&from=wxapp&c=entry&a=wxapp&do=main&&state=we7sid-6df66d879fde7ba067cbdbe1ecdd8a00&sign=1d18616b96758d3038d641da60050953 pn=upload; op=order; orderid=7127; 
上传
[2018-06-09 11:46:56] trace  /app/index.php?i=1&uniacid=1&t=undefined&v=1.1&m=ewei_shopv2&from=wxapp&c=entry&a=wxapp&do=main&&state=we7sid-2cce87d01537a2e84c157396b12b8781&sign=780dac91235dfcd9f7a4cba30de9a6fa pn=upload; op=order; orderid=7128; 
上传
[2018-06-09 11:59:23] trace  /app/index.php?i=1&uniacid=1&t=undefined&v=1.1&m=ewei_shopv2&from=wxapp&c=entry&a=wxapp&do=main&&state=we7sid-9c7af5a224d24a1257a7697abd033ab1&sign=32f66dae29cc5f365da8abcf294318b0 pn=upload; op=order; orderid=7129; 
上传
[2018-06-09 12:02:07] trace  /app/index.php?i=1&uniacid=1&t=undefined&v=1.1&m=ewei_shopv2&from=wxapp&c=entry&a=wxapp&do=main&&state=we7sid-31f506f298b4561d15b010e472fc9a97&sign=18e2617f715942e07c81de5dce6f7a65 pn=upload; op=order; orderid=7130; 
上传
[2018-06-09 12:02:59] trace  /app/index.php?i=1&uniacid=1&t=undefined&v=1.1&m=ewei_shopv2&from=wxapp&c=entry&a=wxapp&do=main&&state=we7sid-a97951902178791f32a977b7568f30ce&sign=87527f43a18c03511716eed9c1f0461b pn=upload; op=order; orderid=7131; 
上传
[2018-06-09 12:08:01] trace  /app/index.php?i=1&uniacid=1&t=undefined&v=1.1&m=ewei_shopv2&from=wxapp&c=entry&a=wxapp&do=main&&state=we7sid-4d46f2f63b5296c7330dbefa9b1a9dd2&sign=477cdf95e8017450f7ef376727aafa25 pn=upload; op=order; orderid=7132; 
上传
[2018-06-09 12:23:32] trace  /app/index.php?i=1&uniacid=1&t=undefined&v=1.1&m=ewei_shopv2&from=wxapp&c=entry&a=wxapp&do=main&&state=we7sid-5b916edba291e8918c61d79b959da003&sign=3caf327dcdfab7567ab13d17fb68e08e pn=upload; op=order; orderid=7133; 
上传
[2018-06-09 12:35:43] trace  /app/index.php?i=1&uniacid=1&t=undefined&v=1.1&m=ewei_shopv2&from=wxapp&c=entry&a=wxapp&do=main&&state=we7sid-e7f803836d2de1d3035229be062eda50&sign=59f0537961414dfaf231c6bf0c50c1db pn=upload; op=order; orderid=7134; 
上传
[2018-06-09 13:16:28] trace  /app/index.php?i=1&uniacid=1&t=undefined&v=1.1&m=ewei_shopv2&from=wxapp&c=entry&a=wxapp&do=main&&state=we7sid-58b11e18ee5735bd3e2d2a8702075484&sign=463d0a08d4909b8af49ebb7ac9c0f1e4 pn=upload; op=order; orderid=7135; 
上传
[2018-06-09 13:18:39] trace  /app/index.php?i=1&uniacid=1&t=undefined&v=1.1&m=ewei_shopv2&from=wxapp&c=entry&a=wxapp&do=main&&state=we7sid-5fc1026cbf67f8a2164f5c393a54b041&sign=05e823106769efb1ed42471148f01061 pn=upload; op=order; orderid=7136; 
上传
[2018-06-09 13:33:31] trace  /app/index.php?i=1&uniacid=1&t=undefined&v=1.1&m=ewei_shopv2&from=wxapp&c=entry&a=wxapp&do=main&&state=we7sid-987ec28b29fafe95f43e7e93b2eae3cf&sign=b59bbfd6e52cb4b97141d1a4c60155fb pn=upload; op=author; orderid=7068; 
上传
[2018-06-09 13:48:00] trace  /app/index.php?i=1&uniacid=1&t=undefined&v=1.1&m=ewei_shopv2&from=wxapp&c=entry&a=wxapp&do=main&&state=we7sid-62f726169d9b5e2b3740ab59682504e0&sign=d467b779752fda4c2214eb1a25eb033a pn=upload; op=order; orderid=7137; 
上传
[2018-06-09 13:58:46] trace  /app/index.php?i=1&uniacid=1&t=undefined&v=1.1&m=ewei_shopv2&from=wxapp&c=entry&a=wxapp&do=main&&state=we7sid-6b661743bad012100ac2fb8ba1082357&sign=43ca716cb1eb38b841c8c10cb4568bdd pn=upload; op=order; orderid=7138; 
上传
[2018-06-09 14:03:37] trace  /app/index.php?i=1&uniacid=1&t=undefined&v=1.1&m=ewei_shopv2&from=wxapp&c=entry&a=wxapp&do=main&&state=we7sid-faea180459dc4775b6a1448160d38d83&sign=131ad57a1030ff225be4072d2d597f4b pn=upload; op=order; orderid=7139; 
上传
[2018-06-09 14:04:18] trace  /app/index.php?i=1&uniacid=1&t=undefined&v=1.1&m=ewei_shopv2&from=wxapp&c=entry&a=wxapp&do=main&&state=we7sid-faea180459dc4775b6a1448160d38d83&sign=131ad57a1030ff225be4072d2d597f4b pn=upload; op=order; orderid=7140; 
上传
[2018-06-09 14:14:06] trace  /app/index.php?i=1&uniacid=1&t=undefined&v=1.1&m=ewei_shopv2&from=wxapp&c=entry&a=wxapp&do=main&&state=we7sid-e39ff930444d135a3caed0a79f335def&sign=4ec88996e96272ec53c70d3c2fcfd998 pn=upload; op=order; orderid=7141; 
上传
[2018-06-09 14:47:12] trace  /app/index.php?i=1&uniacid=1&t=undefined&v=1.1&m=ewei_shopv2&from=wxapp&c=entry&a=wxapp&do=main&&state=we7sid-f709c1c4120f339d536fbe975dfe7108&sign=22a40bcc9088d54262380a372a91a3f5 pn=upload; op=order; orderid=7142; 
上传
[2018-06-09 14:50:50] trace  /app/index.php?i=1&uniacid=1&t=undefined&v=1.1&m=ewei_shopv2&from=wxapp&c=entry&a=wxapp&do=main&&state=we7sid-bb1d07f22c1046c394ec05355c0592cd&sign=48c5ed6c3151b2e7c678a36457a031e6 pn=upload; op=order; orderid=7143; 
上传
[2018-06-09 14:53:45] trace  /app/index.php?i=1&uniacid=1&t=undefined&v=1.1&m=ewei_shopv2&from=wxapp&c=entry&a=wxapp&do=main&&state=we7sid-cb8572fc10753884f195ab3e95be1ae5&sign=b9ddf517b58398eaf76a514a6a8985ee op=order; orderid=7144; pn=upload; 
上传
[2018-06-09 14:58:55] trace  /app/index.php?i=1&uniacid=1&t=undefined&v=1.1&m=ewei_shopv2&from=wxapp&c=entry&a=wxapp&do=main&&state=we7sid-022922f6d92a868ecc5268149e8fc558&sign=5a8387695179dcdf4e8ff9c8e910ff8a pn=upload; op=order; orderid=7145; 
上传
[2018-06-09 15:04:27] trace  /app/index.php?i=1&uniacid=1&t=undefined&v=1.1&m=ewei_shopv2&from=wxapp&c=entry&a=wxapp&do=main&&state=we7sid-f2c0f170ce801cccbd2df6e6828a0d2a&sign=27bd81ceec48c861855d44569cf3aa84 pn=upload; op=order; orderid=7146; 
上传
[2018-06-09 15:11:39] trace  /app/index.php?i=1&uniacid=1&t=undefined&v=1.1&m=ewei_shopv2&from=wxapp&c=entry&a=wxapp&do=main&&state=we7sid-264db6fb6e6a1668c3267fd161b44927&sign=70991612157cad3c5763309a6d9b41b2 pn=upload; op=order; orderid=7147; 
上传
[2018-06-09 15:17:00] trace  /app/index.php?i=1&uniacid=1&t=undefined&v=1.1&m=ewei_shopv2&from=wxapp&c=entry&a=wxapp&do=main&&state=we7sid-20bd92629352892b2850af2aed33d1ca&sign=ad10e85547cb1e3112f09a03e96f8939 pn=upload; op=order; orderid=7148; 
上传
[2018-06-09 15:20:58] trace  /app/index.php?i=1&uniacid=1&t=undefined&v=1.1&m=ewei_shopv2&from=wxapp&c=entry&a=wxapp&do=main&&state=we7sid-52a75673029ed4916cfeadd0f9cc0828&sign=c0dc1448226985eaeac4be92ecad2f88 op=order; orderid=7149; pn=upload; 
上传
[2018-06-09 15:49:47] trace  /app/index.php?i=1&uniacid=1&t=undefined&v=1.1&m=ewei_shopv2&from=wxapp&c=entry&a=wxapp&do=main&&state=we7sid-bffc0ff549b180df4e50eb2e1f4bd21d&sign=e7facab976aac9e49d744efc35ca6253 pn=upload; op=order; orderid=7150; 
上传
[2018-06-09 15:50:58] trace  /app/index.php?i=1&uniacid=1&t=undefined&v=1.1&m=ewei_shopv2&from=wxapp&c=entry&a=wxapp&do=main&&state=we7sid-d289b2e434d60e3d3c0261239cce8d74&sign=fb64dbbb2e088d032fa6ae0dd0c7e110 pn=upload; op=order; orderid=7151; 
上传
[2018-06-09 15:52:18] trace  /app/index.php?i=1&uniacid=1&t=undefined&v=1.1&m=ewei_shopv2&from=wxapp&c=entry&a=wxapp&do=main&&state=we7sid-bffc0ff549b180df4e50eb2e1f4bd21d&sign=e7facab976aac9e49d744efc35ca6253 pn=upload; op=order; orderid=7152; 
上传
[2018-06-09 15:55:01] trace  /app/index.php?i=1&uniacid=1&t=undefined&v=1.1&m=ewei_shopv2&from=wxapp&c=entry&a=wxapp&do=main&&state=we7sid-0d99d392459fc48c45ef4617435ab46e&sign=27361ed339e1aee692e3b318129e3f8f pn=upload; op=order; orderid=7153; 
上传
[2018-06-09 15:55:32] trace  /app/index.php?i=1&uniacid=1&t=undefined&v=1.1&m=ewei_shopv2&from=wxapp&c=entry&a=wxapp&do=main&&state=we7sid-f8b4b2d291ca62354ce0425d17f8641c&sign=974232702e0b3af93cd4670d8400ce27 pn=upload; op=order; orderid=7154; 
上传
[2018-06-09 15:56:16] trace  /app/index.php?i=1&uniacid=1&t=undefined&v=1.1&m=ewei_shopv2&from=wxapp&c=entry&a=wxapp&do=main&&state=we7sid-c71ac1fd3196becc2c3ccde5d437690c&sign=92bf2b57ce1eb32c107b1273b4d6ece2 pn=upload; op=order; orderid=7155; 
上传
[2018-06-09 15:56:52] trace  /app/index.php?i=1&uniacid=1&t=undefined&v=1.1&m=ewei_shopv2&from=wxapp&c=entry&a=wxapp&do=main&&state=we7sid-62bb0f32e94afb5943cbe068b29684bd&sign=c7b43f601a9bf9dba7b61cadad0d0566 op=order; orderid=7156; pn=upload; 
上传
[2018-06-09 16:00:50] trace  /app/index.php?i=1&uniacid=1&t=undefined&v=1.1&m=ewei_shopv2&from=wxapp&c=entry&a=wxapp&do=main&&state=we7sid-12084b361c9102000c60120b4d573630&sign=a970a866fbbd91be047b031188050b17 pn=upload; op=order; orderid=7157; 
上传
[2018-06-09 16:02:01] trace  /app/index.php?i=1&uniacid=1&t=undefined&v=1.1&m=ewei_shopv2&from=wxapp&c=entry&a=wxapp&do=main&&state=we7sid-4ed63481c6d82a9f8b34b44374ce4185&sign=04c5e364bb5654b16962a71a6a1f5124 pn=upload; op=order; orderid=7158; 
上传
[2018-06-09 16:03:59] trace  /app/index.php?i=1&uniacid=1&t=undefined&v=1.1&m=ewei_shopv2&from=wxapp&c=entry&a=wxapp&do=main&&state=we7sid-dd28b6d677ec58a2faa76b75a229b038&sign=fbe63ea93a089ccaac5f2f177c5ce818 pn=upload; op=order; orderid=7159; 
上传
[2018-06-09 16:11:46] trace  /app/index.php?i=1&uniacid=1&t=undefined&v=1.1&m=ewei_shopv2&from=wxapp&c=entry&a=wxapp&do=main&&state=we7sid-459ac3a0b49ba5990d61b273f0175d56&sign=ef77695db9f30dfcc7a89539479c9c5f pn=upload; op=order; orderid=7160; 
上传
[2018-06-09 16:20:52] trace  /app/index.php?i=1&uniacid=1&t=undefined&v=1.1&m=ewei_shopv2&from=wxapp&c=entry&a=wxapp&do=main&&state=we7sid-adb8e2c4fc79fe285cdbffda9ac5ae8a&sign=49afedd2b72bbac74fd12f6d5027b10e pn=upload; op=order; orderid=7161; 
上传
[2018-06-09 16:35:06] trace  /app/index.php?i=1&uniacid=1&t=undefined&v=1.1&m=ewei_shopv2&from=wxapp&c=entry&a=wxapp&do=main&&state=we7sid-360a0b8a1813740ed6adbb8f74966bb8&sign=21a2483e33538c17b91678c0aa2328b4 op=order; orderid=7162; pn=upload; 
上传
[2018-06-09 16:37:02] trace  /app/index.php?i=1&uniacid=1&t=undefined&v=1.1&m=ewei_shopv2&from=wxapp&c=entry&a=wxapp&do=main&&state=we7sid-340d97cd61a0a900f1e2d662a873951b&sign=7ad95606babc4cba65405da4a2298f2e pn=upload; op=order; orderid=7163; 
上传
[2018-06-09 16:39:37] trace  /app/index.php?i=1&uniacid=1&t=undefined&v=1.1&m=ewei_shopv2&from=wxapp&c=entry&a=wxapp&do=main&&state=we7sid-e4535663cd39928ca27e69e7007a902b&sign=1abe09e9bc4a0c5edea0cfbaa4f85975 pn=upload; op=order; orderid=7164; 
上传
[2018-06-09 16:55:24] trace  /app/index.php?i=1&uniacid=1&t=undefined&v=1.1&m=ewei_shopv2&from=wxapp&c=entry&a=wxapp&do=main&&state=we7sid-1219c501ef92552a7611b1d110822cd0&sign=90b8aa8520236c91997c620e9eaa39b8 pn=upload; op=order; orderid=7165; 
上传
[2018-06-09 16:55:53] trace  /app/index.php?i=1&uniacid=1&t=undefined&v=1.1&m=ewei_shopv2&from=wxapp&c=entry&a=wxapp&do=main&&state=we7sid-d67bd2e32f61c4daffaf59c959b345c8&sign=ef94aca2b1e22500577f54a20e9910c6 pn=upload; op=order; orderid=7166; 
上传
[2018-06-09 16:57:24] trace  /app/index.php?i=1&uniacid=1&t=undefined&v=1.1&m=ewei_shopv2&from=wxapp&c=entry&a=wxapp&do=main&&state=we7sid-d67bd2e32f61c4daffaf59c959b345c8&sign=ef94aca2b1e22500577f54a20e9910c6 pn=upload; op=order; orderid=7167; 
上传
[2018-06-09 17:09:22] trace  /app/index.php?i=1&uniacid=1&t=undefined&v=1.1&m=ewei_shopv2&from=wxapp&c=entry&a=wxapp&do=main&&state=we7sid-e026cf4c9b6463964aa9f956cf4d3578&sign=24217df8a503e9bafee911fce27f2ca8 pn=upload; op=order; orderid=7168; 
上传
[2018-06-09 17:13:02] trace  /app/index.php?i=1&uniacid=1&t=undefined&v=1.1&m=ewei_shopv2&from=wxapp&c=entry&a=wxapp&do=main&&state=we7sid-b86390d65cee39816b154d3a903b5f88&sign=b33a9d1840965388069436581fe1ace6 op=order; pn=upload; orderid=7169; 
上传
[2018-06-09 17:17:38] trace  /app/index.php?i=1&uniacid=1&t=undefined&v=1.1&m=ewei_shopv2&from=wxapp&c=entry&a=wxapp&do=main&&state=we7sid-88911e75763842a36c2b36de07ead43b&sign=4c7a957106054c0941466b7cec9d7dff pn=upload; op=order; orderid=7170; 
上传
[2018-06-09 17:24:10] trace  /app/index.php?i=1&uniacid=1&t=undefined&v=1.1&m=ewei_shopv2&from=wxapp&c=entry&a=wxapp&do=main&&state=we7sid-2ee0b1bfd6d5dcd464897b7f7b2039a2&sign=90758b381b06846efa108657e76d8164 pn=upload; op=order; orderid=7171; 
上传
[2018-06-09 17:33:39] trace  /app/index.php?i=1&uniacid=1&t=undefined&v=1.1&m=ewei_shopv2&from=wxapp&c=entry&a=wxapp&do=main&&state=we7sid-4ac2177f263e6f67f381730eddea2420&sign=075218c2c5042c02c78da64899b9c1f7 pn=upload; op=order; orderid=7172; 
上传
[2018-06-09 17:36:56] trace  /app/index.php?i=1&uniacid=1&t=undefined&v=1.1&m=ewei_shopv2&from=wxapp&c=entry&a=wxapp&do=main&&state=we7sid-23169fb0ceef1d751ab58ea37a4c87aa&sign=07751b3d7cadbf5b8ad4e7bde5b1bb2a pn=upload; op=order; orderid=7173; 
上传
[2018-06-09 17:37:20] trace  /app/index.php?i=1&uniacid=1&t=undefined&v=1.1&m=ewei_shopv2&from=wxapp&c=entry&a=wxapp&do=main&&state=we7sid-f283dc02d05d7ca216022b6c9864a6f0&sign=17fdc9a26ea61e239c44a5d12ff6cb83 pn=upload; op=order; orderid=7174; 
上传
[2018-06-09 17:40:32] trace  /app/index.php?i=1&uniacid=1&t=undefined&v=1.1&m=ewei_shopv2&from=wxapp&c=entry&a=wxapp&do=main&&state=we7sid-413101222cbc71eb03dac128d5c5d9ea&sign=86fd641249c15cd1f2eed2f29da8b41f pn=upload; op=order; orderid=7175; 
上传
[2018-06-09 18:03:39] trace  /app/index.php?i=1&uniacid=1&t=undefined&v=1.1&m=ewei_shopv2&from=wxapp&c=entry&a=wxapp&do=main&&state=we7sid-82bf82be6377b3f261cd33bae2f86ee8&sign=e8637e347dc5a54d9842149ec668a70a op=order; orderid=7176; pn=upload; 
上传
[2018-06-09 18:04:04] trace  /app/index.php?i=1&uniacid=1&t=undefined&v=1.1&m=ewei_shopv2&from=wxapp&c=entry&a=wxapp&do=main&&state=we7sid-42cf41bc0c4aa3ec6f30617b4249e62b&sign=ff7edb7d793d36cfb3b14f3bd6bafd93 pn=upload; op=order; orderid=7177; 
上传
[2018-06-09 18:12:19] trace  /app/index.php?i=1&uniacid=1&t=undefined&v=1.1&m=ewei_shopv2&from=wxapp&c=entry&a=wxapp&do=main&&state=we7sid-0fa1ded1ce65bd73942df6bd052faaea&sign=21d9dd130c2bea8536fe51592dcd5f71 pn=upload; op=order; orderid=7178; 
上传
[2018-06-09 18:12:19] trace  /app/index.php?i=1&uniacid=1&t=undefined&v=1.1&m=ewei_shopv2&from=wxapp&c=entry&a=wxapp&do=main&&state=we7sid-0fa1ded1ce65bd73942df6bd052faaea&sign=21d9dd130c2bea8536fe51592dcd5f71 pn=upload; op=order; orderid=7178; 
上传
[2018-06-09 18:15:38] trace  /app/index.php?i=1&uniacid=1&t=undefined&v=1.1&m=ewei_shopv2&from=wxapp&c=entry&a=wxapp&do=main&&state=we7sid-8c90708a2f16106a374efa387755773c&sign=c5d0191e3826e816ebb08b2611e9770b pn=upload; op=order; orderid=7179; 
上传
[2018-06-09 18:18:14] trace  /app/index.php?i=1&uniacid=1&t=undefined&v=1.1&m=ewei_shopv2&from=wxapp&c=entry&a=wxapp&do=main&&state=we7sid-8c90708a2f16106a374efa387755773c&sign=c5d0191e3826e816ebb08b2611e9770b pn=upload; op=order; orderid=7180; 
上传
[2018-06-09 18:20:30] trace  /app/index.php?i=1&uniacid=1&t=undefined&v=1.1&m=ewei_shopv2&from=wxapp&c=entry&a=wxapp&do=main&&state=we7sid-bf0a751c6e650283ae1cdfb1295c085f&sign=1bfcceae37d85af61e0bcd18a749777f pn=upload; op=order; orderid=7181; 
上传
[2018-06-09 18:26:15] trace  /app/index.php?i=1&uniacid=1&t=undefined&v=1.1&m=ewei_shopv2&from=wxapp&c=entry&a=wxapp&do=main&&state=we7sid-6ca87e234a2239fd6d77e200e363dee0&sign=1120628614b2acb6d9473e1a7a663b03 pn=upload; op=order; orderid=7182; 
上传
[2018-06-09 18:26:37] trace  /app/index.php?i=1&uniacid=1&t=undefined&v=1.1&m=ewei_shopv2&from=wxapp&c=entry&a=wxapp&do=main&&state=we7sid-c29f7e31e9c82b2253b7bccd871f84cd&sign=de22cf7c1fe6271720013196bfde3a06 pn=upload; op=order; orderid=7183; 
上传
[2018-06-09 18:42:28] trace  /app/index.php?i=1&uniacid=1&t=undefined&v=1.1&m=ewei_shopv2&from=wxapp&c=entry&a=wxapp&do=main&&state=we7sid-e1ce673d16aba6f0217713c237bbd58e&sign=afd70d9b80608363174af6c9aa2b0346 pn=upload; op=order; orderid=7184; 
上传
[2018-06-09 18:46:39] trace  /app/index.php?i=1&uniacid=1&t=undefined&v=1.1&m=ewei_shopv2&from=wxapp&c=entry&a=wxapp&do=main&&state=we7sid-30cc06213fc1240d04fa10659a7156f4&sign=83ef472c5bd219c3244569bb10e27df5 pn=upload; op=order; orderid=7185; 
上传
[2018-06-09 18:55:39] trace  /app/index.php?i=1&uniacid=1&t=undefined&v=1.1&m=ewei_shopv2&from=wxapp&c=entry&a=wxapp&do=main&&state=we7sid-5c5ad0b781522d1951eecbfc5054b4c8&sign=104c7862e7f7746dbda5320bcd8de2c1 pn=upload; op=order; orderid=7186; 
上传
[2018-06-09 19:18:10] trace  /app/index.php?i=1&uniacid=1&t=undefined&v=1.1&m=ewei_shopv2&from=wxapp&c=entry&a=wxapp&do=main&&state=we7sid-9d87daf5d148cc562ede0630990de23c&sign=0784b537fad761f9ff0f70ce7ea6276a pn=upload; op=order; orderid=7187; 
上传
[2018-06-09 19:18:29] trace  /app/index.php?i=1&uniacid=1&t=undefined&v=1.1&m=ewei_shopv2&from=wxapp&c=entry&a=wxapp&do=main&&state=we7sid-921c5b5712ed39762f9d504069a4f8e0&sign=76f04df97404c238f568b7d85fdd33a3 pn=upload; op=order; orderid=7188; 
上传
[2018-06-09 19:41:39] trace  /app/index.php?i=1&uniacid=1&t=undefined&v=1.1&m=ewei_shopv2&from=wxapp&c=entry&a=wxapp&do=main&&state=we7sid-26eada9016bac6ef5bd796c61ad39abc&sign=afcb3ae52a92f3a8c62925c2248877d2 pn=upload; op=order; orderid=7189; 
上传
[2018-06-09 19:48:57] trace  /app/index.php?i=1&uniacid=1&t=undefined&v=1.1&m=ewei_shopv2&from=wxapp&c=entry&a=wxapp&do=main&&state=we7sid-0999c1a9c9957a2792a7e92eda8d32c4&sign=f9c2ce52ef1df1b29d91cf2b585c81b3 pn=upload; op=order; orderid=7190; 
上传
[2018-06-09 19:59:43] trace  /app/index.php?i=1&uniacid=1&t=undefined&v=1.1&m=ewei_shopv2&from=wxapp&c=entry&a=wxapp&do=main&&state=we7sid-5364ae61c75689ae96e3fa4571e5f2df&sign=88d947e1863aa8b8fb3fb2de654974a2 pn=upload; op=order; orderid=7191; 
上传
[2018-06-09 20:00:17] trace  /app/index.php?i=1&uniacid=1&t=undefined&v=1.1&m=ewei_shopv2&from=wxapp&c=entry&a=wxapp&do=main&&state=we7sid-124669b10732e92e9f40047a2838a747&sign=a69ec43f97e5f9b54814886c147a5b5d pn=upload; op=order; orderid=7192; 
上传
[2018-06-09 20:03:08] trace  /app/index.php?i=1&uniacid=1&t=undefined&v=1.1&m=ewei_shopv2&from=wxapp&c=entry&a=wxapp&do=main&&state=we7sid-b5b612f7f35b2bccd8e8c27e41aaa31b&sign=3a83b2be71e1d4940480606145c3dcf0 pn=upload; op=order; orderid=7193; 
上传
[2018-06-09 20:03:25] trace  /app/index.php?i=1&uniacid=1&t=undefined&v=1.1&m=ewei_shopv2&from=wxapp&c=entry&a=wxapp&do=main&&state=we7sid-1c2eff56ceca59d2f9e55ddf98a1db70&sign=7dbcbb69edafbe695425341dfe33f5bb pn=upload; op=order; orderid=7194; 
上传
[2018-06-09 20:03:53] trace  /app/index.php?i=1&uniacid=1&t=undefined&v=1.1&m=ewei_shopv2&from=wxapp&c=entry&a=wxapp&do=main&&state=we7sid-1c2eff56ceca59d2f9e55ddf98a1db70&sign=7dbcbb69edafbe695425341dfe33f5bb pn=upload; op=order; orderid=7195; 
上传
[2018-06-09 20:11:01] trace  /app/index.php?i=1&uniacid=1&t=undefined&v=1.1&m=ewei_shopv2&from=wxapp&c=entry&a=wxapp&do=main&&state=we7sid-58dff94a6778a453bcaf5cd4dc624e92&sign=d9a88164ebac12e0efc9c407e65665ed pn=upload; op=order; orderid=7196; 
上传
[2018-06-09 20:12:16] trace  /app/index.php?i=1&uniacid=1&t=undefined&v=1.1&m=ewei_shopv2&from=wxapp&c=entry&a=wxapp&do=main&&state=we7sid-e6e532633a962d1f354c5a893e69e378&sign=50598071d58048eac2877f2b48e0930c pn=upload; op=order; orderid=7197; 
上传
[2018-06-09 20:27:53] trace  /app/index.php?i=1&uniacid=1&t=undefined&v=1.1&m=ewei_shopv2&from=wxapp&c=entry&a=wxapp&do=main&&state=we7sid-614da91e275f595df2ad451bf0253978&sign=cbdf7a69ed3196479738fc0d82def182 pn=upload; op=order; orderid=7198; 
上传
[2018-06-09 20:35:30] trace  /app/index.php?i=1&uniacid=1&t=undefined&v=1.1&m=ewei_shopv2&from=wxapp&c=entry&a=wxapp&do=main&&state=we7sid-6b7cbc19cea5a153d2485008272cc4ba&sign=e2f3b29a83f738b83bc8f59eed0f0790 op=order; orderid=7199; pn=upload; 
上传
[2018-06-09 20:44:12] trace  /app/index.php?i=1&uniacid=1&t=undefined&v=1.1&m=ewei_shopv2&from=wxapp&c=entry&a=wxapp&do=main&&state=we7sid-aa14b54b36e0098f21fa8556e4d2ccdd&sign=2bc13fa559be5487daa79278ff99e2fa pn=upload; op=order; orderid=7200; 
上传
[2018-06-09 20:44:53] trace  /app/index.php?i=1&uniacid=1&t=undefined&v=1.1&m=ewei_shopv2&from=wxapp&c=entry&a=wxapp&do=main&&state=we7sid-1d6bdc22c74f6a0ef4d013b788f180bf&sign=9cf2c8401f61489fc1d1277e376c9f02 pn=upload; op=order; orderid=7201; 
上传
[2018-06-09 20:51:50] trace  /app/index.php?i=1&uniacid=1&t=undefined&v=1.1&m=ewei_shopv2&from=wxapp&c=entry&a=wxapp&do=main&&state=we7sid-aa14b54b36e0098f21fa8556e4d2ccdd&sign=2bc13fa559be5487daa79278ff99e2fa pn=upload; op=order; orderid=7202; 
上传
[2018-06-09 20:52:23] trace  /app/index.php?i=1&uniacid=1&t=undefined&v=1.1&m=ewei_shopv2&from=wxapp&c=entry&a=wxapp&do=main&&state=we7sid-8833def100d6f1a08dc2be42c8250aa2&sign=310ef3205c2ba92c2e597a8ffdc79ccc pn=upload; op=order; orderid=7203; 
上传
[2018-06-09 21:06:14] trace  /app/index.php?i=1&uniacid=1&t=undefined&v=1.1&m=ewei_shopv2&from=wxapp&c=entry&a=wxapp&do=main&&state=we7sid-2e000e1da298b138c2005bc99f94e7b6&sign=a5f34251f2d74b29404d01dc7faaec2c pn=upload; op=order; orderid=7204; 
上传
[2018-06-09 21:07:12] trace  /app/index.php?i=1&uniacid=1&t=undefined&v=1.1&m=ewei_shopv2&from=wxapp&c=entry&a=wxapp&do=main&&state=we7sid-d70270fb7cddcabe0f95fda26591f47d&sign=7e3c16c853934e5e3c713875453baf5e pn=upload; op=order; orderid=7205; 
上传
[2018-06-09 21:12:47] trace  /app/index.php?i=1&uniacid=1&t=undefined&v=1.1&m=ewei_shopv2&from=wxapp&c=entry&a=wxapp&do=main&&state=we7sid-d70270fb7cddcabe0f95fda26591f47d&sign=7e3c16c853934e5e3c713875453baf5e pn=upload; op=order; orderid=7206; 
上传
[2018-06-09 21:13:26] trace  /app/index.php?i=1&uniacid=1&t=undefined&v=1.1&m=ewei_shopv2&from=wxapp&c=entry&a=wxapp&do=main&&state=we7sid-4ac07eeefd4408c5def6e423c11c7961&sign=40cbade1c8ceaced1ea1e2804183da1a pn=upload; op=order; orderid=7207; 
上传
[2018-06-09 21:18:25] trace  /app/index.php?i=1&uniacid=1&t=undefined&v=1.1&m=ewei_shopv2&from=wxapp&c=entry&a=wxapp&do=main&&state=we7sid-df3b1521426b813aac799c5fd794795b&sign=6bd130b8073a27526db8ed022d95dd42 pn=upload; op=order; orderid=7208; 
上传
[2018-06-09 21:20:28] trace  /app/index.php?i=1&uniacid=1&t=undefined&v=1.1&m=ewei_shopv2&from=wxapp&c=entry&a=wxapp&do=main&&state=we7sid-d70270fb7cddcabe0f95fda26591f47d&sign=7e3c16c853934e5e3c713875453baf5e pn=upload; op=order; orderid=7209; 
上传
[2018-06-09 21:20:53] trace  /app/index.php?i=1&uniacid=1&t=undefined&v=1.1&m=ewei_shopv2&from=wxapp&c=entry&a=wxapp&do=main&&state=we7sid-266ae3280a8af9d4dba836771868667c&sign=cdb7185b5c4885232c6330c7c69529b0 pn=upload; op=order; orderid=7210; 
上传
[2018-06-09 21:24:58] trace  /app/index.php?i=1&uniacid=1&t=undefined&v=1.1&m=ewei_shopv2&from=wxapp&c=entry&a=wxapp&do=main&&state=we7sid-d70270fb7cddcabe0f95fda26591f47d&sign=7e3c16c853934e5e3c713875453baf5e pn=upload; op=order; orderid=7211; 
上传
[2018-06-09 21:25:42] trace  /app/index.php?i=1&uniacid=1&t=undefined&v=1.1&m=ewei_shopv2&from=wxapp&c=entry&a=wxapp&do=main&&state=we7sid-d52e785c2f65eb64de4b06de292268a7&sign=c802a4431eb1bef570b2ecf18a162048 pn=upload; op=order; orderid=7212; 
上传
[2018-06-09 21:28:43] trace  /app/index.php?i=1&uniacid=1&t=undefined&v=1.1&m=ewei_shopv2&from=wxapp&c=entry&a=wxapp&do=main&&state=we7sid-adef56032f170496993de5b51140aebf&sign=712070c6773ead3d4d00c1ea08146fbd pn=upload; op=order; orderid=7213; 
上传
[2018-06-09 21:29:01] trace  /app/index.php?i=1&uniacid=1&t=undefined&v=1.1&m=ewei_shopv2&from=wxapp&c=entry&a=wxapp&do=main&&state=we7sid-adef56032f170496993de5b51140aebf&sign=712070c6773ead3d4d00c1ea08146fbd pn=upload; op=order; orderid=7214; 
上传
[2018-06-09 21:35:59] trace  /app/index.php?i=1&uniacid=1&t=undefined&v=1.1&m=ewei_shopv2&from=wxapp&c=entry&a=wxapp&do=main&&state=we7sid-19a441a8744fc92f8cff2ec1e6807c3e&sign=2013e7b1be07db714c1205f856f4acf9 op=order; pn=upload; orderid=7215; 
上传
[2018-06-09 21:36:00] trace  /app/index.php?i=1&uniacid=1&t=undefined&v=1.1&m=ewei_shopv2&from=wxapp&c=entry&a=wxapp&do=main&&state=we7sid-19a441a8744fc92f8cff2ec1e6807c3e&sign=2013e7b1be07db714c1205f856f4acf9 op=order; pn=upload; orderid=7215; 
上传
[2018-06-09 21:37:11] trace  /app/index.php?i=1&uniacid=1&t=undefined&v=1.1&m=ewei_shopv2&from=wxapp&c=entry&a=wxapp&do=main&&state=we7sid-d52e785c2f65eb64de4b06de292268a7&sign=c802a4431eb1bef570b2ecf18a162048 pn=upload; op=order; orderid=7216; 
上传
[2018-06-09 21:51:18] trace  /app/index.php?i=1&uniacid=1&t=undefined&v=1.1&m=ewei_shopv2&from=wxapp&c=entry&a=wxapp&do=main&&state=we7sid-0ca17a3665604f980bd447a861125ed4&sign=9039cda7a73a1858b8ca12b005370617 pn=upload; op=order; orderid=7217; 
上传
[2018-06-09 21:53:16] trace  /app/index.php?i=1&uniacid=1&t=undefined&v=1.1&m=ewei_shopv2&from=wxapp&c=entry&a=wxapp&do=main&&state=we7sid-4f081703e3d579a2b8d13ea0a3c36b58&sign=7e48269e652a2e1343aae29741f72d3c pn=upload; op=order; orderid=7218; 
上传
[2018-06-09 22:10:01] trace  /app/index.php?i=1&uniacid=1&t=undefined&v=1.1&m=ewei_shopv2&from=wxapp&c=entry&a=wxapp&do=main&&state=we7sid-fa5ae239d0484a4283d256b19ded02bf&sign=7af6374fcf8bdceb22f4a7e480745023 pn=upload; op=order; orderid=7219; 
上传
[2018-06-09 22:16:39] trace  /app/index.php?i=1&uniacid=1&t=undefined&v=1.1&m=ewei_shopv2&from=wxapp&c=entry&a=wxapp&do=main&&state=we7sid-f657f749e7d2a302644d47fad1e15fdd&sign=89ffe5c7bad52f380fb52374ac111dc0 pn=upload; op=order; orderid=7220; 
上传
[2018-06-09 22:20:10] trace  /app/index.php?i=1&uniacid=1&t=undefined&v=1.1&m=ewei_shopv2&from=wxapp&c=entry&a=wxapp&do=main&&state=we7sid-b08c22752356f13b9fdec6df108a2238&sign=aecfc73ca501688e192bae40f3640e6e pn=upload; op=order; orderid=7221; 
上传
[2018-06-09 22:37:11] trace  /app/index.php?i=1&uniacid=1&t=undefined&v=1.1&m=ewei_shopv2&from=wxapp&c=entry&a=wxapp&do=main&&state=we7sid-019644faaf22ef6645ba216c78c68c45&sign=7d5d40efa7b630802d4d69584cb99961 pn=upload; op=order; orderid=7222; 
上传
[2018-06-09 22:56:14] trace  /app/index.php?i=1&uniacid=1&t=undefined&v=1.1&m=ewei_shopv2&from=wxapp&c=entry&a=wxapp&do=main&&state=we7sid-c3254d5094fd3ce597e1d13644daaf91&sign=9ca6f1146ec933a00ab808b2c490f103 pn=upload; op=order; orderid=7223; 
上传
[2018-06-09 23:03:08] trace  /app/index.php?i=1&uniacid=1&t=undefined&v=1.1&m=ewei_shopv2&from=wxapp&c=entry&a=wxapp&do=main&&state=we7sid-5059c901e0ad3fb88d8d7d3bd4fd7344&sign=a1a33aeee55004b4edc764a48c0339b7 pn=upload; op=order; orderid=7224; 
上传
[2018-06-09 23:13:22] trace  /app/index.php?i=1&uniacid=1&t=undefined&v=1.1&m=ewei_shopv2&from=wxapp&c=entry&a=wxapp&do=main&&state=we7sid-0c2c792e0ab7c79bca8303c948da8970&sign=663e3056e38020fa7c279b32147a7cc0 pn=upload; op=order; orderid=7225; 
上传
[2018-06-09 23:19:19] trace  /app/index.php?i=1&uniacid=1&t=undefined&v=1.1&m=ewei_shopv2&from=wxapp&c=entry&a=wxapp&do=main&&state=we7sid-1896df3a9c753d07c1ef97adf1d7388b&sign=e3f2718e2518385dd3573aff2b19f0f5 pn=upload; op=order; orderid=7226; 
上传
[2018-06-09 23:56:47] trace  /app/index.php?i=1&uniacid=1&t=undefined&v=1.1&m=ewei_shopv2&from=wxapp&c=entry&a=wxapp&do=main&&state=we7sid-55fa0d0319e8feb13f731a177b03c1fc&sign=46a7bd921129cb3c79503cdb70778ea1 pn=upload; op=order; orderid=7227; 
上传
[2018-06-09 23:59:53] trace  /app/index.php?i=1&uniacid=1&t=undefined&v=1.1&m=ewei_shopv2&from=wxapp&c=entry&a=wxapp&do=main&&state=we7sid-072f26c48d905efbd61cf5837e2939cf&sign=6250480ac2e9bd04ec79721521643743 pn=upload; op=order; orderid=7228; 
上传
