[2018-07-06 00:07:35] trace  /app/index.php?i=1&uniacid=1&t=undefined&v=1.3&m=ewei_shopv2&from=wxapp&c=entry&a=wxapp&do=main&&state=we7sid-4140035a6f97cc078439c389373d5c7d&sign=78ff39227cd225b7fd11e4a88d7057fd pn=upload; op=order; orderid=10181; 
上传
[2018-07-06 00:18:57] trace  /app/index.php?i=1&uniacid=1&t=undefined&v=1.3&m=ewei_shopv2&from=wxapp&c=entry&a=wxapp&do=main&&state=we7sid-bdf2e439474e6d572e7010e6a9ea84db&sign=7d343fe87af09fc203d8c5858c985c83 pn=upload; op=order; orderid=10182; 
上传
[2018-07-06 00:32:52] trace  /app/index.php?i=1&uniacid=1&t=undefined&v=1.3&m=ewei_shopv2&from=wxapp&c=entry&a=wxapp&do=main&&state=we7sid-b2abff43e3cb43cdc36e195039c932fc&sign=3888954603319a46f0f28fc616eba422 pn=upload; op=order; orderid=10183; 
上传
[2018-07-06 00:36:09] trace  /app/index.php?i=1&uniacid=1&t=undefined&v=1.3&m=ewei_shopv2&from=wxapp&c=entry&a=wxapp&do=main&&state=we7sid-b2abff43e3cb43cdc36e195039c932fc&sign=3888954603319a46f0f28fc616eba422 pn=upload; op=order; orderid=10184; 
上传
[2018-07-06 00:42:25] trace  /app/index.php?i=1&uniacid=1&t=undefined&v=1.3&m=ewei_shopv2&from=wxapp&c=entry&a=wxapp&do=main&&state=we7sid-0bd42a5bddb85c950559c3a98b954736&sign=d27b3d23d31329c753f330aa95fe87c7 op=order; orderid=10185; pn=upload; 
上传
[2018-07-06 01:31:22] trace  /app/index.php?i=1&uniacid=1&t=undefined&v=1.3&m=ewei_shopv2&from=wxapp&c=entry&a=wxapp&do=main&&state=we7sid-e4220c44dd73f43f15e0be62732af589&sign=0ffdc12d735088a526512b3f75e90bc0 pn=upload; op=order; orderid=10186; 
上传
[2018-07-06 04:06:47] trace  /app/index.php?i=1&uniacid=1&t=undefined&v=1.3&m=ewei_shopv2&from=wxapp&c=entry&a=wxapp&do=main&&state=we7sid-c1fb7c3de6c67c3e0d6783b958f9686b&sign=6be7c5896aeaf3c25a687bdffae266ea pn=upload; op=order; orderid=10187; 
上传
[2018-07-06 04:26:28] trace  /app/index.php?i=1&uniacid=1&t=undefined&v=1.3&m=ewei_shopv2&from=wxapp&c=entry&a=wxapp&do=main&&state=we7sid-1e484cb9e637dc2700f5689507c45056&sign=47e9d13e20b9319af4cd272fe8f3058a pn=upload; op=order; orderid=10188; 
上传
[2018-07-06 06:45:12] trace  /app/index.php?i=1&uniacid=1&t=undefined&v=1.3&m=ewei_shopv2&from=wxapp&c=entry&a=wxapp&do=main&&state=we7sid-233fea94c43b6fb7bc80f0e06664172b&sign=f3fc4a2ae3c1377efde96e6ea3dc9312 op=order; pn=upload; orderid=10189; 
上传
[2018-07-06 06:48:04] trace  /app/index.php?i=1&uniacid=1&t=undefined&v=1.3&m=ewei_shopv2&from=wxapp&c=entry&a=wxapp&do=main&&state=we7sid-78568ead6c59f05c39b5857747a3ea9d&sign=1fd27b225870c51c76253f87d8942bcb pn=upload; op=order; orderid=10190; 
上传
[2018-07-06 07:01:55] trace  /app/index.php?i=1&uniacid=1&t=undefined&v=1.3&m=ewei_shopv2&from=wxapp&c=entry&a=wxapp&do=main&&state=we7sid-215348356d9cfc5ed6e24b2b128957da&sign=77f865492b7316c4e447acbe23203c53 pn=upload; op=order; orderid=10191; 
上传
[2018-07-06 07:02:40] trace  /app/index.php?i=1&uniacid=1&t=undefined&v=1.3&m=ewei_shopv2&from=wxapp&c=entry&a=wxapp&do=main&&state=we7sid-215348356d9cfc5ed6e24b2b128957da&sign=77f865492b7316c4e447acbe23203c53 pn=upload; op=order; orderid=10192; 
上传
[2018-07-06 08:09:21] trace  /app/index.php?i=1&uniacid=1&t=undefined&v=1.3&m=ewei_shopv2&from=wxapp&c=entry&a=wxapp&do=main&&state=we7sid-a03419da9f3ada7c06c1ff241ea7fcfe&sign=20c983554f58c836ef39e7c49aa9807c pn=upload; op=order; orderid=10193; 
上传
[2018-07-06 08:12:52] trace  /app/index.php?i=1&uniacid=1&t=undefined&v=1.3&m=ewei_shopv2&from=wxapp&c=entry&a=wxapp&do=main&&state=we7sid-a03419da9f3ada7c06c1ff241ea7fcfe&sign=20c983554f58c836ef39e7c49aa9807c pn=upload; op=order; orderid=10196; 
上传
[2018-07-06 08:29:17] trace  /app/index.php?i=1&uniacid=1&t=undefined&v=1.3&m=ewei_shopv2&from=wxapp&c=entry&a=wxapp&do=main&&state=we7sid-65007f41d3ee55e393ba907a33a0e202&sign=7382ccae1837bd2a1cbb9b502fd60f7e pn=upload; op=order; orderid=10197; 
上传
[2018-07-06 08:33:40] trace  /app/index.php?i=1&uniacid=1&t=undefined&v=1.3&m=ewei_shopv2&from=wxapp&c=entry&a=wxapp&do=main&&state=we7sid-65007f41d3ee55e393ba907a33a0e202&sign=7382ccae1837bd2a1cbb9b502fd60f7e pn=upload; op=order; orderid=10198; 
上传
[2018-07-06 09:16:32] trace  /app/index.php?i=1&uniacid=1&t=undefined&v=1.3&m=ewei_shopv2&from=wxapp&c=entry&a=wxapp&do=main&&state=we7sid-3c0095508c9c8f03efdadfb7d085d85b&sign=91b17cf44545dda51c6fb0f859bbae38 pn=upload; op=order; orderid=10199; 
上传
[2018-07-06 09:20:19] trace  /app/index.php?i=1&uniacid=1&t=undefined&v=1.3&m=ewei_shopv2&from=wxapp&c=entry&a=wxapp&do=main&&state=we7sid-e54a22e2d5edca64c8f0883a3e0cfdaa&sign=fa5f0de78d648d2e46f4fca4d162b28c pn=upload; op=order; orderid=10200; 
上传
[2018-07-06 09:20:19] trace  /app/index.php?i=1&uniacid=1&t=undefined&v=1.3&m=ewei_shopv2&from=wxapp&c=entry&a=wxapp&do=main&&state=we7sid-e54a22e2d5edca64c8f0883a3e0cfdaa&sign=fa5f0de78d648d2e46f4fca4d162b28c pn=upload; op=order; orderid=10200; 
上传
[2018-07-06 09:32:49] trace  /app/index.php?i=1&uniacid=1&t=undefined&v=1.3&m=ewei_shopv2&from=wxapp&c=entry&a=wxapp&do=main&&state=we7sid-863d724bd6e15ad4a7052a21d6a439ee&sign=e984e1ac9bb7777cb991eb7f35740203 pn=upload; op=order; orderid=10201; 
上传
[2018-07-06 09:36:28] trace  /app/index.php?i=1&uniacid=1&t=undefined&v=1.3&m=ewei_shopv2&from=wxapp&c=entry&a=wxapp&do=main&&state=we7sid-f158405812477abdcc522232ce2152d3&sign=ecf6a2afdc7d4b22ea3069f12f377ba5 pn=upload; op=order; orderid=10202; 
上传
[2018-07-06 09:53:12] trace  /app/index.php?i=1&uniacid=1&t=undefined&v=1.3&m=ewei_shopv2&from=wxapp&c=entry&a=wxapp&do=main&&state=we7sid-e3af58b813d7324a2a1b43b4861c753c&sign=800b096e12a036e4090876ba366bd143 op=order; orderid=10203; pn=upload; 
上传
[2018-07-06 09:54:24] trace  /app/index.php?i=1&uniacid=1&t=undefined&v=1.3&m=ewei_shopv2&from=wxapp&c=entry&a=wxapp&do=main&&state=we7sid-5fd8f4d2fbe4409f8bac7da089f3dcc8&sign=83e14b648a7315c4d5aee15407bc562a pn=upload; op=order; orderid=10204; 
上传
[2018-07-06 09:54:55] trace  /app/index.php?i=1&uniacid=1&t=undefined&v=1.3&m=ewei_shopv2&from=wxapp&c=entry&a=wxapp&do=main&&state=we7sid-613ba99e59bf08c958d19b4a08b91b30&sign=394302f9ae78518f9563b02cf99a27bf pn=upload; op=order; orderid=10205; 
上传
[2018-07-06 10:08:32] trace  /app/index.php?i=1&uniacid=1&t=undefined&v=1.3&m=ewei_shopv2&from=wxapp&c=entry&a=wxapp&do=main&&state=we7sid-3b6de2e19da4dc3def528230d217e398&sign=465727027ea12a7cae5bf96ce4830c37 pn=upload; op=order; orderid=10206; 
上传
[2018-07-06 10:09:42] trace  /app/index.php?i=1&uniacid=1&t=undefined&v=1.3&m=ewei_shopv2&from=wxapp&c=entry&a=wxapp&do=main&&state=we7sid-613ba99e59bf08c958d19b4a08b91b30&sign=394302f9ae78518f9563b02cf99a27bf pn=upload; op=order; orderid=10207; 
上传
[2018-07-06 10:10:17] trace  /app/index.php?i=1&uniacid=1&t=undefined&v=1.3&m=ewei_shopv2&from=wxapp&c=entry&a=wxapp&do=main&&state=we7sid-613ba99e59bf08c958d19b4a08b91b30&sign=394302f9ae78518f9563b02cf99a27bf pn=upload; op=order; orderid=10208; 
上传
[2018-07-06 10:13:10] trace  /app/index.php?i=1&uniacid=1&t=undefined&v=1.3&m=ewei_shopv2&from=wxapp&c=entry&a=wxapp&do=main&&state=we7sid-dcb19dba1ef242370c27a35a903a4c89&sign=db0100072a86bfcbe1b4c2aaab486562 pn=upload; op=order; orderid=10209; 
上传
[2018-07-06 10:20:31] trace  /app/index.php?i=1&uniacid=1&t=undefined&v=1.3&m=ewei_shopv2&from=wxapp&c=entry&a=wxapp&do=main&&state=we7sid-ab7293a5afc4183b71b86df23baf5a9a&sign=874dd67b93cff54fef77aa0810c2ed0a pn=upload; op=order; orderid=10210; 
上传
[2018-07-06 10:32:05] trace  /app/index.php?i=1&uniacid=1&t=undefined&v=1.3&m=ewei_shopv2&from=wxapp&c=entry&a=wxapp&do=main&&state=we7sid-22a6f1ccaf65adcb419cca278057d162&sign=c779fb62679a4a5a9a7ac96bf997e975 pn=upload; op=order; orderid=10211; 
上传
[2018-07-06 10:42:41] trace  /app/index.php?i=1&uniacid=1&t=undefined&v=1.3&m=ewei_shopv2&from=wxapp&c=entry&a=wxapp&do=main&&state=we7sid-f706594411f757e0dd287e57cfb112b7&sign=ea498750ca8012eb4a8eb18540b6dba7 pn=upload; op=order; orderid=10212; 
上传
[2018-07-06 10:47:37] trace  /app/index.php?i=1&uniacid=1&t=undefined&v=1.3&m=ewei_shopv2&from=wxapp&c=entry&a=wxapp&do=main&&state=we7sid-c78e53a2cf4d2d7441fc7466e0b38991&sign=7107f6c519e27924faa6c7fa17373ca5 pn=upload; op=order; orderid=10213; 
上传
[2018-07-06 10:49:58] trace  /app/index.php?i=1&uniacid=1&t=undefined&v=1.3&m=ewei_shopv2&from=wxapp&c=entry&a=wxapp&do=main&&state=we7sid-f2a66db6c41270ca65fd716e03bb7742&sign=97c2aa6bd667c206792a2c3fc6502a6c pn=upload; op=order; orderid=10214; 
上传
[2018-07-06 11:07:21] trace  /app/index.php?i=1&uniacid=1&t=undefined&v=1.3&m=ewei_shopv2&from=wxapp&c=entry&a=wxapp&do=main&&state=we7sid-4027834c96922b756e7b6f90fe143c27&sign=2a6f55c7dff8c21a9786fc2f533431a6 pn=upload; op=order; orderid=10215; 
上传
[2018-07-06 11:11:34] trace  /app/index.php?i=1&uniacid=1&t=undefined&v=1.3&m=ewei_shopv2&from=wxapp&c=entry&a=wxapp&do=main&&state=we7sid-4027834c96922b756e7b6f90fe143c27&sign=2a6f55c7dff8c21a9786fc2f533431a6 pn=upload; op=order; orderid=10216; 
上传
[2018-07-06 11:32:20] trace  /app/index.php?i=1&uniacid=1&t=undefined&v=1.3&m=ewei_shopv2&from=wxapp&c=entry&a=wxapp&do=main&&state=we7sid-310c1cf58af5ed10272d8e90d34f4b73&sign=1a1339707fe4fd974312e90a1339ba2a pn=upload; op=order; orderid=10217; 
上传
[2018-07-06 11:43:25] trace  /app/index.php?i=1&uniacid=1&t=undefined&v=1.3&m=ewei_shopv2&from=wxapp&c=entry&a=wxapp&do=main&&state=we7sid-b9ca52531b96a7dae83efdb2c24f06b2&sign=2f555587fba1788ace6c5a270dcb2a68 pn=upload; op=order; orderid=10218; 
上传
[2018-07-06 11:55:19] trace  /app/index.php?i=1&uniacid=1&t=undefined&v=1.3&m=ewei_shopv2&from=wxapp&c=entry&a=wxapp&do=main&&state=we7sid-4a10fbfd3e89d50c5de6f7b0e22b7a50&sign=446a40d416dfee7557f2996571ef8d59 pn=upload; op=order; orderid=10219; 
上传
[2018-07-06 12:17:30] trace  /app/index.php?i=1&uniacid=1&t=undefined&v=1.3&m=ewei_shopv2&from=wxapp&c=entry&a=wxapp&do=main&&state=we7sid-3d2d2f8692020040f37db47fe5565cbf&sign=86ebafb6dc5d43ad22b4aa89f546960b pn=upload; op=order; orderid=10220; 
上传
[2018-07-06 12:20:40] trace  /app/index.php?i=1&uniacid=1&t=undefined&v=1.3&m=ewei_shopv2&from=wxapp&c=entry&a=wxapp&do=main&&state=we7sid-88343cd6274fa67c048f1f6c7b8b7a56&sign=2fd2090f9730d327603a7cb6c66c733a pn=upload; op=order; orderid=10221; 
上传
[2018-07-06 12:22:25] trace  /app/index.php?i=1&uniacid=1&t=undefined&v=1.3&m=ewei_shopv2&from=wxapp&c=entry&a=wxapp&do=main&&state=we7sid-ac8f30c9ebd63c9d173c1f8d84d58252&sign=b5e0de567d077ba387591a5d8cdf90b2 pn=upload; op=order; orderid=10222; 
上传
[2018-07-06 12:24:10] trace  /app/index.php?i=1&uniacid=1&t=undefined&v=1.3&m=ewei_shopv2&from=wxapp&c=entry&a=wxapp&do=main&&state=we7sid-ac8f30c9ebd63c9d173c1f8d84d58252&sign=b5e0de567d077ba387591a5d8cdf90b2 pn=upload; op=order; orderid=10223; 
上传
[2018-07-06 12:30:19] trace  /app/index.php?i=1&uniacid=1&t=undefined&v=1.3&m=ewei_shopv2&from=wxapp&c=entry&a=wxapp&do=main&&state=we7sid-3cee358f910a491d5f37665f1637796e&sign=9b9afa174a60a9d1f65db1d280988544 pn=upload; op=order; orderid=10224; 
上传
[2018-07-06 12:30:29] trace  /app/index.php?i=1&uniacid=1&t=undefined&v=1.3&m=ewei_shopv2&from=wxapp&c=entry&a=wxapp&do=main&&state=we7sid-e127cdc19bcf7ca83565f1360af5e48d&sign=441722ebbf4e300e0b3b62e041bf5584 pn=upload; op=order; orderid=10225; 
上传
[2018-07-06 12:31:42] trace  /app/index.php?i=1&uniacid=1&t=undefined&v=1.3&m=ewei_shopv2&from=wxapp&c=entry&a=wxapp&do=main&&state=we7sid-f3ae1cd447c0614d93191f378eeb409f&sign=f48d694d215c9e5b0b9b92b32530273a op=order; pn=upload; orderid=10226; 
上传
[2018-07-06 12:38:24] trace  /app/index.php?i=1&uniacid=1&t=undefined&v=1.3&m=ewei_shopv2&from=wxapp&c=entry&a=wxapp&do=main&&state=we7sid-28422316bb2a73a129eb0dc56faec9c3&sign=215ccf92e34b93e0bc1cf1a8c3ccfa6e pn=upload; op=order; orderid=10227; 
上传
[2018-07-06 12:38:51] trace  /app/index.php?i=1&uniacid=1&t=undefined&v=1.3&m=ewei_shopv2&from=wxapp&c=entry&a=wxapp&do=main&&state=we7sid-c26ac0508eecf93dc49f93f8ee0f2863&sign=720b0b5598b63d5cfb5595d39dfbe7e9 pn=upload; op=order; orderid=10228; 
上传
[2018-07-06 12:40:16] trace  /app/index.php?i=1&uniacid=1&t=undefined&v=1.3&m=ewei_shopv2&from=wxapp&c=entry&a=wxapp&do=main&&state=we7sid-c26ac0508eecf93dc49f93f8ee0f2863&sign=720b0b5598b63d5cfb5595d39dfbe7e9 pn=upload; op=order; orderid=10229; 
上传
[2018-07-06 12:42:33] trace  /app/index.php?i=1&uniacid=1&t=undefined&v=1.3&m=ewei_shopv2&from=wxapp&c=entry&a=wxapp&do=main&&state=we7sid-e8165e7c798fd0a7679be608eea2d847&sign=67b67227e1d81c4ec644440519eb48cc pn=upload; op=order; orderid=10230; 
上传
[2018-07-06 12:45:29] trace  /app/index.php?i=1&uniacid=1&t=undefined&v=1.3&m=ewei_shopv2&from=wxapp&c=entry&a=wxapp&do=main&&state=we7sid-cf04a299f9c6bbab664775977248ecab&sign=60db824ffb4ab59b5f24db83ed34d957 pn=upload; op=order; orderid=10231; 
上传
[2018-07-06 12:59:05] trace  /app/index.php?i=1&uniacid=1&t=undefined&v=1.3&m=ewei_shopv2&from=wxapp&c=entry&a=wxapp&do=main&&state=we7sid-e4ac70f97676fd952125d99d13e649d6&sign=82e47dd925fa2021221ca007289fd0eb pn=upload; op=order; orderid=10232; 
上传
[2018-07-06 13:03:01] trace  /app/index.php?i=1&uniacid=1&t=undefined&v=1.3&m=ewei_shopv2&from=wxapp&c=entry&a=wxapp&do=main&&state=we7sid-7ab86afd897ac7926e0e2870a70635a6&sign=9514215b77e84dd5ff20348b9512b14c pn=upload; op=order; orderid=10233; 
上传
[2018-07-06 13:06:09] trace  /app/index.php?i=1&uniacid=1&t=undefined&v=1.3&m=ewei_shopv2&from=wxapp&c=entry&a=wxapp&do=main&&state=we7sid-9b4c69345d0ed9421d07f46a9897c28a&sign=34c801843dd9e889482fc7c25aefe8ed pn=upload; op=order; orderid=10234; 
上传
[2018-07-06 13:10:04] trace  /app/index.php?i=1&uniacid=1&t=undefined&v=1.3&m=ewei_shopv2&from=wxapp&c=entry&a=wxapp&do=main&&state=we7sid-7ab86afd897ac7926e0e2870a70635a6&sign=9514215b77e84dd5ff20348b9512b14c pn=upload; op=order; orderid=10235; 
上传
[2018-07-06 13:20:52] trace  /app/index.php?i=1&uniacid=1&t=undefined&v=1.3&m=ewei_shopv2&from=wxapp&c=entry&a=wxapp&do=main&&state=we7sid-0aa7e78e20ccb34645cb9bdd69b6317d&sign=5751eb00ec1c9a828a86df6bdc088538 pn=upload; op=order; orderid=10236; 
上传
[2018-07-06 13:21:18] trace  /app/index.php?i=1&uniacid=1&t=undefined&v=1.3&m=ewei_shopv2&from=wxapp&c=entry&a=wxapp&do=main&&state=we7sid-b386c83f7fa8d9a462425579994d2bea&sign=01abb3d01672a2893e3c64f20e19e97e pn=upload; op=order; orderid=10237; 
上传
[2018-07-06 13:36:11] trace  /app/index.php?i=1&uniacid=1&t=undefined&v=1.3&m=ewei_shopv2&from=wxapp&c=entry&a=wxapp&do=main&&state=we7sid-a8394a1863a2c4689566dc3f93860959&sign=9a83729b4783dbe223f997a91e4a3114 pn=upload; op=order; orderid=10238; 
上传
[2018-07-06 13:37:14] trace  /app/index.php?i=1&uniacid=1&t=undefined&v=1.3&m=ewei_shopv2&from=wxapp&c=entry&a=wxapp&do=main&&state=we7sid-152378608c9d35b922fe7052ff0c23c9&sign=7219bb9197affccb7543f9bd15e0a947 pn=upload; op=order; orderid=10239; 
上传
[2018-07-06 13:58:54] trace  /app/index.php?i=1&uniacid=1&t=undefined&v=1.3&m=ewei_shopv2&from=wxapp&c=entry&a=wxapp&do=main&&state=we7sid-46065a7a4f4293966f34ca443ecd289f&sign=4b781c0f3a40b9b8765f4f9721e84a63 pn=upload; op=order; orderid=10240; 
上传
[2018-07-06 14:01:25] trace  /app/index.php?i=1&uniacid=1&t=undefined&v=1.3&m=ewei_shopv2&from=wxapp&c=entry&a=wxapp&do=main&&state=we7sid-dca52141055500049245d9ed491bdbaf&sign=d127480d545bf398c6240d0c9f6cab7d pn=upload; op=order; orderid=10241; 
上传
[2018-07-06 14:21:56] trace  /app/index.php?i=1&uniacid=1&t=undefined&v=1.3&m=ewei_shopv2&from=wxapp&c=entry&a=wxapp&do=main&&state=we7sid-45079657a6fb249380bea76eb7de89c4&sign=e3d2288763b7555cc8270ec2b3e4a973 pn=upload; op=order; orderid=10242; 
上传
[2018-07-06 14:27:33] trace  /app/index.php?i=1&uniacid=1&t=undefined&v=1.3&m=ewei_shopv2&from=wxapp&c=entry&a=wxapp&do=main&&state=we7sid-4626adac3909278160527f443ab1dd4f&sign=d7765338cb437ff933dfbb6591812757 pn=upload; op=order; orderid=10243; 
上传
[2018-07-06 14:39:25] trace  /app/index.php?i=1&uniacid=1&t=undefined&v=1.3&m=ewei_shopv2&from=wxapp&c=entry&a=wxapp&do=main&&state=we7sid-4f6dc8f1c0dd886df33f3370f9300912&sign=959ad42dbfe0e84fb229544a753e5250 pn=upload; op=order; orderid=10244; 
上传
[2018-07-06 14:43:39] trace  /app/index.php?i=1&uniacid=1&t=undefined&v=1.3&m=ewei_shopv2&from=wxapp&c=entry&a=wxapp&do=main&&state=we7sid-f900eee5e1735f0972bd6d5226f3a6c7&sign=6a38d3ccce0ae5c4ac128353a4363b56 pn=upload; op=order; orderid=10245; 
上传
[2018-07-06 14:46:52] trace  /app/index.php?i=1&uniacid=1&t=undefined&v=1.3&m=ewei_shopv2&from=wxapp&c=entry&a=wxapp&do=main&&state=we7sid-af3aca3770578dd37eb4125f13586f27&sign=54cc53d161087c038a6e460455b7c85f pn=upload; op=order; orderid=10246; 
上传
[2018-07-06 14:49:08] trace  /app/index.php?i=1&uniacid=1&t=undefined&v=1.3&m=ewei_shopv2&from=wxapp&c=entry&a=wxapp&do=main&&state=we7sid-af3aca3770578dd37eb4125f13586f27&sign=54cc53d161087c038a6e460455b7c85f pn=upload; op=order; orderid=10247; 
上传
[2018-07-06 14:52:57] trace  /app/index.php?i=1&uniacid=1&t=undefined&v=1.3&m=ewei_shopv2&from=wxapp&c=entry&a=wxapp&do=main&&state=we7sid-9a5ff4a79a602b7990165bd39f9b2a2d&sign=ed5bc4d7c734560bbac1c789f4d22e75 op=order; orderid=10248; pn=upload; 
上传
[2018-07-06 15:00:16] trace  /app/index.php?i=1&uniacid=1&t=undefined&v=1.3&m=ewei_shopv2&from=wxapp&c=entry&a=wxapp&do=main&&state=we7sid-e09a91ea351775ae365f2b08a85bb10d&sign=1c5598bb766602d75feddbbeafb6c6c2 pn=upload; op=order; orderid=10249; 
上传
[2018-07-06 15:13:27] trace  /app/index.php?i=1&uniacid=1&t=undefined&v=1.3&m=ewei_shopv2&from=wxapp&c=entry&a=wxapp&do=main&&state=we7sid-4427621185c57b4981e5b569bfe6f120&sign=2de84db02ef406fa6fc17c771b38408b pn=upload; op=order; orderid=10250; 
上传
[2018-07-06 15:23:07] trace  /app/index.php?i=1&uniacid=1&t=undefined&v=1.3&m=ewei_shopv2&from=wxapp&c=entry&a=wxapp&do=main&&state=we7sid-4427621185c57b4981e5b569bfe6f120&sign=2de84db02ef406fa6fc17c771b38408b pn=upload; op=order; orderid=10251; 
上传
[2018-07-06 15:24:18] trace  /app/index.php?i=1&uniacid=1&t=undefined&v=1.3&m=ewei_shopv2&from=wxapp&c=entry&a=wxapp&do=main&&state=we7sid-5ccf7c9bc34521c306482a8f5303d2d5&sign=b784ab23607f6ea4ff89386229326e63 pn=upload; op=order; orderid=10252; 
上传
[2018-07-06 15:33:29] trace  /app/index.php?i=1&uniacid=1&t=undefined&v=1.3&m=ewei_shopv2&from=wxapp&c=entry&a=wxapp&do=main&&state=we7sid-89a3a56cdcf5dc6ab9a73afd5ae2711a&sign=7d6d392010f075e9988fa26e7f435b14 pn=upload; op=order; orderid=10253; 
上传
[2018-07-06 15:47:12] trace  /app/index.php?i=1&uniacid=1&t=undefined&v=1.3&m=ewei_shopv2&from=wxapp&c=entry&a=wxapp&do=main&&state=we7sid-4e4901320d45c3b0813c09c1db17682d&sign=65c301d5fa09920cbf8f78eb9650ec69 pn=upload; op=author; orderid=9910; 
上传
[2018-07-06 15:54:44] trace  /app/index.php?i=1&uniacid=1&t=undefined&v=1.3&m=ewei_shopv2&from=wxapp&c=entry&a=wxapp&do=main&&state=we7sid-4e4901320d45c3b0813c09c1db17682d&sign=65c301d5fa09920cbf8f78eb9650ec69 pn=upload; op=author; orderid=9937; 
上传
[2018-07-06 16:01:11] trace  /app/index.php?i=1&uniacid=1&t=undefined&v=1.3&m=ewei_shopv2&from=wxapp&c=entry&a=wxapp&do=main&&state=we7sid-4e4901320d45c3b0813c09c1db17682d&sign=65c301d5fa09920cbf8f78eb9650ec69 pn=upload; op=author; orderid=9951; 
上传
[2018-07-06 16:06:32] trace  /app/index.php?i=1&uniacid=1&t=undefined&v=1.3&m=ewei_shopv2&from=wxapp&c=entry&a=wxapp&do=main&&state=we7sid-4e4901320d45c3b0813c09c1db17682d&sign=65c301d5fa09920cbf8f78eb9650ec69 pn=upload; op=author; orderid=9963; 
上传
[2018-07-06 16:08:53] trace  /app/index.php?i=1&uniacid=1&t=undefined&v=1.3&m=ewei_shopv2&from=wxapp&c=entry&a=wxapp&do=main&&state=we7sid-a913622d8828c24c2f5ede4120e82941&sign=112e73777cc21e7e0b31dcca8d52bb14 pn=upload; op=order; orderid=10254; 
上传
[2018-07-06 16:21:15] trace  /app/index.php?i=1&uniacid=1&t=undefined&v=1.3&m=ewei_shopv2&from=wxapp&c=entry&a=wxapp&do=main&&state=we7sid-4e4901320d45c3b0813c09c1db17682d&sign=65c301d5fa09920cbf8f78eb9650ec69 pn=upload; op=author; orderid=9977; 
上传
[2018-07-06 16:21:18] trace  /app/index.php?i=1&uniacid=1&t=undefined&v=1.3&m=ewei_shopv2&from=wxapp&c=entry&a=wxapp&do=main&&state=we7sid-d4cdbe200393b7cb35a3e7b1c42d5a0b&sign=9b0c7f1f9aaa1ad4eab5293d5984b77a pn=upload; op=order; orderid=10255; 
上传
[2018-07-06 16:22:52] trace  /app/index.php?i=1&uniacid=1&t=undefined&v=1.3&m=ewei_shopv2&from=wxapp&c=entry&a=wxapp&do=main&&state=we7sid-d6ef077b38f7b79420fdbf116df01474&sign=b4fbdedc622df206cc24ac55d9ea2c92 pn=upload; op=order; orderid=10256; 
上传
[2018-07-06 16:31:19] trace  /app/index.php?i=1&uniacid=1&t=undefined&v=1.3&m=ewei_shopv2&from=wxapp&c=entry&a=wxapp&do=main&&state=we7sid-4e4901320d45c3b0813c09c1db17682d&sign=65c301d5fa09920cbf8f78eb9650ec69 pn=upload; op=author; orderid=9981; 
上传
[2018-07-06 16:33:13] trace  /app/index.php?i=1&uniacid=1&t=undefined&v=1.3&m=ewei_shopv2&from=wxapp&c=entry&a=wxapp&do=main&&state=we7sid-190321b279bf6f6b7789453128d63912&sign=ce4692df6a86294e2a6712f1fcdda4c0 op=order; orderid=10257; pn=upload; 
上传
[2018-07-06 16:33:31] trace  /app/index.php?i=1&uniacid=1&t=undefined&v=1.3&m=ewei_shopv2&from=wxapp&c=entry&a=wxapp&do=main&&state=we7sid-190321b279bf6f6b7789453128d63912&sign=ce4692df6a86294e2a6712f1fcdda4c0 op=order; orderid=10258; pn=upload; 
上传
[2018-07-06 16:53:06] trace  /app/index.php?i=1&uniacid=1&t=undefined&v=1.3&m=ewei_shopv2&from=wxapp&c=entry&a=wxapp&do=main&&state=we7sid-d61cdda447d23a16cf903e07c1b2b4d5&sign=aa1fe3478f61c424e269c863c5c65827 pn=upload; op=order; orderid=10259; 
上传
[2018-07-06 16:55:02] trace  /app/index.php?i=1&uniacid=1&t=undefined&v=1.3&m=ewei_shopv2&from=wxapp&c=entry&a=wxapp&do=main&&state=we7sid-d61cdda447d23a16cf903e07c1b2b4d5&sign=aa1fe3478f61c424e269c863c5c65827 pn=upload; op=order; orderid=10260; 
上传
[2018-07-06 16:56:24] trace  /app/index.php?i=1&uniacid=1&t=undefined&v=1.3&m=ewei_shopv2&from=wxapp&c=entry&a=wxapp&do=main&&state=we7sid-226ac444b15aaa76c8518490445367bd&sign=ba1927967dcb1c6ff3d46658dd6119d0 pn=upload; op=order; orderid=10261; 
上传
[2018-07-06 16:58:08] trace  /app/index.php?i=1&uniacid=1&t=undefined&v=1.3&m=ewei_shopv2&from=wxapp&c=entry&a=wxapp&do=main&&state=we7sid-d846b5bf4bc5a4aecf33326708d81a45&sign=4e510634c519d581d100782c645bcfa8 op=order; orderid=10262; pn=upload; 
上传
[2018-07-06 16:58:27] trace  /app/index.php?i=1&uniacid=1&t=undefined&v=1.3&m=ewei_shopv2&from=wxapp&c=entry&a=wxapp&do=main&&state=we7sid-d846b5bf4bc5a4aecf33326708d81a45&sign=4e510634c519d581d100782c645bcfa8 op=order; orderid=10263; pn=upload; 
上传
[2018-07-06 16:59:09] trace  /app/index.php?i=1&uniacid=1&t=undefined&v=1.3&m=ewei_shopv2&from=wxapp&c=entry&a=wxapp&do=main&&state=we7sid-d846b5bf4bc5a4aecf33326708d81a45&sign=4e510634c519d581d100782c645bcfa8 op=order; orderid=10264; pn=upload; 
上传
[2018-07-06 17:05:04] trace  /app/index.php?i=1&uniacid=1&t=undefined&v=1.3&m=ewei_shopv2&from=wxapp&c=entry&a=wxapp&do=main&&state=we7sid-8871ade6fd3aa4348530a0487dae2757&sign=be67c94d954a97b15498e215ae41321d pn=upload; op=order; orderid=10265; 
上传
[2018-07-06 17:06:52] trace  /app/index.php?i=1&uniacid=1&t=undefined&v=1.3&m=ewei_shopv2&from=wxapp&c=entry&a=wxapp&do=main&&state=we7sid-195bd59f177f54e36a207b5596499dff&sign=f588cc748241c7e840951860008dba42 pn=upload; op=order; orderid=10266; 
上传
[2018-07-06 17:09:59] trace  /app/index.php?i=1&uniacid=1&t=undefined&v=1.3&m=ewei_shopv2&from=wxapp&c=entry&a=wxapp&do=main&&state=we7sid-550e1c77e9f45d22cc81d6e9f7ab6b71&sign=5e1a92fd630edcfb5a98a2474b920ddb pn=upload; op=order; orderid=10267; 
上传
[2018-07-06 17:10:47] trace  /app/index.php?i=1&uniacid=1&t=undefined&v=1.3&m=ewei_shopv2&from=wxapp&c=entry&a=wxapp&do=main&&state=we7sid-cd6c1b2f219cfbadb7fc31a7e26fc81e&sign=0558a757410b79f519db230e2b1564e8 pn=upload; op=order; orderid=10268; 
上传
[2018-07-06 17:27:38] trace  /app/index.php?i=1&uniacid=1&t=undefined&v=1.3&m=ewei_shopv2&from=wxapp&c=entry&a=wxapp&do=main&&state=we7sid-6645539474c40d4851330e078b8374ed&sign=f037b2f8915d1d7141dc272a3f8408dc op=order; orderid=10270; pn=upload; 
上传
[2018-07-06 17:32:24] trace  /app/index.php?i=1&uniacid=1&t=undefined&v=1.3&m=ewei_shopv2&from=wxapp&c=entry&a=wxapp&do=main&&state=we7sid-97384000363ce3acbbf568507694bb00&sign=551d52606ec6d5af6475cae7e024a162 pn=upload; op=order; orderid=10271; 
上传
[2018-07-06 17:57:41] trace  /app/index.php?i=1&uniacid=1&t=undefined&v=1.3&m=ewei_shopv2&from=wxapp&c=entry&a=wxapp&do=main&&state=we7sid-8b27f3d7ed9d00293c39ae17e94f5e5c&sign=eb95b8576ab1946ec306c441da41283c pn=upload; op=order; orderid=10272; 
上传
[2018-07-06 17:59:25] trace  /app/index.php?i=1&uniacid=1&t=undefined&v=1.3&m=ewei_shopv2&from=wxapp&c=entry&a=wxapp&do=main&&state=we7sid-44f405755db5c077983117461ef2f138&sign=e5cd4ec2ca4fb508f2645c1bb261b56c pn=upload; op=order; orderid=10273; 
上传
[2018-07-06 18:24:03] trace  /app/index.php?i=1&uniacid=1&t=undefined&v=1.3&m=ewei_shopv2&from=wxapp&c=entry&a=wxapp&do=main&&state=we7sid-cf74bbc00d8a9add56d20c532737ba1e&sign=8a192527613c3b4a7ca64b1fcd232668 pn=upload; op=order; orderid=10274; 
上传
[2018-07-06 18:36:20] trace  /app/index.php?i=1&uniacid=1&t=undefined&v=1.3&m=ewei_shopv2&from=wxapp&c=entry&a=wxapp&do=main&&state=we7sid-33a35e543010c520e25767c6a6085e97&sign=356d22c227c9dbf2ebc64e607c746ab0 op=order; orderid=10275; pn=upload; 
上传
[2018-07-06 18:41:49] trace  /app/index.php?i=1&uniacid=1&t=undefined&v=1.3&m=ewei_shopv2&from=wxapp&c=entry&a=wxapp&do=main&&state=we7sid-b73a5d96427ca4d51439d21b9244c4af&sign=5f65627289667836161135326b9b4cc9 pn=upload; op=order; orderid=10276; 
上传
[2018-07-06 18:46:27] trace  /app/index.php?i=1&uniacid=1&t=undefined&v=1.3&m=ewei_shopv2&from=wxapp&c=entry&a=wxapp&do=main&&state=we7sid-fe5165c4eb916aaa0fc341d12aaf8da3&sign=8b3ee5a2a59a354a6852f698681ceade pn=upload; op=order; orderid=10277; 
上传
[2018-07-06 18:59:31] trace  /app/index.php?i=1&uniacid=1&t=undefined&v=1.3&m=ewei_shopv2&from=wxapp&c=entry&a=wxapp&do=main&&state=we7sid-5666cfab781852ee10a0d795975b7012&sign=a4ce1c48999961c07e3d7ee1fd10b6f4 pn=upload; op=order; orderid=10278; 
上传
[2018-07-06 19:00:33] trace  /app/index.php?i=1&uniacid=1&t=undefined&v=1.3&m=ewei_shopv2&from=wxapp&c=entry&a=wxapp&do=main&&state=we7sid-6aea517b12b24552bbce9dd67c7b9cb0&sign=b4740197a3baa0a0615f992a63f86760 pn=upload; op=order; orderid=10279; 
上传
[2018-07-06 19:28:09] trace  /app/index.php?i=1&uniacid=1&t=undefined&v=1.3&m=ewei_shopv2&from=wxapp&c=entry&a=wxapp&do=main&&state=we7sid-03d4282aab7e33ada4f0ec9f175a7f4a&sign=d4bfdfe54bd3c87c034035fb7fdbfb94 op=order; pn=upload; orderid=10280; 
上传
[2018-07-06 19:51:48] trace  /app/index.php?i=1&uniacid=1&t=undefined&v=1.3&m=ewei_shopv2&from=wxapp&c=entry&a=wxapp&do=main&&state=we7sid-44e998efa86d5e2a6953e38dcd762288&sign=1d999fd3d0fcd81e7f05f4e0d8f30454 pn=upload; op=order; orderid=10281; 
上传
[2018-07-06 19:51:49] trace  /app/index.php?i=1&uniacid=1&t=undefined&v=1.3&m=ewei_shopv2&from=wxapp&c=entry&a=wxapp&do=main&&state=we7sid-44e998efa86d5e2a6953e38dcd762288&sign=1d999fd3d0fcd81e7f05f4e0d8f30454 pn=upload; op=order; orderid=10281; 
上传
[2018-07-06 19:53:18] trace  /app/index.php?i=1&uniacid=1&t=undefined&v=1.3&m=ewei_shopv2&from=wxapp&c=entry&a=wxapp&do=main&&state=we7sid-3a40542c26c330c21ec8c5f4258e003e&sign=c2984f40aef83c04396f48faad987134 pn=upload; op=order; orderid=10282; 
上传
[2018-07-06 20:02:26] trace  /app/index.php?i=1&uniacid=1&t=undefined&v=1.3&m=ewei_shopv2&from=wxapp&c=entry&a=wxapp&do=main&&state=we7sid-3e2e9eead233bb9e52912b0d9dec7448&sign=c37a86c7c7e142b05c74657e99c161f9 pn=upload; op=order; orderid=10283; 
上传
[2018-07-06 20:02:40] trace  /app/index.php?i=1&uniacid=1&t=undefined&v=1.3&m=ewei_shopv2&from=wxapp&c=entry&a=wxapp&do=main&&state=we7sid-05bdb68af893a9be10757994536765fc&sign=773834eefe9c5bd618631bd89a23abd4 pn=upload; op=order; orderid=10284; 
上传
[2018-07-06 20:14:30] trace  /app/index.php?i=1&uniacid=1&t=undefined&v=1.3&m=ewei_shopv2&from=wxapp&c=entry&a=wxapp&do=main&&state=we7sid-7133ae801f13363f2cb9958177cecb98&sign=a604d6fd4d725e9fbba91e9a0e5d4007 pn=upload; op=order; orderid=10285; 
上传
[2018-07-06 20:38:25] trace  /app/index.php?i=1&uniacid=1&t=undefined&v=1.3&m=ewei_shopv2&from=wxapp&c=entry&a=wxapp&do=main&&state=we7sid-06372146c518a66ee65cf301e971b842&sign=b297c9e2610c4e360b2cb3d6501477eb pn=upload; op=order; orderid=10286; 
上传
[2018-07-06 21:00:07] trace  /app/index.php?i=1&uniacid=1&t=undefined&v=1.3&m=ewei_shopv2&from=wxapp&c=entry&a=wxapp&do=main&&state=we7sid-6a41997ef3154a6b88e38fc1f60d95e2&sign=e7b2a705de0e9e7bc36397efca256af7 op=order; pn=upload; orderid=10287; 
上传
[2018-07-06 21:23:40] trace  /app/index.php?i=1&uniacid=1&t=undefined&v=1.3&m=ewei_shopv2&from=wxapp&c=entry&a=wxapp&do=main&&state=we7sid-a353b45f99239d6929b596ac03992b49&sign=d4de8e91ac76a0227fbf7c86bc37efb3 pn=upload; op=order; orderid=10288; 
上传
[2018-07-06 21:35:13] trace  /app/index.php?i=1&uniacid=1&t=undefined&v=1.3&m=ewei_shopv2&from=wxapp&c=entry&a=wxapp&do=main&&state=we7sid-8e9ec61e14b8b8225a1f12833e0f5976&sign=90012aab81116d49b147edd2a5f4a3e5 pn=upload; op=order; orderid=10289; 
上传
[2018-07-06 21:39:49] trace  /app/index.php?i=1&uniacid=1&t=undefined&v=1.3&m=ewei_shopv2&from=wxapp&c=entry&a=wxapp&do=main&&state=we7sid-8efa934e971a175712d5534e0f8355cb&sign=59015da2e625e9febb54645faea13096 pn=upload; op=order; orderid=10290; 
上传
[2018-07-06 21:43:14] trace  /app/index.php?i=1&uniacid=1&t=undefined&v=1.3&m=ewei_shopv2&from=wxapp&c=entry&a=wxapp&do=main&&state=we7sid-db6704c1b748ecb9b1b53f29daf1f5ac&sign=d7e7f2d6ad03eebfb916e12fc8bd8aa4 pn=upload; op=order; orderid=10291; 
上传
[2018-07-06 21:43:56] trace  /app/index.php?i=1&uniacid=1&t=undefined&v=1.3&m=ewei_shopv2&from=wxapp&c=entry&a=wxapp&do=main&&state=we7sid-db6704c1b748ecb9b1b53f29daf1f5ac&sign=d7e7f2d6ad03eebfb916e12fc8bd8aa4 pn=upload; op=order; orderid=10292; 
上传
[2018-07-06 21:50:32] trace  /app/index.php?i=1&uniacid=1&t=undefined&v=1.3&m=ewei_shopv2&from=wxapp&c=entry&a=wxapp&do=main&&state=we7sid-10c9891a0941350d07f9faf230c13360&sign=c665a4af9a637e8b582ce1377876121d pn=upload; op=order; orderid=10293; 
上传
[2018-07-06 22:05:19] trace  /app/index.php?i=1&uniacid=1&t=undefined&v=1.3&m=ewei_shopv2&from=wxapp&c=entry&a=wxapp&do=main&&state=we7sid-b8debf92194ebad2f9f6c866b887989c&sign=b6669cd96595f03300a8e5c004b0c951 pn=upload; op=order; orderid=10294; 
上传
[2018-07-06 22:06:13] trace  /app/index.php?i=1&uniacid=1&t=undefined&v=1.3&m=ewei_shopv2&from=wxapp&c=entry&a=wxapp&do=main&&state=we7sid-620a290bf52bc040b040b09672eca6af&sign=3d50d28601aba7861c729b5d47400ceb pn=upload; op=order; orderid=10295; 
上传
[2018-07-06 22:06:53] trace  /app/index.php?i=1&uniacid=1&t=undefined&v=1.3&m=ewei_shopv2&from=wxapp&c=entry&a=wxapp&do=main&&state=we7sid-c6036e4fcf33a8d226ceb30b499b7cb0&sign=ebc51e1804f6f718ecf2b0069bab1d51 pn=upload; op=order; orderid=10296; 
上传
[2018-07-06 22:16:33] trace  /app/index.php?i=1&uniacid=1&t=undefined&v=1.3&m=ewei_shopv2&from=wxapp&c=entry&a=wxapp&do=main&&state=we7sid-d79f58a7e8f679642be8c3f8419e4c9c&sign=852b238f26b2606eb828b73821eacec2 pn=upload; op=order; orderid=10297; 
上传
[2018-07-06 22:53:21] trace  /app/index.php?i=1&uniacid=1&t=undefined&v=1.3&m=ewei_shopv2&from=wxapp&c=entry&a=wxapp&do=main&&state=we7sid-6d302e32e18ebbd1ad4e3b80e157e450&sign=18bbd7e395f1228a73e43973393f461c pn=upload; op=order; orderid=10298; 
上传
[2018-07-06 23:06:08] trace  /app/index.php?i=1&uniacid=1&t=undefined&v=1.3&m=ewei_shopv2&from=wxapp&c=entry&a=wxapp&do=main&&state=we7sid-98bf1609ee6283b094839f5f10d1d60a&sign=811a07080c216d25e09fbad465267f67 pn=upload; op=order; orderid=10299; 
上传
[2018-07-06 23:15:15] trace  /app/index.php?i=1&uniacid=1&t=undefined&v=1.3&m=ewei_shopv2&from=wxapp&c=entry&a=wxapp&do=main&&state=we7sid-0ac459e8cf6a247a5651901b551c2235&sign=71cfc1d8d71c9cca35fae32ac671692d op=order; pn=upload; orderid=10300; 
上传
[2018-07-06 23:16:54] trace  /app/index.php?i=1&uniacid=1&t=undefined&v=1.3&m=ewei_shopv2&from=wxapp&c=entry&a=wxapp&do=main&&state=we7sid-0ac459e8cf6a247a5651901b551c2235&sign=71cfc1d8d71c9cca35fae32ac671692d op=order; pn=upload; orderid=10301; 
上传
[2018-07-06 23:20:07] trace  /app/index.php?i=1&uniacid=1&t=undefined&v=1.3&m=ewei_shopv2&from=wxapp&c=entry&a=wxapp&do=main&&state=we7sid-759b1a89ef7646243728737c8920e867&sign=2146bbaba8b642fb99c3631d2fa56bc2 pn=upload; op=order; orderid=10302; 
上传
[2018-07-06 23:20:15] trace  /app/index.php?i=1&uniacid=1&t=undefined&v=1.3&m=ewei_shopv2&from=wxapp&c=entry&a=wxapp&do=main&&state=we7sid-759b1a89ef7646243728737c8920e867&sign=2146bbaba8b642fb99c3631d2fa56bc2 pn=upload; op=order; orderid=10303; 
上传
[2018-07-06 23:21:46] trace  /app/index.php?i=1&uniacid=1&t=undefined&v=1.3&m=ewei_shopv2&from=wxapp&c=entry&a=wxapp&do=main&&state=we7sid-1dd9e8ae56edfd6cbbc5bd85261baf3a&sign=3dd083bbad8476300a1744c61d77fcc1 pn=upload; op=order; orderid=10304; 
上传
[2018-07-06 23:44:17] trace  /app/index.php?i=1&uniacid=1&t=undefined&v=1.3&m=ewei_shopv2&from=wxapp&c=entry&a=wxapp&do=main&&state=we7sid-7a104ad9a11b423ca66943c9fd9684cd&sign=f7c1e28d643d5594f8f576b010a4fecc op=order; orderid=10305; pn=upload; 
上传
