[2018-06-20 00:13:56] trace  /app/index.php?i=1&uniacid=1&t=undefined&v=1.1&m=ewei_shopv2&from=wxapp&c=entry&a=wxapp&do=main&&state=we7sid-600c5a149a1db6ecbfb1b45e536f6847&sign=2ac9179b167436aeaca3ba7b14a01be6 pn=upload; op=order; orderid=8387; 
上传
[2018-06-20 00:14:41] trace  /app/index.php?i=1&uniacid=1&t=undefined&v=1.1&m=ewei_shopv2&from=wxapp&c=entry&a=wxapp&do=main&&state=we7sid-600c5a149a1db6ecbfb1b45e536f6847&sign=2ac9179b167436aeaca3ba7b14a01be6 pn=upload; op=order; orderid=8388; 
上传
[2018-06-20 00:33:33] trace  /app/index.php?i=1&uniacid=1&t=undefined&v=1.1&m=ewei_shopv2&from=wxapp&c=entry&a=wxapp&do=main&&state=we7sid-cba2825b90b2be47170ae4338e80c924&sign=1c44c105e7a8c53307f77cd636f801f6 pn=upload; op=order; orderid=8389; 
上传
[2018-06-20 00:33:33] trace  /app/index.php?i=1&uniacid=1&t=undefined&v=1.1&m=ewei_shopv2&from=wxapp&c=entry&a=wxapp&do=main&&state=we7sid-cba2825b90b2be47170ae4338e80c924&sign=1c44c105e7a8c53307f77cd636f801f6 pn=upload; op=order; orderid=8389; 
上传
[2018-06-20 00:40:24] trace  /app/index.php?i=1&uniacid=1&t=undefined&v=1.1&m=ewei_shopv2&from=wxapp&c=entry&a=wxapp&do=main&&state=we7sid-cfb4464c07d420ecfcad9dee8c9bfc15&sign=ffed1745cd9c02ed4df0c00f362fe524 pn=upload; op=order; orderid=8390; 
上传
[2018-06-20 01:02:59] trace  /app/index.php?i=1&uniacid=1&t=undefined&v=1.1&m=ewei_shopv2&from=wxapp&c=entry&a=wxapp&do=main&&state=we7sid-e32954b46dfc91a715df8d6db9d4572b&sign=eec9a7b9c4695e38facd6bae3238a1c0 op=order; orderid=8391; pn=upload; 
上传
[2018-06-20 01:02:59] trace  /app/index.php?i=1&uniacid=1&t=undefined&v=1.1&m=ewei_shopv2&from=wxapp&c=entry&a=wxapp&do=main&&state=we7sid-e32954b46dfc91a715df8d6db9d4572b&sign=eec9a7b9c4695e38facd6bae3238a1c0 op=order; orderid=8391; pn=upload; 
上传
[2018-06-20 01:31:57] trace  /app/index.php?i=1&uniacid=1&t=undefined&v=1.1&m=ewei_shopv2&from=wxapp&c=entry&a=wxapp&do=main&&state=we7sid-9e4449f80be574defada665852835b1a&sign=658b37f4b80a52fee2f2f87fff92b342 pn=upload; op=order; orderid=8392; 
上传
[2018-06-20 02:31:23] trace  /app/index.php?i=1&uniacid=1&t=undefined&v=1.1&m=ewei_shopv2&from=wxapp&c=entry&a=wxapp&do=main&&state=we7sid-f5430d51f69923470a7c857f029f1a1a&sign=ac149381114afd90ee7e1c4e48c9fdd4 pn=upload; op=order; orderid=8393; 
上传
[2018-06-20 02:45:25] trace  /app/index.php?i=1&uniacid=1&t=undefined&v=1.1&m=ewei_shopv2&from=wxapp&c=entry&a=wxapp&do=main&&state=we7sid-35f755194d48fa10f68470ae7340d0d6&sign=b15a9d50a70acc1551b38c141033da4c pn=upload; op=author; orderid=8216; 
上传
[2018-06-20 02:51:08] trace  /app/index.php?i=1&uniacid=1&t=undefined&v=1.1&m=ewei_shopv2&from=wxapp&c=entry&a=wxapp&do=main&&state=we7sid-35f755194d48fa10f68470ae7340d0d6&sign=b15a9d50a70acc1551b38c141033da4c pn=upload; op=author; orderid=8235; 
上传
[2018-06-20 02:58:44] trace  /app/index.php?i=1&uniacid=1&t=undefined&v=1.1&m=ewei_shopv2&from=wxapp&c=entry&a=wxapp&do=main&&state=we7sid-35f755194d48fa10f68470ae7340d0d6&sign=b15a9d50a70acc1551b38c141033da4c pn=upload; op=author; orderid=8269; 
上传
[2018-06-20 02:59:25] trace  /app/index.php?i=1&uniacid=1&t=undefined&v=1.1&m=ewei_shopv2&from=wxapp&c=entry&a=wxapp&do=main&&state=we7sid-0140479d9b8aba3ea72970b8b5ba382e&sign=54e00bee3df929c785034cc77ae3d07a op=order; orderid=8394; pn=upload; 
上传
[2018-06-20 04:08:16] trace  /app/index.php?i=1&uniacid=1&t=undefined&v=1.1&m=ewei_shopv2&from=wxapp&c=entry&a=wxapp&do=main&&state=we7sid-424a573936dd010ea01ec647924a02c3&sign=991e444c2db094895296003af76bc08c pn=upload; op=order; orderid=8395; 
上传
[2018-06-20 05:38:33] trace  /app/index.php?i=1&uniacid=1&t=undefined&v=1.1&m=ewei_shopv2&from=wxapp&c=entry&a=wxapp&do=main&&state=we7sid-fdc390470e9f807ef47d6a310091c6fa&sign=fd7550743b57699b446c1898333f3316 pn=upload; op=order; orderid=8396; 
上传
[2018-06-20 05:38:34] trace  /app/index.php?i=1&uniacid=1&t=undefined&v=1.1&m=ewei_shopv2&from=wxapp&c=entry&a=wxapp&do=main&&state=we7sid-fdc390470e9f807ef47d6a310091c6fa&sign=fd7550743b57699b446c1898333f3316 pn=upload; op=order; orderid=8396; 
上传
[2018-06-20 06:30:45] trace  /app/index.php?i=1&uniacid=1&t=undefined&v=1.1&m=ewei_shopv2&from=wxapp&c=entry&a=wxapp&do=main&&state=we7sid-de7de110b1f75f66f89ee1fe13a07489&sign=79bff458fe19a21da1cbbf1477d6e801 pn=upload; op=order; orderid=8397; 
上传
[2018-06-20 06:50:59] trace  /app/index.php?i=1&uniacid=1&t=undefined&v=1.1&m=ewei_shopv2&from=wxapp&c=entry&a=wxapp&do=main&&state=we7sid-dd3ecc5e3a8ac0f6f8b9fcd4317f5060&sign=ad89756c4a6daf1ff684867126e31d0a pn=upload; op=order; orderid=8398; 
上传
[2018-06-20 07:14:35] trace  /app/index.php?i=1&uniacid=1&t=undefined&v=1.1&m=ewei_shopv2&from=wxapp&c=entry&a=wxapp&do=main&&state=we7sid-62797c136f9b9eb8df48018f55afbc2c&sign=9b07d715b03c791552413f33d873507a pn=upload; op=order; orderid=8399; 
上传
[2018-06-20 07:46:15] trace  /app/index.php?i=1&uniacid=1&t=undefined&v=1.1&m=ewei_shopv2&from=wxapp&c=entry&a=wxapp&do=main&&state=we7sid-e9a719c2b1e85ac8d459cbc665a45574&sign=d0ffaf3e052aa8573cedba0ff5fe6ecf pn=upload; op=order; orderid=8400; 
上传
[2018-06-20 08:03:34] trace  /app/index.php?i=1&uniacid=1&t=undefined&v=1.1&m=ewei_shopv2&from=wxapp&c=entry&a=wxapp&do=main&&state=we7sid-1af255db7119a7bf6ee5481434ffc321&sign=eb9d671e819893d5fd60b83df406e7f8 pn=upload; op=order; orderid=8401; 
上传
[2018-06-20 08:15:55] trace  /app/index.php?i=1&uniacid=1&t=undefined&v=1.1&m=ewei_shopv2&from=wxapp&c=entry&a=wxapp&do=main&&state=we7sid-977caa2abcdd0f09e0172107a2c41176&sign=221a9ff3f8325ed347ba0fc8afebafcd pn=upload; op=order; orderid=8402; 
上传
[2018-06-20 08:26:47] trace  /app/index.php?i=1&uniacid=1&t=undefined&v=1.1&m=ewei_shopv2&from=wxapp&c=entry&a=wxapp&do=main&&state=we7sid-84b2e6a2a201b1b7f23867c431f0a77c&sign=5c88b11e60033cef34550ff43a327810 pn=upload; op=order; orderid=8403; 
上传
[2018-06-20 08:50:20] trace  /app/index.php?i=1&uniacid=1&t=undefined&v=1.1&m=ewei_shopv2&from=wxapp&c=entry&a=wxapp&do=main&&state=we7sid-f2d8f170a4805fd0256f6f931597bb90&sign=5cf2f84e4c14fb5eeb3f87776077fcb8 op=order; orderid=8404; pn=upload; 
上传
[2018-06-20 08:58:38] trace  /app/index.php?i=1&uniacid=1&t=undefined&v=1.1&m=ewei_shopv2&from=wxapp&c=entry&a=wxapp&do=main&&state=we7sid-eb5e1f166ca361b7932439014673b346&sign=9e82f44de82887ee2569db8aa155d665 pn=upload; op=order; orderid=8405; 
上传
[2018-06-20 09:37:48] trace  /app/index.php?i=1&uniacid=1&t=undefined&v=1.1&m=ewei_shopv2&from=wxapp&c=entry&a=wxapp&do=main&&state=we7sid-b1f3fba3126b18cf4effbdfa4c62b0ca&sign=b2d330649af2ac23f1ca820d70930b86 pn=upload; op=order; orderid=8406; 
上传
[2018-06-20 09:46:01] trace  /app/index.php?i=1&uniacid=1&t=undefined&v=1.1&m=ewei_shopv2&from=wxapp&c=entry&a=wxapp&do=main&&state=we7sid-ed823b5b883ed02727d87b427584133f&sign=55e9f8f4d13697faa83515e5fb1c96d8 pn=upload; op=order; orderid=8407; 
上传
[2018-06-20 09:46:45] trace  /app/index.php?i=1&uniacid=1&t=undefined&v=1.1&m=ewei_shopv2&from=wxapp&c=entry&a=wxapp&do=main&&state=we7sid-fa92e9ff9864431029678a8711f6d2b2&sign=b2f444044b5aaf6a0cbe0840dd547063 pn=upload; op=order; orderid=8408; 
上传
[2018-06-20 09:48:15] trace  /app/index.php?i=1&uniacid=1&t=undefined&v=1.1&m=ewei_shopv2&from=wxapp&c=entry&a=wxapp&do=main&&state=we7sid-8ef23aa717eaa5e03791814ed9e86b14&sign=da14779c86f2b66a1b9dae0a4a4c68d8 pn=upload; op=order; orderid=8409; 
上传
[2018-06-20 10:00:31] trace  /app/index.php?i=1&uniacid=1&t=undefined&v=1.1&m=ewei_shopv2&from=wxapp&c=entry&a=wxapp&do=main&&state=we7sid-268dad12e6d9f25c8d7662e36378cc91&sign=0a7aae28f74aad0fb3db33b8fef5e672 pn=upload; op=order; orderid=8410; 
上传
[2018-06-20 10:05:55] trace  /app/index.php?i=1&uniacid=1&t=undefined&v=1.1&m=ewei_shopv2&from=wxapp&c=entry&a=wxapp&do=main&&state=we7sid-06d8fa0179adc8a62686f25b0b9ae764&sign=8f9cdf2ff42328e96fce07764bad93f3 op=order; orderid=8411; pn=upload; 
上传
[2018-06-20 10:27:00] trace  /app/index.php?i=1&uniacid=1&t=undefined&v=1.1&m=ewei_shopv2&from=wxapp&c=entry&a=wxapp&do=main&&state=we7sid-98c930bb772c8fe36fa2ec0e68d76a29&sign=2b96de3ad67009242e896fef73dbd9c3 pn=upload; op=order; orderid=8412; 
上传
[2018-06-20 10:27:48] trace  /app/index.php?i=1&uniacid=1&t=undefined&v=1.1&m=ewei_shopv2&from=wxapp&c=entry&a=wxapp&do=main&&state=we7sid-799f72a2b538db50f848e57fbb0a2c16&sign=ea815973137bd42fb3d9989e20957dcc pn=upload; op=order; orderid=8413; 
上传
[2018-06-20 10:31:14] trace  /app/index.php?i=1&uniacid=1&t=undefined&v=1.1&m=ewei_shopv2&from=wxapp&c=entry&a=wxapp&do=main&&state=we7sid-5a04ef2bf317723f2a8c2a2c87160bae&sign=af6eed28f5f0ed855b505c44c579f098 pn=upload; op=order; orderid=8414; 
上传
[2018-06-20 10:32:45] trace  /app/index.php?i=1&uniacid=1&t=undefined&v=1.1&m=ewei_shopv2&from=wxapp&c=entry&a=wxapp&do=main&&state=we7sid-d8f440f93bb5906e0a35daecb77b298e&sign=f096e21bf7e56472a1ffc6496dc4a20d op=order; orderid=8415; pn=upload; 
上传
[2018-06-20 10:43:31] trace  /app/index.php?i=1&uniacid=1&t=undefined&v=1.1&m=ewei_shopv2&from=wxapp&c=entry&a=wxapp&do=main&&state=we7sid-0c2f93f42fc6fb4d59c41aa913ad74cf&sign=ace192514696635dd2590ef3be6872e2 pn=upload; op=order; orderid=8416; 
上传
[2018-06-20 11:08:31] trace  /app/index.php?i=1&uniacid=1&t=undefined&v=1.1&m=ewei_shopv2&from=wxapp&c=entry&a=wxapp&do=main&&state=we7sid-86f6768d21de4b2a230daa490d6db3bf&sign=504bff1b7836327e30b301984e53cdf1 pn=upload; op=order; orderid=8417; 
上传
[2018-06-20 11:26:24] trace  /app/index.php?i=1&uniacid=1&t=undefined&v=1.1&m=ewei_shopv2&from=wxapp&c=entry&a=wxapp&do=main&&state=we7sid-efae4c435fd859e3da604eaebad796cc&sign=a34ea4caf2fb8e770311de8b3b6bdd9a op=order; orderid=8418; pn=upload; 
上传
[2018-06-20 12:05:59] trace  /app/index.php?i=1&uniacid=1&t=undefined&v=1.1&m=ewei_shopv2&from=wxapp&c=entry&a=wxapp&do=main&&state=we7sid-a99032b36acab72b47fc07721fc3417a&sign=798cb4bc6061439779b19a3142f42d96 pn=upload; op=order; orderid=8419; 
上传
[2018-06-20 12:06:00] trace  /app/index.php?i=1&uniacid=1&t=undefined&v=1.1&m=ewei_shopv2&from=wxapp&c=entry&a=wxapp&do=main&&state=we7sid-a99032b36acab72b47fc07721fc3417a&sign=798cb4bc6061439779b19a3142f42d96 pn=upload; op=order; orderid=8420; 
上传
[2018-06-20 12:42:10] trace  /app/index.php?i=1&uniacid=1&t=undefined&v=1.1&m=ewei_shopv2&from=wxapp&c=entry&a=wxapp&do=main&&state=we7sid-e196772f02cc90976ea358dee1be370a&sign=88179b44c2edc4746fc53d3dc04d8b89 pn=upload; op=order; orderid=8421; 
上传
[2018-06-20 12:44:18] trace  /app/index.php?i=1&uniacid=1&t=undefined&v=1.1&m=ewei_shopv2&from=wxapp&c=entry&a=wxapp&do=main&&state=we7sid-e196772f02cc90976ea358dee1be370a&sign=88179b44c2edc4746fc53d3dc04d8b89 pn=upload; op=order; orderid=8422; 
上传
[2018-06-20 12:53:18] trace  /app/index.php?i=1&uniacid=1&t=undefined&v=1.3&m=ewei_shopv2&from=wxapp&c=entry&a=wxapp&do=main&&state=we7sid-5dab582b7d2671dfebecc6253c504134&sign=7361e21ecc3016d3947798a645c7fbea pn=upload; op=order; orderid=8423; 
上传
[2018-06-20 13:05:27] trace  /app/index.php?i=1&uniacid=1&t=undefined&v=1.3&m=ewei_shopv2&from=wxapp&c=entry&a=wxapp&do=main&&state=we7sid-70fbd9cd2b9b78052463bc5d4c933a3c&sign=55eac3c31e228871ba1d264547e4ee21 op=order; pn=upload; orderid=8424; 
上传
[2018-06-20 13:07:40] trace  /app/index.php?i=1&uniacid=1&t=undefined&v=1.3&m=ewei_shopv2&from=wxapp&c=entry&a=wxapp&do=main&&state=we7sid-1781472bcc0d66ae3c4231815a33f3c2&sign=deccb26247a8fe8ce36b2a57ed76410c pn=upload; op=order; orderid=8425; 
上传
[2018-06-20 13:28:45] trace  /app/index.php?i=1&uniacid=1&t=undefined&v=1.3&m=ewei_shopv2&from=wxapp&c=entry&a=wxapp&do=main&&state=we7sid-70bb84f10d2668fb4d6b49a7f92e1be1&sign=624540130b8a08ecd2e49cee4c28da2e pn=upload; op=order; orderid=8426; 
上传
[2018-06-20 13:34:46] trace  /app/index.php?i=1&uniacid=1&t=undefined&v=1.3&m=ewei_shopv2&from=wxapp&c=entry&a=wxapp&do=main&&state=we7sid-7d662d4d73815bc92991e3d9203d6f2e&sign=ba51e8bf350cdcf59521e1d1028ee871 pn=upload; op=order; orderid=8427; 
上传
[2018-06-20 13:41:21] trace  /app/index.php?i=1&uniacid=1&t=undefined&v=1.3&m=ewei_shopv2&from=wxapp&c=entry&a=wxapp&do=main&&state=we7sid-a7ae48a1c4f3f7f7dbe3921265c182c3&sign=3dffb195c2ec3abd369abc8b4dc56910 pn=upload; op=order; orderid=8428; 
上传
[2018-06-20 13:43:16] trace  /app/index.php?i=1&uniacid=1&t=undefined&v=1.3&m=ewei_shopv2&from=wxapp&c=entry&a=wxapp&do=main&&state=we7sid-04f65eb5c3f1be545604c0180ffc09b9&sign=38fd30041f2b13ba4c1324f8b7104d46 pn=upload; op=order; orderid=8429; 
上传
[2018-06-20 13:56:03] trace  /app/index.php?i=1&uniacid=1&t=undefined&v=1.3&m=ewei_shopv2&from=wxapp&c=entry&a=wxapp&do=main&&state=we7sid-23ec03b3916495412082e052b24e3a41&sign=72e3b33bddefced96110b8994bbf6bbc pn=upload; op=order; orderid=8430; 
上传
[2018-06-20 14:04:08] trace  /app/index.php?i=1&uniacid=1&t=undefined&v=1.3&m=ewei_shopv2&from=wxapp&c=entry&a=wxapp&do=main&&state=we7sid-6c0afe4e10a1ca12216e902f225ee03d&sign=699581c91bf46b8bef27c3e72252ab97 pn=upload; op=order; orderid=8431; 
上传
[2018-06-20 14:10:27] trace  /app/index.php?i=1&uniacid=1&t=undefined&v=1.3&m=ewei_shopv2&from=wxapp&c=entry&a=wxapp&do=main&&state=we7sid-0092364696d5a3771fdb81bf2de879ff&sign=815cfda24c9cdf7f6c67d9093d4e8f3c pn=upload; op=order; orderid=8432; 
上传
[2018-06-20 14:49:57] trace  /app/index.php?i=1&uniacid=1&t=undefined&v=1.3&m=ewei_shopv2&from=wxapp&c=entry&a=wxapp&do=main&&state=we7sid-82a523df171f1b1de3f83667af93ccbf&sign=f9aff069a250c50034b60c8cfb0e8de8 pn=upload; op=order; orderid=8433; 
上传
[2018-06-20 14:50:36] trace  /app/index.php?i=1&uniacid=1&t=undefined&v=1.3&m=ewei_shopv2&from=wxapp&c=entry&a=wxapp&do=main&&state=we7sid-82a523df171f1b1de3f83667af93ccbf&sign=f9aff069a250c50034b60c8cfb0e8de8 pn=upload; op=order; orderid=8434; 
上传
[2018-06-20 14:50:59] trace  /app/index.php?i=1&uniacid=1&t=undefined&v=1.3&m=ewei_shopv2&from=wxapp&c=entry&a=wxapp&do=main&&state=we7sid-82a523df171f1b1de3f83667af93ccbf&sign=f9aff069a250c50034b60c8cfb0e8de8 pn=upload; op=order; orderid=8435; 
上传
[2018-06-20 14:56:37] trace  /app/index.php?i=1&uniacid=1&t=undefined&v=1.3&m=ewei_shopv2&from=wxapp&c=entry&a=wxapp&do=main&&state=we7sid-06275ebce5a890616afd71cbcaaf66a1&sign=80ee67e95b1c8666ca395ab2bfb41222 pn=upload; op=order; orderid=8436; 
上传
[2018-06-20 14:56:42] trace  /app/index.php?i=1&uniacid=1&t=undefined&v=1.3&m=ewei_shopv2&from=wxapp&c=entry&a=wxapp&do=main&&state=we7sid-06275ebce5a890616afd71cbcaaf66a1&sign=80ee67e95b1c8666ca395ab2bfb41222 pn=upload; op=order; orderid=8437; 
上传
[2018-06-20 15:32:30] trace  /app/index.php?i=1&uniacid=1&t=undefined&v=1.3&m=ewei_shopv2&from=wxapp&c=entry&a=wxapp&do=main&&state=we7sid-5ea370b03e56a5ec4463fb5b21bfb0c5&sign=b9938e9cf2ab47baed797fd91d1e74a4 op=order; orderid=8438; pn=upload; 
上传
[2018-06-20 15:33:53] trace  /app/index.php?i=1&uniacid=1&t=undefined&v=1.3&m=ewei_shopv2&from=wxapp&c=entry&a=wxapp&do=main&&state=we7sid-5ea370b03e56a5ec4463fb5b21bfb0c5&sign=b9938e9cf2ab47baed797fd91d1e74a4 op=order; orderid=8439; pn=upload; 
上传
[2018-06-20 15:53:55] trace  /app/index.php?i=1&uniacid=1&t=undefined&v=1.3&m=ewei_shopv2&from=wxapp&c=entry&a=wxapp&do=main&&state=we7sid-1d7e3a4d98a81d20accd5ff0cc779b65&sign=ad837518c7c8dcae9844686d52b498c9 pn=upload; op=order; orderid=8440; 
上传
[2018-06-20 16:20:42] trace  /app/index.php?i=1&uniacid=1&t=undefined&v=1.3&m=ewei_shopv2&from=wxapp&c=entry&a=wxapp&do=main&&state=we7sid-6205b04e43ab1a3914348768a5f6cecd&sign=5b03dac3ef38133e101d1d94be9925d4 pn=upload; op=order; orderid=8441; 
上传
[2018-06-20 16:31:03] trace  /app/index.php?i=1&uniacid=1&t=undefined&v=1.3&m=ewei_shopv2&from=wxapp&c=entry&a=wxapp&do=main&&state=we7sid-38dea56181afe4ad74950bf5014b7eee&sign=9a85f6ab0ea9239853e22fa34a1568a2 pn=upload; op=order; orderid=8442; 
上传
[2018-06-20 16:49:49] trace  /app/index.php?i=1&uniacid=1&t=undefined&v=1.3&m=ewei_shopv2&from=wxapp&c=entry&a=wxapp&do=main&&state=we7sid-c00e4b66f69af11276e70cb64fde19e7&sign=f86aa4c756375bc6c2c1de70746e3f20 pn=upload; op=order; orderid=8443; 
上传
[2018-06-20 16:53:36] trace  /app/index.php?i=1&uniacid=1&t=undefined&v=1.3&m=ewei_shopv2&from=wxapp&c=entry&a=wxapp&do=main&&state=we7sid-1d7e3a4d98a81d20accd5ff0cc779b65&sign=ad837518c7c8dcae9844686d52b498c9 pn=upload; op=order; orderid=8444; 
上传
[2018-06-20 16:59:31] trace  /app/index.php?i=1&uniacid=1&t=undefined&v=1.3&m=ewei_shopv2&from=wxapp&c=entry&a=wxapp&do=main&&state=we7sid-c7e6e7453146ede5b3348943a42453a8&sign=f06c6460a661f689c4740e3f1f91e68a pn=upload; op=order; orderid=8445; 
上传
[2018-06-20 17:03:25] trace  /app/index.php?i=1&uniacid=1&t=undefined&v=1.3&m=ewei_shopv2&from=wxapp&c=entry&a=wxapp&do=main&&state=we7sid-821da6adc051c538df5cfd24fb6d967b&sign=d367e64180a5b6d28ee58dd7fa359a3d op=order; orderid=8446; pn=upload; 
上传
[2018-06-20 17:03:29] trace  /app/index.php?i=1&uniacid=1&t=undefined&v=1.3&m=ewei_shopv2&from=wxapp&c=entry&a=wxapp&do=main&&state=we7sid-1d7e3a4d98a81d20accd5ff0cc779b65&sign=ad837518c7c8dcae9844686d52b498c9 pn=upload; op=order; orderid=8447; 
上传
[2018-06-20 17:04:19] trace  /app/index.php?i=1&uniacid=1&t=undefined&v=1.3&m=ewei_shopv2&from=wxapp&c=entry&a=wxapp&do=main&&state=we7sid-1d7e3a4d98a81d20accd5ff0cc779b65&sign=ad837518c7c8dcae9844686d52b498c9 pn=upload; op=order; orderid=8448; 
上传
[2018-06-20 17:20:15] trace  /app/index.php?i=1&uniacid=1&t=undefined&v=1.3&m=ewei_shopv2&from=wxapp&c=entry&a=wxapp&do=main&&state=we7sid-50c75b82cd39d7ad29b5230163426dea&sign=45cb5920335e03876cf8961bff1b7243 pn=upload; op=order; orderid=8449; 
上传
[2018-06-20 17:46:21] trace  /app/index.php?i=1&uniacid=1&t=undefined&v=1.3&m=ewei_shopv2&from=wxapp&c=entry&a=wxapp&do=main&&state=we7sid-2d3078ea140176445f3a738731e04555&sign=eced23df2ce6c3250559dc42bad674e5 pn=upload; op=order; orderid=8450; 
上传
[2018-06-20 17:57:32] trace  /app/index.php?i=1&uniacid=1&t=undefined&v=1.3&m=ewei_shopv2&from=wxapp&c=entry&a=wxapp&do=main&&state=we7sid-60ae40cebb8a89dde6aec7addd1dedef&sign=5578a14d2d5596cefb5155b0fcccc0da pn=upload; op=order; orderid=8451; 
上传
[2018-06-20 18:06:11] trace  /app/index.php?i=1&uniacid=1&t=undefined&v=1.3&m=ewei_shopv2&from=wxapp&c=entry&a=wxapp&do=main&&state=we7sid-3f30e338d90fff06b8047f47454c809b&sign=023ce2c889da178d49546aa3ad938626 pn=upload; op=order; orderid=8452; 
上传
[2018-06-20 18:21:09] trace  /app/index.php?i=1&uniacid=1&t=undefined&v=1.3&m=ewei_shopv2&from=wxapp&c=entry&a=wxapp&do=main&&state=we7sid-0e9707764bb6e3f954d1af794c3fa36b&sign=efba6cea4867b6a6f807aaec71469f28 pn=upload; op=order; orderid=8453; 
上传
[2018-06-20 18:31:36] trace  /app/index.php?i=1&uniacid=1&t=undefined&v=1.3&m=ewei_shopv2&from=wxapp&c=entry&a=wxapp&do=main&&state=we7sid-b1c6a33c17926095cacdaaeac78ff53c&sign=6ea3e7b1b31049a1f342de0db731e89f op=order; orderid=8454; pn=upload; 
上传
[2018-06-20 18:42:12] trace  /app/index.php?i=1&uniacid=1&t=undefined&v=1.3&m=ewei_shopv2&from=wxapp&c=entry&a=wxapp&do=main&&state=we7sid-afc07613e4839b6e08530133b1da23ea&sign=3e30305474bad68aad0cc40fdd6c66a5 pn=upload; op=order; orderid=8455; 
上传
[2018-06-20 18:46:25] trace  /app/index.php?i=1&uniacid=1&t=undefined&v=1.3&m=ewei_shopv2&from=wxapp&c=entry&a=wxapp&do=main&&state=we7sid-ff7c6debd2d964b34a856c24bbe677b1&sign=18769b8ff86368a42e8d89b280967de4 pn=upload; op=order; orderid=8456; 
上传
[2018-06-20 18:47:20] trace  /app/index.php?i=1&uniacid=1&t=undefined&v=1.3&m=ewei_shopv2&from=wxapp&c=entry&a=wxapp&do=main&&state=we7sid-ff7c6debd2d964b34a856c24bbe677b1&sign=18769b8ff86368a42e8d89b280967de4 pn=upload; op=order; orderid=8457; 
上传
[2018-06-20 18:49:19] trace  /app/index.php?i=1&uniacid=1&t=undefined&v=1.3&m=ewei_shopv2&from=wxapp&c=entry&a=wxapp&do=main&&state=we7sid-bfb20f19fb424bfea19c0e04ba996e81&sign=27a1058e4624f8f9e9a9d9e8ced04c01 pn=upload; op=order; orderid=8458; 
上传
[2018-06-20 19:19:52] trace  /app/index.php?i=1&uniacid=1&t=undefined&v=1.3&m=ewei_shopv2&from=wxapp&c=entry&a=wxapp&do=main&&state=we7sid-332730d4a7ce282bf4635eef39d597e2&sign=012798aa3f3397c5c112c793afcce6f5 pn=upload; op=order; orderid=8459; 
上传
[2018-06-20 19:35:46] trace  /app/index.php?i=1&uniacid=1&t=undefined&v=1.3&m=ewei_shopv2&from=wxapp&c=entry&a=wxapp&do=main&&state=we7sid-d6af86eeea2d976c04844dc84d57cd03&sign=e2a579807f60f9bfd4f873a4cf8dc7f3 pn=upload; op=order; orderid=8460; 
上传
[2018-06-20 19:38:12] trace  /app/index.php?i=1&uniacid=1&t=undefined&v=1.3&m=ewei_shopv2&from=wxapp&c=entry&a=wxapp&do=main&&state=we7sid-eaa103fa110acc3489c15f7e56d60bd1&sign=9d94cc70add1861eecf1efffd7783456 pn=upload; op=order; orderid=8461; 
上传
[2018-06-20 19:44:25] trace  /app/index.php?i=1&uniacid=1&t=undefined&v=1.3&m=ewei_shopv2&from=wxapp&c=entry&a=wxapp&do=main&&state=we7sid-c8eb0c924f2eb998860c9e331935ed44&sign=acba712826aa5958850e43e6b9cbc969 pn=upload; op=order; orderid=8462; 
上传
[2018-06-20 19:59:26] trace  /app/index.php?i=1&uniacid=1&t=undefined&v=1.3&m=ewei_shopv2&from=wxapp&c=entry&a=wxapp&do=main&&state=we7sid-534ff9bac95d741987b3b654a1c7292c&sign=0fa678f5a6166c683cf38ca4ca203e53 pn=upload; op=order; orderid=8463; 
上传
[2018-06-20 21:01:29] trace  /app/index.php?i=1&uniacid=1&t=undefined&v=1.3&m=ewei_shopv2&from=wxapp&c=entry&a=wxapp&do=main&&state=we7sid-262dbb9f3e314c8fe8da176ee8ebf10d&sign=4829b5552116109757bdfee5ddf859fc pn=upload; op=order; orderid=8464; 
上传
[2018-06-20 21:50:41] trace  /app/index.php?i=1&uniacid=1&t=undefined&v=1.3&m=ewei_shopv2&from=wxapp&c=entry&a=wxapp&do=main&&state=we7sid-0fc6f46db3bd6b63ce3222174ebcc09e&sign=9b883905e9d2de419ca6921898a20afe pn=upload; op=order; orderid=8465; 
上传
[2018-06-20 22:05:22] trace  /app/index.php?i=1&uniacid=1&t=undefined&v=1.3&m=ewei_shopv2&from=wxapp&c=entry&a=wxapp&do=main&&state=we7sid-88a2ba0ee8c6fa3d1361a462554e0a03&sign=44db2f1cfdeebf3c576757a2acb5345f pn=upload; op=order; orderid=8466; 
上传
[2018-06-20 22:06:03] trace  /app/index.php?i=1&uniacid=1&t=undefined&v=1.3&m=ewei_shopv2&from=wxapp&c=entry&a=wxapp&do=main&&state=we7sid-1f3bfdf46c851f20141906dcdcccfa49&sign=be69895ecfb32272fe22051be983c66e pn=upload; op=order; orderid=8467; 
上传
[2018-06-20 22:18:31] trace  /app/index.php?i=1&uniacid=1&t=undefined&v=1.3&m=ewei_shopv2&from=wxapp&c=entry&a=wxapp&do=main&&state=we7sid-fbcfb04611b0136f255a71befa4a473d&sign=e03bd9b0959eb09eec3d57c04c8a56d3 pn=upload; op=order; orderid=8468; 
上传
[2018-06-20 22:26:57] trace  /app/index.php?i=1&uniacid=1&t=undefined&v=1.3&m=ewei_shopv2&from=wxapp&c=entry&a=wxapp&do=main&&state=we7sid-9ddc08482d101981aac2c958fd337c50&sign=76481f6c17445c2af05447f11b67f589 op=order; orderid=8469; pn=upload; 
上传
[2018-06-20 22:39:26] trace  /app/index.php?i=1&uniacid=1&t=undefined&v=1.3&m=ewei_shopv2&from=wxapp&c=entry&a=wxapp&do=main&&state=we7sid-75da8c50107b8fac435f16b45ea288ff&sign=071d44459db1dec1f24c720037724b23 pn=upload; op=order; orderid=8470; 
上传
[2018-06-20 22:47:32] trace  /app/index.php?i=1&uniacid=1&t=undefined&v=1.3&m=ewei_shopv2&from=wxapp&c=entry&a=wxapp&do=main&&state=we7sid-9119c35658e4aec245e113129598ffd7&sign=619467459a71de4675cac397886ff979 pn=upload; op=order; orderid=8471; 
上传
[2018-06-20 23:03:17] trace  /app/index.php?i=1&uniacid=1&t=undefined&v=1.3&m=ewei_shopv2&from=wxapp&c=entry&a=wxapp&do=main&&state=we7sid-5c9d855889422a1d4b7916501127a6de&sign=9aa65909dbdcf6ae2a5748dd607a6935 pn=upload; op=order; orderid=8472; 
上传
[2018-06-20 23:17:12] trace  /app/index.php?i=1&uniacid=1&t=undefined&v=1.3&m=ewei_shopv2&from=wxapp&c=entry&a=wxapp&do=main&&state=we7sid-79d9ffe18332d76dd40d48a696ede6cc&sign=9606bb05dcda5314558ff18ddd7f258e pn=upload; op=order; orderid=8473; 
上传
[2018-06-20 23:25:26] trace  /app/index.php?i=1&uniacid=1&t=undefined&v=1.3&m=ewei_shopv2&from=wxapp&c=entry&a=wxapp&do=main&&state=we7sid-6f6701ed314af1954a7fcc7332a5c30c&sign=5dc69928d264df652baae7f07e0b9d06 pn=upload; op=order; orderid=8474; 
上传
[2018-06-20 23:47:13] trace  /app/index.php?i=1&uniacid=1&t=undefined&v=1.3&m=ewei_shopv2&from=wxapp&c=entry&a=wxapp&do=main&&state=we7sid-e5958a9664369fb9a45f0e98a3a6298a&sign=d3b391e2b0e28718110c505b778c7a32 op=order; orderid=8475; pn=upload; 
上传
[2018-06-20 23:58:13] trace  /app/index.php?i=1&uniacid=1&t=undefined&v=1.3&m=ewei_shopv2&from=wxapp&c=entry&a=wxapp&do=main&&state=we7sid-c7d918a848c515b26727fa2ba82ea87c&sign=2afea9e8b5b348118d9fda072fa98fed pn=upload; op=order; orderid=8476; 
上传
