[2018-09-14 00:07:35] trace  /app/index.php?i=1&uniacid=1&t=undefined&v=1.3&m=ewei_shopv2&from=wxapp&c=entry&a=wxapp&do=main&&state=we7sid-c3e38edd73b167698cff3745ee8de87b&sign=3ccf0eeac7a7abbafced1c5a1a29c877 pn=upload; op=author; orderid=16700; 
上传
[2018-09-14 00:12:53] trace  /app/index.php?i=1&uniacid=1&t=undefined&v=1.3&m=ewei_shopv2&from=wxapp&c=entry&a=wxapp&do=main&&state=we7sid-c3e38edd73b167698cff3745ee8de87b&sign=3ccf0eeac7a7abbafced1c5a1a29c877 pn=upload; op=author; orderid=16798; 
上传
[2018-09-14 00:18:45] trace  /app/index.php?i=1&uniacid=1&t=undefined&v=1.3&m=ewei_shopv2&from=wxapp&c=entry&a=wxapp&do=main&&state=we7sid-c3e38edd73b167698cff3745ee8de87b&sign=3ccf0eeac7a7abbafced1c5a1a29c877 pn=upload; op=author; orderid=16804; 
上传
[2018-09-14 00:24:09] trace  /app/index.php?i=1&uniacid=1&t=undefined&v=1.3&m=ewei_shopv2&from=wxapp&c=entry&a=wxapp&do=main&&state=we7sid-c3e38edd73b167698cff3745ee8de87b&sign=3ccf0eeac7a7abbafced1c5a1a29c877 pn=upload; op=author; orderid=16924; 
上传
[2018-09-14 06:00:10] trace  /app/index.php?i=1&uniacid=1&t=undefined&v=1.3&m=ewei_shopv2&from=wxapp&c=entry&a=wxapp&do=main&&state=we7sid-344acfef44010f8285c8b82072779cc0&sign=6a3d0f809e81461b4edce6ea345c7b76 pn=upload; op=order; orderid=17075; 
上传
[2018-09-14 06:00:37] trace  /app/index.php?i=1&uniacid=1&t=undefined&v=1.3&m=ewei_shopv2&from=wxapp&c=entry&a=wxapp&do=main&&state=we7sid-344acfef44010f8285c8b82072779cc0&sign=6a3d0f809e81461b4edce6ea345c7b76 pn=upload; op=order; orderid=17076; 
上传
[2018-09-14 06:05:22] trace  /app/index.php?i=1&uniacid=1&t=undefined&v=1.3&m=ewei_shopv2&from=wxapp&c=entry&a=wxapp&do=main&&state=we7sid-08c21455a606228b39900adc21121dbf&sign=bf571af61929444e7e6cc1a31bdb7533 pn=upload; op=order; orderid=17077; 
上传
[2018-09-14 06:59:45] trace  /app/index.php?i=1&uniacid=1&t=undefined&v=1.3&m=ewei_shopv2&from=wxapp&c=entry&a=wxapp&do=main&&state=we7sid-9c2f147101f41bcd8afbbdec768b8d7d&sign=f3a6984b4050e57b2ceb711e764bc92b pn=upload; op=order; orderid=17078; 
上传
[2018-09-14 07:19:08] trace  /app/index.php?i=1&uniacid=1&t=undefined&v=1.3&m=ewei_shopv2&from=wxapp&c=entry&a=wxapp&do=main&&state=we7sid-5807d1ad32a5aef435878b5adeb455c6&sign=27fa2a0dc3829e45bbe01d70794b7b8a pn=upload; op=order; orderid=17079; 
上传
[2018-09-14 08:13:16] trace  /app/index.php?i=1&uniacid=1&t=undefined&v=1.3&m=ewei_shopv2&from=wxapp&c=entry&a=wxapp&do=main&&state=we7sid-55c4dbcd9089ab6a8c1c8df23921dfad&sign=435a00a4f98b3f9cb1ab0fb4c54ee1e0 pn=upload; op=order; orderid=17080; 
上传
[2018-09-14 08:48:59] trace  /app/index.php?i=1&uniacid=1&t=undefined&v=1.3&m=ewei_shopv2&from=wxapp&c=entry&a=wxapp&do=main&&state=we7sid-0d515eb336dadc8f0ba6b021f8fda6e0&sign=1c4616892e1f0f0ce53f9f0d26f05008 op=order; orderid=17081; pn=upload; 
上传
[2018-09-14 08:49:06] trace  /app/index.php?i=1&uniacid=1&t=undefined&v=1.3&m=ewei_shopv2&from=wxapp&c=entry&a=wxapp&do=main&&state=we7sid-0d515eb336dadc8f0ba6b021f8fda6e0&sign=1c4616892e1f0f0ce53f9f0d26f05008 op=order; orderid=17082; pn=upload; 
上传
[2018-09-14 10:38:09] trace  /app/index.php?i=1&uniacid=1&t=undefined&v=1.3&m=ewei_shopv2&from=wxapp&c=entry&a=wxapp&do=main&&state=we7sid-55fda989ae80eb4643ac14936f59c95b&sign=1e8275442c5f716c5313bdfaf27e527c pn=upload; op=order; orderid=17083; 
上传
[2018-09-14 10:41:02] trace  /app/index.php?i=1&uniacid=1&t=undefined&v=1.3&m=ewei_shopv2&from=wxapp&c=entry&a=wxapp&do=main&&state=we7sid-968d0fc967a24da07313a78f7dd8114c&sign=dcf8decf16316d12eed062be8b2282b0 pn=upload; op=order; orderid=17084; 
上传
[2018-09-14 10:41:29] trace  /app/index.php?i=1&uniacid=1&t=undefined&v=1.3&m=ewei_shopv2&from=wxapp&c=entry&a=wxapp&do=main&&state=we7sid-968d0fc967a24da07313a78f7dd8114c&sign=dcf8decf16316d12eed062be8b2282b0 pn=upload; op=order; orderid=17085; 
上传
[2018-09-14 11:25:31] trace  /app/index.php?i=1&uniacid=1&t=undefined&v=1.3&m=ewei_shopv2&from=wxapp&c=entry&a=wxapp&do=main&&state=we7sid-1e616405ceeb7814e5cad79893e057d6&sign=545dd18c18aa423e74d56e6eb68ede1e op=order; orderid=17086; pn=upload; 
上传
[2018-09-14 12:16:51] trace  /app/index.php?i=1&uniacid=1&t=undefined&v=1.3&m=ewei_shopv2&from=wxapp&c=entry&a=wxapp&do=main&&state=we7sid-e8c5a0c2cc601b42f6ec71ff6bbe1952&sign=317f41fecbf327e14f2ce8529ec244ae pn=upload; op=order; orderid=17087; 
上传
[2018-09-14 12:40:55] trace  /app/index.php?i=1&uniacid=1&t=undefined&v=1.3&m=ewei_shopv2&from=wxapp&c=entry&a=wxapp&do=main&&state=we7sid-07af376330839994eda013bf5c9104a8&sign=78566e08aad8570d0402350d868ae245 pn=upload; op=order; orderid=17088; 
上传
[2018-09-14 12:58:57] trace  /app/index.php?i=1&uniacid=1&t=undefined&v=1.3&m=ewei_shopv2&from=wxapp&c=entry&a=wxapp&do=main&&state=we7sid-4cba890d2cb8dfed83c635310717f36e&sign=4660df57dedcde826f1524e71ad59628 op=order; orderid=17089; pn=upload; 
上传
[2018-09-14 12:58:57] trace  /app/index.php?i=1&uniacid=1&t=undefined&v=1.3&m=ewei_shopv2&from=wxapp&c=entry&a=wxapp&do=main&&state=we7sid-4cba890d2cb8dfed83c635310717f36e&sign=4660df57dedcde826f1524e71ad59628 op=order; orderid=17089; pn=upload; 
上传
[2018-09-14 13:15:37] trace  /app/index.php?i=1&uniacid=1&t=undefined&v=1.3&m=ewei_shopv2&from=wxapp&c=entry&a=wxapp&do=main&&state=we7sid-870b860dc7e25558ecf52f1546ec0c94&sign=8183db3aaceec2fb15be01fa2baa4c80 op=order; orderid=17090; pn=upload; 
上传
[2018-09-14 13:17:50] trace  /app/index.php?i=1&uniacid=1&t=undefined&v=1.3&m=ewei_shopv2&from=wxapp&c=entry&a=wxapp&do=main&&state=we7sid-015ef6004fa9da31d9ff9c9eeab4b5ff&sign=b3766c0fd36dc87ae5d1c5de62f3b3a1 pn=upload; op=order; orderid=17091; 
上传
[2018-09-14 13:26:21] trace  /app/index.php?i=1&uniacid=1&t=undefined&v=1.3&m=ewei_shopv2&from=wxapp&c=entry&a=wxapp&do=main&&state=we7sid-0aad4e46bb247731bfbf38e2a24e37e2&sign=d8b998f0a8242b767571bdeba433b7fe pn=upload; op=order; orderid=17092; 
上传
[2018-09-14 13:26:36] trace  /app/index.php?i=1&uniacid=1&t=undefined&v=1.3&m=ewei_shopv2&from=wxapp&c=entry&a=wxapp&do=main&&state=we7sid-015ef6004fa9da31d9ff9c9eeab4b5ff&sign=b3766c0fd36dc87ae5d1c5de62f3b3a1 pn=upload; op=order; orderid=17093; 
上传
[2018-09-14 13:31:17] trace  /app/index.php?i=1&uniacid=1&t=undefined&v=1.3&m=ewei_shopv2&from=wxapp&c=entry&a=wxapp&do=main&&state=we7sid-8cc3e747480da6bec83404a5dc17fb92&sign=36111b051ce08db25d16927619dbe500 pn=upload; op=order; orderid=17094; 
上传
[2018-09-14 13:36:50] trace  /app/index.php?i=1&uniacid=1&t=undefined&v=1.3&m=ewei_shopv2&from=wxapp&c=entry&a=wxapp&do=main&&state=we7sid-015ef6004fa9da31d9ff9c9eeab4b5ff&sign=b3766c0fd36dc87ae5d1c5de62f3b3a1 pn=upload; op=order; orderid=17095; 
上传
[2018-09-14 13:41:36] trace  /app/index.php?i=1&uniacid=1&t=undefined&v=1.3&m=ewei_shopv2&from=wxapp&c=entry&a=wxapp&do=main&&state=we7sid-015ef6004fa9da31d9ff9c9eeab4b5ff&sign=b3766c0fd36dc87ae5d1c5de62f3b3a1 pn=upload; op=order; orderid=17096; 
上传
[2018-09-14 13:47:27] trace  /app/index.php?i=1&uniacid=1&t=undefined&v=1.3&m=ewei_shopv2&from=wxapp&c=entry&a=wxapp&do=main&&state=we7sid-015ef6004fa9da31d9ff9c9eeab4b5ff&sign=b3766c0fd36dc87ae5d1c5de62f3b3a1 pn=upload; op=order; orderid=17097; 
上传
[2018-09-14 14:40:22] trace  /app/index.php?i=1&uniacid=1&t=undefined&v=1.3&m=ewei_shopv2&from=wxapp&c=entry&a=wxapp&do=main&&state=we7sid-201be8700dbb0aa6510868d74534c857&sign=3bfe7cb1ede8da953ef3df1452efdbd9 pn=upload; op=order; orderid=17098; 
上传
[2018-09-14 15:28:47] trace  /app/index.php?i=1&uniacid=1&t=undefined&v=1.3&m=ewei_shopv2&from=wxapp&c=entry&a=wxapp&do=main&&state=we7sid-0797536dcc4ba982036d207fd4a3ff4a&sign=d5802676f7ad038fc404e2fb6a91d79c op=order; pn=upload; orderid=17099; 
上传
[2018-09-14 16:06:18] trace  /app/index.php?i=1&uniacid=1&t=undefined&v=1.3&m=ewei_shopv2&from=wxapp&c=entry&a=wxapp&do=main&&state=we7sid-cce77c9d75ebde6db383a7d59a89a3a5&sign=6da0143753c058bff5c7661889c2f177 pn=upload; op=order; orderid=17100; 
上传
[2018-09-14 16:08:57] trace  /app/index.php?i=1&uniacid=1&t=undefined&v=1.3&m=ewei_shopv2&from=wxapp&c=entry&a=wxapp&do=main&&state=we7sid-a63ce59e79a00f2f9ffbf5debf72c627&sign=2c777021aea0fee6035877f60a1ae820 pn=upload; op=order; orderid=17101; 
上传
[2018-09-14 16:16:04] trace  /app/index.php?i=1&uniacid=1&t=undefined&v=1.3&m=ewei_shopv2&from=wxapp&c=entry&a=wxapp&do=main&&state=we7sid-db0b049d8d9f3bfeb19cf430952879a0&sign=d233fa47d79691fc16213842ce8cf800 op=order; orderid=17102; pn=upload; 
上传
[2018-09-14 16:18:16] trace  /app/index.php?i=1&uniacid=1&t=undefined&v=1.3&m=ewei_shopv2&from=wxapp&c=entry&a=wxapp&do=main&&state=we7sid-cce77c9d75ebde6db383a7d59a89a3a5&sign=6da0143753c058bff5c7661889c2f177 pn=upload; op=order; orderid=17103; 
上传
[2018-09-14 16:56:17] trace  /app/index.php?i=1&uniacid=1&t=undefined&v=1.3&m=ewei_shopv2&from=wxapp&c=entry&a=wxapp&do=main&&state=we7sid-cce77c9d75ebde6db383a7d59a89a3a5&sign=6da0143753c058bff5c7661889c2f177 pn=upload; op=order; orderid=17104; 
上传
[2018-09-14 16:59:33] trace  /app/index.php?i=1&uniacid=1&t=undefined&v=1.3&m=ewei_shopv2&from=wxapp&c=entry&a=wxapp&do=main&&state=we7sid-fe3b5b33f83e0a031e1f35392bfa304e&sign=cfb9447cc32edcd6964d41d026fc46f6 op=order; orderid=17105; pn=upload; 
上传
[2018-09-14 17:03:07] trace  /app/index.php?i=1&uniacid=1&t=undefined&v=1.3&m=ewei_shopv2&from=wxapp&c=entry&a=wxapp&do=main&&state=we7sid-2b873d689fa90a848af92a2a60c49e59&sign=d582d82001ffbceff2f46767528e1428 pn=upload; op=order; orderid=17106; 
上传
[2018-09-14 17:24:00] trace  /app/index.php?i=1&uniacid=1&t=undefined&v=1.3&m=ewei_shopv2&from=wxapp&c=entry&a=wxapp&do=main&&state=we7sid-427bd1a906d6281a991430b207bcd30f&sign=e8221984bc81874a4fbbed5dfd1ed639 op=order; orderid=17107; pn=upload; 
上传
[2018-09-14 17:39:59] trace  /app/index.php?i=1&uniacid=1&t=undefined&v=1.3&m=ewei_shopv2&from=wxapp&c=entry&a=wxapp&do=main&&state=we7sid-e9c6b9062c0e3854f271771b88deed23&sign=0a5200797c94c603027517941094a4f9 op=order; pn=upload; orderid=17108; 
上传
[2018-09-14 17:42:15] trace  /app/index.php?i=1&uniacid=1&t=undefined&v=1.3&m=ewei_shopv2&from=wxapp&c=entry&a=wxapp&do=main&&state=we7sid-a0c18db9f22c203c9059448b866aafc9&sign=7c525d2778bd3c633508154c89823abf pn=upload; op=order; orderid=17109; 
上传
[2018-09-14 18:00:19] trace  /app/index.php?i=1&uniacid=1&t=undefined&v=1.3&m=ewei_shopv2&from=wxapp&c=entry&a=wxapp&do=main&&state=we7sid-b48b24b376b31f6e0ee28024398f6e14&sign=ea3b1e6dbb9e2ff33f03b143755028c0 pn=upload; op=order; orderid=17110; 
上传
[2018-09-14 19:09:35] trace  /app/index.php?i=1&uniacid=1&t=undefined&v=1.3&m=ewei_shopv2&from=wxapp&c=entry&a=wxapp&do=main&&state=we7sid-67d4e311d61b1b0a4dd77d893d873d41&sign=8aa2bdf948d148920b857711a5eaf0ef pn=upload; op=order; orderid=17111; 
上传
[2018-09-14 19:29:00] trace  /app/index.php?i=1&uniacid=1&t=undefined&v=1.3&m=ewei_shopv2&from=wxapp&c=entry&a=wxapp&do=main&&state=we7sid-f38f021e901371bd97b72518b855619a&sign=6a49022c54a65e01f51205c0f4062d80 pn=upload; op=order; orderid=17112; 
上传
[2018-09-14 19:37:49] trace  /app/index.php?i=1&uniacid=1&t=undefined&v=1.3&m=ewei_shopv2&from=wxapp&c=entry&a=wxapp&do=main&&state=we7sid-ebb76d9957002ba5d06f77dac86c20af&sign=f27b8d9d5049ec3841e1acfa8c2d9d56 op=order; orderid=17113; pn=upload; 
上传
[2018-09-14 19:37:49] trace  /app/index.php?i=1&uniacid=1&t=undefined&v=1.3&m=ewei_shopv2&from=wxapp&c=entry&a=wxapp&do=main&&state=we7sid-ebb76d9957002ba5d06f77dac86c20af&sign=f27b8d9d5049ec3841e1acfa8c2d9d56 op=order; orderid=17113; pn=upload; 
上传
[2018-09-14 19:40:01] trace  /app/index.php?i=1&uniacid=1&t=undefined&v=1.3&m=ewei_shopv2&from=wxapp&c=entry&a=wxapp&do=main&&state=we7sid-ebb76d9957002ba5d06f77dac86c20af&sign=f27b8d9d5049ec3841e1acfa8c2d9d56 op=order; orderid=17114; pn=upload; 
上传
[2018-09-14 19:42:59] trace  /app/index.php?i=1&uniacid=1&t=undefined&v=1.3&m=ewei_shopv2&from=wxapp&c=entry&a=wxapp&do=main&&state=we7sid-3230789c739f3953c31908a3c348907a&sign=c34bf08752c90ea06ffc4b93e7b22fa7 pn=upload; op=order; orderid=17115; 
上传
[2018-09-14 19:51:29] trace  /app/index.php?i=1&uniacid=1&t=undefined&v=1.3&m=ewei_shopv2&from=wxapp&c=entry&a=wxapp&do=main&&state=we7sid-71ce5cb6c32fb5927ffc2a611612ad42&sign=d609152db781785fe759f1ecf40f685a pn=upload; op=order; orderid=17116; 
上传
[2018-09-14 19:52:46] trace  /app/index.php?i=1&uniacid=1&t=undefined&v=1.3&m=ewei_shopv2&from=wxapp&c=entry&a=wxapp&do=main&&state=we7sid-71ce5cb6c32fb5927ffc2a611612ad42&sign=d609152db781785fe759f1ecf40f685a pn=upload; op=order; orderid=17117; 
上传
[2018-09-14 19:53:15] trace  /app/index.php?i=1&uniacid=1&t=undefined&v=1.3&m=ewei_shopv2&from=wxapp&c=entry&a=wxapp&do=main&&state=we7sid-190d3306b859096a7835f9cd6a500bd5&sign=0bc51f5662b521d6200afde285f8edc5 pn=upload; op=order; orderid=17118; 
上传
[2018-09-14 19:53:49] trace  /app/index.php?i=1&uniacid=1&t=undefined&v=1.3&m=ewei_shopv2&from=wxapp&c=entry&a=wxapp&do=main&&state=we7sid-71ce5cb6c32fb5927ffc2a611612ad42&sign=d609152db781785fe759f1ecf40f685a pn=upload; op=order; orderid=17119; 
上传
[2018-09-14 20:01:51] trace  /app/index.php?i=1&uniacid=1&t=undefined&v=1.3&m=ewei_shopv2&from=wxapp&c=entry&a=wxapp&do=main&&state=we7sid-abbeae424231a77a7eb17392a8567863&sign=aa46dc5442bdf42cf66dc5c94c63f12d op=order; orderid=17120; pn=upload; 
上传
[2018-09-14 20:40:05] trace  /app/index.php?i=1&uniacid=1&t=undefined&v=1.3&m=ewei_shopv2&from=wxapp&c=entry&a=wxapp&do=main&&state=we7sid-b5754e562acf5ac77a64fd430f2d5ab3&sign=da67b1c2df87e116bc42d92c9a1d31e0 op=order; orderid=17121; pn=upload; 
上传
[2018-09-14 20:51:50] trace  /app/index.php?i=1&uniacid=1&t=undefined&v=1.3&m=ewei_shopv2&from=wxapp&c=entry&a=wxapp&do=main&&state=we7sid-7ae152c886bb0e4ab087753ce60e90cb&sign=4833ecbfdae513dcc8000e458869b2fc op=order; orderid=17122; pn=upload; 
上传
[2018-09-14 20:53:44] trace  /app/index.php?i=1&uniacid=1&t=undefined&v=1.3&m=ewei_shopv2&from=wxapp&c=entry&a=wxapp&do=main&&state=we7sid-df2480d7e2121f9a3527d2bf1bbfa65a&sign=ec5faa5969810ce0d92ccb8b93d493f9 pn=upload; op=order; orderid=17123; 
上传
[2018-09-14 21:05:35] trace  /app/index.php?i=1&uniacid=1&t=undefined&v=1.3&m=ewei_shopv2&from=wxapp&c=entry&a=wxapp&do=main&&state=we7sid-df2480d7e2121f9a3527d2bf1bbfa65a&sign=ec5faa5969810ce0d92ccb8b93d493f9 pn=upload; op=order; orderid=17124; 
上传
[2018-09-14 21:10:49] trace  /app/index.php?i=1&uniacid=1&t=undefined&v=1.3&m=ewei_shopv2&from=wxapp&c=entry&a=wxapp&do=main&&state=we7sid-229908074a95ac8b5fb632c10f7e4a19&sign=a8f0d8bb3d69b25f7f51412b9a5883d3 pn=upload; op=order; orderid=17125; 
上传
[2018-09-14 21:20:37] trace  /app/index.php?i=1&uniacid=1&t=undefined&v=1.3&m=ewei_shopv2&from=wxapp&c=entry&a=wxapp&do=main&&state=we7sid-e380fa823e0319ea448b3a6f1036ce33&sign=d6d9b9a380c70e919768ed702718ef66 op=order; orderid=17126; pn=upload; 
上传
[2018-09-14 21:40:30] trace  /app/index.php?i=1&uniacid=1&t=undefined&v=1.3&m=ewei_shopv2&from=wxapp&c=entry&a=wxapp&do=main&&state=we7sid-5f974ba42b81c7814e98ff36280ea547&sign=2b9d25a881e7aaddfb6541f8feede227 pn=upload; op=order; orderid=17127; 
上传
[2018-09-14 21:41:00] trace  /app/index.php?i=1&uniacid=1&t=undefined&v=1.3&m=ewei_shopv2&from=wxapp&c=entry&a=wxapp&do=main&&state=we7sid-5f974ba42b81c7814e98ff36280ea547&sign=2b9d25a881e7aaddfb6541f8feede227 pn=upload; op=order; orderid=17128; 
上传
[2018-09-14 21:55:29] trace  /app/index.php?i=1&uniacid=1&t=undefined&v=1.3&m=ewei_shopv2&from=wxapp&c=entry&a=wxapp&do=main&&state=we7sid-22c90da2837c4a1556220f0632834558&sign=2c2cf8140ec1a0ebbbdde04281e43c0f pn=upload; op=order; orderid=17129; 
上传
[2018-09-14 22:59:13] trace  /app/index.php?i=1&uniacid=1&t=undefined&v=1.3&m=ewei_shopv2&from=wxapp&c=entry&a=wxapp&do=main&&state=we7sid-fc740e9eeea7c3ca0b05dff136d42ff5&sign=448fe733071aedb810b1631607af06cd op=order; orderid=17130; pn=upload; 
上传
[2018-09-14 23:26:06] trace  /app/index.php?i=1&uniacid=1&t=undefined&v=1.3&m=ewei_shopv2&from=wxapp&c=entry&a=wxapp&do=main&&state=we7sid-c454f49af69f2ee44e0043d757bae9bb&sign=234c1d1eaa617b2724be5dae09f8ec1e pn=upload; op=order; orderid=17131; 
上传
