[2018-08-19 00:00:40] trace  /app/index.php?i=1&uniacid=1&t=undefined&v=1.3&m=ewei_shopv2&from=wxapp&c=entry&a=wxapp&do=main&&state=we7sid-c38db02f218a75460a79ef705e4c941f&sign=223f7b0b9b058de6dffd7ba85aa14264 op=order; orderid=15117; pn=upload; 
上传
[2018-08-19 01:00:56] trace  /app/index.php?i=1&uniacid=1&t=undefined&v=1.3&m=ewei_shopv2&from=wxapp&c=entry&a=wxapp&do=main&&state=we7sid-9ff71e4b5951e222495daa0913572235&sign=7292f91e5947b41025db31665ec95c5c pn=upload; op=order; orderid=15118; 
上传
[2018-08-19 01:12:57] trace  /app/index.php?i=1&uniacid=1&t=undefined&v=1.3&m=ewei_shopv2&from=wxapp&c=entry&a=wxapp&do=main&&state=we7sid-69396419ae1aa3d76de9d7251ba1ed2d&sign=d28b4e03223aa481cae70366f6db3969 op=order; orderid=15119; pn=upload; 
上传
[2018-08-19 01:13:15] trace  /app/index.php?i=1&uniacid=1&t=undefined&v=1.3&m=ewei_shopv2&from=wxapp&c=entry&a=wxapp&do=main&&state=we7sid-69396419ae1aa3d76de9d7251ba1ed2d&sign=d28b4e03223aa481cae70366f6db3969 op=order; orderid=15120; pn=upload; 
上传
[2018-08-19 02:06:11] trace  /app/index.php?i=1&uniacid=1&t=undefined&v=1.3&m=ewei_shopv2&from=wxapp&c=entry&a=wxapp&do=main&&state=we7sid-225120c8f28f25e8c9c30c51efc3474a&sign=3f902af14ca48c56fa95f8477ef9267d pn=upload; op=order; orderid=15121; 
上传
[2018-08-19 02:07:10] trace  /app/index.php?i=1&uniacid=1&t=undefined&v=1.3&m=ewei_shopv2&from=wxapp&c=entry&a=wxapp&do=main&&state=we7sid-225120c8f28f25e8c9c30c51efc3474a&sign=3f902af14ca48c56fa95f8477ef9267d pn=upload; op=order; orderid=15122; 
上传
[2018-08-19 02:18:44] trace  /app/index.php?i=1&uniacid=1&t=undefined&v=1.3&m=ewei_shopv2&from=wxapp&c=entry&a=wxapp&do=main&&state=we7sid-b975f2099c6846779ca26e68d2826035&sign=e2cbd9bda75b4e01f5a4ce1e150af519 pn=upload; op=order; orderid=15123; 
上传
[2018-08-19 02:46:19] trace  /app/index.php?i=1&uniacid=1&t=undefined&v=1.3&m=ewei_shopv2&from=wxapp&c=entry&a=wxapp&do=main&&state=we7sid-5d6a057953da5be7938258e0369800e6&sign=b1bd891df9a19cb75e1d9b0b7fdf42d2 pn=upload; op=order; orderid=15124; 
上传
[2018-08-19 03:16:26] trace  /app/index.php?i=1&uniacid=1&t=undefined&v=1.3&m=ewei_shopv2&from=wxapp&c=entry&a=wxapp&do=main&&state=we7sid-b6ba265976623abccece1d78e0869806&sign=bfc8ef97f59ded16bd494c4285cef8ff pn=upload; op=order; orderid=15125; 
上传
[2018-08-19 03:18:11] trace  /app/index.php?i=1&uniacid=1&t=undefined&v=1.3&m=ewei_shopv2&from=wxapp&c=entry&a=wxapp&do=main&&state=we7sid-b6ba265976623abccece1d78e0869806&sign=bfc8ef97f59ded16bd494c4285cef8ff pn=upload; op=order; orderid=15126; 
上传
[2018-08-19 03:20:45] trace  /app/index.php?i=1&uniacid=1&t=undefined&v=1.3&m=ewei_shopv2&from=wxapp&c=entry&a=wxapp&do=main&&state=we7sid-b6ba265976623abccece1d78e0869806&sign=bfc8ef97f59ded16bd494c4285cef8ff pn=upload; op=order; orderid=15127; 
上传
[2018-08-19 03:20:45] trace  /app/index.php?i=1&uniacid=1&t=undefined&v=1.3&m=ewei_shopv2&from=wxapp&c=entry&a=wxapp&do=main&&state=we7sid-b6ba265976623abccece1d78e0869806&sign=bfc8ef97f59ded16bd494c4285cef8ff pn=upload; op=order; orderid=15128; 
上传
[2018-08-19 03:25:44] trace  /app/index.php?i=1&uniacid=1&t=undefined&v=1.3&m=ewei_shopv2&from=wxapp&c=entry&a=wxapp&do=main&&state=we7sid-b6ba265976623abccece1d78e0869806&sign=bfc8ef97f59ded16bd494c4285cef8ff pn=upload; op=order; orderid=15129; 
上传
[2018-08-19 03:28:46] trace  /app/index.php?i=1&uniacid=1&t=undefined&v=1.3&m=ewei_shopv2&from=wxapp&c=entry&a=wxapp&do=main&&state=we7sid-88280597e9b7d9674bccca8c457e7aa9&sign=802755c30c6b6ac5a9fd5a13904e24d3 pn=upload; op=order; orderid=15130; 
上传
[2018-08-19 03:31:32] trace  /app/index.php?i=1&uniacid=1&t=undefined&v=1.3&m=ewei_shopv2&from=wxapp&c=entry&a=wxapp&do=main&&state=we7sid-b6ba265976623abccece1d78e0869806&sign=bfc8ef97f59ded16bd494c4285cef8ff pn=upload; op=order; orderid=15131; 
上传
[2018-08-19 06:55:13] trace  /app/index.php?i=1&uniacid=1&t=undefined&v=1.3&m=ewei_shopv2&from=wxapp&c=entry&a=wxapp&do=main&&state=we7sid-08744c88b486125bea98ec29444f6273&sign=fc19518231b654be6ab9a9a352d9ee43 pn=upload; op=order; orderid=15132; 
上传
[2018-08-19 07:14:43] trace  /app/index.php?i=1&uniacid=1&t=undefined&v=1.3&m=ewei_shopv2&from=wxapp&c=entry&a=wxapp&do=main&&state=we7sid-20ccd1a8910199854f812b260716b52f&sign=184780d6e8f342598fa06cb356eada56 pn=upload; op=order; orderid=15133; 
上传
[2018-08-19 07:28:06] trace  /app/index.php?i=1&uniacid=1&t=undefined&v=1.3&m=ewei_shopv2&from=wxapp&c=entry&a=wxapp&do=main&&state=we7sid-226e907909d2f3eb916bfd008427507c&sign=454505090093b971b7f5c3e19972893e pn=upload; op=order; orderid=15134; 
上传
[2018-08-19 08:40:22] trace  /app/index.php?i=1&uniacid=1&t=undefined&v=1.3&m=ewei_shopv2&from=wxapp&c=entry&a=wxapp&do=main&&state=we7sid-5a69e71e8e82009d8dd977dabc47088b&sign=909de4e36a9638f8003f15741e5971f4 pn=upload; op=order; orderid=15135; 
上传
[2018-08-19 08:47:53] trace  /app/index.php?i=1&uniacid=1&t=undefined&v=1.3&m=ewei_shopv2&from=wxapp&c=entry&a=wxapp&do=main&&state=we7sid-ccb349c8cdc0e7cac84b50875425d2cb&sign=1c6ea4c5e2da7ea468fb21305069d39d pn=upload; op=order; orderid=15136; 
上传
[2018-08-19 08:48:12] trace  /app/index.php?i=1&uniacid=1&t=undefined&v=1.3&m=ewei_shopv2&from=wxapp&c=entry&a=wxapp&do=main&&state=we7sid-ccb349c8cdc0e7cac84b50875425d2cb&sign=1c6ea4c5e2da7ea468fb21305069d39d pn=upload; op=order; orderid=15137; 
上传
[2018-08-19 09:03:25] trace  /app/index.php?i=1&uniacid=1&t=undefined&v=1.3&m=ewei_shopv2&from=wxapp&c=entry&a=wxapp&do=main&&state=we7sid-6b1d700705a172fe64fda0a2dc9a55fe&sign=962d5a6167c6b2444579cae06de07155 op=order; pn=upload; orderid=15138; 
上传
[2018-08-19 09:32:20] trace  /app/index.php?i=1&uniacid=1&t=undefined&v=1.3&m=ewei_shopv2&from=wxapp&c=entry&a=wxapp&do=main&&state=we7sid-0c3b6968755207ab34e63465c7c368a7&sign=bade3877b93c6710deb720fe5ef1f3df pn=upload; op=order; orderid=15139; 
上传
[2018-08-19 09:55:47] trace  /app/index.php?i=1&uniacid=1&t=undefined&v=1.3&m=ewei_shopv2&from=wxapp&c=entry&a=wxapp&do=main&&state=we7sid-65e65b7e6ea65cb97093360a7cb3fabb&sign=f4a59a111d7e099f9f80ecf63734b39e pn=upload; op=order; orderid=15140; 
上传
[2018-08-19 09:58:24] trace  /app/index.php?i=1&uniacid=1&t=undefined&v=1.3&m=ewei_shopv2&from=wxapp&c=entry&a=wxapp&do=main&&state=we7sid-714050f9baf7ea8b3bada6369d51f416&sign=cb659e24b7722ca7b4246a53f58e5804 op=order; pn=upload; orderid=15141; 
上传
[2018-08-19 10:13:19] trace  /app/index.php?i=1&uniacid=1&t=undefined&v=1.3&m=ewei_shopv2&from=wxapp&c=entry&a=wxapp&do=main&&state=we7sid-a200efb23687381ad1142546676d63b8&sign=8a46585b82298b23051cd13a7ab2fe00 pn=upload; op=order; orderid=15142; 
上传
[2018-08-19 10:20:50] trace  /app/index.php?i=1&uniacid=1&t=undefined&v=1.3&m=ewei_shopv2&from=wxapp&c=entry&a=wxapp&do=main&&state=we7sid-c9383ebfd95676432785890cfa54ca1f&sign=94a72b8ad6f73c63a4b56db8b958af0a pn=upload; op=order; orderid=15143; 
上传
[2018-08-19 10:22:14] trace  /app/index.php?i=1&uniacid=1&t=undefined&v=1.3&m=ewei_shopv2&from=wxapp&c=entry&a=wxapp&do=main&&state=we7sid-3ff94b6dd38334cd359f2db14263a096&sign=3aa7c4ed480c00e172f36e22ccc7b3b2 pn=upload; op=order; orderid=15144; 
上传
[2018-08-19 10:23:45] trace  /app/index.php?i=1&uniacid=1&t=undefined&v=1.3&m=ewei_shopv2&from=wxapp&c=entry&a=wxapp&do=main&&state=we7sid-bcb0c31689637feb3a31304f33cacac6&sign=8f826f7e4e2ed8f7311aaa36b291dc47 pn=upload; op=order; orderid=15145; 
上传
[2018-08-19 10:28:03] trace  /app/index.php?i=1&uniacid=1&t=undefined&v=1.3&m=ewei_shopv2&from=wxapp&c=entry&a=wxapp&do=main&&state=we7sid-32450395def3f1ef39675598233339c9&sign=0e2911e5965ad9950a182bc27bc7456c pn=upload; op=order; orderid=15146; 
上传
[2018-08-19 10:37:12] trace  /app/index.php?i=1&uniacid=1&t=undefined&v=1.3&m=ewei_shopv2&from=wxapp&c=entry&a=wxapp&do=main&&state=we7sid-bcb0c31689637feb3a31304f33cacac6&sign=8f826f7e4e2ed8f7311aaa36b291dc47 pn=upload; op=order; orderid=15147; 
上传
[2018-08-19 10:37:18] trace  /app/index.php?i=1&uniacid=1&t=undefined&v=1.3&m=ewei_shopv2&from=wxapp&c=entry&a=wxapp&do=main&&state=we7sid-bcb0c31689637feb3a31304f33cacac6&sign=8f826f7e4e2ed8f7311aaa36b291dc47 pn=upload; op=order; orderid=15147; 
上传
[2018-08-19 10:50:53] trace  /app/index.php?i=1&uniacid=1&t=undefined&v=1.3&m=ewei_shopv2&from=wxapp&c=entry&a=wxapp&do=main&&state=we7sid-90a3cad6cb9096ef31ff9ed039bb1f7b&sign=097fc23f4c38cbfc9d7931b9a41a395c pn=upload; op=order; orderid=15148; 
上传
[2018-08-19 10:52:18] trace  /app/index.php?i=1&uniacid=1&t=undefined&v=1.3&m=ewei_shopv2&from=wxapp&c=entry&a=wxapp&do=main&&state=we7sid-aa00269ae6b575744db00618aa3572f8&sign=ed92c13ef6a1c0f285a2b2b565921a9b op=order; pn=upload; orderid=15149; 
上传
[2018-08-19 11:06:20] trace  /app/index.php?i=1&uniacid=1&t=undefined&v=1.3&m=ewei_shopv2&from=wxapp&c=entry&a=wxapp&do=main&&state=we7sid-b0be20ba562fb77ae69078a3e9144050&sign=ce24c9c8fa83102037f33862b16520c5 pn=upload; op=order; orderid=15150; 
上传
[2018-08-19 11:29:45] trace  /app/index.php?i=1&uniacid=1&t=undefined&v=1.3&m=ewei_shopv2&from=wxapp&c=entry&a=wxapp&do=main&&state=we7sid-f94925359e49804f46195145d93434e3&sign=978538239877ecc2de86f07c95d93641 pn=upload; op=order; orderid=15151; 
上传
[2018-08-19 11:37:05] trace  /app/index.php?i=1&uniacid=1&t=undefined&v=1.3&m=ewei_shopv2&from=wxapp&c=entry&a=wxapp&do=main&&state=we7sid-a831bcbafcfd43b7948ee8c472b7fc45&sign=5533b5ccf509cabc4a862c71269c62b6 pn=upload; op=order; orderid=15152; 
上传
[2018-08-19 11:37:06] trace  /app/index.php?i=1&uniacid=1&t=undefined&v=1.3&m=ewei_shopv2&from=wxapp&c=entry&a=wxapp&do=main&&state=we7sid-a831bcbafcfd43b7948ee8c472b7fc45&sign=5533b5ccf509cabc4a862c71269c62b6 pn=upload; op=order; orderid=15152; 
上传
[2018-08-19 11:51:27] trace  /app/index.php?i=1&uniacid=1&t=undefined&v=1.3&m=ewei_shopv2&from=wxapp&c=entry&a=wxapp&do=main&&state=we7sid-f354399bfda3b01d03d01f22a003b196&sign=bba8cd5f9909a19dbb1fa7df7a9adca0 pn=upload; op=order; orderid=15153; 
上传
[2018-08-19 12:33:35] trace  /app/index.php?i=1&uniacid=1&t=undefined&v=1.3&m=ewei_shopv2&from=wxapp&c=entry&a=wxapp&do=main&&state=we7sid-fefb5d3418524b44eccd24adb73e39ce&sign=4a4b3d1c096fe05b2cd0698460243fa6 pn=upload; op=order; orderid=15154; 
上传
[2018-08-19 12:42:23] trace  /app/index.php?i=1&uniacid=1&t=undefined&v=1.3&m=ewei_shopv2&from=wxapp&c=entry&a=wxapp&do=main&&state=we7sid-132a3bfb1eb46a72b2772a1b7b0e7a86&sign=8328f5fdad32a81d2697bdeddf662a3c pn=upload; op=order; orderid=15155; 
上传
[2018-08-19 12:46:57] trace  /app/index.php?i=1&uniacid=1&t=undefined&v=1.3&m=ewei_shopv2&from=wxapp&c=entry&a=wxapp&do=main&&state=we7sid-4e35eeb7c0658f07f4c7de39894d26bd&sign=b802b4a93a1420a7b9c8a46e69f3c198 pn=upload; op=order; orderid=15156; 
上传
[2018-08-19 12:53:52] trace  /app/index.php?i=1&uniacid=1&t=undefined&v=1.3&m=ewei_shopv2&from=wxapp&c=entry&a=wxapp&do=main&&state=we7sid-15f10d769583f7942b55cbb9439dabbb&sign=1f9dbc3c2a0cdc0bc18fdc3a6eec3e1f pn=upload; op=order; orderid=15157; 
上传
[2018-08-19 13:45:11] trace  /app/index.php?i=1&uniacid=1&t=undefined&v=1.3&m=ewei_shopv2&from=wxapp&c=entry&a=wxapp&do=main&&state=we7sid-c570e8a5cd1662c42443eb583a5c6bb6&sign=b0412a591b48df22145bea63ee61b631 pn=upload; op=order; orderid=15158; 
上传
[2018-08-19 14:07:19] trace  /app/index.php?i=1&uniacid=1&t=undefined&v=1.3&m=ewei_shopv2&from=wxapp&c=entry&a=wxapp&do=main&&state=we7sid-80a9d1c4a533c95204e6598a281639b2&sign=2290b7d7786c1707feae9fe7c1f5cc99 pn=upload; op=order; orderid=15159; 
上传
[2018-08-19 14:25:19] trace  /app/index.php?i=1&uniacid=1&t=undefined&v=1.3&m=ewei_shopv2&from=wxapp&c=entry&a=wxapp&do=main&&state=we7sid-0e2364f3376e7241f01f4a3c22958332&sign=422ca51a4b395f62e6fcce1dfe4df8d6 pn=upload; op=order; orderid=15160; 
上传
[2018-08-19 14:35:11] trace  /app/index.php?i=1&uniacid=1&t=undefined&v=1.3&m=ewei_shopv2&from=wxapp&c=entry&a=wxapp&do=main&&state=we7sid-1e29422d2e9500615dd8e089680913cf&sign=254b375f33053cf7430b8b73d02117c8 pn=upload; op=order; orderid=15161; 
上传
[2018-08-19 15:07:33] trace  /app/index.php?i=1&uniacid=1&t=undefined&v=1.3&m=ewei_shopv2&from=wxapp&c=entry&a=wxapp&do=main&&state=we7sid-cab5a2e80f30215a7ecb49220acc8a7b&sign=c250d9bb0baeb53857665af1eebec1fb op=order; orderid=15164; pn=upload; 
上传
[2018-08-19 15:12:54] trace  /app/index.php?i=1&uniacid=1&t=undefined&v=1.3&m=ewei_shopv2&from=wxapp&c=entry&a=wxapp&do=main&&state=we7sid-6487130d4d31b7d82f94e0e5afa048bc&sign=14f07770f6450d571027f05878596d93 pn=upload; op=order; orderid=15165; 
上传
[2018-08-19 15:28:26] trace  /app/index.php?i=1&uniacid=1&t=undefined&v=1.3&m=ewei_shopv2&from=wxapp&c=entry&a=wxapp&do=main&&state=we7sid-b2a9eb6659c5b3ff59a08c419d51abdf&sign=4f4a604fa282db181896562ecab48a76 pn=upload; op=order; orderid=15166; 
上传
[2018-08-19 15:44:55] trace  /app/index.php?i=1&uniacid=1&t=undefined&v=1.3&m=ewei_shopv2&from=wxapp&c=entry&a=wxapp&do=main&&state=we7sid-fe564c1c1dfd92d4bd875bb7916efdce&sign=c4295dd494b29727c5b5c42b2ffcaaa2 pn=upload; op=order; orderid=15167; 
上传
[2018-08-19 15:58:31] trace  /app/index.php?i=1&uniacid=1&t=undefined&v=1.3&m=ewei_shopv2&from=wxapp&c=entry&a=wxapp&do=main&&state=we7sid-604976d9c1be225da2c744dd7442a117&sign=400ce11d933258e7c229512bbdeeaaf4 pn=upload; op=order; orderid=15168; 
上传
[2018-08-19 15:59:16] trace  /app/index.php?i=1&uniacid=1&t=undefined&v=1.3&m=ewei_shopv2&from=wxapp&c=entry&a=wxapp&do=main&&state=we7sid-7d60a08044f4c330f94bbde06e065f6e&sign=f689d1f48bdb4796b02392692d87e13f op=order; orderid=15169; pn=upload; 
上传
[2018-08-19 16:08:53] trace  /app/index.php?i=1&uniacid=1&t=undefined&v=1.3&m=ewei_shopv2&from=wxapp&c=entry&a=wxapp&do=main&&state=we7sid-47a8ede16b1bf8696821004a0d87d6e3&sign=e9e6edeb62718c84b1eca505ce8ae59c pn=upload; op=order; orderid=15170; 
上传
[2018-08-19 16:10:06] trace  /app/index.php?i=1&uniacid=1&t=undefined&v=1.3&m=ewei_shopv2&from=wxapp&c=entry&a=wxapp&do=main&&state=we7sid-045d522812745f6b58f779130ffeb0c7&sign=4388e7523187a3aa1393ca877fb308b1 pn=upload; op=order; orderid=15171; 
上传
[2018-08-19 16:18:08] trace  /app/index.php?i=1&uniacid=1&t=undefined&v=1.3&m=ewei_shopv2&from=wxapp&c=entry&a=wxapp&do=main&&state=we7sid-b0824d8b84f641d7cf35b06d28bcfcd7&sign=17c6ceb94c6661edc129c00dca30adf9 pn=upload; op=order; orderid=15172; 
上传
[2018-08-19 16:20:34] trace  /app/index.php?i=1&uniacid=1&t=undefined&v=1.3&m=ewei_shopv2&from=wxapp&c=entry&a=wxapp&do=main&&state=we7sid-b0824d8b84f641d7cf35b06d28bcfcd7&sign=17c6ceb94c6661edc129c00dca30adf9 pn=upload; op=order; orderid=15173; 
上传
[2018-08-19 16:36:51] trace  /app/index.php?i=1&uniacid=1&t=undefined&v=1.3&m=ewei_shopv2&from=wxapp&c=entry&a=wxapp&do=main&&state=we7sid-1ed638eea91db5a09bbba0b80c947fb9&sign=9b7d070936018d201af432405fad1bb2 op=order; orderid=15174; pn=upload; 
上传
[2018-08-19 16:48:32] trace  /app/index.php?i=1&uniacid=1&t=undefined&v=1.3&m=ewei_shopv2&from=wxapp&c=entry&a=wxapp&do=main&&state=we7sid-9e4a9de0e80323cd267f48f3ebaa2c9b&sign=3eaf2381df4a539ee22c3b8908811bca pn=upload; op=order; orderid=15175; 
上传
[2018-08-19 16:54:03] trace  /app/index.php?i=1&uniacid=1&t=undefined&v=1.3&m=ewei_shopv2&from=wxapp&c=entry&a=wxapp&do=main&&state=we7sid-d5782885c9c5604556a34eb8ff2df9c0&sign=56716ba2a2b2de3abc2dbc2eaaf4dde1 op=order; orderid=15176; pn=upload; 
上传
[2018-08-19 17:21:15] trace  /app/index.php?i=1&uniacid=1&t=undefined&v=1.3&m=ewei_shopv2&from=wxapp&c=entry&a=wxapp&do=main&&state=we7sid-ae2a15614dda0443c44439bd5d63b7c2&sign=cd437b10655572f06773c88bcca14cf7 pn=upload; op=order; orderid=15177; 
上传
[2018-08-19 17:22:45] trace  /app/index.php?i=1&uniacid=1&t=undefined&v=1.3&m=ewei_shopv2&from=wxapp&c=entry&a=wxapp&do=main&&state=we7sid-ae2a15614dda0443c44439bd5d63b7c2&sign=cd437b10655572f06773c88bcca14cf7 pn=upload; op=order; orderid=15178; 
上传
[2018-08-19 17:23:12] trace  /app/index.php?i=1&uniacid=1&t=undefined&v=1.3&m=ewei_shopv2&from=wxapp&c=entry&a=wxapp&do=main&&state=we7sid-2bdce8f26440b675d484305b25433d7e&sign=97908c62310e3b6c308867fe3b76c2f9 op=order; orderid=15179; pn=upload; 
上传
[2018-08-19 17:23:24] trace  /app/index.php?i=1&uniacid=1&t=undefined&v=1.3&m=ewei_shopv2&from=wxapp&c=entry&a=wxapp&do=main&&state=we7sid-2bdce8f26440b675d484305b25433d7e&sign=97908c62310e3b6c308867fe3b76c2f9 op=order; orderid=15180; pn=upload; 
上传
[2018-08-19 17:31:41] trace  /app/index.php?i=1&uniacid=1&t=undefined&v=1.3&m=ewei_shopv2&from=wxapp&c=entry&a=wxapp&do=main&&state=we7sid-aaacbb5f97d73b458aec8c2d631d6855&sign=21b9c3c5eb02f538c736a702e1a7e114 pn=upload; op=order; orderid=15181; 
上传
[2018-08-19 17:45:46] trace  /app/index.php?i=1&uniacid=1&t=undefined&v=1.3&m=ewei_shopv2&from=wxapp&c=entry&a=wxapp&do=main&&state=we7sid-101c4a2de49db48bfea8f05bee5de76c&sign=6029208f11e23bdfd0b6ecceee25eadd pn=upload; op=order; orderid=15182; 
上传
[2018-08-19 17:54:12] trace  /app/index.php?i=1&uniacid=1&t=undefined&v=1.3&m=ewei_shopv2&from=wxapp&c=entry&a=wxapp&do=main&&state=we7sid-0ed5e0673956fdbf60c7641596ed14bc&sign=cf59919f955d2f500855b2f625f261fc pn=upload; op=order; orderid=15183; 
上传
[2018-08-19 18:19:52] trace  /app/index.php?i=1&uniacid=1&t=undefined&v=1.3&m=ewei_shopv2&from=wxapp&c=entry&a=wxapp&do=main&&state=we7sid-500c283344ff37404dbad693fae6f63a&sign=d59701425fc6331c5d4c656aa1b6a621 pn=upload; op=order; orderid=15185; 
上传
[2018-08-19 18:44:04] trace  /app/index.php?i=1&uniacid=1&t=undefined&v=1.3&m=ewei_shopv2&from=wxapp&c=entry&a=wxapp&do=main&&state=we7sid-bad3cd39cdb22edfdd7f967b2ef08448&sign=ab3eadc6cf9d9803c0742027a429b9f5 op=order; orderid=15186; pn=upload; 
上传
[2018-08-19 18:45:45] trace  /app/index.php?i=1&uniacid=1&t=undefined&v=1.3&m=ewei_shopv2&from=wxapp&c=entry&a=wxapp&do=main&&state=we7sid-6c514fc84790d7474a23039404d93196&sign=71745ded763befaf83e9476a9f5f4849 pn=upload; op=order; orderid=15187; 
上传
[2018-08-19 18:48:56] trace  /app/index.php?i=1&uniacid=1&t=undefined&v=1.3&m=ewei_shopv2&from=wxapp&c=entry&a=wxapp&do=main&&state=we7sid-6c514fc84790d7474a23039404d93196&sign=71745ded763befaf83e9476a9f5f4849 pn=upload; op=order; orderid=15188; 
上传
[2018-08-19 18:49:30] trace  /app/index.php?i=1&uniacid=1&t=undefined&v=1.3&m=ewei_shopv2&from=wxapp&c=entry&a=wxapp&do=main&&state=we7sid-6c514fc84790d7474a23039404d93196&sign=71745ded763befaf83e9476a9f5f4849 pn=upload; op=order; orderid=15189; 
上传
[2018-08-19 18:58:41] trace  /app/index.php?i=1&uniacid=1&t=undefined&v=1.3&m=ewei_shopv2&from=wxapp&c=entry&a=wxapp&do=main&&state=we7sid-4d01ac5125323a079e0ae6843113ed73&sign=267b6e63cb7b12546a5378905630fa76 pn=upload; op=order; orderid=15190; 
上传
[2018-08-19 19:02:03] trace  /app/index.php?i=1&uniacid=1&t=undefined&v=1.3&m=ewei_shopv2&from=wxapp&c=entry&a=wxapp&do=main&&state=we7sid-224acc52e364c3d92bf01e5d2d352561&sign=26ccc31e80913c77165336fb0ab06253 pn=upload; op=order; orderid=15191; 
上传
[2018-08-19 19:16:25] trace  /app/index.php?i=1&uniacid=1&t=undefined&v=1.3&m=ewei_shopv2&from=wxapp&c=entry&a=wxapp&do=main&&state=we7sid-224acc52e364c3d92bf01e5d2d352561&sign=26ccc31e80913c77165336fb0ab06253 pn=upload; op=order; orderid=15192; 
上传
[2018-08-19 19:46:43] trace  /app/index.php?i=1&uniacid=1&t=undefined&v=1.3&m=ewei_shopv2&from=wxapp&c=entry&a=wxapp&do=main&&state=we7sid-f0d91728aa0766d3cc27b527d901619b&sign=27c62409368e6ae2ac4a2ef7ad2d84bc pn=upload; op=order; orderid=15193; 
上传
[2018-08-19 20:13:02] trace  /app/index.php?i=1&uniacid=1&t=undefined&v=1.3&m=ewei_shopv2&from=wxapp&c=entry&a=wxapp&do=main&&state=we7sid-66d3ec618de5e2729cba692ad248801c&sign=618edbfc5dbf7b11bd3752aaf6da0649 pn=upload; op=order; orderid=15194; 
上传
[2018-08-19 20:24:53] trace  /app/index.php?i=1&uniacid=1&t=undefined&v=1.3&m=ewei_shopv2&from=wxapp&c=entry&a=wxapp&do=main&&state=we7sid-06e6f4355d09f4cf54954711f61be276&sign=07395dbc8e159a68728309e17557f8e8 pn=upload; op=order; orderid=15195; 
上传
[2018-08-19 20:25:43] trace  /app/index.php?i=1&uniacid=1&t=undefined&v=1.3&m=ewei_shopv2&from=wxapp&c=entry&a=wxapp&do=main&&state=we7sid-effd60f8a7cf9d09d2fb0e7241864e79&sign=8858beac94b01c5e94035815f36ea0d0 pn=upload; op=order; orderid=15196; 
上传
[2018-08-19 20:36:38] trace  /app/index.php?i=1&uniacid=1&t=undefined&v=1.3&m=ewei_shopv2&from=wxapp&c=entry&a=wxapp&do=main&&state=we7sid-b9e4d9ac980e03ef2abbc3250e62f92a&sign=6416e4d5a13d5c5112d3f774f9608d6c pn=upload; op=order; orderid=15197; 
上传
[2018-08-19 20:55:40] trace  /app/index.php?i=1&uniacid=1&t=undefined&v=1.3&m=ewei_shopv2&from=wxapp&c=entry&a=wxapp&do=main&&state=we7sid-d36fb02895a15d1bf79303416a0861fd&sign=1e4bedd603cfac3cce04810e5bfbaa60 pn=upload; op=order; orderid=15198; 
上传
[2018-08-19 21:15:06] trace  /app/index.php?i=1&uniacid=1&t=undefined&v=1.3&m=ewei_shopv2&from=wxapp&c=entry&a=wxapp&do=main&&state=we7sid-c13a06d9c7c491c108c2f2461f7f761d&sign=aec94418072b11a21e561efde11dcc55 pn=upload; op=order; orderid=15199; 
上传
[2018-08-19 21:17:36] trace  /app/index.php?i=1&uniacid=1&t=undefined&v=1.3&m=ewei_shopv2&from=wxapp&c=entry&a=wxapp&do=main&&state=we7sid-3b0d55943b9eccbaf30ce68ec2222831&sign=bfb3baf82712c8c5be2ed96666e17d77 op=order; orderid=15201; pn=upload; 
上传
[2018-08-19 21:17:37] trace  /app/index.php?i=1&uniacid=1&t=undefined&v=1.3&m=ewei_shopv2&from=wxapp&c=entry&a=wxapp&do=main&&state=we7sid-3b0d55943b9eccbaf30ce68ec2222831&sign=bfb3baf82712c8c5be2ed96666e17d77 op=order; orderid=15202; pn=upload; 
上传
[2018-08-19 22:01:25] trace  /app/index.php?i=1&uniacid=1&t=undefined&v=1.3&m=ewei_shopv2&from=wxapp&c=entry&a=wxapp&do=main&&state=we7sid-c26fc2457898b913a553f87e14d22a2d&sign=52c101e5571c6e2f7f77d8e93dfdcdcd pn=upload; op=order; orderid=15203; 
上传
[2018-08-19 22:10:30] trace  /app/index.php?i=1&uniacid=1&t=undefined&v=1.3&m=ewei_shopv2&from=wxapp&c=entry&a=wxapp&do=main&&state=we7sid-c755f0b3b1c7dbf3a46f721e1de914fe&sign=e4158d10800558bb5b34c88221f1389f pn=upload; op=author; orderid=14327; 
上传
[2018-08-19 22:18:55] trace  /app/index.php?i=1&uniacid=1&t=undefined&v=1.3&m=ewei_shopv2&from=wxapp&c=entry&a=wxapp&do=main&&state=we7sid-cf48d55c711f42f6cd219d3553343d4c&sign=48050530f8c10b81956de18b04405d18 pn=upload; op=order; orderid=15204; 
上传
[2018-08-19 22:23:19] trace  /app/index.php?i=1&uniacid=1&t=undefined&v=1.3&m=ewei_shopv2&from=wxapp&c=entry&a=wxapp&do=main&&state=we7sid-cf48d55c711f42f6cd219d3553343d4c&sign=48050530f8c10b81956de18b04405d18 pn=upload; op=order; orderid=15205; 
上传
[2018-08-19 22:43:12] trace  /app/index.php?i=1&uniacid=1&t=undefined&v=1.3&m=ewei_shopv2&from=wxapp&c=entry&a=wxapp&do=main&&state=we7sid-7cd924d8d647cc2fb88b906a12645523&sign=1b28bb2d3d62afa9f71ca594070360ed pn=upload; op=order; orderid=15206; 
上传
[2018-08-19 22:45:37] trace  /app/index.php?i=1&uniacid=1&t=undefined&v=1.3&m=ewei_shopv2&from=wxapp&c=entry&a=wxapp&do=main&&state=we7sid-5ba6a191da377567601a7c032657332e&sign=108e8781aefb268bdf5e52148b954b89 pn=upload; op=order; orderid=15207; 
上传
[2018-08-19 22:50:38] trace  /app/index.php?i=1&uniacid=1&t=undefined&v=1.3&m=ewei_shopv2&from=wxapp&c=entry&a=wxapp&do=main&&state=we7sid-ec6447c9eaebf1aeefd66dc0234b2c21&sign=8322151fd3055d2ea675579d3d8f024b pn=upload; op=order; orderid=15208; 
上传
[2018-08-19 22:51:46] trace  /app/index.php?i=1&uniacid=1&t=undefined&v=1.3&m=ewei_shopv2&from=wxapp&c=entry&a=wxapp&do=main&&state=we7sid-ec6447c9eaebf1aeefd66dc0234b2c21&sign=8322151fd3055d2ea675579d3d8f024b pn=upload; op=order; orderid=15209; 
上传
[2018-08-19 23:16:35] trace  /app/index.php?i=1&uniacid=1&t=undefined&v=1.3&m=ewei_shopv2&from=wxapp&c=entry&a=wxapp&do=main&&state=we7sid-74d556523cba92c3e67183fa4ef96b3e&sign=b6e075931b5ff406785202ea6c7910de pn=upload; op=order; orderid=15210; 
上传
[2018-08-19 23:23:13] trace  /app/index.php?i=1&uniacid=1&t=undefined&v=1.3&m=ewei_shopv2&from=wxapp&c=entry&a=wxapp&do=main&&state=we7sid-69478178fe6c392fb99f8e2a1f68e2b0&sign=2e22d2430e096a7b98f26fee2f79b329 pn=upload; op=order; orderid=15211; 
上传
[2018-08-19 23:28:10] trace  /app/index.php?i=1&uniacid=1&t=undefined&v=1.3&m=ewei_shopv2&from=wxapp&c=entry&a=wxapp&do=main&&state=we7sid-b1ca054969f3223963353c4f52826a4d&sign=fe43195de635135313c34a5eea602cfe pn=upload; op=order; orderid=15212; 
上传
