[2018-10-12 00:46:23] trace  /app/index.php?i=1&uniacid=1&t=undefined&v=1.3&m=ewei_shopv2&from=wxapp&c=entry&a=wxapp&do=main&&state=we7sid-6cb23418cd5f76e694250c510be717d5&sign=2fd4abd13b78c4531e2048e7532ce4f7 pn=upload; op=order; orderid=18862; 
上传
[2018-10-12 07:10:00] trace  /app/index.php?i=1&uniacid=1&t=undefined&v=1.3&m=ewei_shopv2&from=wxapp&c=entry&a=wxapp&do=main&&state=we7sid-4e379897098ae6ef81d026a97848a293&sign=ad228fb7de692f60f4fdfdf4ffecba04 pn=upload; op=order; orderid=18863; 
上传
[2018-10-12 07:16:19] trace  /app/index.php?i=1&uniacid=1&t=undefined&v=1.3&m=ewei_shopv2&from=wxapp&c=entry&a=wxapp&do=main&&state=we7sid-a3a7bc8b33e456469b6155b26a92166e&sign=7732d83ebb7d52a8ed74ab68982dd4df op=order; orderid=18864; pn=upload; 
上传
[2018-10-12 07:16:26] trace  /app/index.php?i=1&uniacid=1&t=undefined&v=1.3&m=ewei_shopv2&from=wxapp&c=entry&a=wxapp&do=main&&state=we7sid-a3a7bc8b33e456469b6155b26a92166e&sign=7732d83ebb7d52a8ed74ab68982dd4df op=order; orderid=18865; pn=upload; 
上传
[2018-10-12 07:19:21] trace  /app/index.php?i=1&uniacid=1&t=undefined&v=1.3&m=ewei_shopv2&from=wxapp&c=entry&a=wxapp&do=main&&state=we7sid-7267cccf278db255f6a1d48af9edb1a8&sign=006957401e5e32d08e0a37d55fe86f38 pn=upload; op=order; orderid=18866; 
上传
[2018-10-12 07:22:39] trace  /app/index.php?i=1&uniacid=1&t=undefined&v=1.3&m=ewei_shopv2&from=wxapp&c=entry&a=wxapp&do=main&&state=we7sid-4e379897098ae6ef81d026a97848a293&sign=ad228fb7de692f60f4fdfdf4ffecba04 pn=upload; op=order; orderid=18867; 
上传
[2018-10-12 07:23:11] trace  /app/index.php?i=1&uniacid=1&t=undefined&v=1.3&m=ewei_shopv2&from=wxapp&c=entry&a=wxapp&do=main&&state=we7sid-4e379897098ae6ef81d026a97848a293&sign=ad228fb7de692f60f4fdfdf4ffecba04 pn=upload; op=order; orderid=18868; 
上传
[2018-10-12 07:28:19] trace  /app/index.php?i=1&uniacid=1&t=undefined&v=1.3&m=ewei_shopv2&from=wxapp&c=entry&a=wxapp&do=main&&state=we7sid-4e379897098ae6ef81d026a97848a293&sign=ad228fb7de692f60f4fdfdf4ffecba04 pn=upload; op=order; orderid=18869; 
上传
[2018-10-12 08:35:27] trace  /app/index.php?i=1&uniacid=1&t=undefined&v=1.3&m=ewei_shopv2&from=wxapp&c=entry&a=wxapp&do=main&&state=we7sid-07a378e1061e15ed6051f52970ca5196&sign=b59d94475d09d9d22ab6f00e801f1009 op=order; orderid=18870; pn=upload; 
上传
[2018-10-12 09:13:00] trace  /app/index.php?i=1&uniacid=1&t=undefined&v=1.3&m=ewei_shopv2&from=wxapp&c=entry&a=wxapp&do=main&&state=we7sid-cb7ba8f8d8261f244b207e561a1bfce4&sign=60a4af9e61dea28ba81c5dcd6d4f71a3 pn=upload; op=order; orderid=18871; 
上传
[2018-10-12 09:46:39] trace  /app/index.php?i=1&uniacid=1&t=undefined&v=1.3&m=ewei_shopv2&from=wxapp&c=entry&a=wxapp&do=main&&state=we7sid-aa089b0e31ecc19430ef63d20bf8bacf&sign=d48610ea0b10a01c17a7d27589ab7ba8 pn=upload; op=order; orderid=18872; 
上传
[2018-10-12 09:48:21] trace  /app/index.php?i=1&uniacid=1&t=undefined&v=1.3&m=ewei_shopv2&from=wxapp&c=entry&a=wxapp&do=main&&state=we7sid-c1d4edd884f52abf63b470fceaeb6c93&sign=e1c503ef6eb09b54403e2745d827e3f6 op=order; orderid=18873; pn=upload; 
上传
[2018-10-12 09:48:34] trace  /app/index.php?i=1&uniacid=1&t=undefined&v=1.3&m=ewei_shopv2&from=wxapp&c=entry&a=wxapp&do=main&&state=we7sid-c1d4edd884f52abf63b470fceaeb6c93&sign=e1c503ef6eb09b54403e2745d827e3f6 op=order; orderid=18874; pn=upload; 
上传
[2018-10-12 11:01:48] trace  /app/index.php?i=1&uniacid=1&t=undefined&v=1.3&m=ewei_shopv2&from=wxapp&c=entry&a=wxapp&do=main&&state=we7sid-016ce3abaa97f2aae9f8b1eef1ef03a9&sign=f83ed72a4fd04738e3c78104b3d7c0b4 pn=upload; op=order; orderid=18875; 
上传
[2018-10-12 12:03:17] trace  /app/index.php?i=1&uniacid=1&t=undefined&v=1.3&m=ewei_shopv2&from=wxapp&c=entry&a=wxapp&do=main&&state=we7sid-016ce3abaa97f2aae9f8b1eef1ef03a9&sign=f83ed72a4fd04738e3c78104b3d7c0b4 pn=upload; op=order; orderid=18876; 
上传
[2018-10-12 12:19:36] trace  /app/index.php?i=1&uniacid=1&t=undefined&v=1.3&m=ewei_shopv2&from=wxapp&c=entry&a=wxapp&do=main&&state=we7sid-d3b82c9c4f27f47bdec60affc37c184d&sign=2f80b346593c8366039584bbe51b9e68 op=order; orderid=18877; pn=upload; 
上传
[2018-10-12 13:10:54] trace  /app/index.php?i=1&uniacid=1&t=undefined&v=1.3&m=ewei_shopv2&from=wxapp&c=entry&a=wxapp&do=main&&state=we7sid-6776992589bef1390fba4c298f8bd778&sign=788ae51fab23e2fa28f90262243a27be pn=upload; op=order; orderid=18878; 
上传
[2018-10-12 13:31:56] trace  /app/index.php?i=1&uniacid=1&t=undefined&v=1.3&m=ewei_shopv2&from=wxapp&c=entry&a=wxapp&do=main&&state=we7sid-99dc3c8feda90c1e2f876ec24694c39e&sign=697eecafe7ed5c0de156bc91412aea69 pn=upload; op=order; orderid=18879; 
上传
[2018-10-12 13:48:04] trace  /app/index.php?i=1&uniacid=1&t=undefined&v=1.3&m=ewei_shopv2&from=wxapp&c=entry&a=wxapp&do=main&&state=we7sid-8946e7c7e302f8905e9457f02687c14f&sign=ad3363de1f1c86cb1335d016119668cc op=order; orderid=18880; pn=upload; 
上传
[2018-10-12 14:07:34] trace  /app/index.php?i=1&uniacid=1&t=undefined&v=1.3&m=ewei_shopv2&from=wxapp&c=entry&a=wxapp&do=main&&state=we7sid-6d54938f3d2ed4f14f95f6f4203061d4&sign=e5858d36492fea983d95eeaa570d62d4 pn=upload; op=order; orderid=18881; 
上传
[2018-10-12 14:07:58] trace  /app/index.php?i=1&uniacid=1&t=undefined&v=1.3&m=ewei_shopv2&from=wxapp&c=entry&a=wxapp&do=main&&state=we7sid-6d54938f3d2ed4f14f95f6f4203061d4&sign=e5858d36492fea983d95eeaa570d62d4 pn=upload; op=order; orderid=18882; 
上传
[2018-10-12 14:36:12] trace  /app/index.php?i=1&uniacid=1&t=undefined&v=1.3&m=ewei_shopv2&from=wxapp&c=entry&a=wxapp&do=main&&state=we7sid-ba9060e9ac326fb5028bc6b1a76772e2&sign=a03b6416ee4a8d3dc012c2a13c629d00 op=order; orderid=18883; pn=upload; 
上传
[2018-10-12 14:40:51] trace  /app/index.php?i=1&uniacid=1&t=undefined&v=1.3&m=ewei_shopv2&from=wxapp&c=entry&a=wxapp&do=main&&state=we7sid-c9a660ab15fbb99cef6cfb6aeca6c055&sign=b1daccb2d51d2945b49cfe6789d9c422 pn=upload; op=order; orderid=18884; 
上传
[2018-10-12 14:46:13] trace  /app/index.php?i=1&uniacid=1&t=undefined&v=1.3&m=ewei_shopv2&from=wxapp&c=entry&a=wxapp&do=main&&state=we7sid-34b52e6551f11d377b371215437993fc&sign=2e8b98573720c49aa6225bf16e6bc3a3 op=order; orderid=18885; pn=upload; 
上传
[2018-10-12 14:47:29] trace  /app/index.php?i=1&uniacid=1&t=undefined&v=1.3&m=ewei_shopv2&from=wxapp&c=entry&a=wxapp&do=main&&state=we7sid-ba9060e9ac326fb5028bc6b1a76772e2&sign=a03b6416ee4a8d3dc012c2a13c629d00 op=order; orderid=18886; pn=upload; 
上传
[2018-10-12 15:03:40] trace  /app/index.php?i=1&uniacid=1&t=undefined&v=1.3&m=ewei_shopv2&from=wxapp&c=entry&a=wxapp&do=main&&state=we7sid-639bd6cc0e1d5e05318c195fb043bf05&sign=52ec3daf17039a0c249a0832d24097c1 pn=upload; op=order; orderid=18887; 
上传
[2018-10-12 15:18:34] trace  /app/index.php?i=1&uniacid=1&t=undefined&v=1.3&m=ewei_shopv2&from=wxapp&c=entry&a=wxapp&do=main&&state=we7sid-6a295145e1a78c574e19d283061e29ab&sign=5ff0c993972f7e61b3ff17fd68aa836e pn=upload; op=order; orderid=18888; 
上传
[2018-10-12 15:45:39] trace  /app/index.php?i=1&uniacid=1&t=undefined&v=1.3&m=ewei_shopv2&from=wxapp&c=entry&a=wxapp&do=main&&state=we7sid-6d701b57e82a70e8ff767db1e291ccb8&sign=cb9bb3972852bb7d6ba822ae65c4a516 op=order; orderid=18889; pn=upload; 
上传
[2018-10-12 15:53:02] trace  /app/index.php?i=1&uniacid=1&t=undefined&v=1.3&m=ewei_shopv2&from=wxapp&c=entry&a=wxapp&do=main&&state=we7sid-c222585981e66301bb28c3e1e8db3192&sign=43572c6ef040d656faa1a01a2d86e36e pn=upload; op=order; orderid=18890; 
上传
[2018-10-12 16:38:10] trace  /app/index.php?i=1&uniacid=1&t=undefined&v=1.3&m=ewei_shopv2&from=wxapp&c=entry&a=wxapp&do=main&&state=we7sid-ef25035538c114abf48e25c120e6bf77&sign=8a328a31ba4fcd2885b362f24e03ec1d pn=upload; op=author; orderid=18381; 
上传
[2018-10-12 16:38:37] trace  /app/index.php?i=1&uniacid=1&t=undefined&v=1.3&m=ewei_shopv2&from=wxapp&c=entry&a=wxapp&do=main&&state=we7sid-ef25035538c114abf48e25c120e6bf77&sign=8a328a31ba4fcd2885b362f24e03ec1d pn=upload; op=author; orderid=18688; 
上传
[2018-10-12 16:39:01] trace  /app/index.php?i=1&uniacid=1&t=undefined&v=1.3&m=ewei_shopv2&from=wxapp&c=entry&a=wxapp&do=main&&state=we7sid-ef25035538c114abf48e25c120e6bf77&sign=8a328a31ba4fcd2885b362f24e03ec1d pn=upload; op=author; orderid=18672; 
上传
[2018-10-12 16:39:01] trace  /app/index.php?i=1&uniacid=1&t=undefined&v=1.3&m=ewei_shopv2&from=wxapp&c=entry&a=wxapp&do=main&&state=we7sid-ef25035538c114abf48e25c120e6bf77&sign=8a328a31ba4fcd2885b362f24e03ec1d pn=upload; op=author; orderid=18672; 
上传
[2018-10-12 16:39:24] trace  /app/index.php?i=1&uniacid=1&t=undefined&v=1.3&m=ewei_shopv2&from=wxapp&c=entry&a=wxapp&do=main&&state=we7sid-ef25035538c114abf48e25c120e6bf77&sign=8a328a31ba4fcd2885b362f24e03ec1d pn=upload; op=author; orderid=18540; 
上传
[2018-10-12 16:39:43] trace  /app/index.php?i=1&uniacid=1&t=undefined&v=1.3&m=ewei_shopv2&from=wxapp&c=entry&a=wxapp&do=main&&state=we7sid-ef25035538c114abf48e25c120e6bf77&sign=8a328a31ba4fcd2885b362f24e03ec1d pn=upload; op=author; orderid=18489; 
上传
[2018-10-12 16:40:03] trace  /app/index.php?i=1&uniacid=1&t=undefined&v=1.3&m=ewei_shopv2&from=wxapp&c=entry&a=wxapp&do=main&&state=we7sid-ef25035538c114abf48e25c120e6bf77&sign=8a328a31ba4fcd2885b362f24e03ec1d pn=upload; op=author; orderid=18615; 
上传
[2018-10-12 16:40:25] trace  /app/index.php?i=1&uniacid=1&t=undefined&v=1.3&m=ewei_shopv2&from=wxapp&c=entry&a=wxapp&do=main&&state=we7sid-ef25035538c114abf48e25c120e6bf77&sign=8a328a31ba4fcd2885b362f24e03ec1d pn=upload; op=author; orderid=18650; 
上传
[2018-10-12 16:40:43] trace  /app/index.php?i=1&uniacid=1&t=undefined&v=1.3&m=ewei_shopv2&from=wxapp&c=entry&a=wxapp&do=main&&state=we7sid-ef25035538c114abf48e25c120e6bf77&sign=8a328a31ba4fcd2885b362f24e03ec1d pn=upload; op=author; orderid=18595; 
上传
[2018-10-12 16:41:36] trace  /app/index.php?i=1&uniacid=1&t=undefined&v=1.3&m=ewei_shopv2&from=wxapp&c=entry&a=wxapp&do=main&&state=we7sid-ef25035538c114abf48e25c120e6bf77&sign=8a328a31ba4fcd2885b362f24e03ec1d pn=upload; op=author; orderid=18422; 
上传
[2018-10-12 16:41:53] trace  /app/index.php?i=1&uniacid=1&t=undefined&v=1.3&m=ewei_shopv2&from=wxapp&c=entry&a=wxapp&do=main&&state=we7sid-ef25035538c114abf48e25c120e6bf77&sign=8a328a31ba4fcd2885b362f24e03ec1d pn=upload; op=author; orderid=18668; 
上传
[2018-10-12 16:42:13] trace  /app/index.php?i=1&uniacid=1&t=undefined&v=1.3&m=ewei_shopv2&from=wxapp&c=entry&a=wxapp&do=main&&state=we7sid-ef25035538c114abf48e25c120e6bf77&sign=8a328a31ba4fcd2885b362f24e03ec1d pn=upload; op=author; orderid=18429; 
上传
[2018-10-12 16:42:33] trace  /app/index.php?i=1&uniacid=1&t=undefined&v=1.3&m=ewei_shopv2&from=wxapp&c=entry&a=wxapp&do=main&&state=we7sid-ef25035538c114abf48e25c120e6bf77&sign=8a328a31ba4fcd2885b362f24e03ec1d pn=upload; op=author; orderid=18442; 
上传
[2018-10-12 16:42:57] trace  /app/index.php?i=1&uniacid=1&t=undefined&v=1.3&m=ewei_shopv2&from=wxapp&c=entry&a=wxapp&do=main&&state=we7sid-37dcad4adce617fd928d8f2d851ccde6&sign=c1f4911bfd80557a809f8abe676d504d pn=upload; op=order; orderid=18891; 
上传
[2018-10-12 18:42:24] trace  /app/index.php?i=1&uniacid=1&t=undefined&v=1.3&m=ewei_shopv2&from=wxapp&c=entry&a=wxapp&do=main&&state=we7sid-9790330f7ae38d262b3dc14e5bec7081&sign=655d5de2d2e19960063229066c1820a1 op=order; orderid=18892; pn=upload; 
上传
[2018-10-12 19:29:18] trace  /app/index.php?i=1&uniacid=1&t=undefined&v=1.3&m=ewei_shopv2&from=wxapp&c=entry&a=wxapp&do=main&&state=we7sid-00e876f005e50c6c8f182e1e7beb6aa3&sign=658a69cef9ea3111a0bf9c8493c04974 pn=upload; op=order; orderid=18893; 
上传
[2018-10-12 19:42:49] trace  /app/index.php?i=1&uniacid=1&t=undefined&v=1.3&m=ewei_shopv2&from=wxapp&c=entry&a=wxapp&do=main&&state=we7sid-401781eabe448b7fd72038892e63309d&sign=e9788a6cbc4dcd03d85ebd50073a06a2 op=order; orderid=18894; pn=upload; 
上传
[2018-10-12 19:43:58] trace  /app/index.php?i=1&uniacid=1&t=undefined&v=1.3&m=ewei_shopv2&from=wxapp&c=entry&a=wxapp&do=main&&state=we7sid-68ef580bbf83d33688d0b06fcbef7a1c&sign=8f62217a396952e4f85cec5da6ba8a10 op=order; orderid=18895; pn=upload; 
上传
[2018-10-12 19:44:27] trace  /app/index.php?i=1&uniacid=1&t=undefined&v=1.3&m=ewei_shopv2&from=wxapp&c=entry&a=wxapp&do=main&&state=we7sid-401781eabe448b7fd72038892e63309d&sign=e9788a6cbc4dcd03d85ebd50073a06a2 op=order; orderid=18896; pn=upload; 
上传
[2018-10-12 20:22:29] trace  /app/index.php?i=1&uniacid=1&t=undefined&v=1.3&m=ewei_shopv2&from=wxapp&c=entry&a=wxapp&do=main&&state=we7sid-fde857c1ac2555436b2c3515a4ae41eb&sign=c027979b01c7fe229e431dc77a8f7498 pn=upload; op=order; orderid=18897; 
上传
[2018-10-12 20:38:09] trace  /app/index.php?i=1&uniacid=1&t=undefined&v=1.3&m=ewei_shopv2&from=wxapp&c=entry&a=wxapp&do=main&&state=we7sid-2004da03935f782bd1baa63f0c53e877&sign=b998c0a1f93bd7f790bfc465786b468e pn=upload; op=order; orderid=18898; 
上传
[2018-10-12 20:40:24] trace  /app/index.php?i=1&uniacid=1&t=undefined&v=1.3&m=ewei_shopv2&from=wxapp&c=entry&a=wxapp&do=main&&state=we7sid-d6fa87e386f412359b98ec4fc9c39dbd&sign=0b95e998110be351117e50d067d6e6be pn=upload; op=order; orderid=18899; 
上传
[2018-10-12 21:07:35] trace  /app/index.php?i=1&uniacid=1&t=undefined&v=1.3&m=ewei_shopv2&from=wxapp&c=entry&a=wxapp&do=main&&state=we7sid-355a310a757fdc0150bd359f0553767d&sign=0ec0bd594dd0a8aefbe48985ecea9170 pn=upload; op=order; orderid=18900; 
上传
[2018-10-12 21:08:02] trace  /app/index.php?i=1&uniacid=1&t=undefined&v=1.3&m=ewei_shopv2&from=wxapp&c=entry&a=wxapp&do=main&&state=we7sid-355a310a757fdc0150bd359f0553767d&sign=0ec0bd594dd0a8aefbe48985ecea9170 pn=upload; op=order; orderid=18901; 
上传
[2018-10-12 21:11:07] trace  /app/index.php?i=1&uniacid=1&t=undefined&v=1.3&m=ewei_shopv2&from=wxapp&c=entry&a=wxapp&do=main&&state=we7sid-be06aac81364167f257cb8a6ad90ea0e&sign=3fb19c24807ad479c1ca7b534aa43895 pn=upload; op=order; orderid=18902; 
上传
[2018-10-12 22:11:57] trace  /app/index.php?i=1&uniacid=1&t=undefined&v=1.3&m=ewei_shopv2&from=wxapp&c=entry&a=wxapp&do=main&&state=we7sid-4948a95f014c66c5cdc11c2ac93a460c&sign=41df350e20654d457c84935dafa6f525 op=order; pn=upload; orderid=18903; 
上传
[2018-10-12 22:21:50] trace  /app/index.php?i=1&uniacid=1&t=undefined&v=1.3&m=ewei_shopv2&from=wxapp&c=entry&a=wxapp&do=main&&state=we7sid-0ac248a582ce22515c1ce58cfad7aef0&sign=a4fc40da38f881a4caa0018b5c9cffa6 op=order; orderid=18904; pn=upload; 
上传
[2018-10-12 22:22:51] trace  /app/index.php?i=1&uniacid=1&t=undefined&v=1.3&m=ewei_shopv2&from=wxapp&c=entry&a=wxapp&do=main&&state=we7sid-0f4fa884f8a72c8bf380bbf78856ad96&sign=dcb0d624e8c34325f77447766f7145ca pn=upload; op=order; orderid=18905; 
上传
[2018-10-12 22:23:06] trace  /app/index.php?i=1&uniacid=1&t=undefined&v=1.3&m=ewei_shopv2&from=wxapp&c=entry&a=wxapp&do=main&&state=we7sid-15c2f19f0a1fcc04014a2cea34fa3991&sign=1d6187ddb256ac02a4a8d3baf2616772 op=order; orderid=18906; pn=upload; 
上传
[2018-10-12 22:27:32] trace  /app/index.php?i=1&uniacid=1&t=undefined&v=1.3&m=ewei_shopv2&from=wxapp&c=entry&a=wxapp&do=main&&state=we7sid-15c2f19f0a1fcc04014a2cea34fa3991&sign=1d6187ddb256ac02a4a8d3baf2616772 op=order; orderid=18907; pn=upload; 
上传
[2018-10-12 23:14:10] trace  /app/index.php?i=1&uniacid=1&t=undefined&v=1.3&m=ewei_shopv2&from=wxapp&c=entry&a=wxapp&do=main&&state=we7sid-d02873d2373c2fafad78674885e83e18&sign=500a59bddc7eb91b2cb7a25512fb2dcf pn=upload; op=order; orderid=18908; 
上传
[2018-10-12 23:52:47] trace  /app/index.php?i=1&uniacid=1&t=undefined&v=1.3&m=ewei_shopv2&from=wxapp&c=entry&a=wxapp&do=main&&state=we7sid-35e88dedb32e7fc50696fd217dce53e3&sign=6d5ff9715b6be16c3d7c6cd93aeed912 pn=upload; op=order; orderid=18909; 
上传
