[2018-07-16 00:12:50] trace  /app/index.php?i=1&uniacid=1&t=undefined&v=1.3&m=ewei_shopv2&from=wxapp&c=entry&a=wxapp&do=main&&state=we7sid-0d0bb0e7fba65d307ad7e50c6850e15b&sign=53ecdb137dd1184664ca5ab54db3a012 pn=upload; op=order; orderid=11535; 
上传
[2018-07-16 00:16:32] trace  /app/index.php?i=1&uniacid=1&t=undefined&v=1.3&m=ewei_shopv2&from=wxapp&c=entry&a=wxapp&do=main&&state=we7sid-7c37edc13ac2ca5ab637cea3da51776c&sign=a6a27e39a06d6b3991a729bec4be9923 pn=upload; op=order; orderid=11536; 
上传
[2018-07-16 00:28:09] trace  /app/index.php?i=1&uniacid=1&t=undefined&v=1.3&m=ewei_shopv2&from=wxapp&c=entry&a=wxapp&do=main&&state=we7sid-7f6af8e04127d79c3674eb6fdf7584d9&sign=28802351b81848629ad6d3e88dd19675 pn=upload; op=order; orderid=11537; 
上传
[2018-07-16 00:45:36] trace  /app/index.php?i=1&uniacid=1&t=undefined&v=1.3&m=ewei_shopv2&from=wxapp&c=entry&a=wxapp&do=main&&state=we7sid-b97ef275c3d8670cf9dc12cfd514fada&sign=faa59c709532a63abc679f55d2d23cc1 op=order; orderid=11538; pn=upload; 
上传
[2018-07-16 01:00:01] trace  /app/index.php?i=1&uniacid=1&t=undefined&v=1.3&m=ewei_shopv2&from=wxapp&c=entry&a=wxapp&do=main&&state=we7sid-2cdf8f6ae78233238336b16180c29a6b&sign=b02c78ecd06acdee255fa18805b1c716 pn=upload; op=order; orderid=11539; 
上传
[2018-07-16 01:03:59] trace  /app/index.php?i=1&uniacid=1&t=undefined&v=1.3&m=ewei_shopv2&from=wxapp&c=entry&a=wxapp&do=main&&state=we7sid-e4ec207369216e13cd865b54ee1cefad&sign=e77c38e6a02380b48ed3a16b35e3f8b3 pn=upload; op=order; orderid=11540; 
上传
[2018-07-16 01:25:20] trace  /app/index.php?i=1&uniacid=1&t=undefined&v=1.3&m=ewei_shopv2&from=wxapp&c=entry&a=wxapp&do=main&&state=we7sid-8d59305fcb581589b7a4b59427d75594&sign=e785179e3e6f4dbcc1f4ca37ccc6e584 pn=upload; op=order; orderid=11541; 
上传
[2018-07-16 01:37:05] trace  /app/index.php?i=1&uniacid=1&t=undefined&v=1.3&m=ewei_shopv2&from=wxapp&c=entry&a=wxapp&do=main&&state=we7sid-8d59305fcb581589b7a4b59427d75594&sign=e785179e3e6f4dbcc1f4ca37ccc6e584 pn=upload; op=order; orderid=11542; 
上传
[2018-07-16 01:38:19] trace  /app/index.php?i=1&uniacid=1&t=undefined&v=1.3&m=ewei_shopv2&from=wxapp&c=entry&a=wxapp&do=main&&state=we7sid-8d59305fcb581589b7a4b59427d75594&sign=e785179e3e6f4dbcc1f4ca37ccc6e584 pn=upload; op=order; orderid=11543; 
上传
[2018-07-16 02:48:59] trace  /app/index.php?i=1&uniacid=1&t=undefined&v=1.3&m=ewei_shopv2&from=wxapp&c=entry&a=wxapp&do=main&&state=we7sid-cb166c32e2fbecc14fc0b75b7979b2ef&sign=f276b7a6372e9cd10b8ee82e40d7552e op=order; orderid=11544; pn=upload; 
上传
[2018-07-16 03:07:49] trace  /app/index.php?i=1&uniacid=1&t=undefined&v=1.3&m=ewei_shopv2&from=wxapp&c=entry&a=wxapp&do=main&&state=we7sid-8582da4f93bf011be5fd6bedc8c06a29&sign=b039451ca3af92bc3e58f0a83c728f59 pn=upload; op=order; orderid=11545; 
上传
[2018-07-16 06:24:14] trace  /app/index.php?i=1&uniacid=1&t=undefined&v=1.3&m=ewei_shopv2&from=wxapp&c=entry&a=wxapp&do=main&&state=we7sid-398510d801d8fd3c61d16289068c3cc1&sign=759d434065e0570304dbbbcf7608d942 pn=upload; op=order; orderid=11546; 
上传
[2018-07-16 06:29:30] trace  /app/index.php?i=1&uniacid=1&t=undefined&v=1.3&m=ewei_shopv2&from=wxapp&c=entry&a=wxapp&do=main&&state=we7sid-6ee77bdf0a2d7d64b73e3dc66a282830&sign=f8707e9f3105a43c75e6720eafd2c0f8 pn=upload; op=order; orderid=11547; 
上传
[2018-07-16 07:04:57] trace  /app/index.php?i=1&uniacid=1&t=undefined&v=1.3&m=ewei_shopv2&from=wxapp&c=entry&a=wxapp&do=main&&state=we7sid-2a6db1f8a4c3a575ba7a2ac71b584942&sign=5506c190f8a9ef130a6817cde2ca12d2 op=order; pn=upload; orderid=11548; 
上传
[2018-07-16 07:04:58] trace  /app/index.php?i=1&uniacid=1&t=undefined&v=1.3&m=ewei_shopv2&from=wxapp&c=entry&a=wxapp&do=main&&state=we7sid-2a6db1f8a4c3a575ba7a2ac71b584942&sign=5506c190f8a9ef130a6817cde2ca12d2 op=order; pn=upload; orderid=11548; 
上传
[2018-07-16 07:05:18] trace  /app/index.php?i=1&uniacid=1&t=undefined&v=1.3&m=ewei_shopv2&from=wxapp&c=entry&a=wxapp&do=main&&state=we7sid-2a6db1f8a4c3a575ba7a2ac71b584942&sign=5506c190f8a9ef130a6817cde2ca12d2 op=order; pn=upload; orderid=11549; 
上传
[2018-07-16 07:05:19] trace  /app/index.php?i=1&uniacid=1&t=undefined&v=1.3&m=ewei_shopv2&from=wxapp&c=entry&a=wxapp&do=main&&state=we7sid-2a6db1f8a4c3a575ba7a2ac71b584942&sign=5506c190f8a9ef130a6817cde2ca12d2 op=order; pn=upload; orderid=11549; 
上传
[2018-07-16 07:06:31] trace  /app/index.php?i=1&uniacid=1&t=undefined&v=1.3&m=ewei_shopv2&from=wxapp&c=entry&a=wxapp&do=main&&state=we7sid-749941f1eab8456670100dc38d12b71a&sign=2f4223cee6c528455bd57ab320bbe98a pn=upload; op=order; orderid=11550; 
上传
[2018-07-16 07:29:09] trace  /app/index.php?i=1&uniacid=1&t=undefined&v=1.3&m=ewei_shopv2&from=wxapp&c=entry&a=wxapp&do=main&&state=we7sid-14cc446e3303f787970148f749292ddf&sign=286d67894d95fea5ba0e9620c809a1d7 pn=upload; op=order; orderid=11551; 
上传
[2018-07-16 07:33:18] trace  /app/index.php?i=1&uniacid=1&t=undefined&v=1.3&m=ewei_shopv2&from=wxapp&c=entry&a=wxapp&do=main&&state=we7sid-aec21c9eba83668d4c9968b2738a0716&sign=65214f036c85b151948e293894fe4de0 pn=upload; op=order; orderid=11552; 
上传
[2018-07-16 08:06:28] trace  /app/index.php?i=1&uniacid=1&t=undefined&v=1.3&m=ewei_shopv2&from=wxapp&c=entry&a=wxapp&do=main&&state=we7sid-bdf02f09a23f74fcde86fdc375b1379d&sign=e6283aab1cdc160a27a83cfefe37866e pn=upload; op=order; orderid=11553; 
上传
[2018-07-16 08:12:28] trace  /app/index.php?i=1&uniacid=1&t=undefined&v=1.3&m=ewei_shopv2&from=wxapp&c=entry&a=wxapp&do=main&&state=we7sid-6519441bb62e6fddcdb0f01ce2b5a181&sign=9e073bf623d7773b2764b9046e2bd71c pn=upload; op=order; orderid=11554; 
上传
[2018-07-16 08:20:49] trace  /app/index.php?i=1&uniacid=1&t=undefined&v=1.3&m=ewei_shopv2&from=wxapp&c=entry&a=wxapp&do=main&&state=we7sid-695f4c4d997fbf3529ce5b49078fd424&sign=94889592aa916b5da54aeb47e12b645c op=order; orderid=11555; pn=upload; 
上传
[2018-07-16 08:28:58] trace  /app/index.php?i=1&uniacid=1&t=undefined&v=1.3&m=ewei_shopv2&from=wxapp&c=entry&a=wxapp&do=main&&state=we7sid-2f80f3a94c99f8f570d25ebca8e65d56&sign=99a91dd4c103faefc8baa225479340c6 pn=upload; op=order; orderid=11556; 
上传
[2018-07-16 08:29:09] trace  /app/index.php?i=1&uniacid=1&t=undefined&v=1.3&m=ewei_shopv2&from=wxapp&c=entry&a=wxapp&do=main&&state=we7sid-2e50bd57e57b2f057d3b8a34f8c960af&sign=9cddc9c0240a221193ebd3e2528a30da pn=upload; op=order; orderid=11557; 
上传
[2018-07-16 09:18:43] trace  /app/index.php?i=1&uniacid=1&t=undefined&v=1.3&m=ewei_shopv2&from=wxapp&c=entry&a=wxapp&do=main&&state=we7sid-cca01bc4f8995374c1d36c4cf2596301&sign=111a5e9ba8cbc2a1c4273a1c3f3c1708 pn=upload; op=order; orderid=11558; 
上传
[2018-07-16 09:39:55] trace  /app/index.php?i=1&uniacid=1&t=undefined&v=1.3&m=ewei_shopv2&from=wxapp&c=entry&a=wxapp&do=main&&state=we7sid-459bd6a169ea274e71f819b790a895f5&sign=03fbeeb4dbce61e3f3da4102f7db740d op=order; orderid=11559; pn=upload; 
上传
[2018-07-16 09:46:26] trace  /app/index.php?i=1&uniacid=1&t=undefined&v=1.3&m=ewei_shopv2&from=wxapp&c=entry&a=wxapp&do=main&&state=we7sid-7bcc5d3a94f946b26a50473ce30707c8&sign=649c08a4e0032daa83c0d53a2bee8685 pn=upload; op=order; orderid=11560; 
上传
[2018-07-16 09:47:42] trace  /app/index.php?i=1&uniacid=1&t=undefined&v=1.3&m=ewei_shopv2&from=wxapp&c=entry&a=wxapp&do=main&&state=we7sid-e33fe91d3fdbdcc1552b88ef87b5e1b2&sign=d0832e597b4fc0f6e3dee5c255a5806c pn=upload; op=order; orderid=11561; 
上传
[2018-07-16 09:49:51] trace  /app/index.php?i=1&uniacid=1&t=undefined&v=1.3&m=ewei_shopv2&from=wxapp&c=entry&a=wxapp&do=main&&state=we7sid-e33fe91d3fdbdcc1552b88ef87b5e1b2&sign=d0832e597b4fc0f6e3dee5c255a5806c pn=upload; op=order; orderid=11562; 
上传
[2018-07-16 09:53:10] trace  /app/index.php?i=1&uniacid=1&t=undefined&v=1.3&m=ewei_shopv2&from=wxapp&c=entry&a=wxapp&do=main&&state=we7sid-e33fe91d3fdbdcc1552b88ef87b5e1b2&sign=d0832e597b4fc0f6e3dee5c255a5806c pn=upload; op=order; orderid=11563; 
上传
[2018-07-16 09:55:46] trace  /app/index.php?i=1&uniacid=1&t=undefined&v=1.3&m=ewei_shopv2&from=wxapp&c=entry&a=wxapp&do=main&&state=we7sid-428b92999e3ef83e1bd078c8a7902299&sign=8116e6ef0b1f9d2e5cd119c681d5da83 pn=upload; op=order; orderid=11564; 
上传
[2018-07-16 10:34:59] trace  /app/index.php?i=1&uniacid=1&t=undefined&v=1.3&m=ewei_shopv2&from=wxapp&c=entry&a=wxapp&do=main&&state=we7sid-7e7769bd98435061798565f3bffc9291&sign=1ac22667c117548449f4c6a9b446c6a5 pn=upload; op=order; orderid=11565; 
上传
[2018-07-16 10:36:49] trace  /app/index.php?i=1&uniacid=1&t=undefined&v=1.3&m=ewei_shopv2&from=wxapp&c=entry&a=wxapp&do=main&&state=we7sid-4c3110968e36727e998d9d6c0d63948c&sign=27e6881240f9621b9d6dab9e1e95fca6 pn=upload; op=order; orderid=11566; 
上传
[2018-07-16 10:45:38] trace  /app/index.php?i=1&uniacid=1&t=undefined&v=1.3&m=ewei_shopv2&from=wxapp&c=entry&a=wxapp&do=main&&state=we7sid-ab49178b7d2f262ce04ff8fd9be29fcb&sign=3906721535887b2c89741e3a5e5a7127 pn=upload; op=order; orderid=11567; 
上传
[2018-07-16 10:45:50] trace  /app/index.php?i=1&uniacid=1&t=undefined&v=1.3&m=ewei_shopv2&from=wxapp&c=entry&a=wxapp&do=main&&state=we7sid-ab49178b7d2f262ce04ff8fd9be29fcb&sign=3906721535887b2c89741e3a5e5a7127 pn=upload; op=order; orderid=11568; 
上传
[2018-07-16 10:57:43] trace  /app/index.php?i=1&uniacid=1&t=undefined&v=1.3&m=ewei_shopv2&from=wxapp&c=entry&a=wxapp&do=main&&state=we7sid-58055edfedde332f4eedd6682494fd38&sign=10e28d71ff7b7abfdf8491f49c1d59b4 pn=upload; op=order; orderid=11569; 
上传
[2018-07-16 11:45:53] trace  /app/index.php?i=1&uniacid=1&t=undefined&v=1.3&m=ewei_shopv2&from=wxapp&c=entry&a=wxapp&do=main&&state=we7sid-9e284a594e1c70f4d5bfe0546e33368a&sign=1f939923393c3cee11e74e62fdb57d98 pn=upload; op=order; orderid=11570; 
上传
[2018-07-16 11:46:17] trace  /app/index.php?i=1&uniacid=1&t=undefined&v=1.3&m=ewei_shopv2&from=wxapp&c=entry&a=wxapp&do=main&&state=we7sid-ba3a6e895ac1550a546bb2e10b0892a7&sign=4c08c96c363e31d5fb7cb2886b1ade91 pn=upload; op=order; orderid=11571; 
上传
[2018-07-16 11:52:21] trace  /app/index.php?i=1&uniacid=1&t=undefined&v=1.3&m=ewei_shopv2&from=wxapp&c=entry&a=wxapp&do=main&&state=we7sid-56131e3723fca35667d4371de83bd7ba&sign=2023e148b6a7cf1c1cdce18670b4c76d pn=upload; op=order; orderid=11572; 
上传
[2018-07-16 12:35:41] trace  /app/index.php?i=1&uniacid=1&t=undefined&v=1.3&m=ewei_shopv2&from=wxapp&c=entry&a=wxapp&do=main&&state=we7sid-b5a8c3dd18e19f94207785c460f23d54&sign=4e40cf733de41b7f9df8bbc2d7d55e9e pn=upload; op=order; orderid=11573; 
上传
[2018-07-16 12:37:18] trace  /app/index.php?i=1&uniacid=1&t=undefined&v=1.3&m=ewei_shopv2&from=wxapp&c=entry&a=wxapp&do=main&&state=we7sid-e9d42fc356557bae4057b10ebbe75294&sign=902c0f169c2013e35ba0428762d20f50 pn=upload; op=author; orderid=10960; 
上传
[2018-07-16 12:57:10] trace  /app/index.php?i=1&uniacid=1&t=undefined&v=1.3&m=ewei_shopv2&from=wxapp&c=entry&a=wxapp&do=main&&state=we7sid-e9d42fc356557bae4057b10ebbe75294&sign=902c0f169c2013e35ba0428762d20f50 pn=upload; op=author; orderid=10973; 
上传
[2018-07-16 12:58:34] trace  /app/index.php?i=1&uniacid=1&t=undefined&v=1.3&m=ewei_shopv2&from=wxapp&c=entry&a=wxapp&do=main&&state=we7sid-c3021e1b37c72abee925ca8f9d90c343&sign=3fe3e30025994fdf367dbb51928df13d pn=upload; op=order; orderid=11574; 
上传
[2018-07-16 13:03:14] trace  /app/index.php?i=1&uniacid=1&t=undefined&v=1.3&m=ewei_shopv2&from=wxapp&c=entry&a=wxapp&do=main&&state=we7sid-e9d42fc356557bae4057b10ebbe75294&sign=902c0f169c2013e35ba0428762d20f50 pn=upload; op=author; orderid=10977; 
上传
[2018-07-16 13:09:04] trace  /app/index.php?i=1&uniacid=1&t=undefined&v=1.3&m=ewei_shopv2&from=wxapp&c=entry&a=wxapp&do=main&&state=we7sid-e9d42fc356557bae4057b10ebbe75294&sign=902c0f169c2013e35ba0428762d20f50 pn=upload; op=author; orderid=11008; 
上传
[2018-07-16 13:16:21] trace  /app/index.php?i=1&uniacid=1&t=undefined&v=1.3&m=ewei_shopv2&from=wxapp&c=entry&a=wxapp&do=main&&state=we7sid-e9d42fc356557bae4057b10ebbe75294&sign=902c0f169c2013e35ba0428762d20f50 pn=upload; op=author; orderid=11009; 
上传
[2018-07-16 13:27:57] trace  /app/index.php?i=1&uniacid=1&t=undefined&v=1.3&m=ewei_shopv2&from=wxapp&c=entry&a=wxapp&do=main&&state=we7sid-e9d42fc356557bae4057b10ebbe75294&sign=902c0f169c2013e35ba0428762d20f50 pn=upload; op=author; orderid=11048; 
上传
[2018-07-16 13:31:14] trace  /app/index.php?i=1&uniacid=1&t=undefined&v=1.3&m=ewei_shopv2&from=wxapp&c=entry&a=wxapp&do=main&&state=we7sid-c3c51508d1babb43546c8c89a4c01e5c&sign=72e1826dd2feb05c725371ff1b3f5e27 pn=upload; op=order; orderid=11575; 
上传
[2018-07-16 13:45:25] trace  /app/index.php?i=1&uniacid=1&t=undefined&v=1.3&m=ewei_shopv2&from=wxapp&c=entry&a=wxapp&do=main&&state=we7sid-b10285228f578d3abdb0d60935a673f0&sign=c294a125aca42c1a992129f667bdf5fb pn=upload; op=order; orderid=11576; 
上传
[2018-07-16 13:47:05] trace  /app/index.php?i=1&uniacid=1&t=undefined&v=1.3&m=ewei_shopv2&from=wxapp&c=entry&a=wxapp&do=main&&state=we7sid-b10285228f578d3abdb0d60935a673f0&sign=c294a125aca42c1a992129f667bdf5fb pn=upload; op=order; orderid=11577; 
上传
[2018-07-16 13:51:01] trace  /app/index.php?i=1&uniacid=1&t=undefined&v=1.3&m=ewei_shopv2&from=wxapp&c=entry&a=wxapp&do=main&&state=we7sid-604f19465548358ef8caf9bacb3afd64&sign=678f18a0acf2d1492a6645053d108bd9 pn=upload; op=order; orderid=11578; 
上传
[2018-07-16 13:55:15] trace  /app/index.php?i=1&uniacid=1&t=undefined&v=1.3&m=ewei_shopv2&from=wxapp&c=entry&a=wxapp&do=main&&state=we7sid-86b052a63a0c2839c366e806370d7e99&sign=94bfbcd611f0ee222d8c026747f5d847 pn=upload; op=order; orderid=11579; 
上传
[2018-07-16 13:56:18] trace  /app/index.php?i=1&uniacid=1&t=undefined&v=1.3&m=ewei_shopv2&from=wxapp&c=entry&a=wxapp&do=main&&state=we7sid-b10285228f578d3abdb0d60935a673f0&sign=c294a125aca42c1a992129f667bdf5fb pn=upload; op=order; orderid=11580; 
上传
[2018-07-16 14:08:17] trace  /app/index.php?i=1&uniacid=1&t=undefined&v=1.3&m=ewei_shopv2&from=wxapp&c=entry&a=wxapp&do=main&&state=we7sid-c3ca227a373cb0c83e05d26f8640b26b&sign=4c8945ef149cc107c627a7aa4b7a4400 op=order; orderid=11581; pn=upload; 
上传
[2018-07-16 14:08:24] trace  /app/index.php?i=1&uniacid=1&t=undefined&v=1.3&m=ewei_shopv2&from=wxapp&c=entry&a=wxapp&do=main&&state=we7sid-c3ca227a373cb0c83e05d26f8640b26b&sign=4c8945ef149cc107c627a7aa4b7a4400 op=order; orderid=11582; pn=upload; 
上传
[2018-07-16 14:09:03] trace  /app/index.php?i=1&uniacid=1&t=undefined&v=1.3&m=ewei_shopv2&from=wxapp&c=entry&a=wxapp&do=main&&state=we7sid-63b8f95eac4a9d73f491f1b0e2b8c8c9&sign=8d3bcaf3f346c1a45f557a1af2f2e958 pn=upload; op=order; orderid=11583; 
上传
[2018-07-16 14:20:11] trace  /app/index.php?i=1&uniacid=1&t=undefined&v=1.3&m=ewei_shopv2&from=wxapp&c=entry&a=wxapp&do=main&&state=we7sid-ef2fb68be10f48409e0ccec89e70bae3&sign=f7fa2b72884e6634cecafcf651292b7b pn=upload; op=order; orderid=11584; 
上传
[2018-07-16 14:24:59] trace  /app/index.php?i=1&uniacid=1&t=undefined&v=1.3&m=ewei_shopv2&from=wxapp&c=entry&a=wxapp&do=main&&state=we7sid-9166bf556c959ceae21a86a2f8371da3&sign=8fdab81bbb29d739150f5206012eb9de pn=upload; op=order; orderid=11585; 
上传
[2018-07-16 14:26:36] trace  /app/index.php?i=1&uniacid=1&t=undefined&v=1.3&m=ewei_shopv2&from=wxapp&c=entry&a=wxapp&do=main&&state=we7sid-b241007581da56d4c4d15202be3d6e2e&sign=86fcef5ecca7b8a43dfbf61fe0bd8c12 pn=upload; op=order; orderid=11586; 
上传
[2018-07-16 14:42:21] trace  /app/index.php?i=1&uniacid=1&t=undefined&v=1.3&m=ewei_shopv2&from=wxapp&c=entry&a=wxapp&do=main&&state=we7sid-a8761fcfb44b8ab2dc48c07be655692f&sign=a881e54082bc1cc849f43b7965bc7f77 pn=upload; op=order; orderid=11587; 
上传
[2018-07-16 14:48:07] trace  /app/index.php?i=1&uniacid=1&t=undefined&v=1.3&m=ewei_shopv2&from=wxapp&c=entry&a=wxapp&do=main&&state=we7sid-fd21d905dcac90dddce5c652d3b3a4ac&sign=abe62b3db381d7bdb01b95177b15db4d op=order; orderid=11588; pn=upload; 
上传
[2018-07-16 15:03:55] trace  /app/index.php?i=1&uniacid=1&t=undefined&v=1.3&m=ewei_shopv2&from=wxapp&c=entry&a=wxapp&do=main&&state=we7sid-babd88862fc521b53375acbc6c77b1c3&sign=0507006c0a63fd03d61d63821b92b470 pn=upload; op=order; orderid=11589; 
上传
[2018-07-16 15:04:59] trace  /app/index.php?i=1&uniacid=1&t=undefined&v=1.3&m=ewei_shopv2&from=wxapp&c=entry&a=wxapp&do=main&&state=we7sid-e9d42fc356557bae4057b10ebbe75294&sign=902c0f169c2013e35ba0428762d20f50 pn=upload; op=author; orderid=11049; 
上传
[2018-07-16 15:07:32] trace  /app/index.php?i=1&uniacid=1&t=undefined&v=1.3&m=ewei_shopv2&from=wxapp&c=entry&a=wxapp&do=main&&state=we7sid-128d10a53d80e529d1fb2307472f988f&sign=d7a882ca75a54f2e1fbb877cfc034ec2 pn=upload; op=order; orderid=11590; 
上传
[2018-07-16 15:08:03] trace  /app/index.php?i=1&uniacid=1&t=undefined&v=1.3&m=ewei_shopv2&from=wxapp&c=entry&a=wxapp&do=main&&state=we7sid-a5405a99a27e1a84bb10db324bacd19b&sign=42f7b91e6b0029699022d684a6f803e2 pn=upload; op=order; orderid=11591; 
上传
[2018-07-16 15:11:33] trace  /app/index.php?i=1&uniacid=1&t=undefined&v=1.3&m=ewei_shopv2&from=wxapp&c=entry&a=wxapp&do=main&&state=we7sid-e9d42fc356557bae4057b10ebbe75294&sign=902c0f169c2013e35ba0428762d20f50 pn=upload; op=author; orderid=11053; 
上传
[2018-07-16 15:19:02] trace  /app/index.php?i=1&uniacid=1&t=undefined&v=1.3&m=ewei_shopv2&from=wxapp&c=entry&a=wxapp&do=main&&state=we7sid-e9d42fc356557bae4057b10ebbe75294&sign=902c0f169c2013e35ba0428762d20f50 pn=upload; op=author; orderid=11071; 
上传
[2018-07-16 15:25:16] trace  /app/index.php?i=1&uniacid=1&t=undefined&v=1.3&m=ewei_shopv2&from=wxapp&c=entry&a=wxapp&do=main&&state=we7sid-e9d42fc356557bae4057b10ebbe75294&sign=902c0f169c2013e35ba0428762d20f50 pn=upload; op=author; orderid=11107; 
上传
[2018-07-16 15:26:00] trace  /app/index.php?i=1&uniacid=1&t=undefined&v=1.3&m=ewei_shopv2&from=wxapp&c=entry&a=wxapp&do=main&&state=we7sid-63ec028757848083488dcf2dfa80482f&sign=dca5313b8a3932e05cf46eba103eed5b pn=upload; op=order; orderid=11592; 
上传
[2018-07-16 15:34:44] trace  /app/index.php?i=1&uniacid=1&t=undefined&v=1.3&m=ewei_shopv2&from=wxapp&c=entry&a=wxapp&do=main&&state=we7sid-e9d42fc356557bae4057b10ebbe75294&sign=902c0f169c2013e35ba0428762d20f50 pn=upload; op=author; orderid=11199; 
上传
[2018-07-16 15:36:24] trace  /app/index.php?i=1&uniacid=1&t=undefined&v=1.3&m=ewei_shopv2&from=wxapp&c=entry&a=wxapp&do=main&&state=we7sid-d7cdff5281e84e5d97ea5f9a30ddb1a9&sign=b00d11ff799ecc29e7ee076c081e01e9 pn=upload; op=order; orderid=11593; 
上传
[2018-07-16 15:41:28] trace  /app/index.php?i=1&uniacid=1&t=undefined&v=1.3&m=ewei_shopv2&from=wxapp&c=entry&a=wxapp&do=main&&state=we7sid-cc10316fa5df4129a635c98812e10f44&sign=80c2f894cdb3dbdb7011913ed4999af1 pn=upload; op=order; orderid=11594; 
上传
[2018-07-16 15:41:57] trace  /app/index.php?i=1&uniacid=1&t=undefined&v=1.3&m=ewei_shopv2&from=wxapp&c=entry&a=wxapp&do=main&&state=we7sid-57a12e4fa1c638d7be5627ac0d679028&sign=e05ab71193e74bfd2cd77eb050fe21c3 pn=upload; op=order; orderid=11595; 
上传
[2018-07-16 15:42:18] trace  /app/index.php?i=1&uniacid=1&t=undefined&v=1.3&m=ewei_shopv2&from=wxapp&c=entry&a=wxapp&do=main&&state=we7sid-73094c5ab4e3e6747bacda69065a3832&sign=5d787ad661833dec43d6bf68e3c7434e op=order; orderid=11596; pn=upload; 
上传
[2018-07-16 15:42:45] trace  /app/index.php?i=1&uniacid=1&t=undefined&v=1.3&m=ewei_shopv2&from=wxapp&c=entry&a=wxapp&do=main&&state=we7sid-e9d42fc356557bae4057b10ebbe75294&sign=902c0f169c2013e35ba0428762d20f50 pn=upload; op=author; orderid=11211; 
上传
[2018-07-16 15:44:06] trace  /app/index.php?i=1&uniacid=1&t=undefined&v=1.3&m=ewei_shopv2&from=wxapp&c=entry&a=wxapp&do=main&&state=we7sid-73094c5ab4e3e6747bacda69065a3832&sign=5d787ad661833dec43d6bf68e3c7434e op=order; orderid=11597; pn=upload; 
上传
[2018-07-16 15:44:37] trace  /app/index.php?i=1&uniacid=1&t=undefined&v=1.3&m=ewei_shopv2&from=wxapp&c=entry&a=wxapp&do=main&&state=we7sid-57a12e4fa1c638d7be5627ac0d679028&sign=e05ab71193e74bfd2cd77eb050fe21c3 pn=upload; op=order; orderid=11598; 
上传
[2018-07-16 15:44:51] trace  /app/index.php?i=1&uniacid=1&t=undefined&v=1.3&m=ewei_shopv2&from=wxapp&c=entry&a=wxapp&do=main&&state=we7sid-c7cf08b6dcce574fc1b12efbe8b05899&sign=61609f93750851d1366d37c458156477 op=order; orderid=11599; pn=upload; 
上传
[2018-07-16 15:50:01] trace  /app/index.php?i=1&uniacid=1&t=undefined&v=1.3&m=ewei_shopv2&from=wxapp&c=entry&a=wxapp&do=main&&state=we7sid-e9d42fc356557bae4057b10ebbe75294&sign=902c0f169c2013e35ba0428762d20f50 pn=upload; op=author; orderid=11268; 
上传
[2018-07-16 15:51:05] trace  /app/index.php?i=1&uniacid=1&t=undefined&v=1.3&m=ewei_shopv2&from=wxapp&c=entry&a=wxapp&do=main&&state=we7sid-57a12e4fa1c638d7be5627ac0d679028&sign=e05ab71193e74bfd2cd77eb050fe21c3 pn=upload; op=order; orderid=11600; 
上传
[2018-07-16 16:01:33] trace  /app/index.php?i=1&uniacid=1&t=undefined&v=1.3&m=ewei_shopv2&from=wxapp&c=entry&a=wxapp&do=main&&state=we7sid-2acb8634b7f2d803217a83c69d3bc190&sign=070dff14c3eff67d470195a4c675ce7e op=order; pn=upload; orderid=11601; 
上传
[2018-07-16 16:11:47] trace  /app/index.php?i=1&uniacid=1&t=undefined&v=1.3&m=ewei_shopv2&from=wxapp&c=entry&a=wxapp&do=main&&state=we7sid-e9d42fc356557bae4057b10ebbe75294&sign=902c0f169c2013e35ba0428762d20f50 pn=upload; op=author; orderid=11290; 
上传
[2018-07-16 16:19:45] trace  /app/index.php?i=1&uniacid=1&t=undefined&v=1.3&m=ewei_shopv2&from=wxapp&c=entry&a=wxapp&do=main&&state=we7sid-828143b3ae4eb007552c0d1ac6c0b2d8&sign=8b76733ec2d315c340c927081218a884 pn=upload; op=order; orderid=11602; 
上传
[2018-07-16 16:20:45] trace  /app/index.php?i=1&uniacid=1&t=undefined&v=1.3&m=ewei_shopv2&from=wxapp&c=entry&a=wxapp&do=main&&state=we7sid-e9d42fc356557bae4057b10ebbe75294&sign=902c0f169c2013e35ba0428762d20f50 pn=upload; op=author; orderid=11316; 
上传
[2018-07-16 16:28:14] trace  /app/index.php?i=1&uniacid=1&t=undefined&v=1.3&m=ewei_shopv2&from=wxapp&c=entry&a=wxapp&do=main&&state=we7sid-a56b956e24f98161a7c24cea613e924d&sign=4b7a7e50661ed7c2608df3a402521cbf pn=upload; op=order; orderid=11603; 
上传
[2018-07-16 16:32:23] trace  /app/index.php?i=1&uniacid=1&t=undefined&v=1.3&m=ewei_shopv2&from=wxapp&c=entry&a=wxapp&do=main&&state=we7sid-e9d42fc356557bae4057b10ebbe75294&sign=902c0f169c2013e35ba0428762d20f50 pn=upload; op=author; orderid=11322; 
上传
[2018-07-16 16:38:27] trace  /app/index.php?i=1&uniacid=1&t=undefined&v=1.3&m=ewei_shopv2&from=wxapp&c=entry&a=wxapp&do=main&&state=we7sid-e9d42fc356557bae4057b10ebbe75294&sign=902c0f169c2013e35ba0428762d20f50 pn=upload; op=author; orderid=11335; 
上传
[2018-07-16 16:46:22] trace  /app/index.php?i=1&uniacid=1&t=undefined&v=1.3&m=ewei_shopv2&from=wxapp&c=entry&a=wxapp&do=main&&state=we7sid-288eda3e520a84a86413c07875f1aa46&sign=d88b369e44465c1431e44af7703dad61 pn=upload; op=order; orderid=11604; 
上传
[2018-07-16 16:57:26] trace  /app/index.php?i=1&uniacid=1&t=undefined&v=1.3&m=ewei_shopv2&from=wxapp&c=entry&a=wxapp&do=main&&state=we7sid-e9d42fc356557bae4057b10ebbe75294&sign=902c0f169c2013e35ba0428762d20f50 pn=upload; op=author; orderid=11336; 
上传
[2018-07-16 16:58:15] trace  /app/index.php?i=1&uniacid=1&t=undefined&v=1.3&m=ewei_shopv2&from=wxapp&c=entry&a=wxapp&do=main&&state=we7sid-de052bbe40a8fb805b0ce0b480ca942a&sign=3a729b07a706d3045009b68ef1fb313f pn=upload; op=order; orderid=11605; 
上传
[2018-07-16 17:08:21] trace  /app/index.php?i=1&uniacid=1&t=undefined&v=1.3&m=ewei_shopv2&from=wxapp&c=entry&a=wxapp&do=main&&state=we7sid-e9d42fc356557bae4057b10ebbe75294&sign=902c0f169c2013e35ba0428762d20f50 pn=upload; op=author; orderid=11396; 
上传
[2018-07-16 17:13:10] trace  /app/index.php?i=1&uniacid=1&t=undefined&v=1.3&m=ewei_shopv2&from=wxapp&c=entry&a=wxapp&do=main&&state=we7sid-992fdaecc7825581672484351416d66d&sign=f7c2605833655e30c79ceb120a55c8ae pn=upload; op=order; orderid=11606; 
上传
[2018-07-16 17:15:38] trace  /app/index.php?i=1&uniacid=1&t=undefined&v=1.3&m=ewei_shopv2&from=wxapp&c=entry&a=wxapp&do=main&&state=we7sid-e9d42fc356557bae4057b10ebbe75294&sign=902c0f169c2013e35ba0428762d20f50 pn=upload; op=author; orderid=11406; 
上传
[2018-07-16 17:16:16] trace  /app/index.php?i=1&uniacid=1&t=undefined&v=1.3&m=ewei_shopv2&from=wxapp&c=entry&a=wxapp&do=main&&state=we7sid-b8eaa7d54e3ca22ff2308ab3a3a605c6&sign=e875a31b3012793fb63785b38063182f pn=upload; op=order; orderid=11607; 
上传
[2018-07-16 17:19:59] trace  /app/index.php?i=1&uniacid=1&t=undefined&v=1.3&m=ewei_shopv2&from=wxapp&c=entry&a=wxapp&do=main&&state=we7sid-2078c43d0f64f31231fa09c64ca26086&sign=b1f6553f920a04341d242c884fc99246 pn=upload; op=order; orderid=11608; 
上传
[2018-07-16 17:23:16] trace  /app/index.php?i=1&uniacid=1&t=undefined&v=1.3&m=ewei_shopv2&from=wxapp&c=entry&a=wxapp&do=main&&state=we7sid-0224be2ca1db187f933a81738545981e&sign=13fef1f16bcdbc7f7deabb310ab4218b op=order; orderid=11609; pn=upload; 
上传
[2018-07-16 17:30:43] trace  /app/index.php?i=1&uniacid=1&t=undefined&v=1.3&m=ewei_shopv2&from=wxapp&c=entry&a=wxapp&do=main&&state=we7sid-e9d42fc356557bae4057b10ebbe75294&sign=902c0f169c2013e35ba0428762d20f50 pn=upload; op=author; orderid=11407; 
上传
[2018-07-16 17:40:28] trace  /app/index.php?i=1&uniacid=1&t=undefined&v=1.3&m=ewei_shopv2&from=wxapp&c=entry&a=wxapp&do=main&&state=we7sid-e9d42fc356557bae4057b10ebbe75294&sign=902c0f169c2013e35ba0428762d20f50 pn=upload; op=author; orderid=11446; 
上传
[2018-07-16 17:59:15] trace  /app/index.php?i=1&uniacid=1&t=undefined&v=1.3&m=ewei_shopv2&from=wxapp&c=entry&a=wxapp&do=main&&state=we7sid-63a03cb0d54517e44a00742fcf622f21&sign=55d434b8a6ea1c1f9a312ed1c441a317 pn=upload; op=order; orderid=11610; 
上传
[2018-07-16 18:00:11] trace  /app/index.php?i=1&uniacid=1&t=undefined&v=1.3&m=ewei_shopv2&from=wxapp&c=entry&a=wxapp&do=main&&state=we7sid-63a03cb0d54517e44a00742fcf622f21&sign=55d434b8a6ea1c1f9a312ed1c441a317 pn=upload; op=order; orderid=11611; 
上传
[2018-07-16 18:13:58] trace  /app/index.php?i=1&uniacid=1&t=undefined&v=1.3&m=ewei_shopv2&from=wxapp&c=entry&a=wxapp&do=main&&state=we7sid-f47fa475d608ea1fc40e911e083102df&sign=ac8e5683bd23565a21e4e241a0cad0ae pn=upload; op=order; orderid=11612; 
上传
[2018-07-16 18:36:22] trace  /app/index.php?i=1&uniacid=1&t=undefined&v=1.3&m=ewei_shopv2&from=wxapp&c=entry&a=wxapp&do=main&&state=we7sid-edf6d1a8d5a06ca4c6b18f5f00220e87&sign=515794d0d24bb2a0d93ad0623d01bd2d pn=upload; op=order; orderid=11613; 
上传
[2018-07-16 18:42:57] trace  /app/index.php?i=1&uniacid=1&t=undefined&v=1.3&m=ewei_shopv2&from=wxapp&c=entry&a=wxapp&do=main&&state=we7sid-05055120c40d7d4d97e286d7ffa1bd40&sign=408d4dfe9e9282359c2fe1af7502481a op=order; orderid=11614; pn=upload; 
上传
[2018-07-16 18:43:06] trace  /app/index.php?i=1&uniacid=1&t=undefined&v=1.3&m=ewei_shopv2&from=wxapp&c=entry&a=wxapp&do=main&&state=we7sid-05055120c40d7d4d97e286d7ffa1bd40&sign=408d4dfe9e9282359c2fe1af7502481a op=order; orderid=11615; pn=upload; 
上传
[2018-07-16 18:43:16] trace  /app/index.php?i=1&uniacid=1&t=undefined&v=1.3&m=ewei_shopv2&from=wxapp&c=entry&a=wxapp&do=main&&state=we7sid-05055120c40d7d4d97e286d7ffa1bd40&sign=408d4dfe9e9282359c2fe1af7502481a op=order; orderid=11616; pn=upload; 
上传
[2018-07-16 18:43:50] trace  /app/index.php?i=1&uniacid=1&t=undefined&v=1.3&m=ewei_shopv2&from=wxapp&c=entry&a=wxapp&do=main&&state=we7sid-1536c360a23963e79019b04f1a96e013&sign=98a136aa1be0e0bc56d5bd43514b3c60 pn=upload; op=order; orderid=11617; 
上传
[2018-07-16 19:01:37] trace  /app/index.php?i=1&uniacid=1&t=undefined&v=1.3&m=ewei_shopv2&from=wxapp&c=entry&a=wxapp&do=main&&state=we7sid-ced587fda36f7e8d9777efaeaee5dce7&sign=a53d2b978764bdc2d4dd2c0646f82556 pn=upload; op=order; orderid=11618; 
上传
[2018-07-16 19:04:35] trace  /app/index.php?i=1&uniacid=1&t=undefined&v=1.3&m=ewei_shopv2&from=wxapp&c=entry&a=wxapp&do=main&&state=we7sid-0b99216456314ed91b33d45e0983459c&sign=53d79e05de7898950a909abb1c8a8f2f pn=upload; op=order; orderid=11619; 
上传
[2018-07-16 19:07:40] trace  /app/index.php?i=1&uniacid=1&t=undefined&v=1.3&m=ewei_shopv2&from=wxapp&c=entry&a=wxapp&do=main&&state=we7sid-8e80da2e44056dfbf03a49068263bbd0&sign=5fadef8dc9eff60c544029d2b999a836 op=order; orderid=11620; pn=upload; 
上传
[2018-07-16 19:17:59] trace  /app/index.php?i=1&uniacid=1&t=undefined&v=1.3&m=ewei_shopv2&from=wxapp&c=entry&a=wxapp&do=main&&state=we7sid-3b46d0096c38583c8c29503ff1453c70&sign=02a15c4e9ad9da891602e647f8fa4309 pn=upload; op=order; orderid=11621; 
上传
[2018-07-16 19:55:13] trace  /app/index.php?i=1&uniacid=1&t=undefined&v=1.3&m=ewei_shopv2&from=wxapp&c=entry&a=wxapp&do=main&&state=we7sid-c7a755663403da8b8c6c1af7d2e2cc3a&sign=f1f2f09393b91db29c02434ccb346e6f pn=upload; op=order; orderid=11622; 
上传
[2018-07-16 20:30:00] trace  /app/index.php?i=1&uniacid=1&t=undefined&v=1.3&m=ewei_shopv2&from=wxapp&c=entry&a=wxapp&do=main&&state=we7sid-518d9b974a9716207f7a21e578769bb1&sign=d9cc32adb6f11f821d7ffc5eddffe49b pn=upload; op=order; orderid=11623; 
上传
[2018-07-16 20:34:25] trace  /app/index.php?i=1&uniacid=1&t=undefined&v=1.3&m=ewei_shopv2&from=wxapp&c=entry&a=wxapp&do=main&&state=we7sid-b6a687ed659e49f1a3c23bd932e2b5c3&sign=982c24aea7c23acdf5f01fc6fa733e0a pn=upload; op=order; orderid=11624; 
上传
[2018-07-16 20:45:44] trace  /app/index.php?i=1&uniacid=1&t=undefined&v=1.3&m=ewei_shopv2&from=wxapp&c=entry&a=wxapp&do=main&&state=we7sid-55b7b3bc2e63030a2804a8267a2812ed&sign=4a0dc895407f60173104572bc985da2e pn=upload; op=order; orderid=11625; 
上传
[2018-07-16 21:03:09] trace  /app/index.php?i=1&uniacid=1&t=undefined&v=1.3&m=ewei_shopv2&from=wxapp&c=entry&a=wxapp&do=main&&state=we7sid-bd2626e4bbc10dc68aba9dc8eb978989&sign=0bf940f1ddbc5a63187e1225581e9874 op=order; orderid=11626; pn=upload; 
上传
[2018-07-16 21:03:38] trace  /app/index.php?i=1&uniacid=1&t=undefined&v=1.3&m=ewei_shopv2&from=wxapp&c=entry&a=wxapp&do=main&&state=we7sid-af3adbad5d42c73ce1755c4c57f47619&sign=2f01c8540915fef9ef4b26a2bb703615 pn=upload; op=order; orderid=11627; 
上传
[2018-07-16 21:03:56] trace  /app/index.php?i=1&uniacid=1&t=undefined&v=1.3&m=ewei_shopv2&from=wxapp&c=entry&a=wxapp&do=main&&state=we7sid-53ee34bff3b653996494b734e762f5c1&sign=01b9ff17c7491399a425347a1f65c54e pn=upload; op=order; orderid=11628; 
上传
[2018-07-16 21:03:57] trace  /app/index.php?i=1&uniacid=1&t=undefined&v=1.3&m=ewei_shopv2&from=wxapp&c=entry&a=wxapp&do=main&&state=we7sid-53ee34bff3b653996494b734e762f5c1&sign=01b9ff17c7491399a425347a1f65c54e pn=upload; op=order; orderid=11628; 
上传
[2018-07-16 21:04:25] trace  /app/index.php?i=1&uniacid=1&t=undefined&v=1.3&m=ewei_shopv2&from=wxapp&c=entry&a=wxapp&do=main&&state=we7sid-bd0cdbf1afa5d7cfb48405a190c4e810&sign=aa6ffdf284be7c9ee8e141db63b78a93 pn=upload; op=order; orderid=11629; 
上传
[2018-07-16 21:05:14] trace  /app/index.php?i=1&uniacid=1&t=undefined&v=1.3&m=ewei_shopv2&from=wxapp&c=entry&a=wxapp&do=main&&state=we7sid-c97135e510eb9d58305bf16b051d97cc&sign=1cded078544358186c5765a6d23000b9 pn=upload; op=order; orderid=11630; 
上传
[2018-07-16 21:09:21] trace  /app/index.php?i=1&uniacid=1&t=undefined&v=1.3&m=ewei_shopv2&from=wxapp&c=entry&a=wxapp&do=main&&state=we7sid-1d98fc0ca8e6b31436765e733eccd94c&sign=9de23a8decbbddd2e47b95901e5ca111 op=order; orderid=11631; pn=upload; 
上传
[2018-07-16 21:09:51] trace  /app/index.php?i=1&uniacid=1&t=undefined&v=1.3&m=ewei_shopv2&from=wxapp&c=entry&a=wxapp&do=main&&state=we7sid-1f65cce87ab1e49639fec4aeef1599b4&sign=7cdc3fb2b6bc871738b8a8193e378cf6 pn=upload; op=order; orderid=11632; 
上传
[2018-07-16 21:19:34] trace  /app/index.php?i=1&uniacid=1&t=undefined&v=1.3&m=ewei_shopv2&from=wxapp&c=entry&a=wxapp&do=main&&state=we7sid-55606ce37fd20658b84f5fb90400edff&sign=1f3832e5e6661a6d1d93f2def61608b8 op=order; orderid=11633; pn=upload; 
上传
[2018-07-16 21:20:07] trace  /app/index.php?i=1&uniacid=1&t=undefined&v=1.3&m=ewei_shopv2&from=wxapp&c=entry&a=wxapp&do=main&&state=we7sid-55606ce37fd20658b84f5fb90400edff&sign=1f3832e5e6661a6d1d93f2def61608b8 op=order; orderid=11634; pn=upload; 
上传
[2018-07-16 21:20:27] trace  /app/index.php?i=1&uniacid=1&t=undefined&v=1.3&m=ewei_shopv2&from=wxapp&c=entry&a=wxapp&do=main&&state=we7sid-55606ce37fd20658b84f5fb90400edff&sign=1f3832e5e6661a6d1d93f2def61608b8 op=order; orderid=11635; pn=upload; 
上传
[2018-07-16 21:20:35] trace  /app/index.php?i=1&uniacid=1&t=undefined&v=1.3&m=ewei_shopv2&from=wxapp&c=entry&a=wxapp&do=main&&state=we7sid-55606ce37fd20658b84f5fb90400edff&sign=1f3832e5e6661a6d1d93f2def61608b8 op=order; orderid=11636; pn=upload; 
上传
[2018-07-16 21:20:35] trace  /app/index.php?i=1&uniacid=1&t=undefined&v=1.3&m=ewei_shopv2&from=wxapp&c=entry&a=wxapp&do=main&&state=we7sid-55606ce37fd20658b84f5fb90400edff&sign=1f3832e5e6661a6d1d93f2def61608b8 op=order; orderid=11637; pn=upload; 
上传
[2018-07-16 21:22:04] trace  /app/index.php?i=1&uniacid=1&t=undefined&v=1.3&m=ewei_shopv2&from=wxapp&c=entry&a=wxapp&do=main&&state=we7sid-37b1bc60ab38f755021667826ccc2826&sign=e884169326cc9f9283a1b865cdd1ea9f pn=upload; op=order; orderid=11638; 
上传
[2018-07-16 21:23:44] trace  /app/index.php?i=1&uniacid=1&t=undefined&v=1.3&m=ewei_shopv2&from=wxapp&c=entry&a=wxapp&do=main&&state=we7sid-37b1bc60ab38f755021667826ccc2826&sign=e884169326cc9f9283a1b865cdd1ea9f pn=upload; op=order; orderid=11639; 
上传
[2018-07-16 21:27:38] trace  /app/index.php?i=1&uniacid=1&t=undefined&v=1.3&m=ewei_shopv2&from=wxapp&c=entry&a=wxapp&do=main&&state=we7sid-55606ce37fd20658b84f5fb90400edff&sign=1f3832e5e6661a6d1d93f2def61608b8 op=order; orderid=11640; pn=upload; 
上传
[2018-07-16 21:34:30] trace  /app/index.php?i=1&uniacid=1&t=undefined&v=1.3&m=ewei_shopv2&from=wxapp&c=entry&a=wxapp&do=main&&state=we7sid-216cd2def213c9027e4760d08267bcd2&sign=050bc7d4439d0488e5431592f3a3a5b3 pn=upload; op=order; orderid=11641; 
上传
[2018-07-16 21:45:27] trace  /app/index.php?i=1&uniacid=1&t=undefined&v=1.3&m=ewei_shopv2&from=wxapp&c=entry&a=wxapp&do=main&&state=we7sid-9196c6394b4fa8ab722490746864c42e&sign=d417d67d984076b688622fcdaf9cff9b pn=upload; op=order; orderid=11642; 
上传
[2018-07-16 21:50:23] trace  /app/index.php?i=1&uniacid=1&t=undefined&v=1.3&m=ewei_shopv2&from=wxapp&c=entry&a=wxapp&do=main&&state=we7sid-22d167d49a7d723391c942896db4749d&sign=96f2f1c839c8720069df0d7e41deeb50 pn=upload; op=order; orderid=11643; 
上传
[2018-07-16 21:53:43] trace  /app/index.php?i=1&uniacid=1&t=undefined&v=1.3&m=ewei_shopv2&from=wxapp&c=entry&a=wxapp&do=main&&state=we7sid-34520dc1e3d28f3d5975e3a55a80d418&sign=6fad15a65b6dd7077fbf8e1d9004f9c0 op=order; orderid=11644; pn=upload; 
上传
[2018-07-16 21:57:06] trace  /app/index.php?i=1&uniacid=1&t=undefined&v=1.3&m=ewei_shopv2&from=wxapp&c=entry&a=wxapp&do=main&&state=we7sid-9a4e9a4c07118d9312c6d6fceb6b652a&sign=fc99c1da58476700818c8cc125749465 pn=upload; op=order; orderid=11645; 
上传
[2018-07-16 22:27:59] trace  /app/index.php?i=1&uniacid=1&t=undefined&v=1.3&m=ewei_shopv2&from=wxapp&c=entry&a=wxapp&do=main&&state=we7sid-30b9b84d7bfecf05ec8c406e1cf8b01c&sign=d6daa03fd5d7c9cf26ccd6de18635225 pn=upload; op=order; orderid=11646; 
上传
[2018-07-16 22:33:36] trace  /app/index.php?i=1&uniacid=1&t=undefined&v=1.3&m=ewei_shopv2&from=wxapp&c=entry&a=wxapp&do=main&&state=we7sid-021a44184f9a3d212e80bc19f8cac53c&sign=8b61314865711350f02a5c02d921cdb5 pn=upload; op=order; orderid=11647; 
上传
[2018-07-16 22:39:47] trace  /app/index.php?i=1&uniacid=1&t=undefined&v=1.3&m=ewei_shopv2&from=wxapp&c=entry&a=wxapp&do=main&&state=we7sid-6f1cd318d3abd7af2b60e3f35d6d39eb&sign=24c69055cf8cc14ff061fa50970828a7 pn=upload; op=order; orderid=11648; 
上传
[2018-07-16 22:48:03] trace  /app/index.php?i=1&uniacid=1&t=undefined&v=1.3&m=ewei_shopv2&from=wxapp&c=entry&a=wxapp&do=main&&state=we7sid-1848e83b70b0e904d24db853ec2c312d&sign=378d4036d5969ded83767e340b8bff98 pn=upload; op=order; orderid=11649; 
上传
[2018-07-16 22:48:26] trace  /app/index.php?i=1&uniacid=1&t=undefined&v=1.3&m=ewei_shopv2&from=wxapp&c=entry&a=wxapp&do=main&&state=we7sid-102f0ef526cefc7d829bdf7e9cbdc8bc&sign=39ef0f93c39a26b53849071244e5cf04 pn=upload; op=order; orderid=11650; 
上传
[2018-07-16 23:13:01] trace  /app/index.php?i=1&uniacid=1&t=undefined&v=1.3&m=ewei_shopv2&from=wxapp&c=entry&a=wxapp&do=main&&state=we7sid-3e8b7c9b8aded99728997786d1771cb8&sign=c3693669bc866dba428283f3c69f8de9 pn=upload; op=order; orderid=11651; 
上传
[2018-07-16 23:16:37] trace  /app/index.php?i=1&uniacid=1&t=undefined&v=1.3&m=ewei_shopv2&from=wxapp&c=entry&a=wxapp&do=main&&state=we7sid-ca598136d393f6ed60c276330692ae9a&sign=673c107c05047acb8f6a2b385061905f op=order; orderid=11652; pn=upload; 
上传
[2018-07-16 23:23:43] trace  /app/index.php?i=1&uniacid=1&t=undefined&v=1.3&m=ewei_shopv2&from=wxapp&c=entry&a=wxapp&do=main&&state=we7sid-f20fcc461b496a16901550336b2f31c5&sign=76d2e9ce549a94a4291e418b73eab498 op=order; pn=upload; orderid=11653; 
上传
[2018-07-16 23:35:25] trace  /app/index.php?i=1&uniacid=1&t=undefined&v=1.3&m=ewei_shopv2&from=wxapp&c=entry&a=wxapp&do=main&&state=we7sid-d8283745db96e461b48366d7552672c1&sign=43ee9c2171e1cd3975a1916a78d8a084 pn=upload; op=order; orderid=11654; 
上传
[2018-07-16 23:47:08] trace  /app/index.php?i=1&uniacid=1&t=undefined&v=1.3&m=ewei_shopv2&from=wxapp&c=entry&a=wxapp&do=main&&state=we7sid-841a607f31bdabf9cf4ee09455520a6d&sign=87e343ac9d971fe403c12bf3376d459d pn=upload; op=order; orderid=11655; 
上传
[2018-07-16 23:47:09] trace  /app/index.php?i=1&uniacid=1&t=undefined&v=1.3&m=ewei_shopv2&from=wxapp&c=entry&a=wxapp&do=main&&state=we7sid-841a607f31bdabf9cf4ee09455520a6d&sign=87e343ac9d971fe403c12bf3376d459d pn=upload; op=order; orderid=11655; 
上传
