[2018-08-07 00:13:50] trace  /app/index.php?i=1&uniacid=1&t=undefined&v=1.3&m=ewei_shopv2&from=wxapp&c=entry&a=wxapp&do=main&&state=we7sid-29d8481f2e52007d5d570952efbd261f&sign=421d227ab453992cffd751265fd1e6fe pn=upload; op=order; orderid=13472; 
上传
[2018-08-07 00:53:49] trace  /app/index.php?i=1&uniacid=1&t=undefined&v=1.3&m=ewei_shopv2&from=wxapp&c=entry&a=wxapp&do=main&&state=we7sid-13819289b5b094c312aad41178e367cd&sign=b5973f324221781ca06ff4ed979d85c4 op=order; orderid=13473; pn=upload; 
上传
[2018-08-07 01:07:53] trace  /app/index.php?i=1&uniacid=1&t=undefined&v=1.3&m=ewei_shopv2&from=wxapp&c=entry&a=wxapp&do=main&&state=we7sid-7f83f0d922597ff4618e306ea0874151&sign=d20d59b6c48d281073c6bc35945bf6b3 pn=upload; op=order; orderid=13474; 
上传
[2018-08-07 01:08:05] trace  /app/index.php?i=1&uniacid=1&t=undefined&v=1.3&m=ewei_shopv2&from=wxapp&c=entry&a=wxapp&do=main&&state=we7sid-7f83f0d922597ff4618e306ea0874151&sign=d20d59b6c48d281073c6bc35945bf6b3 pn=upload; op=order; orderid=13475; 
上传
[2018-08-07 01:34:34] trace  /app/index.php?i=1&uniacid=1&t=undefined&v=1.3&m=ewei_shopv2&from=wxapp&c=entry&a=wxapp&do=main&&state=we7sid-cbb80e3c82408a0a4a74f33d1726bd8b&sign=e035fb3aa4ca1fc30640c0b2650b7cdc pn=upload; op=order; orderid=13476; 
上传
[2018-08-07 03:43:58] trace  /app/index.php?i=1&uniacid=1&t=undefined&v=1.3&m=ewei_shopv2&from=wxapp&c=entry&a=wxapp&do=main&&state=we7sid-767e3056f0009a8057a3b8fc4924a334&sign=44aeb9ec8da922f7aafe6b24ea0a44cf pn=upload; op=author; orderid=9748; 
上传
[2018-08-07 04:00:26] trace  /app/index.php?i=1&uniacid=1&t=undefined&v=1.3&m=ewei_shopv2&from=wxapp&c=entry&a=wxapp&do=main&&state=we7sid-5137e244036a0d88695e5bf7dbbb71d7&sign=e8dd92eb53be95d051025debd7f7395f pn=upload; op=order; orderid=13477; 
上传
[2018-08-07 04:01:40] trace  /app/index.php?i=1&uniacid=1&t=undefined&v=1.3&m=ewei_shopv2&from=wxapp&c=entry&a=wxapp&do=main&&state=we7sid-767e3056f0009a8057a3b8fc4924a334&sign=44aeb9ec8da922f7aafe6b24ea0a44cf pn=upload; op=author; orderid=9750; 
上传
[2018-08-07 04:11:08] trace  /app/index.php?i=1&uniacid=1&t=undefined&v=1.3&m=ewei_shopv2&from=wxapp&c=entry&a=wxapp&do=main&&state=we7sid-767e3056f0009a8057a3b8fc4924a334&sign=44aeb9ec8da922f7aafe6b24ea0a44cf pn=upload; op=author; orderid=9754; 
上传
[2018-08-07 04:15:05] trace  /app/index.php?i=1&uniacid=1&t=undefined&v=1.3&m=ewei_shopv2&from=wxapp&c=entry&a=wxapp&do=main&&state=we7sid-767e3056f0009a8057a3b8fc4924a334&sign=44aeb9ec8da922f7aafe6b24ea0a44cf pn=upload; op=author; orderid=9757; 
上传
[2018-08-07 04:20:10] trace  /app/index.php?i=1&uniacid=1&t=undefined&v=1.3&m=ewei_shopv2&from=wxapp&c=entry&a=wxapp&do=main&&state=we7sid-5137e244036a0d88695e5bf7dbbb71d7&sign=e8dd92eb53be95d051025debd7f7395f pn=upload; op=order; orderid=13478; 
上传
[2018-08-07 04:21:05] trace  /app/index.php?i=1&uniacid=1&t=undefined&v=1.3&m=ewei_shopv2&from=wxapp&c=entry&a=wxapp&do=main&&state=we7sid-767e3056f0009a8057a3b8fc4924a334&sign=44aeb9ec8da922f7aafe6b24ea0a44cf pn=upload; op=author; orderid=10683; 
上传
[2018-08-07 04:27:23] trace  /app/index.php?i=1&uniacid=1&t=undefined&v=1.3&m=ewei_shopv2&from=wxapp&c=entry&a=wxapp&do=main&&state=we7sid-767e3056f0009a8057a3b8fc4924a334&sign=44aeb9ec8da922f7aafe6b24ea0a44cf pn=upload; op=author; orderid=12609; 
上传
[2018-08-07 04:31:59] trace  /app/index.php?i=1&uniacid=1&t=undefined&v=1.3&m=ewei_shopv2&from=wxapp&c=entry&a=wxapp&do=main&&state=we7sid-767e3056f0009a8057a3b8fc4924a334&sign=44aeb9ec8da922f7aafe6b24ea0a44cf pn=upload; op=author; orderid=12626; 
上传
[2018-08-07 04:36:03] trace  /app/index.php?i=1&uniacid=1&t=undefined&v=1.3&m=ewei_shopv2&from=wxapp&c=entry&a=wxapp&do=main&&state=we7sid-767e3056f0009a8057a3b8fc4924a334&sign=44aeb9ec8da922f7aafe6b24ea0a44cf pn=upload; op=author; orderid=12634; 
上传
[2018-08-07 04:40:53] trace  /app/index.php?i=1&uniacid=1&t=undefined&v=1.3&m=ewei_shopv2&from=wxapp&c=entry&a=wxapp&do=main&&state=we7sid-767e3056f0009a8057a3b8fc4924a334&sign=44aeb9ec8da922f7aafe6b24ea0a44cf pn=upload; op=author; orderid=12645; 
上传
[2018-08-07 04:48:02] trace  /app/index.php?i=1&uniacid=1&t=undefined&v=1.3&m=ewei_shopv2&from=wxapp&c=entry&a=wxapp&do=main&&state=we7sid-767e3056f0009a8057a3b8fc4924a334&sign=44aeb9ec8da922f7aafe6b24ea0a44cf pn=upload; op=author; orderid=12681; 
上传
[2018-08-07 04:53:58] trace  /app/index.php?i=1&uniacid=1&t=undefined&v=1.3&m=ewei_shopv2&from=wxapp&c=entry&a=wxapp&do=main&&state=we7sid-767e3056f0009a8057a3b8fc4924a334&sign=44aeb9ec8da922f7aafe6b24ea0a44cf pn=upload; op=author; orderid=12697; 
上传
[2018-08-07 07:26:55] trace  /app/index.php?i=1&uniacid=1&t=undefined&v=1.3&m=ewei_shopv2&from=wxapp&c=entry&a=wxapp&do=main&&state=we7sid-336198960d0175069c92806d79fc61ff&sign=cddd1a53443f880d1a2b9b4ed8dc7332 pn=upload; op=order; orderid=13479; 
上传
[2018-08-07 07:54:13] trace  /app/index.php?i=1&uniacid=1&t=undefined&v=1.3&m=ewei_shopv2&from=wxapp&c=entry&a=wxapp&do=main&&state=we7sid-142f5617b7d4f6ef73bd8a8df6a74433&sign=b8872823e3ce974f86ee4ec558643bf8 pn=upload; op=order; orderid=13480; 
上传
[2018-08-07 08:00:52] trace  /app/index.php?i=1&uniacid=1&t=undefined&v=1.3&m=ewei_shopv2&from=wxapp&c=entry&a=wxapp&do=main&&state=we7sid-60d3d90a7f4741409819123fd7354c5e&sign=d38eb444b228c49a96591a10daf366a2 op=order; orderid=13481; pn=upload; 
上传
[2018-08-07 09:20:17] trace  /app/index.php?i=1&uniacid=1&t=undefined&v=1.3&m=ewei_shopv2&from=wxapp&c=entry&a=wxapp&do=main&&state=we7sid-13137af7aacca2c1d1ef6248449dfcda&sign=4894c7f9e7c916f995b186257fa373d0 op=order; orderid=13482; pn=upload; 
上传
[2018-08-07 09:27:55] trace  /app/index.php?i=1&uniacid=1&t=undefined&v=1.3&m=ewei_shopv2&from=wxapp&c=entry&a=wxapp&do=main&&state=we7sid-775c51e6cf0c86c487e27ade14ed19fb&sign=bb41eb2a07b17b23cbcdd626f5a4a674 pn=upload; op=order; orderid=13483; 
上传
[2018-08-07 09:34:55] trace  /app/index.php?i=1&uniacid=1&t=undefined&v=1.3&m=ewei_shopv2&from=wxapp&c=entry&a=wxapp&do=main&&state=we7sid-b92af411bee6b34ca66e1b87e70b6102&sign=8de8e8ba1edd4552f97da2c5d539394b pn=upload; op=order; orderid=13484; 
上传
[2018-08-07 09:36:57] trace  /app/index.php?i=1&uniacid=1&t=undefined&v=1.3&m=ewei_shopv2&from=wxapp&c=entry&a=wxapp&do=main&&state=we7sid-4ecb5b6dd1040c329813b8eab1c28213&sign=60c716215e3298ffafaf19549c77a0cd pn=upload; op=order; orderid=13485; 
上传
[2018-08-07 10:04:16] trace  /app/index.php?i=1&uniacid=1&t=undefined&v=1.3&m=ewei_shopv2&from=wxapp&c=entry&a=wxapp&do=main&&state=we7sid-b3d4f8e088f83bcde152c66df470e67f&sign=e0207943c4e8f1bb44c993b3816e320f op=order; pn=upload; orderid=13486; 
上传
[2018-08-07 10:08:30] trace  /app/index.php?i=1&uniacid=1&t=undefined&v=1.3&m=ewei_shopv2&from=wxapp&c=entry&a=wxapp&do=main&&state=we7sid-7168dc5276557278928acdd03de39ab3&sign=9430662e96e75c49a36c88645aacee25 pn=upload; op=order; orderid=13487; 
上传
[2018-08-07 10:21:51] trace  /app/index.php?i=1&uniacid=1&t=undefined&v=1.3&m=ewei_shopv2&from=wxapp&c=entry&a=wxapp&do=main&&state=we7sid-f765de5742e6bc35ecd708c1bf34185d&sign=6939dbaefe8de31febf9a5023e16fc9e pn=upload; op=order; orderid=13488; 
上传
[2018-08-07 10:22:17] trace  /app/index.php?i=1&uniacid=1&t=undefined&v=1.3&m=ewei_shopv2&from=wxapp&c=entry&a=wxapp&do=main&&state=we7sid-4ecb5b6dd1040c329813b8eab1c28213&sign=60c716215e3298ffafaf19549c77a0cd pn=upload; op=order; orderid=13489; 
上传
[2018-08-07 10:26:34] trace  /app/index.php?i=1&uniacid=1&t=undefined&v=1.3&m=ewei_shopv2&from=wxapp&c=entry&a=wxapp&do=main&&state=we7sid-849054b01d28162978e25d3de6e79036&sign=44c2da8c3be16e866a11422d19ff4032 pn=upload; op=order; orderid=13490; 
上传
[2018-08-07 10:28:38] trace  /app/index.php?i=1&uniacid=1&t=undefined&v=1.3&m=ewei_shopv2&from=wxapp&c=entry&a=wxapp&do=main&&state=we7sid-849054b01d28162978e25d3de6e79036&sign=44c2da8c3be16e866a11422d19ff4032 pn=upload; op=order; orderid=13491; 
上传
[2018-08-07 10:30:52] trace  /app/index.php?i=1&uniacid=1&t=undefined&v=1.3&m=ewei_shopv2&from=wxapp&c=entry&a=wxapp&do=main&&state=we7sid-849054b01d28162978e25d3de6e79036&sign=44c2da8c3be16e866a11422d19ff4032 pn=upload; op=order; orderid=13492; 
上传
[2018-08-07 10:35:14] trace  /app/index.php?i=1&uniacid=1&t=undefined&v=1.3&m=ewei_shopv2&from=wxapp&c=entry&a=wxapp&do=main&&state=we7sid-a8ace3b14e7b81256724f174df9803df&sign=2135ee93c14ee72114ca00301659c264 pn=upload; op=order; orderid=13493; 
上传
[2018-08-07 10:50:59] trace  /app/index.php?i=1&uniacid=1&t=undefined&v=1.3&m=ewei_shopv2&from=wxapp&c=entry&a=wxapp&do=main&&state=we7sid-3f98a04ca2d032528abe07bb9d50d7f9&sign=510638bad3c468b6d391aa30103d0751 pn=upload; op=order; orderid=13494; 
上传
[2018-08-07 10:51:56] trace  /app/index.php?i=1&uniacid=1&t=undefined&v=1.3&m=ewei_shopv2&from=wxapp&c=entry&a=wxapp&do=main&&state=we7sid-89b1b81d5f6c58add71289bb444aa3eb&sign=a800f1582ab9e407353ea9dd0aafe082 pn=upload; op=order; orderid=13495; 
上传
[2018-08-07 10:57:28] trace  /app/index.php?i=1&uniacid=1&t=undefined&v=1.3&m=ewei_shopv2&from=wxapp&c=entry&a=wxapp&do=main&&state=we7sid-d2125f70445bc2a1531b143a2a687c3d&sign=9ff3f8652a151687b84c154b13a31a61 pn=upload; op=order; orderid=13496; 
上传
[2018-08-07 11:13:59] trace  /app/index.php?i=1&uniacid=1&t=undefined&v=1.3&m=ewei_shopv2&from=wxapp&c=entry&a=wxapp&do=main&&state=we7sid-a5733d08677afdd1cebe73e118cda38a&sign=65c25d31ab9fc78b61de6353cf5173bf pn=upload; op=order; orderid=13497; 
上传
[2018-08-07 11:31:02] trace  /app/index.php?i=1&uniacid=1&t=undefined&v=1.3&m=ewei_shopv2&from=wxapp&c=entry&a=wxapp&do=main&&state=we7sid-827ddb3ed8633d3db126959c51c23c35&sign=b0547b91286184db92dcc10a9332ca66 pn=upload; op=order; orderid=13498; 
上传
[2018-08-07 11:34:18] trace  /app/index.php?i=1&uniacid=1&t=undefined&v=1.3&m=ewei_shopv2&from=wxapp&c=entry&a=wxapp&do=main&&state=we7sid-b8aa0bf6e4877ce6bacc21fcad053698&sign=287ccd1a0187a50e467885bea9182a9e pn=upload; op=order; orderid=13499; 
上传
[2018-08-07 11:36:02] trace  /app/index.php?i=1&uniacid=1&t=undefined&v=1.3&m=ewei_shopv2&from=wxapp&c=entry&a=wxapp&do=main&&state=we7sid-b8aa0bf6e4877ce6bacc21fcad053698&sign=287ccd1a0187a50e467885bea9182a9e pn=upload; op=order; orderid=13500; 
上传
[2018-08-07 11:37:03] trace  /app/index.php?i=1&uniacid=1&t=undefined&v=1.3&m=ewei_shopv2&from=wxapp&c=entry&a=wxapp&do=main&&state=we7sid-9671efdc2d5667d6f2e24d41881c25e7&sign=a48e741b7c537f9c2cd78bf425be632f pn=upload; op=order; orderid=13501; 
上传
[2018-08-07 11:43:25] trace  /app/index.php?i=1&uniacid=1&t=undefined&v=1.3&m=ewei_shopv2&from=wxapp&c=entry&a=wxapp&do=main&&state=we7sid-827ddb3ed8633d3db126959c51c23c35&sign=b0547b91286184db92dcc10a9332ca66 pn=upload; op=order; orderid=13502; 
上传
[2018-08-07 11:43:45] trace  /app/index.php?i=1&uniacid=1&t=undefined&v=1.3&m=ewei_shopv2&from=wxapp&c=entry&a=wxapp&do=main&&state=we7sid-827ddb3ed8633d3db126959c51c23c35&sign=b0547b91286184db92dcc10a9332ca66 pn=upload; op=order; orderid=13503; 
上传
[2018-08-07 12:02:13] trace  /app/index.php?i=1&uniacid=1&t=undefined&v=1.3&m=ewei_shopv2&from=wxapp&c=entry&a=wxapp&do=main&&state=we7sid-2ee781ea0e581bac5c0b3551f5574a86&sign=8f7ab51ce26744e7932489a37961ad36 pn=upload; op=order; orderid=13504; 
上传
[2018-08-07 12:05:02] trace  /app/index.php?i=1&uniacid=1&t=undefined&v=1.3&m=ewei_shopv2&from=wxapp&c=entry&a=wxapp&do=main&&state=we7sid-4a1c70de2004c60d10b325048d6937b2&sign=2c81bf95157ed6cdaba8352553480c28 pn=upload; op=order; orderid=13505; 
上传
[2018-08-07 12:31:40] trace  /app/index.php?i=1&uniacid=1&t=undefined&v=1.3&m=ewei_shopv2&from=wxapp&c=entry&a=wxapp&do=main&&state=we7sid-19dcefc3672c924d764a6f78a9cf6e9d&sign=8d571c7c6ec9cb9617be102d4a0c9d29 pn=upload; op=order; orderid=13506; 
上传
[2018-08-07 12:39:46] trace  /app/index.php?i=1&uniacid=1&t=undefined&v=1.3&m=ewei_shopv2&from=wxapp&c=entry&a=wxapp&do=main&&state=we7sid-d84104effc62b1057811eb1a5911913c&sign=5e0e4f2d8a809d31de9bb3a75cdd2081 pn=upload; op=order; orderid=13507; 
上传
[2018-08-07 13:06:07] trace  /app/index.php?i=1&uniacid=1&t=undefined&v=1.3&m=ewei_shopv2&from=wxapp&c=entry&a=wxapp&do=main&&state=we7sid-4a0bd39ab583810095a730a4aefb847d&sign=f24b893d649c4fc7f01e485e5821c22b pn=upload; op=order; orderid=13508; 
上传
[2018-08-07 13:13:53] trace  /app/index.php?i=1&uniacid=1&t=undefined&v=1.3&m=ewei_shopv2&from=wxapp&c=entry&a=wxapp&do=main&&state=we7sid-6148440d1d923f2d8eb87480afbfd76d&sign=a2ca3a8473db81cefa1a4f6489d03893 pn=upload; op=order; orderid=13509; 
上传
[2018-08-07 13:20:52] trace  /app/index.php?i=1&uniacid=1&t=undefined&v=1.3&m=ewei_shopv2&from=wxapp&c=entry&a=wxapp&do=main&&state=we7sid-e7df0f30fdfd30d695a64c8f86c080ff&sign=e32081f40ec5143d86ee74ec883246fb pn=upload; op=order; orderid=13510; 
上传
[2018-08-07 13:24:13] trace  /app/index.php?i=1&uniacid=1&t=undefined&v=1.3&m=ewei_shopv2&from=wxapp&c=entry&a=wxapp&do=main&&state=we7sid-57b26f3371cf63be0c329f951c146552&sign=d80ce733804f9b7cf900fcd2cd5261eb pn=upload; op=order; orderid=13511; 
上传
[2018-08-07 13:34:17] trace  /app/index.php?i=1&uniacid=1&t=undefined&v=1.3&m=ewei_shopv2&from=wxapp&c=entry&a=wxapp&do=main&&state=we7sid-ac2b4e7ea2e6c9f85045f5a4ef823f9d&sign=4dcaf92bc1e5c2dab7f2d9e3f32ad833 pn=upload; op=order; orderid=13512; 
上传
[2018-08-07 13:38:39] trace  /app/index.php?i=1&uniacid=1&t=undefined&v=1.3&m=ewei_shopv2&from=wxapp&c=entry&a=wxapp&do=main&&state=we7sid-0036b77449aab1e050f33d508a2b6229&sign=6ed409288ac82cd570488facb25c1be0 pn=upload; op=order; orderid=13513; 
上传
[2018-08-07 13:50:15] trace  /app/index.php?i=1&uniacid=1&t=undefined&v=1.3&m=ewei_shopv2&from=wxapp&c=entry&a=wxapp&do=main&&state=we7sid-ba4a5efc3404cfb84c2849a936870f54&sign=e7f69c17e0d70cb354d6f89b4e9b4358 op=order; pn=upload; orderid=13514; 
上传
[2018-08-07 13:51:27] trace  /app/index.php?i=1&uniacid=1&t=undefined&v=1.3&m=ewei_shopv2&from=wxapp&c=entry&a=wxapp&do=main&&state=we7sid-d7c0874c886a6ab693b29ac546adab30&sign=d432ad01a5c1b8076ee6dbc46ce52316 pn=upload; op=order; orderid=13515; 
上传
[2018-08-07 13:52:39] trace  /app/index.php?i=1&uniacid=1&t=undefined&v=1.3&m=ewei_shopv2&from=wxapp&c=entry&a=wxapp&do=main&&state=we7sid-9d1246d053ef400d1c830755821a7a63&sign=dfb4ab4c0da7d27b172018e4fec6620d pn=upload; op=order; orderid=13516; 
上传
[2018-08-07 14:00:10] trace  /app/index.php?i=1&uniacid=1&t=undefined&v=1.3&m=ewei_shopv2&from=wxapp&c=entry&a=wxapp&do=main&&state=we7sid-b8193c0fd9c736d37a1d65f27308a420&sign=855dbc1f5077ef88bc314167b340c487 pn=upload; op=order; orderid=13517; 
上传
[2018-08-07 14:26:51] trace  /app/index.php?i=1&uniacid=1&t=undefined&v=1.3&m=ewei_shopv2&from=wxapp&c=entry&a=wxapp&do=main&&state=we7sid-5d91cb517969ab5cb93f39f9c535782c&sign=2b0d0d43f32331dbbe7eaee5065edca2 pn=upload; op=order; orderid=13518; 
上传
[2018-08-07 14:50:36] trace  /app/index.php?i=1&uniacid=1&t=undefined&v=1.3&m=ewei_shopv2&from=wxapp&c=entry&a=wxapp&do=main&&state=we7sid-afff2622734c5d6cc3f05723ea5bc8a9&sign=3836e5b6b5fb9f976b50cb70baaca5f0 pn=upload; op=order; orderid=13519; 
上传
[2018-08-07 14:55:16] trace  /app/index.php?i=1&uniacid=1&t=undefined&v=1.3&m=ewei_shopv2&from=wxapp&c=entry&a=wxapp&do=main&&state=we7sid-8ce82503dd0d03aedb1c3afdc669b131&sign=5788990b6eba3e2fa221b4ad81cbfcc6 pn=upload; op=order; orderid=13520; 
上传
[2018-08-07 15:07:11] trace  /app/index.php?i=1&uniacid=1&t=undefined&v=1.3&m=ewei_shopv2&from=wxapp&c=entry&a=wxapp&do=main&&state=we7sid-2df367698517cc62464a42b8ffb559b4&sign=5b896a070d400804f0cfbbf153bfc61c op=order; orderid=13521; pn=upload; 
上传
[2018-08-07 15:28:17] trace  /app/index.php?i=1&uniacid=1&t=undefined&v=1.3&m=ewei_shopv2&from=wxapp&c=entry&a=wxapp&do=main&&state=we7sid-a326b251972cd688cae91089869b4446&sign=d39c6499fa14fd9e98477ff53b3210a2 pn=upload; op=order; orderid=13522; 
上传
[2018-08-07 15:28:56] trace  /app/index.php?i=1&uniacid=1&t=undefined&v=1.3&m=ewei_shopv2&from=wxapp&c=entry&a=wxapp&do=main&&state=we7sid-6fac3882161877de030db67fc38cd96d&sign=6f003002e3a9e2bf938ac6336390fa90 pn=upload; op=order; orderid=13523; 
上传
[2018-08-07 15:29:20] trace  /app/index.php?i=1&uniacid=1&t=undefined&v=1.3&m=ewei_shopv2&from=wxapp&c=entry&a=wxapp&do=main&&state=we7sid-6be226cfa190fe3fc4d88c5614c5caac&sign=922a26d51144129fed12d8063a02f96b pn=upload; op=order; orderid=13524; 
上传
[2018-08-07 15:33:18] trace  /app/index.php?i=1&uniacid=1&t=undefined&v=1.3&m=ewei_shopv2&from=wxapp&c=entry&a=wxapp&do=main&&state=we7sid-1d0d3d4e9ed3924a96c95cc3e5377f4e&sign=eb49e8c44bd1da4b1685e60b974eea7c op=order; orderid=13525; pn=upload; 
上传
[2018-08-07 15:33:19] trace  /app/index.php?i=1&uniacid=1&t=undefined&v=1.3&m=ewei_shopv2&from=wxapp&c=entry&a=wxapp&do=main&&state=we7sid-bf2de99c3be3ca9c65d96f12bb581dd7&sign=c80ffa6ab9091f9fc0c11d8374b7ed8b pn=upload; op=order; orderid=13526; 
上传
[2018-08-07 15:37:56] trace  /app/index.php?i=1&uniacid=1&t=undefined&v=1.3&m=ewei_shopv2&from=wxapp&c=entry&a=wxapp&do=main&&state=we7sid-b2b38e2bcb36c3dc5bba70585182c041&sign=29b1e20cab8707e6e1fa5ecbb8b2e7ce op=order; orderid=13527; pn=upload; 
上传
[2018-08-07 15:49:55] trace  /app/index.php?i=1&uniacid=1&t=undefined&v=1.3&m=ewei_shopv2&from=wxapp&c=entry&a=wxapp&do=main&&state=we7sid-4b067cac9d77bf9f426ca9031d227f94&sign=df5d38865d1da9989ebf1ca6fdfd4f14 pn=upload; op=order; orderid=13528; 
上传
[2018-08-07 16:02:49] trace  /app/index.php?i=1&uniacid=1&t=undefined&v=1.3&m=ewei_shopv2&from=wxapp&c=entry&a=wxapp&do=main&&state=we7sid-17fb4b322d89f851e5dc506b95b5a2cc&sign=89c7fbb2ae8bff0c4429393e1ce1b497 pn=upload; op=order; orderid=13529; 
上传
[2018-08-07 16:15:33] trace  /app/index.php?i=1&uniacid=1&t=undefined&v=1.3&m=ewei_shopv2&from=wxapp&c=entry&a=wxapp&do=main&&state=we7sid-17d96caa8629254b1ad3e9efe092a363&sign=6f547298b6986fe057112e5c66542834 pn=upload; op=order; orderid=13530; 
上传
[2018-08-07 16:20:23] trace  /app/index.php?i=1&uniacid=1&t=undefined&v=1.3&m=ewei_shopv2&from=wxapp&c=entry&a=wxapp&do=main&&state=we7sid-5275c832f142cae9c0b738574ea184bf&sign=693664cd98e05e3096aca430ed0a60b4 pn=upload; op=order; orderid=13531; 
上传
[2018-08-07 16:21:55] trace  /app/index.php?i=1&uniacid=1&t=undefined&v=1.3&m=ewei_shopv2&from=wxapp&c=entry&a=wxapp&do=main&&state=we7sid-d42aa9e5d271eda01e7667fb9b11a305&sign=c92668d4af15e2eb83eb8e46b57b2874 pn=upload; op=order; orderid=13532; 
上传
[2018-08-07 16:23:07] trace  /app/index.php?i=1&uniacid=1&t=undefined&v=1.3&m=ewei_shopv2&from=wxapp&c=entry&a=wxapp&do=main&&state=we7sid-cf529db55fda0b712ec81fa148f91b63&sign=c44a049c18c377a7e281e4c899ace924 pn=upload; op=order; orderid=13533; 
上传
[2018-08-07 16:59:16] trace  /app/index.php?i=1&uniacid=1&t=undefined&v=1.3&m=ewei_shopv2&from=wxapp&c=entry&a=wxapp&do=main&&state=we7sid-ba5ff562901983783af66e718edd892d&sign=a8ae1df1351e3607e650335fc46189ad pn=upload; op=order; orderid=13534; 
上传
[2018-08-07 16:59:25] trace  /app/index.php?i=1&uniacid=1&t=undefined&v=1.3&m=ewei_shopv2&from=wxapp&c=entry&a=wxapp&do=main&&state=we7sid-ba5ff562901983783af66e718edd892d&sign=a8ae1df1351e3607e650335fc46189ad pn=upload; op=order; orderid=13535; 
上传
[2018-08-07 17:19:56] trace  /app/index.php?i=1&uniacid=1&t=undefined&v=1.3&m=ewei_shopv2&from=wxapp&c=entry&a=wxapp&do=main&&state=we7sid-20433053c1b96bd9ddac1938466cf438&sign=6a52cfc16554e7ae9e260840eae7f834 pn=upload; op=order; orderid=13536; 
上传
[2018-08-07 17:39:43] trace  /app/index.php?i=1&uniacid=1&t=undefined&v=1.3&m=ewei_shopv2&from=wxapp&c=entry&a=wxapp&do=main&&state=we7sid-270a8205849d245a8b13971de4f5b28b&sign=cd764734588a7ba6c7f0ea355a09c17d pn=upload; op=order; orderid=13537; 
上传
[2018-08-07 17:45:38] trace  /app/index.php?i=1&uniacid=1&t=undefined&v=1.3&m=ewei_shopv2&from=wxapp&c=entry&a=wxapp&do=main&&state=we7sid-83d364ef932308a1a489958050581009&sign=fabb29d0faedc944c06cab4ec36da00a op=order; orderid=13538; pn=upload; 
上传
[2018-08-07 17:56:47] trace  /app/index.php?i=1&uniacid=1&t=undefined&v=1.3&m=ewei_shopv2&from=wxapp&c=entry&a=wxapp&do=main&&state=we7sid-0c55a335e90d4ef5e85a0db8020b136e&sign=a44bb0ff96dcc24aee26d7a805a19409 pn=upload; op=order; orderid=13539; 
上传
[2018-08-07 17:57:06] trace  /app/index.php?i=1&uniacid=1&t=undefined&v=1.3&m=ewei_shopv2&from=wxapp&c=entry&a=wxapp&do=main&&state=we7sid-0c55a335e90d4ef5e85a0db8020b136e&sign=a44bb0ff96dcc24aee26d7a805a19409 pn=upload; op=order; orderid=13540; 
上传
[2018-08-07 18:05:32] trace  /app/index.php?i=1&uniacid=1&t=undefined&v=1.3&m=ewei_shopv2&from=wxapp&c=entry&a=wxapp&do=main&&state=we7sid-87eb6ca2f327ba7d5d9275c848b56fe4&sign=717a312a21afe3b7090c8165934b5466 pn=upload; op=order; orderid=13541; 
上传
[2018-08-07 18:25:39] trace  /app/index.php?i=1&uniacid=1&t=undefined&v=1.3&m=ewei_shopv2&from=wxapp&c=entry&a=wxapp&do=main&&state=we7sid-50a1a3dbdd4b60394a89ee98faa141a1&sign=7320c49fcefa512962bee297d9768630 pn=upload; op=order; orderid=13542; 
上传
[2018-08-07 18:26:01] trace  /app/index.php?i=1&uniacid=1&t=undefined&v=1.3&m=ewei_shopv2&from=wxapp&c=entry&a=wxapp&do=main&&state=we7sid-50a1a3dbdd4b60394a89ee98faa141a1&sign=7320c49fcefa512962bee297d9768630 pn=upload; op=order; orderid=13543; 
上传
[2018-08-07 18:29:45] trace  /app/index.php?i=1&uniacid=1&t=undefined&v=1.3&m=ewei_shopv2&from=wxapp&c=entry&a=wxapp&do=main&&state=we7sid-0c55a335e90d4ef5e85a0db8020b136e&sign=a44bb0ff96dcc24aee26d7a805a19409 pn=upload; op=order; orderid=13544; 
上传
[2018-08-07 18:30:18] trace  /app/index.php?i=1&uniacid=1&t=undefined&v=1.3&m=ewei_shopv2&from=wxapp&c=entry&a=wxapp&do=main&&state=we7sid-0c55a335e90d4ef5e85a0db8020b136e&sign=a44bb0ff96dcc24aee26d7a805a19409 pn=upload; op=order; orderid=13545; 
上传
[2018-08-07 18:30:56] trace  /app/index.php?i=1&uniacid=1&t=undefined&v=1.3&m=ewei_shopv2&from=wxapp&c=entry&a=wxapp&do=main&&state=we7sid-0c55a335e90d4ef5e85a0db8020b136e&sign=a44bb0ff96dcc24aee26d7a805a19409 pn=upload; op=order; orderid=13546; 
上传
[2018-08-07 18:31:31] trace  /app/index.php?i=1&uniacid=1&t=undefined&v=1.3&m=ewei_shopv2&from=wxapp&c=entry&a=wxapp&do=main&&state=we7sid-d1b70eabdc6f8bf80071fa2b92c65256&sign=2690772ba7a12eaebb11393323d2663a pn=upload; op=order; orderid=13547; 
上传
[2018-08-07 18:31:40] trace  /app/index.php?i=1&uniacid=1&t=undefined&v=1.3&m=ewei_shopv2&from=wxapp&c=entry&a=wxapp&do=main&&state=we7sid-0c55a335e90d4ef5e85a0db8020b136e&sign=a44bb0ff96dcc24aee26d7a805a19409 pn=upload; op=order; orderid=13548; 
上传
[2018-08-07 18:32:40] trace  /app/index.php?i=1&uniacid=1&t=undefined&v=1.3&m=ewei_shopv2&from=wxapp&c=entry&a=wxapp&do=main&&state=we7sid-0c55a335e90d4ef5e85a0db8020b136e&sign=a44bb0ff96dcc24aee26d7a805a19409 pn=upload; op=order; orderid=13550; 
上传
[2018-08-07 18:32:40] trace  /app/index.php?i=1&uniacid=1&t=undefined&v=1.3&m=ewei_shopv2&from=wxapp&c=entry&a=wxapp&do=main&&state=we7sid-83f02c9c2985aa568519f3ef5872d415&sign=935be1d464d08a2d51d073f2374a9303 pn=upload; op=order; orderid=13549; 
上传
[2018-08-07 18:34:03] trace  /app/index.php?i=1&uniacid=1&t=undefined&v=1.3&m=ewei_shopv2&from=wxapp&c=entry&a=wxapp&do=main&&state=we7sid-0c55a335e90d4ef5e85a0db8020b136e&sign=a44bb0ff96dcc24aee26d7a805a19409 pn=upload; op=order; orderid=13551; 
上传
[2018-08-07 18:45:20] trace  /app/index.php?i=1&uniacid=1&t=undefined&v=1.3&m=ewei_shopv2&from=wxapp&c=entry&a=wxapp&do=main&&state=we7sid-d0461c0517b13761750b1f04106476a0&sign=7263295afa8fd0910d575787794a8aae pn=upload; op=order; orderid=13552; 
上传
[2018-08-07 18:45:20] trace  /app/index.php?i=1&uniacid=1&t=undefined&v=1.3&m=ewei_shopv2&from=wxapp&c=entry&a=wxapp&do=main&&state=we7sid-d0461c0517b13761750b1f04106476a0&sign=7263295afa8fd0910d575787794a8aae pn=upload; op=order; orderid=13552; 
上传
[2018-08-07 18:45:20] trace  /app/index.php?i=1&uniacid=1&t=undefined&v=1.3&m=ewei_shopv2&from=wxapp&c=entry&a=wxapp&do=main&&state=we7sid-d0461c0517b13761750b1f04106476a0&sign=7263295afa8fd0910d575787794a8aae pn=upload; op=order; orderid=13552; 
上传
[2018-08-07 18:45:47] trace  /app/index.php?i=1&uniacid=1&t=undefined&v=1.3&m=ewei_shopv2&from=wxapp&c=entry&a=wxapp&do=main&&state=we7sid-d0461c0517b13761750b1f04106476a0&sign=7263295afa8fd0910d575787794a8aae pn=upload; op=order; orderid=13553; 
上传
[2018-08-07 18:45:47] trace  /app/index.php?i=1&uniacid=1&t=undefined&v=1.3&m=ewei_shopv2&from=wxapp&c=entry&a=wxapp&do=main&&state=we7sid-d0461c0517b13761750b1f04106476a0&sign=7263295afa8fd0910d575787794a8aae pn=upload; op=order; orderid=13553; 
上传
[2018-08-07 18:45:47] trace  /app/index.php?i=1&uniacid=1&t=undefined&v=1.3&m=ewei_shopv2&from=wxapp&c=entry&a=wxapp&do=main&&state=we7sid-d0461c0517b13761750b1f04106476a0&sign=7263295afa8fd0910d575787794a8aae pn=upload; op=order; orderid=13553; 
上传
[2018-08-07 18:49:57] trace  /app/index.php?i=1&uniacid=1&t=undefined&v=1.3&m=ewei_shopv2&from=wxapp&c=entry&a=wxapp&do=main&&state=we7sid-9df631518c22631d878f1e013a309653&sign=523d081ff59feb585773f3038a066b4f pn=upload; op=order; orderid=13554; 
上传
[2018-08-07 18:59:05] trace  /app/index.php?i=1&uniacid=1&t=undefined&v=1.3&m=ewei_shopv2&from=wxapp&c=entry&a=wxapp&do=main&&state=we7sid-00ca941e7601511b434b9086675b3b55&sign=397d3e9b8f9fa242213a9a6134511f0c pn=upload; op=order; orderid=13555; 
上传
[2018-08-07 18:59:05] trace  /app/index.php?i=1&uniacid=1&t=undefined&v=1.3&m=ewei_shopv2&from=wxapp&c=entry&a=wxapp&do=main&&state=we7sid-00ca941e7601511b434b9086675b3b55&sign=397d3e9b8f9fa242213a9a6134511f0c pn=upload; op=order; orderid=13555; 
上传
[2018-08-07 19:05:07] trace  /app/index.php?i=1&uniacid=1&t=undefined&v=1.3&m=ewei_shopv2&from=wxapp&c=entry&a=wxapp&do=main&&state=we7sid-c3e6d61576c0f88d1d7edb5d01e34343&sign=493f4fe9a36d16146312313c23582d1b pn=upload; op=order; orderid=13556; 
上传
[2018-08-07 19:41:36] trace  /app/index.php?i=1&uniacid=1&t=undefined&v=1.3&m=ewei_shopv2&from=wxapp&c=entry&a=wxapp&do=main&&state=we7sid-03a3374e0156d8fc064e58a39b2ebba2&sign=46eae0421ff351a81cd333ddf46bd6aa pn=upload; op=order; orderid=13557; 
上传
[2018-08-07 19:42:00] trace  /app/index.php?i=1&uniacid=1&t=undefined&v=1.3&m=ewei_shopv2&from=wxapp&c=entry&a=wxapp&do=main&&state=we7sid-ac5a76fbfde9fa965866e63e7ea77ceb&sign=559394c699ff1adce0c43ecea8d263a3 pn=upload; op=order; orderid=13558; 
上传
[2018-08-07 20:11:11] trace  /app/index.php?i=1&uniacid=1&t=undefined&v=1.3&m=ewei_shopv2&from=wxapp&c=entry&a=wxapp&do=main&&state=we7sid-bf4357f2d031fb6d559b03f75d611256&sign=033db12c99bfef1dbf4329cb4d7e864b pn=upload; op=order; orderid=13559; 
上传
[2018-08-07 20:13:40] trace  /app/index.php?i=1&uniacid=1&t=undefined&v=1.3&m=ewei_shopv2&from=wxapp&c=entry&a=wxapp&do=main&&state=we7sid-aca1c2b2769d4acb76ceecbc458cd1bd&sign=185800f5729cd786f5395cbbc626a664 op=order; orderid=13560; pn=upload; 
上传
[2018-08-07 20:34:04] trace  /app/index.php?i=1&uniacid=1&t=undefined&v=1.3&m=ewei_shopv2&from=wxapp&c=entry&a=wxapp&do=main&&state=we7sid-60afdaa3086b3ed6553685521de8d879&sign=216303cf064448c4d684afde26e6729f pn=upload; op=order; orderid=13561; 
上传
[2018-08-07 20:38:23] trace  /app/index.php?i=1&uniacid=1&t=undefined&v=1.3&m=ewei_shopv2&from=wxapp&c=entry&a=wxapp&do=main&&state=we7sid-295b3c2c1d01cb609cadbdbf887a5215&sign=ee2db0485115aa8085490a50569c30c0 pn=upload; op=order; orderid=13562; 
上传
[2018-08-07 20:39:56] trace  /app/index.php?i=1&uniacid=1&t=undefined&v=1.3&m=ewei_shopv2&from=wxapp&c=entry&a=wxapp&do=main&&state=we7sid-f846e9d40c6fe0602c0b01ef235722a6&sign=cb426c7c7d27814b4ac1ce32fad1b1ff pn=upload; op=order; orderid=13563; 
上传
[2018-08-07 20:45:58] trace  /app/index.php?i=1&uniacid=1&t=undefined&v=1.3&m=ewei_shopv2&from=wxapp&c=entry&a=wxapp&do=main&&state=we7sid-d74a02f52f4232cd9c29842c27049390&sign=7c3ad78832effc8c0f97bbecdd6eb713 op=order; orderid=13564; pn=upload; 
上传
[2018-08-07 20:48:27] trace  /app/index.php?i=1&uniacid=1&t=undefined&v=1.3&m=ewei_shopv2&from=wxapp&c=entry&a=wxapp&do=main&&state=we7sid-aacebc0dd2c4b34a47e24edad0116df6&sign=e308f330722ee456dc90b1249276fabd pn=upload; op=order; orderid=13565; 
上传
[2018-08-07 20:48:28] trace  /app/index.php?i=1&uniacid=1&t=undefined&v=1.3&m=ewei_shopv2&from=wxapp&c=entry&a=wxapp&do=main&&state=we7sid-aacebc0dd2c4b34a47e24edad0116df6&sign=e308f330722ee456dc90b1249276fabd pn=upload; op=order; orderid=13566; 
上传
[2018-08-07 20:48:29] trace  /app/index.php?i=1&uniacid=1&t=undefined&v=1.3&m=ewei_shopv2&from=wxapp&c=entry&a=wxapp&do=main&&state=we7sid-aacebc0dd2c4b34a47e24edad0116df6&sign=e308f330722ee456dc90b1249276fabd pn=upload; op=order; orderid=13567; 
上传
[2018-08-07 20:48:31] trace  /app/index.php?i=1&uniacid=1&t=undefined&v=1.3&m=ewei_shopv2&from=wxapp&c=entry&a=wxapp&do=main&&state=we7sid-aacebc0dd2c4b34a47e24edad0116df6&sign=e308f330722ee456dc90b1249276fabd pn=upload; op=order; orderid=13568; 
上传
[2018-08-07 21:16:15] trace  /app/index.php?i=1&uniacid=1&t=undefined&v=1.3&m=ewei_shopv2&from=wxapp&c=entry&a=wxapp&do=main&&state=we7sid-9d826f6bb8881c6e110a6bddd5afbbfb&sign=6d600cb023814741b30020f76d79a724 pn=upload; op=author; orderid=12738; 
上传
[2018-08-07 21:21:49] trace  /app/index.php?i=1&uniacid=1&t=undefined&v=1.3&m=ewei_shopv2&from=wxapp&c=entry&a=wxapp&do=main&&state=we7sid-9d826f6bb8881c6e110a6bddd5afbbfb&sign=6d600cb023814741b30020f76d79a724 pn=upload; op=author; orderid=12739; 
上传
[2018-08-07 21:27:07] trace  /app/index.php?i=1&uniacid=1&t=undefined&v=1.3&m=ewei_shopv2&from=wxapp&c=entry&a=wxapp&do=main&&state=we7sid-9d826f6bb8881c6e110a6bddd5afbbfb&sign=6d600cb023814741b30020f76d79a724 pn=upload; op=author; orderid=12785; 
上传
[2018-08-07 21:38:11] trace  /app/index.php?i=1&uniacid=1&t=undefined&v=1.3&m=ewei_shopv2&from=wxapp&c=entry&a=wxapp&do=main&&state=we7sid-9d826f6bb8881c6e110a6bddd5afbbfb&sign=6d600cb023814741b30020f76d79a724 pn=upload; op=author; orderid=12834; 
上传
[2018-08-07 21:43:25] trace  /app/index.php?i=1&uniacid=1&t=undefined&v=1.3&m=ewei_shopv2&from=wxapp&c=entry&a=wxapp&do=main&&state=we7sid-9d826f6bb8881c6e110a6bddd5afbbfb&sign=6d600cb023814741b30020f76d79a724 pn=upload; op=author; orderid=12894; 
上传
[2018-08-07 21:44:12] trace  /app/index.php?i=1&uniacid=1&t=undefined&v=1.3&m=ewei_shopv2&from=wxapp&c=entry&a=wxapp&do=main&&state=we7sid-0b3372a0f6257a3c0ce6e3fad9018ee7&sign=fdfe2466106240e713333d166336fce7 op=order; orderid=13569; pn=upload; 
上传
[2018-08-07 21:49:00] trace  /app/index.php?i=1&uniacid=1&t=undefined&v=1.3&m=ewei_shopv2&from=wxapp&c=entry&a=wxapp&do=main&&state=we7sid-9d826f6bb8881c6e110a6bddd5afbbfb&sign=6d600cb023814741b30020f76d79a724 pn=upload; op=author; orderid=12915; 
上传
[2018-08-07 21:50:01] trace  /app/index.php?i=1&uniacid=1&t=undefined&v=1.3&m=ewei_shopv2&from=wxapp&c=entry&a=wxapp&do=main&&state=we7sid-54b2564d66f7f3edbd9a92ccd9951815&sign=84a7253933aa6fb1182dade839460864 pn=upload; op=order; orderid=13570; 
上传
[2018-08-07 21:54:34] trace  /app/index.php?i=1&uniacid=1&t=undefined&v=1.3&m=ewei_shopv2&from=wxapp&c=entry&a=wxapp&do=main&&state=we7sid-9d826f6bb8881c6e110a6bddd5afbbfb&sign=6d600cb023814741b30020f76d79a724 pn=upload; op=author; orderid=12955; 
上传
[2018-08-07 21:59:30] trace  /app/index.php?i=1&uniacid=1&t=undefined&v=1.3&m=ewei_shopv2&from=wxapp&c=entry&a=wxapp&do=main&&state=we7sid-9d826f6bb8881c6e110a6bddd5afbbfb&sign=6d600cb023814741b30020f76d79a724 pn=upload; op=author; orderid=12960; 
上传
[2018-08-07 22:02:25] trace  /app/index.php?i=1&uniacid=1&t=undefined&v=1.3&m=ewei_shopv2&from=wxapp&c=entry&a=wxapp&do=main&&state=we7sid-27c16353961d2adc893038c1a9921126&sign=4b0bc56517763ce0c4c56379216578ff op=order; pn=upload; orderid=13571; 
上传
[2018-08-07 22:04:53] trace  /app/index.php?i=1&uniacid=1&t=undefined&v=1.3&m=ewei_shopv2&from=wxapp&c=entry&a=wxapp&do=main&&state=we7sid-30e5e4f091d160d9e0a9e78ae51ed45f&sign=6ac0e3420c37a338cad9b6b72ab7a5ef pn=upload; op=order; orderid=13572; 
上传
[2018-08-07 22:06:45] trace  /app/index.php?i=1&uniacid=1&t=undefined&v=1.3&m=ewei_shopv2&from=wxapp&c=entry&a=wxapp&do=main&&state=we7sid-30e5e4f091d160d9e0a9e78ae51ed45f&sign=6ac0e3420c37a338cad9b6b72ab7a5ef pn=upload; op=order; orderid=13573; 
上传
[2018-08-07 22:16:42] trace  /app/index.php?i=1&uniacid=1&t=undefined&v=1.3&m=ewei_shopv2&from=wxapp&c=entry&a=wxapp&do=main&&state=we7sid-27c16353961d2adc893038c1a9921126&sign=4b0bc56517763ce0c4c56379216578ff op=order; pn=upload; orderid=13574; 
上传
[2018-08-07 22:17:05] trace  /app/index.php?i=1&uniacid=1&t=undefined&v=1.3&m=ewei_shopv2&from=wxapp&c=entry&a=wxapp&do=main&&state=we7sid-27c16353961d2adc893038c1a9921126&sign=4b0bc56517763ce0c4c56379216578ff op=order; pn=upload; orderid=13575; 
上传
[2018-08-07 22:17:05] trace  /app/index.php?i=1&uniacid=1&t=undefined&v=1.3&m=ewei_shopv2&from=wxapp&c=entry&a=wxapp&do=main&&state=we7sid-27c16353961d2adc893038c1a9921126&sign=4b0bc56517763ce0c4c56379216578ff op=order; pn=upload; orderid=13576; 
上传
[2018-08-07 22:27:57] trace  /app/index.php?i=1&uniacid=1&t=undefined&v=1.3&m=ewei_shopv2&from=wxapp&c=entry&a=wxapp&do=main&&state=we7sid-567208bc0f108f7ef31f84a543cf10b1&sign=700bc5ec6d293151b2d83a8d4265fb35 pn=upload; op=order; orderid=13577; 
上传
[2018-08-07 22:30:12] trace  /app/index.php?i=1&uniacid=1&t=undefined&v=1.3&m=ewei_shopv2&from=wxapp&c=entry&a=wxapp&do=main&&state=we7sid-313857c9a73a3584f8d9f45877badcd1&sign=d8a0a10243a1054b3de502f7d8b8d0a5 op=order; orderid=13578; pn=upload; 
上传
[2018-08-07 22:33:57] trace  /app/index.php?i=1&uniacid=1&t=undefined&v=1.3&m=ewei_shopv2&from=wxapp&c=entry&a=wxapp&do=main&&state=we7sid-9d826f6bb8881c6e110a6bddd5afbbfb&sign=6d600cb023814741b30020f76d79a724 pn=upload; op=author; orderid=12998; 
上传
[2018-08-07 22:52:29] trace  /app/index.php?i=1&uniacid=1&t=undefined&v=1.3&m=ewei_shopv2&from=wxapp&c=entry&a=wxapp&do=main&&state=we7sid-400df95d49e10065a56c5a7dfc129092&sign=3211a1333cd6086db90e9539b1177df8 pn=upload; op=order; orderid=13579; 
上传
[2018-08-07 22:57:56] trace  /app/index.php?i=1&uniacid=1&t=undefined&v=1.3&m=ewei_shopv2&from=wxapp&c=entry&a=wxapp&do=main&&state=we7sid-1bcbbee09508291c6767278d8fb3e3a1&sign=00984e71598b651e81a92b39753df3b0 pn=upload; op=order; orderid=13580; 
上传
[2018-08-07 23:03:17] trace  /app/index.php?i=1&uniacid=1&t=undefined&v=1.3&m=ewei_shopv2&from=wxapp&c=entry&a=wxapp&do=main&&state=we7sid-9d826f6bb8881c6e110a6bddd5afbbfb&sign=6d600cb023814741b30020f76d79a724 pn=upload; op=author; orderid=13002; 
上传
[2018-08-07 23:08:20] trace  /app/index.php?i=1&uniacid=1&t=undefined&v=1.3&m=ewei_shopv2&from=wxapp&c=entry&a=wxapp&do=main&&state=we7sid-0bb3000d9ff8835207ecc846dc82d179&sign=cb5a96a20762522f12b3563b35355f45 pn=upload; op=order; orderid=13581; 
上传
[2018-08-07 23:30:23] trace  /app/index.php?i=1&uniacid=1&t=undefined&v=1.3&m=ewei_shopv2&from=wxapp&c=entry&a=wxapp&do=main&&state=we7sid-dde56f6d7a167a79369466da2d7dd2e5&sign=4920ac4cb6f53048dcc67414cfa12d34 pn=upload; op=order; orderid=13582; 
上传
[2018-08-07 23:47:59] trace  /app/index.php?i=1&uniacid=1&t=undefined&v=1.3&m=ewei_shopv2&from=wxapp&c=entry&a=wxapp&do=main&&state=we7sid-94810c58538139eb7745ddf2b8d3f0d2&sign=f3a1aaa0866f78ed7b8835374aff543c pn=upload; op=order; orderid=13583; 
上传
[2018-08-07 23:49:38] trace  /app/index.php?i=1&uniacid=1&t=undefined&v=1.3&m=ewei_shopv2&from=wxapp&c=entry&a=wxapp&do=main&&state=we7sid-94810c58538139eb7745ddf2b8d3f0d2&sign=f3a1aaa0866f78ed7b8835374aff543c pn=upload; op=order; orderid=13584; 
上传
