[2018-12-20 00:27:31] trace  /app/index.php?i=1&uniacid=1&t=undefined&v=1.3&m=ewei_shopv2&from=wxapp&c=entry&a=wxapp&do=main&&state=we7sid-8168d41410da231a24eb40654a8f63c0&sign=1dd3ac87d269603b0c109aab60111f84 pn=upload; op=order; orderid=22935; 
上传
[2018-12-20 00:49:31] trace  /app/index.php?i=1&uniacid=1&t=undefined&v=1.3&m=ewei_shopv2&from=wxapp&c=entry&a=wxapp&do=main&&state=we7sid-3492a22c24da159666ea84b5c618742b&sign=d45e0b65e2807cf9d302e050b21cf523 pn=upload; op=order; orderid=22936; 
上传
[2018-12-20 02:48:05] trace  /app/index.php?i=1&uniacid=1&t=undefined&v=1.3&m=ewei_shopv2&from=wxapp&c=entry&a=wxapp&do=main&&state=we7sid-dec94af7738210f5bd41cffdd5cda440&sign=fb8d745330f9d21d7abb26056165c51e op=order; orderid=22937; pn=upload; 
上传
[2018-12-20 07:07:03] trace  /app/index.php?i=1&uniacid=1&t=undefined&v=1.3&m=ewei_shopv2&from=wxapp&c=entry&a=wxapp&do=main&&state=we7sid-fa0e292fba4888d8da8ce3a76bfc3e6d&sign=2e5b5d3d031c341d436112ba5b93273c op=order; orderid=22938; pn=upload; 
上传
[2018-12-20 08:52:25] trace  /app/index.php?i=1&uniacid=1&t=undefined&v=1.3&m=ewei_shopv2&from=wxapp&c=entry&a=wxapp&do=main&&state=we7sid-46ef3a16912479fee09506d12b668121&sign=fc1f6a787447692df40b3c9f697f08c7 pn=upload; op=order; orderid=22939; 
上传
[2018-12-20 09:24:28] trace  /app/index.php?i=1&uniacid=1&t=undefined&v=1.3&m=ewei_shopv2&from=wxapp&c=entry&a=wxapp&do=main&&state=we7sid-46ef3a16912479fee09506d12b668121&sign=fc1f6a787447692df40b3c9f697f08c7 pn=upload; op=order; orderid=22940; 
上传
[2018-12-20 09:39:23] trace  /app/index.php?i=1&uniacid=1&t=undefined&v=1.3&m=ewei_shopv2&from=wxapp&c=entry&a=wxapp&do=main&&state=we7sid-1db45cddcaf6d17057a502e08b00f30a&sign=fcf0778b15993193bf2356f26baf9478 pn=upload; op=order; orderid=22941; 
上传
[2018-12-20 10:04:58] trace  /app/index.php?i=1&uniacid=1&t=undefined&v=1.3&m=ewei_shopv2&from=wxapp&c=entry&a=wxapp&do=main&&state=we7sid-24accee8cf7ab84603225ef853d872f6&sign=d81dda2115c648efd6a20a5eed5164dd op=order; orderid=22942; pn=upload; 
上传
[2018-12-20 10:07:45] trace  /app/index.php?i=1&uniacid=1&t=undefined&v=1.3&m=ewei_shopv2&from=wxapp&c=entry&a=wxapp&do=main&&state=we7sid-24accee8cf7ab84603225ef853d872f6&sign=d81dda2115c648efd6a20a5eed5164dd op=order; orderid=22943; pn=upload; 
上传
[2018-12-20 10:14:04] trace  /app/index.php?i=1&uniacid=1&t=undefined&v=1.3&m=ewei_shopv2&from=wxapp&c=entry&a=wxapp&do=main&&state=we7sid-956dd202d215c3c78d13e409812c342e&sign=fd5195d286bdfe81f6c34e352b9498e1 op=order; orderid=22944; pn=upload; 
上传
[2018-12-20 10:21:21] trace  /app/index.php?i=1&uniacid=1&t=undefined&v=1.3&m=ewei_shopv2&from=wxapp&c=entry&a=wxapp&do=main&&state=we7sid-79fd1d8765fd831f9d8f28a62a17637e&sign=f90a049bee136ad84ed5050ea357f063 op=order; orderid=22945; pn=upload; 
上传
[2018-12-20 10:30:38] trace  /app/index.php?i=1&uniacid=1&t=undefined&v=1.3&m=ewei_shopv2&from=wxapp&c=entry&a=wxapp&do=main&&state=we7sid-2c4b4adc840b8afb5d3698e6524699a3&sign=9e43ff4ed0d2e5ab366f4cf9a582c0f1 pn=upload; op=order; orderid=22946; 
上传
[2018-12-20 11:00:16] trace  /app/index.php?i=1&uniacid=1&t=undefined&v=1.3&m=ewei_shopv2&from=wxapp&c=entry&a=wxapp&do=main&&state=we7sid-8f408794985af4ba047d2e6fa3c50202&sign=35814d8ac999729c65548cdce447cd66 pn=upload; op=order; orderid=22947; 
上传
[2018-12-20 11:57:19] trace  /app/index.php?i=1&uniacid=1&t=undefined&v=1.3&m=ewei_shopv2&from=wxapp&c=entry&a=wxapp&do=main&&state=we7sid-4c9dc248f2dcd0b62fa6c315f04e6a02&sign=b6ac911298ba7dca4f2ec346b0aeb818 op=order; orderid=22948; pn=upload; 
上传
[2018-12-20 12:01:07] trace  /app/index.php?i=1&uniacid=1&t=undefined&v=1.3&m=ewei_shopv2&from=wxapp&c=entry&a=wxapp&do=main&&state=we7sid-e1565840fe7097d27281a0d8a93dfde5&sign=266aac9446477abbbd6c633e77417736 pn=upload; op=order; orderid=22949; 
上传
[2018-12-20 12:05:30] trace  /app/index.php?i=1&uniacid=1&t=undefined&v=1.3&m=ewei_shopv2&from=wxapp&c=entry&a=wxapp&do=main&&state=we7sid-92db65ddaebe12c1185d73d07ba76d24&sign=d764bb1080ea43f7c482bc1d843b087c op=order; orderid=22950; pn=upload; 
上传
[2018-12-20 12:24:11] trace  /app/index.php?i=1&uniacid=1&t=undefined&v=1.3&m=ewei_shopv2&from=wxapp&c=entry&a=wxapp&do=main&&state=we7sid-9a8c9154493387dd32309772cf6b8a34&sign=a4085af10abbcaae15daa00ea304b0d2 pn=upload; op=order; orderid=22951; 
上传
[2018-12-20 12:53:08] trace  /app/index.php?i=1&uniacid=1&t=undefined&v=1.3&m=ewei_shopv2&from=wxapp&c=entry&a=wxapp&do=main&&state=we7sid-08a81ae9069ca2689cedcaf00a35facb&sign=4e137e3553168c2c6fc4938a8d8a1177 pn=upload; op=order; orderid=22952; 
上传
[2018-12-20 13:12:10] trace  /app/index.php?i=1&uniacid=1&t=undefined&v=1.3&m=ewei_shopv2&from=wxapp&c=entry&a=wxapp&do=main&&state=we7sid-dfddf38b3ed596051f8d49c30bf1de85&sign=0a5f7292129ceeedde4418e3abd4e341 pn=upload; op=order; orderid=22953; 
上传
[2018-12-20 13:58:08] trace  /app/index.php?i=1&uniacid=1&t=undefined&v=1.3&m=ewei_shopv2&from=wxapp&c=entry&a=wxapp&do=main&&state=we7sid-9e94b80b7d42cdaeaec87eb14a925fe6&sign=1addf83697d850f2189c3726adae33d0 pn=upload; op=order; orderid=22954; 
上传
[2018-12-20 14:17:44] trace  /app/index.php?i=1&uniacid=1&t=undefined&v=1.3&m=ewei_shopv2&from=wxapp&c=entry&a=wxapp&do=main&&state=we7sid-0fbbc1f9389bbeadd1a97269f1c7584f&sign=a489446196af21349907fa1c840981a1 op=order; orderid=22955; pn=upload; 
上传
[2018-12-20 14:17:59] trace  /app/index.php?i=1&uniacid=1&t=undefined&v=1.3&m=ewei_shopv2&from=wxapp&c=entry&a=wxapp&do=main&&state=we7sid-0fbbc1f9389bbeadd1a97269f1c7584f&sign=a489446196af21349907fa1c840981a1 op=order; orderid=22956; pn=upload; 
上传
[2018-12-20 14:38:52] trace  /app/index.php?i=1&uniacid=1&t=undefined&v=1.3&m=ewei_shopv2&from=wxapp&c=entry&a=wxapp&do=main&&state=we7sid-6626f295bbe20d0da19cf3c51199c5fa&sign=c75d255a64b3ef8d3a315ce151bef14b op=author; orderid=21737; pn=upload; 
上传
[2018-12-20 14:38:53] trace  /app/index.php?i=1&uniacid=1&t=undefined&v=1.3&m=ewei_shopv2&from=wxapp&c=entry&a=wxapp&do=main&&state=we7sid-6626f295bbe20d0da19cf3c51199c5fa&sign=c75d255a64b3ef8d3a315ce151bef14b op=author; orderid=21737; pn=upload; 
上传
[2018-12-20 16:23:56] trace  /app/index.php?i=1&uniacid=1&t=undefined&v=1.3&m=ewei_shopv2&from=wxapp&c=entry&a=wxapp&do=main&&state=we7sid-0b161668b561ca5178f9b2570167d166&sign=2499a7efc273c218efcb0bc5e715a90e pn=upload; op=order; orderid=22957; 
上传
[2018-12-20 16:40:07] trace  /app/index.php?i=1&uniacid=1&t=undefined&v=1.3&m=ewei_shopv2&from=wxapp&c=entry&a=wxapp&do=main&&state=we7sid-6ea1501379d2e417a828b5d09866f85d&sign=65e81726bae1e75ee8b9f819ea4048d2 pn=upload; op=order; orderid=22958; 
上传
[2018-12-20 16:42:35] trace  /app/index.php?i=1&uniacid=1&t=undefined&v=1.3&m=ewei_shopv2&from=wxapp&c=entry&a=wxapp&do=main&&state=we7sid-968a1df51a24a4bdd56f8ad85b1d6d4f&sign=bfe529559057c3092eb70fe677146bee pn=upload; op=order; orderid=22959; 
上传
[2018-12-20 17:10:09] trace  /app/index.php?i=1&uniacid=1&t=undefined&v=1.3&m=ewei_shopv2&from=wxapp&c=entry&a=wxapp&do=main&&state=we7sid-c329a7ab44a83bb0495b057c50db177b&sign=76d1adc5fa430b901ae311073bd7d77a op=order; orderid=22960; pn=upload; 
上传
[2018-12-20 17:20:21] trace  /app/index.php?i=1&uniacid=1&t=undefined&v=1.3&m=ewei_shopv2&from=wxapp&c=entry&a=wxapp&do=main&&state=we7sid-5b037fec6f208edbbd81abca7b982aa6&sign=8003532361432a475e6dcd833782452f pn=upload; op=order; orderid=22961; 
上传
[2018-12-20 17:21:06] trace  /app/index.php?i=1&uniacid=1&t=undefined&v=1.3&m=ewei_shopv2&from=wxapp&c=entry&a=wxapp&do=main&&state=we7sid-5b037fec6f208edbbd81abca7b982aa6&sign=8003532361432a475e6dcd833782452f pn=upload; op=order; orderid=22962; 
上传
[2018-12-20 17:24:15] trace  /app/index.php?i=1&uniacid=1&t=undefined&v=1.3&m=ewei_shopv2&from=wxapp&c=entry&a=wxapp&do=main&&state=we7sid-5b037fec6f208edbbd81abca7b982aa6&sign=8003532361432a475e6dcd833782452f pn=upload; op=order; orderid=22963; 
上传
[2018-12-20 18:14:31] trace  /app/index.php?i=1&uniacid=1&t=undefined&v=1.3&m=ewei_shopv2&from=wxapp&c=entry&a=wxapp&do=main&&state=we7sid-c8a3dd1189a4c084223a326e61ce0ca6&sign=b2b50b561f35f20536f702cc0acf8f32 pn=upload; op=order; orderid=22964; 
上传
[2018-12-20 18:28:24] trace  /app/index.php?i=1&uniacid=1&t=undefined&v=1.3&m=ewei_shopv2&from=wxapp&c=entry&a=wxapp&do=main&&state=we7sid-a4d5538db041afbb8480452fa4095c96&sign=b18f8c3733bd936405b73171f70b0ecd pn=upload; op=order; orderid=22965; 
上传
[2018-12-20 18:30:51] trace  /app/index.php?i=1&uniacid=1&t=undefined&v=1.3&m=ewei_shopv2&from=wxapp&c=entry&a=wxapp&do=main&&state=we7sid-a4d5538db041afbb8480452fa4095c96&sign=b18f8c3733bd936405b73171f70b0ecd pn=upload; op=order; orderid=22966; 
上传
[2018-12-20 19:32:13] trace  /app/index.php?i=1&uniacid=1&t=undefined&v=1.3&m=ewei_shopv2&from=wxapp&c=entry&a=wxapp&do=main&&state=we7sid-ad61be4f73728b1007b6f5330218d025&sign=e473520bbcea952e9abf8f936166b00b pn=upload; op=order; orderid=22967; 
上传
[2018-12-20 19:54:15] trace  /app/index.php?i=1&uniacid=1&t=undefined&v=1.3&m=ewei_shopv2&from=wxapp&c=entry&a=wxapp&do=main&&state=we7sid-cd980017d6676e01afe38c5358fca4a0&sign=4e3e5227daf4aa0752067ef340875f6a pn=upload; op=order; orderid=22968; 
上传
[2018-12-20 20:04:27] trace  /app/index.php?i=1&uniacid=1&t=undefined&v=1.3&m=ewei_shopv2&from=wxapp&c=entry&a=wxapp&do=main&&state=we7sid-7dfe047c1272f14bd101c9d55c23f480&sign=d2fdfec339e0fc12f037bd32b9edfc4e pn=upload; op=order; orderid=22969; 
上传
[2018-12-20 20:05:08] trace  /app/index.php?i=1&uniacid=1&t=undefined&v=1.3&m=ewei_shopv2&from=wxapp&c=entry&a=wxapp&do=main&&state=we7sid-16b0ee58e3499fd03f8800906537a61d&sign=52fa67b087de8f34cf17d407b8d1ffb6 pn=upload; op=order; orderid=22970; 
上传
[2018-12-20 20:08:07] trace  /app/index.php?i=1&uniacid=1&t=undefined&v=1.3&m=ewei_shopv2&from=wxapp&c=entry&a=wxapp&do=main&&state=we7sid-38b11f0ee6a20bfce1f7853a211d95ad&sign=d786104faf2deb4b8be0f5e91b236c98 pn=upload; op=order; orderid=22971; 
上传
[2018-12-20 20:19:50] trace  /app/index.php?i=1&uniacid=1&t=undefined&v=1.3&m=ewei_shopv2&from=wxapp&c=entry&a=wxapp&do=main&&state=we7sid-6b31ee327a715acb40d582b15b1e2de2&sign=ce04591565153feb2dad0e9c628950b2 pn=upload; op=order; orderid=22972; 
上传
[2018-12-20 21:23:10] trace  /app/index.php?i=1&uniacid=1&t=undefined&v=1.3&m=ewei_shopv2&from=wxapp&c=entry&a=wxapp&do=main&&state=we7sid-b65268c21e0408c43c4bb097609245c7&sign=8db58c40e2c6f432a8541b66c9cadabd op=order; orderid=22973; pn=upload; 
上传
[2018-12-20 21:33:48] trace  /app/index.php?i=1&uniacid=1&t=undefined&v=1.3&m=ewei_shopv2&from=wxapp&c=entry&a=wxapp&do=main&&state=we7sid-6d25e11a6efcdf9986c31b34bddbb182&sign=5245c5121d2911d1cee860093e3619be pn=upload; op=author; orderid=22748; 
上传
[2018-12-20 21:38:57] trace  /app/index.php?i=1&uniacid=1&t=undefined&v=1.3&m=ewei_shopv2&from=wxapp&c=entry&a=wxapp&do=main&&state=we7sid-6d25e11a6efcdf9986c31b34bddbb182&sign=5245c5121d2911d1cee860093e3619be pn=upload; op=author; orderid=22811; 
上传
[2018-12-20 21:41:21] trace  /app/index.php?i=1&uniacid=1&t=undefined&v=1.3&m=ewei_shopv2&from=wxapp&c=entry&a=wxapp&do=main&&state=we7sid-19dcc6957e8aa697ea4e11d9614b23ed&sign=98dfb852313907b7c7f13a8f383601d5 op=order; orderid=22974; pn=upload; 
上传
[2018-12-20 21:57:11] trace  /app/index.php?i=1&uniacid=1&t=undefined&v=1.3&m=ewei_shopv2&from=wxapp&c=entry&a=wxapp&do=main&&state=we7sid-6d25e11a6efcdf9986c31b34bddbb182&sign=5245c5121d2911d1cee860093e3619be pn=upload; op=author; orderid=22825; 
上传
[2018-12-20 22:02:28] trace  /app/index.php?i=1&uniacid=1&t=undefined&v=1.3&m=ewei_shopv2&from=wxapp&c=entry&a=wxapp&do=main&&state=we7sid-dda44ccd9562ff1cb8b5f9c3683d2577&sign=4b9b46ce9a4b12568d6d1a543c961a72 op=order; orderid=22975; pn=upload; 
上传
[2018-12-20 22:07:08] trace  /app/index.php?i=1&uniacid=1&t=undefined&v=1.3&m=ewei_shopv2&from=wxapp&c=entry&a=wxapp&do=main&&state=we7sid-6d25e11a6efcdf9986c31b34bddbb182&sign=5245c5121d2911d1cee860093e3619be pn=upload; op=author; orderid=22846; 
上传
[2018-12-20 22:23:03] trace  /app/index.php?i=1&uniacid=1&t=undefined&v=1.3&m=ewei_shopv2&from=wxapp&c=entry&a=wxapp&do=main&&state=we7sid-6d25e11a6efcdf9986c31b34bddbb182&sign=5245c5121d2911d1cee860093e3619be pn=upload; op=author; orderid=22878; 
上传
[2018-12-20 22:25:26] trace  /app/index.php?i=1&uniacid=1&t=undefined&v=1.3&m=ewei_shopv2&from=wxapp&c=entry&a=wxapp&do=main&&state=we7sid-ece03fde76de59ed4943d5669a31b1a4&sign=9ea7442c46aeed5dabda88f81f5c47c5 op=order; orderid=22976; pn=upload; 
上传
[2018-12-20 22:26:16] trace  /app/index.php?i=1&uniacid=1&t=undefined&v=1.3&m=ewei_shopv2&from=wxapp&c=entry&a=wxapp&do=main&&state=we7sid-ba2a872b74815fd6e6ffaf14bdd6b0a2&sign=6756fe236807ce80b177787f7a3c75b3 pn=upload; op=order; orderid=22977; 
上传
[2018-12-20 22:33:07] trace  /app/index.php?i=1&uniacid=1&t=undefined&v=1.3&m=ewei_shopv2&from=wxapp&c=entry&a=wxapp&do=main&&state=we7sid-9e59f783fdd98acf2ab7f6f8bc6f1151&sign=85a7a880534ddad29135df678e0b367c pn=upload; op=order; orderid=22978; 
上传
[2018-12-20 23:03:54] trace  /app/index.php?i=1&uniacid=1&t=undefined&v=1.3&m=ewei_shopv2&from=wxapp&c=entry&a=wxapp&do=main&&state=we7sid-6d25e11a6efcdf9986c31b34bddbb182&sign=5245c5121d2911d1cee860093e3619be pn=upload; op=author; orderid=22894; 
上传
[2018-12-20 23:36:02] trace  /app/index.php?i=1&uniacid=1&t=undefined&v=1.3&m=ewei_shopv2&from=wxapp&c=entry&a=wxapp&do=main&&state=we7sid-563c7ce4c39d5dadc732ef785fa410c9&sign=75e9a4967255adde527bf3f9ea14a55b op=order; orderid=22979; pn=upload; 
上传
