[2018-06-14 00:24:52] trace  /app/index.php?i=1&uniacid=1&t=undefined&v=1.1&m=ewei_shopv2&from=wxapp&c=entry&a=wxapp&do=main&&state=we7sid-1d2e786fffa22160a29bfe406a567acc&sign=8a3f5eb16240630b1ca40516633a8e3d pn=upload; op=order; orderid=7618; 
上传
[2018-06-14 00:27:21] trace  /app/index.php?i=1&uniacid=1&t=undefined&v=1.1&m=ewei_shopv2&from=wxapp&c=entry&a=wxapp&do=main&&state=we7sid-1d2e786fffa22160a29bfe406a567acc&sign=8a3f5eb16240630b1ca40516633a8e3d pn=upload; op=order; orderid=7619; 
上传
[2018-06-14 00:28:08] trace  /app/index.php?i=1&uniacid=1&t=undefined&v=1.1&m=ewei_shopv2&from=wxapp&c=entry&a=wxapp&do=main&&state=we7sid-bbeddc002b54e1c43899d3287600158f&sign=b58df829452a0bfd37af2ba72d27f176 pn=upload; op=order; orderid=7620; 
上传
[2018-06-14 00:29:47] trace  /app/index.php?i=1&uniacid=1&t=undefined&v=1.1&m=ewei_shopv2&from=wxapp&c=entry&a=wxapp&do=main&&state=we7sid-af1c52c0238b48973c0929b30faaebf9&sign=7a97f25379a9b829431a5024dfc5f245 pn=upload; op=order; orderid=7621; 
上传
[2018-06-14 02:03:44] trace  /app/index.php?i=1&uniacid=1&t=undefined&v=1.1&m=ewei_shopv2&from=wxapp&c=entry&a=wxapp&do=main&&state=we7sid-04c0a23a295c690b13b3941ecf8cea5a&sign=508c19b06b00a46a788fbb6dc1654f42 pn=upload; op=order; orderid=7622; 
上传
[2018-06-14 06:17:29] trace  /app/index.php?i=1&uniacid=1&t=undefined&v=1.1&m=ewei_shopv2&from=wxapp&c=entry&a=wxapp&do=main&&state=we7sid-05252dc68066cab022d87feff5f09be4&sign=4c180138a99ecdb223928a210abbcd58 pn=upload; op=order; orderid=7623; 
上传
[2018-06-14 06:48:06] trace  /app/index.php?i=1&uniacid=1&t=undefined&v=1.1&m=ewei_shopv2&from=wxapp&c=entry&a=wxapp&do=main&&state=we7sid-0aaa6c2bf2c94bb4629364004e963385&sign=fc7c0ec2ea453b7e341dd0e99ff90735 pn=upload; op=order; orderid=7624; 
上传
[2018-06-14 08:45:32] trace  /app/index.php?i=1&uniacid=1&t=undefined&v=1.1&m=ewei_shopv2&from=wxapp&c=entry&a=wxapp&do=main&&state=we7sid-57d35e5a9bc907735b54b4a858b7220f&sign=bbe3a64b104ead553c4eaa3e21adfe36 pn=upload; op=order; orderid=7625; 
上传
[2018-06-14 08:47:17] trace  /app/index.php?i=1&uniacid=1&t=undefined&v=1.1&m=ewei_shopv2&from=wxapp&c=entry&a=wxapp&do=main&&state=we7sid-57d35e5a9bc907735b54b4a858b7220f&sign=bbe3a64b104ead553c4eaa3e21adfe36 pn=upload; op=order; orderid=7626; 
上传
[2018-06-14 08:49:08] trace  /app/index.php?i=1&uniacid=1&t=undefined&v=1.1&m=ewei_shopv2&from=wxapp&c=entry&a=wxapp&do=main&&state=we7sid-57d35e5a9bc907735b54b4a858b7220f&sign=bbe3a64b104ead553c4eaa3e21adfe36 pn=upload; op=order; orderid=7627; 
上传
[2018-06-14 08:59:09] trace  /app/index.php?i=1&uniacid=1&t=undefined&v=1.1&m=ewei_shopv2&from=wxapp&c=entry&a=wxapp&do=main&&state=we7sid-ecd2b2ba9ed6398f230bf14769cfeb09&sign=0b8b48eda5e7958bebf4e29453b603c8 op=order; orderid=7628; pn=upload; 
上传
[2018-06-14 09:39:36] trace  /app/index.php?i=1&uniacid=1&t=undefined&v=1.1&m=ewei_shopv2&from=wxapp&c=entry&a=wxapp&do=main&&state=we7sid-f818cbc428743eafa71ffa1cb922a152&sign=bc7d35eff73c67831dda04570a8e6226 pn=upload; op=order; orderid=7629; 
上传
[2018-06-14 10:43:52] trace  /app/index.php?i=1&uniacid=1&t=undefined&v=1.1&m=ewei_shopv2&from=wxapp&c=entry&a=wxapp&do=main&&state=we7sid-ae3d3b447685c020ac7c07a83503b26f&sign=19ef8238afc40518c6538993f6166ee8 pn=upload; op=order; orderid=7630; 
上传
[2018-06-14 10:45:06] trace  /app/index.php?i=1&uniacid=1&t=undefined&v=1.1&m=ewei_shopv2&from=wxapp&c=entry&a=wxapp&do=main&&state=we7sid-421f6a9f0a6b99f3fe6901073e785754&sign=172b08976459cc14c8079e9872c1cd1c pn=upload; op=order; orderid=7631; 
上传
[2018-06-14 11:38:08] trace  /app/index.php?i=1&uniacid=1&t=undefined&v=1.1&m=ewei_shopv2&from=wxapp&c=entry&a=wxapp&do=main&&state=we7sid-407a2df4c6a59a81d4d717ee2b1884be&sign=a230730e243389de815b76e1c397bdb3 op=order; orderid=7632; pn=upload; 
上传
[2018-06-14 11:45:18] trace  /app/index.php?i=1&uniacid=1&t=undefined&v=1.1&m=ewei_shopv2&from=wxapp&c=entry&a=wxapp&do=main&&state=we7sid-a5809839877a4f60253db4540927d17b&sign=4dbabf037be1e3bdf8bafd533a1a2346 pn=upload; op=order; orderid=7633; 
上传
[2018-06-14 12:05:59] trace  /app/index.php?i=1&uniacid=1&t=undefined&v=1.1&m=ewei_shopv2&from=wxapp&c=entry&a=wxapp&do=main&&state=we7sid-1fff5b7365c77c8438bfc1364a59feda&sign=2f549cf216980ffba9d5bddbc69f8ce9 pn=upload; op=order; orderid=7634; 
上传
[2018-06-14 12:51:17] trace  /app/index.php?i=1&uniacid=1&t=undefined&v=1.1&m=ewei_shopv2&from=wxapp&c=entry&a=wxapp&do=main&&state=we7sid-099ede4fdcae0f463435e2c7f50856be&sign=3b8d74323bee451086539e205fbde7cf pn=upload; op=order; orderid=7635; 
上传
[2018-06-14 13:08:25] trace  /app/index.php?i=1&uniacid=1&t=undefined&v=1.1&m=ewei_shopv2&from=wxapp&c=entry&a=wxapp&do=main&&state=we7sid-3be879aff70cec3ed71e2906063b05fa&sign=5084b149bb7541535c2fe450825694aa pn=upload; op=order; orderid=7636; 
上传
[2018-06-14 13:09:19] trace  /app/index.php?i=1&uniacid=1&t=undefined&v=1.1&m=ewei_shopv2&from=wxapp&c=entry&a=wxapp&do=main&&state=we7sid-06d8d2ef6083dd74547bdb39f8f49f34&sign=7c18e406247eff53be59f819428c01c2 pn=upload; op=order; orderid=7637; 
上传
[2018-06-14 13:19:58] trace  /app/index.php?i=1&uniacid=1&t=undefined&v=1.1&m=ewei_shopv2&from=wxapp&c=entry&a=wxapp&do=main&&state=we7sid-72b562eaec823fc2cb49dedbb3259da0&sign=4da056dfedee9b6836b9cce62eca12c6 pn=upload; op=order; orderid=7638; 
上传
[2018-06-14 13:37:23] trace  /app/index.php?i=1&uniacid=1&t=undefined&v=1.1&m=ewei_shopv2&from=wxapp&c=entry&a=wxapp&do=main&&state=we7sid-ff345d2030ee097d5cef58fa1bf21d6b&sign=125c9de11c7e57c9d7f28bca307768c9 pn=upload; op=order; orderid=7639; 
上传
[2018-06-14 13:37:23] trace  /app/index.php?i=1&uniacid=1&t=undefined&v=1.1&m=ewei_shopv2&from=wxapp&c=entry&a=wxapp&do=main&&state=we7sid-ff345d2030ee097d5cef58fa1bf21d6b&sign=125c9de11c7e57c9d7f28bca307768c9 pn=upload; op=order; orderid=7639; 
上传
[2018-06-14 13:37:24] trace  /app/index.php?i=1&uniacid=1&t=undefined&v=1.1&m=ewei_shopv2&from=wxapp&c=entry&a=wxapp&do=main&&state=we7sid-ff345d2030ee097d5cef58fa1bf21d6b&sign=125c9de11c7e57c9d7f28bca307768c9 pn=upload; op=order; orderid=7639; 
上传
[2018-06-14 13:37:24] trace  /app/index.php?i=1&uniacid=1&t=undefined&v=1.1&m=ewei_shopv2&from=wxapp&c=entry&a=wxapp&do=main&&state=we7sid-ff345d2030ee097d5cef58fa1bf21d6b&sign=125c9de11c7e57c9d7f28bca307768c9 pn=upload; op=order; orderid=7639; 
上传
[2018-06-14 13:37:24] trace  /app/index.php?i=1&uniacid=1&t=undefined&v=1.1&m=ewei_shopv2&from=wxapp&c=entry&a=wxapp&do=main&&state=we7sid-ff345d2030ee097d5cef58fa1bf21d6b&sign=125c9de11c7e57c9d7f28bca307768c9 pn=upload; op=order; orderid=7639; 
上传
[2018-06-14 13:42:24] trace  /app/index.php?i=1&uniacid=1&t=undefined&v=1.1&m=ewei_shopv2&from=wxapp&c=entry&a=wxapp&do=main&&state=we7sid-5f447ad385b42caffaf262deef62f54a&sign=681793b9a5774cc417831a20c90eb780 op=order; orderid=7640; pn=upload; 
上传
[2018-06-14 13:43:08] trace  /app/index.php?i=1&uniacid=1&t=undefined&v=1.1&m=ewei_shopv2&from=wxapp&c=entry&a=wxapp&do=main&&state=we7sid-c9d49eb35ccee8f8e7e75e7f299d6c3b&sign=838bd757f7f9be7330ea280e6eaa2193 pn=upload; op=order; orderid=7641; 
上传
[2018-06-14 13:44:53] trace  /app/index.php?i=1&uniacid=1&t=undefined&v=1.1&m=ewei_shopv2&from=wxapp&c=entry&a=wxapp&do=main&&state=we7sid-3f51b86454ca7c328b42967c63c3efbd&sign=51282293698931b861a61266a72e0a28 pn=upload; op=order; orderid=7642; 
上传
[2018-06-14 13:55:45] trace  /app/index.php?i=1&uniacid=1&t=undefined&v=1.1&m=ewei_shopv2&from=wxapp&c=entry&a=wxapp&do=main&&state=we7sid-b8b3ee6ce67151499e03d7e0ddb2c941&sign=383d01c0a07029343973e53b4c48c037 op=order; orderid=7643; pn=upload; 
上传
[2018-06-14 13:58:42] trace  /app/index.php?i=1&uniacid=1&t=undefined&v=1.1&m=ewei_shopv2&from=wxapp&c=entry&a=wxapp&do=main&&state=we7sid-b8b3ee6ce67151499e03d7e0ddb2c941&sign=383d01c0a07029343973e53b4c48c037 op=order; orderid=7644; pn=upload; 
上传
[2018-06-14 14:11:48] trace  /app/index.php?i=1&uniacid=1&t=undefined&v=1.1&m=ewei_shopv2&from=wxapp&c=entry&a=wxapp&do=main&&state=we7sid-a500cd26d5f47d8ddcdafed306e80fbc&sign=cd4f07a601c69698562371affc1a9cca pn=upload; op=order; orderid=7645; 
上传
[2018-06-14 14:28:33] trace  /app/index.php?i=1&uniacid=1&t=undefined&v=1.1&m=ewei_shopv2&from=wxapp&c=entry&a=wxapp&do=main&&state=we7sid-545881ad08cc3738fec4bfa1a5df7dae&sign=e115d485cfa593a090fd717cefe427f5 op=order; pn=upload; orderid=7646; 
上传
[2018-06-14 14:38:15] trace  /app/index.php?i=1&uniacid=1&t=undefined&v=1.1&m=ewei_shopv2&from=wxapp&c=entry&a=wxapp&do=main&&state=we7sid-088b85780b52c4c7d2b4aa0c88fce948&sign=80a7331e49915405c085d0fe605a469d pn=upload; op=order; orderid=7647; 
上传
[2018-06-14 15:02:14] trace  /app/index.php?i=1&uniacid=1&t=undefined&v=1.1&m=ewei_shopv2&from=wxapp&c=entry&a=wxapp&do=main&&state=we7sid-8ace2ca6a67e2ec97c3dd10b78c7f988&sign=5904dbbd47c3d5ad00a42ebb3aea8169 pn=upload; op=order; orderid=7648; 
上传
[2018-06-14 15:35:38] trace  /app/index.php?i=1&uniacid=1&t=undefined&v=1.1&m=ewei_shopv2&from=wxapp&c=entry&a=wxapp&do=main&&state=we7sid-ad8938292a878239abae7ff5812fb194&sign=97a12782252be203fee8ec804a2c1fd5 pn=upload; op=order; orderid=7649; 
上传
[2018-06-14 16:01:45] trace  /app/index.php?i=1&uniacid=1&t=undefined&v=1.1&m=ewei_shopv2&from=wxapp&c=entry&a=wxapp&do=main&&state=we7sid-10bd3ea3384bcd2792b67add20c5c747&sign=2515f30a4f08bacc2093912ce0b81fdd pn=upload; op=order; orderid=7650; 
上传
[2018-06-14 16:04:42] trace  /app/index.php?i=1&uniacid=1&t=undefined&v=1.1&m=ewei_shopv2&from=wxapp&c=entry&a=wxapp&do=main&&state=we7sid-c42ce7cfe138029c88ae5cf27f703022&sign=027ac9e239edf0a6b6543ce85a058f7d pn=upload; op=order; orderid=7651; 
上传
[2018-06-14 16:30:58] trace  /app/index.php?i=1&uniacid=1&t=undefined&v=1.1&m=ewei_shopv2&from=wxapp&c=entry&a=wxapp&do=main&&state=we7sid-4071dcaf42d2ed0ae5ad00786a45df0f&sign=b46ec3799213d0083552ef40ba8b654d pn=upload; op=author; orderid=7567; 
上传
[2018-06-14 16:35:14] trace  /app/index.php?i=1&uniacid=1&t=undefined&v=1.1&m=ewei_shopv2&from=wxapp&c=entry&a=wxapp&do=main&&state=we7sid-b801083ea0a0e1d418670887cb832a8a&sign=faac2fbf916d1f96ad8675ff0484bb12 op=order; orderid=7652; pn=upload; 
上传
[2018-06-14 16:36:29] trace  /app/index.php?i=1&uniacid=1&t=undefined&v=1.1&m=ewei_shopv2&from=wxapp&c=entry&a=wxapp&do=main&&state=we7sid-4071dcaf42d2ed0ae5ad00786a45df0f&sign=b46ec3799213d0083552ef40ba8b654d pn=upload; op=author; orderid=7578; 
上传
[2018-06-14 16:44:49] trace  /app/index.php?i=1&uniacid=1&t=undefined&v=1.1&m=ewei_shopv2&from=wxapp&c=entry&a=wxapp&do=main&&state=we7sid-3412b7d938554e7f0548a79e6cca3ee7&sign=cb7f4f633b15a15c9321dfef07d89dd4 pn=upload; op=order; orderid=7653; 
上传
[2018-06-14 16:46:45] trace  /app/index.php?i=1&uniacid=1&t=undefined&v=1.1&m=ewei_shopv2&from=wxapp&c=entry&a=wxapp&do=main&&state=we7sid-4071dcaf42d2ed0ae5ad00786a45df0f&sign=b46ec3799213d0083552ef40ba8b654d pn=upload; op=author; orderid=7580; 
上传
[2018-06-14 16:50:42] trace  /app/index.php?i=1&uniacid=1&t=undefined&v=1.1&m=ewei_shopv2&from=wxapp&c=entry&a=wxapp&do=main&&state=we7sid-efcf0f595e5b400ccdf996a8594b173b&sign=af1b7493268657544283071f26ddc35c pn=upload; op=order; orderid=7654; 
上传
[2018-06-14 16:54:46] trace  /app/index.php?i=1&uniacid=1&t=undefined&v=1.1&m=ewei_shopv2&from=wxapp&c=entry&a=wxapp&do=main&&state=we7sid-4071dcaf42d2ed0ae5ad00786a45df0f&sign=b46ec3799213d0083552ef40ba8b654d pn=upload; op=author; orderid=7589; 
上传
[2018-06-14 17:01:56] trace  /app/index.php?i=1&uniacid=1&t=undefined&v=1.1&m=ewei_shopv2&from=wxapp&c=entry&a=wxapp&do=main&&state=we7sid-4071dcaf42d2ed0ae5ad00786a45df0f&sign=b46ec3799213d0083552ef40ba8b654d pn=upload; op=author; orderid=7596; 
上传
[2018-06-14 17:22:44] trace  /app/index.php?i=1&uniacid=1&t=undefined&v=1.1&m=ewei_shopv2&from=wxapp&c=entry&a=wxapp&do=main&&state=we7sid-8331327935ae93a601a64455c8f337e1&sign=cb5c50abf44dd0bc6d2f595baacb09ec pn=upload; op=order; orderid=7655; 
上传
[2018-06-14 17:46:13] trace  /app/index.php?i=1&uniacid=1&t=undefined&v=1.1&m=ewei_shopv2&from=wxapp&c=entry&a=wxapp&do=main&&state=we7sid-543e5a931922d3ff03d2f563f6001f30&sign=c7e2885fbf8e745916891159e5e577e6 pn=upload; op=order; orderid=7656; 
上传
[2018-06-14 17:47:05] trace  /app/index.php?i=1&uniacid=1&t=undefined&v=1.1&m=ewei_shopv2&from=wxapp&c=entry&a=wxapp&do=main&&state=we7sid-b6c6a168ff6c608c65b5b7026acad167&sign=7006ac532a5df3d38d53de8f7f95803c pn=upload; op=order; orderid=7657; 
上传
[2018-06-14 18:01:49] trace  /app/index.php?i=1&uniacid=1&t=undefined&v=1.1&m=ewei_shopv2&from=wxapp&c=entry&a=wxapp&do=main&&state=we7sid-053e1d1e372ae385207bdc86698f0459&sign=5dcd293045376b228b7709e92dc6a98c pn=upload; op=order; orderid=7658; 
上传
[2018-06-14 18:34:46] trace  /app/index.php?i=1&uniacid=1&t=undefined&v=1.1&m=ewei_shopv2&from=wxapp&c=entry&a=wxapp&do=main&&state=we7sid-8d98fbac67ec01de79c1c907208d277a&sign=45fab7327f83d9f142ca1fc1d166b3f1 pn=upload; op=order; orderid=7659; 
上传
[2018-06-14 18:48:10] trace  /app/index.php?i=1&uniacid=1&t=undefined&v=1.1&m=ewei_shopv2&from=wxapp&c=entry&a=wxapp&do=main&&state=we7sid-19b89b765ed736aebec1e00c29f6c1af&sign=7092dcc3c2bcbb1fc1579a449e24f6db pn=upload; op=order; orderid=7660; 
上传
[2018-06-14 19:26:38] trace  /app/index.php?i=1&uniacid=1&t=undefined&v=1.1&m=ewei_shopv2&from=wxapp&c=entry&a=wxapp&do=main&&state=we7sid-10323fc6dd4346a49671d32f310d02fd&sign=8e84a87bb1d6992c8bc96c18b3586087 pn=upload; op=order; orderid=7661; 
上传
[2018-06-14 20:06:21] trace  /app/index.php?i=1&uniacid=1&t=undefined&v=1.1&m=ewei_shopv2&from=wxapp&c=entry&a=wxapp&do=main&&state=we7sid-3c8a8803566686c027850fdc7bec917e&sign=c451be6c5c6380af7337263e0fb09289 pn=upload; op=order; orderid=7662; 
上传
[2018-06-14 20:07:47] trace  /app/index.php?i=1&uniacid=1&t=undefined&v=1.1&m=ewei_shopv2&from=wxapp&c=entry&a=wxapp&do=main&&state=we7sid-2635c89a470d51d271a8a6a696e2ff71&sign=e19ce47877b6e83a8086986dd7846860 pn=upload; op=order; orderid=7663; 
上传
[2018-06-14 20:08:14] trace  /app/index.php?i=1&uniacid=1&t=undefined&v=1.1&m=ewei_shopv2&from=wxapp&c=entry&a=wxapp&do=main&&state=we7sid-6edab1c72acfc2c9acca679750d58774&sign=ff906d17f9ac2bb7d3a60c77b60fcc2b pn=upload; op=order; orderid=7664; 
上传
[2018-06-14 20:20:55] trace  /app/index.php?i=1&uniacid=1&t=undefined&v=1.1&m=ewei_shopv2&from=wxapp&c=entry&a=wxapp&do=main&&state=we7sid-5b96c28e3dd41c19815ed31b34fd901a&sign=2729fdc15cb4018457cbae1123080e19 pn=upload; op=order; orderid=7665; 
上传
[2018-06-14 20:21:14] trace  /app/index.php?i=1&uniacid=1&t=undefined&v=1.1&m=ewei_shopv2&from=wxapp&c=entry&a=wxapp&do=main&&state=we7sid-5b96c28e3dd41c19815ed31b34fd901a&sign=2729fdc15cb4018457cbae1123080e19 pn=upload; op=order; orderid=7666; 
上传
[2018-06-14 21:18:12] trace  /app/index.php?i=1&uniacid=1&t=undefined&v=1.1&m=ewei_shopv2&from=wxapp&c=entry&a=wxapp&do=main&&state=we7sid-e93e48762ae79d4bc97e4e48d701a218&sign=ff31051fde391022b96354bdd33cfa43 pn=upload; op=order; orderid=7668; 
上传
[2018-06-14 21:18:12] trace  /app/index.php?i=1&uniacid=1&t=undefined&v=1.1&m=ewei_shopv2&from=wxapp&c=entry&a=wxapp&do=main&&state=we7sid-e93e48762ae79d4bc97e4e48d701a218&sign=ff31051fde391022b96354bdd33cfa43 pn=upload; op=order; orderid=7668; 
上传
[2018-06-14 21:31:52] trace  /app/index.php?i=1&uniacid=1&t=undefined&v=1.1&m=ewei_shopv2&from=wxapp&c=entry&a=wxapp&do=main&&state=we7sid-8b09c8d377435bc0d22c9cd63b5fa8cc&sign=cf9b82e9aa9118b7cba66851bb172919 pn=upload; op=order; orderid=7669; 
上传
[2018-06-14 21:31:58] trace  /app/index.php?i=1&uniacid=1&t=undefined&v=1.1&m=ewei_shopv2&from=wxapp&c=entry&a=wxapp&do=main&&state=we7sid-8b09c8d377435bc0d22c9cd63b5fa8cc&sign=cf9b82e9aa9118b7cba66851bb172919 pn=upload; op=order; orderid=7670; 
上传
[2018-06-14 22:25:25] trace  /app/index.php?i=1&uniacid=1&t=undefined&v=1.1&m=ewei_shopv2&from=wxapp&c=entry&a=wxapp&do=main&&state=we7sid-12085af16592b3eff8083569a219eff2&sign=fb823426ef22843e4853ed05a080b9de pn=upload; op=order; orderid=7671; 
上传
[2018-06-14 22:27:56] trace  /app/index.php?i=1&uniacid=1&t=undefined&v=1.1&m=ewei_shopv2&from=wxapp&c=entry&a=wxapp&do=main&&state=we7sid-9161405060f86a1f7b0579ccf9b8ee88&sign=152fab9925434d3226b4bab036f1985b pn=upload; op=order; orderid=7672; 
上传
[2018-06-14 22:32:03] trace  /app/index.php?i=1&uniacid=1&t=undefined&v=1.1&m=ewei_shopv2&from=wxapp&c=entry&a=wxapp&do=main&&state=we7sid-6628f528c3adfe49820de3f3e424e98b&sign=4e5b95e87906b8527dfb0dfe53894fa7 op=order; orderid=7673; pn=upload; 
上传
[2018-06-14 22:42:12] trace  /app/index.php?i=1&uniacid=1&t=undefined&v=1.1&m=ewei_shopv2&from=wxapp&c=entry&a=wxapp&do=main&&state=we7sid-46f7044802c1155524b704ca729df106&sign=48369559a81165230dbc4d552d4abbb5 pn=upload; op=order; orderid=7674; 
上传
[2018-06-14 22:48:54] trace  /app/index.php?i=1&uniacid=1&t=undefined&v=1.1&m=ewei_shopv2&from=wxapp&c=entry&a=wxapp&do=main&&state=we7sid-8c82e6d18eaa01ae1e635312c036fc10&sign=ed4834155d021f104f484eee622f214b pn=upload; op=order; orderid=7675; 
上传
[2018-06-14 23:00:11] trace  /app/index.php?i=1&uniacid=1&t=undefined&v=1.1&m=ewei_shopv2&from=wxapp&c=entry&a=wxapp&do=main&&state=we7sid-a0a378289961e3004fb14cba23359bf9&sign=ee1b1d5d54f154824367a2823661f4f4 pn=upload; op=order; orderid=7676; 
上传
[2018-06-14 23:05:39] trace  /app/index.php?i=1&uniacid=1&t=undefined&v=1.1&m=ewei_shopv2&from=wxapp&c=entry&a=wxapp&do=main&&state=we7sid-d54343a713ea0063db0cf6e50c2b1bb1&sign=7005011b74c1d3306d33407119c2fcda pn=upload; op=order; orderid=7677; 
上传
[2018-06-14 23:32:05] trace  /app/index.php?i=1&uniacid=1&t=undefined&v=1.1&m=ewei_shopv2&from=wxapp&c=entry&a=wxapp&do=main&&state=we7sid-c88da75d27658728e6ce9b55f9a2f7a3&sign=00f433f2146bb590d88cb17674b15f6d pn=upload; op=order; orderid=7678; 
上传
[2018-06-14 23:42:10] trace  /app/index.php?i=1&uniacid=1&t=undefined&v=1.1&m=ewei_shopv2&from=wxapp&c=entry&a=wxapp&do=main&&state=we7sid-2bf24502e968ed4a888c828de1129753&sign=092ea27fb65c2d4a58f9742f82d8d91b op=order; orderid=7679; pn=upload; 
上传
[2018-06-14 23:50:07] trace  /app/index.php?i=1&uniacid=1&t=undefined&v=1.1&m=ewei_shopv2&from=wxapp&c=entry&a=wxapp&do=main&&state=we7sid-b08a0fc85e5d01c02374ced33fe11dd1&sign=5f282255df44a0fa6f91162d72fc02d6 pn=upload; op=order; orderid=7680; 
上传
