[2018-08-04 00:03:19] trace  /app/index.php?i=1&uniacid=1&t=undefined&v=1.3&m=ewei_shopv2&from=wxapp&c=entry&a=wxapp&do=main&&state=we7sid-218e1dec508aa3fe9dd0a9b1485a09e3&sign=e9406eb5562022e1885cc6555854335b pn=upload; op=order; orderid=13010; 
上传
[2018-08-04 00:19:58] trace  /app/index.php?i=1&uniacid=1&t=undefined&v=1.3&m=ewei_shopv2&from=wxapp&c=entry&a=wxapp&do=main&&state=we7sid-8677fac05f1ae85ef03ffc0383d5243e&sign=ea2c9d397cfa743628f6c15631826a67 op=order; orderid=13011; pn=upload; 
上传
[2018-08-04 01:16:42] trace  /app/index.php?i=1&uniacid=1&t=undefined&v=1.3&m=ewei_shopv2&from=wxapp&c=entry&a=wxapp&do=main&&state=we7sid-1687f80ade59e4e7f2aab60f543a31e6&sign=6eefb39eda0584de53dc4208c475f983 op=order; orderid=13013; pn=upload; 
上传
[2018-08-04 02:19:35] trace  /app/index.php?i=1&uniacid=1&t=undefined&v=1.3&m=ewei_shopv2&from=wxapp&c=entry&a=wxapp&do=main&&state=we7sid-f71c338da1fecff8f75e5701fb57e6ee&sign=bf3d3803336cd90fc03fb8f2205e9c0e op=order; orderid=13014; pn=upload; 
上传
[2018-08-04 04:42:45] trace  /app/index.php?i=1&uniacid=1&t=undefined&v=1.3&m=ewei_shopv2&from=wxapp&c=entry&a=wxapp&do=main&&state=we7sid-929c80addfb32c1d5c68f7ffbdd3f3b5&sign=86587c3a3e931796377e2bfa881c128a pn=upload; op=order; orderid=13015; 
上传
[2018-08-04 05:21:39] trace  /app/index.php?i=1&uniacid=1&t=undefined&v=1.3&m=ewei_shopv2&from=wxapp&c=entry&a=wxapp&do=main&&state=we7sid-6742645833ed2aa94a27dcee0f734724&sign=c137781a8ae83f34372386e961dee644 pn=upload; op=order; orderid=13016; 
上传
[2018-08-04 07:56:25] trace  /app/index.php?i=1&uniacid=1&t=undefined&v=1.3&m=ewei_shopv2&from=wxapp&c=entry&a=wxapp&do=main&&state=we7sid-cd078be36507f8b86b284d4facf690f4&sign=5e5d77ce451d83e723fd56371588e9c8 pn=upload; op=order; orderid=13017; 
上传
[2018-08-04 07:56:26] trace  /app/index.php?i=1&uniacid=1&t=undefined&v=1.3&m=ewei_shopv2&from=wxapp&c=entry&a=wxapp&do=main&&state=we7sid-cd078be36507f8b86b284d4facf690f4&sign=5e5d77ce451d83e723fd56371588e9c8 pn=upload; op=order; orderid=13017; 
上传
[2018-08-04 08:05:46] trace  /app/index.php?i=1&uniacid=1&t=undefined&v=1.3&m=ewei_shopv2&from=wxapp&c=entry&a=wxapp&do=main&&state=we7sid-a4f2982987ac485fcd51d2cc74a2911c&sign=461e1b91a6eec4f6319e4ff2128da7da pn=upload; op=order; orderid=13018; 
上传
[2018-08-04 08:46:36] trace  /app/index.php?i=1&uniacid=1&t=undefined&v=1.3&m=ewei_shopv2&from=wxapp&c=entry&a=wxapp&do=main&&state=we7sid-c710b96039cd819bf9ee58e751eba095&sign=542f5cc3be2631d5f0035d2af5d3fb1c pn=upload; op=order; orderid=13019; 
上传
[2018-08-04 08:47:52] trace  /app/index.php?i=1&uniacid=1&t=undefined&v=1.3&m=ewei_shopv2&from=wxapp&c=entry&a=wxapp&do=main&&state=we7sid-8685b21b69a5f1ba95abf2dc4ef0016b&sign=22cbef6812a7e0ac27d4d94f7dd1ac2d op=order; orderid=13020; pn=upload; 
上传
[2018-08-04 09:20:43] trace  /app/index.php?i=1&uniacid=1&t=undefined&v=1.3&m=ewei_shopv2&from=wxapp&c=entry&a=wxapp&do=main&&state=we7sid-04c27c088e2ec438def3b676212af1bf&sign=afea35186279df42030227b88390489d pn=upload; op=order; orderid=13021; 
上传
[2018-08-04 09:21:49] trace  /app/index.php?i=1&uniacid=1&t=undefined&v=1.3&m=ewei_shopv2&from=wxapp&c=entry&a=wxapp&do=main&&state=we7sid-83d1893e4ba003d59aceb05edd787b47&sign=dd45b4c612284ae563543762dee1381b pn=upload; op=order; orderid=13022; 
上传
[2018-08-04 09:21:55] trace  /app/index.php?i=1&uniacid=1&t=undefined&v=1.3&m=ewei_shopv2&from=wxapp&c=entry&a=wxapp&do=main&&state=we7sid-83d1893e4ba003d59aceb05edd787b47&sign=dd45b4c612284ae563543762dee1381b pn=upload; op=order; orderid=13023; 
上传
[2018-08-04 09:26:37] trace  /app/index.php?i=1&uniacid=1&t=undefined&v=1.3&m=ewei_shopv2&from=wxapp&c=entry&a=wxapp&do=main&&state=we7sid-20e5851f363480934216edc4fb7ea09a&sign=6702dbe14f264c918542bbb7ea7fe275 pn=upload; op=order; orderid=13024; 
上传
[2018-08-04 09:37:02] trace  /app/index.php?i=1&uniacid=1&t=undefined&v=1.3&m=ewei_shopv2&from=wxapp&c=entry&a=wxapp&do=main&&state=we7sid-f8d90e1c74bc6c5703a42df4a9a22ca5&sign=136c16801d5e86a0f049bdafe1655e2b pn=upload; op=order; orderid=13025; 
上传
[2018-08-04 09:39:25] trace  /app/index.php?i=1&uniacid=1&t=undefined&v=1.3&m=ewei_shopv2&from=wxapp&c=entry&a=wxapp&do=main&&state=we7sid-a6d769bffae24137840fa336c0b98252&sign=8d9a15d5f96185581f755c4c46ee1d15 pn=upload; op=order; orderid=13026; 
上传
[2018-08-04 09:42:51] trace  /app/index.php?i=1&uniacid=1&t=undefined&v=1.3&m=ewei_shopv2&from=wxapp&c=entry&a=wxapp&do=main&&state=we7sid-6ff68254b9f8b1a479e7d8c707ab8790&sign=d6ac69d94791cb03bc8ce955d1536d01 pn=upload; op=order; orderid=13027; 
上传
[2018-08-04 09:54:08] trace  /app/index.php?i=1&uniacid=1&t=undefined&v=1.3&m=ewei_shopv2&from=wxapp&c=entry&a=wxapp&do=main&&state=we7sid-8dacca99b6460403ab0981460332f6f7&sign=aeebf4bd6cd31d95b22cb00504522334 op=order; orderid=13028; pn=upload; 
上传
[2018-08-04 09:57:09] trace  /app/index.php?i=1&uniacid=1&t=undefined&v=1.3&m=ewei_shopv2&from=wxapp&c=entry&a=wxapp&do=main&&state=we7sid-2ba6c7a7faf05b76a8ce8dd9887c51f6&sign=5f7a75c5cd2e92d75ecd2da8ed90f807 pn=upload; op=order; orderid=13029; 
上传
[2018-08-04 09:57:26] trace  /app/index.php?i=1&uniacid=1&t=undefined&v=1.3&m=ewei_shopv2&from=wxapp&c=entry&a=wxapp&do=main&&state=we7sid-2ba6c7a7faf05b76a8ce8dd9887c51f6&sign=5f7a75c5cd2e92d75ecd2da8ed90f807 pn=upload; op=order; orderid=13030; 
上传
[2018-08-04 09:58:31] trace  /app/index.php?i=1&uniacid=1&t=undefined&v=1.3&m=ewei_shopv2&from=wxapp&c=entry&a=wxapp&do=main&&state=we7sid-2ba6c7a7faf05b76a8ce8dd9887c51f6&sign=5f7a75c5cd2e92d75ecd2da8ed90f807 pn=upload; op=order; orderid=13031; 
上传
[2018-08-04 09:59:24] trace  /app/index.php?i=1&uniacid=1&t=undefined&v=1.3&m=ewei_shopv2&from=wxapp&c=entry&a=wxapp&do=main&&state=we7sid-2ba6c7a7faf05b76a8ce8dd9887c51f6&sign=5f7a75c5cd2e92d75ecd2da8ed90f807 pn=upload; op=order; orderid=13032; 
上传
[2018-08-04 10:07:25] trace  /app/index.php?i=1&uniacid=1&t=undefined&v=1.3&m=ewei_shopv2&from=wxapp&c=entry&a=wxapp&do=main&&state=we7sid-f30a90251d75b96d52a06ab3c4101312&sign=0447fb80a7d7300bb0d2f54284abfb32 pn=upload; op=order; orderid=13033; 
上传
[2018-08-04 10:12:27] trace  /app/index.php?i=1&uniacid=1&t=undefined&v=1.3&m=ewei_shopv2&from=wxapp&c=entry&a=wxapp&do=main&&state=we7sid-2ba6c7a7faf05b76a8ce8dd9887c51f6&sign=5f7a75c5cd2e92d75ecd2da8ed90f807 pn=upload; op=order; orderid=13034; 
上传
[2018-08-04 10:26:58] trace  /app/index.php?i=1&uniacid=1&t=undefined&v=1.3&m=ewei_shopv2&from=wxapp&c=entry&a=wxapp&do=main&&state=we7sid-5581ee60c2d4031e4a1cefd5eb0537d5&sign=875eeb8721b714ef0d079278f10c2007 pn=upload; op=order; orderid=13035; 
上传
[2018-08-04 10:28:05] trace  /app/index.php?i=1&uniacid=1&t=undefined&v=1.3&m=ewei_shopv2&from=wxapp&c=entry&a=wxapp&do=main&&state=we7sid-f920c581cb1c46b43cb01a87e44b641c&sign=1d6cda268b2c4c2de03e67c8c7a70e63 pn=upload; op=order; orderid=13036; 
上传
[2018-08-04 10:30:22] trace  /app/index.php?i=1&uniacid=1&t=undefined&v=1.3&m=ewei_shopv2&from=wxapp&c=entry&a=wxapp&do=main&&state=we7sid-7d5b0ca973bf140b218ed3e916e1adac&sign=13e886674e206cae70e15fef657003f3 pn=upload; op=order; orderid=13037; 
上传
[2018-08-04 10:32:29] trace  /app/index.php?i=1&uniacid=1&t=undefined&v=1.3&m=ewei_shopv2&from=wxapp&c=entry&a=wxapp&do=main&&state=we7sid-2ba6c7a7faf05b76a8ce8dd9887c51f6&sign=5f7a75c5cd2e92d75ecd2da8ed90f807 pn=upload; op=order; orderid=13038; 
上传
[2018-08-04 10:45:03] trace  /app/index.php?i=1&uniacid=1&t=undefined&v=1.3&m=ewei_shopv2&from=wxapp&c=entry&a=wxapp&do=main&&state=we7sid-e63b20d553e88d595c8cfa8b2e8616e4&sign=ad8c864fd6549e4eb304358539045cbd pn=upload; op=order; orderid=13039; 
上传
[2018-08-04 10:46:13] trace  /app/index.php?i=1&uniacid=1&t=undefined&v=1.3&m=ewei_shopv2&from=wxapp&c=entry&a=wxapp&do=main&&state=we7sid-575e5238ecc1e21069458e1499156be9&sign=f9528d5bcfb99209366733956a846d32 pn=upload; op=order; orderid=13040; 
上传
[2018-08-04 11:17:50] trace  /app/index.php?i=1&uniacid=1&t=undefined&v=1.3&m=ewei_shopv2&from=wxapp&c=entry&a=wxapp&do=main&&state=we7sid-1a1e07c7c1f5e4b3449e7ddcf6a6c754&sign=d37868d55b7b12de347352f51f397e99 op=order; orderid=13041; pn=upload; 
上传
[2018-08-04 11:28:55] trace  /app/index.php?i=1&uniacid=1&t=undefined&v=1.3&m=ewei_shopv2&from=wxapp&c=entry&a=wxapp&do=main&&state=we7sid-bbe94bcbacbb1e3dccc216ef680ba311&sign=d4b380e26b342454f492bd15d7985320 pn=upload; op=order; orderid=13042; 
上传
[2018-08-04 11:31:13] trace  /app/index.php?i=1&uniacid=1&t=undefined&v=1.3&m=ewei_shopv2&from=wxapp&c=entry&a=wxapp&do=main&&state=we7sid-42ccd4475ae533a7fe6ab6b7e917018b&sign=62a921c77ffe0a7c5f342e42ce4a3cf5 pn=upload; op=order; orderid=13043; 
上传
[2018-08-04 11:31:31] trace  /app/index.php?i=1&uniacid=1&t=undefined&v=1.3&m=ewei_shopv2&from=wxapp&c=entry&a=wxapp&do=main&&state=we7sid-42ccd4475ae533a7fe6ab6b7e917018b&sign=62a921c77ffe0a7c5f342e42ce4a3cf5 pn=upload; op=order; orderid=13044; 
上传
[2018-08-04 11:32:06] trace  /app/index.php?i=1&uniacid=1&t=undefined&v=1.3&m=ewei_shopv2&from=wxapp&c=entry&a=wxapp&do=main&&state=we7sid-42ccd4475ae533a7fe6ab6b7e917018b&sign=62a921c77ffe0a7c5f342e42ce4a3cf5 pn=upload; op=order; orderid=13045; 
上传
[2018-08-04 11:32:15] trace  /app/index.php?i=1&uniacid=1&t=undefined&v=1.3&m=ewei_shopv2&from=wxapp&c=entry&a=wxapp&do=main&&state=we7sid-42ccd4475ae533a7fe6ab6b7e917018b&sign=62a921c77ffe0a7c5f342e42ce4a3cf5 pn=upload; op=order; orderid=13046; 
上传
[2018-08-04 11:32:22] trace  /app/index.php?i=1&uniacid=1&t=undefined&v=1.3&m=ewei_shopv2&from=wxapp&c=entry&a=wxapp&do=main&&state=we7sid-42ccd4475ae533a7fe6ab6b7e917018b&sign=62a921c77ffe0a7c5f342e42ce4a3cf5 pn=upload; op=order; orderid=13047; 
上传
[2018-08-04 11:32:28] trace  /app/index.php?i=1&uniacid=1&t=undefined&v=1.3&m=ewei_shopv2&from=wxapp&c=entry&a=wxapp&do=main&&state=we7sid-42ccd4475ae533a7fe6ab6b7e917018b&sign=62a921c77ffe0a7c5f342e42ce4a3cf5 pn=upload; op=order; orderid=13048; 
上传
[2018-08-04 11:32:35] trace  /app/index.php?i=1&uniacid=1&t=undefined&v=1.3&m=ewei_shopv2&from=wxapp&c=entry&a=wxapp&do=main&&state=we7sid-42ccd4475ae533a7fe6ab6b7e917018b&sign=62a921c77ffe0a7c5f342e42ce4a3cf5 pn=upload; op=order; orderid=13049; 
上传
[2018-08-04 11:32:41] trace  /app/index.php?i=1&uniacid=1&t=undefined&v=1.3&m=ewei_shopv2&from=wxapp&c=entry&a=wxapp&do=main&&state=we7sid-42ccd4475ae533a7fe6ab6b7e917018b&sign=62a921c77ffe0a7c5f342e42ce4a3cf5 pn=upload; op=order; orderid=13050; 
上传
[2018-08-04 11:33:11] trace  /app/index.php?i=1&uniacid=1&t=undefined&v=1.3&m=ewei_shopv2&from=wxapp&c=entry&a=wxapp&do=main&&state=we7sid-42ccd4475ae533a7fe6ab6b7e917018b&sign=62a921c77ffe0a7c5f342e42ce4a3cf5 pn=upload; op=order; orderid=13051; 
上传
[2018-08-04 11:34:09] trace  /app/index.php?i=1&uniacid=1&t=undefined&v=1.3&m=ewei_shopv2&from=wxapp&c=entry&a=wxapp&do=main&&state=we7sid-42ccd4475ae533a7fe6ab6b7e917018b&sign=62a921c77ffe0a7c5f342e42ce4a3cf5 pn=upload; op=order; orderid=13052; 
上传
[2018-08-04 11:34:36] trace  /app/index.php?i=1&uniacid=1&t=undefined&v=1.3&m=ewei_shopv2&from=wxapp&c=entry&a=wxapp&do=main&&state=we7sid-2ea6eaa26cff5961173f46c97a35fb7c&sign=fa8e475f8eaa77fa113cc7438a63477d pn=upload; op=order; orderid=13053; 
上传
[2018-08-04 11:34:57] trace  /app/index.php?i=1&uniacid=1&t=undefined&v=1.3&m=ewei_shopv2&from=wxapp&c=entry&a=wxapp&do=main&&state=we7sid-2ea6eaa26cff5961173f46c97a35fb7c&sign=fa8e475f8eaa77fa113cc7438a63477d pn=upload; op=order; orderid=13054; 
上传
[2018-08-04 11:35:12] trace  /app/index.php?i=1&uniacid=1&t=undefined&v=1.3&m=ewei_shopv2&from=wxapp&c=entry&a=wxapp&do=main&&state=we7sid-2ea6eaa26cff5961173f46c97a35fb7c&sign=fa8e475f8eaa77fa113cc7438a63477d pn=upload; op=order; orderid=13055; 
上传
[2018-08-04 11:40:03] trace  /app/index.php?i=1&uniacid=1&t=undefined&v=1.3&m=ewei_shopv2&from=wxapp&c=entry&a=wxapp&do=main&&state=we7sid-d7eaae6d2ad2eba2f5442ee7d93c8456&sign=449123098a0ea019fd406ccb70ae4403 pn=upload; op=order; orderid=13056; 
上传
[2018-08-04 11:41:00] trace  /app/index.php?i=1&uniacid=1&t=undefined&v=1.3&m=ewei_shopv2&from=wxapp&c=entry&a=wxapp&do=main&&state=we7sid-66363346795c2a4c9df553eb9973b633&sign=b3574e2f049d6bdc577cbb7470b69046 pn=upload; op=order; orderid=13057; 
上传
[2018-08-04 11:41:01] trace  /app/index.php?i=1&uniacid=1&t=undefined&v=1.3&m=ewei_shopv2&from=wxapp&c=entry&a=wxapp&do=main&&state=we7sid-66363346795c2a4c9df553eb9973b633&sign=b3574e2f049d6bdc577cbb7470b69046 pn=upload; op=order; orderid=13057; 
上传
[2018-08-04 11:49:10] trace  /app/index.php?i=1&uniacid=1&t=undefined&v=1.3&m=ewei_shopv2&from=wxapp&c=entry&a=wxapp&do=main&&state=we7sid-5aa4c2b3830f27eb6d316f28514c9f1a&sign=8efe56fb80ba5a7956eb847b1f794227 pn=upload; op=order; orderid=13058; 
上传
[2018-08-04 11:50:11] trace  /app/index.php?i=1&uniacid=1&t=undefined&v=1.3&m=ewei_shopv2&from=wxapp&c=entry&a=wxapp&do=main&&state=we7sid-f60b4beeeec3065116565789c8924a01&sign=1437065a96ce50fe9c9af692f374d229 pn=upload; op=order; orderid=13059; 
上传
[2018-08-04 11:52:23] trace  /app/index.php?i=1&uniacid=1&t=undefined&v=1.3&m=ewei_shopv2&from=wxapp&c=entry&a=wxapp&do=main&&state=we7sid-a5929bca89be1e96f70e2c7da9bd8222&sign=1b930728408f4d99ef65e28a5af74e5d pn=upload; op=order; orderid=13060; 
上传
[2018-08-04 11:59:57] trace  /app/index.php?i=1&uniacid=1&t=undefined&v=1.3&m=ewei_shopv2&from=wxapp&c=entry&a=wxapp&do=main&&state=we7sid-277b38c1afed88d7a86f9d5742d7c998&sign=b1efd6d3d0dd5bd0cda5243304f59ae2 pn=upload; op=order; orderid=13061; 
上传
[2018-08-04 12:00:07] trace  /app/index.php?i=1&uniacid=1&t=undefined&v=1.3&m=ewei_shopv2&from=wxapp&c=entry&a=wxapp&do=main&&state=we7sid-277b38c1afed88d7a86f9d5742d7c998&sign=b1efd6d3d0dd5bd0cda5243304f59ae2 pn=upload; op=order; orderid=13062; 
上传
[2018-08-04 12:01:10] trace  /app/index.php?i=1&uniacid=1&t=undefined&v=1.3&m=ewei_shopv2&from=wxapp&c=entry&a=wxapp&do=main&&state=we7sid-1ceda0165d08f7e59e5c773ac35d3e9e&sign=46ed9222baaa43a30080874fa37d630a pn=upload; op=order; orderid=13063; 
上传
[2018-08-04 12:04:40] trace  /app/index.php?i=1&uniacid=1&t=undefined&v=1.3&m=ewei_shopv2&from=wxapp&c=entry&a=wxapp&do=main&&state=we7sid-5aa4c2b3830f27eb6d316f28514c9f1a&sign=8efe56fb80ba5a7956eb847b1f794227 pn=upload; op=order; orderid=13064; 
上传
[2018-08-04 12:04:56] trace  /app/index.php?i=1&uniacid=1&t=undefined&v=1.3&m=ewei_shopv2&from=wxapp&c=entry&a=wxapp&do=main&&state=we7sid-8d3540b35a6542c2f01287048c774706&sign=c8c5fb3e6097d445ca301f9412365048 pn=upload; op=order; orderid=13065; 
上传
[2018-08-04 12:06:33] trace  /app/index.php?i=1&uniacid=1&t=undefined&v=1.3&m=ewei_shopv2&from=wxapp&c=entry&a=wxapp&do=main&&state=we7sid-89f1309c5ac44479d8dc2deeaddcdcf0&sign=66c8e46b16e683038b2bf590ecedeea6 pn=upload; op=order; orderid=13066; 
上传
[2018-08-04 12:06:36] trace  /app/index.php?i=1&uniacid=1&t=undefined&v=1.3&m=ewei_shopv2&from=wxapp&c=entry&a=wxapp&do=main&&state=we7sid-e13c9bf6d395541b2b8cf15ede41d8a9&sign=55c8a6375c55be0d7fb6ce0570f4f824 pn=upload; op=order; orderid=13067; 
上传
[2018-08-04 12:07:17] trace  /app/index.php?i=1&uniacid=1&t=undefined&v=1.3&m=ewei_shopv2&from=wxapp&c=entry&a=wxapp&do=main&&state=we7sid-8f31a845b63bf3f487c51459cc79a1f0&sign=c039eea81c65a56a7cac42ffa3187cd8 pn=upload; op=order; orderid=13068; 
上传
[2018-08-04 12:20:50] trace  /app/index.php?i=1&uniacid=1&t=undefined&v=1.3&m=ewei_shopv2&from=wxapp&c=entry&a=wxapp&do=main&&state=we7sid-4e99b41ce9092c0b29564d621056a3bc&sign=bab4914d34371c9a768b07ae58df6b0e pn=upload; op=order; orderid=13069; 
上传
[2018-08-04 12:21:21] trace  /app/index.php?i=1&uniacid=1&t=undefined&v=1.3&m=ewei_shopv2&from=wxapp&c=entry&a=wxapp&do=main&&state=we7sid-4e99b41ce9092c0b29564d621056a3bc&sign=bab4914d34371c9a768b07ae58df6b0e pn=upload; op=order; orderid=13070; 
上传
[2018-08-04 12:22:44] trace  /app/index.php?i=1&uniacid=1&t=undefined&v=1.3&m=ewei_shopv2&from=wxapp&c=entry&a=wxapp&do=main&&state=we7sid-8e1b8e186003b69b66fe6dcce32835ee&sign=684dd481e3f7dcd1a74b8d10768b490b pn=upload; op=order; orderid=13071; 
上传
[2018-08-04 12:22:45] trace  /app/index.php?i=1&uniacid=1&t=undefined&v=1.3&m=ewei_shopv2&from=wxapp&c=entry&a=wxapp&do=main&&state=we7sid-8e1b8e186003b69b66fe6dcce32835ee&sign=684dd481e3f7dcd1a74b8d10768b490b pn=upload; op=order; orderid=13071; 
上传
[2018-08-04 12:41:51] trace  /app/index.php?i=1&uniacid=1&t=undefined&v=1.3&m=ewei_shopv2&from=wxapp&c=entry&a=wxapp&do=main&&state=we7sid-c01686ef2d62872140720e008a710624&sign=42b60b0fd0a8af460d929822a3574c64 pn=upload; op=order; orderid=13072; 
上传
[2018-08-04 12:44:10] trace  /app/index.php?i=1&uniacid=1&t=undefined&v=1.3&m=ewei_shopv2&from=wxapp&c=entry&a=wxapp&do=main&&state=we7sid-033edb007b0374567c730bf680ae9914&sign=a928abd50a09035d0d22064143067076 pn=upload; op=order; orderid=13073; 
上传
[2018-08-04 12:44:35] trace  /app/index.php?i=1&uniacid=1&t=undefined&v=1.3&m=ewei_shopv2&from=wxapp&c=entry&a=wxapp&do=main&&state=we7sid-caaf70221abc71a2d8e9c6412fa4fc02&sign=4ff1dde0071ca01fe68059f1f7d7f473 pn=upload; op=order; orderid=13074; 
上传
[2018-08-04 12:45:25] trace  /app/index.php?i=1&uniacid=1&t=undefined&v=1.3&m=ewei_shopv2&from=wxapp&c=entry&a=wxapp&do=main&&state=we7sid-7561c4c3b1de0978ba7235eb4a9fb5d5&sign=9bddf35a3bbdd3942949baeb98899b94 pn=upload; op=order; orderid=13075; 
上传
[2018-08-04 12:53:03] trace  /app/index.php?i=1&uniacid=1&t=undefined&v=1.3&m=ewei_shopv2&from=wxapp&c=entry&a=wxapp&do=main&&state=we7sid-3925fe91f32aabdf76abf481f602417b&sign=9644825753181889139a47543cf880d2 pn=upload; op=order; orderid=13076; 
上传
[2018-08-04 12:54:57] trace  /app/index.php?i=1&uniacid=1&t=undefined&v=1.3&m=ewei_shopv2&from=wxapp&c=entry&a=wxapp&do=main&&state=we7sid-bd8227e1ec00b746cb5431cc7bb62668&sign=bc536b2e1a7d661afbdef5077df8882c op=order; orderid=13077; pn=upload; 
上传
[2018-08-04 12:55:33] trace  /app/index.php?i=1&uniacid=1&t=undefined&v=1.3&m=ewei_shopv2&from=wxapp&c=entry&a=wxapp&do=main&&state=we7sid-803096dc1e02d36173ce2ffe4a3bc784&sign=c2df6c35f94a2b70c867c4dd9ee96ccc pn=upload; op=order; orderid=13078; 
上传
[2018-08-04 13:03:13] trace  /app/index.php?i=1&uniacid=1&t=undefined&v=1.3&m=ewei_shopv2&from=wxapp&c=entry&a=wxapp&do=main&&state=we7sid-612d56afd513adcad85feddb6dcb30d8&sign=b66cea44813d22becbc45912699acf44 op=order; orderid=13079; pn=upload; 
上传
[2018-08-04 13:05:59] trace  /app/index.php?i=1&uniacid=1&t=undefined&v=1.3&m=ewei_shopv2&from=wxapp&c=entry&a=wxapp&do=main&&state=we7sid-9a707b1f7048700dc6a29fbe104a69c8&sign=93ea114ae4bd057cb1f34f7a7376f6a2 pn=upload; op=order; orderid=13080; 
上传
[2018-08-04 13:06:51] trace  /app/index.php?i=1&uniacid=1&t=undefined&v=1.3&m=ewei_shopv2&from=wxapp&c=entry&a=wxapp&do=main&&state=we7sid-d607282cdde8d2fe265fb728e461d62b&sign=ad2cadc2b63c9d2d50fb03c01e037579 pn=upload; op=order; orderid=13081; 
上传
[2018-08-04 13:08:21] trace  /app/index.php?i=1&uniacid=1&t=undefined&v=1.3&m=ewei_shopv2&from=wxapp&c=entry&a=wxapp&do=main&&state=we7sid-24f16475d0b23773c59190a6673aa773&sign=9a3b04802c458da5bf4a079b4c094167 op=order; orderid=13082; pn=upload; 
上传
[2018-08-04 13:09:03] trace  /app/index.php?i=1&uniacid=1&t=undefined&v=1.3&m=ewei_shopv2&from=wxapp&c=entry&a=wxapp&do=main&&state=we7sid-cb6a44af71afd648dd3e222bea0b68f9&sign=6831d0ce5ad569175efe17361c9cd27c pn=upload; op=order; orderid=13083; 
上传
[2018-08-04 13:10:01] trace  /app/index.php?i=1&uniacid=1&t=undefined&v=1.3&m=ewei_shopv2&from=wxapp&c=entry&a=wxapp&do=main&&state=we7sid-eeda02c26cf013e218f02b92abbe33e1&sign=be163b399c61f4fffbff66d0bf54e751 pn=upload; op=order; orderid=13084; 
上传
[2018-08-04 13:10:39] trace  /app/index.php?i=1&uniacid=1&t=undefined&v=1.3&m=ewei_shopv2&from=wxapp&c=entry&a=wxapp&do=main&&state=we7sid-7078f0f21690fc251ee1225c368f0a51&sign=413a3bd9ef131cb3c0d6b7facfb242ba pn=upload; op=order; orderid=13085; 
上传
[2018-08-04 13:10:59] trace  /app/index.php?i=1&uniacid=1&t=undefined&v=1.3&m=ewei_shopv2&from=wxapp&c=entry&a=wxapp&do=main&&state=we7sid-2115c9150c86a110ed8684cea54458e0&sign=b26a1132a10d3d1b164e1f0f12ffc521 pn=upload; op=order; orderid=13086; 
上传
[2018-08-04 13:11:28] trace  /app/index.php?i=1&uniacid=1&t=undefined&v=1.3&m=ewei_shopv2&from=wxapp&c=entry&a=wxapp&do=main&&state=we7sid-4877111692f438ec04664c69dc53dbbb&sign=4e1d1a1ddc874bd52d09d141d9a0cf8a pn=upload; op=order; orderid=13087; 
上传
[2018-08-04 13:12:15] trace  /app/index.php?i=1&uniacid=1&t=undefined&v=1.3&m=ewei_shopv2&from=wxapp&c=entry&a=wxapp&do=main&&state=we7sid-19fe26c19775759183c8a176caa9a1dc&sign=1f87dec37bf4fd3b50a4a2472244e4c3 pn=upload; op=order; orderid=13088; 
上传
[2018-08-04 13:12:16] trace  /app/index.php?i=1&uniacid=1&t=undefined&v=1.3&m=ewei_shopv2&from=wxapp&c=entry&a=wxapp&do=main&&state=we7sid-19fe26c19775759183c8a176caa9a1dc&sign=1f87dec37bf4fd3b50a4a2472244e4c3 pn=upload; op=order; orderid=13088; 
上传
[2018-08-04 13:13:21] trace  /app/index.php?i=1&uniacid=1&t=undefined&v=1.3&m=ewei_shopv2&from=wxapp&c=entry&a=wxapp&do=main&&state=we7sid-befb0c2bf950cd68795c61080847d114&sign=5f143eaa39d1457f396dfe9c2f79b5d5 op=order; orderid=13090; pn=upload; 
上传
[2018-08-04 13:13:51] trace  /app/index.php?i=1&uniacid=1&t=undefined&v=1.3&m=ewei_shopv2&from=wxapp&c=entry&a=wxapp&do=main&&state=we7sid-73fcd9006623cabcb0a8a22b216bd28b&sign=7b40c70ee1522df55b0389e0e8e5e0e9 pn=upload; op=order; orderid=13089; 
上传
[2018-08-04 13:14:22] trace  /app/index.php?i=1&uniacid=1&t=undefined&v=1.3&m=ewei_shopv2&from=wxapp&c=entry&a=wxapp&do=main&&state=we7sid-73fcd9006623cabcb0a8a22b216bd28b&sign=7b40c70ee1522df55b0389e0e8e5e0e9 pn=upload; op=order; orderid=13091; 
上传
[2018-08-04 13:14:50] trace  /app/index.php?i=1&uniacid=1&t=undefined&v=1.3&m=ewei_shopv2&from=wxapp&c=entry&a=wxapp&do=main&&state=we7sid-4877111692f438ec04664c69dc53dbbb&sign=4e1d1a1ddc874bd52d09d141d9a0cf8a pn=upload; op=order; orderid=13092; 
上传
[2018-08-04 13:15:36] trace  /app/index.php?i=1&uniacid=1&t=undefined&v=1.3&m=ewei_shopv2&from=wxapp&c=entry&a=wxapp&do=main&&state=we7sid-44795425fb953b1caaad037b2c445d25&sign=147b58eebb1ddf207991780f87493050 pn=upload; op=order; orderid=13093; 
上传
[2018-08-04 13:16:36] trace  /app/index.php?i=1&uniacid=1&t=undefined&v=1.3&m=ewei_shopv2&from=wxapp&c=entry&a=wxapp&do=main&&state=we7sid-e5d80f4c2e1be90223ffb5bd67818173&sign=b29f34cf8160bfcf3b10ee2f60ffe238 pn=upload; op=order; orderid=13094; 
上传
[2018-08-04 13:22:09] trace  /app/index.php?i=1&uniacid=1&t=undefined&v=1.3&m=ewei_shopv2&from=wxapp&c=entry&a=wxapp&do=main&&state=we7sid-58d83aab3d7fae4afdb57d9ffb1daa5f&sign=668f95cd05be48f1ea958365b50240fb op=order; orderid=13095; pn=upload; 
上传
[2018-08-04 13:25:57] trace  /app/index.php?i=1&uniacid=1&t=undefined&v=1.3&m=ewei_shopv2&from=wxapp&c=entry&a=wxapp&do=main&&state=we7sid-b031a9481576b36884e4bcefeb3e053c&sign=9b678b8613b07841191e37539df38161 op=order; orderid=13096; pn=upload; 
上传
[2018-08-04 13:26:17] trace  /app/index.php?i=1&uniacid=1&t=undefined&v=1.3&m=ewei_shopv2&from=wxapp&c=entry&a=wxapp&do=main&&state=we7sid-b031a9481576b36884e4bcefeb3e053c&sign=9b678b8613b07841191e37539df38161 op=order; orderid=13097; pn=upload; 
上传
[2018-08-04 13:26:31] trace  /app/index.php?i=1&uniacid=1&t=undefined&v=1.3&m=ewei_shopv2&from=wxapp&c=entry&a=wxapp&do=main&&state=we7sid-63e0cbbd8eb8ade061c022e3d8aee686&sign=d0a9bfa8b41e62eeda9e798c96d5cf9c pn=upload; op=order; orderid=13098; 
上传
[2018-08-04 13:26:32] trace  /app/index.php?i=1&uniacid=1&t=undefined&v=1.3&m=ewei_shopv2&from=wxapp&c=entry&a=wxapp&do=main&&state=we7sid-63e0cbbd8eb8ade061c022e3d8aee686&sign=d0a9bfa8b41e62eeda9e798c96d5cf9c pn=upload; op=order; orderid=13098; 
上传
[2018-08-04 13:26:39] trace  /app/index.php?i=1&uniacid=1&t=undefined&v=1.3&m=ewei_shopv2&from=wxapp&c=entry&a=wxapp&do=main&&state=we7sid-b031a9481576b36884e4bcefeb3e053c&sign=9b678b8613b07841191e37539df38161 op=order; orderid=13099; pn=upload; 
上传
[2018-08-04 13:26:41] trace  /app/index.php?i=1&uniacid=1&t=undefined&v=1.3&m=ewei_shopv2&from=wxapp&c=entry&a=wxapp&do=main&&state=we7sid-c7021aba89a3c3f69a6e3449a0ab0506&sign=f21dc89357e3c36b7b9e5e1112fea0e0 pn=upload; op=order; orderid=13100; 
上传
[2018-08-04 13:33:27] trace  /app/index.php?i=1&uniacid=1&t=undefined&v=1.3&m=ewei_shopv2&from=wxapp&c=entry&a=wxapp&do=main&&state=we7sid-939298ffb76ad1e6833af68450a5ac36&sign=37d368930388dcc8e85c693af2eb3fd5 pn=upload; op=order; orderid=13101; 
上传
[2018-08-04 13:34:48] trace  /app/index.php?i=1&uniacid=1&t=undefined&v=1.3&m=ewei_shopv2&from=wxapp&c=entry&a=wxapp&do=main&&state=we7sid-19951bca4327f83335cf5023502bcfbd&sign=e77e536069284de5a8b8d4d583bf8898 pn=upload; op=order; orderid=13102; 
上传
[2018-08-04 13:40:14] trace  /app/index.php?i=1&uniacid=1&t=undefined&v=1.3&m=ewei_shopv2&from=wxapp&c=entry&a=wxapp&do=main&&state=we7sid-e93ca42383b70e6a578034a57f08dd37&sign=253b9de895029105f248a4e4238a050a pn=upload; op=order; orderid=13103; 
上传
[2018-08-04 13:40:36] trace  /app/index.php?i=1&uniacid=1&t=undefined&v=1.3&m=ewei_shopv2&from=wxapp&c=entry&a=wxapp&do=main&&state=we7sid-9aef3a09ae49d605d859250f4e1b4eda&sign=359b6db27e78bf493ce7d97b897bb78c op=order; orderid=13104; pn=upload; 
上传
[2018-08-04 13:48:55] trace  /app/index.php?i=1&uniacid=1&t=undefined&v=1.3&m=ewei_shopv2&from=wxapp&c=entry&a=wxapp&do=main&&state=we7sid-81dc2e4d10793e231830c57311ccd5b6&sign=16b2de5790a6f7632261cc935faccda4 pn=upload; op=order; orderid=13105; 
上传
[2018-08-04 13:50:54] trace  /app/index.php?i=1&uniacid=1&t=undefined&v=1.3&m=ewei_shopv2&from=wxapp&c=entry&a=wxapp&do=main&&state=we7sid-f63dd17917d5d22581fad0412fc8e209&sign=65e6a846a37e8d4a75c892ef94c44013 pn=upload; op=order; orderid=13106; 
上传
[2018-08-04 13:52:55] trace  /app/index.php?i=1&uniacid=1&t=undefined&v=1.3&m=ewei_shopv2&from=wxapp&c=entry&a=wxapp&do=main&&state=we7sid-372a7c7b5d310223b8a09e18fe2500de&sign=304080371fe80e0c254afeb194752e9c pn=upload; op=order; orderid=13107; 
上传
[2018-08-04 14:04:54] trace  /app/index.php?i=1&uniacid=1&t=undefined&v=1.3&m=ewei_shopv2&from=wxapp&c=entry&a=wxapp&do=main&&state=we7sid-531b2b3b34dafe86c8f8bbf4e70b9f3c&sign=36b528ab16c5b53391cdb10dc388b77b pn=upload; op=order; orderid=13108; 
上传
[2018-08-04 14:07:40] trace  /app/index.php?i=1&uniacid=1&t=undefined&v=1.3&m=ewei_shopv2&from=wxapp&c=entry&a=wxapp&do=main&&state=we7sid-82efc50a9d4d9ba2097cf824318cbf2c&sign=db6dadc7ec552a6870390e03482bef02 pn=upload; op=order; orderid=13109; 
上传
[2018-08-04 14:08:13] trace  /app/index.php?i=1&uniacid=1&t=undefined&v=1.3&m=ewei_shopv2&from=wxapp&c=entry&a=wxapp&do=main&&state=we7sid-8c0e634808a5319adf82f656da36e3a2&sign=3124fa2155dec9c5c7af5307ae850d37 op=order; orderid=13110; pn=upload; 
上传
[2018-08-04 14:08:55] trace  /app/index.php?i=1&uniacid=1&t=undefined&v=1.3&m=ewei_shopv2&from=wxapp&c=entry&a=wxapp&do=main&&state=we7sid-e0ec6dca3ec23da1514189c3ad458641&sign=9f2a10d74d7cfb5b28356e8d3cf16b1d pn=upload; op=order; orderid=13111; 
上传
[2018-08-04 14:09:16] trace  /app/index.php?i=1&uniacid=1&t=undefined&v=1.3&m=ewei_shopv2&from=wxapp&c=entry&a=wxapp&do=main&&state=we7sid-851d4acfd98f93b14b24aa206b231993&sign=30abc161cfdc47bb301f5cf0bd9b91fd pn=upload; op=order; orderid=13112; 
上传
[2018-08-04 14:11:14] trace  /app/index.php?i=1&uniacid=1&t=undefined&v=1.3&m=ewei_shopv2&from=wxapp&c=entry&a=wxapp&do=main&&state=we7sid-dde7595a53592caa783408d97daad9b8&sign=fb10d08ced7a561c335920cb84cca7a9 pn=upload; op=order; orderid=13113; 
上传
[2018-08-04 14:12:58] trace  /app/index.php?i=1&uniacid=1&t=undefined&v=1.3&m=ewei_shopv2&from=wxapp&c=entry&a=wxapp&do=main&&state=we7sid-dde7595a53592caa783408d97daad9b8&sign=fb10d08ced7a561c335920cb84cca7a9 pn=upload; op=order; orderid=13114; 
上传
[2018-08-04 14:20:56] trace  /app/index.php?i=1&uniacid=1&t=undefined&v=1.3&m=ewei_shopv2&from=wxapp&c=entry&a=wxapp&do=main&&state=we7sid-e1453188269555a3411aba72d6971105&sign=96692cc91d13f08ed19b09323b3d7a88 pn=upload; op=order; orderid=13115; 
上传
[2018-08-04 14:25:13] trace  /app/index.php?i=1&uniacid=1&t=undefined&v=1.3&m=ewei_shopv2&from=wxapp&c=entry&a=wxapp&do=main&&state=we7sid-7de99eb5544497b280d9e3ca8a6bcd76&sign=aaaac7a1ff866b73544a8b1fe583b54a pn=upload; op=order; orderid=13116; 
上传
[2018-08-04 14:29:27] trace  /app/index.php?i=1&uniacid=1&t=undefined&v=1.3&m=ewei_shopv2&from=wxapp&c=entry&a=wxapp&do=main&&state=we7sid-7c5c3c292050775451b22ab1ef3ec023&sign=2eda897278afa201fb32a4f9a36cea20 pn=upload; op=order; orderid=13117; 
上传
[2018-08-04 14:29:51] trace  /app/index.php?i=1&uniacid=1&t=undefined&v=1.3&m=ewei_shopv2&from=wxapp&c=entry&a=wxapp&do=main&&state=we7sid-5f65f858bd845e49f790a4919cc43ba0&sign=1a9ff096c78a9f8ff8205f3fd2937953 op=order; orderid=13118; pn=upload; 
上传
[2018-08-04 14:29:51] trace  /app/index.php?i=1&uniacid=1&t=undefined&v=1.3&m=ewei_shopv2&from=wxapp&c=entry&a=wxapp&do=main&&state=we7sid-5f65f858bd845e49f790a4919cc43ba0&sign=1a9ff096c78a9f8ff8205f3fd2937953 op=order; orderid=13118; pn=upload; 
上传
[2018-08-04 14:29:59] trace  /app/index.php?i=1&uniacid=1&t=undefined&v=1.3&m=ewei_shopv2&from=wxapp&c=entry&a=wxapp&do=main&&state=we7sid-e825f286dde56f1f0ad6a95afb13d534&sign=50791db22805c81e6e291498278a0cc5 pn=upload; op=order; orderid=13119; 
上传
[2018-08-04 14:38:52] trace  /app/index.php?i=1&uniacid=1&t=undefined&v=1.3&m=ewei_shopv2&from=wxapp&c=entry&a=wxapp&do=main&&state=we7sid-55eacdc10b871b72ea596edebb464445&sign=a32049cbf924fe3619e329b9d3b2815d pn=upload; op=order; orderid=13120; 
上传
[2018-08-04 14:39:07] trace  /app/index.php?i=1&uniacid=1&t=undefined&v=1.3&m=ewei_shopv2&from=wxapp&c=entry&a=wxapp&do=main&&state=we7sid-6108d9e9e26b376fca2098c4933fb6a6&sign=87523f7bf53af47091791875ef703d25 pn=upload; op=order; orderid=13121; 
上传
[2018-08-04 14:39:07] trace  /app/index.php?i=1&uniacid=1&t=undefined&v=1.3&m=ewei_shopv2&from=wxapp&c=entry&a=wxapp&do=main&&state=we7sid-b02e7259b7a92e45afbce242887b4ffa&sign=27ed4b4a90c36af0852211b6be80e6d7 pn=upload; op=order; orderid=13122; 
上传
[2018-08-04 14:40:23] trace  /app/index.php?i=1&uniacid=1&t=undefined&v=1.3&m=ewei_shopv2&from=wxapp&c=entry&a=wxapp&do=main&&state=we7sid-4a621de35bbf63a0d57dfd1c9c30d084&sign=5319214264417c2fa1a27e399b6f5b0c pn=upload; op=order; orderid=13123; 
上传
[2018-08-04 14:41:01] trace  /app/index.php?i=1&uniacid=1&t=undefined&v=1.3&m=ewei_shopv2&from=wxapp&c=entry&a=wxapp&do=main&&state=we7sid-b0d911b53893d16aa574a233a8ad9e2d&sign=8b222cd0f721340fb1b805b8db3b7f7a pn=upload; op=order; orderid=13124; 
上传
[2018-08-04 14:42:01] trace  /app/index.php?i=1&uniacid=1&t=undefined&v=1.3&m=ewei_shopv2&from=wxapp&c=entry&a=wxapp&do=main&&state=we7sid-36074c0d43cfa46a4f2bf9d772fb8fbb&sign=e83a9cfd232e5ea57c8bc4b1ee377701 pn=upload; op=order; orderid=13125; 
上传
[2018-08-04 14:45:46] trace  /app/index.php?i=1&uniacid=1&t=undefined&v=1.3&m=ewei_shopv2&from=wxapp&c=entry&a=wxapp&do=main&&state=we7sid-5d3923542570891b6898c4b9fee0b704&sign=aebc0a7d799c8b85991152b6831fa62f pn=upload; op=order; orderid=13126; 
上传
[2018-08-04 14:47:21] trace  /app/index.php?i=1&uniacid=1&t=undefined&v=1.3&m=ewei_shopv2&from=wxapp&c=entry&a=wxapp&do=main&&state=we7sid-2322a0db9ce6e65e1d821560dceb70e9&sign=6d04afabf11ab0083eecab431985c25e pn=upload; op=order; orderid=13127; 
上传
[2018-08-04 14:47:21] trace  /app/index.php?i=1&uniacid=1&t=undefined&v=1.3&m=ewei_shopv2&from=wxapp&c=entry&a=wxapp&do=main&&state=we7sid-2322a0db9ce6e65e1d821560dceb70e9&sign=6d04afabf11ab0083eecab431985c25e pn=upload; op=order; orderid=13127; 
上传
[2018-08-04 14:47:34] trace  /app/index.php?i=1&uniacid=1&t=undefined&v=1.3&m=ewei_shopv2&from=wxapp&c=entry&a=wxapp&do=main&&state=we7sid-9bf4ea46ab80a1059153a4067f935eeb&sign=0ccf9ef40379fc23956481792d0aa1ee pn=upload; op=order; orderid=13128; 
上传
[2018-08-04 14:47:34] trace  /app/index.php?i=1&uniacid=1&t=undefined&v=1.3&m=ewei_shopv2&from=wxapp&c=entry&a=wxapp&do=main&&state=we7sid-2322a0db9ce6e65e1d821560dceb70e9&sign=6d04afabf11ab0083eecab431985c25e pn=upload; op=order; orderid=13129; 
上传
[2018-08-04 14:47:35] trace  /app/index.php?i=1&uniacid=1&t=undefined&v=1.3&m=ewei_shopv2&from=wxapp&c=entry&a=wxapp&do=main&&state=we7sid-2322a0db9ce6e65e1d821560dceb70e9&sign=6d04afabf11ab0083eecab431985c25e pn=upload; op=order; orderid=13129; 
上传
[2018-08-04 14:47:50] trace  /app/index.php?i=1&uniacid=1&t=undefined&v=1.3&m=ewei_shopv2&from=wxapp&c=entry&a=wxapp&do=main&&state=we7sid-2322a0db9ce6e65e1d821560dceb70e9&sign=6d04afabf11ab0083eecab431985c25e pn=upload; op=order; orderid=13130; 
上传
[2018-08-04 14:47:51] trace  /app/index.php?i=1&uniacid=1&t=undefined&v=1.3&m=ewei_shopv2&from=wxapp&c=entry&a=wxapp&do=main&&state=we7sid-2322a0db9ce6e65e1d821560dceb70e9&sign=6d04afabf11ab0083eecab431985c25e pn=upload; op=order; orderid=13130; 
上传
[2018-08-04 14:48:02] trace  /app/index.php?i=1&uniacid=1&t=undefined&v=1.3&m=ewei_shopv2&from=wxapp&c=entry&a=wxapp&do=main&&state=we7sid-58172259716d58b9430b0fafef3df88c&sign=abbb778c9917dd0c8df5847a158c6bbf pn=upload; op=order; orderid=13131; 
上传
[2018-08-04 14:51:18] trace  /app/index.php?i=1&uniacid=1&t=undefined&v=1.3&m=ewei_shopv2&from=wxapp&c=entry&a=wxapp&do=main&&state=we7sid-55323b54e8e95baeb783126158f286af&sign=230904b7f3ee85ed66389f4403b5c083 pn=upload; op=order; orderid=13132; 
上传
[2018-08-04 14:52:21] trace  /app/index.php?i=1&uniacid=1&t=undefined&v=1.3&m=ewei_shopv2&from=wxapp&c=entry&a=wxapp&do=main&&state=we7sid-cd72eb255d1fa5eb09b1fa4fdd31c9f0&sign=e9b1bb930c997d17f09f5566c237afcb op=order; pn=upload; orderid=13133; 
上传
[2018-08-04 15:01:12] trace  /app/index.php?i=1&uniacid=1&t=undefined&v=1.3&m=ewei_shopv2&from=wxapp&c=entry&a=wxapp&do=main&&state=we7sid-fef3eea82ab272f4ad920c48ea66178f&sign=91942bd262d40d9af66e7d7a8d44b64a pn=upload; op=order; orderid=13134; 
上传
[2018-08-04 15:06:22] trace  /app/index.php?i=1&uniacid=1&t=undefined&v=1.3&m=ewei_shopv2&from=wxapp&c=entry&a=wxapp&do=main&&state=we7sid-86e873a5e0e2e9108d4b0cc3c4fabbbe&sign=6caec32f924b612ab46ac2c46d0840ae pn=upload; op=order; orderid=13135; 
上传
[2018-08-04 15:06:38] trace  /app/index.php?i=1&uniacid=1&t=undefined&v=1.3&m=ewei_shopv2&from=wxapp&c=entry&a=wxapp&do=main&&state=we7sid-dd1d0eec0ab955843e4d8997b6df7325&sign=ab1820a0efb78a44a4556853986f7295 op=order; orderid=13136; pn=upload; 
上传
[2018-08-04 15:09:01] trace  /app/index.php?i=1&uniacid=1&t=undefined&v=1.3&m=ewei_shopv2&from=wxapp&c=entry&a=wxapp&do=main&&state=we7sid-e24a194c978b5da17031285e82eb1296&sign=42ddbbe604cef911d069042f5eb37f69 pn=upload; op=order; orderid=13137; 
上传
[2018-08-04 15:16:31] trace  /app/index.php?i=1&uniacid=1&t=undefined&v=1.3&m=ewei_shopv2&from=wxapp&c=entry&a=wxapp&do=main&&state=we7sid-90436540a2af1561b36c7a58bfb882be&sign=623a1503a247a66c61f1ccbf187fad69 pn=upload; op=order; orderid=13138; 
上传
[2018-08-04 15:23:00] trace  /app/index.php?i=1&uniacid=1&t=undefined&v=1.3&m=ewei_shopv2&from=wxapp&c=entry&a=wxapp&do=main&&state=we7sid-e8a067d55c77ce5db1ac305db035f170&sign=2146c05c805b7ac1906620b25b2f8470 pn=upload; op=order; orderid=13139; 
上传
[2018-08-04 15:30:19] trace  /app/index.php?i=1&uniacid=1&t=undefined&v=1.3&m=ewei_shopv2&from=wxapp&c=entry&a=wxapp&do=main&&state=we7sid-768f25c1a1d55934251f8988e976e717&sign=0840fa3c8b438077386a3af0a81db466 pn=upload; op=order; orderid=13140; 
上传
[2018-08-04 15:32:36] trace  /app/index.php?i=1&uniacid=1&t=undefined&v=1.3&m=ewei_shopv2&from=wxapp&c=entry&a=wxapp&do=main&&state=we7sid-c1f6170fa240a330d80f5bfc0ed160b4&sign=d5b1bb858a4f17eac716bc9949109a86 pn=upload; op=order; orderid=13141; 
上传
[2018-08-04 15:33:06] trace  /app/index.php?i=1&uniacid=1&t=undefined&v=1.3&m=ewei_shopv2&from=wxapp&c=entry&a=wxapp&do=main&&state=we7sid-ed4e21014b84bf5fd0f042fc4f48293e&sign=f920be07bbe6ab83bea7d6aa8489dbf3 pn=upload; op=order; orderid=13142; 
上传
[2018-08-04 15:35:53] trace  /app/index.php?i=1&uniacid=1&t=undefined&v=1.3&m=ewei_shopv2&from=wxapp&c=entry&a=wxapp&do=main&&state=we7sid-9e926a47a28ff70b6c9063adf85dd8cb&sign=e6c7be7517473fe73ac1a65c9aaf4f07 pn=upload; op=order; orderid=13143; 
上传
[2018-08-04 15:39:29] trace  /app/index.php?i=1&uniacid=1&t=undefined&v=1.3&m=ewei_shopv2&from=wxapp&c=entry&a=wxapp&do=main&&state=we7sid-2854d25c7bf7c7a6d343dd0ab27dc3c2&sign=8a1fc114bc9434eea252b57902a850b5 pn=upload; op=order; orderid=13144; 
上传
[2018-08-04 15:56:39] trace  /app/index.php?i=1&uniacid=1&t=undefined&v=1.3&m=ewei_shopv2&from=wxapp&c=entry&a=wxapp&do=main&&state=we7sid-76b13fb31778fbb1be4876d371ebcbe8&sign=0c12cfdc37825a43178beac99c0ea726 op=order; orderid=13145; pn=upload; 
上传
[2018-08-04 15:59:13] trace  /app/index.php?i=1&uniacid=1&t=undefined&v=1.3&m=ewei_shopv2&from=wxapp&c=entry&a=wxapp&do=main&&state=we7sid-d5c1f4e218e26e156a970a3d6bfd94d4&sign=3a28409e48f5497b60ac58f00f4d7baa pn=upload; op=order; orderid=13146; 
上传
[2018-08-04 15:59:32] trace  /app/index.php?i=1&uniacid=1&t=undefined&v=1.3&m=ewei_shopv2&from=wxapp&c=entry&a=wxapp&do=main&&state=we7sid-d5c1f4e218e26e156a970a3d6bfd94d4&sign=3a28409e48f5497b60ac58f00f4d7baa pn=upload; op=order; orderid=13147; 
上传
[2018-08-04 15:59:50] trace  /app/index.php?i=1&uniacid=1&t=undefined&v=1.3&m=ewei_shopv2&from=wxapp&c=entry&a=wxapp&do=main&&state=we7sid-d5c1f4e218e26e156a970a3d6bfd94d4&sign=3a28409e48f5497b60ac58f00f4d7baa pn=upload; op=order; orderid=13148; 
上传
[2018-08-04 16:20:24] trace  /app/index.php?i=1&uniacid=1&t=undefined&v=1.3&m=ewei_shopv2&from=wxapp&c=entry&a=wxapp&do=main&&state=we7sid-d1fec508e559cdf3b5a737bacbc46265&sign=dec2a22abcaf43472f35ff013c021d11 pn=upload; op=order; orderid=13149; 
上传
[2018-08-04 16:23:52] trace  /app/index.php?i=1&uniacid=1&t=undefined&v=1.3&m=ewei_shopv2&from=wxapp&c=entry&a=wxapp&do=main&&state=we7sid-f75c5df92af99c514535cb7854ecae29&sign=b2e1ed1f51d1ba72d28113204f2a182c pn=upload; op=order; orderid=13150; 
上传
[2018-08-04 16:32:21] trace  /app/index.php?i=1&uniacid=1&t=undefined&v=1.3&m=ewei_shopv2&from=wxapp&c=entry&a=wxapp&do=main&&state=we7sid-ba27379328c28f9aafdad12e6b9cbfec&sign=7934bab717e90d201656021ae44ecde1 pn=upload; op=order; orderid=13151; 
上传
[2018-08-04 16:38:42] trace  /app/index.php?i=1&uniacid=1&t=undefined&v=1.3&m=ewei_shopv2&from=wxapp&c=entry&a=wxapp&do=main&&state=we7sid-a346fe9c5333b30f2e4aedde0b433965&sign=9ed348a5ebafa40d9294cfa2bcadb7d1 pn=upload; op=order; orderid=13152; 
上传
[2018-08-04 16:42:52] trace  /app/index.php?i=1&uniacid=1&t=undefined&v=1.3&m=ewei_shopv2&from=wxapp&c=entry&a=wxapp&do=main&&state=we7sid-6f452eea53a06310113d4a560c7a93f5&sign=7d50d30405e3ad67775d7c816650a3ae op=order; orderid=13153; pn=upload; 
上传
[2018-08-04 16:44:56] trace  /app/index.php?i=1&uniacid=1&t=undefined&v=1.3&m=ewei_shopv2&from=wxapp&c=entry&a=wxapp&do=main&&state=we7sid-6f452eea53a06310113d4a560c7a93f5&sign=7d50d30405e3ad67775d7c816650a3ae op=order; orderid=13154; pn=upload; 
上传
[2018-08-04 16:45:19] trace  /app/index.php?i=1&uniacid=1&t=undefined&v=1.3&m=ewei_shopv2&from=wxapp&c=entry&a=wxapp&do=main&&state=we7sid-0855508bfa8ccc69306526da174e12df&sign=e42b41ed4f5aea072396df11cd73e9bd pn=upload; op=order; orderid=13155; 
上传
[2018-08-04 16:54:32] trace  /app/index.php?i=1&uniacid=1&t=undefined&v=1.3&m=ewei_shopv2&from=wxapp&c=entry&a=wxapp&do=main&&state=we7sid-cc8144fe8265e4c46d2f5e054379bfbb&sign=ca6ca3c12c6b1f49e50cee94c5a6635a pn=upload; op=order; orderid=13156; 
上传
[2018-08-04 17:04:37] trace  /app/index.php?i=1&uniacid=1&t=undefined&v=1.3&m=ewei_shopv2&from=wxapp&c=entry&a=wxapp&do=main&&state=we7sid-b081b158232420b5b3c5d77e71602772&sign=70b04af983b7291ddb69500703edf35c pn=upload; op=order; orderid=13157; 
上传
[2018-08-04 17:07:53] trace  /app/index.php?i=1&uniacid=1&t=undefined&v=1.3&m=ewei_shopv2&from=wxapp&c=entry&a=wxapp&do=main&&state=we7sid-24754b460085d74d452988a64292b24e&sign=753e36eb35a581481d86cf3841b46289 op=order; orderid=13158; pn=upload; 
上传
[2018-08-04 17:14:29] trace  /app/index.php?i=1&uniacid=1&t=undefined&v=1.3&m=ewei_shopv2&from=wxapp&c=entry&a=wxapp&do=main&&state=we7sid-24754b460085d74d452988a64292b24e&sign=753e36eb35a581481d86cf3841b46289 op=order; orderid=13159; pn=upload; 
上传
[2018-08-04 17:18:39] trace  /app/index.php?i=1&uniacid=1&t=undefined&v=1.3&m=ewei_shopv2&from=wxapp&c=entry&a=wxapp&do=main&&state=we7sid-b00e5a342d8c90b6e777434a3c1ab06d&sign=280698c89609843fe9827e7ffddfe729 pn=upload; op=order; orderid=13160; 
上传
[2018-08-04 17:28:48] trace  /app/index.php?i=1&uniacid=1&t=undefined&v=1.3&m=ewei_shopv2&from=wxapp&c=entry&a=wxapp&do=main&&state=we7sid-46dcf4df5b47a9aa1a14754c805683a0&sign=08e13ab4a23b04aeb02d19663a180cca pn=upload; op=order; orderid=13161; 
上传
[2018-08-04 17:35:11] trace  /app/index.php?i=1&uniacid=1&t=undefined&v=1.3&m=ewei_shopv2&from=wxapp&c=entry&a=wxapp&do=main&&state=we7sid-bb48e1f6d9f3fa3fe22847be93d6294e&sign=d2402ef0bf1ad8c5e89be8ff1b37c2d7 pn=upload; op=order; orderid=13162; 
上传
[2018-08-04 17:42:32] trace  /app/index.php?i=1&uniacid=1&t=undefined&v=1.3&m=ewei_shopv2&from=wxapp&c=entry&a=wxapp&do=main&&state=we7sid-a905e4583541bfe650351522fa86aad2&sign=ce9d60c1156132278fa468310698fd73 pn=upload; op=order; orderid=13163; 
上传
[2018-08-04 17:42:57] trace  /app/index.php?i=1&uniacid=1&t=undefined&v=1.3&m=ewei_shopv2&from=wxapp&c=entry&a=wxapp&do=main&&state=we7sid-cfa4df3c55c6aa6e8c71a48eddbe760e&sign=f9f72251d629fb56fbf2204bd8e6fe3f pn=upload; op=order; orderid=13164; 
上传
[2018-08-04 17:45:39] trace  /app/index.php?i=1&uniacid=1&t=undefined&v=1.3&m=ewei_shopv2&from=wxapp&c=entry&a=wxapp&do=main&&state=we7sid-cd5cf4da84d7596f72a5279934b4f2f0&sign=8f59892332ee959483294efaa8a81c9a pn=upload; op=order; orderid=13165; 
上传
[2018-08-04 18:09:30] trace  /app/index.php?i=1&uniacid=1&t=undefined&v=1.3&m=ewei_shopv2&from=wxapp&c=entry&a=wxapp&do=main&&state=we7sid-984bf51eda7907a37d21587a559fbfdf&sign=fad400198cd71fcc8787a7626f028d8f pn=upload; op=order; orderid=13166; 
上传
[2018-08-04 19:01:02] trace  /app/index.php?i=1&uniacid=1&t=undefined&v=1.3&m=ewei_shopv2&from=wxapp&c=entry&a=wxapp&do=main&&state=we7sid-03364f31ef286aaf1d0dd355c4525b92&sign=00745d34cc0dc21a28aa0191ceb49954 pn=upload; op=order; orderid=13167; 
上传
[2018-08-04 19:02:10] trace  /app/index.php?i=1&uniacid=1&t=undefined&v=1.3&m=ewei_shopv2&from=wxapp&c=entry&a=wxapp&do=main&&state=we7sid-03364f31ef286aaf1d0dd355c4525b92&sign=00745d34cc0dc21a28aa0191ceb49954 pn=upload; op=order; orderid=13168; 
上传
[2018-08-04 19:06:04] trace  /app/index.php?i=1&uniacid=1&t=undefined&v=1.3&m=ewei_shopv2&from=wxapp&c=entry&a=wxapp&do=main&&state=we7sid-9daf04f743102f3f02fc091a3ce33503&sign=eaddd0c4de11a7dc5e31d9c462cbe496 pn=upload; op=order; orderid=13169; 
上传
[2018-08-04 19:10:08] trace  /app/index.php?i=1&uniacid=1&t=undefined&v=1.3&m=ewei_shopv2&from=wxapp&c=entry&a=wxapp&do=main&&state=we7sid-984bf51eda7907a37d21587a559fbfdf&sign=fad400198cd71fcc8787a7626f028d8f pn=upload; op=order; orderid=13170; 
上传
[2018-08-04 19:19:18] trace  /app/index.php?i=1&uniacid=1&t=undefined&v=1.3&m=ewei_shopv2&from=wxapp&c=entry&a=wxapp&do=main&&state=we7sid-c874752a468d020e349e8621ecbf253a&sign=7f828b91b0edf77150fe2af0bb3b05fe pn=upload; op=order; orderid=13171; 
上传
[2018-08-04 19:25:29] trace  /app/index.php?i=1&uniacid=1&t=undefined&v=1.3&m=ewei_shopv2&from=wxapp&c=entry&a=wxapp&do=main&&state=we7sid-cff2c4a86d333e60bfd9aa77c805f2ca&sign=4f9fdfac0e5089113764252fbf4dd104 pn=upload; op=order; orderid=13172; 
上传
[2018-08-04 19:50:59] trace  /app/index.php?i=1&uniacid=1&t=undefined&v=1.3&m=ewei_shopv2&from=wxapp&c=entry&a=wxapp&do=main&&state=we7sid-8cb5623fade443e819bfcc9e326d0720&sign=f628e98eefea781981eb5034d03d50fd pn=upload; op=order; orderid=13173; 
上传
[2018-08-04 19:52:03] trace  /app/index.php?i=1&uniacid=1&t=undefined&v=1.3&m=ewei_shopv2&from=wxapp&c=entry&a=wxapp&do=main&&state=we7sid-8cb5623fade443e819bfcc9e326d0720&sign=f628e98eefea781981eb5034d03d50fd pn=upload; op=order; orderid=13174; 
上传
[2018-08-04 20:04:16] trace  /app/index.php?i=1&uniacid=1&t=undefined&v=1.3&m=ewei_shopv2&from=wxapp&c=entry&a=wxapp&do=main&&state=we7sid-12707915f9f3b52c8e2916fd27562a46&sign=4871bfa5b0774cab2c5d1cfb8f74073a pn=upload; op=order; orderid=13175; 
上传
[2018-08-04 20:05:08] trace  /app/index.php?i=1&uniacid=1&t=undefined&v=1.3&m=ewei_shopv2&from=wxapp&c=entry&a=wxapp&do=main&&state=we7sid-f67db87547d80303f42b35e63c5873ac&sign=cf0f4d096a567f2d011c738e08b8fb7d pn=upload; op=order; orderid=13176; 
上传
[2018-08-04 20:05:24] trace  /app/index.php?i=1&uniacid=1&t=undefined&v=1.3&m=ewei_shopv2&from=wxapp&c=entry&a=wxapp&do=main&&state=we7sid-f67db87547d80303f42b35e63c5873ac&sign=cf0f4d096a567f2d011c738e08b8fb7d pn=upload; op=order; orderid=13177; 
上传
[2018-08-04 20:05:48] trace  /app/index.php?i=1&uniacid=1&t=undefined&v=1.3&m=ewei_shopv2&from=wxapp&c=entry&a=wxapp&do=main&&state=we7sid-12707915f9f3b52c8e2916fd27562a46&sign=4871bfa5b0774cab2c5d1cfb8f74073a pn=upload; op=order; orderid=13178; 
上传
[2018-08-04 20:16:17] trace  /app/index.php?i=1&uniacid=1&t=undefined&v=1.3&m=ewei_shopv2&from=wxapp&c=entry&a=wxapp&do=main&&state=we7sid-b88c27db4bb30cd0387e7ca043cec562&sign=78b531f9a94bd6667a0f9ddd6299281f pn=upload; op=order; orderid=13179; 
上传
[2018-08-04 20:26:12] trace  /app/index.php?i=1&uniacid=1&t=undefined&v=1.3&m=ewei_shopv2&from=wxapp&c=entry&a=wxapp&do=main&&state=we7sid-fa6047648abead0b00a920ae1860f2fb&sign=c8940a5ef8fd87ccaa0de273ca801064 pn=upload; op=order; orderid=13180; 
上传
[2018-08-04 20:45:05] trace  /app/index.php?i=1&uniacid=1&t=undefined&v=1.3&m=ewei_shopv2&from=wxapp&c=entry&a=wxapp&do=main&&state=we7sid-7c9d17c59dbd5cac2633686d6356d0fd&sign=eeb7b367740126b19ae89dce1443902a op=order; orderid=13181; pn=upload; 
上传
[2018-08-04 20:55:18] trace  /app/index.php?i=1&uniacid=1&t=undefined&v=1.3&m=ewei_shopv2&from=wxapp&c=entry&a=wxapp&do=main&&state=we7sid-0ca56b7676be0f677aebb7b2ae378eff&sign=c38800ed3f64cd7fa11d02fe55146c3a pn=upload; op=order; orderid=13182; 
上传
[2018-08-04 21:00:39] trace  /app/index.php?i=1&uniacid=1&t=undefined&v=1.3&m=ewei_shopv2&from=wxapp&c=entry&a=wxapp&do=main&&state=we7sid-e6cd057c938d3369a5043027164a5043&sign=412b1a79becb373dd8c90017a9d53c56 pn=upload; op=order; orderid=13183; 
上传
[2018-08-04 21:00:48] trace  /app/index.php?i=1&uniacid=1&t=undefined&v=1.3&m=ewei_shopv2&from=wxapp&c=entry&a=wxapp&do=main&&state=we7sid-d18535a639d97503541b84ba49f85417&sign=0f289c05f28e467b6acb6952cc35c7a7 pn=upload; op=order; orderid=13184; 
上传
[2018-08-04 21:07:49] trace  /app/index.php?i=1&uniacid=1&t=undefined&v=1.3&m=ewei_shopv2&from=wxapp&c=entry&a=wxapp&do=main&&state=we7sid-5e8862513cdac78f90b5bd073ce66482&sign=1dc935f13d09bc3d925e141e74326e64 pn=upload; op=order; orderid=13185; 
上传
[2018-08-04 21:08:59] trace  /app/index.php?i=1&uniacid=1&t=undefined&v=1.3&m=ewei_shopv2&from=wxapp&c=entry&a=wxapp&do=main&&state=we7sid-5e8862513cdac78f90b5bd073ce66482&sign=1dc935f13d09bc3d925e141e74326e64 pn=upload; op=order; orderid=13186; 
上传
[2018-08-04 21:14:20] trace  /app/index.php?i=1&uniacid=1&t=undefined&v=1.3&m=ewei_shopv2&from=wxapp&c=entry&a=wxapp&do=main&&state=we7sid-745d768db17982d87e7b4f7c6c898544&sign=e0628b66342ee3c9b2d573c429596c14 pn=upload; op=order; orderid=13187; 
上传
[2018-08-04 21:22:38] trace  /app/index.php?i=1&uniacid=1&t=undefined&v=1.3&m=ewei_shopv2&from=wxapp&c=entry&a=wxapp&do=main&&state=we7sid-745d768db17982d87e7b4f7c6c898544&sign=e0628b66342ee3c9b2d573c429596c14 pn=upload; op=order; orderid=13188; 
上传
[2018-08-04 21:23:43] trace  /app/index.php?i=1&uniacid=1&t=undefined&v=1.3&m=ewei_shopv2&from=wxapp&c=entry&a=wxapp&do=main&&state=we7sid-f1e8fe468971a54020ae6d132a67d555&sign=c45f4b326ca7a45240a952497957bc97 pn=upload; op=order; orderid=13189; 
上传
[2018-08-04 21:23:55] trace  /app/index.php?i=1&uniacid=1&t=undefined&v=1.3&m=ewei_shopv2&from=wxapp&c=entry&a=wxapp&do=main&&state=we7sid-f706e05620a83684e077b4f517c23904&sign=6391a309a8fbf38bf9de7761164d0a73 op=order; orderid=13190; pn=upload; 
上传
[2018-08-04 21:28:07] trace  /app/index.php?i=1&uniacid=1&t=undefined&v=1.3&m=ewei_shopv2&from=wxapp&c=entry&a=wxapp&do=main&&state=we7sid-1cc9284629cdeea936f01574b367cf18&sign=cf45acd676ffb16afd6723752007fdd0 pn=upload; op=order; orderid=13191; 
上传
[2018-08-04 21:55:03] trace  /app/index.php?i=1&uniacid=1&t=undefined&v=1.3&m=ewei_shopv2&from=wxapp&c=entry&a=wxapp&do=main&&state=we7sid-09933cb04fba6ed105744ea888549bef&sign=0fb5f41c395192b5319b068ee4d7ea06 pn=upload; op=order; orderid=13192; 
上传
[2018-08-04 21:56:43] trace  /app/index.php?i=1&uniacid=1&t=undefined&v=1.3&m=ewei_shopv2&from=wxapp&c=entry&a=wxapp&do=main&&state=we7sid-9ea66ff8f2b77c251b5c309f5c8de057&sign=cef88485e43aac572a5fcbcf8e877b37 pn=upload; op=order; orderid=13193; 
上传
[2018-08-04 22:03:10] trace  /app/index.php?i=1&uniacid=1&t=undefined&v=1.3&m=ewei_shopv2&from=wxapp&c=entry&a=wxapp&do=main&&state=we7sid-d2019176842917b6d594526a0946a943&sign=a53f995de58153cc0254096f148d2b52 pn=upload; op=order; orderid=13194; 
上传
[2018-08-04 22:12:25] trace  /app/index.php?i=1&uniacid=1&t=undefined&v=1.3&m=ewei_shopv2&from=wxapp&c=entry&a=wxapp&do=main&&state=we7sid-09933cb04fba6ed105744ea888549bef&sign=0fb5f41c395192b5319b068ee4d7ea06 pn=upload; op=order; orderid=13195; 
上传
[2018-08-04 22:33:23] trace  /app/index.php?i=1&uniacid=1&t=undefined&v=1.3&m=ewei_shopv2&from=wxapp&c=entry&a=wxapp&do=main&&state=we7sid-8b0bb4972b5db55882c8b81f5df926b5&sign=305d1014b43592b8df54a32c4659d7dd pn=upload; op=order; orderid=13196; 
上传
[2018-08-04 22:39:28] trace  /app/index.php?i=1&uniacid=1&t=undefined&v=1.3&m=ewei_shopv2&from=wxapp&c=entry&a=wxapp&do=main&&state=we7sid-09933cb04fba6ed105744ea888549bef&sign=0fb5f41c395192b5319b068ee4d7ea06 pn=upload; op=order; orderid=13197; 
上传
[2018-08-04 22:44:33] trace  /app/index.php?i=1&uniacid=1&t=undefined&v=1.3&m=ewei_shopv2&from=wxapp&c=entry&a=wxapp&do=main&&state=we7sid-4422a9a400cb5864b5b912a2bef8a29d&sign=9c794c07fe976b7c4b3b4c9e1d5a5e9f pn=upload; op=order; orderid=13200; 
上传
[2018-08-04 22:48:24] trace  /app/index.php?i=1&uniacid=1&t=undefined&v=1.3&m=ewei_shopv2&from=wxapp&c=entry&a=wxapp&do=main&&state=we7sid-a54247662e3ee8958ea89b107351672f&sign=d35e1c6f33a460274ea06e28872b3ddf pn=upload; op=order; orderid=13201; 
上传
[2018-08-04 23:14:38] trace  /app/index.php?i=1&uniacid=1&t=undefined&v=1.3&m=ewei_shopv2&from=wxapp&c=entry&a=wxapp&do=main&&state=we7sid-aa515d905f390fa86b88b391726c639a&sign=d5e95ad5aeb194d44ad14257f1170f33 pn=upload; op=order; orderid=13202; 
上传
[2018-08-04 23:49:59] trace  /app/index.php?i=1&uniacid=1&t=undefined&v=1.3&m=ewei_shopv2&from=wxapp&c=entry&a=wxapp&do=main&&state=we7sid-2f6099799f074ae6b2611b7a6d581238&sign=7dca93965cbbd16d642a8cfbedb01b98 pn=upload; op=order; orderid=13203; 
上传
[2018-08-04 23:53:15] trace  /app/index.php?i=1&uniacid=1&t=undefined&v=1.3&m=ewei_shopv2&from=wxapp&c=entry&a=wxapp&do=main&&state=we7sid-dbd65486bf63dfa5c075e17447172c90&sign=f6e40edbf56042125186b716f232d081 pn=upload; op=order; orderid=13204; 
上传
[2018-08-04 23:55:35] trace  /app/index.php?i=1&uniacid=1&t=undefined&v=1.3&m=ewei_shopv2&from=wxapp&c=entry&a=wxapp&do=main&&state=we7sid-fbba8ea810ab0bdeafd464714e7421c3&sign=0ebfb9b96b159aab563c8bbd867142f2 pn=upload; op=order; orderid=13205; 
上传
[2018-08-04 23:57:17] trace  /app/index.php?i=1&uniacid=1&t=undefined&v=1.3&m=ewei_shopv2&from=wxapp&c=entry&a=wxapp&do=main&&state=we7sid-5441d9fecddc6dc5572d58903a5e69e9&sign=124e9716fa1762144992be4b3a9ef3a1 pn=upload; op=order; orderid=13206; 
上传
