[2018-08-08 00:06:38] trace  /app/index.php?i=1&uniacid=1&t=undefined&v=1.3&m=ewei_shopv2&from=wxapp&c=entry&a=wxapp&do=main&&state=we7sid-bda4f5c5bdf9a3163d9583afb4e80fd9&sign=07616094e72dc9bb0d378abb689e7cbc pn=upload; op=order; orderid=13585; 
上传
[2018-08-08 00:12:37] trace  /app/index.php?i=1&uniacid=1&t=undefined&v=1.3&m=ewei_shopv2&from=wxapp&c=entry&a=wxapp&do=main&&state=we7sid-1e6c2f2047c87b427b5bfb6533e15bc8&sign=68ef4d8163f3bb0ad77394d117faa073 pn=upload; op=order; orderid=13586; 
上传
[2018-08-08 00:17:56] trace  /app/index.php?i=1&uniacid=1&t=undefined&v=1.3&m=ewei_shopv2&from=wxapp&c=entry&a=wxapp&do=main&&state=we7sid-b288539f84cf01ec34a0c84dc39b209a&sign=7490bebd9f5b9b4e8640d6ccb314ec6d pn=upload; op=order; orderid=13587; 
上传
[2018-08-08 00:18:12] trace  /app/index.php?i=1&uniacid=1&t=undefined&v=1.3&m=ewei_shopv2&from=wxapp&c=entry&a=wxapp&do=main&&state=we7sid-b288539f84cf01ec34a0c84dc39b209a&sign=7490bebd9f5b9b4e8640d6ccb314ec6d pn=upload; op=order; orderid=13588; 
上传
[2018-08-08 00:35:46] trace  /app/index.php?i=1&uniacid=1&t=undefined&v=1.3&m=ewei_shopv2&from=wxapp&c=entry&a=wxapp&do=main&&state=we7sid-d9b1735adbb4c0284ca6546584511c0c&sign=b93c138a327a8b3b39e591cec4f7eeb7 pn=upload; op=order; orderid=13589; 
上传
[2018-08-08 01:26:37] trace  /app/index.php?i=1&uniacid=1&t=undefined&v=1.3&m=ewei_shopv2&from=wxapp&c=entry&a=wxapp&do=main&&state=we7sid-4345042ae67a82babd23821b0525b7ad&sign=d51dc7ed512ee3c3ed0dcddbae29c3c0 pn=upload; op=order; orderid=13590; 
上传
[2018-08-08 01:27:51] trace  /app/index.php?i=1&uniacid=1&t=undefined&v=1.3&m=ewei_shopv2&from=wxapp&c=entry&a=wxapp&do=main&&state=we7sid-4345042ae67a82babd23821b0525b7ad&sign=d51dc7ed512ee3c3ed0dcddbae29c3c0 pn=upload; op=order; orderid=13591; 
上传
[2018-08-08 01:48:09] trace  /app/index.php?i=1&uniacid=1&t=undefined&v=1.3&m=ewei_shopv2&from=wxapp&c=entry&a=wxapp&do=main&&state=we7sid-886dcd868dc5ba21c87f733619861222&sign=ae622ea963cb450becb56786fb91e99c op=order; orderid=13592; pn=upload; 
上传
[2018-08-08 03:02:05] trace  /app/index.php?i=1&uniacid=1&t=undefined&v=1.3&m=ewei_shopv2&from=wxapp&c=entry&a=wxapp&do=main&&state=we7sid-73f3a68c13384570dedd60b57f6f43f3&sign=4c79ef5ed654d67aa092bc4d4e31baba pn=upload; op=order; orderid=13593; 
上传
[2018-08-08 05:17:57] trace  /app/index.php?i=1&uniacid=1&t=undefined&v=1.3&m=ewei_shopv2&from=wxapp&c=entry&a=wxapp&do=main&&state=we7sid-7bd1f5588619f77826ce147bc624094d&sign=eb0802b4d62ca9eed30673004db8abe6 pn=upload; op=order; orderid=13594; 
上传
[2018-08-08 05:19:27] trace  /app/index.php?i=1&uniacid=1&t=undefined&v=1.3&m=ewei_shopv2&from=wxapp&c=entry&a=wxapp&do=main&&state=we7sid-7bd1f5588619f77826ce147bc624094d&sign=eb0802b4d62ca9eed30673004db8abe6 pn=upload; op=order; orderid=13595; 
上传
[2018-08-08 06:20:03] trace  /app/index.php?i=1&uniacid=1&t=undefined&v=1.3&m=ewei_shopv2&from=wxapp&c=entry&a=wxapp&do=main&&state=we7sid-ea4bac7fba7a8a98c3b1e4afc7676631&sign=82ba1d70997924bde9f6ea18e59972c0 pn=upload; op=order; orderid=13596; 
上传
[2018-08-08 06:23:01] trace  /app/index.php?i=1&uniacid=1&t=undefined&v=1.3&m=ewei_shopv2&from=wxapp&c=entry&a=wxapp&do=main&&state=we7sid-ea4bac7fba7a8a98c3b1e4afc7676631&sign=82ba1d70997924bde9f6ea18e59972c0 pn=upload; op=order; orderid=13597; 
上传
[2018-08-08 06:23:52] trace  /app/index.php?i=1&uniacid=1&t=undefined&v=1.3&m=ewei_shopv2&from=wxapp&c=entry&a=wxapp&do=main&&state=we7sid-ea4bac7fba7a8a98c3b1e4afc7676631&sign=82ba1d70997924bde9f6ea18e59972c0 pn=upload; op=order; orderid=13598; 
上传
[2018-08-08 06:25:05] trace  /app/index.php?i=1&uniacid=1&t=undefined&v=1.3&m=ewei_shopv2&from=wxapp&c=entry&a=wxapp&do=main&&state=we7sid-ea4bac7fba7a8a98c3b1e4afc7676631&sign=82ba1d70997924bde9f6ea18e59972c0 pn=upload; op=order; orderid=13599; 
上传
[2018-08-08 06:55:04] trace  /app/index.php?i=1&uniacid=1&t=undefined&v=1.3&m=ewei_shopv2&from=wxapp&c=entry&a=wxapp&do=main&&state=we7sid-8eb4ba55f9d4859e0e50118ceb326b77&sign=477e84ebb87a68338b0e2c04731827e2 pn=upload; op=order; orderid=13600; 
上传
[2018-08-08 07:55:25] trace  /app/index.php?i=1&uniacid=1&t=undefined&v=1.3&m=ewei_shopv2&from=wxapp&c=entry&a=wxapp&do=main&&state=we7sid-a8efdc050d96dc67db5f890a0fa78bb3&sign=d9a7e5118e0382e3773b49c1a16a7503 pn=upload; op=order; orderid=13601; 
上传
[2018-08-08 07:55:40] trace  /app/index.php?i=1&uniacid=1&t=undefined&v=1.3&m=ewei_shopv2&from=wxapp&c=entry&a=wxapp&do=main&&state=we7sid-409b27c24382c4381cdb3b7ed62e60b7&sign=9199f4f8cee7ea8823025758dce434fb pn=upload; op=order; orderid=13602; 
上传
[2018-08-08 08:42:53] trace  /app/index.php?i=1&uniacid=1&t=undefined&v=1.3&m=ewei_shopv2&from=wxapp&c=entry&a=wxapp&do=main&&state=we7sid-da2085d0225d23f37191b6714d93fc16&sign=b49f967098870375d2059eaafcc05a95 pn=upload; op=order; orderid=13603; 
上传
[2018-08-08 09:28:25] trace  /app/index.php?i=1&uniacid=1&t=undefined&v=1.3&m=ewei_shopv2&from=wxapp&c=entry&a=wxapp&do=main&&state=we7sid-fd1a616d0a686b2866e69cae37bc1708&sign=fb5f6f161d7c9bfdd9847fa808393dfd pn=upload; op=order; orderid=13604; 
上传
[2018-08-08 09:44:09] trace  /app/index.php?i=1&uniacid=1&t=undefined&v=1.3&m=ewei_shopv2&from=wxapp&c=entry&a=wxapp&do=main&&state=we7sid-6039ad57592028409a69ca5b75149821&sign=cfc8c686403c4721d0e0a8f3ec6d431b pn=upload; op=order; orderid=13605; 
上传
[2018-08-08 10:51:10] trace  /app/index.php?i=1&uniacid=1&t=undefined&v=1.3&m=ewei_shopv2&from=wxapp&c=entry&a=wxapp&do=main&&state=we7sid-e57b00d8eb7fa8455c2a3a81ac3dbc67&sign=fcd7c85755b832968db0e7c5ff110d0e op=order; orderid=13606; pn=upload; 
上传
[2018-08-08 11:06:28] trace  /app/index.php?i=1&uniacid=1&t=undefined&v=1.3&m=ewei_shopv2&from=wxapp&c=entry&a=wxapp&do=main&&state=we7sid-4a4d4de977ccef1cb88ecfecb17362a4&sign=83a8bb35ff5de5a020859e6379fee118 pn=upload; op=order; orderid=13607; 
上传
[2018-08-08 11:06:50] trace  /app/index.php?i=1&uniacid=1&t=undefined&v=1.3&m=ewei_shopv2&from=wxapp&c=entry&a=wxapp&do=main&&state=we7sid-949cd6721a805434952fb89ef7c8d123&sign=cdf3dd7dd7cd64461134e5c9cdf29208 pn=upload; op=order; orderid=13608; 
上传
[2018-08-08 11:14:21] trace  /app/index.php?i=1&uniacid=1&t=undefined&v=1.3&m=ewei_shopv2&from=wxapp&c=entry&a=wxapp&do=main&&state=we7sid-1fb268f74388ac660ad0df6fb51422dd&sign=bdf38e1b9ca5bbed0e4af78f94b79946 op=order; orderid=13609; pn=upload; 
上传
[2018-08-08 11:25:12] trace  /app/index.php?i=1&uniacid=1&t=undefined&v=1.3&m=ewei_shopv2&from=wxapp&c=entry&a=wxapp&do=main&&state=we7sid-a91b4423fc7a18fc5bea81101e2745d4&sign=7860a2a696bc5ea726f13f6755e1a09d pn=upload; op=order; orderid=13610; 
上传
[2018-08-08 11:41:34] trace  /app/index.php?i=1&uniacid=1&t=undefined&v=1.3&m=ewei_shopv2&from=wxapp&c=entry&a=wxapp&do=main&&state=we7sid-48e7dc1814791211316fd1b94f451998&sign=389fbe5c79ef7ab7dbd2bdd78f148304 pn=upload; op=order; orderid=13611; 
上传
[2018-08-08 11:44:24] trace  /app/index.php?i=1&uniacid=1&t=undefined&v=1.3&m=ewei_shopv2&from=wxapp&c=entry&a=wxapp&do=main&&state=we7sid-2e0e50e9037c9d22fd36461ef66f8e15&sign=fb887cda93c4818ee23d1cf8f90e0800 pn=upload; op=order; orderid=13612; 
上传
[2018-08-08 12:01:57] trace  /app/index.php?i=1&uniacid=1&t=undefined&v=1.3&m=ewei_shopv2&from=wxapp&c=entry&a=wxapp&do=main&&state=we7sid-5888f5c5d08dc0cd5c5c68efe186dfbc&sign=7a3c17bb909e9bdbcba2232ea9fef3f6 pn=upload; op=order; orderid=13613; 
上传
[2018-08-08 12:06:45] trace  /app/index.php?i=1&uniacid=1&t=undefined&v=1.3&m=ewei_shopv2&from=wxapp&c=entry&a=wxapp&do=main&&state=we7sid-84f601634a5e53456704d58fcd377ecb&sign=cc6e8d39d4778a8a5e6953ec8e558181 pn=upload; op=order; orderid=13614; 
上传
[2018-08-08 12:19:29] trace  /app/index.php?i=1&uniacid=1&t=undefined&v=1.3&m=ewei_shopv2&from=wxapp&c=entry&a=wxapp&do=main&&state=we7sid-83ecf7498ba15aac9523d29e79706c71&sign=076c99d3f4dad5a4f7bc6a2bce765b6f pn=upload; op=order; orderid=13615; 
上传
[2018-08-08 12:41:51] trace  /app/index.php?i=1&uniacid=1&t=undefined&v=1.3&m=ewei_shopv2&from=wxapp&c=entry&a=wxapp&do=main&&state=we7sid-f962fc4c0de2ab84d302eb8b3c617ce8&sign=aa7dfa107e44ae7ae15935a9e24a8f10 pn=upload; op=order; orderid=13616; 
上传
[2018-08-08 12:49:43] trace  /app/index.php?i=1&uniacid=1&t=undefined&v=1.3&m=ewei_shopv2&from=wxapp&c=entry&a=wxapp&do=main&&state=we7sid-1ed23fd0bfe416f9d6ddfdd0a8a06904&sign=eecef09fdd76f2d51d8b83bc16e47860 pn=upload; op=order; orderid=13617; 
上传
[2018-08-08 12:58:20] trace  /app/index.php?i=1&uniacid=1&t=undefined&v=1.3&m=ewei_shopv2&from=wxapp&c=entry&a=wxapp&do=main&&state=we7sid-11972455fa6c353b1c80064f7854f3c2&sign=8822de39db5d79a40fe83b54a77a93eb pn=upload; op=order; orderid=13618; 
上传
[2018-08-08 13:12:11] trace  /app/index.php?i=1&uniacid=1&t=undefined&v=1.3&m=ewei_shopv2&from=wxapp&c=entry&a=wxapp&do=main&&state=we7sid-ac7476b7dad125d0293078e49218c8f5&sign=62a7f04ee7a94e0be53494ee52bd610d pn=upload; op=order; orderid=13619; 
上传
[2018-08-08 13:29:06] trace  /app/index.php?i=1&uniacid=1&t=undefined&v=1.3&m=ewei_shopv2&from=wxapp&c=entry&a=wxapp&do=main&&state=we7sid-c6112542e62c22e737a52e754882bd06&sign=93cbaee013d8f6cfa6b90c2b232b94f2 pn=upload; op=order; orderid=13620; 
上传
[2018-08-08 13:38:54] trace  /app/index.php?i=1&uniacid=1&t=undefined&v=1.3&m=ewei_shopv2&from=wxapp&c=entry&a=wxapp&do=main&&state=we7sid-1571620da87a6a4af11384196c3ced3a&sign=35ea3d313299b8d0b1e36e9f005764da pn=upload; op=order; orderid=13621; 
上传
[2018-08-08 13:57:14] trace  /app/index.php?i=1&uniacid=1&t=undefined&v=1.3&m=ewei_shopv2&from=wxapp&c=entry&a=wxapp&do=main&&state=we7sid-7b56d43cb62b72e49e2929ff3b530068&sign=357c1aad268970f3fe5e4b28744a43a3 pn=upload; op=order; orderid=13622; 
上传
[2018-08-08 14:02:29] trace  /app/index.php?i=1&uniacid=1&t=undefined&v=1.3&m=ewei_shopv2&from=wxapp&c=entry&a=wxapp&do=main&&state=we7sid-904279d28c75bd15b445bf0c28fee682&sign=90ad6c2d90c057c85e8b238c8864e70b pn=upload; op=order; orderid=13623; 
上传
[2018-08-08 14:22:38] trace  /app/index.php?i=1&uniacid=1&t=undefined&v=1.3&m=ewei_shopv2&from=wxapp&c=entry&a=wxapp&do=main&&state=we7sid-2e9c8942780863553ea9bdab4cbcdb9d&sign=e66276d6066679667d87a4bce868fdb7 pn=upload; op=order; orderid=13624; 
上传
[2018-08-08 15:07:54] trace  /app/index.php?i=1&uniacid=1&t=undefined&v=1.3&m=ewei_shopv2&from=wxapp&c=entry&a=wxapp&do=main&&state=we7sid-a5ec5f439ed6263d0a77670f5840dd42&sign=7af9ceec87fa3e0755e2453e7adc731c pn=upload; op=order; orderid=13625; 
上传
[2018-08-08 15:08:16] trace  /app/index.php?i=1&uniacid=1&t=undefined&v=1.3&m=ewei_shopv2&from=wxapp&c=entry&a=wxapp&do=main&&state=we7sid-a5ec5f439ed6263d0a77670f5840dd42&sign=7af9ceec87fa3e0755e2453e7adc731c pn=upload; op=order; orderid=13626; 
上传
[2018-08-08 15:29:56] trace  /app/index.php?i=1&uniacid=1&t=undefined&v=1.3&m=ewei_shopv2&from=wxapp&c=entry&a=wxapp&do=main&&state=we7sid-f96c34574bda4ac20422a1574ee9975f&sign=59337d6bcda223323d821f6d1dda0e7f pn=upload; op=order; orderid=13627; 
上传
[2018-08-08 15:35:32] trace  /app/index.php?i=1&uniacid=1&t=undefined&v=1.3&m=ewei_shopv2&from=wxapp&c=entry&a=wxapp&do=main&&state=we7sid-46414617f16a9c5948d4ad7239e3fe7d&sign=61c3da9b85ec011439d1a05bedaa785d pn=upload; op=order; orderid=13628; 
上传
[2018-08-08 15:48:48] trace  /app/index.php?i=1&uniacid=1&t=undefined&v=1.3&m=ewei_shopv2&from=wxapp&c=entry&a=wxapp&do=main&&state=we7sid-316a0e954bb873a1dc3114de23d49b64&sign=c09cc5253af2fed0b56da587fb1958ce pn=upload; op=order; orderid=13629; 
上传
[2018-08-08 15:48:48] trace  /app/index.php?i=1&uniacid=1&t=undefined&v=1.3&m=ewei_shopv2&from=wxapp&c=entry&a=wxapp&do=main&&state=we7sid-316a0e954bb873a1dc3114de23d49b64&sign=c09cc5253af2fed0b56da587fb1958ce pn=upload; op=order; orderid=13629; 
上传
[2018-08-08 15:50:34] trace  /app/index.php?i=1&uniacid=1&t=undefined&v=1.3&m=ewei_shopv2&from=wxapp&c=entry&a=wxapp&do=main&&state=we7sid-ec221ee27490b46b8cdc86f37c20a699&sign=43598ed29c86bfdb80ca9d60420c5ef3 pn=upload; op=order; orderid=13630; 
上传
[2018-08-08 15:56:35] trace  /app/index.php?i=1&uniacid=1&t=undefined&v=1.3&m=ewei_shopv2&from=wxapp&c=entry&a=wxapp&do=main&&state=we7sid-09331db5cbad8f75a2c22aeec7a85d91&sign=a4b7bea98af128e6bf07cd374f7c96cb pn=upload; op=order; orderid=13631; 
上传
[2018-08-08 16:08:57] trace  /app/index.php?i=1&uniacid=1&t=undefined&v=1.3&m=ewei_shopv2&from=wxapp&c=entry&a=wxapp&do=main&&state=we7sid-ec221ee27490b46b8cdc86f37c20a699&sign=43598ed29c86bfdb80ca9d60420c5ef3 pn=upload; op=order; orderid=13632; 
上传
[2018-08-08 16:10:41] trace  /app/index.php?i=1&uniacid=1&t=undefined&v=1.3&m=ewei_shopv2&from=wxapp&c=entry&a=wxapp&do=main&&state=we7sid-b6f8de9b8648a7276aeb495182dbaa76&sign=8a02e9dbe49c458da0425fa4e4e406c8 pn=upload; op=author; orderid=13026; 
上传
[2018-08-08 16:11:19] trace  /app/index.php?i=1&uniacid=1&t=undefined&v=1.3&m=ewei_shopv2&from=wxapp&c=entry&a=wxapp&do=main&&state=we7sid-de1316c1ba6eedf0974507f7cadb4625&sign=412d3567f1d15b1989b94b983d5146d7 pn=upload; op=order; orderid=13633; 
上传
[2018-08-08 16:17:52] trace  /app/index.php?i=1&uniacid=1&t=undefined&v=1.3&m=ewei_shopv2&from=wxapp&c=entry&a=wxapp&do=main&&state=we7sid-b6f8de9b8648a7276aeb495182dbaa76&sign=8a02e9dbe49c458da0425fa4e4e406c8 pn=upload; op=author; orderid=13040; 
上传
[2018-08-08 16:22:59] trace  /app/index.php?i=1&uniacid=1&t=undefined&v=1.3&m=ewei_shopv2&from=wxapp&c=entry&a=wxapp&do=main&&state=we7sid-c8eeb38401466d01bd497399d60fb4d9&sign=8166b8a4bd1d0ccc56a6fccd4209c30d pn=upload; op=order; orderid=13634; 
上传
[2018-08-08 16:23:28] trace  /app/index.php?i=1&uniacid=1&t=undefined&v=1.3&m=ewei_shopv2&from=wxapp&c=entry&a=wxapp&do=main&&state=we7sid-c8eeb38401466d01bd497399d60fb4d9&sign=8166b8a4bd1d0ccc56a6fccd4209c30d pn=upload; op=order; orderid=13635; 
上传
[2018-08-08 16:34:45] trace  /app/index.php?i=1&uniacid=1&t=undefined&v=1.3&m=ewei_shopv2&from=wxapp&c=entry&a=wxapp&do=main&&state=we7sid-b6f8de9b8648a7276aeb495182dbaa76&sign=8a02e9dbe49c458da0425fa4e4e406c8 pn=upload; op=author; orderid=13087; 
上传
[2018-08-08 16:42:28] trace  /app/index.php?i=1&uniacid=1&t=undefined&v=1.3&m=ewei_shopv2&from=wxapp&c=entry&a=wxapp&do=main&&state=we7sid-b6f8de9b8648a7276aeb495182dbaa76&sign=8a02e9dbe49c458da0425fa4e4e406c8 pn=upload; op=author; orderid=13170; 
上传
[2018-08-08 16:48:27] trace  /app/index.php?i=1&uniacid=1&t=undefined&v=1.3&m=ewei_shopv2&from=wxapp&c=entry&a=wxapp&do=main&&state=we7sid-b6f8de9b8648a7276aeb495182dbaa76&sign=8a02e9dbe49c458da0425fa4e4e406c8 pn=upload; op=author; orderid=13208; 
上传
[2018-08-08 16:56:03] trace  /app/index.php?i=1&uniacid=1&t=undefined&v=1.3&m=ewei_shopv2&from=wxapp&c=entry&a=wxapp&do=main&&state=we7sid-9358c8a8a897aee03e4319ca3f95b81b&sign=ac3dce06558573d64f805e5377b83117 pn=upload; op=order; orderid=13636; 
上传
[2018-08-08 16:56:09] trace  /app/index.php?i=1&uniacid=1&t=undefined&v=1.3&m=ewei_shopv2&from=wxapp&c=entry&a=wxapp&do=main&&state=we7sid-9358c8a8a897aee03e4319ca3f95b81b&sign=ac3dce06558573d64f805e5377b83117 pn=upload; op=order; orderid=13637; 
上传
[2018-08-08 16:59:00] trace  /app/index.php?i=1&uniacid=1&t=undefined&v=1.3&m=ewei_shopv2&from=wxapp&c=entry&a=wxapp&do=main&&state=we7sid-b6f8de9b8648a7276aeb495182dbaa76&sign=8a02e9dbe49c458da0425fa4e4e406c8 pn=upload; op=author; orderid=13361; 
上传
[2018-08-08 17:04:00] trace  /app/index.php?i=1&uniacid=1&t=undefined&v=1.3&m=ewei_shopv2&from=wxapp&c=entry&a=wxapp&do=main&&state=we7sid-b6f8de9b8648a7276aeb495182dbaa76&sign=8a02e9dbe49c458da0425fa4e4e406c8 pn=upload; op=author; orderid=13363; 
上传
[2018-08-08 17:12:30] trace  /app/index.php?i=1&uniacid=1&t=undefined&v=1.3&m=ewei_shopv2&from=wxapp&c=entry&a=wxapp&do=main&&state=we7sid-ec9fa136fdb27bb13311766d402ad53f&sign=9e60627397c595f0bbb669e712c89793 pn=upload; op=order; orderid=13638; 
上传
[2018-08-08 17:18:36] trace  /app/index.php?i=1&uniacid=1&t=undefined&v=1.3&m=ewei_shopv2&from=wxapp&c=entry&a=wxapp&do=main&&state=we7sid-b6f8de9b8648a7276aeb495182dbaa76&sign=8a02e9dbe49c458da0425fa4e4e406c8 pn=upload; op=author; orderid=13382; 
上传
[2018-08-08 17:19:16] trace  /app/index.php?i=1&uniacid=1&t=undefined&v=1.3&m=ewei_shopv2&from=wxapp&c=entry&a=wxapp&do=main&&state=we7sid-206fc05784e579cfb875bf9c3d6154bf&sign=294c87b193e5998785d6adc7a5dedf4a pn=upload; op=order; orderid=13639; 
上传
[2018-08-08 17:21:14] trace  /app/index.php?i=1&uniacid=1&t=undefined&v=1.3&m=ewei_shopv2&from=wxapp&c=entry&a=wxapp&do=main&&state=we7sid-4d9cd511feb993b5d60a2231543188da&sign=4b0d73772821094fa5cda02c9b42e0d4 pn=upload; op=order; orderid=13640; 
上传
[2018-08-08 17:27:08] trace  /app/index.php?i=1&uniacid=1&t=undefined&v=1.3&m=ewei_shopv2&from=wxapp&c=entry&a=wxapp&do=main&&state=we7sid-b6f8de9b8648a7276aeb495182dbaa76&sign=8a02e9dbe49c458da0425fa4e4e406c8 pn=upload; op=author; orderid=13384; 
上传
[2018-08-08 17:27:54] trace  /app/index.php?i=1&uniacid=1&t=undefined&v=1.3&m=ewei_shopv2&from=wxapp&c=entry&a=wxapp&do=main&&state=we7sid-5a2e4bbdc0125dc05362c04be305c7a2&sign=1116d2ef1aff30f869464071cae65fb7 pn=upload; op=order; orderid=13641; 
上传
[2018-08-08 17:29:49] trace  /app/index.php?i=1&uniacid=1&t=undefined&v=1.3&m=ewei_shopv2&from=wxapp&c=entry&a=wxapp&do=main&&state=we7sid-d29a7d48492eac9b9a6de9b15700b9d1&sign=4f04e2b3df1052c7263b696fef418c10 pn=upload; op=order; orderid=13642; 
上传
[2018-08-08 17:32:15] trace  /app/index.php?i=1&uniacid=1&t=undefined&v=1.3&m=ewei_shopv2&from=wxapp&c=entry&a=wxapp&do=main&&state=we7sid-b6f8de9b8648a7276aeb495182dbaa76&sign=8a02e9dbe49c458da0425fa4e4e406c8 pn=upload; op=author; orderid=13402; 
上传
[2018-08-08 17:38:13] trace  /app/index.php?i=1&uniacid=1&t=undefined&v=1.3&m=ewei_shopv2&from=wxapp&c=entry&a=wxapp&do=main&&state=we7sid-39f3ed177db0208bfede82751d128115&sign=5b82282ac812b2b15f6f130a437cdb27 pn=upload; op=order; orderid=13643; 
上传
[2018-08-08 17:43:46] trace  /app/index.php?i=1&uniacid=1&t=undefined&v=1.3&m=ewei_shopv2&from=wxapp&c=entry&a=wxapp&do=main&&state=we7sid-05def33d49c3f45aed8d487744ec0f55&sign=04d02e856d8c7a1e87a706b89bfbfefd pn=upload; op=order; orderid=13644; 
上传
[2018-08-08 17:45:46] trace  /app/index.php?i=1&uniacid=1&t=undefined&v=1.3&m=ewei_shopv2&from=wxapp&c=entry&a=wxapp&do=main&&state=we7sid-66b02e8cbdb767188fb4392d3df3f37c&sign=2b5e2a569ed88e08465705bf8039d1dc op=order; pn=upload; orderid=13645; 
上传
[2018-08-08 17:50:36] trace  /app/index.php?i=1&uniacid=1&t=undefined&v=1.3&m=ewei_shopv2&from=wxapp&c=entry&a=wxapp&do=main&&state=we7sid-cf1a6406a8c07e4dd708c4a3ea930021&sign=bebc8ccb69cfce167f4b7ac3404a541f pn=upload; op=order; orderid=13646; 
上传
[2018-08-08 17:51:46] trace  /app/index.php?i=1&uniacid=1&t=undefined&v=1.3&m=ewei_shopv2&from=wxapp&c=entry&a=wxapp&do=main&&state=we7sid-cf1a6406a8c07e4dd708c4a3ea930021&sign=bebc8ccb69cfce167f4b7ac3404a541f pn=upload; op=order; orderid=13647; 
上传
[2018-08-08 17:57:50] trace  /app/index.php?i=1&uniacid=1&t=undefined&v=1.3&m=ewei_shopv2&from=wxapp&c=entry&a=wxapp&do=main&&state=we7sid-6786435187e3a5c74839e3f17942900f&sign=be94e3055936042e7c0bf3202cd9f445 op=order; orderid=13648; pn=upload; 
上传
[2018-08-08 18:01:55] trace  /app/index.php?i=1&uniacid=1&t=undefined&v=1.3&m=ewei_shopv2&from=wxapp&c=entry&a=wxapp&do=main&&state=we7sid-ab602391b4156b452699371b989ed643&sign=7192ad36e94510d5a05f85b244036394 pn=upload; op=order; orderid=13649; 
上传
[2018-08-08 18:18:00] trace  /app/index.php?i=1&uniacid=1&t=undefined&v=1.3&m=ewei_shopv2&from=wxapp&c=entry&a=wxapp&do=main&&state=we7sid-fee7cc79779a7bb8d9bbfe6495a1dd28&sign=a3c14a50392cc5c329dc558b85a71fbc pn=upload; op=order; orderid=13650; 
上传
[2018-08-08 18:36:15] trace  /app/index.php?i=1&uniacid=1&t=undefined&v=1.3&m=ewei_shopv2&from=wxapp&c=entry&a=wxapp&do=main&&state=we7sid-b150b5bd4fae03393a4b26d067214d15&sign=6f8b098269019791819640dbdb2c9514 pn=upload; op=order; orderid=13652; 
上传
[2018-08-08 18:42:14] trace  /app/index.php?i=1&uniacid=1&t=undefined&v=1.3&m=ewei_shopv2&from=wxapp&c=entry&a=wxapp&do=main&&state=we7sid-8e976f3cddf49190fc297a45d1abbbf0&sign=e513dd65de4e8a9f625a1abc03503e21 pn=upload; op=order; orderid=13653; 
上传
[2018-08-08 18:42:36] trace  /app/index.php?i=1&uniacid=1&t=undefined&v=1.3&m=ewei_shopv2&from=wxapp&c=entry&a=wxapp&do=main&&state=we7sid-8e976f3cddf49190fc297a45d1abbbf0&sign=e513dd65de4e8a9f625a1abc03503e21 pn=upload; op=order; orderid=13654; 
上传
[2018-08-08 18:55:21] trace  /app/index.php?i=1&uniacid=1&t=undefined&v=1.3&m=ewei_shopv2&from=wxapp&c=entry&a=wxapp&do=main&&state=we7sid-17ef0ba8886997055a3527ea3ad0b7da&sign=464ab97122cbbda0050ab565ad7a127f pn=upload; op=order; orderid=13655; 
上传
[2018-08-08 18:56:17] trace  /app/index.php?i=1&uniacid=1&t=undefined&v=1.3&m=ewei_shopv2&from=wxapp&c=entry&a=wxapp&do=main&&state=we7sid-e7ce7c12fc7ea59038bb66a7ded49969&sign=9e5e78e74929fcafa70b7bf328410b02 pn=upload; op=order; orderid=13656; 
上传
[2018-08-08 19:06:43] trace  /app/index.php?i=1&uniacid=1&t=undefined&v=1.3&m=ewei_shopv2&from=wxapp&c=entry&a=wxapp&do=main&&state=we7sid-591838bd679e5b872b9789524151dbef&sign=2ef7167523bed05b6590653f4c663846 pn=upload; op=order; orderid=13657; 
上传
[2018-08-08 19:34:23] trace  /app/index.php?i=1&uniacid=1&t=undefined&v=1.3&m=ewei_shopv2&from=wxapp&c=entry&a=wxapp&do=main&&state=we7sid-217513d6386803b1a57e6906cc6743d2&sign=6f3e109c42c79b512fc736cb3ee7fe43 pn=upload; op=order; orderid=13658; 
上传
[2018-08-08 19:38:42] trace  /app/index.php?i=1&uniacid=1&t=undefined&v=1.3&m=ewei_shopv2&from=wxapp&c=entry&a=wxapp&do=main&&state=we7sid-6b944fb576b2f6aea41cdd793410a466&sign=4658c96c5e9f830cdf158b9837f89fb8 pn=upload; op=order; orderid=13659; 
上传
[2018-08-08 19:39:51] trace  /app/index.php?i=1&uniacid=1&t=undefined&v=1.3&m=ewei_shopv2&from=wxapp&c=entry&a=wxapp&do=main&&state=we7sid-ae9b168322a125c64d8f5e43f20839e4&sign=46d54ce0d5ee0edfa2d0e42fb0ee756c pn=upload; op=order; orderid=13660; 
上传
[2018-08-08 19:39:51] trace  /app/index.php?i=1&uniacid=1&t=undefined&v=1.3&m=ewei_shopv2&from=wxapp&c=entry&a=wxapp&do=main&&state=we7sid-ae9b168322a125c64d8f5e43f20839e4&sign=46d54ce0d5ee0edfa2d0e42fb0ee756c pn=upload; op=order; orderid=13660; 
上传
[2018-08-08 19:45:54] trace  /app/index.php?i=1&uniacid=1&t=undefined&v=1.3&m=ewei_shopv2&from=wxapp&c=entry&a=wxapp&do=main&&state=we7sid-20ddb4e838fd49336b2e012ac2c1f861&sign=6b916ffa899d5afddc9987b7a3b90946 pn=upload; op=order; orderid=13661; 
上传
[2018-08-08 20:10:49] trace  /app/index.php?i=1&uniacid=1&t=undefined&v=1.3&m=ewei_shopv2&from=wxapp&c=entry&a=wxapp&do=main&&state=we7sid-76bf857b62f0080f9a23219fe2cc599d&sign=46f5da6279274ae254ba8cfc6469f959 pn=upload; op=order; orderid=13662; 
上传
[2018-08-08 20:11:04] trace  /app/index.php?i=1&uniacid=1&t=undefined&v=1.3&m=ewei_shopv2&from=wxapp&c=entry&a=wxapp&do=main&&state=we7sid-56ce23ac0d14094a22aaa09f33e8c54d&sign=3cd65c98c728758f22aeab2032e3f895 pn=upload; op=order; orderid=13663; 
上传
[2018-08-08 20:15:41] trace  /app/index.php?i=1&uniacid=1&t=undefined&v=1.3&m=ewei_shopv2&from=wxapp&c=entry&a=wxapp&do=main&&state=we7sid-76bf857b62f0080f9a23219fe2cc599d&sign=46f5da6279274ae254ba8cfc6469f959 pn=upload; op=order; orderid=13664; 
上传
[2018-08-08 20:36:11] trace  /app/index.php?i=1&uniacid=1&t=undefined&v=1.3&m=ewei_shopv2&from=wxapp&c=entry&a=wxapp&do=main&&state=we7sid-76bf857b62f0080f9a23219fe2cc599d&sign=46f5da6279274ae254ba8cfc6469f959 pn=upload; op=order; orderid=13665; 
上传
[2018-08-08 20:55:05] trace  /app/index.php?i=1&uniacid=1&t=undefined&v=1.3&m=ewei_shopv2&from=wxapp&c=entry&a=wxapp&do=main&&state=we7sid-c8a4e7e47315524413ca1ecd4a906989&sign=66cdb7c26f2c9dc3e6c66432449a6175 pn=upload; op=order; orderid=13667; 
上传
[2018-08-08 21:03:06] trace  /app/index.php?i=1&uniacid=1&t=undefined&v=1.3&m=ewei_shopv2&from=wxapp&c=entry&a=wxapp&do=main&&state=we7sid-bc5bf2395b17cbcda6c07548f3c5e4c0&sign=43f4c3e3cb03712e4db27930f41c9fd2 pn=upload; op=order; orderid=13668; 
上传
[2018-08-08 21:05:31] trace  /app/index.php?i=1&uniacid=1&t=undefined&v=1.3&m=ewei_shopv2&from=wxapp&c=entry&a=wxapp&do=main&&state=we7sid-6a06923f23f0cb30c41c7cc519c2ea6d&sign=216eafeb30faa3986e4004ac4bf0dba3 pn=upload; op=order; orderid=13669; 
上传
[2018-08-08 21:35:34] trace  /app/index.php?i=1&uniacid=1&t=undefined&v=1.3&m=ewei_shopv2&from=wxapp&c=entry&a=wxapp&do=main&&state=we7sid-4d59cb1cc87fccda970c317e05d446a7&sign=71f3fff0c679c555d2a3e5cfb26e7454 pn=upload; op=order; orderid=13670; 
上传
[2018-08-08 21:36:52] trace  /app/index.php?i=1&uniacid=1&t=undefined&v=1.3&m=ewei_shopv2&from=wxapp&c=entry&a=wxapp&do=main&&state=we7sid-353741781c144c604489bff712b4fead&sign=16efe12159590ab540b0550a2f83ebae pn=upload; op=order; orderid=13671; 
上传
[2018-08-08 21:38:50] trace  /app/index.php?i=1&uniacid=1&t=undefined&v=1.3&m=ewei_shopv2&from=wxapp&c=entry&a=wxapp&do=main&&state=we7sid-30b65e1194a32c8e96a62f615dd3b752&sign=772bc019624f109e3ec991ca2cfba36f pn=upload; op=order; orderid=13672; 
上传
[2018-08-08 21:48:01] trace  /app/index.php?i=1&uniacid=1&t=undefined&v=1.3&m=ewei_shopv2&from=wxapp&c=entry&a=wxapp&do=main&&state=we7sid-b1a07b7d38ece1af3a46c104630063cf&sign=85b9e6111d06d6d6903a27ee5e630dbe pn=upload; op=order; orderid=13673; 
上传
[2018-08-08 22:23:37] trace  /app/index.php?i=1&uniacid=1&t=undefined&v=1.3&m=ewei_shopv2&from=wxapp&c=entry&a=wxapp&do=main&&state=we7sid-bdf012e84116e0a9061e55487c407304&sign=fb2e769517218e65f1c84668bcd727fc pn=upload; op=order; orderid=13674; 
上传
[2018-08-08 22:41:28] trace  /app/index.php?i=1&uniacid=1&t=undefined&v=1.3&m=ewei_shopv2&from=wxapp&c=entry&a=wxapp&do=main&&state=we7sid-b03620f286f53fedeca40599c03e2ce7&sign=4fe39d4a7bd5650c2ddce46c8f6e59f6 pn=upload; op=order; orderid=13675; 
上传
[2018-08-08 22:45:47] trace  /app/index.php?i=1&uniacid=1&t=undefined&v=1.3&m=ewei_shopv2&from=wxapp&c=entry&a=wxapp&do=main&&state=we7sid-b03620f286f53fedeca40599c03e2ce7&sign=4fe39d4a7bd5650c2ddce46c8f6e59f6 pn=upload; op=order; orderid=13676; 
上传
[2018-08-08 22:48:40] trace  /app/index.php?i=1&uniacid=1&t=undefined&v=1.3&m=ewei_shopv2&from=wxapp&c=entry&a=wxapp&do=main&&state=we7sid-49f717c59e4b256d5006a6592118d99d&sign=51835bd751acc049b16b0f4a84c26174 pn=upload; op=order; orderid=13677; 
上传
[2018-08-08 23:12:19] trace  /app/index.php?i=1&uniacid=1&t=undefined&v=1.3&m=ewei_shopv2&from=wxapp&c=entry&a=wxapp&do=main&&state=we7sid-41d1d0600317911e829938c5cc6383c4&sign=d9a112351daae50c702edddb9a45b1ff op=order; orderid=13678; pn=upload; 
上传
[2018-08-08 23:16:26] trace  /app/index.php?i=1&uniacid=1&t=undefined&v=1.3&m=ewei_shopv2&from=wxapp&c=entry&a=wxapp&do=main&&state=we7sid-8c1db8642c58644183e230f43c7680cd&sign=4a9e6a39e20bab79a5622f149484540f pn=upload; op=order; orderid=13680; 
上传
[2018-08-08 23:30:11] trace  /app/index.php?i=1&uniacid=1&t=undefined&v=1.3&m=ewei_shopv2&from=wxapp&c=entry&a=wxapp&do=main&&state=we7sid-92acd6e2d086ca7bb185f37f4a52469e&sign=e53d7cdf9998968792178ba2371dc66e pn=upload; op=order; orderid=13681; 
上传
[2018-08-08 23:31:21] trace  /app/index.php?i=1&uniacid=1&t=undefined&v=1.3&m=ewei_shopv2&from=wxapp&c=entry&a=wxapp&do=main&&state=we7sid-86a09359aa849c44a26df54f20767b5e&sign=4f139bf9eff8a6dade36d0ff2392e41a pn=upload; op=order; orderid=13682; 
上传
