[2018-07-20 00:01:03] trace  /app/index.php?i=1&uniacid=1&t=undefined&v=1.3&m=ewei_shopv2&from=wxapp&c=entry&a=wxapp&do=main&&state=we7sid-953e497f32209ad5ae045487683844a0&sign=e3805918e7d08b5c590ac778218f700d op=order; orderid=12043; pn=upload; 
上传
[2018-07-20 00:04:41] trace  /app/index.php?i=1&uniacid=1&t=undefined&v=1.3&m=ewei_shopv2&from=wxapp&c=entry&a=wxapp&do=main&&state=we7sid-27a48384aa2bb0a5e3bc6ad0bc389ec7&sign=a08efb18a867e4fec0c62378df31c37a pn=upload; op=author; orderid=11842; 
上传
[2018-07-20 00:15:15] trace  /app/index.php?i=1&uniacid=1&t=undefined&v=1.3&m=ewei_shopv2&from=wxapp&c=entry&a=wxapp&do=main&&state=we7sid-27a48384aa2bb0a5e3bc6ad0bc389ec7&sign=a08efb18a867e4fec0c62378df31c37a pn=upload; op=author; orderid=11884; 
上传
[2018-07-20 00:17:38] trace  /app/index.php?i=1&uniacid=1&t=undefined&v=1.3&m=ewei_shopv2&from=wxapp&c=entry&a=wxapp&do=main&&state=we7sid-4a34bac98de33f820603ab52c4858b27&sign=40a5740ec1ba4e7c9c2e8dfe05ae0a72 pn=upload; op=order; orderid=12044; 
上传
[2018-07-20 00:22:41] trace  /app/index.php?i=1&uniacid=1&t=undefined&v=1.3&m=ewei_shopv2&from=wxapp&c=entry&a=wxapp&do=main&&state=we7sid-27a48384aa2bb0a5e3bc6ad0bc389ec7&sign=a08efb18a867e4fec0c62378df31c37a pn=upload; op=author; orderid=11953; 
上传
[2018-07-20 00:29:13] trace  /app/index.php?i=1&uniacid=1&t=undefined&v=1.3&m=ewei_shopv2&from=wxapp&c=entry&a=wxapp&do=main&&state=we7sid-27a48384aa2bb0a5e3bc6ad0bc389ec7&sign=a08efb18a867e4fec0c62378df31c37a pn=upload; op=author; orderid=11991; 
上传
[2018-07-20 00:33:18] trace  /app/index.php?i=1&uniacid=1&t=undefined&v=1.3&m=ewei_shopv2&from=wxapp&c=entry&a=wxapp&do=main&&state=we7sid-078805921d7d3b7e618524282da81a9c&sign=4bfbf59840d58f766f8ef74f35c63651 pn=upload; op=order; orderid=12045; 
上传
[2018-07-20 00:35:52] trace  /app/index.php?i=1&uniacid=1&t=undefined&v=1.3&m=ewei_shopv2&from=wxapp&c=entry&a=wxapp&do=main&&state=we7sid-27a48384aa2bb0a5e3bc6ad0bc389ec7&sign=a08efb18a867e4fec0c62378df31c37a pn=upload; op=author; orderid=11994; 
上传
[2018-07-20 00:41:52] trace  /app/index.php?i=1&uniacid=1&t=undefined&v=1.3&m=ewei_shopv2&from=wxapp&c=entry&a=wxapp&do=main&&state=we7sid-27a48384aa2bb0a5e3bc6ad0bc389ec7&sign=a08efb18a867e4fec0c62378df31c37a pn=upload; op=author; orderid=12002; 
上传
[2018-07-20 00:45:33] trace  /app/index.php?i=1&uniacid=1&t=undefined&v=1.3&m=ewei_shopv2&from=wxapp&c=entry&a=wxapp&do=main&&state=we7sid-027d99361e6ce456c5f790bb9e7774ca&sign=acad0184e1bdf0bc9160ca4a1b44251d pn=upload; op=order; orderid=12046; 
上传
[2018-07-20 00:50:31] trace  /app/index.php?i=1&uniacid=1&t=undefined&v=1.3&m=ewei_shopv2&from=wxapp&c=entry&a=wxapp&do=main&&state=we7sid-27a48384aa2bb0a5e3bc6ad0bc389ec7&sign=a08efb18a867e4fec0c62378df31c37a pn=upload; op=author; orderid=12010; 
上传
[2018-07-20 01:42:14] trace  /app/index.php?i=1&uniacid=1&t=undefined&v=1.3&m=ewei_shopv2&from=wxapp&c=entry&a=wxapp&do=main&&state=we7sid-71d69377730be9e533b7c530b6e19194&sign=9351692271ca918fdd3ed61fcde69a9f pn=upload; op=order; orderid=12047; 
上传
[2018-07-20 01:52:46] trace  /app/index.php?i=1&uniacid=1&t=undefined&v=1.3&m=ewei_shopv2&from=wxapp&c=entry&a=wxapp&do=main&&state=we7sid-14c0c1fbd918ac3367714bbf014a3c6f&sign=1dc438a698b789c093f469d6f4178f4a pn=upload; op=order; orderid=12048; 
上传
[2018-07-20 02:19:09] trace  /app/index.php?i=1&uniacid=1&t=undefined&v=1.3&m=ewei_shopv2&from=wxapp&c=entry&a=wxapp&do=main&&state=we7sid-d511636a819f6cccf3ddb80d7f228c80&sign=dca035bcac11148220c2539cdb9bef52 pn=upload; op=order; orderid=12049; 
上传
[2018-07-20 02:37:54] trace  /app/index.php?i=1&uniacid=1&t=undefined&v=1.3&m=ewei_shopv2&from=wxapp&c=entry&a=wxapp&do=main&&state=we7sid-85593242ff3320fa7d9fdefe8d565a67&sign=c71ad21c7cfb42ce54cf9c1f466e8970 pn=upload; op=order; orderid=12050; 
上传
[2018-07-20 02:39:12] trace  /app/index.php?i=1&uniacid=1&t=undefined&v=1.3&m=ewei_shopv2&from=wxapp&c=entry&a=wxapp&do=main&&state=we7sid-85593242ff3320fa7d9fdefe8d565a67&sign=c71ad21c7cfb42ce54cf9c1f466e8970 pn=upload; op=order; orderid=12051; 
上传
[2018-07-20 02:50:54] trace  /app/index.php?i=1&uniacid=1&t=undefined&v=1.3&m=ewei_shopv2&from=wxapp&c=entry&a=wxapp&do=main&&state=we7sid-d511636a819f6cccf3ddb80d7f228c80&sign=dca035bcac11148220c2539cdb9bef52 pn=upload; op=order; orderid=12052; 
上传
[2018-07-20 07:08:00] trace  /app/index.php?i=1&uniacid=1&t=undefined&v=1.3&m=ewei_shopv2&from=wxapp&c=entry&a=wxapp&do=main&&state=we7sid-8607888f355b74449c1f52c2014fb3ed&sign=e9499da6796e4ee8876cc8ce8aed647d op=order; orderid=12053; pn=upload; 
上传
[2018-07-20 07:10:28] trace  /app/index.php?i=1&uniacid=1&t=undefined&v=1.3&m=ewei_shopv2&from=wxapp&c=entry&a=wxapp&do=main&&state=we7sid-cc74aab1de628f03c5931cbb19d4cc43&sign=2ddc20eed33b376aae5ed42c2e33869d pn=upload; op=order; orderid=12054; 
上传
[2018-07-20 07:11:01] trace  /app/index.php?i=1&uniacid=1&t=undefined&v=1.3&m=ewei_shopv2&from=wxapp&c=entry&a=wxapp&do=main&&state=we7sid-cc74aab1de628f03c5931cbb19d4cc43&sign=2ddc20eed33b376aae5ed42c2e33869d pn=upload; op=order; orderid=12055; 
上传
[2018-07-20 07:57:05] trace  /app/index.php?i=1&uniacid=1&t=undefined&v=1.3&m=ewei_shopv2&from=wxapp&c=entry&a=wxapp&do=main&&state=we7sid-ca45986ec79e3dc69d9838bf0b34e413&sign=cc4360ab77b238234e48edfc2ed54ace pn=upload; op=order; orderid=12056; 
上传
[2018-07-20 08:03:35] trace  /app/index.php?i=1&uniacid=1&t=undefined&v=1.3&m=ewei_shopv2&from=wxapp&c=entry&a=wxapp&do=main&&state=we7sid-edae0e611fe6157cfddf2a00bd7b7168&sign=37aa35699d6a4955b55e2262f6e534cd pn=upload; op=order; orderid=12057; 
上传
[2018-07-20 08:28:13] trace  /app/index.php?i=1&uniacid=1&t=undefined&v=1.3&m=ewei_shopv2&from=wxapp&c=entry&a=wxapp&do=main&&state=we7sid-e9b3ba847efff3335d1c851003e70d3a&sign=d207ae6df380a8ce488063811feb0169 pn=upload; op=order; orderid=12058; 
上传
[2018-07-20 08:56:18] trace  /app/index.php?i=1&uniacid=1&t=undefined&v=1.3&m=ewei_shopv2&from=wxapp&c=entry&a=wxapp&do=main&&state=we7sid-5fafdfa1dd76d2b007c8013ebf9f43dc&sign=28745897def92975e9484b7f0b0a2f48 op=order; pn=upload; orderid=12059; 
上传
[2018-07-20 09:09:44] trace  /app/index.php?i=1&uniacid=1&t=undefined&v=1.3&m=ewei_shopv2&from=wxapp&c=entry&a=wxapp&do=main&&state=we7sid-f5214b1f5347215507acbb927295379c&sign=31a90f6117be3d196d6691fb0f9f461b pn=upload; op=order; orderid=12060; 
上传
[2018-07-20 09:34:12] trace  /app/index.php?i=1&uniacid=1&t=undefined&v=1.3&m=ewei_shopv2&from=wxapp&c=entry&a=wxapp&do=main&&state=we7sid-1e2101dc70dddcdd4ce029554287605c&sign=d291efee62ab0172b2c1671030dcb723 pn=upload; op=order; orderid=12061; 
上传
[2018-07-20 09:49:09] trace  /app/index.php?i=1&uniacid=1&t=undefined&v=1.3&m=ewei_shopv2&from=wxapp&c=entry&a=wxapp&do=main&&state=we7sid-911131c141fff7814e349cf4deaa411f&sign=770c31ce2bc3793b934bca2d0d7a63a2 pn=upload; op=order; orderid=12062; 
上传
[2018-07-20 10:14:39] trace  /app/index.php?i=1&uniacid=1&t=undefined&v=1.3&m=ewei_shopv2&from=wxapp&c=entry&a=wxapp&do=main&&state=we7sid-e3c424d4ac6b8c02c3af67cfdbf017e7&sign=6950d6c63278c469de5e991ab5f7fcfa op=order; pn=upload; orderid=12063; 
上传
[2018-07-20 10:16:26] trace  /app/index.php?i=1&uniacid=1&t=undefined&v=1.3&m=ewei_shopv2&from=wxapp&c=entry&a=wxapp&do=main&&state=we7sid-842d844fef514e5b29eebc23692921d1&sign=967319198fda2d1b18df135993c4371d pn=upload; op=order; orderid=12064; 
上传
[2018-07-20 10:20:00] trace  /app/index.php?i=1&uniacid=1&t=undefined&v=1.3&m=ewei_shopv2&from=wxapp&c=entry&a=wxapp&do=main&&state=we7sid-4b0e7c37762e0cbae8c10fdca75f76c4&sign=edee86ca21ba6df758a0943272b04519 pn=upload; op=order; orderid=12065; 
上传
[2018-07-20 10:33:39] trace  /app/index.php?i=1&uniacid=1&t=undefined&v=1.3&m=ewei_shopv2&from=wxapp&c=entry&a=wxapp&do=main&&state=we7sid-c186b38d46e94355a8a980792deb9bf1&sign=5554d17538f78ce5ec2c335b2ed2fc44 op=order; orderid=12066; pn=upload; 
上传
[2018-07-20 10:34:33] trace  /app/index.php?i=1&uniacid=1&t=undefined&v=1.3&m=ewei_shopv2&from=wxapp&c=entry&a=wxapp&do=main&&state=we7sid-308406e20d6f7d7550be39787ed8dcc1&sign=891ce609af7f79f1db550a2278d133a6 op=order; pn=upload; orderid=12067; 
上传
[2018-07-20 10:36:37] trace  /app/index.php?i=1&uniacid=1&t=undefined&v=1.3&m=ewei_shopv2&from=wxapp&c=entry&a=wxapp&do=main&&state=we7sid-69fd413f4d0011c398c48e4cc0718d42&sign=17c4cbdb93b9f3254cf1076c65badb6b pn=upload; op=order; orderid=12068; 
上传
[2018-07-20 10:44:09] trace  /app/index.php?i=1&uniacid=1&t=undefined&v=1.3&m=ewei_shopv2&from=wxapp&c=entry&a=wxapp&do=main&&state=we7sid-a07bda9ce4ac557bdc8157108c520dca&sign=d4d79c3fd2304b4440784be703663f2b pn=upload; op=order; orderid=12069; 
上传
[2018-07-20 10:55:39] trace  /app/index.php?i=1&uniacid=1&t=undefined&v=1.3&m=ewei_shopv2&from=wxapp&c=entry&a=wxapp&do=main&&state=we7sid-b064c222991feb3d75120754179ffde7&sign=b06a95ff6006393de40af463580c1788 pn=upload; op=order; orderid=12070; 
上传
[2018-07-20 10:55:46] trace  /app/index.php?i=1&uniacid=1&t=undefined&v=1.3&m=ewei_shopv2&from=wxapp&c=entry&a=wxapp&do=main&&state=we7sid-61e6488c014c520327957bf50f4c0510&sign=542320a30e4f9b109d38725184e5ac2c pn=upload; op=order; orderid=12071; 
上传
[2018-07-20 10:55:51] trace  /app/index.php?i=1&uniacid=1&t=undefined&v=1.3&m=ewei_shopv2&from=wxapp&c=entry&a=wxapp&do=main&&state=we7sid-93b6709838c44d7faca38d6ed646028d&sign=3a360e28afbd9484164b22e1cec94dc6 pn=upload; op=order; orderid=12072; 
上传
[2018-07-20 11:14:58] trace  /app/index.php?i=1&uniacid=1&t=undefined&v=1.3&m=ewei_shopv2&from=wxapp&c=entry&a=wxapp&do=main&&state=we7sid-59c5baf2b18752eb83c353ef4faeed1c&sign=ae6226a9e86b43e69325324f751ab12c pn=upload; op=order; orderid=12073; 
上传
[2018-07-20 11:49:54] trace  /app/index.php?i=1&uniacid=1&t=undefined&v=1.3&m=ewei_shopv2&from=wxapp&c=entry&a=wxapp&do=main&&state=we7sid-a3b307c9cee2ed61d5a9aed52e034abc&sign=19390fb3095cb85d01cf510f2b216907 pn=upload; op=order; orderid=12074; 
上传
[2018-07-20 11:52:12] trace  /app/index.php?i=1&uniacid=1&t=undefined&v=1.3&m=ewei_shopv2&from=wxapp&c=entry&a=wxapp&do=main&&state=we7sid-4b4b1b915ee09a4864d007d5cd68c641&sign=1bd574797928172e75f57aa23d0a453b pn=upload; op=order; orderid=12075; 
上传
[2018-07-20 12:06:14] trace  /app/index.php?i=1&uniacid=1&t=undefined&v=1.3&m=ewei_shopv2&from=wxapp&c=entry&a=wxapp&do=main&&state=we7sid-acc476ab60e51eafc786d179351e8643&sign=0821ccc311795249b4f848309ef60ef6 pn=upload; op=order; orderid=12076; 
上传
[2018-07-20 12:08:01] trace  /app/index.php?i=1&uniacid=1&t=undefined&v=1.3&m=ewei_shopv2&from=wxapp&c=entry&a=wxapp&do=main&&state=we7sid-bb5aa4caedbae095053192aae1440fad&sign=76a03e913a7fccf43bb0957f9ffa363e pn=upload; op=order; orderid=12077; 
上传
[2018-07-20 12:08:14] trace  /app/index.php?i=1&uniacid=1&t=undefined&v=1.3&m=ewei_shopv2&from=wxapp&c=entry&a=wxapp&do=main&&state=we7sid-acc476ab60e51eafc786d179351e8643&sign=0821ccc311795249b4f848309ef60ef6 pn=upload; op=order; orderid=12078; 
上传
[2018-07-20 12:09:22] trace  /app/index.php?i=1&uniacid=1&t=undefined&v=1.3&m=ewei_shopv2&from=wxapp&c=entry&a=wxapp&do=main&&state=we7sid-a6c71134496088f47b72549ffe1050c1&sign=b70bb80a166b51f8a01895cdc9d85f1e pn=upload; op=order; orderid=12079; 
上传
[2018-07-20 12:21:21] trace  /app/index.php?i=1&uniacid=1&t=undefined&v=1.3&m=ewei_shopv2&from=wxapp&c=entry&a=wxapp&do=main&&state=we7sid-608914966748e44477071f58a3c3a466&sign=389649941b5d764f896ddd45e17fdaed pn=upload; op=order; orderid=12080; 
上传
[2018-07-20 12:53:54] trace  /app/index.php?i=1&uniacid=1&t=undefined&v=1.3&m=ewei_shopv2&from=wxapp&c=entry&a=wxapp&do=main&&state=we7sid-fb399523b890247df23e9d43e7f57500&sign=c8f482cbd333234c5f205b1f523b23ba pn=upload; op=order; orderid=12081; 
上传
[2018-07-20 13:06:47] trace  /app/index.php?i=1&uniacid=1&t=undefined&v=1.3&m=ewei_shopv2&from=wxapp&c=entry&a=wxapp&do=main&&state=we7sid-788aed21d4ffaf4cf841fd110f0c38b8&sign=96f26389095e88a785331ce265af98a8 pn=upload; op=order; orderid=12082; 
上传
[2018-07-20 13:13:54] trace  /app/index.php?i=1&uniacid=1&t=undefined&v=1.3&m=ewei_shopv2&from=wxapp&c=entry&a=wxapp&do=main&&state=we7sid-b5a7e40a0f5e53fc37e63cd594f56f51&sign=c0fa6e66e951ec6f286f646105cf2df0 pn=upload; op=order; orderid=12083; 
上传
[2018-07-20 13:14:06] trace  /app/index.php?i=1&uniacid=1&t=undefined&v=1.3&m=ewei_shopv2&from=wxapp&c=entry&a=wxapp&do=main&&state=we7sid-b5a7e40a0f5e53fc37e63cd594f56f51&sign=c0fa6e66e951ec6f286f646105cf2df0 pn=upload; op=order; orderid=12084; 
上传
[2018-07-20 13:18:44] trace  /app/index.php?i=1&uniacid=1&t=undefined&v=1.3&m=ewei_shopv2&from=wxapp&c=entry&a=wxapp&do=main&&state=we7sid-baebd92f8d41e6895eb0ca38943a630c&sign=4fe3128f86dd3ce9a13e665016322589 pn=upload; op=order; orderid=12086; 
上传
[2018-07-20 13:34:09] trace  /app/index.php?i=1&uniacid=1&t=undefined&v=1.3&m=ewei_shopv2&from=wxapp&c=entry&a=wxapp&do=main&&state=we7sid-03d30f304bfb4e08879fc0d8131a1829&sign=7584b78558d56cd39172b4fe355f5f64 pn=upload; op=order; orderid=12087; 
上传
[2018-07-20 13:40:30] trace  /app/index.php?i=1&uniacid=1&t=undefined&v=1.3&m=ewei_shopv2&from=wxapp&c=entry&a=wxapp&do=main&&state=we7sid-6eb90c4bc36769d48c7ead4856fb3af3&sign=f1a4b961c91d3064f28d0a975e4fb2fc op=order; orderid=12088; pn=upload; 
上传
[2018-07-20 13:45:58] trace  /app/index.php?i=1&uniacid=1&t=undefined&v=1.3&m=ewei_shopv2&from=wxapp&c=entry&a=wxapp&do=main&&state=we7sid-31a3c9d5396985a95f1c63a6e2de4ee5&sign=096adba195aadbb431919abedaa377cf op=order; orderid=12089; pn=upload; 
上传
[2018-07-20 13:53:53] trace  /app/index.php?i=1&uniacid=1&t=undefined&v=1.3&m=ewei_shopv2&from=wxapp&c=entry&a=wxapp&do=main&&state=we7sid-6eb90c4bc36769d48c7ead4856fb3af3&sign=f1a4b961c91d3064f28d0a975e4fb2fc op=order; orderid=12090; pn=upload; 
上传
[2018-07-20 14:06:23] trace  /app/index.php?i=1&uniacid=1&t=undefined&v=1.3&m=ewei_shopv2&from=wxapp&c=entry&a=wxapp&do=main&&state=we7sid-7066d246ecdc5157d07fc1a4348e62ff&sign=04b295dae4f9e48827ad4a1faae90f01 pn=upload; op=order; orderid=12091; 
上传
[2018-07-20 14:07:34] trace  /app/index.php?i=1&uniacid=1&t=undefined&v=1.3&m=ewei_shopv2&from=wxapp&c=entry&a=wxapp&do=main&&state=we7sid-d249c4f1843af91abbfcb703b3cf6143&sign=1428612cab14a4e6993961b26cc9fd69 pn=upload; op=order; orderid=12092; 
上传
[2018-07-20 14:08:54] trace  /app/index.php?i=1&uniacid=1&t=undefined&v=1.3&m=ewei_shopv2&from=wxapp&c=entry&a=wxapp&do=main&&state=we7sid-9a376ed838baba5ce4ba16fc4246dadb&sign=6be56cca75065f4678613ba4f2113d71 op=order; orderid=12093; pn=upload; 
上传
[2018-07-20 14:09:43] trace  /app/index.php?i=1&uniacid=1&t=undefined&v=1.3&m=ewei_shopv2&from=wxapp&c=entry&a=wxapp&do=main&&state=we7sid-7066d246ecdc5157d07fc1a4348e62ff&sign=04b295dae4f9e48827ad4a1faae90f01 pn=upload; op=order; orderid=12094; 
上传
[2018-07-20 14:23:19] trace  /app/index.php?i=1&uniacid=1&t=undefined&v=1.3&m=ewei_shopv2&from=wxapp&c=entry&a=wxapp&do=main&&state=we7sid-320b41724f44e59fc6000e2490383cae&sign=ab92c52e8d90d051bf4225005fa7787e pn=upload; op=order; orderid=12095; 
上传
[2018-07-20 14:33:04] trace  /app/index.php?i=1&uniacid=1&t=undefined&v=1.3&m=ewei_shopv2&from=wxapp&c=entry&a=wxapp&do=main&&state=we7sid-887f9ea62f82edb8c904154f5361abff&sign=a775c04065863d4f5ca55e65c0dfbc45 pn=upload; op=order; orderid=12096; 
上传
[2018-07-20 14:38:18] trace  /app/index.php?i=1&uniacid=1&t=undefined&v=1.3&m=ewei_shopv2&from=wxapp&c=entry&a=wxapp&do=main&&state=we7sid-3a56694a5c763b018c5f853610bb0afe&sign=bbc42ff241ca84e06572e809f451df85 pn=upload; op=order; orderid=12097; 
上传
[2018-07-20 15:17:05] trace  /app/index.php?i=1&uniacid=1&t=undefined&v=1.3&m=ewei_shopv2&from=wxapp&c=entry&a=wxapp&do=main&&state=we7sid-9a5e52c9ce272320425ec0e282be92a9&sign=273a9359bbb41dc68402faacdfc18cec pn=upload; op=order; orderid=12098; 
上传
[2018-07-20 15:47:08] trace  /app/index.php?i=1&uniacid=1&t=undefined&v=1.3&m=ewei_shopv2&from=wxapp&c=entry&a=wxapp&do=main&&state=we7sid-c272c7c3c334e99a5bef83bc5ca43426&sign=ce358899acff8dcd6c89a65948831f13 op=order; orderid=12099; pn=upload; 
上传
[2018-07-20 15:50:36] trace  /app/index.php?i=1&uniacid=1&t=undefined&v=1.3&m=ewei_shopv2&from=wxapp&c=entry&a=wxapp&do=main&&state=we7sid-2c19babbef8c286326ef691724bee49a&sign=2aaafd831458ffbb03a74808cf0fba79 op=order; orderid=12100; pn=upload; 
上传
[2018-07-20 16:06:57] trace  /app/index.php?i=1&uniacid=1&t=undefined&v=1.3&m=ewei_shopv2&from=wxapp&c=entry&a=wxapp&do=main&&state=we7sid-909f060894a6601e70772b1ec7892c43&sign=9e68284cd522555f0b4989aaa16dc5cf pn=upload; op=order; orderid=12101; 
上传
[2018-07-20 16:08:21] trace  /app/index.php?i=1&uniacid=1&t=undefined&v=1.3&m=ewei_shopv2&from=wxapp&c=entry&a=wxapp&do=main&&state=we7sid-ef0506c42e551d742b59c99b94cd1837&sign=a12c2f78fc84764b28efc07902360f63 pn=upload; op=order; orderid=12102; 
上传
[2018-07-20 16:54:13] trace  /app/index.php?i=1&uniacid=1&t=undefined&v=1.3&m=ewei_shopv2&from=wxapp&c=entry&a=wxapp&do=main&&state=we7sid-3ed4bb24c00cbadb51f4bff9a13d6b6d&sign=a63803743586f718dbbdbb85d28b8242 pn=upload; op=order; orderid=12103; 
上传
[2018-07-20 17:10:53] trace  /app/index.php?i=1&uniacid=1&t=undefined&v=1.3&m=ewei_shopv2&from=wxapp&c=entry&a=wxapp&do=main&&state=we7sid-dff78adaf6248d7304c33f979785166b&sign=cf5344a8cdc2f1dda9bd2a382b1a90d0 pn=upload; op=order; orderid=12104; 
上传
[2018-07-20 17:13:18] trace  /app/index.php?i=1&uniacid=1&t=undefined&v=1.3&m=ewei_shopv2&from=wxapp&c=entry&a=wxapp&do=main&&state=we7sid-ea57a808425e5742f651ee24cd8bd3ff&sign=c0f06d66452a61aaa69a4449a01a5048 pn=upload; op=order; orderid=12105; 
上传
[2018-07-20 17:13:31] trace  /app/index.php?i=1&uniacid=1&t=undefined&v=1.3&m=ewei_shopv2&from=wxapp&c=entry&a=wxapp&do=main&&state=we7sid-86737dad640ed893eeb536654f5d4455&sign=41ad1da2d97cf9fd0957d43fa84bbe33 pn=upload; op=order; orderid=12106; 
上传
[2018-07-20 17:14:47] trace  /app/index.php?i=1&uniacid=1&t=undefined&v=1.3&m=ewei_shopv2&from=wxapp&c=entry&a=wxapp&do=main&&state=we7sid-ea57a808425e5742f651ee24cd8bd3ff&sign=c0f06d66452a61aaa69a4449a01a5048 pn=upload; op=order; orderid=12107; 
上传
[2018-07-20 17:23:12] trace  /app/index.php?i=1&uniacid=1&t=undefined&v=1.3&m=ewei_shopv2&from=wxapp&c=entry&a=wxapp&do=main&&state=we7sid-8fc283826042cd1d0b63ebd9d1ebe292&sign=1b2621056bf086aa8cde1a14961db159 pn=upload; op=order; orderid=12108; 
上传
[2018-07-20 18:08:38] trace  /app/index.php?i=1&uniacid=1&t=undefined&v=1.3&m=ewei_shopv2&from=wxapp&c=entry&a=wxapp&do=main&&state=we7sid-d3ed283d67220ca1c806fe3cfb6323ca&sign=478cf7b628ce882ec8ee82cc0fe99ca1 pn=upload; op=order; orderid=12109; 
上传
[2018-07-20 18:12:30] trace  /app/index.php?i=1&uniacid=1&t=undefined&v=1.3&m=ewei_shopv2&from=wxapp&c=entry&a=wxapp&do=main&&state=we7sid-67d70a99bf27b7eb79c8c7aa43acc893&sign=185a29dac15ce9be58dfaa6f0c7134ad pn=upload; op=order; orderid=12110; 
上传
[2018-07-20 18:31:23] trace  /app/index.php?i=1&uniacid=1&t=undefined&v=1.3&m=ewei_shopv2&from=wxapp&c=entry&a=wxapp&do=main&&state=we7sid-959caafa3282f74b4b699844400e5667&sign=d4c6dc5662e812abec288b2a767dcbe6 pn=upload; op=order; orderid=12111; 
上传
[2018-07-20 18:40:40] trace  /app/index.php?i=1&uniacid=1&t=undefined&v=1.3&m=ewei_shopv2&from=wxapp&c=entry&a=wxapp&do=main&&state=we7sid-e4a9bbea6c0643fd8268e2e63b7b4682&sign=56ac1ba0909667ec5712a08edc327512 pn=upload; op=order; orderid=12112; 
上传
[2018-07-20 18:46:33] trace  /app/index.php?i=1&uniacid=1&t=undefined&v=1.3&m=ewei_shopv2&from=wxapp&c=entry&a=wxapp&do=main&&state=we7sid-89fe07cf396d5657741373ad1bb1b0a1&sign=1e39641ceb1c7a68deff9bd280c97f93 pn=upload; op=order; orderid=12113; 
上传
[2018-07-20 18:48:17] trace  /app/index.php?i=1&uniacid=1&t=undefined&v=1.3&m=ewei_shopv2&from=wxapp&c=entry&a=wxapp&do=main&&state=we7sid-ac8626a0c75de6eabc1774fbc8e82586&sign=cad655cf0168ddc0eafd1136a9c8f5e8 op=order; orderid=12114; pn=upload; 
上传
[2018-07-20 18:48:42] trace  /app/index.php?i=1&uniacid=1&t=undefined&v=1.3&m=ewei_shopv2&from=wxapp&c=entry&a=wxapp&do=main&&state=we7sid-ac8626a0c75de6eabc1774fbc8e82586&sign=cad655cf0168ddc0eafd1136a9c8f5e8 op=order; orderid=12115; pn=upload; 
上传
[2018-07-20 18:50:16] trace  /app/index.php?i=1&uniacid=1&t=undefined&v=1.3&m=ewei_shopv2&from=wxapp&c=entry&a=wxapp&do=main&&state=we7sid-1b6d959d616393a7e2aa6415459f493c&sign=29b0cef3b3f6cedb441acf43a50ffde0 pn=upload; op=order; orderid=12116; 
上传
[2018-07-20 18:50:16] trace  /app/index.php?i=1&uniacid=1&t=undefined&v=1.3&m=ewei_shopv2&from=wxapp&c=entry&a=wxapp&do=main&&state=we7sid-1b6d959d616393a7e2aa6415459f493c&sign=29b0cef3b3f6cedb441acf43a50ffde0 pn=upload; op=order; orderid=12116; 
上传
[2018-07-20 18:50:17] trace  /app/index.php?i=1&uniacid=1&t=undefined&v=1.3&m=ewei_shopv2&from=wxapp&c=entry&a=wxapp&do=main&&state=we7sid-1b6d959d616393a7e2aa6415459f493c&sign=29b0cef3b3f6cedb441acf43a50ffde0 pn=upload; op=order; orderid=12116; 
上传
[2018-07-20 18:52:04] trace  /app/index.php?i=1&uniacid=1&t=undefined&v=1.3&m=ewei_shopv2&from=wxapp&c=entry&a=wxapp&do=main&&state=we7sid-1b6d959d616393a7e2aa6415459f493c&sign=29b0cef3b3f6cedb441acf43a50ffde0 pn=upload; op=order; orderid=12117; 
上传
[2018-07-20 18:52:04] trace  /app/index.php?i=1&uniacid=1&t=undefined&v=1.3&m=ewei_shopv2&from=wxapp&c=entry&a=wxapp&do=main&&state=we7sid-1b6d959d616393a7e2aa6415459f493c&sign=29b0cef3b3f6cedb441acf43a50ffde0 pn=upload; op=order; orderid=12117; 
上传
[2018-07-20 18:52:05] trace  /app/index.php?i=1&uniacid=1&t=undefined&v=1.3&m=ewei_shopv2&from=wxapp&c=entry&a=wxapp&do=main&&state=we7sid-1b6d959d616393a7e2aa6415459f493c&sign=29b0cef3b3f6cedb441acf43a50ffde0 pn=upload; op=order; orderid=12117; 
上传
[2018-07-20 18:52:15] trace  /app/index.php?i=1&uniacid=1&t=undefined&v=1.3&m=ewei_shopv2&from=wxapp&c=entry&a=wxapp&do=main&&state=we7sid-1b6d959d616393a7e2aa6415459f493c&sign=29b0cef3b3f6cedb441acf43a50ffde0 pn=upload; op=order; orderid=12118; 
上传
[2018-07-20 18:52:16] trace  /app/index.php?i=1&uniacid=1&t=undefined&v=1.3&m=ewei_shopv2&from=wxapp&c=entry&a=wxapp&do=main&&state=we7sid-1b6d959d616393a7e2aa6415459f493c&sign=29b0cef3b3f6cedb441acf43a50ffde0 pn=upload; op=order; orderid=12118; 
上传
[2018-07-20 18:52:16] trace  /app/index.php?i=1&uniacid=1&t=undefined&v=1.3&m=ewei_shopv2&from=wxapp&c=entry&a=wxapp&do=main&&state=we7sid-1b6d959d616393a7e2aa6415459f493c&sign=29b0cef3b3f6cedb441acf43a50ffde0 pn=upload; op=order; orderid=12118; 
上传
[2018-07-20 19:23:15] trace  /app/index.php?i=1&uniacid=1&t=undefined&v=1.3&m=ewei_shopv2&from=wxapp&c=entry&a=wxapp&do=main&&state=we7sid-e5322ad93fc5cac08d6f38d95777de5e&sign=4717872d539080049e79aef771f12ca6 pn=upload; op=order; orderid=12119; 
上传
[2018-07-20 19:30:47] trace  /app/index.php?i=1&uniacid=1&t=undefined&v=1.3&m=ewei_shopv2&from=wxapp&c=entry&a=wxapp&do=main&&state=we7sid-fe9332fe254b9005b20ec08fe203b1ae&sign=32e6b41413b862de1f99658ad978a6c9 pn=upload; op=order; orderid=12120; 
上传
[2018-07-20 19:34:50] trace  /app/index.php?i=1&uniacid=1&t=undefined&v=1.3&m=ewei_shopv2&from=wxapp&c=entry&a=wxapp&do=main&&state=we7sid-76fed1544ad9d49baead42057059e0b4&sign=ac3f94714fedaef92e611cb4ca32ef69 pn=upload; op=order; orderid=12121; 
上传
[2018-07-20 19:35:05] trace  /app/index.php?i=1&uniacid=1&t=undefined&v=1.3&m=ewei_shopv2&from=wxapp&c=entry&a=wxapp&do=main&&state=we7sid-76fed1544ad9d49baead42057059e0b4&sign=ac3f94714fedaef92e611cb4ca32ef69 pn=upload; op=order; orderid=12122; 
上传
[2018-07-20 19:56:08] trace  /app/index.php?i=1&uniacid=1&t=undefined&v=1.3&m=ewei_shopv2&from=wxapp&c=entry&a=wxapp&do=main&&state=we7sid-ac5d18bb625e92150f0d2bb8657d221d&sign=7733b161986b6d4730b816ec3fa954be pn=upload; op=order; orderid=12123; 
上传
[2018-07-20 20:11:02] trace  /app/index.php?i=1&uniacid=1&t=undefined&v=1.3&m=ewei_shopv2&from=wxapp&c=entry&a=wxapp&do=main&&state=we7sid-a1feab414023352f0b619911ec305823&sign=cde678a9f979b1999dc891c37b7de277 pn=upload; op=order; orderid=12124; 
上传
[2018-07-20 20:22:59] trace  /app/index.php?i=1&uniacid=1&t=undefined&v=1.3&m=ewei_shopv2&from=wxapp&c=entry&a=wxapp&do=main&&state=we7sid-12c9b67244abd90044f7bc2140d0ea39&sign=117ce2f254f6ecac93f53f5ac0d188c8 pn=upload; op=order; orderid=12125; 
上传
[2018-07-20 20:49:21] trace  /app/index.php?i=1&uniacid=1&t=undefined&v=1.3&m=ewei_shopv2&from=wxapp&c=entry&a=wxapp&do=main&&state=we7sid-b48d02a6215e0b8210b82d83e499d162&sign=e6e43e5694bfdf39b65c82279bf9cf04 pn=upload; op=order; orderid=12126; 
上传
[2018-07-20 20:55:06] trace  /app/index.php?i=1&uniacid=1&t=undefined&v=1.3&m=ewei_shopv2&from=wxapp&c=entry&a=wxapp&do=main&&state=we7sid-9fa9280d3940ae52c2a8accd97f641a6&sign=1e2e2a592ed0753aae8b1c1f4b421a18 pn=upload; op=order; orderid=12127; 
上传
[2018-07-20 21:31:27] trace  /app/index.php?i=1&uniacid=1&t=undefined&v=1.3&m=ewei_shopv2&from=wxapp&c=entry&a=wxapp&do=main&&state=we7sid-756afbf8944dc646dbe4355673813b88&sign=9f922c7bf69f8c9364c84736e38a4bd8 pn=upload; op=order; orderid=12128; 
上传
[2018-07-20 21:42:32] trace  /app/index.php?i=1&uniacid=1&t=undefined&v=1.3&m=ewei_shopv2&from=wxapp&c=entry&a=wxapp&do=main&&state=we7sid-d4450df1aff099cd19eaf40872a5cc82&sign=1d0a5a2913d2f15269ffaffdc52981cc pn=upload; op=order; orderid=12129; 
上传
[2018-07-20 21:42:37] trace  /app/index.php?i=1&uniacid=1&t=undefined&v=1.3&m=ewei_shopv2&from=wxapp&c=entry&a=wxapp&do=main&&state=we7sid-f4e99e034ed65a968c2b75d730547a85&sign=4815ac2d0a5defe9ce2472f0c7c6ff4c pn=upload; op=order; orderid=12130; 
上传
[2018-07-20 21:51:25] trace  /app/index.php?i=1&uniacid=1&t=undefined&v=1.3&m=ewei_shopv2&from=wxapp&c=entry&a=wxapp&do=main&&state=we7sid-433c6e645bc933e4d82f3debbedcce66&sign=2372344d9126777e2a1e734f2cb117db pn=upload; op=order; orderid=12131; 
上传
[2018-07-20 22:00:47] trace  /app/index.php?i=1&uniacid=1&t=undefined&v=1.3&m=ewei_shopv2&from=wxapp&c=entry&a=wxapp&do=main&&state=we7sid-6643c29b6a26eed78803058927dfe036&sign=7a44fa9dd637f120778d2f86d2dda4ea pn=upload; op=order; orderid=12132; 
上传
[2018-07-20 22:36:10] trace  /app/index.php?i=1&uniacid=1&t=undefined&v=1.3&m=ewei_shopv2&from=wxapp&c=entry&a=wxapp&do=main&&state=we7sid-3030169df23bf2e8b190a52ff9fc2231&sign=8c306cb588ab1105caa7506e01b63144 pn=upload; op=order; orderid=12133; 
上传
[2018-07-20 22:41:54] trace  /app/index.php?i=1&uniacid=1&t=undefined&v=1.3&m=ewei_shopv2&from=wxapp&c=entry&a=wxapp&do=main&&state=we7sid-433eb0b48e429bc0112871d63c693efa&sign=9088c9b4c54c5cdb0cf5b50610d5fe50 pn=upload; op=order; orderid=12134; 
上传
[2018-07-20 22:55:24] trace  /app/index.php?i=1&uniacid=1&t=undefined&v=1.3&m=ewei_shopv2&from=wxapp&c=entry&a=wxapp&do=main&&state=we7sid-89fdacaa28c456b02fc2be05a051b5fd&sign=e18ad65690206776ae7f8c745b518aff pn=upload; op=order; orderid=12135; 
上传
[2018-07-20 23:11:06] trace  /app/index.php?i=1&uniacid=1&t=undefined&v=1.3&m=ewei_shopv2&from=wxapp&c=entry&a=wxapp&do=main&&state=we7sid-d4b7e2bc4f1be9934751ce89c7d977fc&sign=fd6cf1e7debb36553aa18b63e4de4495 pn=upload; op=order; orderid=12136; 
上传
[2018-07-20 23:12:27] trace  /app/index.php?i=1&uniacid=1&t=undefined&v=1.3&m=ewei_shopv2&from=wxapp&c=entry&a=wxapp&do=main&&state=we7sid-93e115c5665b0fd745ee10f564ba60c1&sign=e3b3c1ec25e00fc0d4662589313078bf pn=upload; op=order; orderid=12137; 
上传
[2018-07-20 23:23:03] trace  /app/index.php?i=1&uniacid=1&t=undefined&v=1.3&m=ewei_shopv2&from=wxapp&c=entry&a=wxapp&do=main&&state=we7sid-b0a5a863b94ff8501d7760945794b2c0&sign=62ba521c973770b4256dcd31e4f1d52d pn=upload; op=order; orderid=12138; 
上传
[2018-07-20 23:42:56] trace  /app/index.php?i=1&uniacid=1&t=undefined&v=1.3&m=ewei_shopv2&from=wxapp&c=entry&a=wxapp&do=main&&state=we7sid-7091227dd907eff43cea4019d22cc0d7&sign=4a7252982619764d030f843246ac055f op=order; pn=upload; orderid=12139; 
上传
[2018-07-20 23:43:59] trace  /app/index.php?i=1&uniacid=1&t=undefined&v=1.3&m=ewei_shopv2&from=wxapp&c=entry&a=wxapp&do=main&&state=we7sid-fb0a066d42f62ef0e5ec45aad2adc617&sign=dd5a55d170fa316e2274489cb498ee74 pn=upload; op=order; orderid=12140; 
上传
[2018-07-20 23:45:39] trace  /app/index.php?i=1&uniacid=1&t=undefined&v=1.3&m=ewei_shopv2&from=wxapp&c=entry&a=wxapp&do=main&&state=we7sid-68874323e64dfac48dfc433dd3ca38e0&sign=68fb2251b4527f72e01857f806a3a015 pn=upload; op=order; orderid=12141; 
上传
