[2018-11-01 00:13:36] trace  /app/index.php?i=1&uniacid=1&t=undefined&v=1.3&m=ewei_shopv2&from=wxapp&c=entry&a=wxapp&do=main&&state=we7sid-20a38ebaf37b584abe06b8752b9d73b0&sign=06b5b335339bed806c5402696340362d pn=upload; op=order; orderid=19965; 
上传
[2018-11-01 01:11:32] trace  /app/index.php?i=1&uniacid=1&t=undefined&v=1.3&m=ewei_shopv2&from=wxapp&c=entry&a=wxapp&do=main&&state=we7sid-f08636952778bd20f3a99529a381c838&sign=9a3e84e85b44bd607753952380666ff4 pn=upload; op=order; orderid=19966; 
上传
[2018-11-01 07:14:10] trace  /app/index.php?i=1&uniacid=1&t=undefined&v=1.3&m=ewei_shopv2&from=wxapp&c=entry&a=wxapp&do=main&&state=we7sid-52569c3f2251476a87af5cad84d86042&sign=e2a8890087f022a8c1c89c905dd65df0 pn=upload; op=order; orderid=19967; 
上传
[2018-11-01 07:20:31] trace  /app/index.php?i=1&uniacid=1&t=undefined&v=1.3&m=ewei_shopv2&from=wxapp&c=entry&a=wxapp&do=main&&state=we7sid-5c5fa248fcd698d78a7509b8661e887d&sign=7d763f58595e2647e82ea7b5876ef815 pn=upload; op=order; orderid=19968; 
上传
[2018-11-01 07:43:13] trace  /app/index.php?i=1&uniacid=1&t=undefined&v=1.3&m=ewei_shopv2&from=wxapp&c=entry&a=wxapp&do=main&&state=we7sid-55b1f16adbb530120c5825e90439a4ba&sign=8bef2fb48bcd9475b50dee13c36ab611 pn=upload; op=order; orderid=19969; 
上传
[2018-11-01 07:49:01] trace  /app/index.php?i=1&uniacid=1&t=undefined&v=1.3&m=ewei_shopv2&from=wxapp&c=entry&a=wxapp&do=main&&state=we7sid-001fb9c18254be51f9908ab0380c225d&sign=73fa0bbc31457c2481b040b00045d9f9 pn=upload; op=order; orderid=19970; 
上传
[2018-11-01 08:11:05] trace  /app/index.php?i=1&uniacid=1&t=undefined&v=1.3&m=ewei_shopv2&from=wxapp&c=entry&a=wxapp&do=main&&state=we7sid-c0067e109f23831631d232802bacad55&sign=1b8e28cf034fa7b3c8670ca45ea9f3f1 op=order; orderid=19971; pn=upload; 
上传
[2018-11-01 08:25:31] trace  /app/index.php?i=1&uniacid=1&t=undefined&v=1.3&m=ewei_shopv2&from=wxapp&c=entry&a=wxapp&do=main&&state=we7sid-1c270ccc1da6bf1568188c3fe4b83432&sign=424fd2b83fc847bdb5d4af434264b6ca op=order; orderid=19972; pn=upload; 
上传
[2018-11-01 09:21:06] trace  /app/index.php?i=1&uniacid=1&t=undefined&v=1.3&m=ewei_shopv2&from=wxapp&c=entry&a=wxapp&do=main&&state=we7sid-52df1b7d789e7e4a0100544ca8bd5a75&sign=b73d9baa3ccb348cd3f7a88213b44400 pn=upload; op=order; orderid=19973; 
上传
[2018-11-01 09:21:44] trace  /app/index.php?i=1&uniacid=1&t=undefined&v=1.3&m=ewei_shopv2&from=wxapp&c=entry&a=wxapp&do=main&&state=we7sid-52df1b7d789e7e4a0100544ca8bd5a75&sign=b73d9baa3ccb348cd3f7a88213b44400 pn=upload; op=order; orderid=19974; 
上传
[2018-11-01 10:00:24] trace  /app/index.php?i=1&uniacid=1&t=undefined&v=1.3&m=ewei_shopv2&from=wxapp&c=entry&a=wxapp&do=main&&state=we7sid-af57b2558125a5b235e55117ee8b4d57&sign=e1fc3342d42e70b1f7f8ce22a221722a op=order; orderid=19975; pn=upload; 
上传
[2018-11-01 10:14:15] trace  /app/index.php?i=1&uniacid=1&t=undefined&v=1.3&m=ewei_shopv2&from=wxapp&c=entry&a=wxapp&do=main&&state=we7sid-0a80187bfc9228d1da599326cb355cfa&sign=ee9b47580c95d78fec7a904d5849af48 pn=upload; op=order; orderid=19976; 
上传
[2018-11-01 10:42:48] trace  /app/index.php?i=1&uniacid=1&t=undefined&v=1.3&m=ewei_shopv2&from=wxapp&c=entry&a=wxapp&do=main&&state=we7sid-5a8344375d9b65d5a20108b26e5c99bf&sign=c4a6235372b8d666c2a14278eeb84df3 pn=upload; op=order; orderid=19977; 
上传
[2018-11-01 11:28:52] trace  /app/index.php?i=1&uniacid=1&t=undefined&v=1.3&m=ewei_shopv2&from=wxapp&c=entry&a=wxapp&do=main&&state=we7sid-286348b7e1692e322a32a7cb23a077b5&sign=f0bd25f9e7a4286621a8bc4b3b22150b op=order; orderid=19978; pn=upload; 
上传
[2018-11-01 11:31:19] trace  /app/index.php?i=1&uniacid=1&t=undefined&v=1.3&m=ewei_shopv2&from=wxapp&c=entry&a=wxapp&do=main&&state=we7sid-7a46e832178c6f5df58744eb6d9da00a&sign=460920455aac273b0700a35770e4ee72 pn=upload; op=order; orderid=19979; 
上传
[2018-11-01 11:32:33] trace  /app/index.php?i=1&uniacid=1&t=undefined&v=1.3&m=ewei_shopv2&from=wxapp&c=entry&a=wxapp&do=main&&state=we7sid-7a46e832178c6f5df58744eb6d9da00a&sign=460920455aac273b0700a35770e4ee72 pn=upload; op=order; orderid=19980; 
上传
[2018-11-01 12:21:35] trace  /app/index.php?i=1&uniacid=1&t=undefined&v=1.3&m=ewei_shopv2&from=wxapp&c=entry&a=wxapp&do=main&&state=we7sid-f156a5c832c639e6e667d6e0fb586edc&sign=f9b1a9049d56f806a78ec1ec0625efde pn=upload; op=order; orderid=19981; 
上传
[2018-11-01 12:27:40] trace  /app/index.php?i=1&uniacid=1&t=undefined&v=1.3&m=ewei_shopv2&from=wxapp&c=entry&a=wxapp&do=main&&state=we7sid-ca73008bfb416d2d2e8cf58b1ff5613c&sign=a3b44a8784834946f3cc83b477c7042e pn=upload; op=order; orderid=19982; 
上传
[2018-11-01 13:53:57] trace  /app/index.php?i=1&uniacid=1&t=undefined&v=1.3&m=ewei_shopv2&from=wxapp&c=entry&a=wxapp&do=main&&state=we7sid-e1c756c69c4284a52c9d372bd66fe97b&sign=bf1a5d1163b4a95918de59637bacd2d5 pn=upload; op=order; orderid=19983; 
上传
[2018-11-01 13:53:57] trace  /app/index.php?i=1&uniacid=1&t=undefined&v=1.3&m=ewei_shopv2&from=wxapp&c=entry&a=wxapp&do=main&&state=we7sid-68e0976b6ffe6ed559e7a4ef975c346a&sign=476a583850e563ef9070524741e35bc0 pn=upload; op=order; orderid=19984; 
上传
[2018-11-01 14:07:54] trace  /app/index.php?i=1&uniacid=1&t=undefined&v=1.3&m=ewei_shopv2&from=wxapp&c=entry&a=wxapp&do=main&&state=we7sid-c06f11fb8facdb9e8a314fe3a2bdf250&sign=98d8ed19478a1171359aae9c6beee871 pn=upload; op=order; orderid=19985; 
上传
[2018-11-01 15:16:09] trace  /app/index.php?i=1&uniacid=1&t=undefined&v=1.3&m=ewei_shopv2&from=wxapp&c=entry&a=wxapp&do=main&&state=we7sid-4e7c3c91c41cd15eb5cb0718acdfb53c&sign=9c243b64dc39dcd392ca08864350f74e pn=upload; op=order; orderid=19986; 
上传
[2018-11-01 15:18:09] trace  /app/index.php?i=1&uniacid=1&t=undefined&v=1.3&m=ewei_shopv2&from=wxapp&c=entry&a=wxapp&do=main&&state=we7sid-c3ad6ba19db0658f2bf419e951748570&sign=2c96b5460f99952a3c7638fd62c86ba5 pn=upload; op=order; orderid=19987; 
上传
[2018-11-01 16:21:38] trace  /app/index.php?i=1&uniacid=1&t=undefined&v=1.3&m=ewei_shopv2&from=wxapp&c=entry&a=wxapp&do=main&&state=we7sid-bb022d64f08bf07aad5127401e250641&sign=a013bf8c4c0a4e7ff9b5f329474152a8 op=order; orderid=19988; pn=upload; 
上传
[2018-11-01 16:28:56] trace  /app/index.php?i=1&uniacid=1&t=undefined&v=1.3&m=ewei_shopv2&from=wxapp&c=entry&a=wxapp&do=main&&state=we7sid-894a55e1648d0f238826970d310440da&sign=97a455f0c5f1b94d6d6970e4c8bba71f pn=upload; op=order; orderid=19989; 
上传
[2018-11-01 18:53:04] trace  /app/index.php?i=1&uniacid=1&t=undefined&v=1.3&m=ewei_shopv2&from=wxapp&c=entry&a=wxapp&do=main&&state=we7sid-72efc9e8e1be92301414ccebaff429c1&sign=abeb6be0992bb18d59bdc5f5c5d35d2c pn=upload; op=order; orderid=19990; 
上传
[2018-11-01 18:57:23] trace  /app/index.php?i=1&uniacid=1&t=undefined&v=1.3&m=ewei_shopv2&from=wxapp&c=entry&a=wxapp&do=main&&state=we7sid-ea517395f1364414ed231f05b99050c7&sign=844bf85e0ede758fecbaa6a007773827 op=order; orderid=19991; pn=upload; 
上传
[2018-11-01 19:22:48] trace  /app/index.php?i=1&uniacid=1&t=undefined&v=1.3&m=ewei_shopv2&from=wxapp&c=entry&a=wxapp&do=main&&state=we7sid-2382595b124d2c16dd69ad1481b89500&sign=2d4919898ebe686ada8db48e451ab302 op=order; pn=upload; orderid=19992; 
上传
[2018-11-01 19:28:13] trace  /app/index.php?i=1&uniacid=1&t=undefined&v=1.3&m=ewei_shopv2&from=wxapp&c=entry&a=wxapp&do=main&&state=we7sid-946dcf2294e6391baa963f417f75d69c&sign=3a9e311cd34ccbc6ca425b06b079d887 op=order; orderid=19993; pn=upload; 
上传
[2018-11-01 19:47:20] trace  /app/index.php?i=1&uniacid=1&t=undefined&v=1.3&m=ewei_shopv2&from=wxapp&c=entry&a=wxapp&do=main&&state=we7sid-00d8f0ab5a29379916732411c6e2d490&sign=9f6be686bf576462db1bbf15fb0f5362 op=order; orderid=19994; pn=upload; 
上传
[2018-11-01 20:06:05] trace  /app/index.php?i=1&uniacid=1&t=undefined&v=1.3&m=ewei_shopv2&from=wxapp&c=entry&a=wxapp&do=main&&state=we7sid-9e608e61e21d27d02ebdf50fea6910ce&sign=6c9e25230011c1a29a16767464619161 op=order; orderid=19995; pn=upload; 
上传
[2018-11-01 20:12:20] trace  /app/index.php?i=1&uniacid=1&t=undefined&v=1.3&m=ewei_shopv2&from=wxapp&c=entry&a=wxapp&do=main&&state=we7sid-2eedf15d20860b88335fd9d7f00c1ac6&sign=b18e2fdc7265eeb8dd697cf9543b1f63 pn=upload; op=author; orderid=19779; 
上传
[2018-11-01 20:17:12] trace  /app/index.php?i=1&uniacid=1&t=undefined&v=1.3&m=ewei_shopv2&from=wxapp&c=entry&a=wxapp&do=main&&state=we7sid-2eedf15d20860b88335fd9d7f00c1ac6&sign=b18e2fdc7265eeb8dd697cf9543b1f63 pn=upload; op=author; orderid=19814; 
上传
[2018-11-01 20:24:38] trace  /app/index.php?i=1&uniacid=1&t=undefined&v=1.3&m=ewei_shopv2&from=wxapp&c=entry&a=wxapp&do=main&&state=we7sid-2eedf15d20860b88335fd9d7f00c1ac6&sign=b18e2fdc7265eeb8dd697cf9543b1f63 pn=upload; op=author; orderid=19816; 
上传
[2018-11-01 20:30:03] trace  /app/index.php?i=1&uniacid=1&t=undefined&v=1.3&m=ewei_shopv2&from=wxapp&c=entry&a=wxapp&do=main&&state=we7sid-2eedf15d20860b88335fd9d7f00c1ac6&sign=b18e2fdc7265eeb8dd697cf9543b1f63 pn=upload; op=author; orderid=19834; 
上传
[2018-11-01 20:43:23] trace  /app/index.php?i=1&uniacid=1&t=undefined&v=1.3&m=ewei_shopv2&from=wxapp&c=entry&a=wxapp&do=main&&state=we7sid-2eedf15d20860b88335fd9d7f00c1ac6&sign=b18e2fdc7265eeb8dd697cf9543b1f63 pn=upload; op=author; orderid=19839; 
上传
[2018-11-01 20:48:55] trace  /app/index.php?i=1&uniacid=1&t=undefined&v=1.3&m=ewei_shopv2&from=wxapp&c=entry&a=wxapp&do=main&&state=we7sid-71905c64323ffa5e3af425fc854e08d7&sign=c24d9c2786a180b75d98c87e4a730ad4 pn=upload; op=order; orderid=19996; 
上传
[2018-11-01 20:57:38] trace  /app/index.php?i=1&uniacid=1&t=undefined&v=1.3&m=ewei_shopv2&from=wxapp&c=entry&a=wxapp&do=main&&state=we7sid-2eedf15d20860b88335fd9d7f00c1ac6&sign=b18e2fdc7265eeb8dd697cf9543b1f63 pn=upload; op=author; orderid=19844; 
上传
[2018-11-01 21:00:28] trace  /app/index.php?i=1&uniacid=1&t=undefined&v=1.3&m=ewei_shopv2&from=wxapp&c=entry&a=wxapp&do=main&&state=we7sid-afd564ef11eccd896a93825965ce2c48&sign=3d76d450a6f2ac2fe9efa37fc967038d pn=upload; op=order; orderid=19997; 
上传
[2018-11-01 21:05:55] trace  /app/index.php?i=1&uniacid=1&t=undefined&v=1.3&m=ewei_shopv2&from=wxapp&c=entry&a=wxapp&do=main&&state=we7sid-2eedf15d20860b88335fd9d7f00c1ac6&sign=b18e2fdc7265eeb8dd697cf9543b1f63 pn=upload; op=author; orderid=19868; 
上传
[2018-11-01 21:10:57] trace  /app/index.php?i=1&uniacid=1&t=undefined&v=1.3&m=ewei_shopv2&from=wxapp&c=entry&a=wxapp&do=main&&state=we7sid-2eedf15d20860b88335fd9d7f00c1ac6&sign=b18e2fdc7265eeb8dd697cf9543b1f63 pn=upload; op=author; orderid=19912; 
上传
[2018-11-01 21:16:52] trace  /app/index.php?i=1&uniacid=1&t=undefined&v=1.3&m=ewei_shopv2&from=wxapp&c=entry&a=wxapp&do=main&&state=we7sid-2eedf15d20860b88335fd9d7f00c1ac6&sign=b18e2fdc7265eeb8dd697cf9543b1f63 pn=upload; op=author; orderid=19955; 
上传
[2018-11-01 21:30:37] trace  /app/index.php?i=1&uniacid=1&t=undefined&v=1.3&m=ewei_shopv2&from=wxapp&c=entry&a=wxapp&do=main&&state=we7sid-e484bb65185e69cb2073cb51d715c272&sign=acee678a0d7aac29ce8eff6260429efd op=order; orderid=19998; pn=upload; 
上传
[2018-11-01 22:00:57] trace  /app/index.php?i=1&uniacid=1&t=undefined&v=1.3&m=ewei_shopv2&from=wxapp&c=entry&a=wxapp&do=main&&state=we7sid-099fbec88d8e4cccee816640d360da7c&sign=a1361333dcc206e96e22859c0f9522d3 pn=upload; op=order; orderid=19999; 
上传
[2018-11-01 22:53:53] trace  /app/index.php?i=1&uniacid=1&t=undefined&v=1.3&m=ewei_shopv2&from=wxapp&c=entry&a=wxapp&do=main&&state=we7sid-fe63b9a6dc3ee1ff193d505ef2d8853d&sign=08dcd3a93aa5cc679ac15bc9cb8508b3 op=order; orderid=20000; pn=upload; 
上传
[2018-11-01 23:18:02] trace  /app/index.php?i=1&uniacid=1&t=undefined&v=1.3&m=ewei_shopv2&from=wxapp&c=entry&a=wxapp&do=main&&state=we7sid-e6af19587e6e1fd5e16e5bd71ac2d1f4&sign=72e1c0d8756749b05cd58bd6904661c9 op=order; orderid=20001; pn=upload; 
上传
