[2018-10-28 01:21:05] trace  /app/index.php?i=1&uniacid=1&t=undefined&v=1.3&m=ewei_shopv2&from=wxapp&c=entry&a=wxapp&do=main&&state=we7sid-e59e813f5f91f9687c73841d5f1a8f86&sign=1368379fb19a5d387f5002c4c9d7aa19 pn=upload; op=order; orderid=19736; 
上传
[2018-10-28 03:41:24] trace  /app/index.php?i=1&uniacid=1&t=undefined&v=1.3&m=ewei_shopv2&from=wxapp&c=entry&a=wxapp&do=main&&state=we7sid-11c08b441b8306479b947e26b3c9fd14&sign=98bdd6fd7dc3385095d5212fa7710ab9 pn=upload; op=order; orderid=19737; 
上传
[2018-10-28 04:12:50] trace  /app/index.php?i=1&uniacid=1&t=undefined&v=1.3&m=ewei_shopv2&from=wxapp&c=entry&a=wxapp&do=main&&state=we7sid-48eb7270e9b80973503275d4ab77cf6c&sign=6df869243dabcde7877bfda1508b4ef3 pn=upload; op=order; orderid=19738; 
上传
[2018-10-28 07:04:03] trace  /app/index.php?i=1&uniacid=1&t=undefined&v=1.3&m=ewei_shopv2&from=wxapp&c=entry&a=wxapp&do=main&&state=we7sid-a95f0e7567f149294dcf800317ce319a&sign=b8a3c93aad25e9497fc061db75fe862b op=order; orderid=19739; pn=upload; 
上传
[2018-10-28 08:04:17] trace  /app/index.php?i=1&uniacid=1&t=undefined&v=1.3&m=ewei_shopv2&from=wxapp&c=entry&a=wxapp&do=main&&state=we7sid-8f672a3484a79e665ff11caea1751dfd&sign=0e21d55b847742ed16fd93c490809a8f pn=upload; op=order; orderid=19740; 
上传
[2018-10-28 08:06:12] trace  /app/index.php?i=1&uniacid=1&t=undefined&v=1.3&m=ewei_shopv2&from=wxapp&c=entry&a=wxapp&do=main&&state=we7sid-8f672a3484a79e665ff11caea1751dfd&sign=0e21d55b847742ed16fd93c490809a8f pn=upload; op=order; orderid=19741; 
上传
[2018-10-28 08:06:13] trace  /app/index.php?i=1&uniacid=1&t=undefined&v=1.3&m=ewei_shopv2&from=wxapp&c=entry&a=wxapp&do=main&&state=we7sid-8f672a3484a79e665ff11caea1751dfd&sign=0e21d55b847742ed16fd93c490809a8f pn=upload; op=order; orderid=19741; 
上传
[2018-10-28 08:08:02] trace  /app/index.php?i=1&uniacid=1&t=undefined&v=1.3&m=ewei_shopv2&from=wxapp&c=entry&a=wxapp&do=main&&state=we7sid-8f672a3484a79e665ff11caea1751dfd&sign=0e21d55b847742ed16fd93c490809a8f pn=upload; op=order; orderid=19742; 
上传
[2018-10-28 09:17:13] trace  /app/index.php?i=1&uniacid=1&t=undefined&v=1.3&m=ewei_shopv2&from=wxapp&c=entry&a=wxapp&do=main&&state=we7sid-4bc97ab24df047cfdf444a289ca836bd&sign=7b1c242767b6df0238046be97e97ba9f pn=upload; op=order; orderid=19743; 
上传
[2018-10-28 10:04:38] trace  /app/index.php?i=1&uniacid=1&t=undefined&v=1.3&m=ewei_shopv2&from=wxapp&c=entry&a=wxapp&do=main&&state=we7sid-0751ccfeb1434168291e0026456a56b2&sign=0baf3e59e95e99ea89827a371865f9c8 pn=upload; op=order; orderid=19744; 
上传
[2018-10-28 10:04:50] trace  /app/index.php?i=1&uniacid=1&t=undefined&v=1.3&m=ewei_shopv2&from=wxapp&c=entry&a=wxapp&do=main&&state=we7sid-eaecfa2d1a54e2b325829f8cbac26c30&sign=42feac6fd257b20323c4d84d0ede17a1 op=order; orderid=19745; pn=upload; 
上传
[2018-10-28 10:45:01] trace  /app/index.php?i=1&uniacid=1&t=undefined&v=1.3&m=ewei_shopv2&from=wxapp&c=entry&a=wxapp&do=main&&state=we7sid-c284de24f6a19c285fbc992472eea421&sign=fd8d96f11c68d343dd21ab60f3c6eba9 op=order; pn=upload; orderid=19746; 
上传
[2018-10-28 10:49:14] trace  /app/index.php?i=1&uniacid=1&t=undefined&v=1.3&m=ewei_shopv2&from=wxapp&c=entry&a=wxapp&do=main&&state=we7sid-83772585efef8690984eb82ae5c23470&sign=77bf9795dddae5ad95f3210e4c179fab pn=upload; op=order; orderid=19747; 
上传
[2018-10-28 11:10:39] trace  /app/index.php?i=1&uniacid=1&t=undefined&v=1.3&m=ewei_shopv2&from=wxapp&c=entry&a=wxapp&do=main&&state=we7sid-7ef1b72f88d6bb9127769f4ed7297d34&sign=479a379c07c5b18e4dfa84af4aa7d960 op=order; orderid=19748; pn=upload; 
上传
[2018-10-28 11:18:32] trace  /app/index.php?i=1&uniacid=1&t=undefined&v=1.3&m=ewei_shopv2&from=wxapp&c=entry&a=wxapp&do=main&&state=we7sid-df04982dbb52307d6c311bcba873e203&sign=fd0ca8078f16d0b4067621a95bdab3eb pn=upload; op=order; orderid=19749; 
上传
[2018-10-28 12:01:14] trace  /app/index.php?i=1&uniacid=1&t=undefined&v=1.3&m=ewei_shopv2&from=wxapp&c=entry&a=wxapp&do=main&&state=we7sid-ecc79c1f42a29127747b6fac72a9e626&sign=07a43f233bdfe4d7f5f1a80452f9fdbc pn=upload; op=order; orderid=19750; 
上传
[2018-10-28 12:02:08] trace  /app/index.php?i=1&uniacid=1&t=undefined&v=1.3&m=ewei_shopv2&from=wxapp&c=entry&a=wxapp&do=main&&state=we7sid-ecc79c1f42a29127747b6fac72a9e626&sign=07a43f233bdfe4d7f5f1a80452f9fdbc pn=upload; op=order; orderid=19751; 
上传
[2018-10-28 12:02:22] trace  /app/index.php?i=1&uniacid=1&t=undefined&v=1.3&m=ewei_shopv2&from=wxapp&c=entry&a=wxapp&do=main&&state=we7sid-ecc79c1f42a29127747b6fac72a9e626&sign=07a43f233bdfe4d7f5f1a80452f9fdbc pn=upload; op=order; orderid=19752; 
上传
[2018-10-28 12:02:29] trace  /app/index.php?i=1&uniacid=1&t=undefined&v=1.3&m=ewei_shopv2&from=wxapp&c=entry&a=wxapp&do=main&&state=we7sid-ecc79c1f42a29127747b6fac72a9e626&sign=07a43f233bdfe4d7f5f1a80452f9fdbc pn=upload; op=order; orderid=19753; 
上传
[2018-10-28 13:22:26] trace  /app/index.php?i=1&uniacid=1&t=undefined&v=1.3&m=ewei_shopv2&from=wxapp&c=entry&a=wxapp&do=main&&state=we7sid-9845a8888408a22e0b18143c8b99ef88&sign=2a4e25c7d0beff4e8c1e94a43433f780 pn=upload; op=order; orderid=19754; 
上传
[2018-10-28 14:17:24] trace  /app/index.php?i=1&uniacid=1&t=undefined&v=1.3&m=ewei_shopv2&from=wxapp&c=entry&a=wxapp&do=main&&state=we7sid-738539a7401a80cb70c91302ad3b7d62&sign=01077672922595fd13d27c0e2268bffa pn=upload; op=order; orderid=19755; 
上传
[2018-10-28 14:24:33] trace  /app/index.php?i=1&uniacid=1&t=undefined&v=1.3&m=ewei_shopv2&from=wxapp&c=entry&a=wxapp&do=main&&state=we7sid-68836c96e8eab3e6d2bd8aeafbc505b4&sign=4d2e7095fad00eb852e18e8ebc68c9e5 pn=upload; op=order; orderid=19756; 
上传
[2018-10-28 14:28:01] trace  /app/index.php?i=1&uniacid=1&t=undefined&v=1.3&m=ewei_shopv2&from=wxapp&c=entry&a=wxapp&do=main&&state=we7sid-38b303edcaf30aab5f5a607279acba28&sign=10ac10b20b5f9414161bf0aa6905529a pn=upload; op=order; orderid=19757; 
上传
[2018-10-28 14:32:08] trace  /app/index.php?i=1&uniacid=1&t=undefined&v=1.3&m=ewei_shopv2&from=wxapp&c=entry&a=wxapp&do=main&&state=we7sid-c53a3a012a106e89645b04c92e6f831a&sign=4a56681c43d59d0ff7a6ca2b05b77539 pn=upload; op=order; orderid=19758; 
上传
[2018-10-28 14:49:32] trace  /app/index.php?i=1&uniacid=1&t=undefined&v=1.3&m=ewei_shopv2&from=wxapp&c=entry&a=wxapp&do=main&&state=we7sid-4877187cda5220d6f486846b7134d7b2&sign=d0509581ec1ddd1092ddde56ee45eec4 pn=upload; op=order; orderid=19759; 
上传
[2018-10-28 15:30:12] trace  /app/index.php?i=1&uniacid=1&t=undefined&v=1.3&m=ewei_shopv2&from=wxapp&c=entry&a=wxapp&do=main&&state=we7sid-31f31dff998941e9c1ef29114e6436fd&sign=63246e51f49a46c281f4b23ddafb032f pn=upload; op=order; orderid=19760; 
上传
[2018-10-28 15:38:31] trace  /app/index.php?i=1&uniacid=1&t=undefined&v=1.3&m=ewei_shopv2&from=wxapp&c=entry&a=wxapp&do=main&&state=we7sid-31f31dff998941e9c1ef29114e6436fd&sign=63246e51f49a46c281f4b23ddafb032f pn=upload; op=order; orderid=19761; 
上传
[2018-10-28 16:09:33] trace  /app/index.php?i=1&uniacid=1&t=undefined&v=1.3&m=ewei_shopv2&from=wxapp&c=entry&a=wxapp&do=main&&state=we7sid-e9e10fd157306b1f9f15b04df8908ecb&sign=43740b75b0fbfebf04c4b72a671f8d3a pn=upload; op=order; orderid=19762; 
上传
[2018-10-28 17:12:02] trace  /app/index.php?i=1&uniacid=1&t=undefined&v=1.3&m=ewei_shopv2&from=wxapp&c=entry&a=wxapp&do=main&&state=we7sid-ceba288c42d67e11525447b866cf9f6b&sign=6fa67905159bf58be110f7e6570ca93f pn=upload; op=order; orderid=19763; 
上传
[2018-10-28 17:25:31] trace  /app/index.php?i=1&uniacid=1&t=undefined&v=1.3&m=ewei_shopv2&from=wxapp&c=entry&a=wxapp&do=main&&state=we7sid-ed8298f34b55ab14ffa526dc2fb751d5&sign=4a27f52c4cfd5843e298211d8d6f9a7a pn=upload; op=order; orderid=19764; 
上传
[2018-10-28 17:32:45] trace  /app/index.php?i=1&uniacid=1&t=undefined&v=1.3&m=ewei_shopv2&from=wxapp&c=entry&a=wxapp&do=main&&state=we7sid-98baf494dff958494da13c57ee81ca1c&sign=0d454694b1c2c134ac4dea5f90f5e326 pn=upload; op=order; orderid=19765; 
上传
[2018-10-28 17:33:06] trace  /app/index.php?i=1&uniacid=1&t=undefined&v=1.3&m=ewei_shopv2&from=wxapp&c=entry&a=wxapp&do=main&&state=we7sid-e8dbc4b4a6cc833b715bd9344d4251c5&sign=20bfa60b9188c1745e8f3d58db108fe8 pn=upload; op=order; orderid=19766; 
上传
[2018-10-28 17:37:22] trace  /app/index.php?i=1&uniacid=1&t=undefined&v=1.3&m=ewei_shopv2&from=wxapp&c=entry&a=wxapp&do=main&&state=we7sid-e8dbc4b4a6cc833b715bd9344d4251c5&sign=20bfa60b9188c1745e8f3d58db108fe8 pn=upload; op=order; orderid=19767; 
上传
[2018-10-28 18:26:53] trace  /app/index.php?i=1&uniacid=1&t=undefined&v=1.3&m=ewei_shopv2&from=wxapp&c=entry&a=wxapp&do=main&&state=we7sid-c9dd87c965dd093d5355a7025df3e11c&sign=16349074670267c049ef9f71765fa541 pn=upload; op=order; orderid=19768; 
上传
[2018-10-28 18:31:46] trace  /app/index.php?i=1&uniacid=1&t=undefined&v=1.3&m=ewei_shopv2&from=wxapp&c=entry&a=wxapp&do=main&&state=we7sid-40c92c89bf71810bb97f946f3f494e45&sign=8c1f4fc71612956228f344fd3b27f88a pn=upload; op=order; orderid=19769; 
上传
[2018-10-28 18:41:36] trace  /app/index.php?i=1&uniacid=1&t=undefined&v=1.3&m=ewei_shopv2&from=wxapp&c=entry&a=wxapp&do=main&&state=we7sid-fc560fa1a9fb0e77d87be5d23b745f9a&sign=267a60ef838a74d51810716b0eb6e2ed pn=upload; op=order; orderid=19770; 
上传
[2018-10-28 18:50:17] trace  /app/index.php?i=1&uniacid=1&t=undefined&v=1.3&m=ewei_shopv2&from=wxapp&c=entry&a=wxapp&do=main&&state=we7sid-fad3c9e2fb4b07ce7b86f3a751e4d50d&sign=9a3d5712ba5c2959a5bf292e44886793 pn=upload; op=order; orderid=19771; 
上传
[2018-10-28 18:54:15] trace  /app/index.php?i=1&uniacid=1&t=undefined&v=1.3&m=ewei_shopv2&from=wxapp&c=entry&a=wxapp&do=main&&state=we7sid-298417e23519a950cc255b1923940586&sign=6e0a2fa7fada7bebaea5dff1333cb939 pn=upload; op=author; orderid=19560; 
上传
[2018-10-28 18:56:28] trace  /app/index.php?i=1&uniacid=1&t=undefined&v=1.3&m=ewei_shopv2&from=wxapp&c=entry&a=wxapp&do=main&&state=we7sid-298417e23519a950cc255b1923940586&sign=6e0a2fa7fada7bebaea5dff1333cb939 pn=upload; op=author; orderid=19541; 
上传
[2018-10-28 18:56:56] trace  /app/index.php?i=1&uniacid=1&t=undefined&v=1.3&m=ewei_shopv2&from=wxapp&c=entry&a=wxapp&do=main&&state=we7sid-298417e23519a950cc255b1923940586&sign=6e0a2fa7fada7bebaea5dff1333cb939 pn=upload; op=author; orderid=19530; 
上传
[2018-10-28 18:57:20] trace  /app/index.php?i=1&uniacid=1&t=undefined&v=1.3&m=ewei_shopv2&from=wxapp&c=entry&a=wxapp&do=main&&state=we7sid-298417e23519a950cc255b1923940586&sign=6e0a2fa7fada7bebaea5dff1333cb939 pn=upload; op=author; orderid=19360; 
上传
[2018-10-28 18:57:46] trace  /app/index.php?i=1&uniacid=1&t=undefined&v=1.3&m=ewei_shopv2&from=wxapp&c=entry&a=wxapp&do=main&&state=we7sid-298417e23519a950cc255b1923940586&sign=6e0a2fa7fada7bebaea5dff1333cb939 pn=upload; op=author; orderid=19477; 
上传
[2018-10-28 18:58:18] trace  /app/index.php?i=1&uniacid=1&t=undefined&v=1.3&m=ewei_shopv2&from=wxapp&c=entry&a=wxapp&do=main&&state=we7sid-298417e23519a950cc255b1923940586&sign=6e0a2fa7fada7bebaea5dff1333cb939 pn=upload; op=author; orderid=19467; 
上传
[2018-10-28 18:58:45] trace  /app/index.php?i=1&uniacid=1&t=undefined&v=1.3&m=ewei_shopv2&from=wxapp&c=entry&a=wxapp&do=main&&state=we7sid-298417e23519a950cc255b1923940586&sign=6e0a2fa7fada7bebaea5dff1333cb939 pn=upload; op=author; orderid=19436; 
上传
[2018-10-28 18:58:45] trace  /app/index.php?i=1&uniacid=1&t=undefined&v=1.3&m=ewei_shopv2&from=wxapp&c=entry&a=wxapp&do=main&&state=we7sid-298417e23519a950cc255b1923940586&sign=6e0a2fa7fada7bebaea5dff1333cb939 pn=upload; op=author; orderid=19436; 
上传
[2018-10-28 18:59:43] trace  /app/index.php?i=1&uniacid=1&t=undefined&v=1.3&m=ewei_shopv2&from=wxapp&c=entry&a=wxapp&do=main&&state=we7sid-298417e23519a950cc255b1923940586&sign=6e0a2fa7fada7bebaea5dff1333cb939 pn=upload; op=author; orderid=19330; 
上传
[2018-10-28 19:00:00] trace  /app/index.php?i=1&uniacid=1&t=undefined&v=1.3&m=ewei_shopv2&from=wxapp&c=entry&a=wxapp&do=main&&state=we7sid-298417e23519a950cc255b1923940586&sign=6e0a2fa7fada7bebaea5dff1333cb939 pn=upload; op=author; orderid=19331; 
上传
[2018-10-28 19:23:34] trace  /app/index.php?i=1&uniacid=1&t=undefined&v=1.3&m=ewei_shopv2&from=wxapp&c=entry&a=wxapp&do=main&&state=we7sid-451fd870d8cfba52a62606392edd5aa3&sign=a56df2073548d8e02f4bb69afa999553 op=order; orderid=19772; pn=upload; 
上传
[2018-10-28 19:24:06] trace  /app/index.php?i=1&uniacid=1&t=undefined&v=1.3&m=ewei_shopv2&from=wxapp&c=entry&a=wxapp&do=main&&state=we7sid-298417e23519a950cc255b1923940586&sign=6e0a2fa7fada7bebaea5dff1333cb939 pn=upload; op=author; orderid=19694; 
上传
[2018-10-28 19:24:21] trace  /app/index.php?i=1&uniacid=1&t=undefined&v=1.3&m=ewei_shopv2&from=wxapp&c=entry&a=wxapp&do=main&&state=we7sid-298417e23519a950cc255b1923940586&sign=6e0a2fa7fada7bebaea5dff1333cb939 pn=upload; op=author; orderid=19613; 
上传
[2018-10-28 19:24:36] trace  /app/index.php?i=1&uniacid=1&t=undefined&v=1.3&m=ewei_shopv2&from=wxapp&c=entry&a=wxapp&do=main&&state=we7sid-298417e23519a950cc255b1923940586&sign=6e0a2fa7fada7bebaea5dff1333cb939 pn=upload; op=author; orderid=19609; 
上传
[2018-10-28 19:41:19] trace  /app/index.php?i=1&uniacid=1&t=undefined&v=1.3&m=ewei_shopv2&from=wxapp&c=entry&a=wxapp&do=main&&state=we7sid-ec76377ae318b86054f4bb3b8c6997d1&sign=a1853b7e9ca716c296deeb8de2e30624 pn=upload; op=order; orderid=19773; 
上传
[2018-10-28 20:19:33] trace  /app/index.php?i=1&uniacid=1&t=undefined&v=1.3&m=ewei_shopv2&from=wxapp&c=entry&a=wxapp&do=main&&state=we7sid-298417e23519a950cc255b1923940586&sign=6e0a2fa7fada7bebaea5dff1333cb939 pn=upload; op=author; orderid=19638; 
上传
[2018-10-28 20:19:47] trace  /app/index.php?i=1&uniacid=1&t=undefined&v=1.3&m=ewei_shopv2&from=wxapp&c=entry&a=wxapp&do=main&&state=we7sid-298417e23519a950cc255b1923940586&sign=6e0a2fa7fada7bebaea5dff1333cb939 pn=upload; op=author; orderid=19534; 
上传
[2018-10-28 20:20:01] trace  /app/index.php?i=1&uniacid=1&t=undefined&v=1.3&m=ewei_shopv2&from=wxapp&c=entry&a=wxapp&do=main&&state=we7sid-298417e23519a950cc255b1923940586&sign=6e0a2fa7fada7bebaea5dff1333cb939 pn=upload; op=author; orderid=19528; 
上传
[2018-10-28 20:20:23] trace  /app/index.php?i=1&uniacid=1&t=undefined&v=1.3&m=ewei_shopv2&from=wxapp&c=entry&a=wxapp&do=main&&state=we7sid-298417e23519a950cc255b1923940586&sign=6e0a2fa7fada7bebaea5dff1333cb939 pn=upload; op=author; orderid=19533; 
上传
[2018-10-28 20:20:38] trace  /app/index.php?i=1&uniacid=1&t=undefined&v=1.3&m=ewei_shopv2&from=wxapp&c=entry&a=wxapp&do=main&&state=we7sid-298417e23519a950cc255b1923940586&sign=6e0a2fa7fada7bebaea5dff1333cb939 pn=upload; op=author; orderid=19486; 
上传
[2018-10-28 20:20:38] trace  /app/index.php?i=1&uniacid=1&t=undefined&v=1.3&m=ewei_shopv2&from=wxapp&c=entry&a=wxapp&do=main&&state=we7sid-298417e23519a950cc255b1923940586&sign=6e0a2fa7fada7bebaea5dff1333cb939 pn=upload; op=author; orderid=19486; 
上传
[2018-10-28 20:20:59] trace  /app/index.php?i=1&uniacid=1&t=undefined&v=1.3&m=ewei_shopv2&from=wxapp&c=entry&a=wxapp&do=main&&state=we7sid-298417e23519a950cc255b1923940586&sign=6e0a2fa7fada7bebaea5dff1333cb939 pn=upload; op=author; orderid=19414; 
上传
[2018-10-28 20:21:56] trace  /app/index.php?i=1&uniacid=1&t=undefined&v=1.3&m=ewei_shopv2&from=wxapp&c=entry&a=wxapp&do=main&&state=we7sid-298417e23519a950cc255b1923940586&sign=6e0a2fa7fada7bebaea5dff1333cb939 pn=upload; op=author; orderid=19241; 
上传
[2018-10-28 20:45:33] trace  /app/index.php?i=1&uniacid=1&t=undefined&v=1.3&m=ewei_shopv2&from=wxapp&c=entry&a=wxapp&do=main&&state=we7sid-ca901ad7381013b4f27a5aa131c77983&sign=983646be9fb92bf15896961620a707e9 pn=upload; op=order; orderid=19774; 
上传
[2018-10-28 20:57:55] trace  /app/index.php?i=1&uniacid=1&t=undefined&v=1.3&m=ewei_shopv2&from=wxapp&c=entry&a=wxapp&do=main&&state=we7sid-f69eb19db8bac08fa644d74adf0c89a1&sign=5d98c3e11752c6c41c2f0848451a5127 op=order; orderid=19775; pn=upload; 
上传
[2018-10-28 21:00:15] trace  /app/index.php?i=1&uniacid=1&t=undefined&v=1.3&m=ewei_shopv2&from=wxapp&c=entry&a=wxapp&do=main&&state=we7sid-0aa322e9d2f2cc1e1f139935e2b20415&sign=48dfb649338c250e5b6a52f42d669a2e pn=upload; op=order; orderid=19776; 
上传
[2018-10-28 21:04:14] trace  /app/index.php?i=1&uniacid=1&t=undefined&v=1.3&m=ewei_shopv2&from=wxapp&c=entry&a=wxapp&do=main&&state=we7sid-95324eaefd75c1479f7034a346466ca2&sign=b96661a196cb3dac1660686c0ae70f5d pn=upload; op=order; orderid=19777; 
上传
[2018-10-28 21:20:35] trace  /app/index.php?i=1&uniacid=1&t=undefined&v=1.3&m=ewei_shopv2&from=wxapp&c=entry&a=wxapp&do=main&&state=we7sid-1d9e8c654800196d5b6ee8731cdba3e0&sign=1dbd78b50342a0f47fae24c579b71244 op=order; orderid=19778; pn=upload; 
上传
[2018-10-28 21:25:53] trace  /app/index.php?i=1&uniacid=1&t=undefined&v=1.3&m=ewei_shopv2&from=wxapp&c=entry&a=wxapp&do=main&&state=we7sid-f1634ad3dd12c2aa405ae35c70a1476b&sign=d6e8c69f3b0662696f8cfde98f10b06a pn=upload; op=order; orderid=19779; 
上传
[2018-10-28 21:28:28] trace  /app/index.php?i=1&uniacid=1&t=undefined&v=1.3&m=ewei_shopv2&from=wxapp&c=entry&a=wxapp&do=main&&state=we7sid-a298f65faba4b380af5a1730e5fa5ff8&sign=b1842aa2a2f39c4eebed34cd6b540985 pn=upload; op=order; orderid=19780; 
上传
[2018-10-28 21:48:08] trace  /app/index.php?i=1&uniacid=1&t=undefined&v=1.3&m=ewei_shopv2&from=wxapp&c=entry&a=wxapp&do=main&&state=we7sid-ba1aedd50f8787f74e1e4172a2db0078&sign=ed87469ebf2d6e0c4f52970c98a3bbb9 op=order; orderid=19781; pn=upload; 
上传
[2018-10-28 22:03:04] trace  /app/index.php?i=1&uniacid=1&t=undefined&v=1.3&m=ewei_shopv2&from=wxapp&c=entry&a=wxapp&do=main&&state=we7sid-1e9ca84360f76296bc3c1cbc5d98a8c0&sign=9dec43951aa4ceafcee6d3f7c9b82757 pn=upload; op=order; orderid=19782; 
上传
[2018-10-28 22:14:03] trace  /app/index.php?i=1&uniacid=1&t=undefined&v=1.3&m=ewei_shopv2&from=wxapp&c=entry&a=wxapp&do=main&&state=we7sid-d90cb36d8d0554e17aca95c32359c7a8&sign=57e4a65bef631f4b9d26b5e697292cb0 pn=upload; op=order; orderid=19783; 
上传
[2018-10-28 22:25:02] trace  /app/index.php?i=1&uniacid=1&t=undefined&v=1.3&m=ewei_shopv2&from=wxapp&c=entry&a=wxapp&do=main&&state=we7sid-d8041257e3a8266d025f6ee37e9bff07&sign=bcaf0b7e655f6ebeba5a16a899f785ad op=order; orderid=19784; pn=upload; 
上传
[2018-10-28 22:45:23] trace  /app/index.php?i=1&uniacid=1&t=undefined&v=1.3&m=ewei_shopv2&from=wxapp&c=entry&a=wxapp&do=main&&state=we7sid-68b563b8e47cc2b586815a5d81550bbf&sign=ebe50f0a6e6df5f00151cfb3289fb446 pn=upload; op=order; orderid=19785; 
上传
[2018-10-28 22:57:16] trace  /app/index.php?i=1&uniacid=1&t=undefined&v=1.3&m=ewei_shopv2&from=wxapp&c=entry&a=wxapp&do=main&&state=we7sid-4b67706a1ce69ee4988d38043f521bf9&sign=010d5bbbde25a311962f691b40d7bc17 pn=upload; op=author; orderid=19475; 
上传
[2018-10-28 22:57:32] trace  /app/index.php?i=1&uniacid=1&t=undefined&v=1.3&m=ewei_shopv2&from=wxapp&c=entry&a=wxapp&do=main&&state=we7sid-4b67706a1ce69ee4988d38043f521bf9&sign=010d5bbbde25a311962f691b40d7bc17 pn=upload; op=author; orderid=19362; 
上传
[2018-10-28 22:57:49] trace  /app/index.php?i=1&uniacid=1&t=undefined&v=1.3&m=ewei_shopv2&from=wxapp&c=entry&a=wxapp&do=main&&state=we7sid-4b67706a1ce69ee4988d38043f521bf9&sign=010d5bbbde25a311962f691b40d7bc17 pn=upload; op=author; orderid=19346; 
上传
[2018-10-28 22:58:15] trace  /app/index.php?i=1&uniacid=1&t=undefined&v=1.3&m=ewei_shopv2&from=wxapp&c=entry&a=wxapp&do=main&&state=we7sid-4b67706a1ce69ee4988d38043f521bf9&sign=010d5bbbde25a311962f691b40d7bc17 pn=upload; op=author; orderid=19316; 
上传
[2018-10-28 22:58:33] trace  /app/index.php?i=1&uniacid=1&t=undefined&v=1.3&m=ewei_shopv2&from=wxapp&c=entry&a=wxapp&do=main&&state=we7sid-4b67706a1ce69ee4988d38043f521bf9&sign=010d5bbbde25a311962f691b40d7bc17 pn=upload; op=author; orderid=19303; 
上传
[2018-10-28 22:58:59] trace  /app/index.php?i=1&uniacid=1&t=undefined&v=1.3&m=ewei_shopv2&from=wxapp&c=entry&a=wxapp&do=main&&state=we7sid-4b67706a1ce69ee4988d38043f521bf9&sign=010d5bbbde25a311962f691b40d7bc17 pn=upload; op=author; orderid=19285; 
上传
[2018-10-28 23:00:17] trace  /app/index.php?i=1&uniacid=1&t=undefined&v=1.3&m=ewei_shopv2&from=wxapp&c=entry&a=wxapp&do=main&&state=we7sid-939f1e578d56c0682131135d25fcfc8d&sign=4b74904dac34535a2b04bbf5dfad00ec pn=upload; op=author; orderid=19503; 
上传
[2018-10-28 23:01:36] trace  /app/index.php?i=1&uniacid=1&t=undefined&v=1.3&m=ewei_shopv2&from=wxapp&c=entry&a=wxapp&do=main&&state=we7sid-dd33b2ee9d3ffbd07abb29e8e7315a17&sign=fe76ae6de11606ba9cb91409140d6967 pn=upload; op=order; orderid=19786; 
上传
[2018-10-28 23:01:43] trace  /app/index.php?i=1&uniacid=1&t=undefined&v=1.3&m=ewei_shopv2&from=wxapp&c=entry&a=wxapp&do=main&&state=we7sid-4b67706a1ce69ee4988d38043f521bf9&sign=010d5bbbde25a311962f691b40d7bc17 pn=upload; op=author; orderid=19274; 
上传
[2018-10-28 23:02:00] trace  /app/index.php?i=1&uniacid=1&t=undefined&v=1.3&m=ewei_shopv2&from=wxapp&c=entry&a=wxapp&do=main&&state=we7sid-4b67706a1ce69ee4988d38043f521bf9&sign=010d5bbbde25a311962f691b40d7bc17 pn=upload; op=author; orderid=19268; 
上传
[2018-10-28 23:36:23] trace  /app/index.php?i=1&uniacid=1&t=undefined&v=1.3&m=ewei_shopv2&from=wxapp&c=entry&a=wxapp&do=main&&state=we7sid-939f1e578d56c0682131135d25fcfc8d&sign=4b74904dac34535a2b04bbf5dfad00ec pn=upload; op=author; orderid=19517; 
上传
[2018-10-28 23:39:24] trace  /app/index.php?i=1&uniacid=1&t=undefined&v=1.3&m=ewei_shopv2&from=wxapp&c=entry&a=wxapp&do=main&&state=we7sid-bf31ad1af5ef1081307b294d986dd46c&sign=c51fb4b969b56f37cf2a76fd999e6ff3 pn=upload; op=order; orderid=19787; 
上传
[2018-10-28 23:46:33] trace  /app/index.php?i=1&uniacid=1&t=undefined&v=1.3&m=ewei_shopv2&from=wxapp&c=entry&a=wxapp&do=main&&state=we7sid-13d627a17bd075d9ec6416554e0e3afd&sign=d4c1696dafc3f23225a0d3ac0ae8a10d op=order; orderid=19788; pn=upload; 
上传
