[2018-09-20 00:27:03] trace  /app/index.php?i=1&uniacid=1&t=undefined&v=1.3&m=ewei_shopv2&from=wxapp&c=entry&a=wxapp&do=main&&state=we7sid-ef270d213cf173e306011c5be6cd7e23&sign=56c906bea7f0a7a1b1f2bc418158ffb7 pn=upload; op=author; orderid=17425; 
上传
[2018-09-20 00:27:24] trace  /app/index.php?i=1&uniacid=1&t=undefined&v=1.3&m=ewei_shopv2&from=wxapp&c=entry&a=wxapp&do=main&&state=we7sid-ef270d213cf173e306011c5be6cd7e23&sign=56c906bea7f0a7a1b1f2bc418158ffb7 pn=upload; op=author; orderid=17419; 
上传
[2018-09-20 00:35:15] trace  /app/index.php?i=1&uniacid=1&t=undefined&v=1.3&m=ewei_shopv2&from=wxapp&c=entry&a=wxapp&do=main&&state=we7sid-891bb0206166e1191f4b5e83e0823258&sign=9b795f3d0d0c795cf55f8b49f6e5892a op=order; pn=upload; orderid=17518; 
上传
[2018-09-20 00:37:56] trace  /app/index.php?i=1&uniacid=1&t=undefined&v=1.3&m=ewei_shopv2&from=wxapp&c=entry&a=wxapp&do=main&&state=we7sid-891bb0206166e1191f4b5e83e0823258&sign=9b795f3d0d0c795cf55f8b49f6e5892a op=order; pn=upload; orderid=17519; 
上传
[2018-09-20 00:37:57] trace  /app/index.php?i=1&uniacid=1&t=undefined&v=1.3&m=ewei_shopv2&from=wxapp&c=entry&a=wxapp&do=main&&state=we7sid-ef270d213cf173e306011c5be6cd7e23&sign=56c906bea7f0a7a1b1f2bc418158ffb7 pn=upload; op=author; orderid=17445; 
上传
[2018-09-20 00:38:15] trace  /app/index.php?i=1&uniacid=1&t=undefined&v=1.3&m=ewei_shopv2&from=wxapp&c=entry&a=wxapp&do=main&&state=we7sid-ef270d213cf173e306011c5be6cd7e23&sign=56c906bea7f0a7a1b1f2bc418158ffb7 pn=upload; op=author; orderid=17448; 
上传
[2018-09-20 00:38:40] trace  /app/index.php?i=1&uniacid=1&t=undefined&v=1.3&m=ewei_shopv2&from=wxapp&c=entry&a=wxapp&do=main&&state=we7sid-ef270d213cf173e306011c5be6cd7e23&sign=56c906bea7f0a7a1b1f2bc418158ffb7 pn=upload; op=author; orderid=17270; 
上传
[2018-09-20 00:38:55] trace  /app/index.php?i=1&uniacid=1&t=undefined&v=1.3&m=ewei_shopv2&from=wxapp&c=entry&a=wxapp&do=main&&state=we7sid-ef270d213cf173e306011c5be6cd7e23&sign=56c906bea7f0a7a1b1f2bc418158ffb7 pn=upload; op=author; orderid=17246; 
上传
[2018-09-20 00:39:14] trace  /app/index.php?i=1&uniacid=1&t=undefined&v=1.3&m=ewei_shopv2&from=wxapp&c=entry&a=wxapp&do=main&&state=we7sid-ef270d213cf173e306011c5be6cd7e23&sign=56c906bea7f0a7a1b1f2bc418158ffb7 pn=upload; op=author; orderid=17228; 
上传
[2018-09-20 00:39:31] trace  /app/index.php?i=1&uniacid=1&t=undefined&v=1.3&m=ewei_shopv2&from=wxapp&c=entry&a=wxapp&do=main&&state=we7sid-ef270d213cf173e306011c5be6cd7e23&sign=56c906bea7f0a7a1b1f2bc418158ffb7 pn=upload; op=author; orderid=17192; 
上传
[2018-09-20 00:39:47] trace  /app/index.php?i=1&uniacid=1&t=undefined&v=1.3&m=ewei_shopv2&from=wxapp&c=entry&a=wxapp&do=main&&state=we7sid-ef270d213cf173e306011c5be6cd7e23&sign=56c906bea7f0a7a1b1f2bc418158ffb7 pn=upload; op=author; orderid=17189; 
上传
[2018-09-20 00:40:08] trace  /app/index.php?i=1&uniacid=1&t=undefined&v=1.3&m=ewei_shopv2&from=wxapp&c=entry&a=wxapp&do=main&&state=we7sid-ef270d213cf173e306011c5be6cd7e23&sign=56c906bea7f0a7a1b1f2bc418158ffb7 pn=upload; op=author; orderid=17070; 
上传
[2018-09-20 00:40:22] trace  /app/index.php?i=1&uniacid=1&t=undefined&v=1.3&m=ewei_shopv2&from=wxapp&c=entry&a=wxapp&do=main&&state=we7sid-ef270d213cf173e306011c5be6cd7e23&sign=56c906bea7f0a7a1b1f2bc418158ffb7 pn=upload; op=author; orderid=17068; 
上传
[2018-09-20 00:40:39] trace  /app/index.php?i=1&uniacid=1&t=undefined&v=1.3&m=ewei_shopv2&from=wxapp&c=entry&a=wxapp&do=main&&state=we7sid-ef270d213cf173e306011c5be6cd7e23&sign=56c906bea7f0a7a1b1f2bc418158ffb7 pn=upload; op=author; orderid=17090; 
上传
[2018-09-20 00:40:57] trace  /app/index.php?i=1&uniacid=1&t=undefined&v=1.3&m=ewei_shopv2&from=wxapp&c=entry&a=wxapp&do=main&&state=we7sid-ef270d213cf173e306011c5be6cd7e23&sign=56c906bea7f0a7a1b1f2bc418158ffb7 pn=upload; op=author; orderid=17055; 
上传
[2018-09-20 02:35:00] trace  /app/index.php?i=1&uniacid=1&t=undefined&v=1.3&m=ewei_shopv2&from=wxapp&c=entry&a=wxapp&do=main&&state=we7sid-4dba0ae634884fdb14ad3d160876cad1&sign=d01f41d09c981b3721047841976fd573 pn=upload; op=order; orderid=17520; 
上传
[2018-09-20 02:37:06] trace  /app/index.php?i=1&uniacid=1&t=undefined&v=1.3&m=ewei_shopv2&from=wxapp&c=entry&a=wxapp&do=main&&state=we7sid-4dba0ae634884fdb14ad3d160876cad1&sign=d01f41d09c981b3721047841976fd573 pn=upload; op=order; orderid=17521; 
上传
[2018-09-20 03:46:29] trace  /app/index.php?i=1&uniacid=1&t=undefined&v=1.3&m=ewei_shopv2&from=wxapp&c=entry&a=wxapp&do=main&&state=we7sid-4251f646ca241e3671719781520700a6&sign=708f95067dbbeb606e9c85e28e827c34 pn=upload; op=order; orderid=17522; 
上传
[2018-09-20 06:05:20] trace  /app/index.php?i=1&uniacid=1&t=undefined&v=1.3&m=ewei_shopv2&from=wxapp&c=entry&a=wxapp&do=main&&state=we7sid-615b0dfd72658ee1bdc02f48f25738f0&sign=c06344315a4956d8a4578554c3749571 pn=upload; op=order; orderid=17523; 
上传
[2018-09-20 06:15:54] trace  /app/index.php?i=1&uniacid=1&t=undefined&v=1.3&m=ewei_shopv2&from=wxapp&c=entry&a=wxapp&do=main&&state=we7sid-615b0dfd72658ee1bdc02f48f25738f0&sign=c06344315a4956d8a4578554c3749571 pn=upload; op=order; orderid=17524; 
上传
[2018-09-20 10:14:32] trace  /app/index.php?i=1&uniacid=1&t=undefined&v=1.3&m=ewei_shopv2&from=wxapp&c=entry&a=wxapp&do=main&&state=we7sid-04be907452113b3b9985ab8ef4a63162&sign=f9d61324e8b265b221fb9418f50a2ae6 pn=upload; op=order; orderid=17525; 
上传
[2018-09-20 10:14:49] trace  /app/index.php?i=1&uniacid=1&t=undefined&v=1.3&m=ewei_shopv2&from=wxapp&c=entry&a=wxapp&do=main&&state=we7sid-04be907452113b3b9985ab8ef4a63162&sign=f9d61324e8b265b221fb9418f50a2ae6 pn=upload; op=order; orderid=17526; 
上传
[2018-09-20 10:14:56] trace  /app/index.php?i=1&uniacid=1&t=undefined&v=1.3&m=ewei_shopv2&from=wxapp&c=entry&a=wxapp&do=main&&state=we7sid-07a4f68719cd907ca6c2856148e08371&sign=24708ba401b842cc82483eb3196aea20 pn=upload; op=order; orderid=17527; 
上传
[2018-09-20 10:22:16] trace  /app/index.php?i=1&uniacid=1&t=undefined&v=1.3&m=ewei_shopv2&from=wxapp&c=entry&a=wxapp&do=main&&state=we7sid-187c5956fa9170a7b94a852103db9ce7&sign=ad3dc8e2817d9d5cffa8e7f503a98f58 pn=upload; op=order; orderid=17528; 
上传
[2018-09-20 10:28:05] trace  /app/index.php?i=1&uniacid=1&t=undefined&v=1.3&m=ewei_shopv2&from=wxapp&c=entry&a=wxapp&do=main&&state=we7sid-7ed57c183bd217e2964b6a69da8f7090&sign=750d809dabf13d8df4dd7007cc38c450 pn=upload; op=order; orderid=17529; 
上传
[2018-09-20 10:42:30] trace  /app/index.php?i=1&uniacid=1&t=undefined&v=1.3&m=ewei_shopv2&from=wxapp&c=entry&a=wxapp&do=main&&state=we7sid-47f49e16a227f336f97d8d7a5bbde6c0&sign=a78f8667150d01dd5cf87daf5b063cb9 pn=upload; op=order; orderid=17530; 
上传
[2018-09-20 11:02:41] trace  /app/index.php?i=1&uniacid=1&t=undefined&v=1.3&m=ewei_shopv2&from=wxapp&c=entry&a=wxapp&do=main&&state=we7sid-55107e6c06d9ebbc1f06f739e71672cc&sign=119afce9a45967e089ad7459093169cc pn=upload; op=order; orderid=17531; 
上传
[2018-09-20 11:17:35] trace  /app/index.php?i=1&uniacid=1&t=undefined&v=1.3&m=ewei_shopv2&from=wxapp&c=entry&a=wxapp&do=main&&state=we7sid-024ddc4cc278f492f2acc4e2f7ce12b0&sign=7c8b752bbdad0ad2f51ebb3d36c979a8 pn=upload; op=order; orderid=17532; 
上传
[2018-09-20 11:22:19] trace  /app/index.php?i=1&uniacid=1&t=undefined&v=1.3&m=ewei_shopv2&from=wxapp&c=entry&a=wxapp&do=main&&state=we7sid-fc5f4bc438d4becf208b5b5473d30e14&sign=c6a4352d0fcb0c886f5212bcfe08df68 pn=upload; op=order; orderid=17533; 
上传
[2018-09-20 12:36:04] trace  /app/index.php?i=1&uniacid=1&t=undefined&v=1.3&m=ewei_shopv2&from=wxapp&c=entry&a=wxapp&do=main&&state=we7sid-0f330e717b377ddec9c03508a0f745cf&sign=04bed883c7832b2ff2c47863fca874ee pn=upload; op=order; orderid=17534; 
上传
[2018-09-20 13:26:36] trace  /app/index.php?i=1&uniacid=1&t=undefined&v=1.3&m=ewei_shopv2&from=wxapp&c=entry&a=wxapp&do=main&&state=we7sid-3eda0f1fdb84ac1993f5c7d09f64786b&sign=79ac41f31876eacb9d0e655d6aff718b pn=upload; op=order; orderid=17535; 
上传
[2018-09-20 14:04:27] trace  /app/index.php?i=1&uniacid=1&t=undefined&v=1.3&m=ewei_shopv2&from=wxapp&c=entry&a=wxapp&do=main&&state=we7sid-2332977de2042df84da92d3343cc5db5&sign=15e18af26befacd59440b5f13c43c473 pn=upload; op=author; orderid=17393; 
上传
[2018-09-20 14:04:43] trace  /app/index.php?i=1&uniacid=1&t=undefined&v=1.3&m=ewei_shopv2&from=wxapp&c=entry&a=wxapp&do=main&&state=we7sid-2332977de2042df84da92d3343cc5db5&sign=15e18af26befacd59440b5f13c43c473 pn=upload; op=author; orderid=17386; 
上传
[2018-09-20 14:05:01] trace  /app/index.php?i=1&uniacid=1&t=undefined&v=1.3&m=ewei_shopv2&from=wxapp&c=entry&a=wxapp&do=main&&state=we7sid-2332977de2042df84da92d3343cc5db5&sign=15e18af26befacd59440b5f13c43c473 pn=upload; op=author; orderid=17383; 
上传
[2018-09-20 14:05:16] trace  /app/index.php?i=1&uniacid=1&t=undefined&v=1.3&m=ewei_shopv2&from=wxapp&c=entry&a=wxapp&do=main&&state=we7sid-2332977de2042df84da92d3343cc5db5&sign=15e18af26befacd59440b5f13c43c473 pn=upload; op=author; orderid=17345; 
上传
[2018-09-20 14:05:30] trace  /app/index.php?i=1&uniacid=1&t=undefined&v=1.3&m=ewei_shopv2&from=wxapp&c=entry&a=wxapp&do=main&&state=we7sid-2332977de2042df84da92d3343cc5db5&sign=15e18af26befacd59440b5f13c43c473 pn=upload; op=author; orderid=17306; 
上传
[2018-09-20 14:05:45] trace  /app/index.php?i=1&uniacid=1&t=undefined&v=1.3&m=ewei_shopv2&from=wxapp&c=entry&a=wxapp&do=main&&state=we7sid-2332977de2042df84da92d3343cc5db5&sign=15e18af26befacd59440b5f13c43c473 pn=upload; op=author; orderid=17244; 
上传
[2018-09-20 14:06:11] trace  /app/index.php?i=1&uniacid=1&t=undefined&v=1.3&m=ewei_shopv2&from=wxapp&c=entry&a=wxapp&do=main&&state=we7sid-2332977de2042df84da92d3343cc5db5&sign=15e18af26befacd59440b5f13c43c473 pn=upload; op=author; orderid=17108; 
上传
[2018-09-20 14:06:27] trace  /app/index.php?i=1&uniacid=1&t=undefined&v=1.3&m=ewei_shopv2&from=wxapp&c=entry&a=wxapp&do=main&&state=we7sid-2332977de2042df84da92d3343cc5db5&sign=15e18af26befacd59440b5f13c43c473 pn=upload; op=author; orderid=17089; 
上传
[2018-09-20 14:06:43] trace  /app/index.php?i=1&uniacid=1&t=undefined&v=1.3&m=ewei_shopv2&from=wxapp&c=entry&a=wxapp&do=main&&state=we7sid-2332977de2042df84da92d3343cc5db5&sign=15e18af26befacd59440b5f13c43c473 pn=upload; op=author; orderid=17066; 
上传
[2018-09-20 14:09:04] trace  /app/index.php?i=1&uniacid=1&t=undefined&v=1.3&m=ewei_shopv2&from=wxapp&c=entry&a=wxapp&do=main&&state=we7sid-25cf3ed77a6d3b824364231edff76a61&sign=878240fd3662e0b48413f65dc98cdfd8 pn=upload; op=order; orderid=17536; 
上传
[2018-09-20 14:36:05] trace  /app/index.php?i=1&uniacid=1&t=undefined&v=1.3&m=ewei_shopv2&from=wxapp&c=entry&a=wxapp&do=main&&state=we7sid-2332977de2042df84da92d3343cc5db5&sign=15e18af26befacd59440b5f13c43c473 pn=upload; op=author; orderid=17204; 
上传
[2018-09-20 14:58:26] trace  /app/index.php?i=1&uniacid=1&t=undefined&v=1.3&m=ewei_shopv2&from=wxapp&c=entry&a=wxapp&do=main&&state=we7sid-e044f1917edee83356374ae95896c0a9&sign=2c95827ad43b44b618b3f33d222fc51e op=order; orderid=17537; pn=upload; 
上传
[2018-09-20 15:07:38] trace  /app/index.php?i=1&uniacid=1&t=undefined&v=1.3&m=ewei_shopv2&from=wxapp&c=entry&a=wxapp&do=main&&state=we7sid-1bba16902c189e1f53f7953e4f68419e&sign=c7836a25c656f1eb258bbd60b44ee9bd pn=upload; op=order; orderid=17538; 
上传
[2018-09-20 15:18:39] trace  /app/index.php?i=1&uniacid=1&t=undefined&v=1.3&m=ewei_shopv2&from=wxapp&c=entry&a=wxapp&do=main&&state=we7sid-2332977de2042df84da92d3343cc5db5&sign=15e18af26befacd59440b5f13c43c473 pn=upload; op=author; orderid=17436; 
上传
[2018-09-20 15:18:52] trace  /app/index.php?i=1&uniacid=1&t=undefined&v=1.3&m=ewei_shopv2&from=wxapp&c=entry&a=wxapp&do=main&&state=we7sid-2332977de2042df84da92d3343cc5db5&sign=15e18af26befacd59440b5f13c43c473 pn=upload; op=author; orderid=17384; 
上传
[2018-09-20 15:39:35] trace  /app/index.php?i=1&uniacid=1&t=undefined&v=1.3&m=ewei_shopv2&from=wxapp&c=entry&a=wxapp&do=main&&state=we7sid-2332977de2042df84da92d3343cc5db5&sign=15e18af26befacd59440b5f13c43c473 pn=upload; op=author; orderid=17153; 
上传
[2018-09-20 15:51:38] trace  /app/index.php?i=1&uniacid=1&t=undefined&v=1.3&m=ewei_shopv2&from=wxapp&c=entry&a=wxapp&do=main&&state=we7sid-56583dbc14a5d67a9bc36b6ec7fd08b3&sign=4447bbd35175f0261444fff5e5cef3a4 pn=upload; op=order; orderid=17539; 
上传
[2018-09-20 16:59:08] trace  /app/index.php?i=1&uniacid=1&t=undefined&v=1.3&m=ewei_shopv2&from=wxapp&c=entry&a=wxapp&do=main&&state=we7sid-c9fb16d567e44016656a73a42da2a459&sign=aa6dc7567d43fa95be51a4b88d0ee60f pn=upload; op=order; orderid=17540; 
上传
[2018-09-20 16:59:21] trace  /app/index.php?i=1&uniacid=1&t=undefined&v=1.3&m=ewei_shopv2&from=wxapp&c=entry&a=wxapp&do=main&&state=we7sid-c9fb16d567e44016656a73a42da2a459&sign=aa6dc7567d43fa95be51a4b88d0ee60f pn=upload; op=order; orderid=17541; 
上传
[2018-09-20 17:00:33] trace  /app/index.php?i=1&uniacid=1&t=undefined&v=1.3&m=ewei_shopv2&from=wxapp&c=entry&a=wxapp&do=main&&state=we7sid-c9fb16d567e44016656a73a42da2a459&sign=aa6dc7567d43fa95be51a4b88d0ee60f pn=upload; op=order; orderid=17542; 
上传
[2018-09-20 17:19:16] trace  /app/index.php?i=1&uniacid=1&t=undefined&v=1.3&m=ewei_shopv2&from=wxapp&c=entry&a=wxapp&do=main&&state=we7sid-b0448fc9154ff6f7f590528d8b261295&sign=098278709a0a5f3b542d7905ea476248 pn=upload; op=order; orderid=17543; 
上传
[2018-09-20 17:19:18] trace  /app/index.php?i=1&uniacid=1&t=undefined&v=1.3&m=ewei_shopv2&from=wxapp&c=entry&a=wxapp&do=main&&state=we7sid-b0448fc9154ff6f7f590528d8b261295&sign=098278709a0a5f3b542d7905ea476248 pn=upload; op=order; orderid=17543; 
上传
[2018-09-20 17:20:09] trace  /app/index.php?i=1&uniacid=1&t=undefined&v=1.3&m=ewei_shopv2&from=wxapp&c=entry&a=wxapp&do=main&&state=we7sid-85631379b11307506ff7e28f10b9feb1&sign=b73bec4a50f352ee7e4d619448a93652 pn=upload; op=order; orderid=17544; 
上传
[2018-09-20 17:38:42] trace  /app/index.php?i=1&uniacid=1&t=undefined&v=1.3&m=ewei_shopv2&from=wxapp&c=entry&a=wxapp&do=main&&state=we7sid-8dd832f6eff9cc2e9017206e6c07d699&sign=5f9bf5826271cfab43585eeba8689f99 op=order; orderid=17545; pn=upload; 
上传
[2018-09-20 17:43:49] trace  /app/index.php?i=1&uniacid=1&t=undefined&v=1.3&m=ewei_shopv2&from=wxapp&c=entry&a=wxapp&do=main&&state=we7sid-42519d7d395e416510d4397931655dec&sign=165e1fb5c3c172ac6cb0ba6ed33869cf op=order; pn=upload; orderid=17546; 
上传
[2018-09-20 18:14:33] trace  /app/index.php?i=1&uniacid=1&t=undefined&v=1.3&m=ewei_shopv2&from=wxapp&c=entry&a=wxapp&do=main&&state=we7sid-42b5765a199d6746127e33b404974365&sign=cf4547c06d1013332af417d39fc65534 pn=upload; op=order; orderid=17547; 
上传
[2018-09-20 18:29:08] trace  /app/index.php?i=1&uniacid=1&t=undefined&v=1.3&m=ewei_shopv2&from=wxapp&c=entry&a=wxapp&do=main&&state=we7sid-d780f2716809f526fa2f627b92347f42&sign=b0ab844f1750db622666bdb4d2ba3f30 pn=upload; op=order; orderid=17548; 
上传
[2018-09-20 18:51:43] trace  /app/index.php?i=1&uniacid=1&t=undefined&v=1.3&m=ewei_shopv2&from=wxapp&c=entry&a=wxapp&do=main&&state=we7sid-ddfe8e1cd395daa6553ecc2bd9b697a4&sign=02b53a0bcf54af1f248b9e0ab776847f pn=upload; op=author; orderid=17374; 
上传
[2018-09-20 18:51:57] trace  /app/index.php?i=1&uniacid=1&t=undefined&v=1.3&m=ewei_shopv2&from=wxapp&c=entry&a=wxapp&do=main&&state=we7sid-ddfe8e1cd395daa6553ecc2bd9b697a4&sign=02b53a0bcf54af1f248b9e0ab776847f pn=upload; op=author; orderid=17096; 
上传
[2018-09-20 19:18:07] trace  /app/index.php?i=1&uniacid=1&t=undefined&v=1.3&m=ewei_shopv2&from=wxapp&c=entry&a=wxapp&do=main&&state=we7sid-7e2d4d1310e2125a3fd6d7b66002b895&sign=4312347e7079318503f3e022cbf22d59 pn=upload; op=order; orderid=17549; 
上传
[2018-09-20 19:20:24] trace  /app/index.php?i=1&uniacid=1&t=undefined&v=1.3&m=ewei_shopv2&from=wxapp&c=entry&a=wxapp&do=main&&state=we7sid-7e2d4d1310e2125a3fd6d7b66002b895&sign=4312347e7079318503f3e022cbf22d59 pn=upload; op=order; orderid=17550; 
上传
[2018-09-20 19:34:32] trace  /app/index.php?i=1&uniacid=1&t=undefined&v=1.3&m=ewei_shopv2&from=wxapp&c=entry&a=wxapp&do=main&&state=we7sid-ddfe8e1cd395daa6553ecc2bd9b697a4&sign=02b53a0bcf54af1f248b9e0ab776847f pn=upload; op=author; orderid=17402; 
上传
[2018-09-20 19:34:32] trace  /app/index.php?i=1&uniacid=1&t=undefined&v=1.3&m=ewei_shopv2&from=wxapp&c=entry&a=wxapp&do=main&&state=we7sid-ddfe8e1cd395daa6553ecc2bd9b697a4&sign=02b53a0bcf54af1f248b9e0ab776847f pn=upload; op=author; orderid=17402; 
上传
[2018-09-20 19:38:18] trace  /app/index.php?i=1&uniacid=1&t=undefined&v=1.3&m=ewei_shopv2&from=wxapp&c=entry&a=wxapp&do=main&&state=we7sid-514a1b8d4bc2ccf217f9a3a656ab5555&sign=e3da2839160985b2a93fb914aba6c2f1 pn=upload; op=order; orderid=17551; 
上传
[2018-09-20 20:07:00] trace  /app/index.php?i=1&uniacid=1&t=undefined&v=1.3&m=ewei_shopv2&from=wxapp&c=entry&a=wxapp&do=main&&state=we7sid-7f975ea207abdc01129595a5d65e88ea&sign=360788f6cf6f0d74e44d222074687f9f op=order; orderid=17552; pn=upload; 
上传
[2018-09-20 20:10:26] trace  /app/index.php?i=1&uniacid=1&t=undefined&v=1.3&m=ewei_shopv2&from=wxapp&c=entry&a=wxapp&do=main&&state=we7sid-7f975ea207abdc01129595a5d65e88ea&sign=360788f6cf6f0d74e44d222074687f9f op=order; orderid=17553; pn=upload; 
上传
[2018-09-20 20:10:52] trace  /app/index.php?i=1&uniacid=1&t=undefined&v=1.3&m=ewei_shopv2&from=wxapp&c=entry&a=wxapp&do=main&&state=we7sid-b1533cfaa9e0004ff5acc480844ad85f&sign=c63fe69cf7b6d7210066efb89dfb053e pn=upload; op=order; orderid=17554; 
上传
[2018-09-20 20:20:17] trace  /app/index.php?i=1&uniacid=1&t=undefined&v=1.3&m=ewei_shopv2&from=wxapp&c=entry&a=wxapp&do=main&&state=we7sid-8b5405fb0a3facc877060ebc1d851012&sign=b7c140dc0a34f28b583bb79e5f7c56c5 pn=upload; op=order; orderid=17555; 
上传
[2018-09-20 20:34:27] trace  /app/index.php?i=1&uniacid=1&t=undefined&v=1.3&m=ewei_shopv2&from=wxapp&c=entry&a=wxapp&do=main&&state=we7sid-e5514069ad75aac577abe7bc6bb96522&sign=6162b466b5137b84dff9a640de76ab64 op=order; orderid=17556; pn=upload; 
上传
[2018-09-20 21:00:02] trace  /app/index.php?i=1&uniacid=1&t=undefined&v=1.3&m=ewei_shopv2&from=wxapp&c=entry&a=wxapp&do=main&&state=we7sid-73328ea746697eae31b50d74a59a5db9&sign=86b1ea9fb37295d4b2d97c97cf449f33 op=order; pn=upload; orderid=17557; 
上传
[2018-09-20 21:13:32] trace  /app/index.php?i=1&uniacid=1&t=undefined&v=1.3&m=ewei_shopv2&from=wxapp&c=entry&a=wxapp&do=main&&state=we7sid-0bf2b8d448ac05868c0aa48dcf69faee&sign=2f4a32b9729f50e242f9baec746109d3 pn=upload; op=order; orderid=17558; 
上传
[2018-09-20 21:47:41] trace  /app/index.php?i=1&uniacid=1&t=undefined&v=1.3&m=ewei_shopv2&from=wxapp&c=entry&a=wxapp&do=main&&state=we7sid-e1064976a1551d88d00c3979cfd6496f&sign=a10c88faade3637fe398d6aab93fb366 pn=upload; op=order; orderid=17559; 
上传
[2018-09-20 21:55:34] trace  /app/index.php?i=1&uniacid=1&t=undefined&v=1.3&m=ewei_shopv2&from=wxapp&c=entry&a=wxapp&do=main&&state=we7sid-faee6d40e53e79442e1af090aebc58c9&sign=c089105e292a9418dd9a28fb2ff3e775 op=order; pn=upload; orderid=17560; 
上传
[2018-09-20 22:07:04] trace  /app/index.php?i=1&uniacid=1&t=undefined&v=1.3&m=ewei_shopv2&from=wxapp&c=entry&a=wxapp&do=main&&state=we7sid-4ef665d9d17488f4f8dcbce04fcf1dea&sign=69190be663ddb2df94f21f2ec1eac8e6 pn=upload; op=order; orderid=17561; 
上传
[2018-09-20 22:26:59] trace  /app/index.php?i=1&uniacid=1&t=undefined&v=1.3&m=ewei_shopv2&from=wxapp&c=entry&a=wxapp&do=main&&state=we7sid-edd217a787c8b62363385a8a861d1a27&sign=d9540ceed2e60ee82de1a64df7e104b8 pn=upload; op=order; orderid=17562; 
上传
[2018-09-20 22:27:16] trace  /app/index.php?i=1&uniacid=1&t=undefined&v=1.3&m=ewei_shopv2&from=wxapp&c=entry&a=wxapp&do=main&&state=we7sid-edd217a787c8b62363385a8a861d1a27&sign=d9540ceed2e60ee82de1a64df7e104b8 pn=upload; op=order; orderid=17563; 
上传
[2018-09-20 22:27:23] trace  /app/index.php?i=1&uniacid=1&t=undefined&v=1.3&m=ewei_shopv2&from=wxapp&c=entry&a=wxapp&do=main&&state=we7sid-edd217a787c8b62363385a8a861d1a27&sign=d9540ceed2e60ee82de1a64df7e104b8 pn=upload; op=order; orderid=17564; 
上传
[2018-09-20 22:27:36] trace  /app/index.php?i=1&uniacid=1&t=undefined&v=1.3&m=ewei_shopv2&from=wxapp&c=entry&a=wxapp&do=main&&state=we7sid-f6db9fa33006c47eae3824a8aad2ef73&sign=f1d5e478867b57499af3fcff7d174a7c pn=upload; op=order; orderid=17565; 
上传
[2018-09-20 22:29:51] trace  /app/index.php?i=1&uniacid=1&t=undefined&v=1.3&m=ewei_shopv2&from=wxapp&c=entry&a=wxapp&do=main&&state=we7sid-76950d41daca98b69ce83d6e01f39ed5&sign=6aebf8b813581fcf822256ab0ea66e67 pn=upload; op=order; orderid=17566; 
上传
[2018-09-20 22:30:41] trace  /app/index.php?i=1&uniacid=1&t=undefined&v=1.3&m=ewei_shopv2&from=wxapp&c=entry&a=wxapp&do=main&&state=we7sid-07b169bbfc9106de2f69297ee3052a37&sign=abb61e8673456fe9589513f60bc7dd09 pn=upload; op=order; orderid=17567; 
上传
[2018-09-20 22:32:09] trace  /app/index.php?i=1&uniacid=1&t=undefined&v=1.3&m=ewei_shopv2&from=wxapp&c=entry&a=wxapp&do=main&&state=we7sid-27c8883fb22d862a32169a3d241071a3&sign=ce8b704b88d61beda8111a0f9240a463 pn=upload; op=order; orderid=17568; 
上传
[2018-09-20 22:32:57] trace  /app/index.php?i=1&uniacid=1&t=undefined&v=1.3&m=ewei_shopv2&from=wxapp&c=entry&a=wxapp&do=main&&state=we7sid-405fe746e3c0550a4829d23cfc60158e&sign=a000487dac82cef55cc09cc6bd34a8eb pn=upload; op=order; orderid=17569; 
上传
[2018-09-20 22:33:57] trace  /app/index.php?i=1&uniacid=1&t=undefined&v=1.3&m=ewei_shopv2&from=wxapp&c=entry&a=wxapp&do=main&&state=we7sid-e9b90828404f501e19909738aa339bde&sign=e362f7e497b5c210559063666864da7f pn=upload; op=order; orderid=17570; 
上传
[2018-09-20 22:58:55] trace  /app/index.php?i=1&uniacid=1&t=undefined&v=1.3&m=ewei_shopv2&from=wxapp&c=entry&a=wxapp&do=main&&state=we7sid-d2a9615e643d69165ff19e03c24760a5&sign=95bd8c929fa219508ed763d77a55328d pn=upload; op=order; orderid=17571; 
上传
