[2018-06-13 00:13:07] trace  /app/index.php?i=1&uniacid=1&t=undefined&v=1.1&m=ewei_shopv2&from=wxapp&c=entry&a=wxapp&do=main&&state=we7sid-93760f34a305efc2121c94eaf35998c8&sign=fe38f68ea73ae9fc97020cd1862d2263 pn=upload; op=author; orderid=7373; 
上传
[2018-06-13 00:19:08] trace  /app/index.php?i=1&uniacid=1&t=undefined&v=1.1&m=ewei_shopv2&from=wxapp&c=entry&a=wxapp&do=main&&state=we7sid-93760f34a305efc2121c94eaf35998c8&sign=fe38f68ea73ae9fc97020cd1862d2263 pn=upload; op=author; orderid=7392; 
上传
[2018-06-13 00:26:14] trace  /app/index.php?i=1&uniacid=1&t=undefined&v=1.1&m=ewei_shopv2&from=wxapp&c=entry&a=wxapp&do=main&&state=we7sid-93760f34a305efc2121c94eaf35998c8&sign=fe38f68ea73ae9fc97020cd1862d2263 pn=upload; op=author; orderid=7398; 
上传
[2018-06-13 00:32:04] trace  /app/index.php?i=1&uniacid=1&t=undefined&v=1.1&m=ewei_shopv2&from=wxapp&c=entry&a=wxapp&do=main&&state=we7sid-93760f34a305efc2121c94eaf35998c8&sign=fe38f68ea73ae9fc97020cd1862d2263 pn=upload; op=author; orderid=7442; 
上传
[2018-06-13 00:39:26] trace  /app/index.php?i=1&uniacid=1&t=undefined&v=1.1&m=ewei_shopv2&from=wxapp&c=entry&a=wxapp&do=main&&state=we7sid-93760f34a305efc2121c94eaf35998c8&sign=fe38f68ea73ae9fc97020cd1862d2263 pn=upload; op=author; orderid=7464; 
上传
[2018-06-13 00:46:47] trace  /app/index.php?i=1&uniacid=1&t=undefined&v=1.1&m=ewei_shopv2&from=wxapp&c=entry&a=wxapp&do=main&&state=we7sid-93760f34a305efc2121c94eaf35998c8&sign=fe38f68ea73ae9fc97020cd1862d2263 pn=upload; op=author; orderid=7471; 
上传
[2018-06-13 00:53:57] trace  /app/index.php?i=1&uniacid=1&t=undefined&v=1.1&m=ewei_shopv2&from=wxapp&c=entry&a=wxapp&do=main&&state=we7sid-93760f34a305efc2121c94eaf35998c8&sign=fe38f68ea73ae9fc97020cd1862d2263 pn=upload; op=author; orderid=7482; 
上传
[2018-06-13 01:01:07] trace  /app/index.php?i=1&uniacid=1&t=undefined&v=1.1&m=ewei_shopv2&from=wxapp&c=entry&a=wxapp&do=main&&state=we7sid-93760f34a305efc2121c94eaf35998c8&sign=fe38f68ea73ae9fc97020cd1862d2263 pn=upload; op=author; orderid=7498; 
上传
[2018-06-13 01:05:59] trace  /app/index.php?i=1&uniacid=1&t=undefined&v=1.1&m=ewei_shopv2&from=wxapp&c=entry&a=wxapp&do=main&&state=we7sid-93760f34a305efc2121c94eaf35998c8&sign=fe38f68ea73ae9fc97020cd1862d2263 pn=upload; op=author; orderid=7522; 
上传
[2018-06-13 01:11:42] trace  /app/index.php?i=1&uniacid=1&t=undefined&v=1.1&m=ewei_shopv2&from=wxapp&c=entry&a=wxapp&do=main&&state=we7sid-93760f34a305efc2121c94eaf35998c8&sign=fe38f68ea73ae9fc97020cd1862d2263 pn=upload; op=author; orderid=7551; 
上传
[2018-06-13 02:06:20] trace  /app/index.php?i=1&uniacid=1&t=undefined&v=1.1&m=ewei_shopv2&from=wxapp&c=entry&a=wxapp&do=main&&state=we7sid-2ff288b262df2fbeec5c4ece815d056b&sign=91eeead2157d267becc5c93e09e76356 pn=upload; op=order; orderid=7561; 
上传
[2018-06-13 02:32:56] trace  /app/index.php?i=1&uniacid=1&t=undefined&v=1.1&m=ewei_shopv2&from=wxapp&c=entry&a=wxapp&do=main&&state=we7sid-1d9fd50dc861c62f1a018f8a9d5d0b79&sign=12fe61b7235a079250b8e90407232537 pn=upload; op=order; orderid=7562; 
上传
[2018-06-13 05:16:40] trace  /app/index.php?i=1&uniacid=1&t=undefined&v=1.1&m=ewei_shopv2&from=wxapp&c=entry&a=wxapp&do=main&&state=we7sid-59411c0fcbbf633c4bd6ebf8df8e9427&sign=47d2184e30048b41b271aab934bafc90 pn=upload; op=order; orderid=7563; 
上传
[2018-06-13 09:01:21] trace  /app/index.php?i=1&uniacid=1&t=undefined&v=1.1&m=ewei_shopv2&from=wxapp&c=entry&a=wxapp&do=main&&state=we7sid-2c2848292ad657afaf2c9390b0733012&sign=48110ab1411e57c4f83223d5aaba60f8 pn=upload; op=order; orderid=7564; 
上传
[2018-06-13 10:49:29] trace  /app/index.php?i=1&uniacid=1&t=undefined&v=1.1&m=ewei_shopv2&from=wxapp&c=entry&a=wxapp&do=main&&state=we7sid-16eacd97d2d244f3b7f231324eab1c90&sign=0ec888a696d70ce5f190945fe94b3535 pn=upload; op=order; orderid=7565; 
上传
[2018-06-13 11:17:44] trace  /app/index.php?i=1&uniacid=1&t=undefined&v=1.1&m=ewei_shopv2&from=wxapp&c=entry&a=wxapp&do=main&&state=we7sid-8ed0b358c27701dab523b5290f95d4cb&sign=2f57dc4de419da14a5a5cd839bf5fd64 op=order; orderid=7566; pn=upload; 
上传
[2018-06-13 11:19:22] trace  /app/index.php?i=1&uniacid=1&t=undefined&v=1.1&m=ewei_shopv2&from=wxapp&c=entry&a=wxapp&do=main&&state=we7sid-219e02aa36f8fbd0b73cea7b045d6698&sign=876e5bdd99993243f8ef3a051dcc8d75 pn=upload; op=order; orderid=7567; 
上传
[2018-06-13 11:35:19] trace  /app/index.php?i=1&uniacid=1&t=undefined&v=1.1&m=ewei_shopv2&from=wxapp&c=entry&a=wxapp&do=main&&state=we7sid-849a0badf3e9cb9bc7aea1b4e159950e&sign=9722b8e862f1888452ef568e5ffd653e pn=upload; op=order; orderid=7568; 
上传
[2018-06-13 11:38:12] trace  /app/index.php?i=1&uniacid=1&t=undefined&v=1.1&m=ewei_shopv2&from=wxapp&c=entry&a=wxapp&do=main&&state=we7sid-dd51cc69dcb6b6cd2566c4282d22738e&sign=ec4b20c42f8fe2ab4f370204e06cabe6 op=order; orderid=7569; pn=upload; 
上传
[2018-06-13 12:03:29] trace  /app/index.php?i=1&uniacid=1&t=undefined&v=1.1&m=ewei_shopv2&from=wxapp&c=entry&a=wxapp&do=main&&state=we7sid-b731b5165f0d9ffd40814349d30a746b&sign=7d9a32b0a9f7e19787111d79ccf1c7d3 pn=upload; op=order; orderid=7570; 
上传
[2018-06-13 12:18:24] trace  /app/index.php?i=1&uniacid=1&t=undefined&v=1.1&m=ewei_shopv2&from=wxapp&c=entry&a=wxapp&do=main&&state=we7sid-92a79c3a166ced6c4eae0c6f0a839a44&sign=4a4c2ad08893324d00cfaadfb1c73071 pn=upload; op=order; orderid=7572; 
上传
[2018-06-13 12:32:24] trace  /app/index.php?i=1&uniacid=1&t=undefined&v=1.1&m=ewei_shopv2&from=wxapp&c=entry&a=wxapp&do=main&&state=we7sid-4df0f6ae629bffa7b1bc6abff6dc21e3&sign=81ea64431eafbc48440f55628f651e87 pn=upload; op=order; orderid=7573; 
上传
[2018-06-13 12:36:23] trace  /app/index.php?i=1&uniacid=1&t=undefined&v=1.1&m=ewei_shopv2&from=wxapp&c=entry&a=wxapp&do=main&&state=we7sid-4df0f6ae629bffa7b1bc6abff6dc21e3&sign=81ea64431eafbc48440f55628f651e87 pn=upload; op=order; orderid=7574; 
上传
[2018-06-13 12:48:32] trace  /app/index.php?i=1&uniacid=1&t=undefined&v=1.1&m=ewei_shopv2&from=wxapp&c=entry&a=wxapp&do=main&&state=we7sid-3add0d1a0a1a736a5a1c68e644e65a8f&sign=2846927c68a5a5b823eed0f81e1d1b15 pn=upload; op=order; orderid=7575; 
上传
[2018-06-13 13:09:32] trace  /app/index.php?i=1&uniacid=1&t=undefined&v=1.1&m=ewei_shopv2&from=wxapp&c=entry&a=wxapp&do=main&&state=we7sid-b6b513795eae9f2bd6fc365f594e5699&sign=a434a29d0ef3e112ba1d263d7c457bb7 pn=upload; op=order; orderid=7576; 
上传
[2018-06-13 13:19:55] trace  /app/index.php?i=1&uniacid=1&t=undefined&v=1.1&m=ewei_shopv2&from=wxapp&c=entry&a=wxapp&do=main&&state=we7sid-40e1130d7c9360154dc9816f554cf3a4&sign=8d51c9ff9e7dc2d5437314476840fad2 pn=upload; op=order; orderid=7577; 
上传
[2018-06-13 13:19:55] trace  /app/index.php?i=1&uniacid=1&t=undefined&v=1.1&m=ewei_shopv2&from=wxapp&c=entry&a=wxapp&do=main&&state=we7sid-40e1130d7c9360154dc9816f554cf3a4&sign=8d51c9ff9e7dc2d5437314476840fad2 pn=upload; op=order; orderid=7577; 
上传
[2018-06-13 13:23:23] trace  /app/index.php?i=1&uniacid=1&t=undefined&v=1.1&m=ewei_shopv2&from=wxapp&c=entry&a=wxapp&do=main&&state=we7sid-ba4e3ff0fb084d591a09d00173835195&sign=d234db23073b0f24dbe6d63b8591b21e pn=upload; op=order; orderid=7578; 
上传
[2018-06-13 13:35:16] trace  /app/index.php?i=1&uniacid=1&t=undefined&v=1.1&m=ewei_shopv2&from=wxapp&c=entry&a=wxapp&do=main&&state=we7sid-5ce2860bc53b3ba6b04fb4ee58b17468&sign=07157aefdd2c3cc8cd749df7c65f8f1e pn=upload; op=order; orderid=7579; 
上传
[2018-06-13 13:45:54] trace  /app/index.php?i=1&uniacid=1&t=undefined&v=1.1&m=ewei_shopv2&from=wxapp&c=entry&a=wxapp&do=main&&state=we7sid-7ca700d5c545747ba23a7610ccc61e7f&sign=e15407149b65b05cf437ee7fd63454ad pn=upload; op=order; orderid=7580; 
上传
[2018-06-13 13:59:41] trace  /app/index.php?i=1&uniacid=1&t=undefined&v=1.1&m=ewei_shopv2&from=wxapp&c=entry&a=wxapp&do=main&&state=we7sid-550368ca393efd4e5f512c162061d76b&sign=b8c1acde56cef55a49573a1e9745ccfa pn=upload; op=order; orderid=7581; 
上传
[2018-06-13 14:05:08] trace  /app/index.php?i=1&uniacid=1&t=undefined&v=1.1&m=ewei_shopv2&from=wxapp&c=entry&a=wxapp&do=main&&state=we7sid-81ad1bc40565bac19460f0e76b6003da&sign=ac2394e0d15a28ae95ec8bf924537dfc pn=upload; op=order; orderid=7582; 
上传
[2018-06-13 15:04:15] trace  /app/index.php?i=1&uniacid=1&t=undefined&v=1.1&m=ewei_shopv2&from=wxapp&c=entry&a=wxapp&do=main&&state=we7sid-f71c5fb314e44af9465f4851a96392d7&sign=d35c2747d57425069ff84e929df57c65 pn=upload; op=order; orderid=7583; 
上传
[2018-06-13 15:25:02] trace  /app/index.php?i=1&uniacid=1&t=undefined&v=1.1&m=ewei_shopv2&from=wxapp&c=entry&a=wxapp&do=main&&state=we7sid-a00bd904f5df7a647dc1596ad14756dd&sign=caa5ee9cf91677bae3599b7544a9aab6 pn=upload; op=order; orderid=7584; 
上传
[2018-06-13 15:29:24] trace  /app/index.php?i=1&uniacid=1&t=undefined&v=1.1&m=ewei_shopv2&from=wxapp&c=entry&a=wxapp&do=main&&state=we7sid-bb9d58e2da2c27459be9b0ecf32e53fd&sign=4668b2ee448ff2c12b17663babb6a06f pn=upload; op=order; orderid=7585; 
上传
[2018-06-13 15:32:25] trace  /app/index.php?i=1&uniacid=1&t=undefined&v=1.1&m=ewei_shopv2&from=wxapp&c=entry&a=wxapp&do=main&&state=we7sid-f3d2f9dd11aacbee37548b811a462320&sign=c7273d43d0f0d04653a383a8cc711613 op=order; orderid=7586; pn=upload; 
上传
[2018-06-13 15:32:51] trace  /app/index.php?i=1&uniacid=1&t=undefined&v=1.1&m=ewei_shopv2&from=wxapp&c=entry&a=wxapp&do=main&&state=we7sid-f3d2f9dd11aacbee37548b811a462320&sign=c7273d43d0f0d04653a383a8cc711613 op=order; orderid=7587; pn=upload; 
上传
[2018-06-13 15:34:41] trace  /app/index.php?i=1&uniacid=1&t=undefined&v=1.1&m=ewei_shopv2&from=wxapp&c=entry&a=wxapp&do=main&&state=we7sid-a00bd904f5df7a647dc1596ad14756dd&sign=caa5ee9cf91677bae3599b7544a9aab6 pn=upload; op=order; orderid=7588; 
上传
[2018-06-13 15:37:10] trace  /app/index.php?i=1&uniacid=1&t=undefined&v=1.1&m=ewei_shopv2&from=wxapp&c=entry&a=wxapp&do=main&&state=we7sid-5e72ae19aa94e0ce9026819c90642455&sign=82dc3ccb4e9625de569c82567899fc8e pn=upload; op=order; orderid=7589; 
上传
[2018-06-13 15:37:34] trace  /app/index.php?i=1&uniacid=1&t=undefined&v=1.1&m=ewei_shopv2&from=wxapp&c=entry&a=wxapp&do=main&&state=we7sid-a9deeab255294753873d952523da6354&sign=c51cb41f75a16299144f565d02732491 pn=upload; op=order; orderid=7590; 
上传
[2018-06-13 16:21:49] trace  /app/index.php?i=1&uniacid=1&t=undefined&v=1.1&m=ewei_shopv2&from=wxapp&c=entry&a=wxapp&do=main&&state=we7sid-ccc16a6d1f5892c0ebe4dbaead354492&sign=84bdedf87dc64fa0d0ea4ee6d0fca719 pn=upload; op=order; orderid=7591; 
上传
[2018-06-13 16:22:40] trace  /app/index.php?i=1&uniacid=1&t=undefined&v=1.1&m=ewei_shopv2&from=wxapp&c=entry&a=wxapp&do=main&&state=we7sid-ccc16a6d1f5892c0ebe4dbaead354492&sign=84bdedf87dc64fa0d0ea4ee6d0fca719 pn=upload; op=order; orderid=7592; 
上传
[2018-06-13 16:43:36] trace  /app/index.php?i=1&uniacid=1&t=undefined&v=1.1&m=ewei_shopv2&from=wxapp&c=entry&a=wxapp&do=main&&state=we7sid-a0affacb3d4af60a90cc4ab5cf4d2e55&sign=9016594816c9c38b4287af794d3bfecf pn=upload; op=order; orderid=7593; 
上传
[2018-06-13 17:00:39] trace  /app/index.php?i=1&uniacid=1&t=undefined&v=1.1&m=ewei_shopv2&from=wxapp&c=entry&a=wxapp&do=main&&state=we7sid-786eebd0c912fe9a86b9e7f0ddf842db&sign=41c58adafd24dec97e2e15ec62eb8d4e pn=upload; op=order; orderid=7594; 
上传
[2018-06-13 17:09:12] trace  /app/index.php?i=1&uniacid=1&t=undefined&v=1.1&m=ewei_shopv2&from=wxapp&c=entry&a=wxapp&do=main&&state=we7sid-25f33689f1dea5644b795856280c2cda&sign=5f006e3898948803d98718f45373ea17 pn=upload; op=order; orderid=7595; 
上传
[2018-06-13 17:21:58] trace  /app/index.php?i=1&uniacid=1&t=undefined&v=1.1&m=ewei_shopv2&from=wxapp&c=entry&a=wxapp&do=main&&state=we7sid-a542e4e2f4c75444c3371f1aef03d2ad&sign=1f0f5f17b740509c993e5e6bbe1e8381 pn=upload; op=order; orderid=7596; 
上传
[2018-06-13 17:36:53] trace  /app/index.php?i=1&uniacid=1&t=undefined&v=1.1&m=ewei_shopv2&from=wxapp&c=entry&a=wxapp&do=main&&state=we7sid-75f30c4e4e49d1ba051c169c81a11274&sign=a41b4e973ba94098689a647ab87c210d pn=upload; op=order; orderid=7597; 
上传
[2018-06-13 17:54:03] trace  /app/index.php?i=1&uniacid=1&t=undefined&v=1.1&m=ewei_shopv2&from=wxapp&c=entry&a=wxapp&do=main&&state=we7sid-c2f3582e3feea36adbea8e6791a5afbf&sign=4d19a8a84ffe99c8711bb74a0bbbebce pn=upload; op=order; orderid=7598; 
上传
[2018-06-13 17:57:39] trace  /app/index.php?i=1&uniacid=1&t=undefined&v=1.1&m=ewei_shopv2&from=wxapp&c=entry&a=wxapp&do=main&&state=we7sid-2f27c6816e224c3ad189fbe25510a345&sign=266f48e6f9ed951d683b8d46f7a53bf6 pn=upload; op=order; orderid=7599; 
上传
[2018-06-13 18:35:17] trace  /app/index.php?i=1&uniacid=1&t=undefined&v=1.1&m=ewei_shopv2&from=wxapp&c=entry&a=wxapp&do=main&&state=we7sid-63bee0b2400f801d0b8292150489dae9&sign=1db139c694877cc58c2d91b97cd8f985 op=order; pn=upload; orderid=7601; 
上传
[2018-06-13 18:59:59] trace  /app/index.php?i=1&uniacid=1&t=undefined&v=1.1&m=ewei_shopv2&from=wxapp&c=entry&a=wxapp&do=main&&state=we7sid-917b2afeb3838024cfb40bef2d1b158d&sign=60d7fd816943db3cc531cb9161470549 pn=upload; op=order; orderid=7602; 
上传
[2018-06-13 20:44:56] trace  /app/index.php?i=1&uniacid=1&t=undefined&v=1.1&m=ewei_shopv2&from=wxapp&c=entry&a=wxapp&do=main&&state=we7sid-b9e0b4e4d85296f55fbcf3c39335815e&sign=4b46f48943e16f0f100e681508f2e927 pn=upload; op=order; orderid=7603; 
上传
[2018-06-13 20:56:52] trace  /app/index.php?i=1&uniacid=1&t=undefined&v=1.1&m=ewei_shopv2&from=wxapp&c=entry&a=wxapp&do=main&&state=we7sid-a069208bed1346a7742c717a767b468a&sign=1b76846dd975c006f079bc727c590931 pn=upload; op=order; orderid=7604; 
上传
[2018-06-13 21:01:26] trace  /app/index.php?i=1&uniacid=1&t=undefined&v=1.1&m=ewei_shopv2&from=wxapp&c=entry&a=wxapp&do=main&&state=we7sid-acf0fce2195dcd3d115131cd144d05f8&sign=dd08f61661d34a20f88e3b958b8567b6 op=order; orderid=7605; pn=upload; 
上传
[2018-06-13 21:07:13] trace  /app/index.php?i=1&uniacid=1&t=undefined&v=1.1&m=ewei_shopv2&from=wxapp&c=entry&a=wxapp&do=main&&state=we7sid-61dcb276e177a19110023b3e4485cd96&sign=4f492a191571ecbcce0325f7913f1b1d pn=upload; op=order; orderid=7606; 
上传
[2018-06-13 21:10:26] trace  /app/index.php?i=1&uniacid=1&t=undefined&v=1.1&m=ewei_shopv2&from=wxapp&c=entry&a=wxapp&do=main&&state=we7sid-c5f99907f5b7bbace4fd09fe6d32d25e&sign=227bf53c45a2dfaf66759fc88b6fcb17 pn=upload; op=order; orderid=7607; 
上传
[2018-06-13 22:22:26] trace  /app/index.php?i=1&uniacid=1&t=undefined&v=1.1&m=ewei_shopv2&from=wxapp&c=entry&a=wxapp&do=main&&state=we7sid-47e68e9d3f47f56682a589fb5c4cf497&sign=6f91f251b66e5b1c80771f5ade90e36f pn=upload; op=order; orderid=7608; 
上传
[2018-06-13 22:22:50] trace  /app/index.php?i=1&uniacid=1&t=undefined&v=1.1&m=ewei_shopv2&from=wxapp&c=entry&a=wxapp&do=main&&state=we7sid-6cf8fa912e0554ff91372cd6ff273cb1&sign=88ab589e42c669986e3430c20dd1cf39 pn=upload; op=order; orderid=7609; 
上传
[2018-06-13 22:37:41] trace  /app/index.php?i=1&uniacid=1&t=undefined&v=1.1&m=ewei_shopv2&from=wxapp&c=entry&a=wxapp&do=main&&state=we7sid-02b07a04804c12288d716d9a47322687&sign=e746872e6a82e79c519ee570e2dc0c11 pn=upload; op=order; orderid=7610; 
上传
[2018-06-13 22:45:08] trace  /app/index.php?i=1&uniacid=1&t=undefined&v=1.1&m=ewei_shopv2&from=wxapp&c=entry&a=wxapp&do=main&&state=we7sid-5c80b1320317c1771557603a82849384&sign=b022e3d87cdb456c1ba7b9b892b264e0 pn=upload; op=order; orderid=7611; 
上传
[2018-06-13 22:45:29] trace  /app/index.php?i=1&uniacid=1&t=undefined&v=1.1&m=ewei_shopv2&from=wxapp&c=entry&a=wxapp&do=main&&state=we7sid-1dc507f95d62797755c9b92217ee683e&sign=93170b2526e6363dc4273d98ff01c753 pn=upload; op=order; orderid=7612; 
上传
[2018-06-13 22:58:13] trace  /app/index.php?i=1&uniacid=1&t=undefined&v=1.1&m=ewei_shopv2&from=wxapp&c=entry&a=wxapp&do=main&&state=we7sid-fb722c044ecb0b5f5e58d352e988510a&sign=4fc456cc0d70622b82399af8f2cf0b01 pn=upload; op=order; orderid=7613; 
上传
[2018-06-13 23:12:29] trace  /app/index.php?i=1&uniacid=1&t=undefined&v=1.1&m=ewei_shopv2&from=wxapp&c=entry&a=wxapp&do=main&&state=we7sid-6de3152cedccc4738f5f3abfe380f30a&sign=426b62691f32b6f6528d513ff7c31592 pn=upload; op=order; orderid=7614; 
上传
[2018-06-13 23:18:42] trace  /app/index.php?i=1&uniacid=1&t=undefined&v=1.1&m=ewei_shopv2&from=wxapp&c=entry&a=wxapp&do=main&&state=we7sid-d9d2468efa6a1652e7f14c44017a072c&sign=e4341451b3aa5c8f6695eeaf8ee96164 pn=upload; op=order; orderid=7615; 
上传
[2018-06-13 23:21:29] trace  /app/index.php?i=1&uniacid=1&t=undefined&v=1.1&m=ewei_shopv2&from=wxapp&c=entry&a=wxapp&do=main&&state=we7sid-66489d09ef387b25c31e957824798b0a&sign=9b784c1bb92639c03dc78d004bba9bdf pn=upload; op=order; orderid=7616; 
上传
[2018-06-13 23:32:26] trace  /app/index.php?i=1&uniacid=1&t=undefined&v=1.1&m=ewei_shopv2&from=wxapp&c=entry&a=wxapp&do=main&&state=we7sid-8aefb1e46cd5dab10441e999ac1c12b6&sign=4f9978168627fcc9e09b29910d12afca pn=upload; op=order; orderid=7617; 
上传
