[2018-06-25 00:12:26] trace  /app/index.php?i=1&uniacid=1&t=undefined&v=1.3&m=ewei_shopv2&from=wxapp&c=entry&a=wxapp&do=main&&state=we7sid-1d0f1587b025f7118b21465d33b94cdd&sign=c96da88c195bda9f8349716a8d3bfbbf pn=upload; op=author; orderid=8539; 
上传
[2018-06-25 00:23:45] trace  /app/index.php?i=1&uniacid=1&t=undefined&v=1.3&m=ewei_shopv2&from=wxapp&c=entry&a=wxapp&do=main&&state=we7sid-c70504c27a721b677c29682da07563f7&sign=99ea6dad66dee92038e0fdeb73bc557f pn=upload; op=order; orderid=9077; 
上传
[2018-06-25 00:35:45] trace  /app/index.php?i=1&uniacid=1&t=undefined&v=1.3&m=ewei_shopv2&from=wxapp&c=entry&a=wxapp&do=main&&state=we7sid-1d0f1587b025f7118b21465d33b94cdd&sign=c96da88c195bda9f8349716a8d3bfbbf pn=upload; op=author; orderid=8549; 
上传
[2018-06-25 00:35:45] trace  /app/index.php?i=1&uniacid=1&t=undefined&v=1.3&m=ewei_shopv2&from=wxapp&c=entry&a=wxapp&do=main&&state=we7sid-1d0f1587b025f7118b21465d33b94cdd&sign=c96da88c195bda9f8349716a8d3bfbbf pn=upload; op=author; orderid=8549; 
上传
[2018-06-25 00:42:56] trace  /app/index.php?i=1&uniacid=1&t=undefined&v=1.3&m=ewei_shopv2&from=wxapp&c=entry&a=wxapp&do=main&&state=we7sid-1d0f1587b025f7118b21465d33b94cdd&sign=c96da88c195bda9f8349716a8d3bfbbf pn=upload; op=author; orderid=8550; 
上传
[2018-06-25 00:49:27] trace  /app/index.php?i=1&uniacid=1&t=undefined&v=1.3&m=ewei_shopv2&from=wxapp&c=entry&a=wxapp&do=main&&state=we7sid-1d0f1587b025f7118b21465d33b94cdd&sign=c96da88c195bda9f8349716a8d3bfbbf pn=upload; op=author; orderid=8559; 
上传
[2018-06-25 00:55:40] trace  /app/index.php?i=1&uniacid=1&t=undefined&v=1.3&m=ewei_shopv2&from=wxapp&c=entry&a=wxapp&do=main&&state=we7sid-1d0f1587b025f7118b21465d33b94cdd&sign=c96da88c195bda9f8349716a8d3bfbbf pn=upload; op=author; orderid=8563; 
上传
[2018-06-25 01:00:43] trace  /app/index.php?i=1&uniacid=1&t=undefined&v=1.3&m=ewei_shopv2&from=wxapp&c=entry&a=wxapp&do=main&&state=we7sid-1d0f1587b025f7118b21465d33b94cdd&sign=c96da88c195bda9f8349716a8d3bfbbf pn=upload; op=author; orderid=8588; 
上传
[2018-06-25 01:07:15] trace  /app/index.php?i=1&uniacid=1&t=undefined&v=1.3&m=ewei_shopv2&from=wxapp&c=entry&a=wxapp&do=main&&state=we7sid-1d0f1587b025f7118b21465d33b94cdd&sign=c96da88c195bda9f8349716a8d3bfbbf pn=upload; op=author; orderid=8610; 
上传
[2018-06-25 01:12:03] trace  /app/index.php?i=1&uniacid=1&t=undefined&v=1.3&m=ewei_shopv2&from=wxapp&c=entry&a=wxapp&do=main&&state=we7sid-1d0f1587b025f7118b21465d33b94cdd&sign=c96da88c195bda9f8349716a8d3bfbbf pn=upload; op=author; orderid=8715; 
上传
[2018-06-25 01:22:23] trace  /app/index.php?i=1&uniacid=1&t=undefined&v=1.3&m=ewei_shopv2&from=wxapp&c=entry&a=wxapp&do=main&&state=we7sid-553e9aec45772434e0734c2406a31395&sign=98a3b6261fa736303ac6b12969757040 pn=upload; op=order; orderid=9078; 
上传
[2018-06-25 02:46:50] trace  /app/index.php?i=1&uniacid=1&t=undefined&v=1.3&m=ewei_shopv2&from=wxapp&c=entry&a=wxapp&do=main&&state=we7sid-4ea58f842b62d98c3e87deb6bf3c95fc&sign=68a698b7aec69bb3473bcdc2bf7a3089 pn=upload; op=order; orderid=9079; 
上传
[2018-06-25 03:41:47] trace  /app/index.php?i=1&uniacid=1&t=undefined&v=1.3&m=ewei_shopv2&from=wxapp&c=entry&a=wxapp&do=main&&state=we7sid-388e7a93a4359df5bdd9db0671d24ae8&sign=a986d3618e08db0620fa3870d4178a8c pn=upload; op=order; orderid=9080; 
上传
[2018-06-25 05:59:12] trace  /app/index.php?i=1&uniacid=1&t=undefined&v=1.3&m=ewei_shopv2&from=wxapp&c=entry&a=wxapp&do=main&&state=we7sid-7c55bf522447b8662cff08bc931130a2&sign=293341817ef03103f3ed66c6d5ffe8cb pn=upload; op=order; orderid=9081; 
上传
[2018-06-25 06:47:50] trace  /app/index.php?i=1&uniacid=1&t=undefined&v=1.3&m=ewei_shopv2&from=wxapp&c=entry&a=wxapp&do=main&&state=we7sid-2673e14a700c144d0610f840b8aced41&sign=4c28bf99d2195cd527558e0d51ce9152 pn=upload; op=order; orderid=9082; 
上传
[2018-06-25 07:16:10] trace  /app/index.php?i=1&uniacid=1&t=undefined&v=1.3&m=ewei_shopv2&from=wxapp&c=entry&a=wxapp&do=main&&state=we7sid-52e4c83b550842da5ee056326a3f2075&sign=419460b4f829d76a23a52bb63c007371 pn=upload; op=order; orderid=9083; 
上传
[2018-06-25 07:41:58] trace  /app/index.php?i=1&uniacid=1&t=undefined&v=1.3&m=ewei_shopv2&from=wxapp&c=entry&a=wxapp&do=main&&state=we7sid-ec100e8edce637a0526c2afbe2596a5e&sign=30393328cd60e1bd4496c7108b66c327 pn=upload; op=order; orderid=9084; 
上传
[2018-06-25 08:26:18] trace  /app/index.php?i=1&uniacid=1&t=undefined&v=1.3&m=ewei_shopv2&from=wxapp&c=entry&a=wxapp&do=main&&state=we7sid-a5f569f4c2863a68a8b156c653b4f2be&sign=d07acd750f48c217dc198f164c0d42ab pn=upload; op=order; orderid=9085; 
上传
[2018-06-25 09:05:22] trace  /app/index.php?i=1&uniacid=1&t=undefined&v=1.3&m=ewei_shopv2&from=wxapp&c=entry&a=wxapp&do=main&&state=we7sid-7f0c1a76da5d1af4e664cef0d6e96b76&sign=d3033d23f884f89e51541eb404454caa pn=upload; op=order; orderid=9086; 
上传
[2018-06-25 09:14:02] trace  /app/index.php?i=1&uniacid=1&t=undefined&v=1.3&m=ewei_shopv2&from=wxapp&c=entry&a=wxapp&do=main&&state=we7sid-c404e7ef4bed13935fb89c8fd8a86490&sign=b7b73b171fcd1ba41aa3866967169493 pn=upload; op=order; orderid=9087; 
上传
[2018-06-25 09:24:26] trace  /app/index.php?i=1&uniacid=1&t=undefined&v=1.3&m=ewei_shopv2&from=wxapp&c=entry&a=wxapp&do=main&&state=we7sid-20b26f31ef26cea3087a9d46ed63a55b&sign=258e079f28c0436afc5976ced92c3f9d pn=upload; op=order; orderid=9088; 
上传
[2018-06-25 09:29:36] trace  /app/index.php?i=1&uniacid=1&t=undefined&v=1.3&m=ewei_shopv2&from=wxapp&c=entry&a=wxapp&do=main&&state=we7sid-6e9c4fd6ddcf333458afb73f88567d02&sign=230f328b71d46d44a6b54e9218dae5e6 pn=upload; op=order; orderid=9089; 
上传
[2018-06-25 09:31:26] trace  /app/index.php?i=1&uniacid=1&t=undefined&v=1.3&m=ewei_shopv2&from=wxapp&c=entry&a=wxapp&do=main&&state=we7sid-89237421b99ee4e298a0d685569b1c03&sign=c0d20a08a397e9d3da152b9c0e92c2ee pn=upload; op=order; orderid=9090; 
上传
[2018-06-25 09:32:55] trace  /app/index.php?i=1&uniacid=1&t=undefined&v=1.3&m=ewei_shopv2&from=wxapp&c=entry&a=wxapp&do=main&&state=we7sid-6e9c4fd6ddcf333458afb73f88567d02&sign=230f328b71d46d44a6b54e9218dae5e6 pn=upload; op=order; orderid=9091; 
上传
[2018-06-25 10:04:57] trace  /app/index.php?i=1&uniacid=1&t=undefined&v=1.3&m=ewei_shopv2&from=wxapp&c=entry&a=wxapp&do=main&&state=we7sid-1143c60c63eea7aa25b82852838c3a2a&sign=fc22449f9efe7011b84b74f1b0f20676 pn=upload; op=order; orderid=9092; 
上传
[2018-06-25 10:04:57] trace  /app/index.php?i=1&uniacid=1&t=undefined&v=1.3&m=ewei_shopv2&from=wxapp&c=entry&a=wxapp&do=main&&state=we7sid-1143c60c63eea7aa25b82852838c3a2a&sign=fc22449f9efe7011b84b74f1b0f20676 pn=upload; op=order; orderid=9093; 
上传
[2018-06-25 10:10:01] trace  /app/index.php?i=1&uniacid=1&t=undefined&v=1.3&m=ewei_shopv2&from=wxapp&c=entry&a=wxapp&do=main&&state=we7sid-d8d78bdff15f5b094eac7954e857e651&sign=37b32194ebc0d61e72f6980939864399 op=order; orderid=9094; pn=upload; 
上传
[2018-06-25 10:19:24] trace  /app/index.php?i=1&uniacid=1&t=undefined&v=1.3&m=ewei_shopv2&from=wxapp&c=entry&a=wxapp&do=main&&state=we7sid-5abf6551c000271ecce6b4258b7564b0&sign=0ac6debf9b81b3fb1acfc1a7f64a201f pn=upload; op=order; orderid=9095; 
上传
[2018-06-25 10:26:30] trace  /app/index.php?i=1&uniacid=1&t=undefined&v=1.3&m=ewei_shopv2&from=wxapp&c=entry&a=wxapp&do=main&&state=we7sid-0654883f277af9c299a609467817356d&sign=309a561c5728d399f9ca908bbf03780c pn=upload; op=order; orderid=9096; 
上传
[2018-06-25 10:27:25] trace  /app/index.php?i=1&uniacid=1&t=undefined&v=1.3&m=ewei_shopv2&from=wxapp&c=entry&a=wxapp&do=main&&state=we7sid-0654883f277af9c299a609467817356d&sign=309a561c5728d399f9ca908bbf03780c pn=upload; op=order; orderid=9097; 
上传
[2018-06-25 10:35:49] trace  /app/index.php?i=1&uniacid=1&t=undefined&v=1.3&m=ewei_shopv2&from=wxapp&c=entry&a=wxapp&do=main&&state=we7sid-7ec9af6614677af69fe73736d255524d&sign=8d75a0e30d8f9fd776daa219281adbb0 pn=upload; op=order; orderid=9098; 
上传
[2018-06-25 10:45:23] trace  /app/index.php?i=1&uniacid=1&t=undefined&v=1.3&m=ewei_shopv2&from=wxapp&c=entry&a=wxapp&do=main&&state=we7sid-7ec9af6614677af69fe73736d255524d&sign=8d75a0e30d8f9fd776daa219281adbb0 pn=upload; op=order; orderid=9099; 
上传
[2018-06-25 10:45:30] trace  /app/index.php?i=1&uniacid=1&t=undefined&v=1.3&m=ewei_shopv2&from=wxapp&c=entry&a=wxapp&do=main&&state=we7sid-7ec9af6614677af69fe73736d255524d&sign=8d75a0e30d8f9fd776daa219281adbb0 pn=upload; op=order; orderid=9100; 
上传
[2018-06-25 10:45:40] trace  /app/index.php?i=1&uniacid=1&t=undefined&v=1.3&m=ewei_shopv2&from=wxapp&c=entry&a=wxapp&do=main&&state=we7sid-7ec9af6614677af69fe73736d255524d&sign=8d75a0e30d8f9fd776daa219281adbb0 pn=upload; op=order; orderid=9101; 
上传
[2018-06-25 11:02:39] trace  /app/index.php?i=1&uniacid=1&t=undefined&v=1.3&m=ewei_shopv2&from=wxapp&c=entry&a=wxapp&do=main&&state=we7sid-d09e060f124fa9e7cf467dea2e3948c6&sign=3b7d01f7425667f4ddeeea18af113d9b op=order; orderid=9102; pn=upload; 
上传
[2018-06-25 11:08:05] trace  /app/index.php?i=1&uniacid=1&t=undefined&v=1.3&m=ewei_shopv2&from=wxapp&c=entry&a=wxapp&do=main&&state=we7sid-819eaeb8b310d922dc3dad7eb10ceef5&sign=66fe8fcc26b2e25610706571b94ea2d7 op=order; orderid=9103; pn=upload; 
上传
[2018-06-25 11:12:04] trace  /app/index.php?i=1&uniacid=1&t=undefined&v=1.3&m=ewei_shopv2&from=wxapp&c=entry&a=wxapp&do=main&&state=we7sid-b5e705de51716a2f7c534541118282dd&sign=a53daeb0cd55a29c26a57fb64a857d7d op=order; pn=upload; orderid=9104; 
上传
[2018-06-25 11:17:25] trace  /app/index.php?i=1&uniacid=1&t=undefined&v=1.3&m=ewei_shopv2&from=wxapp&c=entry&a=wxapp&do=main&&state=we7sid-5abf6551c000271ecce6b4258b7564b0&sign=0ac6debf9b81b3fb1acfc1a7f64a201f pn=upload; op=order; orderid=9105; 
上传
[2018-06-25 11:23:39] trace  /app/index.php?i=1&uniacid=1&t=undefined&v=1.3&m=ewei_shopv2&from=wxapp&c=entry&a=wxapp&do=main&&state=we7sid-5abf6551c000271ecce6b4258b7564b0&sign=0ac6debf9b81b3fb1acfc1a7f64a201f pn=upload; op=order; orderid=9106; 
上传
[2018-06-25 11:31:15] trace  /app/index.php?i=1&uniacid=1&t=undefined&v=1.3&m=ewei_shopv2&from=wxapp&c=entry&a=wxapp&do=main&&state=we7sid-df00da5067e14649e4b0b097691f4465&sign=170e9fa275d79f6a9bb0d9e814488f6d pn=upload; op=order; orderid=9107; 
上传
[2018-06-25 11:32:22] trace  /app/index.php?i=1&uniacid=1&t=undefined&v=1.3&m=ewei_shopv2&from=wxapp&c=entry&a=wxapp&do=main&&state=we7sid-c00454b9fdbc61aef0bd4ba592d6ce87&sign=5a45e3af5fc2b3fd90947231cfdcc7a5 pn=upload; op=order; orderid=9108; 
上传
[2018-06-25 11:58:10] trace  /app/index.php?i=1&uniacid=1&t=undefined&v=1.3&m=ewei_shopv2&from=wxapp&c=entry&a=wxapp&do=main&&state=we7sid-80e30b62df4a45a96900bba25df6a0e7&sign=4d0083ee2d9e73e4eb01e96cb70182e7 pn=upload; op=order; orderid=9109; 
上传
[2018-06-25 12:31:48] trace  /app/index.php?i=1&uniacid=1&t=undefined&v=1.3&m=ewei_shopv2&from=wxapp&c=entry&a=wxapp&do=main&&state=we7sid-78c227bc69dab7d7b2a96cbe62766e1a&sign=5fcdb7289ddbe63bf116bbc04c9fc711 op=order; orderid=9110; pn=upload; 
上传
[2018-06-25 12:37:50] trace  /app/index.php?i=1&uniacid=1&t=undefined&v=1.3&m=ewei_shopv2&from=wxapp&c=entry&a=wxapp&do=main&&state=we7sid-95850ea21204cecc641d7add2c5c5c0d&sign=4c736987a03416788bd48c8a8038cee7 pn=upload; op=order; orderid=9111; 
上传
[2018-06-25 13:04:23] trace  /app/index.php?i=1&uniacid=1&t=undefined&v=1.3&m=ewei_shopv2&from=wxapp&c=entry&a=wxapp&do=main&&state=we7sid-101c9f85f406957e276ee5b0cfeea1ee&sign=5bd32949767f859458930ff2031d942a pn=upload; op=order; orderid=9112; 
上传
[2018-06-25 13:16:41] trace  /app/index.php?i=1&uniacid=1&t=undefined&v=1.3&m=ewei_shopv2&from=wxapp&c=entry&a=wxapp&do=main&&state=we7sid-e66b2d54a38ffaa366bf18dee929b9e4&sign=a8ca2bc18b14242c28c8ddfe0c025ca1 pn=upload; op=order; orderid=9113; 
上传
[2018-06-25 14:20:31] trace  /app/index.php?i=1&uniacid=1&t=undefined&v=1.3&m=ewei_shopv2&from=wxapp&c=entry&a=wxapp&do=main&&state=we7sid-13f7d90d1935da9a23c53bcbe099f34e&sign=1c45ca62cbc497b44e90b18f1e37e2a9 op=order; orderid=9114; pn=upload; 
上传
[2018-06-25 14:25:28] trace  /app/index.php?i=1&uniacid=1&t=undefined&v=1.3&m=ewei_shopv2&from=wxapp&c=entry&a=wxapp&do=main&&state=we7sid-4723cf8fc935a902503c626520d7fbff&sign=2aed485e7564125446fb590da3b6820f pn=upload; op=order; orderid=9115; 
上传
[2018-06-25 14:27:44] trace  /app/index.php?i=1&uniacid=1&t=undefined&v=1.3&m=ewei_shopv2&from=wxapp&c=entry&a=wxapp&do=main&&state=we7sid-f04f3bba8ee38bacdfbf9636ce597c06&sign=37e4bbc5e1dbda3c8f20a3b6a3bffb79 pn=upload; op=order; orderid=9116; 
上传
[2018-06-25 14:30:27] trace  /app/index.php?i=1&uniacid=1&t=undefined&v=1.3&m=ewei_shopv2&from=wxapp&c=entry&a=wxapp&do=main&&state=we7sid-f04f3bba8ee38bacdfbf9636ce597c06&sign=37e4bbc5e1dbda3c8f20a3b6a3bffb79 pn=upload; op=order; orderid=9117; 
上传
[2018-06-25 14:37:59] trace  /app/index.php?i=1&uniacid=1&t=undefined&v=1.3&m=ewei_shopv2&from=wxapp&c=entry&a=wxapp&do=main&&state=we7sid-2be2fe94f37c34e19e60ad91c8368525&sign=879849cd882f23dfcdafb089b4865d94 pn=upload; op=order; orderid=9118; 
上传
[2018-06-25 14:38:16] trace  /app/index.php?i=1&uniacid=1&t=undefined&v=1.3&m=ewei_shopv2&from=wxapp&c=entry&a=wxapp&do=main&&state=we7sid-2be2fe94f37c34e19e60ad91c8368525&sign=879849cd882f23dfcdafb089b4865d94 pn=upload; op=order; orderid=9119; 
上传
[2018-06-25 14:51:03] trace  /app/index.php?i=1&uniacid=1&t=undefined&v=1.3&m=ewei_shopv2&from=wxapp&c=entry&a=wxapp&do=main&&state=we7sid-4fbd339aa647cda1bbf184af7370bad8&sign=8ef12e5992aabf59fe4078d6bd200a69 op=order; pn=upload; orderid=9120; 
上传
[2018-06-25 15:42:54] trace  /app/index.php?i=1&uniacid=1&t=undefined&v=1.3&m=ewei_shopv2&from=wxapp&c=entry&a=wxapp&do=main&&state=we7sid-148db44d2aadc26ff567bd6ace3fa38d&sign=6776e53f81fb4374462203a3c7e35d42 pn=upload; op=order; orderid=9121; 
上传
[2018-06-25 16:08:54] trace  /app/index.php?i=1&uniacid=1&t=undefined&v=1.3&m=ewei_shopv2&from=wxapp&c=entry&a=wxapp&do=main&&state=we7sid-64363cadb58a821048cd2228efe013a7&sign=d6a8d6a88229b77a1ccde88abfa4c0f4 pn=upload; op=order; orderid=9122; 
上传
[2018-06-25 16:13:33] trace  /app/index.php?i=1&uniacid=1&t=undefined&v=1.3&m=ewei_shopv2&from=wxapp&c=entry&a=wxapp&do=main&&state=we7sid-bdbcab8b3c4697958e39a9cd3c219538&sign=83960a65ff767b96c52ee8f3a99d83b7 pn=upload; op=order; orderid=9123; 
上传
[2018-06-25 16:15:16] trace  /app/index.php?i=1&uniacid=1&t=undefined&v=1.3&m=ewei_shopv2&from=wxapp&c=entry&a=wxapp&do=main&&state=we7sid-64363cadb58a821048cd2228efe013a7&sign=d6a8d6a88229b77a1ccde88abfa4c0f4 pn=upload; op=order; orderid=9124; 
上传
[2018-06-25 16:16:01] trace  /app/index.php?i=1&uniacid=1&t=undefined&v=1.3&m=ewei_shopv2&from=wxapp&c=entry&a=wxapp&do=main&&state=we7sid-ddef8ea87b695dcb519c0616fee878c8&sign=cbf4063b94585d5e89944cb73fa48c94 pn=upload; op=order; orderid=9125; 
上传
[2018-06-25 16:16:29] trace  /app/index.php?i=1&uniacid=1&t=undefined&v=1.3&m=ewei_shopv2&from=wxapp&c=entry&a=wxapp&do=main&&state=we7sid-ddef8ea87b695dcb519c0616fee878c8&sign=cbf4063b94585d5e89944cb73fa48c94 pn=upload; op=order; orderid=9126; 
上传
[2018-06-25 16:20:06] trace  /app/index.php?i=1&uniacid=1&t=undefined&v=1.3&m=ewei_shopv2&from=wxapp&c=entry&a=wxapp&do=main&&state=we7sid-6134a65eee6ac305ca053fa13beee443&sign=22628bb1a71bb760c31e09446750a680 pn=upload; op=order; orderid=9127; 
上传
[2018-06-25 16:56:31] trace  /app/index.php?i=1&uniacid=1&t=undefined&v=1.3&m=ewei_shopv2&from=wxapp&c=entry&a=wxapp&do=main&&state=we7sid-a59efbba76c8d384fd129ea6624e4151&sign=8fe076209cae1c7a1ef4ef34076fafea pn=upload; op=order; orderid=9128; 
上传
[2018-06-25 17:18:05] trace  /app/index.php?i=1&uniacid=1&t=undefined&v=1.3&m=ewei_shopv2&from=wxapp&c=entry&a=wxapp&do=main&&state=we7sid-4b47d2e5dc9c22f24c1c040c38cf2729&sign=cb49a785b8ace4e1d24bb9d9e50ac7b3 pn=upload; op=order; orderid=9129; 
上传
[2018-06-25 17:29:20] trace  /app/index.php?i=1&uniacid=1&t=undefined&v=1.3&m=ewei_shopv2&from=wxapp&c=entry&a=wxapp&do=main&&state=we7sid-cb77c47b9ea06ab64a0c0ea8fa83cefe&sign=94fe7a1d862a647d19665880aad60a07 pn=upload; op=order; orderid=9130; 
上传
[2018-06-25 17:30:05] trace  /app/index.php?i=1&uniacid=1&t=undefined&v=1.3&m=ewei_shopv2&from=wxapp&c=entry&a=wxapp&do=main&&state=we7sid-c9e67d2eada8626d7d9a01968da5a41e&sign=b3955e6e24eab87700a2294c4d16ed69 op=order; pn=upload; orderid=9131; 
上传
[2018-06-25 17:31:18] trace  /app/index.php?i=1&uniacid=1&t=undefined&v=1.3&m=ewei_shopv2&from=wxapp&c=entry&a=wxapp&do=main&&state=we7sid-84fda4f89775ae6423592c9aa4e2dc4f&sign=21a4d109fb241ff7676a348b500e274c pn=upload; op=order; orderid=9132; 
上传
[2018-06-25 17:31:52] trace  /app/index.php?i=1&uniacid=1&t=undefined&v=1.3&m=ewei_shopv2&from=wxapp&c=entry&a=wxapp&do=main&&state=we7sid-84fda4f89775ae6423592c9aa4e2dc4f&sign=21a4d109fb241ff7676a348b500e274c pn=upload; op=order; orderid=9133; 
上传
[2018-06-25 17:32:33] trace  /app/index.php?i=1&uniacid=1&t=undefined&v=1.3&m=ewei_shopv2&from=wxapp&c=entry&a=wxapp&do=main&&state=we7sid-091faed7670faf40d7a2c28616590c91&sign=71f73133bed4e7a5f42e76e9cc901d41 pn=upload; op=order; orderid=9134; 
上传
[2018-06-25 17:33:32] trace  /app/index.php?i=1&uniacid=1&t=undefined&v=1.3&m=ewei_shopv2&from=wxapp&c=entry&a=wxapp&do=main&&state=we7sid-3ba176d01ba3f605abbcbe91b7c62575&sign=2bff9b318d1680452419827b294d1a22 pn=upload; op=order; orderid=9135; 
上传
[2018-06-25 17:36:20] trace  /app/index.php?i=1&uniacid=1&t=undefined&v=1.3&m=ewei_shopv2&from=wxapp&c=entry&a=wxapp&do=main&&state=we7sid-8d55e0de152b1c1b455c4fbf0bac66c5&sign=3911e6fa7f81b12387945dc597b29fd5 pn=upload; op=order; orderid=9136; 
上传
[2018-06-25 17:36:33] trace  /app/index.php?i=1&uniacid=1&t=undefined&v=1.3&m=ewei_shopv2&from=wxapp&c=entry&a=wxapp&do=main&&state=we7sid-8d55e0de152b1c1b455c4fbf0bac66c5&sign=3911e6fa7f81b12387945dc597b29fd5 pn=upload; op=order; orderid=9137; 
上传
[2018-06-25 17:40:50] trace  /app/index.php?i=1&uniacid=1&t=undefined&v=1.3&m=ewei_shopv2&from=wxapp&c=entry&a=wxapp&do=main&&state=we7sid-b35d3b616ce3a2856be0fa0a682f62d0&sign=4db71f014adf5e9a3c058213c41fd4f4 pn=upload; op=order; orderid=9138; 
上传
[2018-06-25 18:14:54] trace  /app/index.php?i=1&uniacid=1&t=undefined&v=1.3&m=ewei_shopv2&from=wxapp&c=entry&a=wxapp&do=main&&state=we7sid-dfc9a0c02352098a613d0d9227115cb6&sign=65caff2c7e1f62fe5a418310caab5663 op=order; orderid=9139; pn=upload; 
上传
[2018-06-25 18:20:33] trace  /app/index.php?i=1&uniacid=1&t=undefined&v=1.3&m=ewei_shopv2&from=wxapp&c=entry&a=wxapp&do=main&&state=we7sid-d9fedf012447bb7f8c9932f3ffb17783&sign=32aa4d0740febf64b4bd5d49eb1343b7 pn=upload; op=order; orderid=9140; 
上传
[2018-06-25 18:45:30] trace  /app/index.php?i=1&uniacid=1&t=undefined&v=1.3&m=ewei_shopv2&from=wxapp&c=entry&a=wxapp&do=main&&state=we7sid-32c2de15b0d0ee38636346e99f44331d&sign=50f21e3a71c0c0430cf11409618cdf59 pn=upload; op=order; orderid=9141; 
上传
[2018-06-25 18:48:43] trace  /app/index.php?i=1&uniacid=1&t=undefined&v=1.3&m=ewei_shopv2&from=wxapp&c=entry&a=wxapp&do=main&&state=we7sid-e7dcd9e2d7a8b9a2d9463b275e6943c4&sign=18587ed5dd05244fce883c2e1042e751 pn=upload; op=order; orderid=9142; 
上传
[2018-06-25 18:52:57] trace  /app/index.php?i=1&uniacid=1&t=undefined&v=1.3&m=ewei_shopv2&from=wxapp&c=entry&a=wxapp&do=main&&state=we7sid-bd0d7c555104c447ae379ca4c2942f8f&sign=6e6bd34af800521b59b558f0d01f3136 pn=upload; op=order; orderid=9143; 
上传
[2018-06-25 18:53:13] trace  /app/index.php?i=1&uniacid=1&t=undefined&v=1.3&m=ewei_shopv2&from=wxapp&c=entry&a=wxapp&do=main&&state=we7sid-f7fa3b8c2966a6ebee9a0ef454a694ba&sign=c0fba58e40d2808591178717f2901492 pn=upload; op=order; orderid=9144; 
上传
[2018-06-25 18:54:08] trace  /app/index.php?i=1&uniacid=1&t=undefined&v=1.3&m=ewei_shopv2&from=wxapp&c=entry&a=wxapp&do=main&&state=we7sid-f7fa3b8c2966a6ebee9a0ef454a694ba&sign=c0fba58e40d2808591178717f2901492 pn=upload; op=order; orderid=9145; 
上传
[2018-06-25 18:54:25] trace  /app/index.php?i=1&uniacid=1&t=undefined&v=1.3&m=ewei_shopv2&from=wxapp&c=entry&a=wxapp&do=main&&state=we7sid-f7fa3b8c2966a6ebee9a0ef454a694ba&sign=c0fba58e40d2808591178717f2901492 pn=upload; op=order; orderid=9146; 
上传
[2018-06-25 19:00:54] trace  /app/index.php?i=1&uniacid=1&t=undefined&v=1.3&m=ewei_shopv2&from=wxapp&c=entry&a=wxapp&do=main&&state=we7sid-2c9b8f1af109b649c88a6227b815e82f&sign=a94cb19e731309d6fb7dc5da9a9d082c pn=upload; op=order; orderid=9147; 
上传
[2018-06-25 19:31:08] trace  /app/index.php?i=1&uniacid=1&t=undefined&v=1.3&m=ewei_shopv2&from=wxapp&c=entry&a=wxapp&do=main&&state=we7sid-de392749cfe876342736bc1f4a14d4a5&sign=50dd0872a69038f47a843bcdbd7a9f85 pn=upload; op=order; orderid=9148; 
上传
[2018-06-25 19:36:05] trace  /app/index.php?i=1&uniacid=1&t=undefined&v=1.3&m=ewei_shopv2&from=wxapp&c=entry&a=wxapp&do=main&&state=we7sid-ac5f4fd822a91d70ecfc38bb984a2769&sign=53b58719c131df1ad985a010958d7ae6 pn=upload; op=order; orderid=9149; 
上传
[2018-06-25 19:47:00] trace  /app/index.php?i=1&uniacid=1&t=undefined&v=1.3&m=ewei_shopv2&from=wxapp&c=entry&a=wxapp&do=main&&state=we7sid-a92bd6c2e2fafabb82302c71d8200e01&sign=55a52690b46476cab2961302dc2a04a8 pn=upload; op=order; orderid=9150; 
上传
[2018-06-25 19:49:12] trace  /app/index.php?i=1&uniacid=1&t=undefined&v=1.3&m=ewei_shopv2&from=wxapp&c=entry&a=wxapp&do=main&&state=we7sid-1f4493872cadf874ebe17a03b46c1105&sign=5d0bbbd458cbf5a8799afb82af75b8dc pn=upload; op=order; orderid=9151; 
上传
[2018-06-25 20:04:54] trace  /app/index.php?i=1&uniacid=1&t=undefined&v=1.3&m=ewei_shopv2&from=wxapp&c=entry&a=wxapp&do=main&&state=we7sid-4a94ac0992777c386a6107b9e2d33e1b&sign=c9716f5c40f06f25ffdc65b312fbaebe pn=upload; op=order; orderid=9152; 
上传
[2018-06-25 20:57:49] trace  /app/index.php?i=1&uniacid=1&t=undefined&v=1.3&m=ewei_shopv2&from=wxapp&c=entry&a=wxapp&do=main&&state=we7sid-0938f9ff90d17b53182e743a9647e7fd&sign=d23ecb52232d070d24183fb4fd504888 pn=upload; op=order; orderid=9153; 
上传
[2018-06-25 21:01:19] trace  /app/index.php?i=1&uniacid=1&t=undefined&v=1.3&m=ewei_shopv2&from=wxapp&c=entry&a=wxapp&do=main&&state=we7sid-5352e94c74d875a4d99b8ba8a4154de0&sign=43b5b9bc3232907be737b138d15b39ff pn=upload; op=order; orderid=9154; 
上传
[2018-06-25 21:01:32] trace  /app/index.php?i=1&uniacid=1&t=undefined&v=1.3&m=ewei_shopv2&from=wxapp&c=entry&a=wxapp&do=main&&state=we7sid-71201ac7a3dda341c6fb961991fc940a&sign=07d455085cc7ad29d785a84359af00e6 pn=upload; op=order; orderid=9155; 
上传
[2018-06-25 21:27:06] trace  /app/index.php?i=1&uniacid=1&t=undefined&v=1.3&m=ewei_shopv2&from=wxapp&c=entry&a=wxapp&do=main&&state=we7sid-b91b55463d77dc1b5463f8a0e3f3c0bb&sign=ccfc2b49195b08fb9f945fc4269847de pn=upload; op=order; orderid=9156; 
上传
[2018-06-25 21:30:58] trace  /app/index.php?i=1&uniacid=1&t=undefined&v=1.3&m=ewei_shopv2&from=wxapp&c=entry&a=wxapp&do=main&&state=we7sid-e8728dc1cfb1a8d69c63805076f28fac&sign=1ea485ba7682b25ebcc925ff102a4f94 pn=upload; op=order; orderid=9157; 
上传
[2018-06-25 21:35:38] trace  /app/index.php?i=1&uniacid=1&t=undefined&v=1.3&m=ewei_shopv2&from=wxapp&c=entry&a=wxapp&do=main&&state=we7sid-5136417ce6d2b0521f532e4d57065ce4&sign=c8a11d8a0c4c85109e2b6449ea7c21f7 pn=upload; op=order; orderid=9158; 
上传
[2018-06-25 21:57:41] trace  /app/index.php?i=1&uniacid=1&t=undefined&v=1.3&m=ewei_shopv2&from=wxapp&c=entry&a=wxapp&do=main&&state=we7sid-07181b87ea0915fee76cda73365b6c74&sign=13b264f93b9f58306a613ae39f5d272d pn=upload; op=order; orderid=9159; 
上传
[2018-06-25 22:12:44] trace  /app/index.php?i=1&uniacid=1&t=undefined&v=1.3&m=ewei_shopv2&from=wxapp&c=entry&a=wxapp&do=main&&state=we7sid-170bd10d8696db396e5ab8022cd32739&sign=9bfecf61db53574140dc42a4ec8783f8 pn=upload; op=order; orderid=9160; 
上传
[2018-06-25 22:18:05] trace  /app/index.php?i=1&uniacid=1&t=undefined&v=1.3&m=ewei_shopv2&from=wxapp&c=entry&a=wxapp&do=main&&state=we7sid-ca2e3cbb24ffbca5e5b6723855354db8&sign=33dcebcdf72d11e0fe87189c6742b799 pn=upload; op=order; orderid=9161; 
上传
[2018-06-25 22:22:47] trace  /app/index.php?i=1&uniacid=1&t=undefined&v=1.3&m=ewei_shopv2&from=wxapp&c=entry&a=wxapp&do=main&&state=we7sid-47386641cdf19ad7e9cf554275ebeae2&sign=466c0895d8859523f934072b737c57fd pn=upload; op=order; orderid=9162; 
上传
[2018-06-25 23:01:56] trace  /app/index.php?i=1&uniacid=1&t=undefined&v=1.3&m=ewei_shopv2&from=wxapp&c=entry&a=wxapp&do=main&&state=we7sid-93c8cb8645d12de457b7e2ebab576a9a&sign=8e4b1347105baa4210029f5d962d25ca pn=upload; op=order; orderid=9163; 
上传
[2018-06-25 23:02:08] trace  /app/index.php?i=1&uniacid=1&t=undefined&v=1.3&m=ewei_shopv2&from=wxapp&c=entry&a=wxapp&do=main&&state=we7sid-2f74e2fc0e7274e49b5181a912fed7b0&sign=a1c50c8eb4b1a38819fbe35ebb32d953 pn=upload; op=order; orderid=9164; 
上传
[2018-06-25 23:02:19] trace  /app/index.php?i=1&uniacid=1&t=undefined&v=1.3&m=ewei_shopv2&from=wxapp&c=entry&a=wxapp&do=main&&state=we7sid-93c8cb8645d12de457b7e2ebab576a9a&sign=8e4b1347105baa4210029f5d962d25ca pn=upload; op=order; orderid=9165; 
上传
[2018-06-25 23:02:25] trace  /app/index.php?i=1&uniacid=1&t=undefined&v=1.3&m=ewei_shopv2&from=wxapp&c=entry&a=wxapp&do=main&&state=we7sid-93c8cb8645d12de457b7e2ebab576a9a&sign=8e4b1347105baa4210029f5d962d25ca pn=upload; op=order; orderid=9166; 
上传
[2018-06-25 23:06:24] trace  /app/index.php?i=1&uniacid=1&t=undefined&v=1.3&m=ewei_shopv2&from=wxapp&c=entry&a=wxapp&do=main&&state=we7sid-2f74e2fc0e7274e49b5181a912fed7b0&sign=a1c50c8eb4b1a38819fbe35ebb32d953 pn=upload; op=order; orderid=9167; 
上传
[2018-06-25 23:28:41] trace  /app/index.php?i=1&uniacid=1&t=undefined&v=1.3&m=ewei_shopv2&from=wxapp&c=entry&a=wxapp&do=main&&state=we7sid-d76768b90e4b945ca6c42843aee8e819&sign=fd43581bb933ccea70a42dc99e8ca13f pn=upload; op=order; orderid=9168; 
上传
[2018-06-25 23:49:01] trace  /app/index.php?i=1&uniacid=1&t=undefined&v=1.3&m=ewei_shopv2&from=wxapp&c=entry&a=wxapp&do=main&&state=we7sid-5911ec58f23230f2a9f779192c733f2a&sign=65a8d6910ede623584e98f9c6f69dbc1 op=order; orderid=9169; pn=upload; 
上传
[2018-06-25 23:59:45] trace  /app/index.php?i=1&uniacid=1&t=undefined&v=1.3&m=ewei_shopv2&from=wxapp&c=entry&a=wxapp&do=main&&state=we7sid-1c6668ed1832f18c076a5d54663c5a75&sign=af332cb68aaf92f1670146148c8a1b1d op=order; orderid=9170; pn=upload; 
上传
