[2018-08-24 00:37:39] trace  /app/index.php?i=1&uniacid=1&t=undefined&v=1.3&m=ewei_shopv2&from=wxapp&c=entry&a=wxapp&do=main&&state=we7sid-a8104e9dd8c849625c75ca5d66282e98&sign=75f6a3d7cea7bf71c9b00dd3846165cc pn=upload; op=order; orderid=15545; 
上传
[2018-08-24 00:47:10] trace  /app/index.php?i=1&uniacid=1&t=undefined&v=1.3&m=ewei_shopv2&from=wxapp&c=entry&a=wxapp&do=main&&state=we7sid-24628fb9b093e7267ccb418b11d42e2e&sign=bc60143fdee12a77bdffaf8f31d98015 pn=upload; op=order; orderid=15546; 
上传
[2018-08-24 00:48:38] trace  /app/index.php?i=1&uniacid=1&t=undefined&v=1.3&m=ewei_shopv2&from=wxapp&c=entry&a=wxapp&do=main&&state=we7sid-fa94ac090d5ae82954648417915fd9e7&sign=7326a10a9ff082c88347679768b0f7d8 op=order; orderid=15547; pn=upload; 
上传
[2018-08-24 01:00:12] trace  /app/index.php?i=1&uniacid=1&t=undefined&v=1.3&m=ewei_shopv2&from=wxapp&c=entry&a=wxapp&do=main&&state=we7sid-08fea06393d0daab3c8c2d6fcfa8adea&sign=13c8d45082a0e33d930357d623efaa97 pn=upload; op=order; orderid=15548; 
上传
[2018-08-24 02:30:48] trace  /app/index.php?i=1&uniacid=1&t=undefined&v=1.3&m=ewei_shopv2&from=wxapp&c=entry&a=wxapp&do=main&&state=we7sid-c589f2be8de3e834934fe010c3ac58a5&sign=5cfce02105257bae23c516a835f64c61 op=order; orderid=15549; pn=upload; 
上传
[2018-08-24 02:42:20] trace  /app/index.php?i=1&uniacid=1&t=undefined&v=1.3&m=ewei_shopv2&from=wxapp&c=entry&a=wxapp&do=main&&state=we7sid-d2712c83aea9c9111587b834538d63ce&sign=a5489e6571eb348761a4eaf07995480f op=order; orderid=15550; pn=upload; 
上传
[2018-08-24 03:18:14] trace  /app/index.php?i=1&uniacid=1&t=undefined&v=1.3&m=ewei_shopv2&from=wxapp&c=entry&a=wxapp&do=main&&state=we7sid-68c9f40d15105849f8a9973254dcd7b2&sign=9b573981245afa2dfec6be94aa87ed86 op=order; orderid=15551; pn=upload; 
上传
[2018-08-24 05:50:37] trace  /app/index.php?i=1&uniacid=1&t=undefined&v=1.3&m=ewei_shopv2&from=wxapp&c=entry&a=wxapp&do=main&&state=we7sid-f52cc6b9fdf720b8a7681df38f92c83d&sign=58a39703750e96b7aecf3bf1754f5a42 pn=upload; op=order; orderid=15552; 
上传
[2018-08-24 07:32:26] trace  /app/index.php?i=1&uniacid=1&t=undefined&v=1.3&m=ewei_shopv2&from=wxapp&c=entry&a=wxapp&do=main&&state=we7sid-3b440ef1124153027cac1f9fccd73103&sign=950af5a52784897244db43c92235b861 op=order; orderid=15554; pn=upload; 
上传
[2018-08-24 07:34:04] trace  /app/index.php?i=1&uniacid=1&t=undefined&v=1.3&m=ewei_shopv2&from=wxapp&c=entry&a=wxapp&do=main&&state=we7sid-025303d9d29c26419ff8eaad2f26dde1&sign=3b0d5c912325bf3dbe601d575a532fb0 pn=upload; op=order; orderid=15555; 
上传
[2018-08-24 07:35:32] trace  /app/index.php?i=1&uniacid=1&t=undefined&v=1.3&m=ewei_shopv2&from=wxapp&c=entry&a=wxapp&do=main&&state=we7sid-025303d9d29c26419ff8eaad2f26dde1&sign=3b0d5c912325bf3dbe601d575a532fb0 pn=upload; op=order; orderid=15556; 
上传
[2018-08-24 07:35:33] trace  /app/index.php?i=1&uniacid=1&t=undefined&v=1.3&m=ewei_shopv2&from=wxapp&c=entry&a=wxapp&do=main&&state=we7sid-025303d9d29c26419ff8eaad2f26dde1&sign=3b0d5c912325bf3dbe601d575a532fb0 pn=upload; op=order; orderid=15557; 
上传
[2018-08-24 08:02:59] trace  /app/index.php?i=1&uniacid=1&t=undefined&v=1.3&m=ewei_shopv2&from=wxapp&c=entry&a=wxapp&do=main&&state=we7sid-f46816914a24ade50f6336237ef23671&sign=34792b15e4d9d585eb436ddd4de45096 pn=upload; op=order; orderid=15558; 
上传
[2018-08-24 09:52:25] trace  /app/index.php?i=1&uniacid=1&t=undefined&v=1.3&m=ewei_shopv2&from=wxapp&c=entry&a=wxapp&do=main&&state=we7sid-4a608a1d4b4ee3bbfba77c43821eab01&sign=05d6a5b9c02cf46028b1d065c4c14b8e pn=upload; op=order; orderid=15559; 
上传
[2018-08-24 09:56:02] trace  /app/index.php?i=1&uniacid=1&t=undefined&v=1.3&m=ewei_shopv2&from=wxapp&c=entry&a=wxapp&do=main&&state=we7sid-5f16ca10ef00f562043886c502dcdbd5&sign=4519d119db3b36147efb6ecfe25b29ed pn=upload; op=order; orderid=15560; 
上传
[2018-08-24 10:26:59] trace  /app/index.php?i=1&uniacid=1&t=undefined&v=1.3&m=ewei_shopv2&from=wxapp&c=entry&a=wxapp&do=main&&state=we7sid-04f9110906f26fcbdf2ad313f0e88f3d&sign=d780923acf6c0ba796e8f9e8553145d1 pn=upload; op=order; orderid=15561; 
上传
[2018-08-24 10:38:11] trace  /app/index.php?i=1&uniacid=1&t=undefined&v=1.3&m=ewei_shopv2&from=wxapp&c=entry&a=wxapp&do=main&&state=we7sid-135f2f9b467d1497464e3360ed9281b0&sign=6a88be24e0f00b8ae40c0ae429c3eaba op=order; pn=upload; orderid=15562; 
上传
[2018-08-24 10:46:25] trace  /app/index.php?i=1&uniacid=1&t=undefined&v=1.3&m=ewei_shopv2&from=wxapp&c=entry&a=wxapp&do=main&&state=we7sid-8372829844f0f87213293105991dd77d&sign=5a98c4075ded940a5cc1296904091d08 pn=upload; op=order; orderid=15563; 
上传
[2018-08-24 10:56:16] trace  /app/index.php?i=1&uniacid=1&t=undefined&v=1.3&m=ewei_shopv2&from=wxapp&c=entry&a=wxapp&do=main&&state=we7sid-ba426967245381c06a43963e9ff2e74c&sign=70680624cd6d5ea0af0f27e485304455 pn=upload; op=order; orderid=15564; 
上传
[2018-08-24 11:20:20] trace  /app/index.php?i=1&uniacid=1&t=undefined&v=1.3&m=ewei_shopv2&from=wxapp&c=entry&a=wxapp&do=main&&state=we7sid-78de2666634a12932bfcbf9095d31ee2&sign=7b1e4b883669f18ec3a1548b434959e6 pn=upload; op=order; orderid=15565; 
上传
[2018-08-24 11:45:38] trace  /app/index.php?i=1&uniacid=1&t=undefined&v=1.3&m=ewei_shopv2&from=wxapp&c=entry&a=wxapp&do=main&&state=we7sid-315142af67783a0c6a765d6262a25367&sign=cee2db4f6c0c4bfa4ff712ff915f9114 pn=upload; op=order; orderid=15566; 
上传
[2018-08-24 11:46:02] trace  /app/index.php?i=1&uniacid=1&t=undefined&v=1.3&m=ewei_shopv2&from=wxapp&c=entry&a=wxapp&do=main&&state=we7sid-315142af67783a0c6a765d6262a25367&sign=cee2db4f6c0c4bfa4ff712ff915f9114 pn=upload; op=order; orderid=15567; 
上传
[2018-08-24 12:17:16] trace  /app/index.php?i=1&uniacid=1&t=undefined&v=1.3&m=ewei_shopv2&from=wxapp&c=entry&a=wxapp&do=main&&state=we7sid-4fa0dc36c3f8306447eb9470d05b85c1&sign=4f2b3bb0d211baa9c5cb07d31bb08fd9 op=order; orderid=15568; pn=upload; 
上传
[2018-08-24 12:28:39] trace  /app/index.php?i=1&uniacid=1&t=undefined&v=1.3&m=ewei_shopv2&from=wxapp&c=entry&a=wxapp&do=main&&state=we7sid-6e202498dbf142c5a6f808f81a8473b7&sign=7e870648d07d26ec459b0c8b9e05b652 pn=upload; op=order; orderid=15569; 
上传
[2018-08-24 12:54:51] trace  /app/index.php?i=1&uniacid=1&t=undefined&v=1.3&m=ewei_shopv2&from=wxapp&c=entry&a=wxapp&do=main&&state=we7sid-15dc342878ae59d45da3617cb21e06f6&sign=cd5e578429a73a2c62f4b3e58d66ee2f pn=upload; op=order; orderid=15570; 
上传
[2018-08-24 13:04:42] trace  /app/index.php?i=1&uniacid=1&t=undefined&v=1.3&m=ewei_shopv2&from=wxapp&c=entry&a=wxapp&do=main&&state=we7sid-be8d377e5fa6e329994531532947a1f7&sign=92baa14683c975522bc1b33a92632e23 pn=upload; op=order; orderid=15571; 
上传
[2018-08-24 13:10:59] trace  /app/index.php?i=1&uniacid=1&t=undefined&v=1.3&m=ewei_shopv2&from=wxapp&c=entry&a=wxapp&do=main&&state=we7sid-3d064301a5867681d9b854bcbae551e0&sign=dc80c7f178b91f3d420681387a790437 pn=upload; op=order; orderid=15572; 
上传
[2018-08-24 13:12:43] trace  /app/index.php?i=1&uniacid=1&t=undefined&v=1.3&m=ewei_shopv2&from=wxapp&c=entry&a=wxapp&do=main&&state=we7sid-7865da801a042053c6cf0a3b3573f361&sign=35eb2a9d29431fdd865f9e1d48fc5f9e pn=upload; op=order; orderid=15573; 
上传
[2018-08-24 13:59:37] trace  /app/index.php?i=1&uniacid=1&t=undefined&v=1.3&m=ewei_shopv2&from=wxapp&c=entry&a=wxapp&do=main&&state=we7sid-37c47217be7ab859704655c6bc6e869b&sign=95a76f331563f0caf79e7aebd75e13e5 pn=upload; op=order; orderid=15574; 
上传
[2018-08-24 14:06:53] trace  /app/index.php?i=1&uniacid=1&t=undefined&v=1.3&m=ewei_shopv2&from=wxapp&c=entry&a=wxapp&do=main&&state=we7sid-0161a85715721f9093e1aac0842f4f66&sign=c486b5194534411a28d743a218beccf9 pn=upload; op=order; orderid=15575; 
上传
[2018-08-24 14:15:10] trace  /app/index.php?i=1&uniacid=1&t=undefined&v=1.3&m=ewei_shopv2&from=wxapp&c=entry&a=wxapp&do=main&&state=we7sid-3ddb649768668560ab9ad898d95c9510&sign=96d6355f6ab10c4422e77158cdc10e5c pn=upload; op=order; orderid=15576; 
上传
[2018-08-24 14:25:45] trace  /app/index.php?i=1&uniacid=1&t=undefined&v=1.3&m=ewei_shopv2&from=wxapp&c=entry&a=wxapp&do=main&&state=we7sid-22e600fd2ee72a5ba4f275b3af2fad43&sign=8905242b6f1a4f5a35b8d775146e0685 op=order; orderid=15577; pn=upload; 
上传
[2018-08-24 16:03:54] trace  /app/index.php?i=1&uniacid=1&t=undefined&v=1.3&m=ewei_shopv2&from=wxapp&c=entry&a=wxapp&do=main&&state=we7sid-709bc55265375ca1893f35cbe052cd14&sign=b1c9547ed83006977d1f08a7e08d86af pn=upload; op=order; orderid=15578; 
上传
[2018-08-24 16:07:16] trace  /app/index.php?i=1&uniacid=1&t=undefined&v=1.3&m=ewei_shopv2&from=wxapp&c=entry&a=wxapp&do=main&&state=we7sid-709bc55265375ca1893f35cbe052cd14&sign=b1c9547ed83006977d1f08a7e08d86af pn=upload; op=order; orderid=15579; 
上传
[2018-08-24 16:07:26] trace  /app/index.php?i=1&uniacid=1&t=undefined&v=1.3&m=ewei_shopv2&from=wxapp&c=entry&a=wxapp&do=main&&state=we7sid-b19b33fb7552c01b4e582e565f91e6aa&sign=9db3b794c28a397d36adcd6f01c05f93 pn=upload; op=order; orderid=15580; 
上传
[2018-08-24 16:27:57] trace  /app/index.php?i=1&uniacid=1&t=undefined&v=1.3&m=ewei_shopv2&from=wxapp&c=entry&a=wxapp&do=main&&state=we7sid-6a26715509ae49dfac1585a7bc19e9f4&sign=dde1163a374f0d16c26cf2ffdb68ecee pn=upload; op=order; orderid=15581; 
上传
[2018-08-24 17:08:55] trace  /app/index.php?i=1&uniacid=1&t=undefined&v=1.3&m=ewei_shopv2&from=wxapp&c=entry&a=wxapp&do=main&&state=we7sid-b7641bc9a209af3fc486e7db84dabf2c&sign=1f9c94eea430b7bedafc7e376b22dcb3 op=order; orderid=15582; pn=upload; 
上传
[2018-08-24 17:23:25] trace  /app/index.php?i=1&uniacid=1&t=undefined&v=1.3&m=ewei_shopv2&from=wxapp&c=entry&a=wxapp&do=main&&state=we7sid-ee4324a9194a43570291dfb603a8d894&sign=309f5541a6022d665cfac119fb6d38aa pn=upload; op=order; orderid=15583; 
上传
[2018-08-24 17:34:44] trace  /app/index.php?i=1&uniacid=1&t=undefined&v=1.3&m=ewei_shopv2&from=wxapp&c=entry&a=wxapp&do=main&&state=we7sid-354f428ac5df77a75dae37ab88a14360&sign=6ab37227df5f4c30ccb81d43b6b4c929 pn=upload; op=order; orderid=15584; 
上传
[2018-08-24 17:38:09] trace  /app/index.php?i=1&uniacid=1&t=undefined&v=1.3&m=ewei_shopv2&from=wxapp&c=entry&a=wxapp&do=main&&state=we7sid-962b60f5e28eacb650be36fe368d893e&sign=f0263a9ba32a727fffe6aaaee148d9af pn=upload; op=order; orderid=15585; 
上传
[2018-08-24 17:38:17] trace  /app/index.php?i=1&uniacid=1&t=undefined&v=1.3&m=ewei_shopv2&from=wxapp&c=entry&a=wxapp&do=main&&state=we7sid-962b60f5e28eacb650be36fe368d893e&sign=f0263a9ba32a727fffe6aaaee148d9af pn=upload; op=order; orderid=15586; 
上传
[2018-08-24 17:42:46] trace  /app/index.php?i=1&uniacid=1&t=undefined&v=1.3&m=ewei_shopv2&from=wxapp&c=entry&a=wxapp&do=main&&state=we7sid-c1c893df6363bc2bde22c7718f7bbfd5&sign=745ea7590b9395c9d0bce930ada0d413 op=order; pn=upload; orderid=15587; 
上传
[2018-08-24 18:05:02] trace  /app/index.php?i=1&uniacid=1&t=undefined&v=1.3&m=ewei_shopv2&from=wxapp&c=entry&a=wxapp&do=main&&state=we7sid-642a3f020ef0598377764439133a0659&sign=bdb5cb0271a9cd7e9e72415c1105cb45 op=order; orderid=15588; pn=upload; 
上传
[2018-08-24 18:13:02] trace  /app/index.php?i=1&uniacid=1&t=undefined&v=1.3&m=ewei_shopv2&from=wxapp&c=entry&a=wxapp&do=main&&state=we7sid-642a3f020ef0598377764439133a0659&sign=bdb5cb0271a9cd7e9e72415c1105cb45 op=order; orderid=15589; pn=upload; 
上传
[2018-08-24 18:13:04] trace  /app/index.php?i=1&uniacid=1&t=undefined&v=1.3&m=ewei_shopv2&from=wxapp&c=entry&a=wxapp&do=main&&state=we7sid-f8f3c3fb276504939a7c34c75d4e0806&sign=eeb3e82afb321165a562f95df4a89809 pn=upload; op=author; orderid=15217; 
上传
[2018-08-24 18:14:21] trace  /app/index.php?i=1&uniacid=1&t=undefined&v=1.3&m=ewei_shopv2&from=wxapp&c=entry&a=wxapp&do=main&&state=we7sid-642a3f020ef0598377764439133a0659&sign=bdb5cb0271a9cd7e9e72415c1105cb45 op=order; orderid=15590; pn=upload; 
上传
[2018-08-24 18:18:32] trace  /app/index.php?i=1&uniacid=1&t=undefined&v=1.3&m=ewei_shopv2&from=wxapp&c=entry&a=wxapp&do=main&&state=we7sid-f8f3c3fb276504939a7c34c75d4e0806&sign=eeb3e82afb321165a562f95df4a89809 pn=upload; op=author; orderid=15221; 
上传
[2018-08-24 18:18:55] trace  /app/index.php?i=1&uniacid=1&t=undefined&v=1.3&m=ewei_shopv2&from=wxapp&c=entry&a=wxapp&do=main&&state=we7sid-be8e3f9bb1d9f413e98a064b51bd4ab4&sign=ec529145cbf50ab0e3284b951416940a pn=upload; op=order; orderid=15591; 
上传
[2018-08-24 18:23:29] trace  /app/index.php?i=1&uniacid=1&t=undefined&v=1.3&m=ewei_shopv2&from=wxapp&c=entry&a=wxapp&do=main&&state=we7sid-f8f3c3fb276504939a7c34c75d4e0806&sign=eeb3e82afb321165a562f95df4a89809 pn=upload; op=author; orderid=15289; 
上传
[2018-08-24 18:27:23] trace  /app/index.php?i=1&uniacid=1&t=undefined&v=1.3&m=ewei_shopv2&from=wxapp&c=entry&a=wxapp&do=main&&state=we7sid-e06875922fb55e1e14af33dccd126870&sign=c8245e8385417f289680e5aed66e34a6 op=order; orderid=15592; pn=upload; 
上传
[2018-08-24 18:30:09] trace  /app/index.php?i=1&uniacid=1&t=undefined&v=1.3&m=ewei_shopv2&from=wxapp&c=entry&a=wxapp&do=main&&state=we7sid-f8f3c3fb276504939a7c34c75d4e0806&sign=eeb3e82afb321165a562f95df4a89809 pn=upload; op=author; orderid=15304; 
上传
[2018-08-24 18:36:21] trace  /app/index.php?i=1&uniacid=1&t=undefined&v=1.3&m=ewei_shopv2&from=wxapp&c=entry&a=wxapp&do=main&&state=we7sid-f8f3c3fb276504939a7c34c75d4e0806&sign=eeb3e82afb321165a562f95df4a89809 pn=upload; op=author; orderid=15248; 
上传
[2018-08-24 18:40:10] trace  /app/index.php?i=1&uniacid=1&t=undefined&v=1.3&m=ewei_shopv2&from=wxapp&c=entry&a=wxapp&do=main&&state=we7sid-aefcc1530a0a1d90275f6da855042693&sign=3313a99037d209942c248ac84021fbc6 op=order; orderid=15593; pn=upload; 
上传
[2018-08-24 18:42:56] trace  /app/index.php?i=1&uniacid=1&t=undefined&v=1.3&m=ewei_shopv2&from=wxapp&c=entry&a=wxapp&do=main&&state=we7sid-f8f3c3fb276504939a7c34c75d4e0806&sign=eeb3e82afb321165a562f95df4a89809 pn=upload; op=author; orderid=15325; 
上传
[2018-08-24 18:48:41] trace  /app/index.php?i=1&uniacid=1&t=undefined&v=1.3&m=ewei_shopv2&from=wxapp&c=entry&a=wxapp&do=main&&state=we7sid-f8f3c3fb276504939a7c34c75d4e0806&sign=eeb3e82afb321165a562f95df4a89809 pn=upload; op=author; orderid=15370; 
上传
[2018-08-24 18:53:34] trace  /app/index.php?i=1&uniacid=1&t=undefined&v=1.3&m=ewei_shopv2&from=wxapp&c=entry&a=wxapp&do=main&&state=we7sid-f8f3c3fb276504939a7c34c75d4e0806&sign=eeb3e82afb321165a562f95df4a89809 pn=upload; op=author; orderid=15398; 
上传
[2018-08-24 18:58:41] trace  /app/index.php?i=1&uniacid=1&t=undefined&v=1.3&m=ewei_shopv2&from=wxapp&c=entry&a=wxapp&do=main&&state=we7sid-f8f3c3fb276504939a7c34c75d4e0806&sign=eeb3e82afb321165a562f95df4a89809 pn=upload; op=author; orderid=15478; 
上传
[2018-08-24 19:03:33] trace  /app/index.php?i=1&uniacid=1&t=undefined&v=1.3&m=ewei_shopv2&from=wxapp&c=entry&a=wxapp&do=main&&state=we7sid-f8f3c3fb276504939a7c34c75d4e0806&sign=eeb3e82afb321165a562f95df4a89809 pn=upload; op=author; orderid=15337; 
上传
[2018-08-24 19:20:30] trace  /app/index.php?i=1&uniacid=1&t=undefined&v=1.3&m=ewei_shopv2&from=wxapp&c=entry&a=wxapp&do=main&&state=we7sid-982a5498a3b9225941e28a0445e5fab5&sign=0dd7c6555acc3e6861f43fb69d937f52 pn=upload; op=order; orderid=15594; 
上传
[2018-08-24 19:21:40] trace  /app/index.php?i=1&uniacid=1&t=undefined&v=1.3&m=ewei_shopv2&from=wxapp&c=entry&a=wxapp&do=main&&state=we7sid-05714b27ace14081cf107e218033f491&sign=7cf632fed67dc4ac6fc789f4a89437bf pn=upload; op=order; orderid=15595; 
上传
[2018-08-24 19:31:32] trace  /app/index.php?i=1&uniacid=1&t=undefined&v=1.3&m=ewei_shopv2&from=wxapp&c=entry&a=wxapp&do=main&&state=we7sid-3345247d3d753e191f4f9eba7052e8ab&sign=3e83447a0537c0fa9aec16c4cb97c5c4 op=order; orderid=15596; pn=upload; 
上传
[2018-08-24 19:46:23] trace  /app/index.php?i=1&uniacid=1&t=undefined&v=1.3&m=ewei_shopv2&from=wxapp&c=entry&a=wxapp&do=main&&state=we7sid-a4f1e37ff70f0c034c8b42acf7a4a0ae&sign=4e2fa97ef67a00a5603d6e32f0a20c50 op=order; orderid=15597; pn=upload; 
上传
[2018-08-24 20:00:26] trace  /app/index.php?i=1&uniacid=1&t=undefined&v=1.3&m=ewei_shopv2&from=wxapp&c=entry&a=wxapp&do=main&&state=we7sid-ff106ee1eaa84c89cd0934036259d2b0&sign=4cecaa0e99c3f681a4854ef09902cda9 pn=upload; op=order; orderid=15598; 
上传
[2018-08-24 20:15:01] trace  /app/index.php?i=1&uniacid=1&t=undefined&v=1.3&m=ewei_shopv2&from=wxapp&c=entry&a=wxapp&do=main&&state=we7sid-08a23a3f9dcd0b289d1455097924b2d3&sign=32a2f1c200ef8c37a816f5618a8d3561 pn=upload; op=order; orderid=15599; 
上传
[2018-08-24 20:37:09] trace  /app/index.php?i=1&uniacid=1&t=undefined&v=1.3&m=ewei_shopv2&from=wxapp&c=entry&a=wxapp&do=main&&state=we7sid-2f4fa550c48c9c665b00d377ba3cfa08&sign=7037e24cfa4fe9805b16064221913eec pn=upload; op=order; orderid=15600; 
上传
[2018-08-24 20:46:57] trace  /app/index.php?i=1&uniacid=1&t=undefined&v=1.3&m=ewei_shopv2&from=wxapp&c=entry&a=wxapp&do=main&&state=we7sid-dbd8116fd0255cefd4cee04a6de32d27&sign=ff62bec56f72c90b42ae4fde031d9a8e op=order; orderid=15601; pn=upload; 
上传
[2018-08-24 20:52:50] trace  /app/index.php?i=1&uniacid=1&t=undefined&v=1.3&m=ewei_shopv2&from=wxapp&c=entry&a=wxapp&do=main&&state=we7sid-41d50e0c13430f1243e892210a0c74b7&sign=bced0cc51cc64445657bf706d58c4cc1 pn=upload; op=order; orderid=15602; 
上传
[2018-08-24 20:56:36] trace  /app/index.php?i=1&uniacid=1&t=undefined&v=1.3&m=ewei_shopv2&from=wxapp&c=entry&a=wxapp&do=main&&state=we7sid-2bf3a73d9ae74f550cf9c626cb8cd65f&sign=6f0c835a9498ce49b527e1ee8fb6b527 pn=upload; op=order; orderid=15603; 
上传
[2018-08-24 21:16:17] trace  /app/index.php?i=1&uniacid=1&t=undefined&v=1.3&m=ewei_shopv2&from=wxapp&c=entry&a=wxapp&do=main&&state=we7sid-d9195b00727b041d4bbd0832c6d685e4&sign=11736b8eaf86955670aa4a2f43de682b pn=upload; op=order; orderid=15604; 
上传
[2018-08-24 21:16:51] trace  /app/index.php?i=1&uniacid=1&t=undefined&v=1.3&m=ewei_shopv2&from=wxapp&c=entry&a=wxapp&do=main&&state=we7sid-2158518bf576759676b82d75eebfb171&sign=53a7c65bc7d75d23628225a24e3f9336 pn=upload; op=order; orderid=15605; 
上传
[2018-08-24 21:28:20] trace  /app/index.php?i=1&uniacid=1&t=undefined&v=1.3&m=ewei_shopv2&from=wxapp&c=entry&a=wxapp&do=main&&state=we7sid-cf2694a54147fb883d7bc02263710d53&sign=9ed83c4445c33657955c5611b049cdfa pn=upload; op=order; orderid=15606; 
上传
[2018-08-24 21:28:32] trace  /app/index.php?i=1&uniacid=1&t=undefined&v=1.3&m=ewei_shopv2&from=wxapp&c=entry&a=wxapp&do=main&&state=we7sid-cf2694a54147fb883d7bc02263710d53&sign=9ed83c4445c33657955c5611b049cdfa pn=upload; op=order; orderid=15607; 
上传
[2018-08-24 21:28:43] trace  /app/index.php?i=1&uniacid=1&t=undefined&v=1.3&m=ewei_shopv2&from=wxapp&c=entry&a=wxapp&do=main&&state=we7sid-cf2694a54147fb883d7bc02263710d53&sign=9ed83c4445c33657955c5611b049cdfa pn=upload; op=order; orderid=15608; 
上传
[2018-08-24 21:34:56] trace  /app/index.php?i=1&uniacid=1&t=undefined&v=1.3&m=ewei_shopv2&from=wxapp&c=entry&a=wxapp&do=main&&state=we7sid-ca3bb9fa03e8ecb2be4407eb7d659078&sign=bafdc42dd476c9e4ba9b289d7e6eb232 pn=upload; op=order; orderid=15609; 
上传
[2018-08-24 21:45:50] trace  /app/index.php?i=1&uniacid=1&t=undefined&v=1.3&m=ewei_shopv2&from=wxapp&c=entry&a=wxapp&do=main&&state=we7sid-7a277f0f6ac760502367a3abe2e6b56e&sign=3b82bca542d76a1a5fd1e29f36ed4bc8 pn=upload; op=order; orderid=15610; 
上传
[2018-08-24 22:09:00] trace  /app/index.php?i=1&uniacid=1&t=undefined&v=1.3&m=ewei_shopv2&from=wxapp&c=entry&a=wxapp&do=main&&state=we7sid-b09a933f13f5de3a50856dd9bc57e1c9&sign=94dc8d20ef99d79fd73cdb5086fdc71b op=order; orderid=15611; pn=upload; 
上传
[2018-08-24 22:18:11] trace  /app/index.php?i=1&uniacid=1&t=undefined&v=1.3&m=ewei_shopv2&from=wxapp&c=entry&a=wxapp&do=main&&state=we7sid-56e11cc5e76f6a5c81c43798f99e358b&sign=2d83e1755e90fbc6d3adb5e86fc74a81 pn=upload; op=order; orderid=15612; 
上传
[2018-08-24 22:23:02] trace  /app/index.php?i=1&uniacid=1&t=undefined&v=1.3&m=ewei_shopv2&from=wxapp&c=entry&a=wxapp&do=main&&state=we7sid-26e54aabc2572e8edfd0155df2f320f9&sign=9d7f3eb182439fdd09551c6f16c75689 pn=upload; op=order; orderid=15613; 
上传
[2018-08-24 22:56:07] trace  /app/index.php?i=1&uniacid=1&t=undefined&v=1.3&m=ewei_shopv2&from=wxapp&c=entry&a=wxapp&do=main&&state=we7sid-12dfabe9fd75db65e375b55666bcc132&sign=04d962b22965399ff11fe6c2ae850544 pn=upload; op=order; orderid=15614; 
上传
[2018-08-24 23:24:50] trace  /app/index.php?i=1&uniacid=1&t=undefined&v=1.3&m=ewei_shopv2&from=wxapp&c=entry&a=wxapp&do=main&&state=we7sid-ac981e50035172d08dd3a9db876c2da6&sign=a774e97fdb752e28f4716d8599ced9fc op=order; orderid=15615; pn=upload; 
上传
[2018-08-24 23:50:29] trace  /app/index.php?i=1&uniacid=1&t=undefined&v=1.3&m=ewei_shopv2&from=wxapp&c=entry&a=wxapp&do=main&&state=we7sid-5db723895db5cff47f07aaf1c41583b3&sign=58f77f7bb75e1f708cc61f5230130c9f pn=upload; op=order; orderid=15616; 
上传
