[2018-05-29 00:14:44] trace  /app/index.php?i=1&uniacid=1&t=undefined&v=1.1&m=ewei_shopv2&from=wxapp&c=entry&a=wxapp&do=main&&state=we7sid-2d7c26fd0f83626e7f10308d8550c072&sign=e2307c491c2e123c5edc8da2948f76df pn=upload; op=order; orderid=5946; 
上传
[2018-05-29 01:01:54] trace  /app/index.php?i=1&uniacid=1&t=undefined&v=1.1&m=ewei_shopv2&from=wxapp&c=entry&a=wxapp&do=main&&state=we7sid-d0ebc1a3e022f2c917ec1623e74b8688&sign=5aed68ef65581f009b4d0c91f3473eb8 pn=upload; op=order; orderid=5947; 
上传
[2018-05-29 01:04:18] trace  /app/index.php?i=1&uniacid=1&t=undefined&v=1.1&m=ewei_shopv2&from=wxapp&c=entry&a=wxapp&do=main&&state=we7sid-d0ebc1a3e022f2c917ec1623e74b8688&sign=5aed68ef65581f009b4d0c91f3473eb8 pn=upload; op=order; orderid=5948; 
上传
[2018-05-29 01:15:42] trace  /app/index.php?i=1&uniacid=1&t=undefined&v=1.1&m=ewei_shopv2&from=wxapp&c=entry&a=wxapp&do=main&&state=we7sid-e37740600f9f03dcf13f69009b0e28fb&sign=3d5176f01f0461b92205f17d6f80b5c5 pn=upload; op=order; orderid=5949; 
上传
[2018-05-29 01:28:49] trace  /app/index.php?i=1&uniacid=1&t=undefined&v=1.1&m=ewei_shopv2&from=wxapp&c=entry&a=wxapp&do=main&&state=we7sid-fab87b9bb1fdd63fd72c1ce87a77e3d4&sign=19379fbe5e8c79b4d58617ae31971ffc pn=upload; op=order; orderid=5950; 
上传
[2018-05-29 02:40:34] trace  /app/index.php?i=1&uniacid=1&t=undefined&v=1.1&m=ewei_shopv2&from=wxapp&c=entry&a=wxapp&do=main&&state=we7sid-0c550f79f448659b1daf34180d74fec8&sign=d4a616cee280d64367d0d4608e30bf69 pn=upload; op=order; orderid=5951; 
上传
[2018-05-29 06:53:00] trace  /app/index.php?i=1&uniacid=1&t=undefined&v=1.1&m=ewei_shopv2&from=wxapp&c=entry&a=wxapp&do=main&&state=we7sid-8d4d9f5955259003707c65919c18d7df&sign=0b170f10aef48e14e11bb658b5d554fb pn=upload; op=order; orderid=5952; 
上传
[2018-05-29 07:07:57] trace  /app/index.php?i=1&uniacid=1&t=undefined&v=1.1&m=ewei_shopv2&from=wxapp&c=entry&a=wxapp&do=main&&state=we7sid-ef018ed7307d3f0980a227f426205faf&sign=8b0ffd7c35c1b9c2be285b999165ecdc pn=upload; op=order; orderid=5953; 
上传
[2018-05-29 07:45:48] trace  /app/index.php?i=1&uniacid=1&t=undefined&v=1.1&m=ewei_shopv2&from=wxapp&c=entry&a=wxapp&do=main&&state=we7sid-b638b53bf3ac4d692ebaeb48bb286d3d&sign=6c0c2da0c3dbee3654b7d52b60861a38 pn=upload; op=order; orderid=5954; 
上传
[2018-05-29 08:10:08] trace  /app/index.php?i=1&uniacid=1&t=undefined&v=1.1&m=ewei_shopv2&from=wxapp&c=entry&a=wxapp&do=main&&state=we7sid-a609f428b69ebafe39e9c235d4607ee3&sign=efa50d9fc8568b3c66940f4e70c9a56e pn=upload; op=order; orderid=5955; 
上传
[2018-05-29 08:50:05] trace  /app/index.php?i=1&uniacid=1&t=undefined&v=1.1&m=ewei_shopv2&from=wxapp&c=entry&a=wxapp&do=main&&state=we7sid-5ac1dfc4b2d83bd6fa97836fa918d22e&sign=5d2df3d95154799875d5704793518ac5 op=order; orderid=5956; pn=upload; 
上传
[2018-05-29 09:25:13] trace  /app/index.php?i=1&uniacid=1&t=undefined&v=1.1&m=ewei_shopv2&from=wxapp&c=entry&a=wxapp&do=main&&state=we7sid-610ac841dc42347d59085a7856731a9f&sign=4f8fae7f21f1c753d3d3d5e784843eae pn=upload; op=order; orderid=5957; 
上传
[2018-05-29 09:38:42] trace  /app/index.php?i=1&uniacid=1&t=undefined&v=1.1&m=ewei_shopv2&from=wxapp&c=entry&a=wxapp&do=main&&state=we7sid-75640742375bdac37393e8d436b68eb6&sign=53655ed39d342b1eb39a4e5fdcd16b12 pn=upload; op=order; orderid=5958; 
上传
[2018-05-29 09:58:24] trace  /app/index.php?i=1&uniacid=1&t=undefined&v=1.1&m=ewei_shopv2&from=wxapp&c=entry&a=wxapp&do=main&&state=we7sid-8748520a97050e9b5428fb7f04f8decf&sign=abd7515761077d3eeb44331ffacfd713 pn=upload; op=order; orderid=5959; 
上传
[2018-05-29 10:10:34] trace  /app/index.php?i=1&uniacid=1&t=undefined&v=1.1&m=ewei_shopv2&from=wxapp&c=entry&a=wxapp&do=main&&state=we7sid-6c49c1aedec21c53067df4bda5ecba80&sign=fe2f154893d9569b24c85d55307615ef pn=upload; op=order; orderid=5960; 
上传
[2018-05-29 10:31:15] trace  /app/index.php?i=1&uniacid=1&t=undefined&v=1.1&m=ewei_shopv2&from=wxapp&c=entry&a=wxapp&do=main&&state=we7sid-56593b71f1eea0c757265f8318bfe77c&sign=ce6dd48c74eafbf1c76ee475ed8206f1 pn=upload; op=order; orderid=5961; 
上传
[2018-05-29 10:43:47] trace  /app/index.php?i=1&uniacid=1&t=undefined&v=1.1&m=ewei_shopv2&from=wxapp&c=entry&a=wxapp&do=main&&state=we7sid-56593b71f1eea0c757265f8318bfe77c&sign=ce6dd48c74eafbf1c76ee475ed8206f1 pn=upload; op=order; orderid=5962; 
上传
[2018-05-29 10:43:59] trace  /app/index.php?i=1&uniacid=1&t=undefined&v=1.1&m=ewei_shopv2&from=wxapp&c=entry&a=wxapp&do=main&&state=we7sid-56593b71f1eea0c757265f8318bfe77c&sign=ce6dd48c74eafbf1c76ee475ed8206f1 pn=upload; op=order; orderid=5963; 
上传
[2018-05-29 10:44:30] trace  /app/index.php?i=1&uniacid=1&t=undefined&v=1.1&m=ewei_shopv2&from=wxapp&c=entry&a=wxapp&do=main&&state=we7sid-56593b71f1eea0c757265f8318bfe77c&sign=ce6dd48c74eafbf1c76ee475ed8206f1 pn=upload; op=order; orderid=5964; 
上传
[2018-05-29 11:03:51] trace  /app/index.php?i=1&uniacid=1&t=undefined&v=1.1&m=ewei_shopv2&from=wxapp&c=entry&a=wxapp&do=main&&state=we7sid-cf1c76031eae9d09371627fd9b8af412&sign=fcde4b44fc285bf90fdd5bc1c9934345 pn=upload; op=order; orderid=5965; 
上传
[2018-05-29 11:05:02] trace  /app/index.php?i=1&uniacid=1&t=undefined&v=1.1&m=ewei_shopv2&from=wxapp&c=entry&a=wxapp&do=main&&state=we7sid-cf1c76031eae9d09371627fd9b8af412&sign=fcde4b44fc285bf90fdd5bc1c9934345 pn=upload; op=order; orderid=5965; 
上传
[2018-05-29 11:18:14] trace  /app/index.php?i=1&uniacid=1&t=undefined&v=1.1&m=ewei_shopv2&from=wxapp&c=entry&a=wxapp&do=main&&state=we7sid-57c0a4046ae9ce7df1d888ccf17479bf&sign=f3bb3be9d8e661bd0a9db869b7897e4f pn=upload; op=order; orderid=5966; 
上传
[2018-05-29 11:19:16] trace  /app/index.php?i=1&uniacid=1&t=undefined&v=1.1&m=ewei_shopv2&from=wxapp&c=entry&a=wxapp&do=main&&state=we7sid-4260d1635ba82e5959f1caac916805d5&sign=97355a2038753dd6d3cac975b69ad481 op=order; orderid=5967; pn=upload; 
上传
[2018-05-29 11:22:30] trace  /app/index.php?i=1&uniacid=1&t=undefined&v=1.1&m=ewei_shopv2&from=wxapp&c=entry&a=wxapp&do=main&&state=we7sid-cf1c76031eae9d09371627fd9b8af412&sign=fcde4b44fc285bf90fdd5bc1c9934345 pn=upload; op=order; orderid=5968; 
上传
[2018-05-29 11:22:30] trace  /app/index.php?i=1&uniacid=1&t=undefined&v=1.1&m=ewei_shopv2&from=wxapp&c=entry&a=wxapp&do=main&&state=we7sid-cf1c76031eae9d09371627fd9b8af412&sign=fcde4b44fc285bf90fdd5bc1c9934345 pn=upload; op=order; orderid=5968; 
上传
[2018-05-29 11:28:45] trace  /app/index.php?i=1&uniacid=1&t=undefined&v=1.1&m=ewei_shopv2&from=wxapp&c=entry&a=wxapp&do=main&&state=we7sid-f7d5d056523c21e4dd7c8a1687551b75&sign=cce5c3ea6a5fbbdc423e6f9939faa057 pn=upload; op=author; orderid=5741; 
上传
[2018-05-29 11:48:38] trace  /app/index.php?i=1&uniacid=1&t=undefined&v=1.1&m=ewei_shopv2&from=wxapp&c=entry&a=wxapp&do=main&&state=we7sid-7662f169c1caa3649ad3a096af2859d0&sign=b6584dbcba6015b80a4c17e8416131dd op=order; orderid=5969; pn=upload; 
上传
[2018-05-29 12:05:34] trace  /app/index.php?i=1&uniacid=1&t=undefined&v=1.1&m=ewei_shopv2&from=wxapp&c=entry&a=wxapp&do=main&&state=we7sid-dcc820eb39d0c23eec917ca50d897000&sign=cb38cabd17a35885e33746a4954e9070 pn=upload; op=order; orderid=5970; 
上传
[2018-05-29 13:18:07] trace  /app/index.php?i=1&uniacid=1&t=undefined&v=1.1&m=ewei_shopv2&from=wxapp&c=entry&a=wxapp&do=main&&state=we7sid-f53b1af7d5c2aba218326851db545c05&sign=5f63c6428f936707c0223a15c3007dbd pn=upload; op=order; orderid=5971; 
上传
[2018-05-29 13:25:55] trace  /app/index.php?i=1&uniacid=1&t=undefined&v=1.1&m=ewei_shopv2&from=wxapp&c=entry&a=wxapp&do=main&&state=we7sid-08dfa44fe1032f8fda8b0850fd49099a&sign=5a41a1c8f7ad7665a7df85cc49976e0a pn=upload; op=order; orderid=5972; 
上传
[2018-05-29 13:41:36] trace  /app/index.php?i=1&uniacid=1&t=undefined&v=1.1&m=ewei_shopv2&from=wxapp&c=entry&a=wxapp&do=main&&state=we7sid-3b8f7e60bd71d19de659a70f386f7b1d&sign=a03f10f327bd5ada827b5a0c89bfc549 pn=upload; op=order; orderid=5973; 
上传
[2018-05-29 13:45:59] trace  /app/index.php?i=1&uniacid=1&t=undefined&v=1.1&m=ewei_shopv2&from=wxapp&c=entry&a=wxapp&do=main&&state=we7sid-b01674fb94a3315ecb72a05a6572dc10&sign=177a1274d6106a0a78d3fbd8adea44e1 pn=upload; op=order; orderid=5974; 
上传
[2018-05-29 13:48:46] trace  /app/index.php?i=1&uniacid=1&t=undefined&v=1.1&m=ewei_shopv2&from=wxapp&c=entry&a=wxapp&do=main&&state=we7sid-28b832d73e03fb8ed22a119ebed6b583&sign=b4fe3766187a68ce52abb8381d614490 pn=upload; op=order; orderid=5975; 
上传
[2018-05-29 13:48:59] trace  /app/index.php?i=1&uniacid=1&t=undefined&v=1.1&m=ewei_shopv2&from=wxapp&c=entry&a=wxapp&do=main&&state=we7sid-c6dd2aa06d20c5cf14651c32f1188ce0&sign=e0e5009efe16f759b50cacf914554207 pn=upload; op=order; orderid=5976; 
上传
[2018-05-29 14:59:42] trace  /app/index.php?i=1&uniacid=1&t=undefined&v=1.1&m=ewei_shopv2&from=wxapp&c=entry&a=wxapp&do=main&&state=we7sid-992da34290c23765dd0e73c1e851be86&sign=ced5c512b39a0b379fdce1d4d4ecdf2f pn=upload; op=order; orderid=5977; 
上传
[2018-05-29 15:03:12] trace  /app/index.php?i=1&uniacid=1&t=undefined&v=1.1&m=ewei_shopv2&from=wxapp&c=entry&a=wxapp&do=main&&state=we7sid-e7b067b1ff4e664f0f690a8548865075&sign=0ac3f39c74be79d147b28965bc4f3765 op=order; orderid=5978; pn=upload; 
上传
[2018-05-29 15:04:08] trace  /app/index.php?i=1&uniacid=1&t=undefined&v=1.1&m=ewei_shopv2&from=wxapp&c=entry&a=wxapp&do=main&&state=we7sid-2bad6976aa669067d5b809ad17de8106&sign=59462d0a468a25c75a95668ac09935e8 pn=upload; op=order; orderid=5979; 
上传
[2018-05-29 15:14:07] trace  /app/index.php?i=1&uniacid=1&t=undefined&v=1.1&m=ewei_shopv2&from=wxapp&c=entry&a=wxapp&do=main&&state=we7sid-59ae9546f6cda79282d01390a6d4dc64&sign=2c2843124dc2c7d61b892fb9bf89bc2c pn=upload; op=order; orderid=5980; 
上传
[2018-05-29 15:31:26] trace  /app/index.php?i=1&uniacid=1&t=undefined&v=1.1&m=ewei_shopv2&from=wxapp&c=entry&a=wxapp&do=main&&state=we7sid-5a0f4885a448c6faed3142213619b43f&sign=b0610f2608b608f490ada795d63c94b3 pn=upload; op=order; orderid=5981; 
上传
[2018-05-29 15:37:45] trace  /app/index.php?i=1&uniacid=1&t=undefined&v=1.1&m=ewei_shopv2&from=wxapp&c=entry&a=wxapp&do=main&&state=we7sid-15bcf637fb7e453afb941c83b0381039&sign=50f7d38152d0c150a967473f9e71fcf7 pn=upload; op=order; orderid=5982; 
上传
[2018-05-29 15:44:41] trace  /app/index.php?i=1&uniacid=1&t=undefined&v=1.1&m=ewei_shopv2&from=wxapp&c=entry&a=wxapp&do=main&&state=we7sid-c80ed0a680cd5629f807bc35691f975d&sign=6643e7697e05d0b30ed17d4fb8b3b127 pn=upload; op=order; orderid=5983; 
上传
[2018-05-29 16:12:27] trace  /app/index.php?i=1&uniacid=1&t=undefined&v=1.1&m=ewei_shopv2&from=wxapp&c=entry&a=wxapp&do=main&&state=we7sid-2ad84308d293fd0370c275da80129ca9&sign=9fefbeaad20cbaf8f8c16369d05b59ec pn=upload; op=order; orderid=5984; 
上传
[2018-05-29 16:16:17] trace  /app/index.php?i=1&uniacid=1&t=undefined&v=1.1&m=ewei_shopv2&from=wxapp&c=entry&a=wxapp&do=main&&state=we7sid-3527fd7405f3b3ed882cff9fb8dc908a&sign=371cca0a843de259d6c8278b9bdb3008 pn=upload; op=order; orderid=5985; 
上传
[2018-05-29 16:32:20] trace  /app/index.php?i=1&uniacid=1&t=undefined&v=1.1&m=ewei_shopv2&from=wxapp&c=entry&a=wxapp&do=main&&state=we7sid-1ce05c769b720c4f4282d38fc03b5cb3&sign=f16dfd87906171b1511b21b33996e8a6 pn=upload; op=order; orderid=5986; 
上传
[2018-05-29 16:34:16] trace  /app/index.php?i=1&uniacid=1&t=undefined&v=1.1&m=ewei_shopv2&from=wxapp&c=entry&a=wxapp&do=main&&state=we7sid-82c9a9810956ae216ce994e31a1839fc&sign=2c18826ad4493868101492332599f206 pn=upload; op=order; orderid=5987; 
上传
[2018-05-29 17:12:58] trace  /app/index.php?i=1&uniacid=1&t=undefined&v=1.1&m=ewei_shopv2&from=wxapp&c=entry&a=wxapp&do=main&&state=we7sid-01ad64c4b68a47bbc0b5a268c90fb4b9&sign=1a31740810ef139bf283f86f77706beb pn=upload; op=order; orderid=5988; 
上传
[2018-05-29 17:17:49] trace  /app/index.php?i=1&uniacid=1&t=undefined&v=1.1&m=ewei_shopv2&from=wxapp&c=entry&a=wxapp&do=main&&state=we7sid-2b584c03d2ddd3d8173684071711815d&sign=9d84733d9495bf896d98ccb89d766069 pn=upload; op=order; orderid=5989; 
上传
[2018-05-29 17:20:49] trace  /app/index.php?i=1&uniacid=1&t=undefined&v=1.1&m=ewei_shopv2&from=wxapp&c=entry&a=wxapp&do=main&&state=we7sid-3da5eb4213280e4ecfb0219e161ce807&sign=0e9e94d025878564dad8b6433f9c9f0f pn=upload; op=order; orderid=5990; 
上传
[2018-05-29 17:37:25] trace  /app/index.php?i=1&uniacid=1&t=undefined&v=1.1&m=ewei_shopv2&from=wxapp&c=entry&a=wxapp&do=main&&state=we7sid-666ab124b002c77b90341e99786c8701&sign=973ded7f8a69dc3d8dfd86b2a4383dae pn=upload; op=order; orderid=5991; 
上传
[2018-05-29 17:41:54] trace  /app/index.php?i=1&uniacid=1&t=undefined&v=1.1&m=ewei_shopv2&from=wxapp&c=entry&a=wxapp&do=main&&state=we7sid-b0fe009a5a45ae7f85f671078abbeda5&sign=7c9775d45a7e1723fb5b1ce750512c05 pn=upload; op=order; orderid=5992; 
上传
[2018-05-29 17:51:53] trace  /app/index.php?i=1&uniacid=1&t=undefined&v=1.1&m=ewei_shopv2&from=wxapp&c=entry&a=wxapp&do=main&&state=we7sid-9cd18e78ea1ce685fff2cf032c04ffd9&sign=b9f0814580b5573da1c98eb0bb219740 pn=upload; op=order; orderid=5993; 
上传
[2018-05-29 17:51:59] trace  /app/index.php?i=1&uniacid=1&t=undefined&v=1.1&m=ewei_shopv2&from=wxapp&c=entry&a=wxapp&do=main&&state=we7sid-9cd18e78ea1ce685fff2cf032c04ffd9&sign=b9f0814580b5573da1c98eb0bb219740 pn=upload; op=order; orderid=5994; 
上传
[2018-05-29 17:52:52] trace  /app/index.php?i=1&uniacid=1&t=undefined&v=1.1&m=ewei_shopv2&from=wxapp&c=entry&a=wxapp&do=main&&state=we7sid-b2b3e8418a722c64f4ce66b681d3a002&sign=7707130d5f5ef1371f5ab3fc52241343 pn=upload; op=order; orderid=5995; 
上传
[2018-05-29 18:25:08] trace  /app/index.php?i=1&uniacid=1&t=undefined&v=1.1&m=ewei_shopv2&from=wxapp&c=entry&a=wxapp&do=main&&state=we7sid-fb1148ef6bf7d3678fbec51f485c445f&sign=4060d781db2c51256a928f81099d6791 pn=upload; op=order; orderid=5996; 
上传
[2018-05-29 18:27:37] trace  /app/index.php?i=1&uniacid=1&t=undefined&v=1.1&m=ewei_shopv2&from=wxapp&c=entry&a=wxapp&do=main&&state=we7sid-fb1148ef6bf7d3678fbec51f485c445f&sign=4060d781db2c51256a928f81099d6791 pn=upload; op=order; orderid=5997; 
上传
[2018-05-29 18:27:42] trace  /app/index.php?i=1&uniacid=1&t=undefined&v=1.1&m=ewei_shopv2&from=wxapp&c=entry&a=wxapp&do=main&&state=we7sid-fb1148ef6bf7d3678fbec51f485c445f&sign=4060d781db2c51256a928f81099d6791 pn=upload; op=order; orderid=5998; 
上传
[2018-05-29 18:28:50] trace  /app/index.php?i=1&uniacid=1&t=undefined&v=1.1&m=ewei_shopv2&from=wxapp&c=entry&a=wxapp&do=main&&state=we7sid-fb1148ef6bf7d3678fbec51f485c445f&sign=4060d781db2c51256a928f81099d6791 pn=upload; op=order; orderid=5999; 
上传
[2018-05-29 18:37:24] trace  /app/index.php?i=1&uniacid=1&t=undefined&v=1.1&m=ewei_shopv2&from=wxapp&c=entry&a=wxapp&do=main&&state=we7sid-7ad7c965bab39c51e35b8921401800c5&sign=97d36d212a490193631e6c1f8fed7acf pn=upload; op=order; orderid=6000; 
上传
[2018-05-29 19:14:22] trace  /app/index.php?i=1&uniacid=1&t=undefined&v=1.1&m=ewei_shopv2&from=wxapp&c=entry&a=wxapp&do=main&&state=we7sid-eecd0d8dfcd08f7a17305931cdb89a63&sign=4dbe9034a0e99fe2ab752298bfdd913e pn=upload; op=order; orderid=6001; 
上传
[2018-05-29 19:14:42] trace  /app/index.php?i=1&uniacid=1&t=undefined&v=1.1&m=ewei_shopv2&from=wxapp&c=entry&a=wxapp&do=main&&state=we7sid-eecd0d8dfcd08f7a17305931cdb89a63&sign=4dbe9034a0e99fe2ab752298bfdd913e pn=upload; op=order; orderid=6002; 
上传
[2018-05-29 19:21:53] trace  /app/index.php?i=1&uniacid=1&t=undefined&v=1.1&m=ewei_shopv2&from=wxapp&c=entry&a=wxapp&do=main&&state=we7sid-1545dd6dbff2b7a50b9f813ec3354246&sign=818f5cbb7f7cc1b4bcae07dd94612fc8 pn=upload; op=order; orderid=6003; 
上传
[2018-05-29 19:21:53] trace  /app/index.php?i=1&uniacid=1&t=undefined&v=1.1&m=ewei_shopv2&from=wxapp&c=entry&a=wxapp&do=main&&state=we7sid-1545dd6dbff2b7a50b9f813ec3354246&sign=818f5cbb7f7cc1b4bcae07dd94612fc8 pn=upload; op=order; orderid=6003; 
上传
[2018-05-29 19:21:58] trace  /app/index.php?i=1&uniacid=1&t=undefined&v=1.1&m=ewei_shopv2&from=wxapp&c=entry&a=wxapp&do=main&&state=we7sid-1545dd6dbff2b7a50b9f813ec3354246&sign=818f5cbb7f7cc1b4bcae07dd94612fc8 pn=upload; op=order; orderid=6004; 
上传
[2018-05-29 19:21:58] trace  /app/index.php?i=1&uniacid=1&t=undefined&v=1.1&m=ewei_shopv2&from=wxapp&c=entry&a=wxapp&do=main&&state=we7sid-1545dd6dbff2b7a50b9f813ec3354246&sign=818f5cbb7f7cc1b4bcae07dd94612fc8 pn=upload; op=order; orderid=6004; 
上传
[2018-05-29 19:21:59] trace  /app/index.php?i=1&uniacid=1&t=undefined&v=1.1&m=ewei_shopv2&from=wxapp&c=entry&a=wxapp&do=main&&state=we7sid-1545dd6dbff2b7a50b9f813ec3354246&sign=818f5cbb7f7cc1b4bcae07dd94612fc8 pn=upload; op=order; orderid=6005; 
上传
[2018-05-29 19:21:59] trace  /app/index.php?i=1&uniacid=1&t=undefined&v=1.1&m=ewei_shopv2&from=wxapp&c=entry&a=wxapp&do=main&&state=we7sid-1545dd6dbff2b7a50b9f813ec3354246&sign=818f5cbb7f7cc1b4bcae07dd94612fc8 pn=upload; op=order; orderid=6005; 
上传
[2018-05-29 19:22:00] trace  /app/index.php?i=1&uniacid=1&t=undefined&v=1.1&m=ewei_shopv2&from=wxapp&c=entry&a=wxapp&do=main&&state=we7sid-1545dd6dbff2b7a50b9f813ec3354246&sign=818f5cbb7f7cc1b4bcae07dd94612fc8 pn=upload; op=order; orderid=6006; 
上传
[2018-05-29 19:22:00] trace  /app/index.php?i=1&uniacid=1&t=undefined&v=1.1&m=ewei_shopv2&from=wxapp&c=entry&a=wxapp&do=main&&state=we7sid-1545dd6dbff2b7a50b9f813ec3354246&sign=818f5cbb7f7cc1b4bcae07dd94612fc8 pn=upload; op=order; orderid=6006; 
上传
[2018-05-29 19:22:02] trace  /app/index.php?i=1&uniacid=1&t=undefined&v=1.1&m=ewei_shopv2&from=wxapp&c=entry&a=wxapp&do=main&&state=we7sid-1545dd6dbff2b7a50b9f813ec3354246&sign=818f5cbb7f7cc1b4bcae07dd94612fc8 pn=upload; op=order; orderid=6007; 
上传
[2018-05-29 19:22:02] trace  /app/index.php?i=1&uniacid=1&t=undefined&v=1.1&m=ewei_shopv2&from=wxapp&c=entry&a=wxapp&do=main&&state=we7sid-1545dd6dbff2b7a50b9f813ec3354246&sign=818f5cbb7f7cc1b4bcae07dd94612fc8 pn=upload; op=order; orderid=6007; 
上传
[2018-05-29 19:22:03] trace  /app/index.php?i=1&uniacid=1&t=undefined&v=1.1&m=ewei_shopv2&from=wxapp&c=entry&a=wxapp&do=main&&state=we7sid-1545dd6dbff2b7a50b9f813ec3354246&sign=818f5cbb7f7cc1b4bcae07dd94612fc8 pn=upload; op=order; orderid=6008; 
上传
[2018-05-29 19:22:03] trace  /app/index.php?i=1&uniacid=1&t=undefined&v=1.1&m=ewei_shopv2&from=wxapp&c=entry&a=wxapp&do=main&&state=we7sid-1545dd6dbff2b7a50b9f813ec3354246&sign=818f5cbb7f7cc1b4bcae07dd94612fc8 pn=upload; op=order; orderid=6008; 
上传
[2018-05-29 19:22:04] trace  /app/index.php?i=1&uniacid=1&t=undefined&v=1.1&m=ewei_shopv2&from=wxapp&c=entry&a=wxapp&do=main&&state=we7sid-1545dd6dbff2b7a50b9f813ec3354246&sign=818f5cbb7f7cc1b4bcae07dd94612fc8 pn=upload; op=order; orderid=6009; 
上传
[2018-05-29 19:22:04] trace  /app/index.php?i=1&uniacid=1&t=undefined&v=1.1&m=ewei_shopv2&from=wxapp&c=entry&a=wxapp&do=main&&state=we7sid-1545dd6dbff2b7a50b9f813ec3354246&sign=818f5cbb7f7cc1b4bcae07dd94612fc8 pn=upload; op=order; orderid=6009; 
上传
[2018-05-29 19:22:05] trace  /app/index.php?i=1&uniacid=1&t=undefined&v=1.1&m=ewei_shopv2&from=wxapp&c=entry&a=wxapp&do=main&&state=we7sid-1545dd6dbff2b7a50b9f813ec3354246&sign=818f5cbb7f7cc1b4bcae07dd94612fc8 pn=upload; op=order; orderid=6010; 
上传
[2018-05-29 19:22:05] trace  /app/index.php?i=1&uniacid=1&t=undefined&v=1.1&m=ewei_shopv2&from=wxapp&c=entry&a=wxapp&do=main&&state=we7sid-1545dd6dbff2b7a50b9f813ec3354246&sign=818f5cbb7f7cc1b4bcae07dd94612fc8 pn=upload; op=order; orderid=6010; 
上传
[2018-05-29 19:22:06] trace  /app/index.php?i=1&uniacid=1&t=undefined&v=1.1&m=ewei_shopv2&from=wxapp&c=entry&a=wxapp&do=main&&state=we7sid-1545dd6dbff2b7a50b9f813ec3354246&sign=818f5cbb7f7cc1b4bcae07dd94612fc8 pn=upload; op=order; orderid=6011; 
上传
[2018-05-29 19:22:07] trace  /app/index.php?i=1&uniacid=1&t=undefined&v=1.1&m=ewei_shopv2&from=wxapp&c=entry&a=wxapp&do=main&&state=we7sid-1545dd6dbff2b7a50b9f813ec3354246&sign=818f5cbb7f7cc1b4bcae07dd94612fc8 pn=upload; op=order; orderid=6011; 
上传
[2018-05-29 19:22:07] trace  /app/index.php?i=1&uniacid=1&t=undefined&v=1.1&m=ewei_shopv2&from=wxapp&c=entry&a=wxapp&do=main&&state=we7sid-1545dd6dbff2b7a50b9f813ec3354246&sign=818f5cbb7f7cc1b4bcae07dd94612fc8 pn=upload; op=order; orderid=6012; 
上传
[2018-05-29 19:22:07] trace  /app/index.php?i=1&uniacid=1&t=undefined&v=1.1&m=ewei_shopv2&from=wxapp&c=entry&a=wxapp&do=main&&state=we7sid-1545dd6dbff2b7a50b9f813ec3354246&sign=818f5cbb7f7cc1b4bcae07dd94612fc8 pn=upload; op=order; orderid=6012; 
上传
[2018-05-29 19:22:09] trace  /app/index.php?i=1&uniacid=1&t=undefined&v=1.1&m=ewei_shopv2&from=wxapp&c=entry&a=wxapp&do=main&&state=we7sid-1545dd6dbff2b7a50b9f813ec3354246&sign=818f5cbb7f7cc1b4bcae07dd94612fc8 pn=upload; op=order; orderid=6013; 
上传
[2018-05-29 19:22:09] trace  /app/index.php?i=1&uniacid=1&t=undefined&v=1.1&m=ewei_shopv2&from=wxapp&c=entry&a=wxapp&do=main&&state=we7sid-1545dd6dbff2b7a50b9f813ec3354246&sign=818f5cbb7f7cc1b4bcae07dd94612fc8 pn=upload; op=order; orderid=6013; 
上传
[2018-05-29 19:22:11] trace  /app/index.php?i=1&uniacid=1&t=undefined&v=1.1&m=ewei_shopv2&from=wxapp&c=entry&a=wxapp&do=main&&state=we7sid-1545dd6dbff2b7a50b9f813ec3354246&sign=818f5cbb7f7cc1b4bcae07dd94612fc8 pn=upload; op=order; orderid=6014; 
上传
[2018-05-29 19:22:11] trace  /app/index.php?i=1&uniacid=1&t=undefined&v=1.1&m=ewei_shopv2&from=wxapp&c=entry&a=wxapp&do=main&&state=we7sid-1545dd6dbff2b7a50b9f813ec3354246&sign=818f5cbb7f7cc1b4bcae07dd94612fc8 pn=upload; op=order; orderid=6014; 
上传
[2018-05-29 19:22:19] trace  /app/index.php?i=1&uniacid=1&t=undefined&v=1.1&m=ewei_shopv2&from=wxapp&c=entry&a=wxapp&do=main&&state=we7sid-1545dd6dbff2b7a50b9f813ec3354246&sign=818f5cbb7f7cc1b4bcae07dd94612fc8 pn=upload; op=order; orderid=6015; 
上传
[2018-05-29 19:22:19] trace  /app/index.php?i=1&uniacid=1&t=undefined&v=1.1&m=ewei_shopv2&from=wxapp&c=entry&a=wxapp&do=main&&state=we7sid-1545dd6dbff2b7a50b9f813ec3354246&sign=818f5cbb7f7cc1b4bcae07dd94612fc8 pn=upload; op=order; orderid=6015; 
上传
[2018-05-29 19:22:24] trace  /app/index.php?i=1&uniacid=1&t=undefined&v=1.1&m=ewei_shopv2&from=wxapp&c=entry&a=wxapp&do=main&&state=we7sid-1545dd6dbff2b7a50b9f813ec3354246&sign=818f5cbb7f7cc1b4bcae07dd94612fc8 pn=upload; op=order; orderid=6016; 
上传
[2018-05-29 19:22:24] trace  /app/index.php?i=1&uniacid=1&t=undefined&v=1.1&m=ewei_shopv2&from=wxapp&c=entry&a=wxapp&do=main&&state=we7sid-1545dd6dbff2b7a50b9f813ec3354246&sign=818f5cbb7f7cc1b4bcae07dd94612fc8 pn=upload; op=order; orderid=6016; 
上传
[2018-05-29 19:24:36] trace  /app/index.php?i=1&uniacid=1&t=undefined&v=1.1&m=ewei_shopv2&from=wxapp&c=entry&a=wxapp&do=main&&state=we7sid-1545dd6dbff2b7a50b9f813ec3354246&sign=818f5cbb7f7cc1b4bcae07dd94612fc8 pn=upload; op=order; orderid=6017; 
上传
[2018-05-29 19:24:36] trace  /app/index.php?i=1&uniacid=1&t=undefined&v=1.1&m=ewei_shopv2&from=wxapp&c=entry&a=wxapp&do=main&&state=we7sid-1545dd6dbff2b7a50b9f813ec3354246&sign=818f5cbb7f7cc1b4bcae07dd94612fc8 pn=upload; op=order; orderid=6017; 
上传
[2018-05-29 19:24:37] trace  /app/index.php?i=1&uniacid=1&t=undefined&v=1.1&m=ewei_shopv2&from=wxapp&c=entry&a=wxapp&do=main&&state=we7sid-1545dd6dbff2b7a50b9f813ec3354246&sign=818f5cbb7f7cc1b4bcae07dd94612fc8 pn=upload; op=order; orderid=6018; 
上传
[2018-05-29 19:24:37] trace  /app/index.php?i=1&uniacid=1&t=undefined&v=1.1&m=ewei_shopv2&from=wxapp&c=entry&a=wxapp&do=main&&state=we7sid-1545dd6dbff2b7a50b9f813ec3354246&sign=818f5cbb7f7cc1b4bcae07dd94612fc8 pn=upload; op=order; orderid=6018; 
上传
[2018-05-29 19:24:37] trace  /app/index.php?i=1&uniacid=1&t=undefined&v=1.1&m=ewei_shopv2&from=wxapp&c=entry&a=wxapp&do=main&&state=we7sid-1545dd6dbff2b7a50b9f813ec3354246&sign=818f5cbb7f7cc1b4bcae07dd94612fc8 pn=upload; op=order; orderid=6019; 
上传
[2018-05-29 19:24:37] trace  /app/index.php?i=1&uniacid=1&t=undefined&v=1.1&m=ewei_shopv2&from=wxapp&c=entry&a=wxapp&do=main&&state=we7sid-1545dd6dbff2b7a50b9f813ec3354246&sign=818f5cbb7f7cc1b4bcae07dd94612fc8 pn=upload; op=order; orderid=6019; 
上传
[2018-05-29 19:24:38] trace  /app/index.php?i=1&uniacid=1&t=undefined&v=1.1&m=ewei_shopv2&from=wxapp&c=entry&a=wxapp&do=main&&state=we7sid-1545dd6dbff2b7a50b9f813ec3354246&sign=818f5cbb7f7cc1b4bcae07dd94612fc8 pn=upload; op=order; orderid=6020; 
上传
[2018-05-29 19:24:38] trace  /app/index.php?i=1&uniacid=1&t=undefined&v=1.1&m=ewei_shopv2&from=wxapp&c=entry&a=wxapp&do=main&&state=we7sid-1545dd6dbff2b7a50b9f813ec3354246&sign=818f5cbb7f7cc1b4bcae07dd94612fc8 pn=upload; op=order; orderid=6020; 
上传
[2018-05-29 19:24:38] trace  /app/index.php?i=1&uniacid=1&t=undefined&v=1.1&m=ewei_shopv2&from=wxapp&c=entry&a=wxapp&do=main&&state=we7sid-1545dd6dbff2b7a50b9f813ec3354246&sign=818f5cbb7f7cc1b4bcae07dd94612fc8 pn=upload; op=order; orderid=6021; 
上传
[2018-05-29 19:24:38] trace  /app/index.php?i=1&uniacid=1&t=undefined&v=1.1&m=ewei_shopv2&from=wxapp&c=entry&a=wxapp&do=main&&state=we7sid-1545dd6dbff2b7a50b9f813ec3354246&sign=818f5cbb7f7cc1b4bcae07dd94612fc8 pn=upload; op=order; orderid=6021; 
上传
[2018-05-29 19:24:39] trace  /app/index.php?i=1&uniacid=1&t=undefined&v=1.1&m=ewei_shopv2&from=wxapp&c=entry&a=wxapp&do=main&&state=we7sid-1545dd6dbff2b7a50b9f813ec3354246&sign=818f5cbb7f7cc1b4bcae07dd94612fc8 pn=upload; op=order; orderid=6022; 
上传
[2018-05-29 19:24:39] trace  /app/index.php?i=1&uniacid=1&t=undefined&v=1.1&m=ewei_shopv2&from=wxapp&c=entry&a=wxapp&do=main&&state=we7sid-1545dd6dbff2b7a50b9f813ec3354246&sign=818f5cbb7f7cc1b4bcae07dd94612fc8 pn=upload; op=order; orderid=6022; 
上传
[2018-05-29 19:24:39] trace  /app/index.php?i=1&uniacid=1&t=undefined&v=1.1&m=ewei_shopv2&from=wxapp&c=entry&a=wxapp&do=main&&state=we7sid-1545dd6dbff2b7a50b9f813ec3354246&sign=818f5cbb7f7cc1b4bcae07dd94612fc8 pn=upload; op=order; orderid=6023; 
上传
[2018-05-29 19:24:39] trace  /app/index.php?i=1&uniacid=1&t=undefined&v=1.1&m=ewei_shopv2&from=wxapp&c=entry&a=wxapp&do=main&&state=we7sid-1545dd6dbff2b7a50b9f813ec3354246&sign=818f5cbb7f7cc1b4bcae07dd94612fc8 pn=upload; op=order; orderid=6023; 
上传
[2018-05-29 19:24:39] trace  /app/index.php?i=1&uniacid=1&t=undefined&v=1.1&m=ewei_shopv2&from=wxapp&c=entry&a=wxapp&do=main&&state=we7sid-1545dd6dbff2b7a50b9f813ec3354246&sign=818f5cbb7f7cc1b4bcae07dd94612fc8 pn=upload; op=order; orderid=6024; 
上传
[2018-05-29 19:24:39] trace  /app/index.php?i=1&uniacid=1&t=undefined&v=1.1&m=ewei_shopv2&from=wxapp&c=entry&a=wxapp&do=main&&state=we7sid-1545dd6dbff2b7a50b9f813ec3354246&sign=818f5cbb7f7cc1b4bcae07dd94612fc8 pn=upload; op=order; orderid=6024; 
上传
[2018-05-29 19:24:40] trace  /app/index.php?i=1&uniacid=1&t=undefined&v=1.1&m=ewei_shopv2&from=wxapp&c=entry&a=wxapp&do=main&&state=we7sid-1545dd6dbff2b7a50b9f813ec3354246&sign=818f5cbb7f7cc1b4bcae07dd94612fc8 pn=upload; op=order; orderid=6025; 
上传
[2018-05-29 19:24:40] trace  /app/index.php?i=1&uniacid=1&t=undefined&v=1.1&m=ewei_shopv2&from=wxapp&c=entry&a=wxapp&do=main&&state=we7sid-1545dd6dbff2b7a50b9f813ec3354246&sign=818f5cbb7f7cc1b4bcae07dd94612fc8 pn=upload; op=order; orderid=6025; 
上传
[2018-05-29 19:24:40] trace  /app/index.php?i=1&uniacid=1&t=undefined&v=1.1&m=ewei_shopv2&from=wxapp&c=entry&a=wxapp&do=main&&state=we7sid-1545dd6dbff2b7a50b9f813ec3354246&sign=818f5cbb7f7cc1b4bcae07dd94612fc8 pn=upload; op=order; orderid=6026; 
上传
[2018-05-29 19:24:40] trace  /app/index.php?i=1&uniacid=1&t=undefined&v=1.1&m=ewei_shopv2&from=wxapp&c=entry&a=wxapp&do=main&&state=we7sid-1545dd6dbff2b7a50b9f813ec3354246&sign=818f5cbb7f7cc1b4bcae07dd94612fc8 pn=upload; op=order; orderid=6026; 
上传
[2018-05-29 19:32:38] trace  /app/index.php?i=1&uniacid=1&t=undefined&v=1.1&m=ewei_shopv2&from=wxapp&c=entry&a=wxapp&do=main&&state=we7sid-4f6317d45f6398f0aee42c7fa3c26043&sign=30b4e13e92163f9191b475b9074b7f4a pn=upload; op=order; orderid=6027; 
上传
[2018-05-29 20:05:08] trace  /app/index.php?i=1&uniacid=1&t=undefined&v=1.1&m=ewei_shopv2&from=wxapp&c=entry&a=wxapp&do=main&&state=we7sid-e86aca0dcdc2115649a7b76552cf9fa0&sign=5ae2e360a4b25c2299de1a7733c8847e pn=upload; op=order; orderid=6028; 
上传
[2018-05-29 20:05:10] trace  /app/index.php?i=1&uniacid=1&t=undefined&v=1.1&m=ewei_shopv2&from=wxapp&c=entry&a=wxapp&do=main&&state=we7sid-e86aca0dcdc2115649a7b76552cf9fa0&sign=5ae2e360a4b25c2299de1a7733c8847e pn=upload; op=order; orderid=6029; 
上传
[2018-05-29 20:05:12] trace  /app/index.php?i=1&uniacid=1&t=undefined&v=1.1&m=ewei_shopv2&from=wxapp&c=entry&a=wxapp&do=main&&state=we7sid-e86aca0dcdc2115649a7b76552cf9fa0&sign=5ae2e360a4b25c2299de1a7733c8847e pn=upload; op=order; orderid=6030; 
上传
[2018-05-29 20:05:32] trace  /app/index.php?i=1&uniacid=1&t=undefined&v=1.1&m=ewei_shopv2&from=wxapp&c=entry&a=wxapp&do=main&&state=we7sid-e86aca0dcdc2115649a7b76552cf9fa0&sign=5ae2e360a4b25c2299de1a7733c8847e pn=upload; op=order; orderid=6031; 
上传
[2018-05-29 20:05:41] trace  /app/index.php?i=1&uniacid=1&t=undefined&v=1.1&m=ewei_shopv2&from=wxapp&c=entry&a=wxapp&do=main&&state=we7sid-e86aca0dcdc2115649a7b76552cf9fa0&sign=5ae2e360a4b25c2299de1a7733c8847e pn=upload; op=order; orderid=6032; 
上传
[2018-05-29 20:06:18] trace  /app/index.php?i=1&uniacid=1&t=undefined&v=1.1&m=ewei_shopv2&from=wxapp&c=entry&a=wxapp&do=main&&state=we7sid-e86aca0dcdc2115649a7b76552cf9fa0&sign=5ae2e360a4b25c2299de1a7733c8847e pn=upload; op=order; orderid=6033; 
上传
[2018-05-29 20:15:01] trace  /app/index.php?i=1&uniacid=1&t=undefined&v=1.1&m=ewei_shopv2&from=wxapp&c=entry&a=wxapp&do=main&&state=we7sid-97daf81a62fec931fc5b6df8fb94199d&sign=8279fcbeceef5b75fd080570b9a43b42 op=order; pn=upload; orderid=6034; 
上传
[2018-05-29 20:36:05] trace  /app/index.php?i=1&uniacid=1&t=undefined&v=1.1&m=ewei_shopv2&from=wxapp&c=entry&a=wxapp&do=main&&state=we7sid-a980d1acd5ae2b7a5a37f7687a7db0ad&sign=380498960ce305fc43433bcfb65d9eda pn=upload; op=order; orderid=6035; 
上传
[2018-05-29 20:36:06] trace  /app/index.php?i=1&uniacid=1&t=undefined&v=1.1&m=ewei_shopv2&from=wxapp&c=entry&a=wxapp&do=main&&state=we7sid-a980d1acd5ae2b7a5a37f7687a7db0ad&sign=380498960ce305fc43433bcfb65d9eda pn=upload; op=order; orderid=6035; 
上传
[2018-05-29 21:09:38] trace  /app/index.php?i=1&uniacid=1&t=undefined&v=1.1&m=ewei_shopv2&from=wxapp&c=entry&a=wxapp&do=main&&state=we7sid-165c479ff0fe39c8ea0912b36b5b6cea&sign=2869ed4a8aa4fa02ce6e52aad945dc16 pn=upload; op=order; orderid=6036; 
上传
[2018-05-29 21:12:07] trace  /app/index.php?i=1&uniacid=1&t=undefined&v=1.1&m=ewei_shopv2&from=wxapp&c=entry&a=wxapp&do=main&&state=we7sid-c98d91b957034083df91cbf6a16cf511&sign=6db9b3ff1e24b4fe501a8d5f48123c48 pn=upload; op=order; orderid=6037; 
上传
