[2018-12-24 00:01:04] trace  /app/index.php?i=1&uniacid=1&t=undefined&v=1.3&m=ewei_shopv2&from=wxapp&c=entry&a=wxapp&do=main&&state=we7sid-3a23933191937c3cbbdb24bd755d1283&sign=27d00ed9c25680ecea7d994fd05a97da pn=upload; op=order; orderid=23280; 
上传
[2018-12-24 00:11:02] trace  /app/index.php?i=1&uniacid=1&t=undefined&v=1.3&m=ewei_shopv2&from=wxapp&c=entry&a=wxapp&do=main&&state=we7sid-e00bf567623657dd0d833989f09eebdd&sign=d22c2c1dceab9a1eaefef5be8f4d9f86 pn=upload; op=order; orderid=23281; 
上传
[2018-12-24 00:17:12] trace  /app/index.php?i=1&uniacid=1&t=undefined&v=1.3&m=ewei_shopv2&from=wxapp&c=entry&a=wxapp&do=main&&state=we7sid-e00bf567623657dd0d833989f09eebdd&sign=d22c2c1dceab9a1eaefef5be8f4d9f86 pn=upload; op=order; orderid=23282; 
上传
[2018-12-24 00:28:59] trace  /app/index.php?i=1&uniacid=1&t=undefined&v=1.3&m=ewei_shopv2&from=wxapp&c=entry&a=wxapp&do=main&&state=we7sid-f03c2d06d725add1c9e8dda4b604d32f&sign=95d64ac4762fec5f9962ba8332ab1b33 pn=upload; op=order; orderid=23283; 
上传
[2018-12-24 00:40:42] trace  /app/index.php?i=1&uniacid=1&t=undefined&v=1.3&m=ewei_shopv2&from=wxapp&c=entry&a=wxapp&do=main&&state=we7sid-3e19bf3f0bb065101f6137cfeeacc7a1&sign=df85cef669a88bf21d1e8fa3b0cadf9e pn=upload; op=order; orderid=23284; 
上传
[2018-12-24 00:40:42] trace  /app/index.php?i=1&uniacid=1&t=undefined&v=1.3&m=ewei_shopv2&from=wxapp&c=entry&a=wxapp&do=main&&state=we7sid-3e19bf3f0bb065101f6137cfeeacc7a1&sign=df85cef669a88bf21d1e8fa3b0cadf9e pn=upload; op=order; orderid=23284; 
上传
[2018-12-24 01:02:01] trace  /app/index.php?i=1&uniacid=1&t=undefined&v=1.3&m=ewei_shopv2&from=wxapp&c=entry&a=wxapp&do=main&&state=we7sid-87640542289389bea10649c57de9c2b7&sign=6b39b9a0e7b5cc4de7788445b1b5fd0c op=order; orderid=23285; pn=upload; 
上传
[2018-12-24 01:02:50] trace  /app/index.php?i=1&uniacid=1&t=undefined&v=1.3&m=ewei_shopv2&from=wxapp&c=entry&a=wxapp&do=main&&state=we7sid-87640542289389bea10649c57de9c2b7&sign=6b39b9a0e7b5cc4de7788445b1b5fd0c op=order; orderid=23286; pn=upload; 
上传
[2018-12-24 01:04:43] trace  /app/index.php?i=1&uniacid=1&t=undefined&v=1.3&m=ewei_shopv2&from=wxapp&c=entry&a=wxapp&do=main&&state=we7sid-42bec84b0d70682386f4cc7e78b6ab7d&sign=fe44da42f481bb489668236d6dd1fd29 pn=upload; op=order; orderid=23287; 
上传
[2018-12-24 02:00:05] trace  /app/index.php?i=1&uniacid=1&t=undefined&v=1.3&m=ewei_shopv2&from=wxapp&c=entry&a=wxapp&do=main&&state=we7sid-e8c217745100f4dacd102597b0d8031c&sign=7b6ec8a6ff833781e716b714a3073459 pn=upload; op=order; orderid=23288; 
上传
[2018-12-24 02:49:44] trace  /app/index.php?i=1&uniacid=1&t=undefined&v=1.3&m=ewei_shopv2&from=wxapp&c=entry&a=wxapp&do=main&&state=we7sid-e43f99e83817e0843f4db76b7c95fae0&sign=39f4d59f7fc21f92aa6a20eeac167e2e pn=upload; op=order; orderid=23289; 
上传
[2018-12-24 03:01:14] trace  /app/index.php?i=1&uniacid=1&t=undefined&v=1.3&m=ewei_shopv2&from=wxapp&c=entry&a=wxapp&do=main&&state=we7sid-3e2cac978e0269319d1672aff068f412&sign=b90d3eeb8c7b8bbb043de7af602fbf4a op=order; orderid=23290; pn=upload; 
上传
[2018-12-24 03:50:04] trace  /app/index.php?i=1&uniacid=1&t=undefined&v=1.3&m=ewei_shopv2&from=wxapp&c=entry&a=wxapp&do=main&&state=we7sid-f859b87a872cb5a9a5c18b6f8f91b3f1&sign=0a13624ee8675fb1152327c086ef086c pn=upload; op=order; orderid=23291; 
上传
[2018-12-24 05:07:10] trace  /app/index.php?i=1&uniacid=1&t=undefined&v=1.3&m=ewei_shopv2&from=wxapp&c=entry&a=wxapp&do=main&&state=we7sid-9c60e8a3fc7736793ff112496f5fddba&sign=9f36b70cc256afa0b8c737be13a75305 op=order; orderid=23292; pn=upload; 
上传
[2018-12-24 06:20:15] trace  /app/index.php?i=1&uniacid=1&t=undefined&v=1.3&m=ewei_shopv2&from=wxapp&c=entry&a=wxapp&do=main&&state=we7sid-8cbe1580724ccb2b74fbdab9fc7716e9&sign=1f22c149d9d3754280968c9c312d4652 op=order; orderid=23293; pn=upload; 
上传
[2018-12-24 07:03:33] trace  /app/index.php?i=1&uniacid=1&t=undefined&v=1.3&m=ewei_shopv2&from=wxapp&c=entry&a=wxapp&do=main&&state=we7sid-a2b19c42fc45a7a0ddc6a9a56dbf1fd8&sign=65f6d5910d4520f4c54542b14b60c278 pn=upload; op=order; orderid=23294; 
上传
[2018-12-24 08:17:26] trace  /app/index.php?i=1&uniacid=1&t=undefined&v=1.3&m=ewei_shopv2&from=wxapp&c=entry&a=wxapp&do=main&&state=we7sid-e65084379d56f5f20b51ab17f5d5993a&sign=d47caa4248b8d55f5664702f3c2680c4 pn=upload; op=order; orderid=23295; 
上传
[2018-12-24 08:53:06] trace  /app/index.php?i=1&uniacid=1&t=undefined&v=1.3&m=ewei_shopv2&from=wxapp&c=entry&a=wxapp&do=main&&state=we7sid-6f48ff43d225ec35d5476be4a404d0cb&sign=90339a583125cb95ba0919cfecb3d39a pn=upload; op=order; orderid=23296; 
上传
[2018-12-24 08:56:36] trace  /app/index.php?i=1&uniacid=1&t=undefined&v=1.3&m=ewei_shopv2&from=wxapp&c=entry&a=wxapp&do=main&&state=we7sid-015a4a3e985d96f7dbb08fb3cc27b88d&sign=346446223ce0e8045f18fce73fc75dfe pn=upload; op=order; orderid=23297; 
上传
[2018-12-24 08:59:36] trace  /app/index.php?i=1&uniacid=1&t=undefined&v=1.3&m=ewei_shopv2&from=wxapp&c=entry&a=wxapp&do=main&&state=we7sid-b49705722b0c8e5fb1ef91f32da356cd&sign=2c218624fa3b0b30d045427f31025197 op=order; orderid=23298; pn=upload; 
上传
[2018-12-24 09:21:36] trace  /app/index.php?i=1&uniacid=1&t=undefined&v=1.3&m=ewei_shopv2&from=wxapp&c=entry&a=wxapp&do=main&&state=we7sid-518ab9ff7fc90cdc16d90c2168dc52d7&sign=d0751212df1ce190fffcdf19b0390220 pn=upload; op=order; orderid=23299; 
上传
[2018-12-24 09:26:19] trace  /app/index.php?i=1&uniacid=1&t=undefined&v=1.3&m=ewei_shopv2&from=wxapp&c=entry&a=wxapp&do=main&&state=we7sid-3ab8f7af688fc212a87093b292530305&sign=d323c3805f21a74c7d4bdb1549af3fd4 pn=upload; op=order; orderid=23300; 
上传
[2018-12-24 09:35:24] trace  /app/index.php?i=1&uniacid=1&t=undefined&v=1.3&m=ewei_shopv2&from=wxapp&c=entry&a=wxapp&do=main&&state=we7sid-c49f58f622ebcfb8e9e4cfe72ba5c8fe&sign=246cefc45415f9cf5c151b6e315a7148 pn=upload; op=order; orderid=23301; 
上传
[2018-12-24 09:39:27] trace  /app/index.php?i=1&uniacid=1&t=undefined&v=1.3&m=ewei_shopv2&from=wxapp&c=entry&a=wxapp&do=main&&state=we7sid-c49f58f622ebcfb8e9e4cfe72ba5c8fe&sign=246cefc45415f9cf5c151b6e315a7148 pn=upload; op=order; orderid=23302; 
上传
[2018-12-24 10:00:09] trace  /app/index.php?i=1&uniacid=1&t=undefined&v=1.3&m=ewei_shopv2&from=wxapp&c=entry&a=wxapp&do=main&&state=we7sid-1e0d3337b22ab0a2ab66a28195ea8e4e&sign=9cd48256fe8de2ba693be03993a2bafd pn=upload; op=order; orderid=23303; 
上传
[2018-12-24 10:00:18] trace  /app/index.php?i=1&uniacid=1&t=undefined&v=1.3&m=ewei_shopv2&from=wxapp&c=entry&a=wxapp&do=main&&state=we7sid-749ed72422d262286e54515fb7c3b753&sign=8dfeef57f945e0bca49e425e26dffb79 pn=upload; op=order; orderid=23304; 
上传
[2018-12-24 10:01:59] trace  /app/index.php?i=1&uniacid=1&t=undefined&v=1.3&m=ewei_shopv2&from=wxapp&c=entry&a=wxapp&do=main&&state=we7sid-78188ad2da66399668673630c1fdafd8&sign=487ae8561614d5dce1931dbbd5e46e5b pn=upload; op=order; orderid=23305; 
上传
[2018-12-24 10:26:04] trace  /app/index.php?i=1&uniacid=1&t=undefined&v=1.3&m=ewei_shopv2&from=wxapp&c=entry&a=wxapp&do=main&&state=we7sid-8ed7c2c556762bcd260f37a2b4082f05&sign=905e9a8f4f1b57a382fb20f99bc4d075 op=order; orderid=23306; pn=upload; 
上传
[2018-12-24 10:34:15] trace  /app/index.php?i=1&uniacid=1&t=undefined&v=1.3&m=ewei_shopv2&from=wxapp&c=entry&a=wxapp&do=main&&state=we7sid-9f7a5dc1fa7a56390049e8922a5cf823&sign=960f36aafabdb4fa38b72579e01e249b pn=upload; op=order; orderid=23307; 
上传
[2018-12-24 10:53:47] trace  /app/index.php?i=1&uniacid=1&t=undefined&v=1.3&m=ewei_shopv2&from=wxapp&c=entry&a=wxapp&do=main&&state=we7sid-61f2f4c2628f29b4d3737432ab6978b5&sign=e4d1533fd5df828c4ea030214491ee27 pn=upload; op=order; orderid=23308; 
上传
[2018-12-24 10:53:56] trace  /app/index.php?i=1&uniacid=1&t=undefined&v=1.3&m=ewei_shopv2&from=wxapp&c=entry&a=wxapp&do=main&&state=we7sid-dad757c35fd6807f7eced8ac1360ed7a&sign=6f46b33792b89d389711bee2b315b19c pn=upload; op=order; orderid=23309; 
上传
[2018-12-24 11:14:22] trace  /app/index.php?i=1&uniacid=1&t=undefined&v=1.3&m=ewei_shopv2&from=wxapp&c=entry&a=wxapp&do=main&&state=we7sid-242385b585de6a439824c9ce83d0fcac&sign=c2706d6e614b0d94f92f7dc1b597b4e3 pn=upload; op=order; orderid=23310; 
上传
[2018-12-24 11:16:36] trace  /app/index.php?i=1&uniacid=1&t=undefined&v=1.3&m=ewei_shopv2&from=wxapp&c=entry&a=wxapp&do=main&&state=we7sid-c59a2657134884e0bcd04b7d5cf1aeb3&sign=e8d8c6a4e435e9e6104b068b89577e07 pn=upload; op=order; orderid=23311; 
上传
[2018-12-24 11:41:56] trace  /app/index.php?i=1&uniacid=1&t=undefined&v=1.3&m=ewei_shopv2&from=wxapp&c=entry&a=wxapp&do=main&&state=we7sid-4a1e93dc4751b369245adc8c8dac8955&sign=9e66734cbdfcaa05f2866e5a6298fa34 pn=upload; op=order; orderid=23312; 
上传
[2018-12-24 11:46:29] trace  /app/index.php?i=1&uniacid=1&t=undefined&v=1.3&m=ewei_shopv2&from=wxapp&c=entry&a=wxapp&do=main&&state=we7sid-ea490e2f569b74a7ec16a9d564d1b667&sign=f3b4b29067fb8adb7d243ee13653834c pn=upload; op=order; orderid=23313; 
上传
[2018-12-24 12:11:24] trace  /app/index.php?i=1&uniacid=1&t=undefined&v=1.3&m=ewei_shopv2&from=wxapp&c=entry&a=wxapp&do=main&&state=we7sid-4a1e93dc4751b369245adc8c8dac8955&sign=9e66734cbdfcaa05f2866e5a6298fa34 pn=upload; op=order; orderid=23314; 
上传
[2018-12-24 12:28:44] trace  /app/index.php?i=1&uniacid=1&t=undefined&v=1.3&m=ewei_shopv2&from=wxapp&c=entry&a=wxapp&do=main&&state=we7sid-d98c5a9b3295ab16d4e08bb3de96a04a&sign=90e1cfafa42f9f39917dd89c841d1b3f pn=upload; op=order; orderid=23315; 
上传
[2018-12-24 12:53:38] trace  /app/index.php?i=1&uniacid=1&t=undefined&v=1.3&m=ewei_shopv2&from=wxapp&c=entry&a=wxapp&do=main&&state=we7sid-6fa92599f868afd9e6a57dbfd18c8ef8&sign=4492e6c303d0fe513a4524d9f3949d7c pn=upload; op=order; orderid=23316; 
上传
[2018-12-24 13:10:54] trace  /app/index.php?i=1&uniacid=1&t=undefined&v=1.3&m=ewei_shopv2&from=wxapp&c=entry&a=wxapp&do=main&&state=we7sid-1190e5109ce8bf7cb785690900e16998&sign=2830d3e215b00663f0983c478991b3cf pn=upload; op=order; orderid=23317; 
上传
[2018-12-24 13:10:54] trace  /app/index.php?i=1&uniacid=1&t=undefined&v=1.3&m=ewei_shopv2&from=wxapp&c=entry&a=wxapp&do=main&&state=we7sid-1190e5109ce8bf7cb785690900e16998&sign=2830d3e215b00663f0983c478991b3cf pn=upload; op=order; orderid=23317; 
上传
[2018-12-24 13:14:38] trace  /app/index.php?i=1&uniacid=1&t=undefined&v=1.3&m=ewei_shopv2&from=wxapp&c=entry&a=wxapp&do=main&&state=we7sid-b5c30a4172ec712cbbc162a49ae9f377&sign=321f1658b48e4c4b69a231f878e90017 pn=upload; op=order; orderid=23318; 
上传
[2018-12-24 13:16:08] trace  /app/index.php?i=1&uniacid=1&t=undefined&v=1.3&m=ewei_shopv2&from=wxapp&c=entry&a=wxapp&do=main&&state=we7sid-b5c30a4172ec712cbbc162a49ae9f377&sign=321f1658b48e4c4b69a231f878e90017 pn=upload; op=order; orderid=23319; 
上传
[2018-12-24 15:12:31] trace  /app/index.php?i=1&uniacid=1&t=undefined&v=1.3&m=ewei_shopv2&from=wxapp&c=entry&a=wxapp&do=main&&state=we7sid-aa5e3bd9072d1dd36c4c82b46b4b7d42&sign=794455e605dde3565c31e1b9d3dc035a pn=upload; op=order; orderid=23320; 
上传
[2018-12-24 15:25:39] trace  /app/index.php?i=1&uniacid=1&t=undefined&v=1.3&m=ewei_shopv2&from=wxapp&c=entry&a=wxapp&do=main&&state=we7sid-7c165500953d99b943e8d472fb1af06d&sign=e47e412e4310bf1c78cd559a0f1d8c6a pn=upload; op=order; orderid=23321; 
上传
[2018-12-24 15:27:53] trace  /app/index.php?i=1&uniacid=1&t=undefined&v=1.3&m=ewei_shopv2&from=wxapp&c=entry&a=wxapp&do=main&&state=we7sid-5f6d6dfac5891fbb262f1d61aaa26527&sign=bdca8420a07a9810a09d9040bb521ca3 pn=upload; op=order; orderid=23322; 
上传
[2018-12-24 15:42:29] trace  /app/index.php?i=1&uniacid=1&t=undefined&v=1.3&m=ewei_shopv2&from=wxapp&c=entry&a=wxapp&do=main&&state=we7sid-5f6d6dfac5891fbb262f1d61aaa26527&sign=bdca8420a07a9810a09d9040bb521ca3 pn=upload; op=order; orderid=23323; 
上传
[2018-12-24 15:43:43] trace  /app/index.php?i=1&uniacid=1&t=undefined&v=1.3&m=ewei_shopv2&from=wxapp&c=entry&a=wxapp&do=main&&state=we7sid-5f6d6dfac5891fbb262f1d61aaa26527&sign=bdca8420a07a9810a09d9040bb521ca3 pn=upload; op=order; orderid=23324; 
上传
[2018-12-24 16:45:35] trace  /app/index.php?i=1&uniacid=1&t=undefined&v=1.3&m=ewei_shopv2&from=wxapp&c=entry&a=wxapp&do=main&&state=we7sid-0d20fe32c77b7944406066feb2527c7b&sign=7ffe610693be22df0f5696c7961c3ec5 op=order; orderid=23325; pn=upload; 
上传
[2018-12-24 17:05:41] trace  /app/index.php?i=1&uniacid=1&t=undefined&v=1.3&m=ewei_shopv2&from=wxapp&c=entry&a=wxapp&do=main&&state=we7sid-6855f53ef597b5e83aa7de171549fc14&sign=f4dea2ad0b92dc4b2e824fd7d3daea18 pn=upload; op=order; orderid=23326; 
上传
[2018-12-24 17:23:43] trace  /app/index.php?i=1&uniacid=1&t=undefined&v=1.3&m=ewei_shopv2&from=wxapp&c=entry&a=wxapp&do=main&&state=we7sid-3182e588eab0ac987bc001bc589d7930&sign=5546ad131d017936744b4e95219777d9 op=order; orderid=23327; pn=upload; 
上传
[2018-12-24 17:37:49] trace  /app/index.php?i=1&uniacid=1&t=undefined&v=1.3&m=ewei_shopv2&from=wxapp&c=entry&a=wxapp&do=main&&state=we7sid-d5e32b5a3964a8ac5ed46b9cbf2a8ff2&sign=3ee41f5f34fc202fd698e565ecf7bf0f pn=upload; op=order; orderid=23328; 
上传
[2018-12-24 17:45:29] trace  /app/index.php?i=1&uniacid=1&t=undefined&v=1.3&m=ewei_shopv2&from=wxapp&c=entry&a=wxapp&do=main&&state=we7sid-8d68d15a88d9edf1b367971a8f0f6d82&sign=5c3f4884c74d90b680ecd4640bb7f96b pn=upload; op=order; orderid=23329; 
上传
[2018-12-24 17:46:40] trace  /app/index.php?i=1&uniacid=1&t=undefined&v=1.3&m=ewei_shopv2&from=wxapp&c=entry&a=wxapp&do=main&&state=we7sid-8d68d15a88d9edf1b367971a8f0f6d82&sign=5c3f4884c74d90b680ecd4640bb7f96b pn=upload; op=order; orderid=23330; 
上传
[2018-12-24 18:01:47] trace  /app/index.php?i=1&uniacid=1&t=undefined&v=1.3&m=ewei_shopv2&from=wxapp&c=entry&a=wxapp&do=main&&state=we7sid-c98d2b309bca93de6c618c25e1407e25&sign=1eff7880e5384fe1db1f3aa87b5cbb2e pn=upload; op=author; orderid=22930; 
上传
[2018-12-24 18:27:07] trace  /app/index.php?i=1&uniacid=1&t=undefined&v=1.3&m=ewei_shopv2&from=wxapp&c=entry&a=wxapp&do=main&&state=we7sid-f4d552922f3ca52df3aa734b0381aedd&sign=3feefef412f75ac2e86d7cd94defb169 pn=upload; op=order; orderid=23331; 
上传
[2018-12-24 18:32:24] trace  /app/index.php?i=1&uniacid=1&t=undefined&v=1.3&m=ewei_shopv2&from=wxapp&c=entry&a=wxapp&do=main&&state=we7sid-593d624ba1d328218f695fd8e1eca7e5&sign=91601eb6136f84d80378714c199c6b75 pn=upload; op=order; orderid=23332; 
上传
[2018-12-24 18:35:22] trace  /app/index.php?i=1&uniacid=1&t=undefined&v=1.3&m=ewei_shopv2&from=wxapp&c=entry&a=wxapp&do=main&&state=we7sid-589469f4e39cc9d250a86ee05a98ffa9&sign=1b4c2d3fd1ffa2b200011736aa518778 pn=upload; op=order; orderid=23333; 
上传
[2018-12-24 18:36:20] trace  /app/index.php?i=1&uniacid=1&t=undefined&v=1.3&m=ewei_shopv2&from=wxapp&c=entry&a=wxapp&do=main&&state=we7sid-4bdf7bc36c3e2b6f518089a8b6edba97&sign=11ffc785daf1d03cbe610d4061cb0c41 pn=upload; op=order; orderid=23334; 
上传
[2018-12-24 18:48:39] trace  /app/index.php?i=1&uniacid=1&t=undefined&v=1.3&m=ewei_shopv2&from=wxapp&c=entry&a=wxapp&do=main&&state=we7sid-9041e48220f716ed78261b687be1a487&sign=217ba77ef33cb1bbb62787cc0df21cc9 pn=upload; op=order; orderid=23335; 
上传
[2018-12-24 18:48:46] trace  /app/index.php?i=1&uniacid=1&t=undefined&v=1.3&m=ewei_shopv2&from=wxapp&c=entry&a=wxapp&do=main&&state=we7sid-9041e48220f716ed78261b687be1a487&sign=217ba77ef33cb1bbb62787cc0df21cc9 pn=upload; op=order; orderid=23336; 
上传
[2018-12-24 19:02:40] trace  /app/index.php?i=1&uniacid=1&t=undefined&v=1.3&m=ewei_shopv2&from=wxapp&c=entry&a=wxapp&do=main&&state=we7sid-d8cb34bd799c1b1bb38400accd109b99&sign=04ff52b9af9a855db794336debfe4713 pn=upload; op=order; orderid=23337; 
上传
[2018-12-24 19:06:12] trace  /app/index.php?i=1&uniacid=1&t=undefined&v=1.3&m=ewei_shopv2&from=wxapp&c=entry&a=wxapp&do=main&&state=we7sid-d8cb34bd799c1b1bb38400accd109b99&sign=04ff52b9af9a855db794336debfe4713 pn=upload; op=order; orderid=23338; 
上传
[2018-12-24 19:41:01] trace  /app/index.php?i=1&uniacid=1&t=undefined&v=1.3&m=ewei_shopv2&from=wxapp&c=entry&a=wxapp&do=main&&state=we7sid-bda17e1d6844e042408d14f9aa4a8c0d&sign=5a2c56b05eef30f920274bbe759fc5eb op=order; orderid=23340; pn=upload; 
上传
[2018-12-24 20:09:23] trace  /app/index.php?i=1&uniacid=1&t=undefined&v=1.3&m=ewei_shopv2&from=wxapp&c=entry&a=wxapp&do=main&&state=we7sid-1d1e422af36e95ab15bd922afa5f2f7a&sign=bbf24aac1feb92ebbb703a4dd864402c pn=upload; op=order; orderid=23341; 
上传
[2018-12-24 20:32:25] trace  /app/index.php?i=1&uniacid=1&t=undefined&v=1.3&m=ewei_shopv2&from=wxapp&c=entry&a=wxapp&do=main&&state=we7sid-25ef38f34e03c7ca928c4b7fe908d4c8&sign=689c64067eeecd4d8fad8cc9e338d290 op=order; orderid=23342; pn=upload; 
上传
[2018-12-24 20:48:55] trace  /app/index.php?i=1&uniacid=1&t=undefined&v=1.3&m=ewei_shopv2&from=wxapp&c=entry&a=wxapp&do=main&&state=we7sid-8d7372dbabe59aa33d6403f4904113b0&sign=bc25b2b38c6cd778ad22b1554dea47a0 pn=upload; op=order; orderid=23343; 
上传
[2018-12-24 21:40:35] trace  /app/index.php?i=1&uniacid=1&t=undefined&v=1.3&m=ewei_shopv2&from=wxapp&c=entry&a=wxapp&do=main&&state=we7sid-66d31ab87228a4a2f16de372602ccc74&sign=0a710f1a70f3f58653f1a95468d80e5b pn=upload; op=order; orderid=23344; 
上传
[2018-12-24 21:47:38] trace  /app/index.php?i=1&uniacid=1&t=undefined&v=1.3&m=ewei_shopv2&from=wxapp&c=entry&a=wxapp&do=main&&state=we7sid-c3d28e252c9767c76b14a31bc6f13e22&sign=4b4eabb474264bb94fc63323f1866385 op=order; orderid=23345; pn=upload; 
上传
[2018-12-24 21:49:03] trace  /app/index.php?i=1&uniacid=1&t=undefined&v=1.3&m=ewei_shopv2&from=wxapp&c=entry&a=wxapp&do=main&&state=we7sid-66d31ab87228a4a2f16de372602ccc74&sign=0a710f1a70f3f58653f1a95468d80e5b pn=upload; op=order; orderid=23346; 
上传
[2018-12-24 22:05:52] trace  /app/index.php?i=1&uniacid=1&t=undefined&v=1.3&m=ewei_shopv2&from=wxapp&c=entry&a=wxapp&do=main&&state=we7sid-e35663b9ae3979ad31416f2e07751d3f&sign=99fb42c2adcbc7cc0418b8ed52d57405 pn=upload; op=order; orderid=23347; 
上传
[2018-12-24 22:06:20] trace  /app/index.php?i=1&uniacid=1&t=undefined&v=1.3&m=ewei_shopv2&from=wxapp&c=entry&a=wxapp&do=main&&state=we7sid-e35663b9ae3979ad31416f2e07751d3f&sign=99fb42c2adcbc7cc0418b8ed52d57405 pn=upload; op=order; orderid=23348; 
上传
[2018-12-24 22:06:26] trace  /app/index.php?i=1&uniacid=1&t=undefined&v=1.3&m=ewei_shopv2&from=wxapp&c=entry&a=wxapp&do=main&&state=we7sid-e35663b9ae3979ad31416f2e07751d3f&sign=99fb42c2adcbc7cc0418b8ed52d57405 pn=upload; op=order; orderid=23349; 
上传
[2018-12-24 22:09:34] trace  /app/index.php?i=1&uniacid=1&t=undefined&v=1.3&m=ewei_shopv2&from=wxapp&c=entry&a=wxapp&do=main&&state=we7sid-5af33efccc05a5dc041ea31878186b21&sign=c7dc35fbf5da523603a2cda59ac849b7 pn=upload; op=order; orderid=23350; 
上传
[2018-12-24 22:40:26] trace  /app/index.php?i=1&uniacid=1&t=undefined&v=1.3&m=ewei_shopv2&from=wxapp&c=entry&a=wxapp&do=main&&state=we7sid-2d4bf54533aa35aca5ff6f17c9e7f4cb&sign=25e18954c79b1462927cf8246c4fd9a9 pn=upload; op=order; orderid=23351; 
上传
[2018-12-24 23:15:03] trace  /app/index.php?i=1&uniacid=1&t=undefined&v=1.3&m=ewei_shopv2&from=wxapp&c=entry&a=wxapp&do=main&&state=we7sid-26f6d32e8c6d516d7ed0fad93b1886a3&sign=e7aa5130ba31a29e5415fcbfb4485fb9 pn=upload; op=order; orderid=23352; 
上传
[2018-12-24 23:29:49] trace  /app/index.php?i=1&uniacid=1&t=undefined&v=1.3&m=ewei_shopv2&from=wxapp&c=entry&a=wxapp&do=main&&state=we7sid-e7625e37b4236863079e16cacca2aa20&sign=06fa30f238aecf5b73e02dc3fca80f6a pn=upload; op=order; orderid=23353; 
上传
[2018-12-24 23:30:59] trace  /app/index.php?i=1&uniacid=1&t=undefined&v=1.3&m=ewei_shopv2&from=wxapp&c=entry&a=wxapp&do=main&&state=we7sid-fc7cfdf0ea3337555ecb9e159f805ef9&sign=734a1451aeeb6e831c2441b5e1f02667 pn=upload; op=order; orderid=23354; 
上传
[2018-12-24 23:38:53] trace  /app/index.php?i=1&uniacid=1&t=undefined&v=1.3&m=ewei_shopv2&from=wxapp&c=entry&a=wxapp&do=main&&state=we7sid-29c0929d1e77935c561fb2f791da62d8&sign=f314ea07a592e7ee79750a9c2a53ce78 pn=upload; op=order; orderid=23355; 
上传
[2018-12-24 23:53:47] trace  /app/index.php?i=1&uniacid=1&t=undefined&v=1.3&m=ewei_shopv2&from=wxapp&c=entry&a=wxapp&do=main&&state=we7sid-9c5d66406071f93a73838552fe05401a&sign=7b613e06ad3cadb226550c20eae10373 op=order; pn=upload; orderid=23356; 
上传
[2018-12-24 23:55:05] trace  /app/index.php?i=1&uniacid=1&t=undefined&v=1.3&m=ewei_shopv2&from=wxapp&c=entry&a=wxapp&do=main&&state=we7sid-5c65c20f5bdb190a404b1f871849824d&sign=2ddf92a8e5e54697ece26b64a81f8043 op=order; orderid=23357; pn=upload; 
上传
