[2019-01-05 00:35:24] trace  /app/index.php?i=1&uniacid=1&t=undefined&v=1.3&m=ewei_shopv2&from=wxapp&c=entry&a=wxapp&do=main&&state=we7sid-84f47b67bb7533075b13dd669628c7ea&sign=730044d47a61225b0a5ca00fc1d56a4a pn=upload; op=order; orderid=24142; 
上传
[2019-01-05 00:49:45] trace  /app/index.php?i=1&uniacid=1&t=undefined&v=1.3&m=ewei_shopv2&from=wxapp&c=entry&a=wxapp&do=main&&state=we7sid-9f9a9cf163f0c001588efb691e5a46bb&sign=0d9406a2e93500ed3515c0bce5c23018 pn=upload; op=order; orderid=24143; 
上传
[2019-01-05 00:57:34] trace  /app/index.php?i=1&uniacid=1&t=undefined&v=1.3&m=ewei_shopv2&from=wxapp&c=entry&a=wxapp&do=main&&state=we7sid-5a084e758130ce7561f7fd7d997c4cb4&sign=e305eccc11a0a310f3f8829a4bbf4e88 pn=upload; op=order; orderid=24144; 
上传
[2019-01-05 00:59:29] trace  /app/index.php?i=1&uniacid=1&t=undefined&v=1.3&m=ewei_shopv2&from=wxapp&c=entry&a=wxapp&do=main&&state=we7sid-5a084e758130ce7561f7fd7d997c4cb4&sign=e305eccc11a0a310f3f8829a4bbf4e88 pn=upload; op=order; orderid=24145; 
上传
[2019-01-05 01:59:51] trace  /app/index.php?i=1&uniacid=1&t=undefined&v=1.3&m=ewei_shopv2&from=wxapp&c=entry&a=wxapp&do=main&&state=we7sid-67b507d382de13e306f3c6af1693ca8d&sign=5a24adadb02c5362ea5561d96ec41086 op=order; orderid=24146; pn=upload; 
上传
[2019-01-05 02:12:23] trace  /app/index.php?i=1&uniacid=1&t=undefined&v=1.3&m=ewei_shopv2&from=wxapp&c=entry&a=wxapp&do=main&&state=we7sid-ca28ceedcbe102e0508ff5a7e6b7498f&sign=b8a7baaa42a13fe2d45776aea5c795be pn=upload; op=order; orderid=24147; 
上传
[2019-01-05 02:14:24] trace  /app/index.php?i=1&uniacid=1&t=undefined&v=1.3&m=ewei_shopv2&from=wxapp&c=entry&a=wxapp&do=main&&state=we7sid-8168825e4e78623567d9e6cf0df5c710&sign=1da325eb7cb805ce07cdc516b16eb60a pn=upload; op=order; orderid=24148; 
上传
[2019-01-05 02:20:26] trace  /app/index.php?i=1&uniacid=1&t=undefined&v=1.3&m=ewei_shopv2&from=wxapp&c=entry&a=wxapp&do=main&&state=we7sid-2574451d49012a873864a68a97d5202c&sign=6f27e325f23b5378cd9f314bea688096 pn=upload; op=order; orderid=24149; 
上传
[2019-01-05 02:23:08] trace  /app/index.php?i=1&uniacid=1&t=undefined&v=1.3&m=ewei_shopv2&from=wxapp&c=entry&a=wxapp&do=main&&state=we7sid-6ca4588d1c3f7f0d6f38ec17b1cbe7e5&sign=a1da9d918f00efea96889270c92f412e pn=upload; op=order; orderid=24150; 
上传
[2019-01-05 02:23:37] trace  /app/index.php?i=1&uniacid=1&t=undefined&v=1.3&m=ewei_shopv2&from=wxapp&c=entry&a=wxapp&do=main&&state=we7sid-6ca4588d1c3f7f0d6f38ec17b1cbe7e5&sign=a1da9d918f00efea96889270c92f412e pn=upload; op=order; orderid=24151; 
上传
[2019-01-05 06:19:23] trace  /app/index.php?i=1&uniacid=1&t=undefined&v=1.3&m=ewei_shopv2&from=wxapp&c=entry&a=wxapp&do=main&&state=we7sid-a5527ce6179c2c62eb68ba0c3755dee8&sign=d9fe5ef9a948a89cb01327b6ae264451 pn=upload; op=order; orderid=24152; 
上传
[2019-01-05 08:18:57] trace  /app/index.php?i=1&uniacid=1&t=undefined&v=1.3&m=ewei_shopv2&from=wxapp&c=entry&a=wxapp&do=main&&state=we7sid-8e539dc8458692c3699cb3b068e2a199&sign=3192f0a8858163a2e0a98364b0d8d0ab op=order; orderid=24153; pn=upload; 
上传
[2019-01-05 08:36:14] trace  /app/index.php?i=1&uniacid=1&t=undefined&v=1.3&m=ewei_shopv2&from=wxapp&c=entry&a=wxapp&do=main&&state=we7sid-2bf2fa5eed519eca5095332fd2c64a6e&sign=3d5ff33091ad98f2013595dc2a6d02a9 pn=upload; op=order; orderid=24154; 
上传
[2019-01-05 10:07:26] trace  /app/index.php?i=1&uniacid=1&t=undefined&v=1.3&m=ewei_shopv2&from=wxapp&c=entry&a=wxapp&do=main&&state=we7sid-7d2898f8363042e2c2c274ba426da4ff&sign=b0c3097400ad10b51bba8aad69ce23a0 pn=upload; op=order; orderid=24155; 
上传
[2019-01-05 10:10:52] trace  /app/index.php?i=1&uniacid=1&t=undefined&v=1.3&m=ewei_shopv2&from=wxapp&c=entry&a=wxapp&do=main&&state=we7sid-95d2aaa260551da7c37b448bfe77ea0c&sign=d3eb41f465f598ec76bae3be03746152 op=order; orderid=24156; pn=upload; 
上传
[2019-01-05 10:11:26] trace  /app/index.php?i=1&uniacid=1&t=undefined&v=1.3&m=ewei_shopv2&from=wxapp&c=entry&a=wxapp&do=main&&state=we7sid-95d2aaa260551da7c37b448bfe77ea0c&sign=d3eb41f465f598ec76bae3be03746152 op=order; orderid=24157; pn=upload; 
上传
[2019-01-05 10:15:39] trace  /app/index.php?i=1&uniacid=1&t=undefined&v=1.3&m=ewei_shopv2&from=wxapp&c=entry&a=wxapp&do=main&&state=we7sid-cfee5f47d900d4d145a9023864d38910&sign=98d7ee729570281a339d95f7a79b03e9 pn=upload; op=order; orderid=24158; 
上传
[2019-01-05 10:20:27] trace  /app/index.php?i=1&uniacid=1&t=undefined&v=1.3&m=ewei_shopv2&from=wxapp&c=entry&a=wxapp&do=main&&state=we7sid-19799348becd0de810c6e0b0b47a6c8b&sign=f6fca4939e231b4510a332c72781b7cb pn=upload; op=order; orderid=24159; 
上传
[2019-01-05 10:23:20] trace  /app/index.php?i=1&uniacid=1&t=undefined&v=1.3&m=ewei_shopv2&from=wxapp&c=entry&a=wxapp&do=main&&state=we7sid-689a0a81ac140c51ac183768bd128c08&sign=11e615284244cef14d078fae0b09906c pn=upload; op=order; orderid=24160; 
上传
[2019-01-05 10:24:15] trace  /app/index.php?i=1&uniacid=1&t=undefined&v=1.3&m=ewei_shopv2&from=wxapp&c=entry&a=wxapp&do=main&&state=we7sid-78818b750a96385e7f3d4836cde101ce&sign=b1ae6ea494dd9bb94db19ec1be29974f op=order; orderid=24161; pn=upload; 
上传
[2019-01-05 10:24:55] trace  /app/index.php?i=1&uniacid=1&t=undefined&v=1.3&m=ewei_shopv2&from=wxapp&c=entry&a=wxapp&do=main&&state=we7sid-be1e049af8d74cfa07b9a6d4a78d5fa6&sign=813cc13475e29851e87473720771cc44 pn=upload; op=order; orderid=24162; 
上传
[2019-01-05 10:25:07] trace  /app/index.php?i=1&uniacid=1&t=undefined&v=1.3&m=ewei_shopv2&from=wxapp&c=entry&a=wxapp&do=main&&state=we7sid-be1e049af8d74cfa07b9a6d4a78d5fa6&sign=813cc13475e29851e87473720771cc44 pn=upload; op=order; orderid=24163; 
上传
[2019-01-05 10:25:19] trace  /app/index.php?i=1&uniacid=1&t=undefined&v=1.3&m=ewei_shopv2&from=wxapp&c=entry&a=wxapp&do=main&&state=we7sid-be1e049af8d74cfa07b9a6d4a78d5fa6&sign=813cc13475e29851e87473720771cc44 pn=upload; op=order; orderid=24164; 
上传
[2019-01-05 10:25:36] trace  /app/index.php?i=1&uniacid=1&t=undefined&v=1.3&m=ewei_shopv2&from=wxapp&c=entry&a=wxapp&do=main&&state=we7sid-2930cbe3857248e3bb2b5feb1618a9e6&sign=50db4a505f9017ee1ef40eb5c90bab35 op=order; orderid=24165; pn=upload; 
上传
[2019-01-05 10:29:25] trace  /app/index.php?i=1&uniacid=1&t=undefined&v=1.3&m=ewei_shopv2&from=wxapp&c=entry&a=wxapp&do=main&&state=we7sid-13dc5070025751292dcf157dadc56a8a&sign=ae7f2e379734bf980aa4101827363869 pn=upload; op=order; orderid=24166; 
上传
[2019-01-05 10:32:59] trace  /app/index.php?i=1&uniacid=1&t=undefined&v=1.3&m=ewei_shopv2&from=wxapp&c=entry&a=wxapp&do=main&&state=we7sid-54c2b4a8fca73c9dea9ed56bf189ff21&sign=7c6d95c25635d3b663c251f1ab95e5b6 pn=upload; op=order; orderid=24167; 
上传
[2019-01-05 10:34:22] trace  /app/index.php?i=1&uniacid=1&t=undefined&v=1.3&m=ewei_shopv2&from=wxapp&c=entry&a=wxapp&do=main&&state=we7sid-2ad8c38c6617d771ce64ae9dea3f68f7&sign=f0f0a5eebf4299864ae094e5194f8fa9 pn=upload; op=order; orderid=24168; 
上传
[2019-01-05 10:34:26] trace  /app/index.php?i=1&uniacid=1&t=undefined&v=1.3&m=ewei_shopv2&from=wxapp&c=entry&a=wxapp&do=main&&state=we7sid-2930cbe3857248e3bb2b5feb1618a9e6&sign=50db4a505f9017ee1ef40eb5c90bab35 op=order; orderid=24169; pn=upload; 
上传
[2019-01-05 10:35:50] trace  /app/index.php?i=1&uniacid=1&t=undefined&v=1.3&m=ewei_shopv2&from=wxapp&c=entry&a=wxapp&do=main&&state=we7sid-54c2b4a8fca73c9dea9ed56bf189ff21&sign=7c6d95c25635d3b663c251f1ab95e5b6 pn=upload; op=order; orderid=24170; 
上传
[2019-01-05 10:36:13] trace  /app/index.php?i=1&uniacid=1&t=undefined&v=1.3&m=ewei_shopv2&from=wxapp&c=entry&a=wxapp&do=main&&state=we7sid-13dc5070025751292dcf157dadc56a8a&sign=ae7f2e379734bf980aa4101827363869 pn=upload; op=order; orderid=24171; 
上传
[2019-01-05 10:36:38] trace  /app/index.php?i=1&uniacid=1&t=undefined&v=1.3&m=ewei_shopv2&from=wxapp&c=entry&a=wxapp&do=main&&state=we7sid-2930cbe3857248e3bb2b5feb1618a9e6&sign=50db4a505f9017ee1ef40eb5c90bab35 op=order; orderid=24172; pn=upload; 
上传
[2019-01-05 10:37:07] trace  /app/index.php?i=1&uniacid=1&t=undefined&v=1.3&m=ewei_shopv2&from=wxapp&c=entry&a=wxapp&do=main&&state=we7sid-5b0ca3d2275bd82a592491990fec52a6&sign=8ffbeff25fa74a0b51996d67535418ad op=order; orderid=24173; pn=upload; 
上传
[2019-01-05 10:40:47] trace  /app/index.php?i=1&uniacid=1&t=undefined&v=1.3&m=ewei_shopv2&from=wxapp&c=entry&a=wxapp&do=main&&state=we7sid-ae661509e6dde946de854a76f6d13e8e&sign=e3b5e449c46dc4fb93633ed357db2647 pn=upload; op=order; orderid=24174; 
上传
[2019-01-05 10:41:13] trace  /app/index.php?i=1&uniacid=1&t=undefined&v=1.3&m=ewei_shopv2&from=wxapp&c=entry&a=wxapp&do=main&&state=we7sid-ae661509e6dde946de854a76f6d13e8e&sign=e3b5e449c46dc4fb93633ed357db2647 pn=upload; op=order; orderid=24175; 
上传
[2019-01-05 10:45:17] trace  /app/index.php?i=1&uniacid=1&t=undefined&v=1.3&m=ewei_shopv2&from=wxapp&c=entry&a=wxapp&do=main&&state=we7sid-844fee41b9a32cc6379a1dbb2f1df9b5&sign=15a012585172c80f9a1451c1ef56b266 pn=upload; op=order; orderid=24176; 
上传
[2019-01-05 10:45:54] trace  /app/index.php?i=1&uniacid=1&t=undefined&v=1.3&m=ewei_shopv2&from=wxapp&c=entry&a=wxapp&do=main&&state=we7sid-13dc5070025751292dcf157dadc56a8a&sign=ae7f2e379734bf980aa4101827363869 pn=upload; op=order; orderid=24177; 
上传
[2019-01-05 10:47:33] trace  /app/index.php?i=1&uniacid=1&t=undefined&v=1.3&m=ewei_shopv2&from=wxapp&c=entry&a=wxapp&do=main&&state=we7sid-16ee26f69cbb85ca6fcd9baeb447f22e&sign=0aee29a8b105a94f0220906d0b5db963 pn=upload; op=order; orderid=24178; 
上传
[2019-01-05 10:50:39] trace  /app/index.php?i=1&uniacid=1&t=undefined&v=1.3&m=ewei_shopv2&from=wxapp&c=entry&a=wxapp&do=main&&state=we7sid-e1f049b4f38d8bc43c934763d2abcc52&sign=8323b3fbd74236cd553cc8d39c901964 pn=upload; op=order; orderid=24179; 
上传
[2019-01-05 10:51:51] trace  /app/index.php?i=1&uniacid=1&t=undefined&v=1.3&m=ewei_shopv2&from=wxapp&c=entry&a=wxapp&do=main&&state=we7sid-48421cd455b94c0d8e3f35ec100051e6&sign=0dfe22993f75f2ca627a56539a3f3893 pn=upload; op=order; orderid=24180; 
上传
[2019-01-05 10:52:15] trace  /app/index.php?i=1&uniacid=1&t=undefined&v=1.3&m=ewei_shopv2&from=wxapp&c=entry&a=wxapp&do=main&&state=we7sid-5909730ca9804ddc33010d63e401517b&sign=7227ab978895f5accb5be8419485885b pn=upload; op=order; orderid=24181; 
上传
[2019-01-05 11:02:23] trace  /app/index.php?i=1&uniacid=1&t=undefined&v=1.3&m=ewei_shopv2&from=wxapp&c=entry&a=wxapp&do=main&&state=we7sid-def7209a744b409d48b38f71e287caad&sign=8d5d6461ef928f2b5a38831824ff33d1 pn=upload; op=order; orderid=24182; 
上传
[2019-01-05 11:04:51] trace  /app/index.php?i=1&uniacid=1&t=undefined&v=1.3&m=ewei_shopv2&from=wxapp&c=entry&a=wxapp&do=main&&state=we7sid-1060ba34cb16f01423c9df6cf174a9c9&sign=1f713012dd3d42ca8ce4eea43ff506a1 op=order; orderid=24183; pn=upload; 
上传
[2019-01-05 11:06:19] trace  /app/index.php?i=1&uniacid=1&t=undefined&v=1.3&m=ewei_shopv2&from=wxapp&c=entry&a=wxapp&do=main&&state=we7sid-a67426ce181247fde0a304768cd02fd6&sign=47bbdb59f8435df89114181cb9887a96 pn=upload; op=order; orderid=24184; 
上传
[2019-01-05 11:08:18] trace  /app/index.php?i=1&uniacid=1&t=undefined&v=1.3&m=ewei_shopv2&from=wxapp&c=entry&a=wxapp&do=main&&state=we7sid-6bea7ad20907b4bc2fc5c6bf378d44eb&sign=a4a558a4052702a8d64f7f00e279ae39 pn=upload; op=order; orderid=24185; 
上传
[2019-01-05 11:09:50] trace  /app/index.php?i=1&uniacid=1&t=undefined&v=1.3&m=ewei_shopv2&from=wxapp&c=entry&a=wxapp&do=main&&state=we7sid-d8dd61dfb5fd6c4dc6224e31359f708b&sign=499659aa9b1de29b6cfbc36cc4bef392 pn=upload; op=order; orderid=24186; 
上传
[2019-01-05 11:15:39] trace  /app/index.php?i=1&uniacid=1&t=undefined&v=1.3&m=ewei_shopv2&from=wxapp&c=entry&a=wxapp&do=main&&state=we7sid-226890f9f1fd7260588e81f0775297a6&sign=5df7e6d4a18c594b7de2790ee026a09f op=order; orderid=24187; pn=upload; 
上传
[2019-01-05 11:18:43] trace  /app/index.php?i=1&uniacid=1&t=undefined&v=1.3&m=ewei_shopv2&from=wxapp&c=entry&a=wxapp&do=main&&state=we7sid-80dd91cda16c2ecce7c67345c24ee4f9&sign=25e15131045b0b80a02a61ec49141604 pn=upload; op=order; orderid=24188; 
上传
[2019-01-05 11:20:53] trace  /app/index.php?i=1&uniacid=1&t=undefined&v=1.3&m=ewei_shopv2&from=wxapp&c=entry&a=wxapp&do=main&&state=we7sid-2aeae516fa3a1a1918afc004d236fd59&sign=266d7f79028cb6bb9a327ac7c89a3b76 pn=upload; op=order; orderid=24189; 
上传
[2019-01-05 11:24:09] trace  /app/index.php?i=1&uniacid=1&t=undefined&v=1.3&m=ewei_shopv2&from=wxapp&c=entry&a=wxapp&do=main&&state=we7sid-2ee05902e1b3276dea6c8f0158884655&sign=b3dd11edb6d3d16054c9cfb874cc299d pn=upload; op=order; orderid=24190; 
上传
[2019-01-05 11:31:16] trace  /app/index.php?i=1&uniacid=1&t=undefined&v=1.3&m=ewei_shopv2&from=wxapp&c=entry&a=wxapp&do=main&&state=we7sid-1716171742f0c2988cf0daa3b4e9e1f6&sign=999bfe45ad00e5d2ed478722e0892043 op=order; orderid=24191; pn=upload; 
上传
[2019-01-05 11:32:14] trace  /app/index.php?i=1&uniacid=1&t=undefined&v=1.3&m=ewei_shopv2&from=wxapp&c=entry&a=wxapp&do=main&&state=we7sid-362c3445f05ee931a6ae49691fb6b48e&sign=718346de86524d7eb1b4e9c61320f023 pn=upload; op=order; orderid=24192; 
上传
[2019-01-05 11:33:13] trace  /app/index.php?i=1&uniacid=1&t=undefined&v=1.3&m=ewei_shopv2&from=wxapp&c=entry&a=wxapp&do=main&&state=we7sid-c50f4f3ad41ee3bd897d0ed8303d4763&sign=9f33dbeda534d31af337564e7d92c9e5 pn=upload; op=order; orderid=24193; 
上传
[2019-01-05 11:34:07] trace  /app/index.php?i=1&uniacid=1&t=undefined&v=1.3&m=ewei_shopv2&from=wxapp&c=entry&a=wxapp&do=main&&state=we7sid-60e3d4cf5d7f8c52f40e00772c754836&sign=9a5bfb1100f632e0447f52c09e817823 op=order; orderid=24194; pn=upload; 
上传
[2019-01-05 11:34:28] trace  /app/index.php?i=1&uniacid=1&t=undefined&v=1.3&m=ewei_shopv2&from=wxapp&c=entry&a=wxapp&do=main&&state=we7sid-e2cc9f8b76474fcc7044daff0080633c&sign=4dec0a4a5a6318bc84f473cb492e1c8e op=order; orderid=24195; pn=upload; 
上传
[2019-01-05 11:39:55] trace  /app/index.php?i=1&uniacid=1&t=undefined&v=1.3&m=ewei_shopv2&from=wxapp&c=entry&a=wxapp&do=main&&state=we7sid-0495d303d0666535365b58003a6e09a3&sign=a84eb60094be7c9c16e5b469c19d102c op=order; orderid=24196; pn=upload; 
上传
[2019-01-05 11:45:40] trace  /app/index.php?i=1&uniacid=1&t=undefined&v=1.3&m=ewei_shopv2&from=wxapp&c=entry&a=wxapp&do=main&&state=we7sid-d59d54cdbda90b16aedb1d4362933caf&sign=ee8beaf90415aff4b2559b71ee7fbf54 pn=upload; op=order; orderid=24197; 
上传
[2019-01-05 11:45:46] trace  /app/index.php?i=1&uniacid=1&t=undefined&v=1.3&m=ewei_shopv2&from=wxapp&c=entry&a=wxapp&do=main&&state=we7sid-d59d54cdbda90b16aedb1d4362933caf&sign=ee8beaf90415aff4b2559b71ee7fbf54 pn=upload; op=order; orderid=24198; 
上传
[2019-01-05 11:46:51] trace  /app/index.php?i=1&uniacid=1&t=undefined&v=1.3&m=ewei_shopv2&from=wxapp&c=entry&a=wxapp&do=main&&state=we7sid-26487c56ed39915aab282547d66ba3c8&sign=ac09c12ebc430ede30e07da9ec5cd1fb op=order; orderid=24199; pn=upload; 
上传
[2019-01-05 11:49:24] trace  /app/index.php?i=1&uniacid=1&t=undefined&v=1.3&m=ewei_shopv2&from=wxapp&c=entry&a=wxapp&do=main&&state=we7sid-d59d54cdbda90b16aedb1d4362933caf&sign=ee8beaf90415aff4b2559b71ee7fbf54 pn=upload; op=order; orderid=24200; 
上传
[2019-01-05 11:51:06] trace  /app/index.php?i=1&uniacid=1&t=undefined&v=1.3&m=ewei_shopv2&from=wxapp&c=entry&a=wxapp&do=main&&state=we7sid-cc88d2a6024e7d745b1035a382b45f96&sign=cc9533a4f8ee7d382dddbe56ff9b7159 op=order; orderid=24201; pn=upload; 
上传
[2019-01-05 11:51:40] trace  /app/index.php?i=1&uniacid=1&t=undefined&v=1.3&m=ewei_shopv2&from=wxapp&c=entry&a=wxapp&do=main&&state=we7sid-2d0a4001ad79c7affd0118445b74b6e4&sign=c7322094dea40814a45a496f92aa396a pn=upload; op=order; orderid=24202; 
上传
[2019-01-05 11:52:47] trace  /app/index.php?i=1&uniacid=1&t=undefined&v=1.3&m=ewei_shopv2&from=wxapp&c=entry&a=wxapp&do=main&&state=we7sid-2c514539a420580550f6a2fe2243f7f1&sign=567a74a113787b0ed4a57578ebab2d7e pn=upload; op=order; orderid=24203; 
上传
[2019-01-05 11:56:47] trace  /app/index.php?i=1&uniacid=1&t=undefined&v=1.3&m=ewei_shopv2&from=wxapp&c=entry&a=wxapp&do=main&&state=we7sid-97264b57d6467ca78c5f9b96d7f2ed35&sign=d6f525d7c43b732c028327f23d296386 pn=upload; op=order; orderid=24204; 
上传
[2019-01-05 12:03:02] trace  /app/index.php?i=1&uniacid=1&t=undefined&v=1.3&m=ewei_shopv2&from=wxapp&c=entry&a=wxapp&do=main&&state=we7sid-978d6848240d5c347f31839bcf2719d4&sign=4b1a8b2bafbacf2fdfa7b1cd7b31214a op=order; orderid=24205; pn=upload; 
上传
[2019-01-05 12:08:40] trace  /app/index.php?i=1&uniacid=1&t=undefined&v=1.3&m=ewei_shopv2&from=wxapp&c=entry&a=wxapp&do=main&&state=we7sid-dcf8abe259862fa2bbe6525d6769127e&sign=5c43911b3c527ed9bc7321e4375c6f55 op=order; orderid=24206; pn=upload; 
上传
[2019-01-05 12:08:56] trace  /app/index.php?i=1&uniacid=1&t=undefined&v=1.3&m=ewei_shopv2&from=wxapp&c=entry&a=wxapp&do=main&&state=we7sid-fb6fb2725888f48849ad88281aff6304&sign=6b2726d514ad8c7afc1d577ba0faca14 pn=upload; op=order; orderid=24207; 
上传
[2019-01-05 12:09:07] trace  /app/index.php?i=1&uniacid=1&t=undefined&v=1.3&m=ewei_shopv2&from=wxapp&c=entry&a=wxapp&do=main&&state=we7sid-fb6fb2725888f48849ad88281aff6304&sign=6b2726d514ad8c7afc1d577ba0faca14 pn=upload; op=order; orderid=24208; 
上传
[2019-01-05 12:09:17] trace  /app/index.php?i=1&uniacid=1&t=undefined&v=1.3&m=ewei_shopv2&from=wxapp&c=entry&a=wxapp&do=main&&state=we7sid-fb6fb2725888f48849ad88281aff6304&sign=6b2726d514ad8c7afc1d577ba0faca14 pn=upload; op=order; orderid=24209; 
上传
[2019-01-05 12:09:40] trace  /app/index.php?i=1&uniacid=1&t=undefined&v=1.3&m=ewei_shopv2&from=wxapp&c=entry&a=wxapp&do=main&&state=we7sid-189967ed9d2fbf7d3752df7b7e788317&sign=2bddeca784801ff4af6006643db4c93b pn=upload; op=order; orderid=24210; 
上传
[2019-01-05 12:11:32] trace  /app/index.php?i=1&uniacid=1&t=undefined&v=1.3&m=ewei_shopv2&from=wxapp&c=entry&a=wxapp&do=main&&state=we7sid-fc04d833cabef09ea60d824ef3870018&sign=4adb3b4a2551a7f9d102446df7e6ded7 pn=upload; op=order; orderid=24211; 
上传
[2019-01-05 12:18:21] trace  /app/index.php?i=1&uniacid=1&t=undefined&v=1.3&m=ewei_shopv2&from=wxapp&c=entry&a=wxapp&do=main&&state=we7sid-fc04d833cabef09ea60d824ef3870018&sign=4adb3b4a2551a7f9d102446df7e6ded7 pn=upload; op=order; orderid=24212; 
上传
[2019-01-05 12:19:30] trace  /app/index.php?i=1&uniacid=1&t=undefined&v=1.3&m=ewei_shopv2&from=wxapp&c=entry&a=wxapp&do=main&&state=we7sid-db61cbb4194d0d263a2706e87c56dc74&sign=20a8583eadcad69e0fefba792b29fcc8 pn=upload; op=order; orderid=24213; 
上传
[2019-01-05 12:28:06] trace  /app/index.php?i=1&uniacid=1&t=undefined&v=1.3&m=ewei_shopv2&from=wxapp&c=entry&a=wxapp&do=main&&state=we7sid-1716171742f0c2988cf0daa3b4e9e1f6&sign=999bfe45ad00e5d2ed478722e0892043 op=order; orderid=24214; pn=upload; 
上传
[2019-01-05 12:29:49] trace  /app/index.php?i=1&uniacid=1&t=undefined&v=1.3&m=ewei_shopv2&from=wxapp&c=entry&a=wxapp&do=main&&state=we7sid-7500a7346aed1e93ef13af4a2df6a1cb&sign=33b504fb5028ec350ba300eb3ba40bd2 pn=upload; op=order; orderid=24215; 
上传
[2019-01-05 12:44:26] trace  /app/index.php?i=1&uniacid=1&t=undefined&v=1.3&m=ewei_shopv2&from=wxapp&c=entry&a=wxapp&do=main&&state=we7sid-e7090611f92c1e399c90123c832e91f4&sign=6250a08f2a17f7b34d798fad1e4dd3ef pn=upload; op=order; orderid=24216; 
上传
[2019-01-05 12:46:02] trace  /app/index.php?i=1&uniacid=1&t=undefined&v=1.3&m=ewei_shopv2&from=wxapp&c=entry&a=wxapp&do=main&&state=we7sid-3599ceabac8ea615e2fd382987fea3c0&sign=a30d923b11a413fd586619cfbfcae425 op=order; orderid=24217; pn=upload; 
上传
[2019-01-05 12:47:30] trace  /app/index.php?i=1&uniacid=1&t=undefined&v=1.3&m=ewei_shopv2&from=wxapp&c=entry&a=wxapp&do=main&&state=we7sid-3599ceabac8ea615e2fd382987fea3c0&sign=a30d923b11a413fd586619cfbfcae425 op=order; orderid=24218; pn=upload; 
上传
[2019-01-05 12:55:55] trace  /app/index.php?i=1&uniacid=1&t=undefined&v=1.3&m=ewei_shopv2&from=wxapp&c=entry&a=wxapp&do=main&&state=we7sid-e1ec92d9edb0cd1136148c21d12ee432&sign=38faf2409e2745543184e063d409f175 op=order; orderid=24219; pn=upload; 
上传
[2019-01-05 13:12:31] trace  /app/index.php?i=1&uniacid=1&t=undefined&v=1.3&m=ewei_shopv2&from=wxapp&c=entry&a=wxapp&do=main&&state=we7sid-42cb2cd0484ce9f98fb982807be4a3a9&sign=1797e8357b880a5a199498be2bcb4a96 pn=upload; op=order; orderid=24220; 
上传
[2019-01-05 13:14:44] trace  /app/index.php?i=1&uniacid=1&t=undefined&v=1.3&m=ewei_shopv2&from=wxapp&c=entry&a=wxapp&do=main&&state=we7sid-129dba33953f30a1497250df6a7dc0c2&sign=457239e70e85d9a99f117f04ecc8cb6b pn=upload; op=order; orderid=24221; 
上传
[2019-01-05 13:19:38] trace  /app/index.php?i=1&uniacid=1&t=undefined&v=1.3&m=ewei_shopv2&from=wxapp&c=entry&a=wxapp&do=main&&state=we7sid-d0524e550f7b6fe6accc14b6a739049f&sign=ca19f0face2c5f830309749fc9386371 pn=upload; op=order; orderid=24222; 
上传
[2019-01-05 13:20:59] trace  /app/index.php?i=1&uniacid=1&t=undefined&v=1.3&m=ewei_shopv2&from=wxapp&c=entry&a=wxapp&do=main&&state=we7sid-d0524e550f7b6fe6accc14b6a739049f&sign=ca19f0face2c5f830309749fc9386371 pn=upload; op=order; orderid=24223; 
上传
[2019-01-05 13:21:48] trace  /app/index.php?i=1&uniacid=1&t=undefined&v=1.3&m=ewei_shopv2&from=wxapp&c=entry&a=wxapp&do=main&&state=we7sid-9c2d787f1262845db6630b0cabccbf26&sign=00867113a3e457e762d96a0713a09cbd op=order; orderid=24224; pn=upload; 
上传
[2019-01-05 13:22:36] trace  /app/index.php?i=1&uniacid=1&t=undefined&v=1.3&m=ewei_shopv2&from=wxapp&c=entry&a=wxapp&do=main&&state=we7sid-ad301a0cf2864eac7b6f13f128fac89e&sign=9b77b306fb069c1d2a2e9175778c8802 op=order; orderid=24225; pn=upload; 
上传
[2019-01-05 13:31:54] trace  /app/index.php?i=1&uniacid=1&t=undefined&v=1.3&m=ewei_shopv2&from=wxapp&c=entry&a=wxapp&do=main&&state=we7sid-40e6d0f293ec7be6fd27211779ccbe1a&sign=18fde9303c8b7b788de95d4106a21c54 op=order; orderid=24226; pn=upload; 
上传
[2019-01-05 13:39:57] trace  /app/index.php?i=1&uniacid=1&t=undefined&v=1.3&m=ewei_shopv2&from=wxapp&c=entry&a=wxapp&do=main&&state=we7sid-8188c1085cca91573a6dd27f63a152a3&sign=a1ac81bf9ed5fcbe9e3990291de73685 op=order; pn=upload; orderid=24227; 
上传
[2019-01-05 13:58:16] trace  /app/index.php?i=1&uniacid=1&t=undefined&v=1.3&m=ewei_shopv2&from=wxapp&c=entry&a=wxapp&do=main&&state=we7sid-0517cb1008667e4bcd48b664321562a7&sign=d98102d25dfadbf0c55c3cdc36e0d683 pn=upload; op=order; orderid=24228; 
上传
[2019-01-05 13:59:26] trace  /app/index.php?i=1&uniacid=1&t=undefined&v=1.3&m=ewei_shopv2&from=wxapp&c=entry&a=wxapp&do=main&&state=we7sid-c502e6757944112af2c453b6828ae853&sign=ddc1ce9eada93a59ad103d7d715615e1 pn=upload; op=order; orderid=24229; 
上传
[2019-01-05 14:17:14] trace  /app/index.php?i=1&uniacid=1&t=undefined&v=1.3&m=ewei_shopv2&from=wxapp&c=entry&a=wxapp&do=main&&state=we7sid-b10c6f70e41f9b00c4b5c81e7901ea99&sign=ad92e0715cf60cf5160c2e4fcaf527fb pn=upload; op=order; orderid=24230; 
上传
[2019-01-05 14:19:01] trace  /app/index.php?i=1&uniacid=1&t=undefined&v=1.3&m=ewei_shopv2&from=wxapp&c=entry&a=wxapp&do=main&&state=we7sid-a7fb114c20812cb7ee5a39b2af4a3054&sign=0346ba9bebac7bc53b66688b975a2901 pn=upload; op=order; orderid=24231; 
上传
[2019-01-05 14:19:23] trace  /app/index.php?i=1&uniacid=1&t=undefined&v=1.3&m=ewei_shopv2&from=wxapp&c=entry&a=wxapp&do=main&&state=we7sid-a7fb114c20812cb7ee5a39b2af4a3054&sign=0346ba9bebac7bc53b66688b975a2901 pn=upload; op=order; orderid=24232; 
上传
[2019-01-05 14:19:59] trace  /app/index.php?i=1&uniacid=1&t=undefined&v=1.3&m=ewei_shopv2&from=wxapp&c=entry&a=wxapp&do=main&&state=we7sid-76daf2ea64e10618b818bf73bac0f7d4&sign=ba1bd9a9273d1eef40e4312ed4967925 pn=upload; op=order; orderid=24233; 
上传
[2019-01-05 14:21:27] trace  /app/index.php?i=1&uniacid=1&t=undefined&v=1.3&m=ewei_shopv2&from=wxapp&c=entry&a=wxapp&do=main&&state=we7sid-a7fb114c20812cb7ee5a39b2af4a3054&sign=0346ba9bebac7bc53b66688b975a2901 pn=upload; op=order; orderid=24234; 
上传
[2019-01-05 14:22:55] trace  /app/index.php?i=1&uniacid=1&t=undefined&v=1.3&m=ewei_shopv2&from=wxapp&c=entry&a=wxapp&do=main&&state=we7sid-7dcc706c291be4601153b3023f89cbb1&sign=d0e015db6fef86a03d7151b55a5373a9 pn=upload; op=order; orderid=24235; 
上传
[2019-01-05 14:23:49] trace  /app/index.php?i=1&uniacid=1&t=undefined&v=1.3&m=ewei_shopv2&from=wxapp&c=entry&a=wxapp&do=main&&state=we7sid-463dea0d2fcb29a067aca10969eb80ce&sign=4c60533819fec0b2b083d4b7f499f849 pn=upload; op=order; orderid=24236; 
上传
[2019-01-05 14:25:03] trace  /app/index.php?i=1&uniacid=1&t=undefined&v=1.3&m=ewei_shopv2&from=wxapp&c=entry&a=wxapp&do=main&&state=we7sid-df57969206f955128d0047aff3f77857&sign=3c43aed8771fa6c3870efc07fb0227ef pn=upload; op=order; orderid=24237; 
上传
[2019-01-05 14:28:01] trace  /app/index.php?i=1&uniacid=1&t=undefined&v=1.3&m=ewei_shopv2&from=wxapp&c=entry&a=wxapp&do=main&&state=we7sid-612c492b0b8a1f4ea4865adfb69a9b36&sign=ce7fa43d43ffc2236386e29fba9b7c0b pn=upload; op=order; orderid=24238; 
上传
[2019-01-05 14:30:52] trace  /app/index.php?i=1&uniacid=1&t=undefined&v=1.3&m=ewei_shopv2&from=wxapp&c=entry&a=wxapp&do=main&&state=we7sid-8c9228e5e6e2f9b5543ac220fab1260a&sign=1c24f826ab885927718c0718d7ec111c pn=upload; op=order; orderid=24239; 
上传
[2019-01-05 14:37:33] trace  /app/index.php?i=1&uniacid=1&t=undefined&v=1.3&m=ewei_shopv2&from=wxapp&c=entry&a=wxapp&do=main&&state=we7sid-641660396f387e8d1f704386bb2a7700&sign=aa81cef02a1d0edd22edf91718b9907f pn=upload; op=order; orderid=24240; 
上传
[2019-01-05 14:40:06] trace  /app/index.php?i=1&uniacid=1&t=undefined&v=1.3&m=ewei_shopv2&from=wxapp&c=entry&a=wxapp&do=main&&state=we7sid-c80c740ca952888b496282a919ec0cf3&sign=3c1359e98832d88e86b8c0137fae78c0 pn=upload; op=order; orderid=24242; 
上传
[2019-01-05 14:40:09] trace  /app/index.php?i=1&uniacid=1&t=undefined&v=1.3&m=ewei_shopv2&from=wxapp&c=entry&a=wxapp&do=main&&state=we7sid-836a39d6f5907aa05bb3ff6bfd2abccf&sign=386428d43b08a95bd1d4044c30d7978a pn=upload; op=order; orderid=24241; 
上传
[2019-01-05 14:42:58] trace  /app/index.php?i=1&uniacid=1&t=undefined&v=1.3&m=ewei_shopv2&from=wxapp&c=entry&a=wxapp&do=main&&state=we7sid-73be495093b39d8bd2513213ad522349&sign=351d50fd637916f63a910d8d7b794e79 op=order; orderid=24243; pn=upload; 
上传
[2019-01-05 15:08:55] trace  /app/index.php?i=1&uniacid=1&t=undefined&v=1.3&m=ewei_shopv2&from=wxapp&c=entry&a=wxapp&do=main&&state=we7sid-5e8b4b6fcc0ee361ddbc5968efbc95e8&sign=298c2b785688c7cabe203a57f8cbc377 pn=upload; op=order; orderid=24244; 
上传
[2019-01-05 15:23:18] trace  /app/index.php?i=1&uniacid=1&t=undefined&v=1.3&m=ewei_shopv2&from=wxapp&c=entry&a=wxapp&do=main&&state=we7sid-fb9de8793792debf449854c8dfae59e3&sign=ad2a3c57e16aa3728f384ba67a4e5187 pn=upload; op=order; orderid=24245; 
上传
[2019-01-05 15:35:16] trace  /app/index.php?i=1&uniacid=1&t=undefined&v=1.3&m=ewei_shopv2&from=wxapp&c=entry&a=wxapp&do=main&&state=we7sid-cf500895ac044d6f05d7dd2cdb6130d2&sign=9d02016288d3e8895ace1a74a8e976cb pn=upload; op=order; orderid=24246; 
上传
[2019-01-05 15:46:52] trace  /app/index.php?i=1&uniacid=1&t=undefined&v=1.3&m=ewei_shopv2&from=wxapp&c=entry&a=wxapp&do=main&&state=we7sid-fbb65f0fe8d1ed5697e63993b4525f2c&sign=cb27eb53e95c8dfb30152053a3a7e98d pn=upload; op=order; orderid=24247; 
上传
[2019-01-05 15:58:18] trace  /app/index.php?i=1&uniacid=1&t=undefined&v=1.3&m=ewei_shopv2&from=wxapp&c=entry&a=wxapp&do=main&&state=we7sid-f45ed526b6bf062f4949272feb584b92&sign=9eea4466ff59c084e31d11c27a96f6c6 pn=upload; op=order; orderid=24248; 
上传
[2019-01-05 15:58:58] trace  /app/index.php?i=1&uniacid=1&t=undefined&v=1.3&m=ewei_shopv2&from=wxapp&c=entry&a=wxapp&do=main&&state=we7sid-f45ed526b6bf062f4949272feb584b92&sign=9eea4466ff59c084e31d11c27a96f6c6 pn=upload; op=order; orderid=24249; 
上传
[2019-01-05 16:10:17] trace  /app/index.php?i=1&uniacid=1&t=undefined&v=1.3&m=ewei_shopv2&from=wxapp&c=entry&a=wxapp&do=main&&state=we7sid-0dca026c02f91ce5b55f72224d53936f&sign=cdcd49a97029f305f7103e209805528d pn=upload; op=order; orderid=24250; 
上传
[2019-01-05 16:12:18] trace  /app/index.php?i=1&uniacid=1&t=undefined&v=1.3&m=ewei_shopv2&from=wxapp&c=entry&a=wxapp&do=main&&state=we7sid-9014a4b995d4dcf2c9a66d5f4ab10deb&sign=248c3011e9e0cec3c9139837bedc84cf op=order; orderid=24251; pn=upload; 
上传
[2019-01-05 16:25:22] trace  /app/index.php?i=1&uniacid=1&t=undefined&v=1.3&m=ewei_shopv2&from=wxapp&c=entry&a=wxapp&do=main&&state=we7sid-6528677914306f4438dc6766a2f4f4a2&sign=d8d49158f7a7eb2ca6c7b5fe811e6953 pn=upload; op=order; orderid=24252; 
上传
[2019-01-05 16:25:25] trace  /app/index.php?i=1&uniacid=1&t=undefined&v=1.3&m=ewei_shopv2&from=wxapp&c=entry&a=wxapp&do=main&&state=we7sid-95fec83909545e558fb6c29f1834da30&sign=fa6319eb2d730decc6e2b150edf4df2a op=order; orderid=24253; pn=upload; 
上传
[2019-01-05 16:25:41] trace  /app/index.php?i=1&uniacid=1&t=undefined&v=1.3&m=ewei_shopv2&from=wxapp&c=entry&a=wxapp&do=main&&state=we7sid-696db841c71043165ed001e062c20095&sign=20a0535ea60a0d64756abe245267deea pn=upload; op=order; orderid=24254; 
上传
[2019-01-05 16:31:53] trace  /app/index.php?i=1&uniacid=1&t=undefined&v=1.3&m=ewei_shopv2&from=wxapp&c=entry&a=wxapp&do=main&&state=we7sid-1d2214237d01200e866c75ce4bb47137&sign=f93a2471b92d1374eda1f9b3c0771df9 op=order; orderid=24255; pn=upload; 
上传
[2019-01-05 16:32:33] trace  /app/index.php?i=1&uniacid=1&t=undefined&v=1.3&m=ewei_shopv2&from=wxapp&c=entry&a=wxapp&do=main&&state=we7sid-154bcd371e7bb04fef1160c46725b291&sign=1a12f7145c4765d87b32f45bb7ec9d04 pn=upload; op=order; orderid=24256; 
上传
[2019-01-05 16:37:18] trace  /app/index.php?i=1&uniacid=1&t=undefined&v=1.3&m=ewei_shopv2&from=wxapp&c=entry&a=wxapp&do=main&&state=we7sid-a26da44a7f8d6929929bd33d06c7c13c&sign=e78766264fb8992bfadd0bca840b21fc pn=upload; op=order; orderid=24257; 
上传
[2019-01-05 16:47:33] trace  /app/index.php?i=1&uniacid=1&t=undefined&v=1.3&m=ewei_shopv2&from=wxapp&c=entry&a=wxapp&do=main&&state=we7sid-d0653ef1b939fbedbb7f4b6b06c01b5c&sign=83d10f9f55b1d4bd673e06c2d4cfcba6 op=order; orderid=24258; pn=upload; 
上传
[2019-01-05 16:47:33] trace  /app/index.php?i=1&uniacid=1&t=undefined&v=1.3&m=ewei_shopv2&from=wxapp&c=entry&a=wxapp&do=main&&state=we7sid-d0653ef1b939fbedbb7f4b6b06c01b5c&sign=83d10f9f55b1d4bd673e06c2d4cfcba6 op=order; orderid=24258; pn=upload; 
上传
[2019-01-05 17:04:04] trace  /app/index.php?i=1&uniacid=1&t=undefined&v=1.3&m=ewei_shopv2&from=wxapp&c=entry&a=wxapp&do=main&&state=we7sid-625d1aec158a92a59ad6f30fc3ff3d5d&sign=3f2e3e535b13fb17ca63d2227ee70dd4 pn=upload; op=order; orderid=24259; 
上传
[2019-01-05 17:06:58] trace  /app/index.php?i=1&uniacid=1&t=undefined&v=1.3&m=ewei_shopv2&from=wxapp&c=entry&a=wxapp&do=main&&state=we7sid-f991810ad141606b4134e01f48b3bf2a&sign=96f28ef5d7e22185152720ee39033e8e pn=upload; op=order; orderid=24260; 
上传
[2019-01-05 17:13:49] trace  /app/index.php?i=1&uniacid=1&t=undefined&v=1.3&m=ewei_shopv2&from=wxapp&c=entry&a=wxapp&do=main&&state=we7sid-9b25f3a8e28f97a318edcb3d7df78d2b&sign=fb26f46063a039f198c9f2f90e2d9c96 pn=upload; op=order; orderid=24261; 
上传
[2019-01-05 17:14:42] trace  /app/index.php?i=1&uniacid=1&t=undefined&v=1.3&m=ewei_shopv2&from=wxapp&c=entry&a=wxapp&do=main&&state=we7sid-9b25f3a8e28f97a318edcb3d7df78d2b&sign=fb26f46063a039f198c9f2f90e2d9c96 pn=upload; op=order; orderid=24262; 
上传
[2019-01-05 17:15:43] trace  /app/index.php?i=1&uniacid=1&t=undefined&v=1.3&m=ewei_shopv2&from=wxapp&c=entry&a=wxapp&do=main&&state=we7sid-e4404e56d73bc121559eb60f54b80ecf&sign=92a31ee3350919f543a153609ca207e8 op=order; orderid=24263; pn=upload; 
上传
[2019-01-05 17:21:55] trace  /app/index.php?i=1&uniacid=1&t=undefined&v=1.3&m=ewei_shopv2&from=wxapp&c=entry&a=wxapp&do=main&&state=we7sid-bd79a6409813e58616cdf76ee74496ac&sign=8bfe2e022507b412256c34d42d9db1e4 pn=upload; op=order; orderid=24264; 
上传
[2019-01-05 17:27:53] trace  /app/index.php?i=1&uniacid=1&t=undefined&v=1.3&m=ewei_shopv2&from=wxapp&c=entry&a=wxapp&do=main&&state=we7sid-c8994fd73564ae8f89a5e297341cec38&sign=6b770b6403e8a14f141d677ebd9afabb op=order; orderid=24265; pn=upload; 
上传
[2019-01-05 17:29:20] trace  /app/index.php?i=1&uniacid=1&t=undefined&v=1.3&m=ewei_shopv2&from=wxapp&c=entry&a=wxapp&do=main&&state=we7sid-02958a2cc7ed8788fdc8d89489ac5330&sign=b2873717772de02912229d68d04bb415 pn=upload; op=order; orderid=24266; 
上传
[2019-01-05 17:29:21] trace  /app/index.php?i=1&uniacid=1&t=undefined&v=1.3&m=ewei_shopv2&from=wxapp&c=entry&a=wxapp&do=main&&state=we7sid-43d56b80ef0810c78cb7bd8e536780b6&sign=647b72769b2e1b8a9118ae79073a2ac3 op=order; orderid=24267; pn=upload; 
上传
[2019-01-05 17:29:21] trace  /app/index.php?i=1&uniacid=1&t=undefined&v=1.3&m=ewei_shopv2&from=wxapp&c=entry&a=wxapp&do=main&&state=we7sid-43d56b80ef0810c78cb7bd8e536780b6&sign=647b72769b2e1b8a9118ae79073a2ac3 op=order; orderid=24267; pn=upload; 
上传
[2019-01-05 17:42:15] trace  /app/index.php?i=1&uniacid=1&t=undefined&v=1.3&m=ewei_shopv2&from=wxapp&c=entry&a=wxapp&do=main&&state=we7sid-a20d9954584560d52653ac225ecef52b&sign=4c388aa178fbcec39117e9b8ac3026af pn=upload; op=order; orderid=24268; 
上传
[2019-01-05 17:44:39] trace  /app/index.php?i=1&uniacid=1&t=undefined&v=1.3&m=ewei_shopv2&from=wxapp&c=entry&a=wxapp&do=main&&state=we7sid-a158d0faf40ae4e2970731876aa65261&sign=c216f00dfc0494cc2c3c948ebcbf8e1d pn=upload; op=order; orderid=24269; 
上传
[2019-01-05 17:45:41] trace  /app/index.php?i=1&uniacid=1&t=undefined&v=1.3&m=ewei_shopv2&from=wxapp&c=entry&a=wxapp&do=main&&state=we7sid-9d6ab705a2622c4a52c4ee946aa3c775&sign=78c74819c05d4d0bd9cc57a51837c6a1 pn=upload; op=order; orderid=24270; 
上传
[2019-01-05 18:05:16] trace  /app/index.php?i=1&uniacid=1&t=undefined&v=1.3&m=ewei_shopv2&from=wxapp&c=entry&a=wxapp&do=main&&state=we7sid-fb828d63ccc3d5b47601dc058e43edc3&sign=5b4e95bccb23a8ff6f9d4bc8bd7a5133 pn=upload; op=order; orderid=24271; 
上传
[2019-01-05 18:12:01] trace  /app/index.php?i=1&uniacid=1&t=undefined&v=1.3&m=ewei_shopv2&from=wxapp&c=entry&a=wxapp&do=main&&state=we7sid-eb83296cbbf052b2964e58b444999c19&sign=5db924fb116932309e3d5449bc6fb665 pn=upload; op=order; orderid=24272; 
上传
[2019-01-05 18:36:51] trace  /app/index.php?i=1&uniacid=1&t=undefined&v=1.3&m=ewei_shopv2&from=wxapp&c=entry&a=wxapp&do=main&&state=we7sid-049d349d83d3ce93c290575fa7df1cb2&sign=36dc757e40baf7ff2e0aee695609048d pn=upload; op=order; orderid=24273; 
上传
[2019-01-05 18:37:22] trace  /app/index.php?i=1&uniacid=1&t=undefined&v=1.3&m=ewei_shopv2&from=wxapp&c=entry&a=wxapp&do=main&&state=we7sid-548fb0a7bf0781476859fda2f73409e5&sign=ab819458143d200f5d112be5d900082c pn=upload; op=order; orderid=24274; 
上传
[2019-01-05 18:41:53] trace  /app/index.php?i=1&uniacid=1&t=undefined&v=1.3&m=ewei_shopv2&from=wxapp&c=entry&a=wxapp&do=main&&state=we7sid-fe3b15699e0a08ac91cc88eecb4158e7&sign=f41ef638aac74d78e049c4b7fb5ccabf pn=upload; op=order; orderid=24275; 
上传
[2019-01-05 18:48:50] trace  /app/index.php?i=1&uniacid=1&t=undefined&v=1.3&m=ewei_shopv2&from=wxapp&c=entry&a=wxapp&do=main&&state=we7sid-17bd6530503c660bb3e0a3928fe01b6d&sign=519345029e318b3287496525eac966fd pn=upload; op=order; orderid=24276; 
上传
[2019-01-05 18:57:48] trace  /app/index.php?i=1&uniacid=1&t=undefined&v=1.3&m=ewei_shopv2&from=wxapp&c=entry&a=wxapp&do=main&&state=we7sid-052a0c0e15b098b90eaab98728b46534&sign=14148399ac624b42442e3f7a145b6fce pn=upload; op=order; orderid=24277; 
上传
[2019-01-05 19:00:05] trace  /app/index.php?i=1&uniacid=1&t=undefined&v=1.3&m=ewei_shopv2&from=wxapp&c=entry&a=wxapp&do=main&&state=we7sid-a01749d8cefd90cd2664665c321827d2&sign=615c3b92fb2a244e747ac8224a2f783a op=order; orderid=24278; pn=upload; 
上传
[2019-01-05 19:00:25] trace  /app/index.php?i=1&uniacid=1&t=undefined&v=1.3&m=ewei_shopv2&from=wxapp&c=entry&a=wxapp&do=main&&state=we7sid-a01749d8cefd90cd2664665c321827d2&sign=615c3b92fb2a244e747ac8224a2f783a op=order; orderid=24279; pn=upload; 
上传
[2019-01-05 19:11:09] trace  /app/index.php?i=1&uniacid=1&t=undefined&v=1.3&m=ewei_shopv2&from=wxapp&c=entry&a=wxapp&do=main&&state=we7sid-dec001f192cded17fd70a4ddbd8b88d6&sign=1f3cd38d1cbd6ff23acffdadfd9660e4 op=order; orderid=24280; pn=upload; 
上传
[2019-01-05 19:12:10] trace  /app/index.php?i=1&uniacid=1&t=undefined&v=1.3&m=ewei_shopv2&from=wxapp&c=entry&a=wxapp&do=main&&state=we7sid-4bb46fc32c7079ecd3bd01ee100c6c3e&sign=f80cd8186520d44c5cb972afdb545147 op=order; orderid=24281; pn=upload; 
上传
[2019-01-05 19:16:19] trace  /app/index.php?i=1&uniacid=1&t=undefined&v=1.3&m=ewei_shopv2&from=wxapp&c=entry&a=wxapp&do=main&&state=we7sid-d25e2f036a31343a99b1a1a58cb9fe39&sign=6704374af519745a3a7a23637ecc4bea pn=upload; op=order; orderid=24282; 
上传
[2019-01-05 19:18:41] trace  /app/index.php?i=1&uniacid=1&t=undefined&v=1.3&m=ewei_shopv2&from=wxapp&c=entry&a=wxapp&do=main&&state=we7sid-b0d6a5cbcf0c49eb408d114cf83a38eb&sign=a8ec6d79aa0f89ace27387543d049569 pn=upload; op=order; orderid=24283; 
上传
[2019-01-05 19:20:17] trace  /app/index.php?i=1&uniacid=1&t=undefined&v=1.3&m=ewei_shopv2&from=wxapp&c=entry&a=wxapp&do=main&&state=we7sid-58c479bf668e6ad6c4e52a12a6559e1e&sign=ec5854f23ebe0ee4b1e4bd8069f1b558 pn=upload; op=order; orderid=24284; 
上传
[2019-01-05 19:20:48] trace  /app/index.php?i=1&uniacid=1&t=undefined&v=1.3&m=ewei_shopv2&from=wxapp&c=entry&a=wxapp&do=main&&state=we7sid-f097b44ca2a28e3b7a08e7068772f99d&sign=c49ee904cd017310e049b04ad05e44b2 pn=upload; op=order; orderid=24285; 
上传
[2019-01-05 19:34:05] trace  /app/index.php?i=1&uniacid=1&t=undefined&v=1.3&m=ewei_shopv2&from=wxapp&c=entry&a=wxapp&do=main&&state=we7sid-4cd226ae5f4fd8c397d9c31c19c93394&sign=4221d1cc243747e19b7815d981f67093 pn=upload; op=order; orderid=24286; 
上传
[2019-01-05 19:41:05] trace  /app/index.php?i=1&uniacid=1&t=undefined&v=1.3&m=ewei_shopv2&from=wxapp&c=entry&a=wxapp&do=main&&state=we7sid-e3a2c2963eb9856b91eee7e6880e3b32&sign=f4e3473c1fd1738d15a36424c1d3d994 pn=upload; op=order; orderid=24287; 
上传
[2019-01-05 19:46:00] trace  /app/index.php?i=1&uniacid=1&t=undefined&v=1.3&m=ewei_shopv2&from=wxapp&c=entry&a=wxapp&do=main&&state=we7sid-b7922c6fe7c0e4eb690719139cd6d6ae&sign=811d97dc7cbd2b1bb2afaebcc2637e67 pn=upload; op=order; orderid=24288; 
上传
[2019-01-05 19:52:32] trace  /app/index.php?i=1&uniacid=1&t=undefined&v=1.3&m=ewei_shopv2&from=wxapp&c=entry&a=wxapp&do=main&&state=we7sid-961aac2a89d0371db5b2c85ecaed3e12&sign=6bca9e017756288daa1e3032930e2233 op=order; orderid=24289; pn=upload; 
上传
[2019-01-05 19:52:46] trace  /app/index.php?i=1&uniacid=1&t=undefined&v=1.3&m=ewei_shopv2&from=wxapp&c=entry&a=wxapp&do=main&&state=we7sid-961aac2a89d0371db5b2c85ecaed3e12&sign=6bca9e017756288daa1e3032930e2233 op=order; orderid=24290; pn=upload; 
上传
[2019-01-05 19:53:27] trace  /app/index.php?i=1&uniacid=1&t=undefined&v=1.3&m=ewei_shopv2&from=wxapp&c=entry&a=wxapp&do=main&&state=we7sid-961aac2a89d0371db5b2c85ecaed3e12&sign=6bca9e017756288daa1e3032930e2233 op=order; orderid=24291; pn=upload; 
上传
[2019-01-05 19:55:45] trace  /app/index.php?i=1&uniacid=1&t=undefined&v=1.3&m=ewei_shopv2&from=wxapp&c=entry&a=wxapp&do=main&&state=we7sid-59bc309631487264e42d58524ae3563f&sign=a27afc4bb9be08c0e481d59f43d7a1d9 op=order; pn=upload; orderid=24292; 
上传
[2019-01-05 20:00:03] trace  /app/index.php?i=1&uniacid=1&t=undefined&v=1.3&m=ewei_shopv2&from=wxapp&c=entry&a=wxapp&do=main&&state=we7sid-275dcad18b0b84eca024ef448c86eadc&sign=8ca2923d27612eef47bf90ad1453c8d1 pn=upload; op=order; orderid=24293; 
上传
[2019-01-05 20:07:17] trace  /app/index.php?i=1&uniacid=1&t=undefined&v=1.3&m=ewei_shopv2&from=wxapp&c=entry&a=wxapp&do=main&&state=we7sid-a5140627765940d44ab3ffa95370041f&sign=e755b0d871f989010410f94d7f748bb6 pn=upload; op=order; orderid=24294; 
上传
[2019-01-05 20:10:00] trace  /app/index.php?i=1&uniacid=1&t=undefined&v=1.3&m=ewei_shopv2&from=wxapp&c=entry&a=wxapp&do=main&&state=we7sid-e13a82e3fe7567a5bdac31e4c91e2efe&sign=40fd1bafeb510b05049806f83532bf4f pn=upload; op=order; orderid=24295; 
上传
[2019-01-05 20:15:55] trace  /app/index.php?i=1&uniacid=1&t=undefined&v=1.3&m=ewei_shopv2&from=wxapp&c=entry&a=wxapp&do=main&&state=we7sid-e13a82e3fe7567a5bdac31e4c91e2efe&sign=40fd1bafeb510b05049806f83532bf4f pn=upload; op=order; orderid=24296; 
上传
[2019-01-05 20:18:59] trace  /app/index.php?i=1&uniacid=1&t=undefined&v=1.3&m=ewei_shopv2&from=wxapp&c=entry&a=wxapp&do=main&&state=we7sid-8a92acb0647d91c9dceab8d888dda301&sign=1496e982d995954a0a50f2d58d82c498 pn=upload; op=order; orderid=24297; 
上传
[2019-01-05 20:19:55] trace  /app/index.php?i=1&uniacid=1&t=undefined&v=1.3&m=ewei_shopv2&from=wxapp&c=entry&a=wxapp&do=main&&state=we7sid-1f64c121a59739c80ec6bbc0a55dd1c3&sign=1f4767409fff7cfebfcae014a9da611a pn=upload; op=order; orderid=24298; 
上传
[2019-01-05 20:26:47] trace  /app/index.php?i=1&uniacid=1&t=undefined&v=1.3&m=ewei_shopv2&from=wxapp&c=entry&a=wxapp&do=main&&state=we7sid-1f64c121a59739c80ec6bbc0a55dd1c3&sign=1f4767409fff7cfebfcae014a9da611a pn=upload; op=order; orderid=24299; 
上传
[2019-01-05 20:27:12] trace  /app/index.php?i=1&uniacid=1&t=undefined&v=1.3&m=ewei_shopv2&from=wxapp&c=entry&a=wxapp&do=main&&state=we7sid-a5140627765940d44ab3ffa95370041f&sign=e755b0d871f989010410f94d7f748bb6 pn=upload; op=order; orderid=24300; 
上传
[2019-01-05 20:27:48] trace  /app/index.php?i=1&uniacid=1&t=undefined&v=1.3&m=ewei_shopv2&from=wxapp&c=entry&a=wxapp&do=main&&state=we7sid-1f64c121a59739c80ec6bbc0a55dd1c3&sign=1f4767409fff7cfebfcae014a9da611a pn=upload; op=order; orderid=24301; 
上传
[2019-01-05 20:34:21] trace  /app/index.php?i=1&uniacid=1&t=undefined&v=1.3&m=ewei_shopv2&from=wxapp&c=entry&a=wxapp&do=main&&state=we7sid-8213b5f3f43167c729e182bc556e6f4c&sign=7793b9ce438951cfb8bf29fc7842564b op=order; orderid=24302; pn=upload; 
上传
[2019-01-05 20:47:48] trace  /app/index.php?i=1&uniacid=1&t=undefined&v=1.3&m=ewei_shopv2&from=wxapp&c=entry&a=wxapp&do=main&&state=we7sid-5127e2b6fb8ff57e7436306e905689b8&sign=2d304c51c7a58c41f8283150024bea8e pn=upload; op=order; orderid=24303; 
上传
[2019-01-05 20:51:03] trace  /app/index.php?i=1&uniacid=1&t=undefined&v=1.3&m=ewei_shopv2&from=wxapp&c=entry&a=wxapp&do=main&&state=we7sid-5779b115b45b68917097bb21734158a8&sign=97cdbfb33907a8e9dc37af735b3d652d pn=upload; op=order; orderid=24304; 
上传
[2019-01-05 20:51:22] trace  /app/index.php?i=1&uniacid=1&t=undefined&v=1.3&m=ewei_shopv2&from=wxapp&c=entry&a=wxapp&do=main&&state=we7sid-18142bed41eadb366f7c33138268fdf2&sign=4ac2e4979e58c891de78e339763dd768 pn=upload; op=order; orderid=24305; 
上传
[2019-01-05 20:53:35] trace  /app/index.php?i=1&uniacid=1&t=undefined&v=1.3&m=ewei_shopv2&from=wxapp&c=entry&a=wxapp&do=main&&state=we7sid-6a3e3aea1cdfa6a72e2b9d61d361acc7&sign=9f5ff0599a77f32ec6dcb5e779818fd3 op=order; orderid=24306; pn=upload; 
上传
[2019-01-05 20:54:39] trace  /app/index.php?i=1&uniacid=1&t=undefined&v=1.3&m=ewei_shopv2&from=wxapp&c=entry&a=wxapp&do=main&&state=we7sid-6a3e3aea1cdfa6a72e2b9d61d361acc7&sign=9f5ff0599a77f32ec6dcb5e779818fd3 op=order; orderid=24307; pn=upload; 
上传
[2019-01-05 20:56:00] trace  /app/index.php?i=1&uniacid=1&t=undefined&v=1.3&m=ewei_shopv2&from=wxapp&c=entry&a=wxapp&do=main&&state=we7sid-6a3e3aea1cdfa6a72e2b9d61d361acc7&sign=9f5ff0599a77f32ec6dcb5e779818fd3 op=order; orderid=24308; pn=upload; 
上传
[2019-01-05 20:57:08] trace  /app/index.php?i=1&uniacid=1&t=undefined&v=1.3&m=ewei_shopv2&from=wxapp&c=entry&a=wxapp&do=main&&state=we7sid-8213b5f3f43167c729e182bc556e6f4c&sign=7793b9ce438951cfb8bf29fc7842564b op=order; orderid=24309; pn=upload; 
上传
[2019-01-05 21:03:43] trace  /app/index.php?i=1&uniacid=1&t=undefined&v=1.3&m=ewei_shopv2&from=wxapp&c=entry&a=wxapp&do=main&&state=we7sid-b6708c463681bfef3336c7166fce179a&sign=b71739e1862e8942b6dd19942bb37ddd pn=upload; op=order; orderid=24310; 
上传
[2019-01-05 21:07:40] trace  /app/index.php?i=1&uniacid=1&t=undefined&v=1.3&m=ewei_shopv2&from=wxapp&c=entry&a=wxapp&do=main&&state=we7sid-574fcf4cab6b9415e467bf2968747023&sign=98ee12363c3b9dd2510782241d441674 pn=upload; op=order; orderid=24311; 
上传
[2019-01-05 21:14:20] trace  /app/index.php?i=1&uniacid=1&t=undefined&v=1.3&m=ewei_shopv2&from=wxapp&c=entry&a=wxapp&do=main&&state=we7sid-890093f44d64c4950b74717990deb0ed&sign=f4b773f1a01746010f11a2106156459c pn=upload; op=order; orderid=24312; 
上传
[2019-01-05 21:28:51] trace  /app/index.php?i=1&uniacid=1&t=undefined&v=1.3&m=ewei_shopv2&from=wxapp&c=entry&a=wxapp&do=main&&state=we7sid-48b32afcd059b632cf458103d3750a46&sign=8a8458ffb593721f7f8b7632ca3554d8 pn=upload; op=order; orderid=24313; 
上传
[2019-01-05 21:38:47] trace  /app/index.php?i=1&uniacid=1&t=undefined&v=1.3&m=ewei_shopv2&from=wxapp&c=entry&a=wxapp&do=main&&state=we7sid-ffb2e536c50081e91113a49a5b955049&sign=517e2e3a51b5f3f38442b72a917f62ec op=order; orderid=24314; pn=upload; 
上传
[2019-01-05 21:42:25] trace  /app/index.php?i=1&uniacid=1&t=undefined&v=1.3&m=ewei_shopv2&from=wxapp&c=entry&a=wxapp&do=main&&state=we7sid-bd502068d23436d69f3776924eaf98dd&sign=26992bb39c44f11136eb65909557d04c pn=upload; op=order; orderid=24315; 
上传
[2019-01-05 21:42:45] trace  /app/index.php?i=1&uniacid=1&t=undefined&v=1.3&m=ewei_shopv2&from=wxapp&c=entry&a=wxapp&do=main&&state=we7sid-02879df491140e6106d2cd182ee5e7e7&sign=43340dd3f6dd998157015c01830388cf pn=upload; op=order; orderid=24316; 
上传
[2019-01-05 21:45:08] trace  /app/index.php?i=1&uniacid=1&t=undefined&v=1.3&m=ewei_shopv2&from=wxapp&c=entry&a=wxapp&do=main&&state=we7sid-7e6bdcabc9cb735c4ba6958552a7ea89&sign=e18747d67b48cf9b34b0b17f437370ef pn=upload; op=order; orderid=24317; 
上传
[2019-01-05 21:50:38] trace  /app/index.php?i=1&uniacid=1&t=undefined&v=1.3&m=ewei_shopv2&from=wxapp&c=entry&a=wxapp&do=main&&state=we7sid-481557ecae7e46a727355662e0a23824&sign=480524ee7e5993c8517effbbf6bdd1aa op=order; orderid=24318; pn=upload; 
上传
[2019-01-05 22:03:21] trace  /app/index.php?i=1&uniacid=1&t=undefined&v=1.3&m=ewei_shopv2&from=wxapp&c=entry&a=wxapp&do=main&&state=we7sid-a49e8bfb8e38b7932508d14f64c9e35f&sign=afc02ece626680fa1444d96c36da63c3 op=order; orderid=24319; pn=upload; 
上传
[2019-01-05 22:11:04] trace  /app/index.php?i=1&uniacid=1&t=undefined&v=1.3&m=ewei_shopv2&from=wxapp&c=entry&a=wxapp&do=main&&state=we7sid-c6c9139308d6fcf58353d7625330087a&sign=febea5438de22f2bfcaf326dd0d09611 op=order; orderid=24320; pn=upload; 
上传
[2019-01-05 22:47:50] trace  /app/index.php?i=1&uniacid=1&t=undefined&v=1.3&m=ewei_shopv2&from=wxapp&c=entry&a=wxapp&do=main&&state=we7sid-4b0c9c908a0503ccffd023c015385eee&sign=486f3ee109e4c2daf6bdc063e6bca7d6 pn=upload; op=order; orderid=24321; 
上传
[2019-01-05 22:51:14] trace  /app/index.php?i=1&uniacid=1&t=undefined&v=1.3&m=ewei_shopv2&from=wxapp&c=entry&a=wxapp&do=main&&state=we7sid-4b0c9c908a0503ccffd023c015385eee&sign=486f3ee109e4c2daf6bdc063e6bca7d6 pn=upload; op=order; orderid=24322; 
上传
[2019-01-05 22:51:14] trace  /app/index.php?i=1&uniacid=1&t=undefined&v=1.3&m=ewei_shopv2&from=wxapp&c=entry&a=wxapp&do=main&&state=we7sid-4b0c9c908a0503ccffd023c015385eee&sign=486f3ee109e4c2daf6bdc063e6bca7d6 pn=upload; op=order; orderid=24322; 
上传
[2019-01-05 23:01:11] trace  /app/index.php?i=1&uniacid=1&t=undefined&v=1.3&m=ewei_shopv2&from=wxapp&c=entry&a=wxapp&do=main&&state=we7sid-f28f60293e5d3d8f175392282dbd27d6&sign=a40c8c02695ccccfe854a4ca57087546 op=order; orderid=24323; pn=upload; 
上传
[2019-01-05 23:08:41] trace  /app/index.php?i=1&uniacid=1&t=undefined&v=1.3&m=ewei_shopv2&from=wxapp&c=entry&a=wxapp&do=main&&state=we7sid-d05666e90291f2931e6b31eb71a357cb&sign=8bf0af2e3716e30d8582dacf11d878c4 op=order; orderid=24324; pn=upload; 
上传
[2019-01-05 23:17:14] trace  /app/index.php?i=1&uniacid=1&t=undefined&v=1.3&m=ewei_shopv2&from=wxapp&c=entry&a=wxapp&do=main&&state=we7sid-600725fe35382dfd0e6ab5a0c46e61cb&sign=2c3d691bd71e22bc029e8a3068d01a6a op=order; orderid=24325; pn=upload; 
上传
[2019-01-05 23:17:40] trace  /app/index.php?i=1&uniacid=1&t=undefined&v=1.3&m=ewei_shopv2&from=wxapp&c=entry&a=wxapp&do=main&&state=we7sid-600725fe35382dfd0e6ab5a0c46e61cb&sign=2c3d691bd71e22bc029e8a3068d01a6a op=order; orderid=24326; pn=upload; 
上传
[2019-01-05 23:17:47] trace  /app/index.php?i=1&uniacid=1&t=undefined&v=1.3&m=ewei_shopv2&from=wxapp&c=entry&a=wxapp&do=main&&state=we7sid-13540b1dff9d66deadf33593e7cb4e0e&sign=8d7f2d9447d6f126e8d9e73617394757 pn=upload; op=order; orderid=24327; 
上传
[2019-01-05 23:17:59] trace  /app/index.php?i=1&uniacid=1&t=undefined&v=1.3&m=ewei_shopv2&from=wxapp&c=entry&a=wxapp&do=main&&state=we7sid-9c6f07285de0bf3b950cc73b341dd2dc&sign=6211b57fed9c29845848565437422b74 pn=upload; op=order; orderid=24328; 
上传
[2019-01-05 23:21:32] trace  /app/index.php?i=1&uniacid=1&t=undefined&v=1.3&m=ewei_shopv2&from=wxapp&c=entry&a=wxapp&do=main&&state=we7sid-5dc240f339bd1776de4aa172ee90313a&sign=c4606646572891e29a91074e23f51594 op=order; orderid=24329; pn=upload; 
上传
[2019-01-05 23:29:33] trace  /app/index.php?i=1&uniacid=1&t=undefined&v=1.3&m=ewei_shopv2&from=wxapp&c=entry&a=wxapp&do=main&&state=we7sid-ae23da11138fb235bfe583132559d465&sign=a2c978236957856875a2477fbe63af8f pn=upload; op=order; orderid=24330; 
上传
[2019-01-05 23:37:00] trace  /app/index.php?i=1&uniacid=1&t=undefined&v=1.3&m=ewei_shopv2&from=wxapp&c=entry&a=wxapp&do=main&&state=we7sid-450522d6c08e6fa9863cc7965ef4a8e9&sign=f52db00739a95285a2bb461f59a78cc8 pn=upload; op=order; orderid=24331; 
上传
[2019-01-05 23:41:51] trace  /app/index.php?i=1&uniacid=1&t=undefined&v=1.3&m=ewei_shopv2&from=wxapp&c=entry&a=wxapp&do=main&&state=we7sid-c91697d7c6b8bbc6b02d1961cc11c637&sign=76c3aaf386a7ab6256794f09e6c3180b op=order; orderid=24332; pn=upload; 
上传
[2019-01-05 23:44:19] trace  /app/index.php?i=1&uniacid=1&t=undefined&v=1.3&m=ewei_shopv2&from=wxapp&c=entry&a=wxapp&do=main&&state=we7sid-a8ff68b680f2491bab89975b3925f034&sign=aa1d74270c85a2ec6982ef7f8a24506a op=order; orderid=24333; pn=upload; 
上传
[2019-01-05 23:45:33] trace  /app/index.php?i=1&uniacid=1&t=undefined&v=1.3&m=ewei_shopv2&from=wxapp&c=entry&a=wxapp&do=main&&state=we7sid-a8ff68b680f2491bab89975b3925f034&sign=aa1d74270c85a2ec6982ef7f8a24506a op=order; orderid=24334; pn=upload; 
上传
[2019-01-05 23:45:51] trace  /app/index.php?i=1&uniacid=1&t=undefined&v=1.3&m=ewei_shopv2&from=wxapp&c=entry&a=wxapp&do=main&&state=we7sid-a8ff68b680f2491bab89975b3925f034&sign=aa1d74270c85a2ec6982ef7f8a24506a op=order; orderid=24335; pn=upload; 
上传
[2019-01-05 23:49:38] trace  /app/index.php?i=1&uniacid=1&t=undefined&v=1.3&m=ewei_shopv2&from=wxapp&c=entry&a=wxapp&do=main&&state=we7sid-b2dd33328f68850d7ebc452df4284336&sign=2d7cb4a652224cf522ddebf6cfbdbede pn=upload; op=order; orderid=24336; 
上传
[2019-01-05 23:50:12] trace  /app/index.php?i=1&uniacid=1&t=undefined&v=1.3&m=ewei_shopv2&from=wxapp&c=entry&a=wxapp&do=main&&state=we7sid-a8ff68b680f2491bab89975b3925f034&sign=aa1d74270c85a2ec6982ef7f8a24506a op=order; orderid=24337; pn=upload; 
上传
[2019-01-05 23:50:24] trace  /app/index.php?i=1&uniacid=1&t=undefined&v=1.3&m=ewei_shopv2&from=wxapp&c=entry&a=wxapp&do=main&&state=we7sid-a8ff68b680f2491bab89975b3925f034&sign=aa1d74270c85a2ec6982ef7f8a24506a op=order; orderid=24338; pn=upload; 
上传
[2019-01-05 23:50:37] trace  /app/index.php?i=1&uniacid=1&t=undefined&v=1.3&m=ewei_shopv2&from=wxapp&c=entry&a=wxapp&do=main&&state=we7sid-a8ff68b680f2491bab89975b3925f034&sign=aa1d74270c85a2ec6982ef7f8a24506a op=order; orderid=24339; pn=upload; 
上传
[2019-01-05 23:53:28] trace  /app/index.php?i=1&uniacid=1&t=undefined&v=1.3&m=ewei_shopv2&from=wxapp&c=entry&a=wxapp&do=main&&state=we7sid-423866a6a95ec494df158bb54a8036d8&sign=77770fb7c7a239791dddf4dbb7855170 pn=upload; op=order; orderid=24340; 
上传
[2019-01-05 23:57:21] trace  /app/index.php?i=1&uniacid=1&t=undefined&v=1.3&m=ewei_shopv2&from=wxapp&c=entry&a=wxapp&do=main&&state=we7sid-423866a6a95ec494df158bb54a8036d8&sign=77770fb7c7a239791dddf4dbb7855170 pn=upload; op=order; orderid=24341; 
上传
